SLURM job running in:  /scratch/groups/lhc/park/JHUGen/JHUGenerator
LHAPDF 6.1.5 loading /work-zfs/lhc/cms/slc6_amd64_gcc493/external/lhapdf/6.1.5-kpegke3/share/LHAPDF/NNPDF30_lo_as_0130/NNPDF30_lo_as_0130_0000.dat
NNPDF30_lo_as_0130 PDF set, member #0, version 2; LHAPDF ID = 263000
 extending no. of histograms for vbf tests
 
                                                                                          
   ***************************************************************************************
   *                                JHU Generator v6.9.3                                 *
   ***************************************************************************************
   *                                                                                     *
   *   Spin and parity determination of single-produced resonances at hadron colliders   *
   *                                                                                     *
   *          I. Anderson, S. Bolognesi, F. Caola, Y. Gao, A. Gritsan, Z. Guo,           *
   *        C. Martin, K. Melnikov, R.Rontsch, H. Roskes, U. Sarica, M. Schulze,         *
   *                   N. Tran, A. Whitbeck, M. Xiao, C. You, Y. Zhou                    *
   *                Phys.Rev. D81 (2010) 075022;  arXiv:1001.3396 [hep-ph],              *
   *                Phys.Rev. D86 (2012) 095031;  arXiv:1208.4018 [hep-ph],              *
   *                Phys.Rev. D89 (2014) 035007;  arXiv:1309.4819 [hep-ph].              *
   *                                                                                     *
   ***************************************************************************************
                                                                                          
   
   Command line: ./JHUGen Unweighted=0 VegasNc0=99999999 VegasNc1=99999999 VegasNc2=99999999 LHAPDF=NNPDF30_lo_as_0130/NNPDF30_lo_as_0130.info MReso=1040 ghz1=0,0 ghz4=1,0 Process=60 pTjetcut=0 deltaRcut=0
   
   Input Parameter:
    Collider: P-P, sqrt(s)=13000.00
    Resonance: spin=0, mass=1040.00 width=   0.00407
    Z-boson: mass=91.188, width=2.4952
    W-boson: mass=80.399, width=2.0850
    Jet cuts:
            pT >=     0.00 GeV
        DeltaR >=     0.00
           mJJ >=     0.00 GeV
    Random seed:   878133283
    To reproduce results using this seed, JHUGen should be compiled with the same compiler:
      GNU Fortran (GCC) 4.9.3
    
    WidthScheme:   2
    LHAPDF set NNPDF30_lo_as_0130/NNPDF30_lo_as_0130.info, member=  0
    Unweighted: F
    
    spin-0-VV couplings: 
      generate_as=F
      ghg2=  0.10000000E+01  0.00000000E+00i
      ghg3=  0.00000000E+00  0.00000000E+00i
      ghg4=  0.00000000E+00  0.00000000E+00i
      ghz1=  0.00000000E+00  0.00000000E+00i
      ghz2=  0.00000000E+00  0.00000000E+00i
      ghz3=  0.00000000E+00  0.00000000E+00i
      ghz4=  0.10000000E+01  0.00000000E+00i
      Lambda=  1000.0
    
    LHE output: ./data/output.lhe
    Histogram output: ./data/output.dat
    Log file: ./data/output.log
    
  Running

  Input parameters for vegas:  ndim=  9   ncall= 80707214.
                              it=    0    itmx=   15
                              acc=-1.00    
                              mds=  1     nd=  50
                              (xl,xu)= (  0.00000     ,  1.00000     )
                                       (  0.00000     ,  1.00000     )
                                       (  0.00000     ,  1.00000     )
                                       (  0.00000     ,  1.00000     )
                                       (  0.00000     ,  1.00000     )
                                       (  0.00000     ,  1.00000     )
                                       (  0.00000     ,  1.00000     )
                                       (  0.00000     ,  1.00000     )
                                       (  0.00000     ,  1.00000     )

#********** Integration by Vegas (iteration       1) ************
#                                                               *
#  integral  =  798.05384       accum. integral =  798.05384    *
#  std. dev. =  108.14470       accum. std. dev =  108.14470    *
#   min/max. wt. =    0.00000             104.130               *
#                                                               *
#*************   chi**2/iteration = 0.1991E-10   ****************


#********** Integration by Vegas (iteration       2) ************
#                                                               *
#  integral  =  989.11344       accum. integral =  973.96268    *
#  std. dev. =  39.336212       accum. std. dev =  34.293257    *
#   min/max. wt. =    0.00000             24.0183               *
#                                                               *
#*************   chi**2/iteration =  2.264       ****************


#********** Integration by Vegas (iteration       3) ************
#                                                               *
#  integral  =  1038.5042       accum. integral =  1036.1501    *
#  std. dev. =  7.7105203       accum. std. dev =  6.9059415    *
#   min/max. wt. =    0.00000             3.83131               *
#                                                               *
#*************   chi**2/iteration =  2.553       ****************


#********** Integration by Vegas (iteration       4) ************
#                                                               *
#  integral  =  1042.2196       accum. integral =  1042.0331    *
#  std. dev. =  1.3522944       accum. std. dev =  1.2417923    *
#   min/max. wt. =    0.00000            0.481683               *
#                                                               *
#*************   chi**2/iteration =  1.854       ****************


#********** Integration by Vegas (iteration       5) ************
#                                                               *
#  integral  =  1043.0611       accum. integral =  1042.9464    *
#  std. dev. = 0.47219122       accum. std. dev = 0.42102275    *
#   min/max. wt. =    0.00000            0.295785E-01           *
#                                                               *
#*************   chi**2/iteration =  1.498       ****************


#********** Integration by Vegas (iteration       6) ************
#                                                               *
#  integral  =  1043.2840       accum. integral =  1043.1480    *
#  std. dev. = 0.36560145       accum. std. dev = 0.26982337    *
#   min/max. wt. =    0.00000            0.209985E-01           *
#                                                               *
#*************   chi**2/iteration =  1.250       ****************


#********** Integration by Vegas (iteration       7) ************
#                                                               *
#  integral  =  1042.6052       accum. integral =  1042.9244    *
#  std. dev. = 0.33736437       accum. std. dev = 0.20831756    *
#   min/max. wt. =    0.00000            0.127354E-01           *
#                                                               *
#*************   chi**2/iteration =  1.302       ****************


#********** Integration by Vegas (iteration       8) ************
#                                                               *
#  integral  =  1042.8156       accum. integral =  1042.8920    *
#  std. dev. = 0.33280912       accum. std. dev = 0.17548396    *
#   min/max. wt. =    0.00000            0.187097E-01           *
#                                                               *
#*************   chi**2/iteration =  1.117       ****************


#********** Integration by Vegas (iteration       9) ************
#                                                               *
#  integral  =  1042.6980       accum. integral =  1042.8468    *
#  std. dev. = 0.32895429       accum. std. dev = 0.15424258    *
#   min/max. wt. =    0.00000            0.109495E-01           *
#                                                               *
#*************   chi**2/iteration =  1.005       ****************


#********** Integration by Vegas (iteration      10) ************
#                                                               *
#  integral  =  1042.3260       accum. integral =  1042.7489    *
#  std. dev. = 0.33019818       accum. std. dev = 0.13941509    *
#   min/max. wt. =    0.00000            0.148939E-01           *
#                                                               *
#*************   chi**2/iteration =  1.124       ****************


#********** Integration by Vegas (iteration      11) ************
#                                                               *
#  integral  =  1043.0410       accum. integral =  1042.7954    *
#  std. dev. = 0.32928828       accum. std. dev = 0.12816550    *
#   min/max. wt. =    0.00000            0.242306E-01           *
#                                                               *
#*************   chi**2/iteration =  1.076       ****************


#********** Integration by Vegas (iteration      12) ************
#                                                               *
#  integral  =  1042.6804       accum. integral =  1042.7797    *
#  std. dev. = 0.33020950       accum. std. dev = 0.11934074    *
#   min/max. wt. =    0.00000            0.962968E-02           *
#                                                               *
#*************   chi**2/iteration = 0.9844       ****************


#********** Integration by Vegas (iteration      13) ************
#                                                               *
#  integral  =  1042.9595       accum. integral =  1042.8011    *
#  std. dev. = 0.33178734       accum. std. dev = 0.11220063    *
#   min/max. wt. =    0.00000            0.112804E-01           *
#                                                               *
#*************   chi**2/iteration = 0.9217       ****************


#********** Integration by Vegas (iteration      14) ************
#                                                               *
#  integral  =  1042.6383       accum. integral =  1042.7841    *
#  std. dev. = 0.33493793       accum. std. dev = 0.10632489    *
#   min/max. wt. =    0.00000            0.107815E-01           *
#                                                               *
#*************   chi**2/iteration = 0.8652       ****************


#********** Integration by Vegas (iteration      15) ************
#                                                               *
#  integral  =  1042.8449       accum. integral =  1042.7898    *
#  std. dev. = 0.33557289       accum. std. dev = 0.10131044    *
#   min/max. wt. =    0.00000            0.762823E-02           *
#                                                               *
#*************   chi**2/iteration = 0.8035       ****************


  Input parameters for vegas:  ndim=  9   ncall= 80707214.
                              it=    0    itmx=    2
                              acc=-1.00    
                              mds=  1     nd=  50
                              (xl,xu)= (  0.00000     ,  1.00000     )
                                       (  0.00000     ,  1.00000     )
                                       (  0.00000     ,  1.00000     )
                                       (  0.00000     ,  1.00000     )
                                       (  0.00000     ,  1.00000     )
                                       (  0.00000     ,  1.00000     )
                                       (  0.00000     ,  1.00000     )
                                       (  0.00000     ,  1.00000     )
                                       (  0.00000     ,  1.00000     )

#********** Integration by Vegas (iteration       1) ************
#                                                               *
#  integral  =  1042.6235       accum. integral =  1042.6235    *
#  std. dev. = 0.34169564       accum. std. dev = 0.34169564    *
#   min/max. wt. =    0.00000            0.187182E-01           *
#                                                               *
#*************   chi**2/iteration =  0.000       ****************


#********** Integration by Vegas (iteration       2) ************
#                                                               *
#  integral  =  1042.8875       accum. integral =  1042.7544    *
#  std. dev. = 0.34451814       accum. std. dev = 0.24260730    *
#   min/max. wt. =    0.00000            0.131216E-01           *
#                                                               *
#*************   chi**2/iteration = 0.2958       ****************

 Done
