SLURM job running in:  /scratch/groups/lhc/park/JHUGen/JHUGenerator
LHAPDF 6.1.5 loading /work-zfs/lhc/cms/slc6_amd64_gcc493/external/lhapdf/6.1.5-kpegke3/share/LHAPDF/NNPDF30_lo_as_0130/NNPDF30_lo_as_0130_0000.dat
NNPDF30_lo_as_0130 PDF set, member #0, version 2; LHAPDF ID = 263000
 extending no. of histograms for vbf tests
 
                                                                                          
   ***************************************************************************************
   *                                JHU Generator v6.9.3                                 *
   ***************************************************************************************
   *                                                                                     *
   *   Spin and parity determination of single-produced resonances at hadron colliders   *
   *                                                                                     *
   *          I. Anderson, S. Bolognesi, F. Caola, Y. Gao, A. Gritsan, Z. Guo,           *
   *        C. Martin, K. Melnikov, R.Rontsch, H. Roskes, U. Sarica, M. Schulze,         *
   *                   N. Tran, A. Whitbeck, M. Xiao, C. You, Y. Zhou                    *
   *                Phys.Rev. D81 (2010) 075022;  arXiv:1001.3396 [hep-ph],              *
   *                Phys.Rev. D86 (2012) 095031;  arXiv:1208.4018 [hep-ph],              *
   *                Phys.Rev. D89 (2014) 035007;  arXiv:1309.4819 [hep-ph].              *
   *                                                                                     *
   ***************************************************************************************
                                                                                          
   
   Command line: ./JHUGen Unweighted=0 VegasNc0=99999999 VegasNc1=99999999 VegasNc2=99999999 LHAPDF=NNPDF30_lo_as_0130/NNPDF30_lo_as_0130.info MReso=1070 ghz1=0,0 ghz4=1,0 Process=60 pTjetcut=0 deltaRcut=0
   
   Input Parameter:
    Collider: P-P, sqrt(s)=13000.00
    Resonance: spin=0, mass=1070.00 width=   0.00407
    Z-boson: mass=91.188, width=2.4952
    W-boson: mass=80.399, width=2.0850
    Jet cuts:
            pT >=     0.00 GeV
        DeltaR >=     0.00
           mJJ >=     0.00 GeV
    Random seed:   878133282
    To reproduce results using this seed, JHUGen should be compiled with the same compiler:
      GNU Fortran (GCC) 4.9.3
    
    WidthScheme:   2
    LHAPDF set NNPDF30_lo_as_0130/NNPDF30_lo_as_0130.info, member=  0
    Unweighted: F
    
    spin-0-VV couplings: 
      generate_as=F
      ghg2=  0.10000000E+01  0.00000000E+00i
      ghg3=  0.00000000E+00  0.00000000E+00i
      ghg4=  0.00000000E+00  0.00000000E+00i
      ghz1=  0.00000000E+00  0.00000000E+00i
      ghz2=  0.00000000E+00  0.00000000E+00i
      ghz3=  0.00000000E+00  0.00000000E+00i
      ghz4=  0.10000000E+01  0.00000000E+00i
      Lambda=  1000.0
    
    LHE output: ./data/output.lhe
    Histogram output: ./data/output.dat
    Log file: ./data/output.log
    
  Running

  Input parameters for vegas:  ndim=  9   ncall= 80707214.
                              it=    0    itmx=   15
                              acc=-1.00    
                              mds=  1     nd=  50
                              (xl,xu)= (  0.00000     ,  1.00000     )
                                       (  0.00000     ,  1.00000     )
                                       (  0.00000     ,  1.00000     )
                                       (  0.00000     ,  1.00000     )
                                       (  0.00000     ,  1.00000     )
                                       (  0.00000     ,  1.00000     )
                                       (  0.00000     ,  1.00000     )
                                       (  0.00000     ,  1.00000     )
                                       (  0.00000     ,  1.00000     )

#********** Integration by Vegas (iteration       1) ************
#                                                               *
#  integral  =  788.48927       accum. integral =  788.48927    *
#  std. dev. =  163.72255       accum. std. dev =  163.72255    *
#   min/max. wt. =    0.00000             161.685               *
#                                                               *
#*************   chi**2/iteration =  0.000       ****************


#********** Integration by Vegas (iteration       2) ************
#                                                               *
#  integral  =  919.94049       accum. integral =  914.69917    *
#  std. dev. =  38.926567       accum. std. dev =  35.522184    *
#   min/max. wt. =    0.00000             21.9174               *
#                                                               *
#*************   chi**2/iteration = 0.5237       ****************


#********** Integration by Vegas (iteration       3) ************
#                                                               *
#  integral  =  988.87435       accum. integral =  985.00259    *
#  std. dev. =  9.6218353       accum. std. dev =  8.5532767    *
#   min/max. wt. =    0.00000             4.59203               *
#                                                               *
#*************   chi**2/iteration =  2.095       ****************


#********** Integration by Vegas (iteration       4) ************
#                                                               *
#  integral  =  980.62472       accum. integral =  980.68142    *
#  std. dev. =  1.0640752       accum. std. dev = 0.99500857    *
#   min/max. wt. =    0.00000            0.199517               *
#                                                               *
#*************   chi**2/iteration =  1.420       ****************


#********** Integration by Vegas (iteration       5) ************
#                                                               *
#  integral  =  979.64663       accum. integral =  979.79359    *
#  std. dev. = 0.42967183       accum. std. dev = 0.37968561    *
#   min/max. wt. =    0.00000            0.281829E-01           *
#                                                               *
#*************   chi**2/iteration =  1.265       ****************


#********** Integration by Vegas (iteration       6) ************
#                                                               *
#  integral  =  979.93104       accum. integral =  979.87328    *
#  std. dev. = 0.33895932       accum. std. dev = 0.24817196    *
#   min/max. wt. =    0.00000            0.227314E-01           *
#                                                               *
#*************   chi**2/iteration =  1.010       ****************


#********** Integration by Vegas (iteration       7) ************
#                                                               *
#  integral  =  980.00974       accum. integral =  979.92825    *
#  std. dev. = 0.31423305       accum. std. dev = 0.19288854    *
#   min/max. wt. =    0.00000            0.136995E-01           *
#                                                               *
#*************   chi**2/iteration = 0.8522       ****************


#********** Integration by Vegas (iteration       8) ************
#                                                               *
#  integral  =  980.26420       accum. integral =  980.02675    *
#  std. dev. = 0.30976426       accum. std. dev = 0.16287151    *
#   min/max. wt. =    0.00000            0.179351E-01           *
#                                                               *
#*************   chi**2/iteration = 0.8501       ****************


#********** Integration by Vegas (iteration       9) ************
#                                                               *
#  integral  =  980.48429       accum. integral =  980.13068    *
#  std. dev. = 0.30945113       accum. std. dev = 0.14366788    *
#   min/max. wt. =    0.00000            0.260428E-01           *
#                                                               *
#*************   chi**2/iteration = 0.9614       ****************


#********** Integration by Vegas (iteration      10) ************
#                                                               *
#  integral  =  980.88823       accum. integral =  980.27138    *
#  std. dev. = 0.30893343       accum. std. dev = 0.12999540    *
#   min/max. wt. =    0.00000            0.126189E-01           *
#                                                               *
#*************   chi**2/iteration =  1.421       ****************


#********** Integration by Vegas (iteration      11) ************
#                                                               *
#  integral  =  980.03688       accum. integral =  980.23464    *
#  std. dev. = 0.30862161       accum. std. dev = 0.11963376    *
#   min/max. wt. =    0.00000            0.135327E-01           *
#                                                               *
#*************   chi**2/iteration =  1.324       ****************


#********** Integration by Vegas (iteration      12) ************
#                                                               *
#  integral  =  980.71240       accum. integral =  980.29862    *
#  std. dev. = 0.31086928       accum. std. dev = 0.11153951    *
#   min/max. wt. =    0.00000            0.966152E-02           *
#                                                               *
#*************   chi**2/iteration =  1.393       ****************


#********** Integration by Vegas (iteration      13) ************
#                                                               *
#  integral  =  980.16431       accum. integral =  980.28299    *
#  std. dev. = 0.31327102       accum. std. dev = 0.10500497    *
#   min/max. wt. =    0.00000            0.111143E-01           *
#                                                               *
#*************   chi**2/iteration =  1.287       ****************


#********** Integration by Vegas (iteration      14) ************
#                                                               *
#  integral  =  980.17651       accum. integral =  980.27191    *
#  std. dev. = 0.31363633       accum. std. dev = 0.99520104E-01*
#   min/max. wt. =    0.00000            0.864137E-02           *
#                                                               *
#*************   chi**2/iteration =  1.193       ****************


#********** Integration by Vegas (iteration      15) ************
#                                                               *
#  integral  =  980.90635       accum. integral =  980.32970    *
#  std. dev. = 0.31980237       accum. std. dev = 0.94989484E-01*
#   min/max. wt. =    0.00000            0.250723E-01           *
#                                                               *
#*************   chi**2/iteration =  1.369       ****************


  Input parameters for vegas:  ndim=  9   ncall= 80707214.
                              it=    0    itmx=    2
                              acc=-1.00    
                              mds=  1     nd=  50
                              (xl,xu)= (  0.00000     ,  1.00000     )
                                       (  0.00000     ,  1.00000     )
                                       (  0.00000     ,  1.00000     )
                                       (  0.00000     ,  1.00000     )
                                       (  0.00000     ,  1.00000     )
                                       (  0.00000     ,  1.00000     )
                                       (  0.00000     ,  1.00000     )
                                       (  0.00000     ,  1.00000     )
                                       (  0.00000     ,  1.00000     )

#********** Integration by Vegas (iteration       1) ************
#                                                               *
#  integral  =  980.28346       accum. integral =  980.28346    *
#  std. dev. = 0.31623504       accum. std. dev = 0.31623504    *
#   min/max. wt. =    0.00000            0.118884E-01           *
#                                                               *
#*************   chi**2/iteration = -.2328E-05   ****************


#********** Integration by Vegas (iteration       2) ************
#                                                               *
#  integral  =  980.78908       accum. integral =  980.52985    *
#  std. dev. = 0.32453136       accum. std. dev = 0.22648969    *
#   min/max. wt. =    0.00000            0.112303E-01           *
#                                                               *
#*************   chi**2/iteration =  1.244       ****************

 Done
