SLURM job running in:  /scratch/groups/lhc/park/JHUGen/JHUGenerator
LHAPDF 6.1.5 loading /work-zfs/lhc/cms/slc6_amd64_gcc493/external/lhapdf/6.1.5-kpegke3/share/LHAPDF/NNPDF30_lo_as_0130/NNPDF30_lo_as_0130_0000.dat
NNPDF30_lo_as_0130 PDF set, member #0, version 2; LHAPDF ID = 263000
 extending no. of histograms for vbf tests
 
                                                                                          
   ***************************************************************************************
   *                                JHU Generator v6.9.3                                 *
   ***************************************************************************************
   *                                                                                     *
   *   Spin and parity determination of single-produced resonances at hadron colliders   *
   *                                                                                     *
   *          I. Anderson, S. Bolognesi, F. Caola, Y. Gao, A. Gritsan, Z. Guo,           *
   *        C. Martin, K. Melnikov, R.Rontsch, H. Roskes, U. Sarica, M. Schulze,         *
   *                   N. Tran, A. Whitbeck, M. Xiao, C. You, Y. Zhou                    *
   *                Phys.Rev. D81 (2010) 075022;  arXiv:1001.3396 [hep-ph],              *
   *                Phys.Rev. D86 (2012) 095031;  arXiv:1208.4018 [hep-ph],              *
   *                Phys.Rev. D89 (2014) 035007;  arXiv:1309.4819 [hep-ph].              *
   *                                                                                     *
   ***************************************************************************************
                                                                                          
   
   Command line: ./JHUGen Unweighted=0 VegasNc0=99999999 VegasNc1=99999999 VegasNc2=99999999 LHAPDF=NNPDF30_lo_as_0130/NNPDF30_lo_as_0130.info MReso=1130 ghz1=0,0 ghz4=1,0 Process=60 pTjetcut=0 deltaRcut=0
   
   Input Parameter:
    Collider: P-P, sqrt(s)=13000.00
    Resonance: spin=0, mass=1130.00 width=   0.00407
    Z-boson: mass=91.188, width=2.4952
    W-boson: mass=80.399, width=2.0850
    Jet cuts:
            pT >=     0.00 GeV
        DeltaR >=     0.00
           mJJ >=     0.00 GeV
    Random seed:   585286946
    To reproduce results using this seed, JHUGen should be compiled with the same compiler:
      GNU Fortran (GCC) 4.9.3
    
    WidthScheme:   2
    LHAPDF set NNPDF30_lo_as_0130/NNPDF30_lo_as_0130.info, member=  0
    Unweighted: F
    
    spin-0-VV couplings: 
      generate_as=F
      ghg2=  0.10000000E+01  0.00000000E+00i
      ghg3=  0.00000000E+00  0.00000000E+00i
      ghg4=  0.00000000E+00  0.00000000E+00i
      ghz1=  0.00000000E+00  0.00000000E+00i
      ghz2=  0.00000000E+00  0.00000000E+00i
      ghz3=  0.00000000E+00  0.00000000E+00i
      ghz4=  0.10000000E+01  0.00000000E+00i
      Lambda=  1000.0
    
    LHE output: ./data/output.lhe
    Histogram output: ./data/output.dat
    Log file: ./data/output.log
    
  Running

  Input parameters for vegas:  ndim=  9   ncall= 80707214.
                              it=    0    itmx=   15
                              acc=-1.00    
                              mds=  1     nd=  50
                              (xl,xu)= (  0.00000     ,  1.00000     )
                                       (  0.00000     ,  1.00000     )
                                       (  0.00000     ,  1.00000     )
                                       (  0.00000     ,  1.00000     )
                                       (  0.00000     ,  1.00000     )
                                       (  0.00000     ,  1.00000     )
                                       (  0.00000     ,  1.00000     )
                                       (  0.00000     ,  1.00000     )
                                       (  0.00000     ,  1.00000     )

#********** Integration by Vegas (iteration       1) ************
#                                                               *
#  integral  =  614.44878       accum. integral =  614.44878    *
#  std. dev. =  29.861723       accum. std. dev =  29.861723    *
#   min/max. wt. =    0.00000             16.0551               *
#                                                               *
#*************   chi**2/iteration = -.6528E-10   ****************


#********** Integration by Vegas (iteration       2) ************
#                                                               *
#  integral  =  798.56496       accum. integral =  757.94559    *
#  std. dev. =  20.648327       accum. std. dev =  16.263798    *
#   min/max. wt. =    0.00000             8.63553               *
#                                                               *
#*************   chi**2/iteration =  22.01       ****************


#********** Integration by Vegas (iteration       3) ************
#                                                               *
#  integral  =  856.63628       accum. integral =  851.12842    *
#  std. dev. =  4.7541146       accum. std. dev =  4.1176282    *
#   min/max. wt. =    0.00000             3.17491               *
#                                                               *
#*************   chi**2/iteration =  24.72       ****************


#********** Integration by Vegas (iteration       4) ************
#                                                               *
#  integral  =  866.65028       accum. integral =  866.12876    *
#  std. dev. = 0.87142633       accum. std. dev = 0.78148305    *
#   min/max. wt. =    0.00000            0.230018               *
#                                                               *
#*************   chi**2/iteration =  19.64       ****************


#********** Integration by Vegas (iteration       5) ************
#                                                               *
#  integral  =  867.72651       accum. integral =  867.48527    *
#  std. dev. = 0.36171627       accum. std. dev = 0.30981734    *
#   min/max. wt. =    0.00000            0.312837E-01           *
#                                                               *
#*************   chi**2/iteration =  15.00       ****************


#********** Integration by Vegas (iteration       6) ************
#                                                               *
#  integral  =  867.87387       accum. integral =  867.70596    *
#  std. dev. = 0.29076072       accum. std. dev = 0.20630985    *
#   min/max. wt. =    0.00000            0.129809E-01           *
#                                                               *
#*************   chi**2/iteration =  11.87       ****************


#********** Integration by Vegas (iteration       7) ************
#                                                               *
#  integral  =  868.71218       accum. integral =  868.10171    *
#  std. dev. = 0.27240698       accum. std. dev = 0.16218354    *
#   min/max. wt. =    0.00000            0.100363E-01           *
#                                                               *
#*************   chi**2/iteration =  11.24       ****************


#********** Integration by Vegas (iteration       8) ************
#                                                               *
#  integral  =  867.86235       accum. integral =  868.03149    *
#  std. dev. = 0.26486974       accum. std. dev = 0.13724430    *
#   min/max. wt. =    0.00000            0.109585E-01           *
#                                                               *
#*************   chi**2/iteration =  9.599       ****************


#********** Integration by Vegas (iteration       9) ************
#                                                               *
#  integral  =  868.31882       accum. integral =  868.09588    *
#  std. dev. = 0.26707276       accum. std. dev = 0.12151881    *
#   min/max. wt. =    0.00000            0.315693E-01           *
#                                                               *
#*************   chi**2/iteration =  8.434       ****************


#********** Integration by Vegas (iteration      10) ************
#                                                               *
#  integral  =  868.13751       accum. integral =  868.10372    *
#  std. dev. = 0.26241497       accum. std. dev = 0.10992709    *
#   min/max. wt. =    0.00000            0.177356E-01           *
#                                                               *
#*************   chi**2/iteration =  7.439       ****************


#********** Integration by Vegas (iteration      11) ************
#                                                               *
#  integral  =  867.65421       accum. integral =  868.03385    *
#  std. dev. = 0.26530600       accum. std. dev = 0.10135308    *
#   min/max. wt. =    0.00000            0.803723E-02           *
#                                                               *
#*************   chi**2/iteration =  6.909       ****************


#********** Integration by Vegas (iteration      12) ************
#                                                               *
#  integral  =  868.23256       accum. integral =  868.06008    *
#  std. dev. = 0.26840604       accum. std. dev = 0.94688353E-01*
#   min/max. wt. =    0.00000            0.144485E-01           *
#                                                               *
#*************   chi**2/iteration =  6.293       ****************


#********** Integration by Vegas (iteration      13) ************
#                                                               *
#  integral  =  868.31415       accum. integral =  868.08985    *
#  std. dev. = 0.26768753       accum. std. dev = 0.89175580E-01*
#   min/max. wt. =    0.00000            0.983799E-02           *
#                                                               *
#*************   chi**2/iteration =  5.811       ****************


#********** Integration by Vegas (iteration      14) ************
#                                                               *
#  integral  =  868.01394       accum. integral =  868.08201    *
#  std. dev. = 0.26980316       accum. std. dev = 0.84607639E-01*
#   min/max. wt. =    0.00000            0.111180E-01           *
#                                                               *
#*************   chi**2/iteration =  5.349       ****************


#********** Integration by Vegas (iteration      15) ************
#                                                               *
#  integral  =  868.31653       accum. integral =  868.10373    *
#  std. dev. = 0.27157691       accum. std. dev = 0.80732881E-01*
#   min/max. wt. =    0.00000            0.687206E-02           *
#                                                               *
#*************   chi**2/iteration =  5.001       ****************


  Input parameters for vegas:  ndim=  9   ncall= 80707214.
                              it=    0    itmx=    2
                              acc=-1.00    
                              mds=  1     nd=  50
                              (xl,xu)= (  0.00000     ,  1.00000     )
                                       (  0.00000     ,  1.00000     )
                                       (  0.00000     ,  1.00000     )
                                       (  0.00000     ,  1.00000     )
                                       (  0.00000     ,  1.00000     )
                                       (  0.00000     ,  1.00000     )
                                       (  0.00000     ,  1.00000     )
                                       (  0.00000     ,  1.00000     )
                                       (  0.00000     ,  1.00000     )

#********** Integration by Vegas (iteration       1) ************
#                                                               *
#  integral  =  867.90154       accum. integral =  867.90154    *
#  std. dev. = 0.27667842       accum. std. dev = 0.27667842    *
#   min/max. wt. =    0.00000            0.241978E-01           *
#                                                               *
#*************   chi**2/iteration =  0.000       ****************


#********** Integration by Vegas (iteration       2) ************
#                                                               *
#  integral  =  868.18735       accum. integral =  868.04171    *
#  std. dev. = 0.28211358       accum. std. dev = 0.19753540    *
#   min/max. wt. =    0.00000            0.204586E-01           *
#                                                               *
#*************   chi**2/iteration = 0.5227       ****************

 Done
