SLURM job running in:  /scratch/groups/lhc/park/JHUGen/JHUGenerator
LHAPDF 6.1.5 loading /work-zfs/lhc/cms/slc6_amd64_gcc493/external/lhapdf/6.1.5-kpegke3/share/LHAPDF/NNPDF30_lo_as_0130/NNPDF30_lo_as_0130_0000.dat
NNPDF30_lo_as_0130 PDF set, member #0, version 2; LHAPDF ID = 263000
 extending no. of histograms for vbf tests
 
                                                                                          
   ***************************************************************************************
   *                                JHU Generator v6.9.3                                 *
   ***************************************************************************************
   *                                                                                     *
   *   Spin and parity determination of single-produced resonances at hadron colliders   *
   *                                                                                     *
   *          I. Anderson, S. Bolognesi, F. Caola, Y. Gao, A. Gritsan, Z. Guo,           *
   *        C. Martin, K. Melnikov, R.Rontsch, H. Roskes, U. Sarica, M. Schulze,         *
   *                   N. Tran, A. Whitbeck, M. Xiao, C. You, Y. Zhou                    *
   *                Phys.Rev. D81 (2010) 075022;  arXiv:1001.3396 [hep-ph],              *
   *                Phys.Rev. D86 (2012) 095031;  arXiv:1208.4018 [hep-ph],              *
   *                Phys.Rev. D89 (2014) 035007;  arXiv:1309.4819 [hep-ph].              *
   *                                                                                     *
   ***************************************************************************************
                                                                                          
   
   Command line: ./JHUGen Unweighted=0 VegasNc0=99999999 VegasNc1=99999999 VegasNc2=99999999 LHAPDF=NNPDF30_lo_as_0130/NNPDF30_lo_as_0130.info MReso=1150 ghz1=0,0 ghz4=1,0 Process=60 pTjetcut=0 deltaRcut=0
   
   Input Parameter:
    Collider: P-P, sqrt(s)=13000.00
    Resonance: spin=0, mass=1150.00 width=   0.00407
    Z-boson: mass=91.188, width=2.4952
    W-boson: mass=80.399, width=2.0850
    Jet cuts:
            pT >=     0.00 GeV
        DeltaR >=     0.00
           mJJ >=     0.00 GeV
    Random seed:   838862856
    To reproduce results using this seed, JHUGen should be compiled with the same compiler:
      GNU Fortran (GCC) 4.9.3
    
    WidthScheme:   2
    LHAPDF set NNPDF30_lo_as_0130/NNPDF30_lo_as_0130.info, member=  0
    Unweighted: F
    
    spin-0-VV couplings: 
      generate_as=F
      ghg2=  0.10000000E+01  0.00000000E+00i
      ghg3=  0.00000000E+00  0.00000000E+00i
      ghg4=  0.00000000E+00  0.00000000E+00i
      ghz1=  0.00000000E+00  0.00000000E+00i
      ghz2=  0.00000000E+00  0.00000000E+00i
      ghz3=  0.00000000E+00  0.00000000E+00i
      ghz4=  0.10000000E+01  0.00000000E+00i
      Lambda=  1000.0
    
    LHE output: ./data/output.lhe
    Histogram output: ./data/output.dat
    Log file: ./data/output.log
    
  Running

  Input parameters for vegas:  ndim=  9   ncall= 80707214.
                              it=    0    itmx=   15
                              acc=-1.00    
                              mds=  1     nd=  50
                              (xl,xu)= (  0.00000     ,  1.00000     )
                                       (  0.00000     ,  1.00000     )
                                       (  0.00000     ,  1.00000     )
                                       (  0.00000     ,  1.00000     )
                                       (  0.00000     ,  1.00000     )
                                       (  0.00000     ,  1.00000     )
                                       (  0.00000     ,  1.00000     )
                                       (  0.00000     ,  1.00000     )
                                       (  0.00000     ,  1.00000     )

#********** Integration by Vegas (iteration       1) ************
#                                                               *
#  integral  =  614.86230       accum. integral =  614.86230    *
#  std. dev. =  88.653388       accum. std. dev =  88.653388    *
#   min/max. wt. =    0.00000             86.4808               *
#                                                               *
#*************   chi**2/iteration =  0.000       ****************


#********** Integration by Vegas (iteration       2) ************
#                                                               *
#  integral  =  857.13890       accum. integral =  817.27791    *
#  std. dev. =  54.842939       accum. std. dev =  43.623265    *
#   min/max. wt. =    0.00000             32.9195               *
#                                                               *
#*************   chi**2/iteration =  4.236       ****************


#********** Integration by Vegas (iteration       3) ************
#                                                               *
#  integral  =  825.18515       accum. integral =  825.09831    *
#  std. dev. =  5.0853439       accum. std. dev =  4.7389499    *
#   min/max. wt. =    0.00000             2.35040               *
#                                                               *
#*************   chi**2/iteration =  1.987       ****************


#********** Integration by Vegas (iteration       4) ************
#                                                               *
#  integral  =  834.18757       accum. integral =  833.97504    *
#  std. dev. = 0.79106158       accum. std. dev = 0.73933073    *
#   min/max. wt. =    0.00000            0.143256               *
#                                                               *
#*************   chi**2/iteration =  2.423       ****************


#********** Integration by Vegas (iteration       5) ************
#                                                               *
#  integral  =  834.06881       accum. integral =  834.05420    *
#  std. dev. = 0.33581989       accum. std. dev = 0.29526099    *
#   min/max. wt. =    0.00000            0.220046E-01           *
#                                                               *
#*************   chi**2/iteration =  1.779       ****************


#********** Integration by Vegas (iteration       6) ************
#                                                               *
#  integral  =  834.17084       accum. integral =  834.11885    *
#  std. dev. = 0.27673685       accum. std. dev = 0.19863933    *
#   min/max. wt. =    0.00000            0.200941E-01           *
#                                                               *
#*************   chi**2/iteration =  1.418       ****************


#********** Integration by Vegas (iteration       7) ************
#                                                               *
#  integral  =  833.78665       accum. integral =  833.99110    *
#  std. dev. = 0.26051549       accum. std. dev = 0.15666270    *
#   min/max. wt. =    0.00000            0.156982E-01           *
#                                                               *
#*************   chi**2/iteration =  1.347       ****************


#********** Integration by Vegas (iteration       8) ************
#                                                               *
#  integral  =  833.59573       accum. integral =  833.87931    *
#  std. dev. = 0.25724576       accum. std. dev = 0.13319924    *
#   min/max. wt. =    0.00000            0.918883E-02           *
#                                                               *
#*************   chi**2/iteration =  1.401       ****************


#********** Integration by Vegas (iteration       9) ************
#                                                               *
#  integral  =  833.12205       accum. integral =  833.70854    *
#  std. dev. = 0.25335591       accum. std. dev = 0.11756971    *
#   min/max. wt. =    0.00000            0.670001E-02           *
#                                                               *
#*************   chi**2/iteration =  2.124       ****************


#********** Integration by Vegas (iteration      10) ************
#                                                               *
#  integral  =  833.57269       accum. integral =  833.68339    *
#  std. dev. = 0.25253207       accum. std. dev = 0.10638494    *
#   min/max. wt. =    0.00000            0.172550E-01           *
#                                                               *
#*************   chi**2/iteration =  1.906       ****************


#********** Integration by Vegas (iteration      11) ************
#                                                               *
#  integral  =  834.15052       accum. integral =  833.75481    *
#  std. dev. = 0.25594400       accum. std. dev = 0.98113415E-01*
#   min/max. wt. =    0.00000            0.106706E-01           *
#                                                               *
#*************   chi**2/iteration =  2.002       ****************


#********** Integration by Vegas (iteration      12) ************
#                                                               *
#  integral  =  834.23021       accum. integral =  833.81756    *
#  std. dev. = 0.25668433       accum. std. dev = 0.91564696E-01*
#   min/max. wt. =    0.00000            0.132358E-01           *
#                                                               *
#*************   chi**2/iteration =  2.095       ****************


#********** Integration by Vegas (iteration      13) ************
#                                                               *
#  integral  =  834.25325       accum. integral =  833.86757    *
#  std. dev. = 0.25894845       accum. std. dev = 0.86271902E-01*
#   min/max. wt. =    0.00000            0.180403E-01           *
#                                                               *
#*************   chi**2/iteration =  2.131       ****************


#********** Integration by Vegas (iteration      14) ************
#                                                               *
#  integral  =  834.13723       accum. integral =  833.89529    *
#  std. dev. = 0.25918149       accum. std. dev = 0.81816978E-01*
#   min/max. wt. =    0.00000            0.259074E-01           *
#                                                               *
#*************   chi**2/iteration =  2.039       ****************


#********** Integration by Vegas (iteration      15) ************
#                                                               *
#  integral  =  834.03856       accum. integral =  833.90845    *
#  std. dev. = 0.26125988       accum. std. dev = 0.78050358E-01*
#   min/max. wt. =    0.00000            0.895660E-02           *
#                                                               *
#*************   chi**2/iteration =  1.910       ****************


  Input parameters for vegas:  ndim=  9   ncall= 80707214.
                              it=    0    itmx=    2
                              acc=-1.00    
                              mds=  1     nd=  50
                              (xl,xu)= (  0.00000     ,  1.00000     )
                                       (  0.00000     ,  1.00000     )
                                       (  0.00000     ,  1.00000     )
                                       (  0.00000     ,  1.00000     )
                                       (  0.00000     ,  1.00000     )
                                       (  0.00000     ,  1.00000     )
                                       (  0.00000     ,  1.00000     )
                                       (  0.00000     ,  1.00000     )
                                       (  0.00000     ,  1.00000     )

#********** Integration by Vegas (iteration       1) ************
#                                                               *
#  integral  =  833.88080       accum. integral =  833.88080    *
#  std. dev. = 0.26298352       accum. std. dev = 0.26298352    *
#   min/max. wt. =    0.00000            0.193758E-01           *
#                                                               *
#*************   chi**2/iteration =  0.000       ****************


#********** Integration by Vegas (iteration       2) ************
#                                                               *
#  integral  =  834.29725       accum. integral =  834.08690    *
#  std. dev. = 0.26580876       accum. std. dev = 0.18694880    *
#   min/max. wt. =    0.00000            0.968832E-02           *
#                                                               *
#*************   chi**2/iteration =  1.239       ****************

 Done
