SLURM job running in:  /scratch/groups/lhc/park/JHUGen/JHUGenerator
LHAPDF 6.1.5 loading /work-zfs/lhc/cms/slc6_amd64_gcc493/external/lhapdf/6.1.5-kpegke3/share/LHAPDF/NNPDF30_lo_as_0130/NNPDF30_lo_as_0130_0000.dat
NNPDF30_lo_as_0130 PDF set, member #0, version 2; LHAPDF ID = 263000
 extending no. of histograms for vbf tests
 
                                                                                          
   ***************************************************************************************
   *                                JHU Generator v6.9.3                                 *
   ***************************************************************************************
   *                                                                                     *
   *   Spin and parity determination of single-produced resonances at hadron colliders   *
   *                                                                                     *
   *          I. Anderson, S. Bolognesi, F. Caola, Y. Gao, A. Gritsan, Z. Guo,           *
   *        C. Martin, K. Melnikov, R.Rontsch, H. Roskes, U. Sarica, M. Schulze,         *
   *                   N. Tran, A. Whitbeck, M. Xiao, C. You, Y. Zhou                    *
   *                Phys.Rev. D81 (2010) 075022;  arXiv:1001.3396 [hep-ph],              *
   *                Phys.Rev. D86 (2012) 095031;  arXiv:1208.4018 [hep-ph],              *
   *                Phys.Rev. D89 (2014) 035007;  arXiv:1309.4819 [hep-ph].              *
   *                                                                                     *
   ***************************************************************************************
                                                                                          
   
   Command line: ./JHUGen Unweighted=0 VegasNc0=99999999 VegasNc1=99999999 VegasNc2=99999999 LHAPDF=NNPDF30_lo_as_0130/NNPDF30_lo_as_0130.info MReso=116 ghz1=0,0 ghz4=1,0 Process=60 pTjetcut=0 deltaRcut=0
   
   Input Parameter:
    Collider: P-P, sqrt(s)=13000.00
    Resonance: spin=0, mass= 116.00 width=   0.00407
    Z-boson: mass=91.188, width=2.4952
    W-boson: mass=80.399, width=2.0850
    Jet cuts:
            pT >=     0.00 GeV
        DeltaR >=     0.00
           mJJ >=     0.00 GeV
    Random seed:   920328721
    To reproduce results using this seed, JHUGen should be compiled with the same compiler:
      GNU Fortran (GCC) 4.9.3
    
    WidthScheme:   2
    LHAPDF set NNPDF30_lo_as_0130/NNPDF30_lo_as_0130.info, member=  0
    Unweighted: F
    
    spin-0-VV couplings: 
      generate_as=F
      ghg2=  0.10000000E+01  0.00000000E+00i
      ghg3=  0.00000000E+00  0.00000000E+00i
      ghg4=  0.00000000E+00  0.00000000E+00i
      ghz1=  0.00000000E+00  0.00000000E+00i
      ghz2=  0.00000000E+00  0.00000000E+00i
      ghz3=  0.00000000E+00  0.00000000E+00i
      ghz4=  0.10000000E+01  0.00000000E+00i
      Lambda=  1000.0
    
    LHE output: ./data/output.lhe
    Histogram output: ./data/output.dat
    Log file: ./data/output.log
    
  Running

  Input parameters for vegas:  ndim=  9   ncall= 80707214.
                              it=    0    itmx=   15
                              acc=-1.00    
                              mds=  1     nd=  50
                              (xl,xu)= (  0.00000     ,  1.00000     )
                                       (  0.00000     ,  1.00000     )
                                       (  0.00000     ,  1.00000     )
                                       (  0.00000     ,  1.00000     )
                                       (  0.00000     ,  1.00000     )
                                       (  0.00000     ,  1.00000     )
                                       (  0.00000     ,  1.00000     )
                                       (  0.00000     ,  1.00000     )
                                       (  0.00000     ,  1.00000     )

#********** Integration by Vegas (iteration       1) ************
#                                                               *
#  integral  =  16129.192       accum. integral =  16129.192    *
#  std. dev. =  5383.4909       accum. std. dev =  5383.4909    *
#   min/max. wt. =    0.00000             5086.89               *
#                                                               *
#*************   chi**2/iteration = -.3085E-11   ****************


#********** Integration by Vegas (iteration       2) ************
#                                                               *
#  integral  =  10456.147       accum. integral =  10478.205    *
#  std. dev. =  218.04347       accum. std. dev =  282.88310    *
#   min/max. wt. =    0.00000             100.097               *
#                                                               *
#*************   chi**2/iteration =  1.556       ****************


#********** Integration by Vegas (iteration       3) ************
#                                                               *
#  integral  =  11377.727       accum. integral =  11128.641    *
#  std. dev. =  146.53916       accum. std. dev =  141.23932    *
#   min/max. wt. =    0.00000             106.547               *
#                                                               *
#*************   chi**2/iteration =  4.923       ****************


#********** Integration by Vegas (iteration       4) ************
#                                                               *
#  integral  =  11230.098       accum. integral =  11220.879    *
#  std. dev. =  38.883665       accum. std. dev =  41.269065    *
#   min/max. wt. =  -0.157489E-10         14.4265               *
#                                                               *
#*************   chi**2/iteration =  3.660       ****************


#********** Integration by Vegas (iteration       5) ************
#                                                               *
#  integral  =  11208.204       accum. integral =  11208.762    *
#  std. dev. =  7.9377322       accum. std. dev =  8.4846005    *
#   min/max. wt. =    0.00000             1.36622               *
#                                                               *
#*************   chi**2/iteration =  2.881       ****************


#********** Integration by Vegas (iteration       6) ************
#                                                               *
#  integral  =  11232.431       accum. integral =  11224.566    *
#  std. dev. =  5.4869586       accum. std. dev =  4.8254283    *
#   min/max. wt. =    0.00000            0.292368               *
#                                                               *
#*************   chi**2/iteration =  3.435       ****************


#********** Integration by Vegas (iteration       7) ************
#                                                               *
#  integral  =  11217.057       accum. integral =  11221.161    *
#  std. dev. =  4.9153116       accum. std. dev =  3.5316800    *
#   min/max. wt. =  -0.757260E-17        0.444539               *
#                                                               *
#*************   chi**2/iteration =  3.108       ****************


#********** Integration by Vegas (iteration       8) ************
#                                                               *
#  integral  =  11221.627       accum. integral =  11221.317    *
#  std. dev. =  4.6676314       accum. std. dev =  2.8585988    *
#   min/max. wt. =    0.00000            0.264323               *
#                                                               *
#*************   chi**2/iteration =  2.705       ****************


#********** Integration by Vegas (iteration       9) ************
#                                                               *
#  integral  =  11216.805       accum. integral =  11220.196    *
#  std. dev. =  4.6967402       accum. std. dev =  2.4634353    *
#   min/max. wt. =    0.00000            0.759810               *
#                                                               *
#*************   chi**2/iteration =  2.474       ****************


#********** Integration by Vegas (iteration      10) ************
#                                                               *
#  integral  =  11223.770       accum. integral =  11220.931    *
#  std. dev. =  4.6035688       accum. std. dev =  2.1850583    *
#   min/max. wt. =    0.00000            0.251020               *
#                                                               *
#*************   chi**2/iteration =  2.269       ****************


#********** Integration by Vegas (iteration      11) ************
#                                                               *
#  integral  =  11213.963       accum. integral =  11219.748    *
#  std. dev. =  4.6110208       accum. std. dev =  1.9828149    *
#   min/max. wt. =    0.00000            0.392412               *
#                                                               *
#*************   chi**2/iteration =  2.233       ****************


#********** Integration by Vegas (iteration      12) ************
#                                                               *
#  integral  =  11220.676       accum. integral =  11219.884    *
#  std. dev. =  4.5779381       accum. std. dev =  1.8250069    *
#   min/max. wt. =    0.00000            0.184412               *
#                                                               *
#*************   chi**2/iteration =  2.047       ****************


#********** Integration by Vegas (iteration      13) ************
#                                                               *
#  integral  =  11216.475       accum. integral =  11219.450    *
#  std. dev. =  4.5961862       accum. std. dev =  1.6999868    *
#   min/max. wt. =    0.00000            0.265385               *
#                                                               *
#*************   chi**2/iteration =  1.924       ****************


#********** Integration by Vegas (iteration      14) ************
#                                                               *
#  integral  =  11210.913       accum. integral =  11218.489    *
#  std. dev. =  4.6000610       accum. std. dev =  1.5973430    *
#   min/max. wt. =    0.00000            0.223490               *
#                                                               *
#*************   chi**2/iteration =  2.005       ****************


#********** Integration by Vegas (iteration      15) ************
#                                                               *
#  integral  =  11225.895       accum. integral =  11219.225    *
#  std. dev. =  4.6514979       accum. std. dev =  1.5126141    *
#   min/max. wt. =    0.00000            0.358649               *
#                                                               *
#*************   chi**2/iteration =  2.023       ****************


  Input parameters for vegas:  ndim=  9   ncall= 80707214.
                              it=    0    itmx=    2
                              acc=-1.00    
                              mds=  1     nd=  50
                              (xl,xu)= (  0.00000     ,  1.00000     )
                                       (  0.00000     ,  1.00000     )
                                       (  0.00000     ,  1.00000     )
                                       (  0.00000     ,  1.00000     )
                                       (  0.00000     ,  1.00000     )
                                       (  0.00000     ,  1.00000     )
                                       (  0.00000     ,  1.00000     )
                                       (  0.00000     ,  1.00000     )
                                       (  0.00000     ,  1.00000     )

#********** Integration by Vegas (iteration       1) ************
#                                                               *
#  integral  =  11216.833       accum. integral =  11216.833    *
#  std. dev. =  4.6937825       accum. std. dev =  4.6937825    *
#   min/max. wt. =    0.00000            0.175698               *
#                                                               *
#*************   chi**2/iteration = 0.6764E-06   ****************


#********** Integration by Vegas (iteration       2) ************
#                                                               *
#  integral  =  11218.796       accum. integral =  11217.803    *
#  std. dev. =  4.7521451       accum. std. dev =  3.3394521    *
#   min/max. wt. =    0.00000            0.248176               *
#                                                               *
#*************   chi**2/iteration = 0.8632E-01   ****************

 Done
