SLURM job running in:  /scratch/groups/lhc/park/JHUGen/JHUGenerator
LHAPDF 6.1.5 loading /work-zfs/lhc/cms/slc6_amd64_gcc493/external/lhapdf/6.1.5-kpegke3/share/LHAPDF/NNPDF30_lo_as_0130/NNPDF30_lo_as_0130_0000.dat
NNPDF30_lo_as_0130 PDF set, member #0, version 2; LHAPDF ID = 263000
 extending no. of histograms for vbf tests
 
                                                                                          
   ***************************************************************************************
   *                                JHU Generator v6.9.3                                 *
   ***************************************************************************************
   *                                                                                     *
   *   Spin and parity determination of single-produced resonances at hadron colliders   *
   *                                                                                     *
   *          I. Anderson, S. Bolognesi, F. Caola, Y. Gao, A. Gritsan, Z. Guo,           *
   *        C. Martin, K. Melnikov, R.Rontsch, H. Roskes, U. Sarica, M. Schulze,         *
   *                   N. Tran, A. Whitbeck, M. Xiao, C. You, Y. Zhou                    *
   *                Phys.Rev. D81 (2010) 075022;  arXiv:1001.3396 [hep-ph],              *
   *                Phys.Rev. D86 (2012) 095031;  arXiv:1208.4018 [hep-ph],              *
   *                Phys.Rev. D89 (2014) 035007;  arXiv:1309.4819 [hep-ph].              *
   *                                                                                     *
   ***************************************************************************************
                                                                                          
   
   Command line: ./JHUGen Unweighted=0 VegasNc0=99999999 VegasNc1=99999999 VegasNc2=99999999 LHAPDF=NNPDF30_lo_as_0130/NNPDF30_lo_as_0130.info MReso=118 ghz1=0,0 ghz4=1,0 Process=60 pTjetcut=0 deltaRcut=0
   
   Input Parameter:
    Collider: P-P, sqrt(s)=13000.00
    Resonance: spin=0, mass= 118.00 width=   0.00407
    Z-boson: mass=91.188, width=2.4952
    W-boson: mass=80.399, width=2.0850
    Jet cuts:
            pT >=     0.00 GeV
        DeltaR >=     0.00
           mJJ >=     0.00 GeV
    Random seed:   528329395
    To reproduce results using this seed, JHUGen should be compiled with the same compiler:
      GNU Fortran (GCC) 4.9.3
    
    WidthScheme:   2
    LHAPDF set NNPDF30_lo_as_0130/NNPDF30_lo_as_0130.info, member=  0
    Unweighted: F
    
    spin-0-VV couplings: 
      generate_as=F
      ghg2=  0.10000000E+01  0.00000000E+00i
      ghg3=  0.00000000E+00  0.00000000E+00i
      ghg4=  0.00000000E+00  0.00000000E+00i
      ghz1=  0.00000000E+00  0.00000000E+00i
      ghz2=  0.00000000E+00  0.00000000E+00i
      ghz3=  0.00000000E+00  0.00000000E+00i
      ghz4=  0.10000000E+01  0.00000000E+00i
      Lambda=  1000.0
    
    LHE output: ./data/output.lhe
    Histogram output: ./data/output.dat
    Log file: ./data/output.log
    
  Running

  Input parameters for vegas:  ndim=  9   ncall= 80707214.
                              it=    0    itmx=   15
                              acc=-1.00    
                              mds=  1     nd=  50
                              (xl,xu)= (  0.00000     ,  1.00000     )
                                       (  0.00000     ,  1.00000     )
                                       (  0.00000     ,  1.00000     )
                                       (  0.00000     ,  1.00000     )
                                       (  0.00000     ,  1.00000     )
                                       (  0.00000     ,  1.00000     )
                                       (  0.00000     ,  1.00000     )
                                       (  0.00000     ,  1.00000     )
                                       (  0.00000     ,  1.00000     )

#********** Integration by Vegas (iteration       1) ************
#                                                               *
#  integral  =  12977.086       accum. integral =  12977.086    *
#  std. dev. =  3164.7380       accum. std. dev =  3164.7380    *
#   min/max. wt. =    0.00000             3041.55               *
#                                                               *
#*************   chi**2/iteration =  0.000       ****************


#********** Integration by Vegas (iteration       2) ************
#                                                               *
#  integral  =  11249.898       accum. integral =  11331.472    *
#  std. dev. =  610.83285       accum. std. dev =  643.63276    *
#   min/max. wt. =    0.00000             406.443               *
#                                                               *
#*************   chi**2/iteration = 0.3237       ****************


#********** Integration by Vegas (iteration       3) ************
#                                                               *
#  integral  =  11143.890       accum. integral =  11151.966    *
#  std. dev. =  125.28046       accum. std. dev =  129.99131    *
#   min/max. wt. =    0.00000             100.413               *
#                                                               *
#*************   chi**2/iteration = 0.2138       ****************


#********** Integration by Vegas (iteration       4) ************
#                                                               *
#  integral  =  11116.474       accum. integral =  11117.476    *
#  std. dev. =  20.832561       accum. std. dev =  21.518928    *
#   min/max. wt. =  -0.644493E-10         7.46041               *
#                                                               *
#*************   chi**2/iteration = 0.1717       ****************


#********** Integration by Vegas (iteration       5) ************
#                                                               *
#  integral  =  11161.982       accum. integral =  11157.113    *
#  std. dev. =  7.2272527       accum. std. dev =  7.0591737    *
#   min/max. wt. =    0.00000             1.03920               *
#                                                               *
#*************   chi**2/iteration =  1.099       ****************


#********** Integration by Vegas (iteration       6) ************
#                                                               *
#  integral  =  11154.173       accum. integral =  11155.252    *
#  std. dev. =  5.1916128       accum. std. dev =  4.2532541    *
#   min/max. wt. =  -0.103100E-15        0.324488               *
#                                                               *
#*************   chi**2/iteration = 0.9114       ****************


#********** Integration by Vegas (iteration       7) ************
#                                                               *
#  integral  =  11152.538       accum. integral =  11154.099    *
#  std. dev. =  4.8038015       accum. std. dev =  3.2121372    *
#   min/max. wt. =    0.00000            0.217622               *
#                                                               *
#*************   chi**2/iteration = 0.7949       ****************


#********** Integration by Vegas (iteration       8) ************
#                                                               *
#  integral  =  11154.230       accum. integral =  11154.139    *
#  std. dev. =  4.6784598       accum. std. dev =  2.6610070    *
#   min/max. wt. =    0.00000            0.309219               *
#                                                               *
#*************   chi**2/iteration = 0.6856       ****************


#********** Integration by Vegas (iteration       9) ************
#                                                               *
#  integral  =  11144.044       accum. integral =  11151.717    *
#  std. dev. =  4.6275039       accum. std. dev =  2.3140317    *
#   min/max. wt. =    0.00000            0.337815               *
#                                                               *
#*************   chi**2/iteration =  1.037       ****************


#********** Integration by Vegas (iteration      10) ************
#                                                               *
#  integral  =  11153.623       accum. integral =  11152.089    *
#  std. dev. =  4.6076948       accum. std. dev =  2.0719885    *
#   min/max. wt. =    0.00000            0.280538               *
#                                                               *
#*************   chi**2/iteration = 0.9400       ****************


#********** Integration by Vegas (iteration      11) ************
#                                                               *
#  integral  =  11144.772       accum. integral =  11150.876    *
#  std. dev. =  4.5618068       accum. std. dev =  1.8892858    *
#   min/max. wt. =    0.00000            0.163088               *
#                                                               *
#*************   chi**2/iteration =  1.056       ****************


#********** Integration by Vegas (iteration      12) ************
#                                                               *
#  integral  =  11145.140       accum. integral =  11150.071    *
#  std. dev. =  4.5979209       accum. std. dev =  1.7492951    *
#   min/max. wt. =    0.00000            0.302077               *
#                                                               *
#*************   chi**2/iteration =  1.081       ****************


#********** Integration by Vegas (iteration      13) ************
#                                                               *
#  integral  =  11146.930       accum. integral =  11149.680    *
#  std. dev. =  4.5689855       accum. std. dev =  1.6349164    *
#   min/max. wt. =    0.00000            0.282600               *
#                                                               *
#*************   chi**2/iteration =  1.027       ****************


#********** Integration by Vegas (iteration      14) ************
#                                                               *
#  integral  =  11152.575       accum. integral =  11149.987    *
#  std. dev. =  4.6792361       accum. std. dev =  1.5441994    *
#   min/max. wt. =    0.00000            0.672292               *
#                                                               *
#*************   chi**2/iteration = 0.9751       ****************


#********** Integration by Vegas (iteration      15) ************
#                                                               *
#  integral  =  11150.511       accum. integral =  11150.040    *
#  std. dev. =  4.5571411       accum. std. dev =  1.4631949    *
#   min/max. wt. =    0.00000            0.168312               *
#                                                               *
#*************   chi**2/iteration = 0.9078       ****************


  Input parameters for vegas:  ndim=  9   ncall= 80707214.
                              it=    0    itmx=    2
                              acc=-1.00    
                              mds=  1     nd=  50
                              (xl,xu)= (  0.00000     ,  1.00000     )
                                       (  0.00000     ,  1.00000     )
                                       (  0.00000     ,  1.00000     )
                                       (  0.00000     ,  1.00000     )
                                       (  0.00000     ,  1.00000     )
                                       (  0.00000     ,  1.00000     )
                                       (  0.00000     ,  1.00000     )
                                       (  0.00000     ,  1.00000     )
                                       (  0.00000     ,  1.00000     )

#********** Integration by Vegas (iteration       1) ************
#                                                               *
#  integral  =  11150.491       accum. integral =  11150.491    *
#  std. dev. =  4.6143539       accum. std. dev =  4.6143539    *
#   min/max. wt. =    0.00000            0.247253               *
#                                                               *
#*************   chi**2/iteration =  0.000       ****************


#********** Integration by Vegas (iteration       2) ************
#                                                               *
#  integral  =  11150.327       accum. integral =  11150.410    *
#  std. dev. =  4.6528381       accum. std. dev =  3.2763622    *
#   min/max. wt. =    0.00000            0.390691               *
#                                                               *
#*************   chi**2/iteration = 0.6312E-03   ****************

 Done
