SLURM job running in:  /scratch/groups/lhc/park/JHUGen/JHUGenerator
LHAPDF 6.1.5 loading /work-zfs/lhc/cms/slc6_amd64_gcc493/external/lhapdf/6.1.5-kpegke3/share/LHAPDF/NNPDF30_lo_as_0130/NNPDF30_lo_as_0130_0000.dat
NNPDF30_lo_as_0130 PDF set, member #0, version 2; LHAPDF ID = 263000
 extending no. of histograms for vbf tests
 
                                                                                          
   ***************************************************************************************
   *                                JHU Generator v6.9.3                                 *
   ***************************************************************************************
   *                                                                                     *
   *   Spin and parity determination of single-produced resonances at hadron colliders   *
   *                                                                                     *
   *          I. Anderson, S. Bolognesi, F. Caola, Y. Gao, A. Gritsan, Z. Guo,           *
   *        C. Martin, K. Melnikov, R.Rontsch, H. Roskes, U. Sarica, M. Schulze,         *
   *                   N. Tran, A. Whitbeck, M. Xiao, C. You, Y. Zhou                    *
   *                Phys.Rev. D81 (2010) 075022;  arXiv:1001.3396 [hep-ph],              *
   *                Phys.Rev. D86 (2012) 095031;  arXiv:1208.4018 [hep-ph],              *
   *                Phys.Rev. D89 (2014) 035007;  arXiv:1309.4819 [hep-ph].              *
   *                                                                                     *
   ***************************************************************************************
                                                                                          
   
   Command line: ./JHUGen Unweighted=0 VegasNc0=99999999 VegasNc1=99999999 VegasNc2=99999999 LHAPDF=NNPDF30_lo_as_0130/NNPDF30_lo_as_0130.info MReso=124 ghz1=0,0 ghz4=1,0 Process=60 pTjetcut=0 deltaRcut=0
   
   Input Parameter:
    Collider: P-P, sqrt(s)=13000.00
    Resonance: spin=0, mass= 124.00 width=   0.00407
    Z-boson: mass=91.188, width=2.4952
    W-boson: mass=80.399, width=2.0850
    Jet cuts:
            pT >=     0.00 GeV
        DeltaR >=     0.00
           mJJ >=     0.00 GeV
    Random seed:   740171762
    To reproduce results using this seed, JHUGen should be compiled with the same compiler:
      GNU Fortran (GCC) 4.9.3
    
    WidthScheme:   2
    LHAPDF set NNPDF30_lo_as_0130/NNPDF30_lo_as_0130.info, member=  0
    Unweighted: F
    
    spin-0-VV couplings: 
      generate_as=F
      ghg2=  0.10000000E+01  0.00000000E+00i
      ghg3=  0.00000000E+00  0.00000000E+00i
      ghg4=  0.00000000E+00  0.00000000E+00i
      ghz1=  0.00000000E+00  0.00000000E+00i
      ghz2=  0.00000000E+00  0.00000000E+00i
      ghz3=  0.00000000E+00  0.00000000E+00i
      ghz4=  0.10000000E+01  0.00000000E+00i
      Lambda=  1000.0
    
    LHE output: ./data/output.lhe
    Histogram output: ./data/output.dat
    Log file: ./data/output.log
    
  Running

  Input parameters for vegas:  ndim=  9   ncall= 80707214.
                              it=    0    itmx=   15
                              acc=-1.00    
                              mds=  1     nd=  50
                              (xl,xu)= (  0.00000     ,  1.00000     )
                                       (  0.00000     ,  1.00000     )
                                       (  0.00000     ,  1.00000     )
                                       (  0.00000     ,  1.00000     )
                                       (  0.00000     ,  1.00000     )
                                       (  0.00000     ,  1.00000     )
                                       (  0.00000     ,  1.00000     )
                                       (  0.00000     ,  1.00000     )
                                       (  0.00000     ,  1.00000     )

#********** Integration by Vegas (iteration       1) ************
#                                                               *
#  integral  =  11843.909       accum. integral =  11843.909    *
#  std. dev. =  2827.5852       accum. std. dev =  2827.5852    *
#   min/max. wt. =    0.00000             2777.55               *
#                                                               *
#*************   chi**2/iteration =  0.000       ****************


#********** Integration by Vegas (iteration       2) ************
#                                                               *
#  integral  =  10309.488       accum. integral =  10317.383    *
#  std. dev. =  176.99854       accum. std. dev =  190.13499    *
#   min/max. wt. =    0.00000             110.752               *
#                                                               *
#*************   chi**2/iteration = 0.3330       ****************


#********** Integration by Vegas (iteration       3) ************
#                                                               *
#  integral  =  11005.389       accum. integral =  10904.005    *
#  std. dev. =  78.347328       accum. std. dev =  72.774205    *
#   min/max. wt. =    0.00000             54.0307               *
#                                                               *
#*************   chi**2/iteration =  5.780       ****************


#********** Integration by Vegas (iteration       4) ************
#                                                               *
#  integral  =  10941.732       accum. integral =  10938.831    *
#  std. dev. =  20.759344       accum. std. dev =  20.121826    *
#   min/max. wt. =    0.00000             3.10354               *
#                                                               *
#*************   chi**2/iteration =  3.959       ****************


#********** Integration by Vegas (iteration       5) ************
#                                                               *
#  integral  =  10951.665       accum. integral =  10950.110    *
#  std. dev. =  7.4138862       accum. std. dev =  6.9942626    *
#   min/max. wt. =    0.00000             1.85967               *
#                                                               *
#*************   chi**2/iteration =  3.069       ****************


#********** Integration by Vegas (iteration       6) ************
#                                                               *
#  integral  =  10940.456       accum. integral =  10944.104    *
#  std. dev. =  5.4108985       accum. std. dev =  4.2941727    *
#   min/max. wt. =    0.00000            0.191929               *
#                                                               *
#*************   chi**2/iteration =  2.699       ****************


#********** Integration by Vegas (iteration       7) ************
#                                                               *
#  integral  =  10942.266       accum. integral =  10943.279    *
#  std. dev. =  4.7322340       accum. std. dev =  3.1859153    *
#   min/max. wt. =    0.00000            0.772648               *
#                                                               *
#*************   chi**2/iteration =  2.267       ****************


#********** Integration by Vegas (iteration       8) ************
#                                                               *
#  integral  =  10949.009       accum. integral =  10945.139    *
#  std. dev. =  4.5754940       accum. std. dev =  2.6169121    *
#   min/max. wt. =    0.00000            0.293368               *
#                                                               *
#*************   chi**2/iteration =  2.095       ****************


#********** Integration by Vegas (iteration       9) ************
#                                                               *
#  integral  =  10944.229       accum. integral =  10944.914    *
#  std. dev. =  4.5423651       accum. std. dev =  2.2688967    *
#   min/max. wt. =    0.00000            0.272212               *
#                                                               *
#*************   chi**2/iteration =  1.839       ****************


#********** Integration by Vegas (iteration      10) ************
#                                                               *
#  integral  =  10946.247       accum. integral =  10945.184    *
#  std. dev. =  4.4839744       accum. std. dev =  2.0252591    *
#   min/max. wt. =  -0.122493E-17        0.291461               *
#                                                               *
#*************   chi**2/iteration =  1.643       ****************


#********** Integration by Vegas (iteration      11) ************
#                                                               *
#  integral  =  10933.594       accum. integral =  10943.221    *
#  std. dev. =  4.4653605       accum. std. dev =  1.8450795    *
#   min/max. wt. =    0.00000            0.390391               *
#                                                               *
#*************   chi**2/iteration =  2.035       ****************


#********** Integration by Vegas (iteration      12) ************
#                                                               *
#  integral  =  10948.865       accum. integral =  10944.049    *
#  std. dev. =  4.4376130       accum. std. dev =  1.7039789    *
#   min/max. wt. =    0.00000            0.263922               *
#                                                               *
#*************   chi**2/iteration =  1.976       ****************


#********** Integration by Vegas (iteration      13) ************
#                                                               *
#  integral  =  10945.035       accum. integral =  10944.175    *
#  std. dev. =  4.4459195       accum. std. dev =  1.5913478    *
#   min/max. wt. =    0.00000            0.212103               *
#                                                               *
#*************   chi**2/iteration =  1.816       ****************


#********** Integration by Vegas (iteration      14) ************
#                                                               *
#  integral  =  10938.152       accum. integral =  10943.494    *
#  std. dev. =  4.4415604       accum. std. dev =  1.4983006    *
#   min/max. wt. =    0.00000            0.217219               *
#                                                               *
#*************   chi**2/iteration =  1.801       ****************


#********** Integration by Vegas (iteration      15) ************
#                                                               *
#  integral  =  10942.097       accum. integral =  10943.354    *
#  std. dev. =  4.4822154       accum. std. dev =  1.4211370    *
#   min/max. wt. =    0.00000            0.224495               *
#                                                               *
#*************   chi**2/iteration =  1.680       ****************


  Input parameters for vegas:  ndim=  9   ncall= 80707214.
                              it=    0    itmx=    2
                              acc=-1.00    
                              mds=  1     nd=  50
                              (xl,xu)= (  0.00000     ,  1.00000     )
                                       (  0.00000     ,  1.00000     )
                                       (  0.00000     ,  1.00000     )
                                       (  0.00000     ,  1.00000     )
                                       (  0.00000     ,  1.00000     )
                                       (  0.00000     ,  1.00000     )
                                       (  0.00000     ,  1.00000     )
                                       (  0.00000     ,  1.00000     )
                                       (  0.00000     ,  1.00000     )

#********** Integration by Vegas (iteration       1) ************
#                                                               *
#  integral  =  10943.390       accum. integral =  10943.390    *
#  std. dev. =  4.5270126       accum. std. dev =  4.5270126    *
#   min/max. wt. =    0.00000            0.503010               *
#                                                               *
#*************   chi**2/iteration = -.7271E-06   ****************


#********** Integration by Vegas (iteration       2) ************
#                                                               *
#  integral  =  10948.295       accum. integral =  10945.844    *
#  std. dev. =  4.5262671       accum. std. dev =  3.2008176    *
#   min/max. wt. =    0.00000            0.128910               *
#                                                               *
#*************   chi**2/iteration = 0.5866       ****************

 Done
