SLURM job running in:  /scratch/groups/lhc/park/JHUGen/JHUGenerator
LHAPDF 6.1.5 loading /work-zfs/lhc/cms/slc6_amd64_gcc493/external/lhapdf/6.1.5-kpegke3/share/LHAPDF/NNPDF30_lo_as_0130/NNPDF30_lo_as_0130_0000.dat
NNPDF30_lo_as_0130 PDF set, member #0, version 2; LHAPDF ID = 263000
 extending no. of histograms for vbf tests
 
                                                                                          
   ***************************************************************************************
   *                                JHU Generator v6.9.3                                 *
   ***************************************************************************************
   *                                                                                     *
   *   Spin and parity determination of single-produced resonances at hadron colliders   *
   *                                                                                     *
   *          I. Anderson, S. Bolognesi, F. Caola, Y. Gao, A. Gritsan, Z. Guo,           *
   *        C. Martin, K. Melnikov, R.Rontsch, H. Roskes, U. Sarica, M. Schulze,         *
   *                   N. Tran, A. Whitbeck, M. Xiao, C. You, Y. Zhou                    *
   *                Phys.Rev. D81 (2010) 075022;  arXiv:1001.3396 [hep-ph],              *
   *                Phys.Rev. D86 (2012) 095031;  arXiv:1208.4018 [hep-ph],              *
   *                Phys.Rev. D89 (2014) 035007;  arXiv:1309.4819 [hep-ph].              *
   *                                                                                     *
   ***************************************************************************************
                                                                                          
   
   Command line: ./JHUGen Unweighted=0 VegasNc0=99999999 VegasNc1=99999999 VegasNc2=99999999 LHAPDF=NNPDF30_lo_as_0130/NNPDF30_lo_as_0130.info MReso=1280 ghz1=0,0 ghz4=1,0 Process=60 pTjetcut=0 deltaRcut=0
   
   Input Parameter:
    Collider: P-P, sqrt(s)=13000.00
    Resonance: spin=0, mass=1280.00 width=   0.00407
    Z-boson: mass=91.188, width=2.4952
    W-boson: mass=80.399, width=2.0850
    Jet cuts:
            pT >=     0.00 GeV
        DeltaR >=     0.00
           mJJ >=     0.00 GeV
    Random seed:   839762770
    To reproduce results using this seed, JHUGen should be compiled with the same compiler:
      GNU Fortran (GCC) 4.9.3
    
    WidthScheme:   2
    LHAPDF set NNPDF30_lo_as_0130/NNPDF30_lo_as_0130.info, member=  0
    Unweighted: F
    
    spin-0-VV couplings: 
      generate_as=F
      ghg2=  0.10000000E+01  0.00000000E+00i
      ghg3=  0.00000000E+00  0.00000000E+00i
      ghg4=  0.00000000E+00  0.00000000E+00i
      ghz1=  0.00000000E+00  0.00000000E+00i
      ghz2=  0.00000000E+00  0.00000000E+00i
      ghz3=  0.00000000E+00  0.00000000E+00i
      ghz4=  0.10000000E+01  0.00000000E+00i
      Lambda=  1000.0
    
    LHE output: ./data/output.lhe
    Histogram output: ./data/output.dat
    Log file: ./data/output.log
    
  Running

  Input parameters for vegas:  ndim=  9   ncall= 80707214.
                              it=    0    itmx=   15
                              acc=-1.00    
                              mds=  1     nd=  50
                              (xl,xu)= (  0.00000     ,  1.00000     )
                                       (  0.00000     ,  1.00000     )
                                       (  0.00000     ,  1.00000     )
                                       (  0.00000     ,  1.00000     )
                                       (  0.00000     ,  1.00000     )
                                       (  0.00000     ,  1.00000     )
                                       (  0.00000     ,  1.00000     )
                                       (  0.00000     ,  1.00000     )
                                       (  0.00000     ,  1.00000     )

#********** Integration by Vegas (iteration       1) ************
#                                                               *
#  integral  =  644.90410       accum. integral =  644.90410    *
#  std. dev. =  103.77996       accum. std. dev =  103.77996    *
#   min/max. wt. =    0.00000             77.4208               *
#                                                               *
#*************   chi**2/iteration =  0.000       ****************


#********** Integration by Vegas (iteration       2) ************
#                                                               *
#  integral  =  730.18257       accum. integral =  681.78183    *
#  std. dev. =  134.61508       accum. std. dev =  83.513809    *
#   min/max. wt. =    0.00000             132.721               *
#                                                               *
#*************   chi**2/iteration = 0.2557       ****************


#********** Integration by Vegas (iteration       3) ************
#                                                               *
#  integral  =  633.72895       accum. integral =  634.22581    *
#  std. dev. =  7.8531300       accum. std. dev =  8.2717600    *
#   min/max. wt. =    0.00000             3.76921               *
#                                                               *
#*************   chi**2/iteration = 0.3074       ****************


#********** Integration by Vegas (iteration       4) ************
#                                                               *
#  integral  =  645.85958       accum. integral =  645.67740    *
#  std. dev. =  1.0042236       accum. std. dev =  1.0255421    *
#   min/max. wt. =    0.00000            0.408967               *
#                                                               *
#*************   chi**2/iteration = 0.8698       ****************


#********** Integration by Vegas (iteration       5) ************
#                                                               *
#  integral  =  646.04520       accum. integral =  646.00881    *
#  std. dev. = 0.33022375       accum. std. dev = 0.32076327    *
#   min/max. wt. =    0.00000            0.276407E-01           *
#                                                               *
#*************   chi**2/iteration = 0.6890       ****************


#********** Integration by Vegas (iteration       6) ************
#                                                               *
#  integral  =  645.93500       accum. integral =  645.96210    *
#  std. dev. = 0.23870081       accum. std. dev = 0.19361552    *
#   min/max. wt. =    0.00000            0.921029E-01           *
#                                                               *
#*************   chi**2/iteration = 0.5622       ****************


#********** Integration by Vegas (iteration       7) ************
#                                                               *
#  integral  =  645.37880       accum. integral =  645.69852    *
#  std. dev. = 0.20896275       accum. std. dev = 0.14293649    *
#   min/max. wt. =    0.00000            0.755747E-02           *
#                                                               *
#*************   chi**2/iteration =  1.159       ****************


#********** Integration by Vegas (iteration       8) ************
#                                                               *
#  integral  =  645.57453       accum. integral =  645.65724    *
#  std. dev. = 0.19888380       accum. std. dev = 0.11649479    *
#   min/max. wt. =    0.00000            0.711305E-02           *
#                                                               *
#*************   chi**2/iteration =  1.033       ****************


#********** Integration by Vegas (iteration       9) ************
#                                                               *
#  integral  =  645.77161       accum. integral =  645.68638    *
#  std. dev. = 0.19631967       accum. std. dev = 0.10040236    *
#   min/max. wt. =    0.00000            0.771553E-02           *
#                                                               *
#*************   chi**2/iteration = 0.9377       ****************


#********** Integration by Vegas (iteration      10) ************
#                                                               *
#  integral  =  645.66836       accum. integral =  645.68273    *
#  std. dev. = 0.19675208       accum. std. dev = 0.89556390E-01*
#   min/max. wt. =    0.00000            0.135985E-01           *
#                                                               *
#*************   chi**2/iteration = 0.8365       ****************


#********** Integration by Vegas (iteration      11) ************
#                                                               *
#  integral  =  645.92234       accum. integral =  645.72268    *
#  std. dev. = 0.19791763       accum. std. dev = 0.81665951E-01*
#   min/max. wt. =    0.00000            0.133737E-01           *
#                                                               *
#*************   chi**2/iteration = 0.8740       ****************


#********** Integration by Vegas (iteration      12) ************
#                                                               *
#  integral  =  645.89900       accum. integral =  645.74756    *
#  std. dev. = 0.19935664       accum. std. dev = 0.75618639E-01*
#   min/max. wt. =    0.00000            0.123304E-01           *
#                                                               *
#*************   chi**2/iteration = 0.8558       ****************


#********** Integration by Vegas (iteration      13) ************
#                                                               *
#  integral  =  645.26672       accum. integral =  645.68894    *
#  std. dev. = 0.20078591       accum. std. dev = 0.70801690E-01*
#   min/max. wt. =    0.00000            0.550556E-02           *
#                                                               *
#*************   chi**2/iteration =  1.197       ****************


#********** Integration by Vegas (iteration      14) ************
#                                                               *
#  integral  =  645.25907       accum. integral =  645.64341    *
#  std. dev. = 0.20369633       accum. std. dev = 0.66900751E-01*
#   min/max. wt. =    0.00000            0.746725E-02           *
#                                                               *
#*************   chi**2/iteration =  1.407       ****************


#********** Integration by Vegas (iteration      15) ************
#                                                               *
#  integral  =  645.74368       accum. integral =  645.65284    *
#  std. dev. = 0.20588786       accum. std. dev = 0.63641368E-01*
#   min/max. wt. =    0.00000            0.131452E-01           *
#                                                               *
#*************   chi**2/iteration =  1.323       ****************


  Input parameters for vegas:  ndim=  9   ncall= 80707214.
                              it=    0    itmx=    2
                              acc=-1.00    
                              mds=  1     nd=  50
                              (xl,xu)= (  0.00000     ,  1.00000     )
                                       (  0.00000     ,  1.00000     )
                                       (  0.00000     ,  1.00000     )
                                       (  0.00000     ,  1.00000     )
                                       (  0.00000     ,  1.00000     )
                                       (  0.00000     ,  1.00000     )
                                       (  0.00000     ,  1.00000     )
                                       (  0.00000     ,  1.00000     )
                                       (  0.00000     ,  1.00000     )

#********** Integration by Vegas (iteration       1) ************
#                                                               *
#  integral  =  645.23989       accum. integral =  645.23989    *
#  std. dev. = 0.20698213       accum. std. dev = 0.20698213    *
#   min/max. wt. =    0.00000            0.782732E-02           *
#                                                               *
#*************   chi**2/iteration =  0.000       ****************


#********** Integration by Vegas (iteration       2) ************
#                                                               *
#  integral  =  645.62541       accum. integral =  645.42816    *
#  std. dev. = 0.21198891       accum. std. dev = 0.14809796    *
#   min/max. wt. =    0.00000            0.813356E-02           *
#                                                               *
#*************   chi**2/iteration =  1.691       ****************

 Done
