SLURM job running in:  /scratch/groups/lhc/park/JHUGen/JHUGenerator
LHAPDF 6.1.5 loading /work-zfs/lhc/cms/slc6_amd64_gcc493/external/lhapdf/6.1.5-kpegke3/share/LHAPDF/NNPDF30_lo_as_0130/NNPDF30_lo_as_0130_0000.dat
NNPDF30_lo_as_0130 PDF set, member #0, version 2; LHAPDF ID = 263000
 extending no. of histograms for vbf tests
 
                                                                                          
   ***************************************************************************************
   *                                JHU Generator v6.9.3                                 *
   ***************************************************************************************
   *                                                                                     *
   *   Spin and parity determination of single-produced resonances at hadron colliders   *
   *                                                                                     *
   *          I. Anderson, S. Bolognesi, F. Caola, Y. Gao, A. Gritsan, Z. Guo,           *
   *        C. Martin, K. Melnikov, R.Rontsch, H. Roskes, U. Sarica, M. Schulze,         *
   *                   N. Tran, A. Whitbeck, M. Xiao, C. You, Y. Zhou                    *
   *                Phys.Rev. D81 (2010) 075022;  arXiv:1001.3396 [hep-ph],              *
   *                Phys.Rev. D86 (2012) 095031;  arXiv:1208.4018 [hep-ph],              *
   *                Phys.Rev. D89 (2014) 035007;  arXiv:1309.4819 [hep-ph].              *
   *                                                                                     *
   ***************************************************************************************
                                                                                          
   
   Command line: ./JHUGen Unweighted=0 VegasNc0=99999999 VegasNc1=99999999 VegasNc2=99999999 LHAPDF=NNPDF30_lo_as_0130/NNPDF30_lo_as_0130.info MReso=1330 ghz1=0,0 ghz4=1,0 Process=60 pTjetcut=0 deltaRcut=0
   
   Input Parameter:
    Collider: P-P, sqrt(s)=13000.00
    Resonance: spin=0, mass=1330.00 width=   0.00407
    Z-boson: mass=91.188, width=2.4952
    W-boson: mass=80.399, width=2.0850
    Jet cuts:
            pT >=     0.00 GeV
        DeltaR >=     0.00
           mJJ >=     0.00 GeV
    Random seed:   937674445
    To reproduce results using this seed, JHUGen should be compiled with the same compiler:
      GNU Fortran (GCC) 4.9.3
    
    WidthScheme:   2
    LHAPDF set NNPDF30_lo_as_0130/NNPDF30_lo_as_0130.info, member=  0
    Unweighted: F
    
    spin-0-VV couplings: 
      generate_as=F
      ghg2=  0.10000000E+01  0.00000000E+00i
      ghg3=  0.00000000E+00  0.00000000E+00i
      ghg4=  0.00000000E+00  0.00000000E+00i
      ghz1=  0.00000000E+00  0.00000000E+00i
      ghz2=  0.00000000E+00  0.00000000E+00i
      ghz3=  0.00000000E+00  0.00000000E+00i
      ghz4=  0.10000000E+01  0.00000000E+00i
      Lambda=  1000.0
    
    LHE output: ./data/output.lhe
    Histogram output: ./data/output.dat
    Log file: ./data/output.log
    
  Running

  Input parameters for vegas:  ndim=  9   ncall= 80707214.
                              it=    0    itmx=   15
                              acc=-1.00    
                              mds=  1     nd=  50
                              (xl,xu)= (  0.00000     ,  1.00000     )
                                       (  0.00000     ,  1.00000     )
                                       (  0.00000     ,  1.00000     )
                                       (  0.00000     ,  1.00000     )
                                       (  0.00000     ,  1.00000     )
                                       (  0.00000     ,  1.00000     )
                                       (  0.00000     ,  1.00000     )
                                       (  0.00000     ,  1.00000     )
                                       (  0.00000     ,  1.00000     )

#********** Integration by Vegas (iteration       1) ************
#                                                               *
#  integral  =  466.29927       accum. integral =  466.29927    *
#  std. dev. =  57.711926       accum. std. dev =  57.711926    *
#   min/max. wt. =    0.00000             45.3393               *
#                                                               *
#*************   chi**2/iteration =  0.000       ****************


#********** Integration by Vegas (iteration       2) ************
#                                                               *
#  integral  =  565.90408       accum. integral =  530.01911    *
#  std. dev. =  52.560882       accum. std. dev =  38.518106    *
#   min/max. wt. =    0.00000             50.8204               *
#                                                               *
#*************   chi**2/iteration =  1.540       ****************


#********** Integration by Vegas (iteration       3) ************
#                                                               *
#  integral  =  573.49981       accum. integral =  572.83635    *
#  std. dev. =  5.3033222       accum. std. dev =  4.9319723    *
#   min/max. wt. =    0.00000             2.24269               *
#                                                               *
#*************   chi**2/iteration =  1.300       ****************


#********** Integration by Vegas (iteration       4) ************
#                                                               *
#  integral  =  585.99227       accum. integral =  585.72800    *
#  std. dev. = 0.76990133       accum. std. dev = 0.71531022    *
#   min/max. wt. =    0.00000            0.236628               *
#                                                               *
#*************   chi**2/iteration =  3.047       ****************


#********** Integration by Vegas (iteration       5) ************
#                                                               *
#  integral  =  586.33213       accum. integral =  586.26959    *
#  std. dev. = 0.25911577       accum. std. dev = 0.23325444    *
#   min/max. wt. =    0.00000            0.146050E-01           *
#                                                               *
#*************   chi**2/iteration =  2.380       ****************


#********** Integration by Vegas (iteration       6) ************
#                                                               *
#  integral  =  586.44322       accum. integral =  586.37761    *
#  std. dev. = 0.19124650       accum. std. dev = 0.14465652    *
#   min/max. wt. =    0.00000            0.103900E-01           *
#                                                               *
#*************   chi**2/iteration =  1.939       ****************


#********** Integration by Vegas (iteration       7) ************
#                                                               *
#  integral  =  586.53592       accum. integral =  586.44452    *
#  std. dev. = 0.17634305       accum. std. dev = 0.11060515    *
#   min/max. wt. =    0.00000            0.148078E-01           *
#                                                               *
#*************   chi**2/iteration =  1.679       ****************


#********** Integration by Vegas (iteration       8) ************
#                                                               *
#  integral  =  586.35196       accum. integral =  586.41733    *
#  std. dev. = 0.17772675       accum. std. dev = 0.93381947E-01*
#   min/max. wt. =    0.00000            0.170225E-01           *
#                                                               *
#*************   chi**2/iteration =  1.455       ****************


#********** Integration by Vegas (iteration       9) ************
#                                                               *
#  integral  =  586.16398       accum. integral =  586.35857    *
#  std. dev. = 0.17521306       accum. std. dev = 0.82125626E-01*
#   min/max. wt. =    0.00000            0.649652E-02           *
#                                                               *
#*************   chi**2/iteration =  1.476       ****************


#********** Integration by Vegas (iteration      10) ************
#                                                               *
#  integral  =  586.52838       accum. integral =  586.39031    *
#  std. dev. = 0.17612113       accum. std. dev = 0.74265930E-01*
#   min/max. wt. =    0.00000            0.545394E-02           *
#                                                               *
#*************   chi**2/iteration =  1.393       ****************


#********** Integration by Vegas (iteration      11) ************
#                                                               *
#  integral  =  585.99162       accum. integral =  586.32804    *
#  std. dev. = 0.17681395       accum. std. dev = 0.68372656E-01*
#   min/max. wt. =    0.00000            0.567260E-02           *
#                                                               *
#*************   chi**2/iteration =  1.696       ****************


#********** Integration by Vegas (iteration      12) ************
#                                                               *
#  integral  =  586.44304       accum. integral =  586.34319    *
#  std. dev. = 0.17948822       accum. std. dev = 0.63830356E-01*
#   min/max. wt. =    0.00000            0.775572E-02           *
#                                                               *
#*************   chi**2/iteration =  1.570       ****************


#********** Integration by Vegas (iteration      13) ************
#                                                               *
#  integral  =  586.37762       accum. integral =  586.34728    *
#  std. dev. = 0.17759605       accum. std. dev = 0.60021530E-01*
#   min/max. wt. =    0.00000            0.895454E-02           *
#                                                               *
#*************   chi**2/iteration =  1.437       ****************


#********** Integration by Vegas (iteration      14) ************
#                                                               *
#  integral  =  586.27621       accum. integral =  586.34004    *
#  std. dev. = 0.18160490       accum. std. dev = 0.56960292E-01*
#   min/max. wt. =    0.00000            0.114375E-01           *
#                                                               *
#*************   chi**2/iteration =  1.334       ****************


#********** Integration by Vegas (iteration      15) ************
#                                                               *
#  integral  =  586.02774       accum. integral =  586.31157    *
#  std. dev. = 0.18290758       accum. std. dev = 0.54363925E-01*
#   min/max. wt. =    0.00000            0.636219E-02           *
#                                                               *
#*************   chi**2/iteration =  1.431       ****************


  Input parameters for vegas:  ndim=  9   ncall= 80707214.
                              it=    0    itmx=    2
                              acc=-1.00    
                              mds=  1     nd=  50
                              (xl,xu)= (  0.00000     ,  1.00000     )
                                       (  0.00000     ,  1.00000     )
                                       (  0.00000     ,  1.00000     )
                                       (  0.00000     ,  1.00000     )
                                       (  0.00000     ,  1.00000     )
                                       (  0.00000     ,  1.00000     )
                                       (  0.00000     ,  1.00000     )
                                       (  0.00000     ,  1.00000     )
                                       (  0.00000     ,  1.00000     )

#********** Integration by Vegas (iteration       1) ************
#                                                               *
#  integral  =  586.18670       accum. integral =  586.18670    *
#  std. dev. = 0.18260806       accum. std. dev = 0.18260806    *
#   min/max. wt. =    0.00000            0.678187E-02           *
#                                                               *
#*************   chi**2/iteration =  0.000       ****************


#********** Integration by Vegas (iteration       2) ************
#                                                               *
#  integral  =  586.60901       accum. integral =  586.39055    *
#  std. dev. = 0.18917881       accum. std. dev = 0.13138660    *
#   min/max. wt. =    0.00000            0.123631E-01           *
#                                                               *
#*************   chi**2/iteration =  2.577       ****************

 Done
