SLURM job running in:  /scratch/groups/lhc/park/JHUGen/JHUGenerator
LHAPDF 6.1.5 loading /work-zfs/lhc/cms/slc6_amd64_gcc493/external/lhapdf/6.1.5-kpegke3/share/LHAPDF/NNPDF30_lo_as_0130/NNPDF30_lo_as_0130_0000.dat
NNPDF30_lo_as_0130 PDF set, member #0, version 2; LHAPDF ID = 263000
 extending no. of histograms for vbf tests
 
                                                                                          
   ***************************************************************************************
   *                                JHU Generator v6.9.3                                 *
   ***************************************************************************************
   *                                                                                     *
   *   Spin and parity determination of single-produced resonances at hadron colliders   *
   *                                                                                     *
   *          I. Anderson, S. Bolognesi, F. Caola, Y. Gao, A. Gritsan, Z. Guo,           *
   *        C. Martin, K. Melnikov, R.Rontsch, H. Roskes, U. Sarica, M. Schulze,         *
   *                   N. Tran, A. Whitbeck, M. Xiao, C. You, Y. Zhou                    *
   *                Phys.Rev. D81 (2010) 075022;  arXiv:1001.3396 [hep-ph],              *
   *                Phys.Rev. D86 (2012) 095031;  arXiv:1208.4018 [hep-ph],              *
   *                Phys.Rev. D89 (2014) 035007;  arXiv:1309.4819 [hep-ph].              *
   *                                                                                     *
   ***************************************************************************************
                                                                                          
   
   Command line: ./JHUGen Unweighted=0 VegasNc0=99999999 VegasNc1=99999999 VegasNc2=99999999 LHAPDF=NNPDF30_lo_as_0130/NNPDF30_lo_as_0130.info MReso=1340 ghz1=0,0 ghz4=1,0 Process=60 pTjetcut=0 deltaRcut=0
   
   Input Parameter:
    Collider: P-P, sqrt(s)=13000.00
    Resonance: spin=0, mass=1340.00 width=   0.00407
    Z-boson: mass=91.188, width=2.4952
    W-boson: mass=80.399, width=2.0850
    Jet cuts:
            pT >=     0.00 GeV
        DeltaR >=     0.00
           mJJ >=     0.00 GeV
    Random seed:   240050055
    To reproduce results using this seed, JHUGen should be compiled with the same compiler:
      GNU Fortran (GCC) 4.9.3
    
    WidthScheme:   2
    LHAPDF set NNPDF30_lo_as_0130/NNPDF30_lo_as_0130.info, member=  0
    Unweighted: F
    
    spin-0-VV couplings: 
      generate_as=F
      ghg2=  0.10000000E+01  0.00000000E+00i
      ghg3=  0.00000000E+00  0.00000000E+00i
      ghg4=  0.00000000E+00  0.00000000E+00i
      ghz1=  0.00000000E+00  0.00000000E+00i
      ghz2=  0.00000000E+00  0.00000000E+00i
      ghz3=  0.00000000E+00  0.00000000E+00i
      ghz4=  0.10000000E+01  0.00000000E+00i
      Lambda=  1000.0
    
    LHE output: ./data/output.lhe
    Histogram output: ./data/output.dat
    Log file: ./data/output.log
    
  Running

  Input parameters for vegas:  ndim=  9   ncall= 80707214.
                              it=    0    itmx=   15
                              acc=-1.00    
                              mds=  1     nd=  50
                              (xl,xu)= (  0.00000     ,  1.00000     )
                                       (  0.00000     ,  1.00000     )
                                       (  0.00000     ,  1.00000     )
                                       (  0.00000     ,  1.00000     )
                                       (  0.00000     ,  1.00000     )
                                       (  0.00000     ,  1.00000     )
                                       (  0.00000     ,  1.00000     )
                                       (  0.00000     ,  1.00000     )
                                       (  0.00000     ,  1.00000     )

#********** Integration by Vegas (iteration       1) ************
#                                                               *
#  integral  =  509.90820       accum. integral =  509.90820    *
#  std. dev. =  75.122305       accum. std. dev =  75.122305    *
#   min/max. wt. =    0.00000             56.1215               *
#                                                               *
#*************   chi**2/iteration = -.5157E-11   ****************


#********** Integration by Vegas (iteration       2) ************
#                                                               *
#  integral  =  554.06457       accum. integral =  544.37734    *
#  std. dev. =  43.273479       accum. std. dev =  36.741272    *
#   min/max. wt. =    0.00000             39.4193               *
#                                                               *
#*************   chi**2/iteration = 0.2471       ****************


#********** Integration by Vegas (iteration       3) ************
#                                                               *
#  integral  =  590.74435       accum. integral =  587.84547    *
#  std. dev. =  10.527097       accum. std. dev =  9.5339024    *
#   min/max. wt. =    0.00000             7.44381               *
#                                                               *
#*************   chi**2/iteration = 0.8076       ****************


#********** Integration by Vegas (iteration       4) ************
#                                                               *
#  integral  =  574.58841       accum. integral =  574.73146    *
#  std. dev. =  1.0354398       accum. std. dev =  1.0003751    *
#   min/max. wt. =    0.00000            0.298381               *
#                                                               *
#*************   chi**2/iteration =  1.152       ****************


#********** Integration by Vegas (iteration       5) ************
#                                                               *
#  integral  =  574.79682       accum. integral =  574.79248    *
#  std. dev. = 0.27449521       accum. std. dev = 0.25911422    *
#   min/max. wt. =    0.00000            0.392064E-01           *
#                                                               *
#*************   chi**2/iteration = 0.8550       ****************


#********** Integration by Vegas (iteration       6) ************
#                                                               *
#  integral  =  575.03605       accum. integral =  574.94883    *
#  std. dev. = 0.19820013       accum. std. dev = 0.15568913    *
#   min/max. wt. =    0.00000            0.103406E-01           *
#                                                               *
#*************   chi**2/iteration = 0.7910       ****************


#********** Integration by Vegas (iteration       7) ************
#                                                               *
#  integral  =  575.13903       accum. integral =  575.03268    *
#  std. dev. = 0.17885644       accum. std. dev = 0.11675322    *
#   min/max. wt. =    0.00000            0.139085E-01           *
#                                                               *
#*************   chi**2/iteration = 0.7644       ****************


#********** Integration by Vegas (iteration       8) ************
#                                                               *
#  integral  =  574.87035       accum. integral =  574.98041    *
#  std. dev. = 0.17225188       accum. std. dev = 0.96338760E-01*
#   min/max. wt. =    0.00000            0.813903E-02           *
#                                                               *
#*************   chi**2/iteration = 0.7410       ****************


#********** Integration by Vegas (iteration       9) ************
#                                                               *
#  integral  =  575.13381       accum. integral =  575.01850    *
#  std. dev. = 0.17015148       accum. std. dev = 0.83667782E-01*
#   min/max. wt. =    0.00000            0.719536E-02           *
#                                                               *
#*************   chi**2/iteration = 0.7247       ****************


#********** Integration by Vegas (iteration      10) ************
#                                                               *
#  integral  =  575.00434       accum. integral =  575.01574    *
#  std. dev. = 0.17219747       accum. std. dev = 0.75164988E-01*
#   min/max. wt. =    0.00000            0.982323E-02           *
#                                                               *
#*************   chi**2/iteration = 0.6431       ****************


#********** Integration by Vegas (iteration      11) ************
#                                                               *
#  integral  =  574.96030       accum. integral =  575.00678    *
#  std. dev. = 0.17323228       accum. std. dev = 0.68899307E-01*
#   min/max. wt. =    0.00000            0.747268E-02           *
#                                                               *
#*************   chi**2/iteration = 0.5863       ****************


#********** Integration by Vegas (iteration      12) ************
#                                                               *
#  integral  =  575.03375       accum. integral =  575.01049    *
#  std. dev. = 0.17446079       accum. std. dev = 0.64047288E-01*
#   min/max. wt. =    0.00000            0.710961E-02           *
#                                                               *
#*************   chi**2/iteration = 0.5340       ****************


#********** Integration by Vegas (iteration      13) ************
#                                                               *
#  integral  =  575.37847       accum. integral =  575.05419    *
#  std. dev. = 0.17628024       accum. std. dev = 0.60172203E-01*
#   min/max. wt. =    0.00000            0.883426E-02           *
#                                                               *
#*************   chi**2/iteration = 0.8148       ****************


#********** Integration by Vegas (iteration      14) ************
#                                                               *
#  integral  =  574.88518       accum. integral =  575.03673    *
#  std. dev. = 0.17883260       accum. std. dev = 0.57015278E-01*
#   min/max. wt. =    0.00000            0.769978E-02           *
#                                                               *
#*************   chi**2/iteration = 0.8138       ****************


#********** Integration by Vegas (iteration      15) ************
#                                                               *
#  integral  =  575.24092       accum. integral =  575.05491    *
#  std. dev. = 0.18396465       accum. std. dev = 0.54449696E-01*
#   min/max. wt. =    0.00000            0.933242E-02           *
#                                                               *
#*************   chi**2/iteration = 0.8363       ****************


  Input parameters for vegas:  ndim=  9   ncall= 80707214.
                              it=    0    itmx=    2
                              acc=-1.00    
                              mds=  1     nd=  50
                              (xl,xu)= (  0.00000     ,  1.00000     )
                                       (  0.00000     ,  1.00000     )
                                       (  0.00000     ,  1.00000     )
                                       (  0.00000     ,  1.00000     )
                                       (  0.00000     ,  1.00000     )
                                       (  0.00000     ,  1.00000     )
                                       (  0.00000     ,  1.00000     )
                                       (  0.00000     ,  1.00000     )
                                       (  0.00000     ,  1.00000     )

#********** Integration by Vegas (iteration       1) ************
#                                                               *
#  integral  =  575.24133       accum. integral =  575.24133    *
#  std. dev. = 0.18639761       accum. std. dev = 0.18639761    *
#   min/max. wt. =    0.00000            0.776978E-02           *
#                                                               *
#*************   chi**2/iteration =  0.000       ****************


#********** Integration by Vegas (iteration       2) ************
#                                                               *
#  integral  =  575.23889       accum. integral =  575.24013    *
#  std. dev. = 0.18947522       accum. std. dev = 0.13287774    *
#   min/max. wt. =    0.00000            0.116031E-01           *
#                                                               *
#*************   chi**2/iteration = 0.8372E-04   ****************

 Done
