SLURM job running in:  /scratch/groups/lhc/park/JHUGen/JHUGenerator
LHAPDF 6.1.5 loading /work-zfs/lhc/cms/slc6_amd64_gcc493/external/lhapdf/6.1.5-kpegke3/share/LHAPDF/NNPDF30_lo_as_0130/NNPDF30_lo_as_0130_0000.dat
NNPDF30_lo_as_0130 PDF set, member #0, version 2; LHAPDF ID = 263000
 extending no. of histograms for vbf tests
 
                                                                                          
   ***************************************************************************************
   *                                JHU Generator v6.9.3                                 *
   ***************************************************************************************
   *                                                                                     *
   *   Spin and parity determination of single-produced resonances at hadron colliders   *
   *                                                                                     *
   *          I. Anderson, S. Bolognesi, F. Caola, Y. Gao, A. Gritsan, Z. Guo,           *
   *        C. Martin, K. Melnikov, R.Rontsch, H. Roskes, U. Sarica, M. Schulze,         *
   *                   N. Tran, A. Whitbeck, M. Xiao, C. You, Y. Zhou                    *
   *                Phys.Rev. D81 (2010) 075022;  arXiv:1001.3396 [hep-ph],              *
   *                Phys.Rev. D86 (2012) 095031;  arXiv:1208.4018 [hep-ph],              *
   *                Phys.Rev. D89 (2014) 035007;  arXiv:1309.4819 [hep-ph].              *
   *                                                                                     *
   ***************************************************************************************
                                                                                          
   
   Command line: ./JHUGen Unweighted=0 VegasNc0=99999999 VegasNc1=99999999 VegasNc2=99999999 LHAPDF=NNPDF30_lo_as_0130/NNPDF30_lo_as_0130.info MReso=142 ghz1=0,0 ghz4=1,0 Process=60 pTjetcut=0 deltaRcut=0
   
   Input Parameter:
    Collider: P-P, sqrt(s)=13000.00
    Resonance: spin=0, mass= 142.00 width=   0.00407
    Z-boson: mass=91.188, width=2.4952
    W-boson: mass=80.399, width=2.0850
    Jet cuts:
            pT >=     0.00 GeV
        DeltaR >=     0.00
           mJJ >=     0.00 GeV
    Random seed:   356223349
    To reproduce results using this seed, JHUGen should be compiled with the same compiler:
      GNU Fortran (GCC) 4.9.3
    
    WidthScheme:   2
    LHAPDF set NNPDF30_lo_as_0130/NNPDF30_lo_as_0130.info, member=  0
    Unweighted: F
    
    spin-0-VV couplings: 
      generate_as=F
      ghg2=  0.10000000E+01  0.00000000E+00i
      ghg3=  0.00000000E+00  0.00000000E+00i
      ghg4=  0.00000000E+00  0.00000000E+00i
      ghz1=  0.00000000E+00  0.00000000E+00i
      ghz2=  0.00000000E+00  0.00000000E+00i
      ghz3=  0.00000000E+00  0.00000000E+00i
      ghz4=  0.10000000E+01  0.00000000E+00i
      Lambda=  1000.0
    
    LHE output: ./data/output.lhe
    Histogram output: ./data/output.dat
    Log file: ./data/output.log
    
  Running

  Input parameters for vegas:  ndim=  9   ncall= 80707214.
                              it=    0    itmx=   15
                              acc=-1.00    
                              mds=  1     nd=  50
                              (xl,xu)= (  0.00000     ,  1.00000     )
                                       (  0.00000     ,  1.00000     )
                                       (  0.00000     ,  1.00000     )
                                       (  0.00000     ,  1.00000     )
                                       (  0.00000     ,  1.00000     )
                                       (  0.00000     ,  1.00000     )
                                       (  0.00000     ,  1.00000     )
                                       (  0.00000     ,  1.00000     )
                                       (  0.00000     ,  1.00000     )

#********** Integration by Vegas (iteration       1) ************
#                                                               *
#  integral  =  14654.924       accum. integral =  14654.924    *
#  std. dev. =  5692.1367       accum. std. dev =  5692.1367    *
#   min/max. wt. =    0.00000             5657.76               *
#                                                               *
#*************   chi**2/iteration =  0.000       ****************


#********** Integration by Vegas (iteration       2) ************
#                                                               *
#  integral  =  9745.1609       accum. integral =  9763.4295    *
#  std. dev. =  231.31984       accum. std. dev =  294.84550    *
#   min/max. wt. =    0.00000             105.732               *
#                                                               *
#*************   chi**2/iteration =  1.027       ****************


#********** Integration by Vegas (iteration       3) ************
#                                                               *
#  integral  =  10329.529       accum. integral =  10298.489    *
#  std. dev. =  58.945919       accum. std. dev =  65.364277    *
#   min/max. wt. =    0.00000             39.6312               *
#                                                               *
#*************   chi**2/iteration =  2.516       ****************


#********** Integration by Vegas (iteration       4) ************
#                                                               *
#  integral  =  10338.004       accum. integral =  10335.503    *
#  std. dev. =  14.906232       accum. std. dev =  15.961973    *
#   min/max. wt. =  -0.192905E-11         4.43763               *
#                                                               *
#*************   chi**2/iteration =  1.901       ****************


#********** Integration by Vegas (iteration       5) ************
#                                                               *
#  integral  =  10343.153       accum. integral =  10342.040    *
#  std. dev. =  5.9575006       accum. std. dev =  5.9777517    *
#   min/max. wt. =    0.00000            0.538310               *
#                                                               *
#*************   chi**2/iteration =  1.531       ****************


#********** Integration by Vegas (iteration       6) ************
#                                                               *
#  integral  =  10338.680       accum. integral =  10340.107    *
#  std. dev. =  4.7283087       accum. std. dev =  3.8454167    *
#   min/max. wt. =    0.00000            0.757539               *
#                                                               *
#*************   chi**2/iteration =  1.294       ****************


#********** Integration by Vegas (iteration       7) ************
#                                                               *
#  integral  =  10346.618       accum. integral =  10342.730    *
#  std. dev. =  4.3707262       accum. std. dev =  2.9442664    *
#   min/max. wt. =    0.00000            0.257011               *
#                                                               *
#*************   chi**2/iteration =  1.294       ****************


#********** Integration by Vegas (iteration       8) ************
#                                                               *
#  integral  =  10341.192       accum. integral =  10342.272    *
#  std. dev. =  4.2588787       accum. std. dev =  2.4499554    *
#   min/max. wt. =    0.00000            0.304554               *
#                                                               *
#*************   chi**2/iteration =  1.137       ****************


#********** Integration by Vegas (iteration       9) ************
#                                                               *
#  integral  =  10338.124       accum. integral =  10341.295    *
#  std. dev. =  4.1841020       accum. std. dev =  2.1299473    *
#   min/max. wt. =    0.00000            0.205386               *
#                                                               *
#*************   chi**2/iteration =  1.092       ****************


#********** Integration by Vegas (iteration      10) ************
#                                                               *
#  integral  =  10337.539       accum. integral =  10340.584    *
#  std. dev. =  4.2043927       accum. std. dev =  1.9091976    *
#   min/max. wt. =    0.00000            0.492369               *
#                                                               *
#*************   chi**2/iteration =  1.045       ****************


#********** Integration by Vegas (iteration      11) ************
#                                                               *
#  integral  =  10337.364       accum. integral =  10340.063    *
#  std. dev. =  4.1624807       accum. std. dev =  1.7413870    *
#   min/max. wt. =    0.00000            0.170976               *
#                                                               *
#*************   chi**2/iteration = 0.9942       ****************


#********** Integration by Vegas (iteration      12) ************
#                                                               *
#  integral  =  10335.656       accum. integral =  10339.462    *
#  std. dev. =  4.2127333       accum. std. dev =  1.6131834    *
#   min/max. wt. =    0.00000            0.247026               *
#                                                               *
#*************   chi**2/iteration = 0.9895       ****************


#********** Integration by Vegas (iteration      13) ************
#                                                               *
#  integral  =  10336.839       accum. integral =  10339.145    *
#  std. dev. =  4.1915724       accum. std. dev =  1.5082965    *
#   min/max. wt. =    0.00000            0.176383               *
#                                                               *
#*************   chi**2/iteration = 0.9388       ****************


#********** Integration by Vegas (iteration      14) ************
#                                                               *
#  integral  =  10340.827       accum. integral =  10339.327    *
#  std. dev. =  4.1870620       accum. std. dev =  1.4210248    *
#   min/max. wt. =    0.00000            0.156426               *
#                                                               *
#*************   chi**2/iteration = 0.8810       ****************


#********** Integration by Vegas (iteration      15) ************
#                                                               *
#  integral  =  10337.415       accum. integral =  10339.148    *
#  std. dev. =  4.2914441       accum. std. dev =  1.3503103    *
#   min/max. wt. =    0.00000            0.443047               *
#                                                               *
#*************   chi**2/iteration = 0.8335       ****************


  Input parameters for vegas:  ndim=  9   ncall= 80707214.
                              it=    0    itmx=    2
                              acc=-1.00    
                              mds=  1     nd=  50
                              (xl,xu)= (  0.00000     ,  1.00000     )
                                       (  0.00000     ,  1.00000     )
                                       (  0.00000     ,  1.00000     )
                                       (  0.00000     ,  1.00000     )
                                       (  0.00000     ,  1.00000     )
                                       (  0.00000     ,  1.00000     )
                                       (  0.00000     ,  1.00000     )
                                       (  0.00000     ,  1.00000     )
                                       (  0.00000     ,  1.00000     )

#********** Integration by Vegas (iteration       1) ************
#                                                               *
#  integral  =  10334.973       accum. integral =  10334.973    *
#  std. dev. =  4.2843773       accum. std. dev =  4.2843773    *
#   min/max. wt. =    0.00000            0.200757               *
#                                                               *
#*************   chi**2/iteration = 0.8118E-06   ****************


#********** Integration by Vegas (iteration       2) ************
#                                                               *
#  integral  =  10327.904       accum. integral =  10331.499    *
#  std. dev. =  4.3557674       accum. std. dev =  3.0544224    *
#   min/max. wt. =    0.00000            0.218544               *
#                                                               *
#*************   chi**2/iteration =  1.337       ****************

 Done
