SLURM job running in:  /scratch/groups/lhc/park/JHUGen/JHUGenerator
LHAPDF 6.1.5 loading /work-zfs/lhc/cms/slc6_amd64_gcc493/external/lhapdf/6.1.5-kpegke3/share/LHAPDF/NNPDF30_lo_as_0130/NNPDF30_lo_as_0130_0000.dat
NNPDF30_lo_as_0130 PDF set, member #0, version 2; LHAPDF ID = 263000
 extending no. of histograms for vbf tests
 
                                                                                          
   ***************************************************************************************
   *                                JHU Generator v6.9.3                                 *
   ***************************************************************************************
   *                                                                                     *
   *   Spin and parity determination of single-produced resonances at hadron colliders   *
   *                                                                                     *
   *          I. Anderson, S. Bolognesi, F. Caola, Y. Gao, A. Gritsan, Z. Guo,           *
   *        C. Martin, K. Melnikov, R.Rontsch, H. Roskes, U. Sarica, M. Schulze,         *
   *                   N. Tran, A. Whitbeck, M. Xiao, C. You, Y. Zhou                    *
   *                Phys.Rev. D81 (2010) 075022;  arXiv:1001.3396 [hep-ph],              *
   *                Phys.Rev. D86 (2012) 095031;  arXiv:1208.4018 [hep-ph],              *
   *                Phys.Rev. D89 (2014) 035007;  arXiv:1309.4819 [hep-ph].              *
   *                                                                                     *
   ***************************************************************************************
                                                                                          
   
   Command line: ./JHUGen Unweighted=0 VegasNc0=99999999 VegasNc1=99999999 VegasNc2=99999999 LHAPDF=NNPDF30_lo_as_0130/NNPDF30_lo_as_0130.info MReso=1550 ghz1=0,0 ghz4=1,0 Process=60 pTjetcut=0 deltaRcut=0
   
   Input Parameter:
    Collider: P-P, sqrt(s)=13000.00
    Resonance: spin=0, mass=1550.00 width=   0.00407
    Z-boson: mass=91.188, width=2.4952
    W-boson: mass=80.399, width=2.0850
    Jet cuts:
            pT >=     0.00 GeV
        DeltaR >=     0.00
           mJJ >=     0.00 GeV
    Random seed:   584787423
    To reproduce results using this seed, JHUGen should be compiled with the same compiler:
      GNU Fortran (GCC) 4.9.3
    
    WidthScheme:   2
    LHAPDF set NNPDF30_lo_as_0130/NNPDF30_lo_as_0130.info, member=  0
    Unweighted: F
    
    spin-0-VV couplings: 
      generate_as=F
      ghg2=  0.10000000E+01  0.00000000E+00i
      ghg3=  0.00000000E+00  0.00000000E+00i
      ghg4=  0.00000000E+00  0.00000000E+00i
      ghz1=  0.00000000E+00  0.00000000E+00i
      ghz2=  0.00000000E+00  0.00000000E+00i
      ghz3=  0.00000000E+00  0.00000000E+00i
      ghz4=  0.10000000E+01  0.00000000E+00i
      Lambda=  1000.0
    
    LHE output: ./data/output.lhe
    Histogram output: ./data/output.dat
    Log file: ./data/output.log
    
  Running

  Input parameters for vegas:  ndim=  9   ncall= 80707214.
                              it=    0    itmx=   15
                              acc=-1.00    
                              mds=  1     nd=  50
                              (xl,xu)= (  0.00000     ,  1.00000     )
                                       (  0.00000     ,  1.00000     )
                                       (  0.00000     ,  1.00000     )
                                       (  0.00000     ,  1.00000     )
                                       (  0.00000     ,  1.00000     )
                                       (  0.00000     ,  1.00000     )
                                       (  0.00000     ,  1.00000     )
                                       (  0.00000     ,  1.00000     )
                                       (  0.00000     ,  1.00000     )

#********** Integration by Vegas (iteration       1) ************
#                                                               *
#  integral  =  295.19399       accum. integral =  295.19399    *
#  std. dev. =  50.022700       accum. std. dev =  50.022700    *
#   min/max. wt. =    0.00000             47.8705               *
#                                                               *
#*************   chi**2/iteration =  0.000       ****************


#********** Integration by Vegas (iteration       2) ************
#                                                               *
#  integral  =  371.96557       accum. integral =  363.00071    *
#  std. dev. =  22.919116       accum. std. dev =  19.444083    *
#   min/max. wt. =    0.00000             17.2223               *
#                                                               *
#*************   chi**2/iteration =  1.606       ****************


#********** Integration by Vegas (iteration       3) ************
#                                                               *
#  integral  =  392.03440       accum. integral =  390.23172    *
#  std. dev. =  5.8409432       accum. std. dev =  5.1298741    *
#   min/max. wt. =    0.00000             4.39096               *
#                                                               *
#*************   chi**2/iteration =  1.649       ****************


#********** Integration by Vegas (iteration       4) ************
#                                                               *
#  integral  =  387.35414       accum. integral =  387.38450    *
#  std. dev. = 0.57720741       accum. std. dev = 0.53915437    *
#   min/max. wt. =    0.00000            0.990227E-01           *
#                                                               *
#*************   chi**2/iteration =  1.149       ****************


#********** Integration by Vegas (iteration       5) ************
#                                                               *
#  integral  =  387.77364       accum. integral =  387.74176    *
#  std. dev. = 0.17168039       accum. std. dev = 0.15639655    *
#   min/max. wt. =    0.00000            0.175130E-01           *
#                                                               *
#*************   chi**2/iteration = 0.9556       ****************


#********** Integration by Vegas (iteration       6) ************
#                                                               *
#  integral  =  388.27859       accum. integral =  388.08262    *
#  std. dev. = 0.12489199       accum. std. dev = 0.95349608E-01*
#   min/max. wt. =    0.00000            0.100673E-01           *
#                                                               *
#*************   chi**2/iteration =  2.220       ****************


#********** Integration by Vegas (iteration       7) ************
#                                                               *
#  integral  =  387.98566       accum. integral =  388.04230    *
#  std. dev. = 0.11787029       accum. std. dev = 0.73332969E-01*
#   min/max. wt. =    0.00000            0.260541E-01           *
#                                                               *
#*************   chi**2/iteration =  1.898       ****************


#********** Integration by Vegas (iteration       8) ************
#                                                               *
#  integral  =  387.89018       accum. integral =  387.99561    *
#  std. dev. = 0.11417469       accum. std. dev = 0.61329014E-01*
#   min/max. wt. =    0.00000            0.103464E-01           *
#                                                               *
#*************   chi**2/iteration =  1.799       ****************


#********** Integration by Vegas (iteration       9) ************
#                                                               *
#  integral  =  388.09189       accum. integral =  388.01849    *
#  std. dev. = 0.11334088       accum. std. dev = 0.53739087E-01*
#   min/max. wt. =    0.00000            0.876413E-02           *
#                                                               *
#*************   chi**2/iteration =  1.636       ****************


#********** Integration by Vegas (iteration      10) ************
#                                                               *
#  integral  =  388.19876       accum. integral =  388.05327    *
#  std. dev. = 0.11306270       accum. std. dev = 0.48418141E-01*
#   min/max. wt. =    0.00000            0.363449E-02           *
#                                                               *
#*************   chi**2/iteration =  1.685       ****************


#********** Integration by Vegas (iteration      11) ************
#                                                               *
#  integral  =  388.13361       accum. integral =  388.06636    *
#  std. dev. = 0.11255030       accum. std. dev = 0.44402939E-01*
#   min/max. wt. =    0.00000            0.422524E-02           *
#                                                               *
#*************   chi**2/iteration =  1.554       ****************


#********** Integration by Vegas (iteration      12) ************
#                                                               *
#  integral  =  387.96200       accum. integral =  388.05181    *
#  std. dev. = 0.11281501       accum. std. dev = 0.41270088E-01*
#   min/max. wt. =    0.00000            0.581232E-02           *
#                                                               *
#*************   chi**2/iteration =  1.477       ****************


#********** Integration by Vegas (iteration      13) ************
#                                                               *
#  integral  =  388.02821       accum. integral =  388.04896    *
#  std. dev. = 0.11376662       accum. std. dev = 0.38764260E-01*
#   min/max. wt. =    0.00000            0.340139E-02           *
#                                                               *
#*************   chi**2/iteration =  1.353       ****************


#********** Integration by Vegas (iteration      14) ************
#                                                               *
#  integral  =  388.02716       accum. integral =  388.04666    *
#  std. dev. = 0.11489050       accum. std. dev = 0.36708128E-01*
#   min/max. wt. =    0.00000            0.580329E-02           *
#                                                               *
#*************   chi**2/iteration =  1.248       ****************


#********** Integration by Vegas (iteration      15) ************
#                                                               *
#  integral  =  388.05075       accum. integral =  388.04704    *
#  std. dev. = 0.11589623       accum. std. dev = 0.34979364E-01*
#   min/max. wt. =    0.00000            0.426146E-02           *
#                                                               *
#*************   chi**2/iteration =  1.156       ****************


  Input parameters for vegas:  ndim=  9   ncall= 80707214.
                              it=    0    itmx=    2
                              acc=-1.00    
                              mds=  1     nd=  50
                              (xl,xu)= (  0.00000     ,  1.00000     )
                                       (  0.00000     ,  1.00000     )
                                       (  0.00000     ,  1.00000     )
                                       (  0.00000     ,  1.00000     )
                                       (  0.00000     ,  1.00000     )
                                       (  0.00000     ,  1.00000     )
                                       (  0.00000     ,  1.00000     )
                                       (  0.00000     ,  1.00000     )
                                       (  0.00000     ,  1.00000     )

#********** Integration by Vegas (iteration       1) ************
#                                                               *
#  integral  =  388.05000       accum. integral =  388.05000    *
#  std. dev. = 0.11845389       accum. std. dev = 0.11845389    *
#   min/max. wt. =    0.00000            0.524274E-02           *
#                                                               *
#*************   chi**2/iteration =  0.000       ****************


#********** Integration by Vegas (iteration       2) ************
#                                                               *
#  integral  =  387.97722       accum. integral =  388.01365    *
#  std. dev. = 0.11857646       accum. std. dev = 0.83802840E-01*
#   min/max. wt. =    0.00000            0.453313E-02           *
#                                                               *
#*************   chi**2/iteration = 0.1884       ****************

 Done
