SLURM job running in:  /scratch/groups/lhc/park/JHUGen/JHUGenerator
LHAPDF 6.1.5 loading /work-zfs/lhc/cms/slc6_amd64_gcc493/external/lhapdf/6.1.5-kpegke3/share/LHAPDF/NNPDF30_lo_as_0130/NNPDF30_lo_as_0130_0000.dat
NNPDF30_lo_as_0130 PDF set, member #0, version 2; LHAPDF ID = 263000
 extending no. of histograms for vbf tests
 
                                                                                          
   ***************************************************************************************
   *                                JHU Generator v6.9.3                                 *
   ***************************************************************************************
   *                                                                                     *
   *   Spin and parity determination of single-produced resonances at hadron colliders   *
   *                                                                                     *
   *          I. Anderson, S. Bolognesi, F. Caola, Y. Gao, A. Gritsan, Z. Guo,           *
   *        C. Martin, K. Melnikov, R.Rontsch, H. Roskes, U. Sarica, M. Schulze,         *
   *                   N. Tran, A. Whitbeck, M. Xiao, C. You, Y. Zhou                    *
   *                Phys.Rev. D81 (2010) 075022;  arXiv:1001.3396 [hep-ph],              *
   *                Phys.Rev. D86 (2012) 095031;  arXiv:1208.4018 [hep-ph],              *
   *                Phys.Rev. D89 (2014) 035007;  arXiv:1309.4819 [hep-ph].              *
   *                                                                                     *
   ***************************************************************************************
                                                                                          
   
   Command line: ./JHUGen Unweighted=0 VegasNc0=99999999 VegasNc1=99999999 VegasNc2=99999999 LHAPDF=NNPDF30_lo_as_0130/NNPDF30_lo_as_0130.info MReso=172 ghz1=0,0 ghz4=1,0 Process=60 pTjetcut=0 deltaRcut=0
   
   Input Parameter:
    Collider: P-P, sqrt(s)=13000.00
    Resonance: spin=0, mass= 172.00 width=   0.00407
    Z-boson: mass=91.188, width=2.4952
    W-boson: mass=80.399, width=2.0850
    Jet cuts:
            pT >=     0.00 GeV
        DeltaR >=     0.00
           mJJ >=     0.00 GeV
    Random seed:   731503852
    To reproduce results using this seed, JHUGen should be compiled with the same compiler:
      GNU Fortran (GCC) 4.9.3
    
    WidthScheme:   2
    LHAPDF set NNPDF30_lo_as_0130/NNPDF30_lo_as_0130.info, member=  0
    Unweighted: F
    
    spin-0-VV couplings: 
      generate_as=F
      ghg2=  0.10000000E+01  0.00000000E+00i
      ghg3=  0.00000000E+00  0.00000000E+00i
      ghg4=  0.00000000E+00  0.00000000E+00i
      ghz1=  0.00000000E+00  0.00000000E+00i
      ghz2=  0.00000000E+00  0.00000000E+00i
      ghz3=  0.00000000E+00  0.00000000E+00i
      ghz4=  0.10000000E+01  0.00000000E+00i
      Lambda=  1000.0
    
    LHE output: ./data/output.lhe
    Histogram output: ./data/output.dat
    Log file: ./data/output.log
    
  Running

  Input parameters for vegas:  ndim=  9   ncall= 80707214.
                              it=    0    itmx=   15
                              acc=-1.00    
                              mds=  1     nd=  50
                              (xl,xu)= (  0.00000     ,  1.00000     )
                                       (  0.00000     ,  1.00000     )
                                       (  0.00000     ,  1.00000     )
                                       (  0.00000     ,  1.00000     )
                                       (  0.00000     ,  1.00000     )
                                       (  0.00000     ,  1.00000     )
                                       (  0.00000     ,  1.00000     )
                                       (  0.00000     ,  1.00000     )
                                       (  0.00000     ,  1.00000     )

#********** Integration by Vegas (iteration       1) ************
#                                                               *
#  integral  =  7279.0507       accum. integral =  7279.0507    *
#  std. dev. =  308.66296       accum. std. dev =  308.66296    *
#   min/max. wt. =    0.00000             217.175               *
#                                                               *
#*************   chi**2/iteration =  0.000       ****************


#********** Integration by Vegas (iteration       2) ************
#                                                               *
#  integral  =  9293.4933       accum. integral =  8688.7925    *
#  std. dev. =  258.10072       accum. std. dev =  193.93075    *
#   min/max. wt. =    0.00000             185.579               *
#                                                               *
#*************   chi**2/iteration =  22.64       ****************


#********** Integration by Vegas (iteration       3) ************
#                                                               *
#  integral  =  9330.9005       accum. integral =  9314.1850    *
#  std. dev. =  35.441249       accum. std. dev =  32.565209    *
#   min/max. wt. =    0.00000             17.7302               *
#                                                               *
#*************   chi**2/iteration =  15.38       ****************


#********** Integration by Vegas (iteration       4) ************
#                                                               *
#  integral  =  9403.1966       accum. integral =  9396.6184    *
#  std. dev. =  9.9571769       accum. std. dev =  9.0407296    *
#   min/max. wt. =    0.00000             1.68235               *
#                                                               *
#*************   chi**2/iteration =  12.05       ****************


#********** Integration by Vegas (iteration       5) ************
#                                                               *
#  integral  =  9391.8840       accum. integral =  9392.9169    *
#  std. dev. =  5.0557395       accum. std. dev =  4.2734690    *
#   min/max. wt. =    0.00000            0.708131               *
#                                                               *
#*************   chi**2/iteration =  8.875       ****************


#********** Integration by Vegas (iteration       6) ************
#                                                               *
#  integral  =  9397.6655       accum. integral =  9395.4433    *
#  std. dev. =  4.1952074       accum. std. dev =  2.9466252    *
#   min/max. wt. =    0.00000            0.462247               *
#                                                               *
#*************   chi**2/iteration =  7.118       ****************


#********** Integration by Vegas (iteration       7) ************
#                                                               *
#  integral  =  9411.9460       accum. integral =  9401.5350    *
#  std. dev. =  4.0064375       accum. std. dev =  2.3540431    *
#   min/max. wt. =    0.00000            0.275650               *
#                                                               *
#*************   chi**2/iteration =  7.771       ****************


#********** Integration by Vegas (iteration       8) ************
#                                                               *
#  integral  =  9408.7114       accum. integral =  9403.5436    *
#  std. dev. =  3.9029787       accum. std. dev =  2.0061457    *
#   min/max. wt. =    0.00000            0.269615               *
#                                                               *
#*************   chi**2/iteration =  6.973       ****************


#********** Integration by Vegas (iteration       9) ************
#                                                               *
#  integral  =  9403.5733       accum. integral =  9403.5504    *
#  std. dev. =  3.7851285       accum. std. dev =  1.7670459    *
#   min/max. wt. =    0.00000            0.253095               *
#                                                               *
#*************   chi**2/iteration =  6.062       ****************


#********** Integration by Vegas (iteration      10) ************
#                                                               *
#  integral  =  9403.4439       accum. integral =  9403.5307    *
#  std. dev. =  3.7959684       accum. std. dev =  1.5987879    *
#   min/max. wt. =    0.00000            0.241405               *
#                                                               *
#*************   chi**2/iteration =  5.361       ****************


#********** Integration by Vegas (iteration      11) ************
#                                                               *
#  integral  =  9398.9803       accum. integral =  9402.8323    *
#  std. dev. =  3.8383772       accum. std. dev =  1.4739958    *
#   min/max. wt. =    0.00000            0.632049               *
#                                                               *
#*************   chi**2/iteration =  4.929       ****************


#********** Integration by Vegas (iteration      12) ************
#                                                               *
#  integral  =  9404.2324       accum. integral =  9403.0208    *
#  std. dev. =  3.8138900       accum. std. dev =  1.3735483    *
#   min/max. wt. =    0.00000            0.182802               *
#                                                               *
#*************   chi**2/iteration =  4.476       ****************


#********** Integration by Vegas (iteration      13) ************
#                                                               *
#  integral  =  9402.8991       accum. integral =  9403.0062    *
#  std. dev. =  3.7895267       accum. std. dev =  1.2903806    *
#   min/max. wt. =    0.00000            0.133778               *
#                                                               *
#*************   chi**2/iteration =  4.092       ****************


#********** Integration by Vegas (iteration      14) ************
#                                                               *
#  integral  =  9415.1460       accum. integral =  9404.2764    *
#  std. dev. =  3.8453096       accum. std. dev =  1.2226539    *
#   min/max. wt. =    0.00000            0.269892               *
#                                                               *
#*************   chi**2/iteration =  4.477       ****************


#********** Integration by Vegas (iteration      15) ************
#                                                               *
#  integral  =  9410.7299       accum. integral =  9404.8887    *
#  std. dev. =  3.8398458       accum. std. dev =  1.1645203    *
#   min/max. wt. =    0.00000            0.176318               *
#                                                               *
#*************   chi**2/iteration =  4.336       ****************


  Input parameters for vegas:  ndim=  9   ncall= 80707214.
                              it=    0    itmx=    2
                              acc=-1.00    
                              mds=  1     nd=  50
                              (xl,xu)= (  0.00000     ,  1.00000     )
                                       (  0.00000     ,  1.00000     )
                                       (  0.00000     ,  1.00000     )
                                       (  0.00000     ,  1.00000     )
                                       (  0.00000     ,  1.00000     )
                                       (  0.00000     ,  1.00000     )
                                       (  0.00000     ,  1.00000     )
                                       (  0.00000     ,  1.00000     )
                                       (  0.00000     ,  1.00000     )

#********** Integration by Vegas (iteration       1) ************
#                                                               *
#  integral  =  9398.5278       accum. integral =  9398.5278    *
#  std. dev. =  3.8564418       accum. std. dev =  3.8564418    *
#   min/max. wt. =    0.00000            0.182361               *
#                                                               *
#*************   chi**2/iteration =  0.000       ****************


#********** Integration by Vegas (iteration       2) ************
#                                                               *
#  integral  =  9411.9109       accum. integral =  9405.1328    *
#  std. dev. =  3.9122139       accum. std. dev =  2.7464503    *
#   min/max. wt. =    0.00000            0.159068               *
#                                                               *
#*************   chi**2/iteration =  5.929       ****************

 Done
