SLURM job running in:  /scratch/groups/lhc/park/JHUGen/JHUGenerator
LHAPDF 6.1.5 loading /work-zfs/lhc/cms/slc6_amd64_gcc493/external/lhapdf/6.1.5-kpegke3/share/LHAPDF/NNPDF30_lo_as_0130/NNPDF30_lo_as_0130_0000.dat
NNPDF30_lo_as_0130 PDF set, member #0, version 2; LHAPDF ID = 263000
 extending no. of histograms for vbf tests
 
                                                                                          
   ***************************************************************************************
   *                                JHU Generator v6.9.3                                 *
   ***************************************************************************************
   *                                                                                     *
   *   Spin and parity determination of single-produced resonances at hadron colliders   *
   *                                                                                     *
   *          I. Anderson, S. Bolognesi, F. Caola, Y. Gao, A. Gritsan, Z. Guo,           *
   *        C. Martin, K. Melnikov, R.Rontsch, H. Roskes, U. Sarica, M. Schulze,         *
   *                   N. Tran, A. Whitbeck, M. Xiao, C. You, Y. Zhou                    *
   *                Phys.Rev. D81 (2010) 075022;  arXiv:1001.3396 [hep-ph],              *
   *                Phys.Rev. D86 (2012) 095031;  arXiv:1208.4018 [hep-ph],              *
   *                Phys.Rev. D89 (2014) 035007;  arXiv:1309.4819 [hep-ph].              *
   *                                                                                     *
   ***************************************************************************************
                                                                                          
   
   Command line: ./JHUGen Unweighted=0 VegasNc0=99999999 VegasNc1=99999999 VegasNc2=99999999 LHAPDF=NNPDF30_lo_as_0130/NNPDF30_lo_as_0130.info MReso=1750 ghz1=0,0 ghz4=1,0 Process=60 pTjetcut=0 deltaRcut=0
   
   Input Parameter:
    Collider: P-P, sqrt(s)=13000.00
    Resonance: spin=0, mass=1750.00 width=   0.00407
    Z-boson: mass=91.188, width=2.4952
    W-boson: mass=80.399, width=2.0850
    Jet cuts:
            pT >=     0.00 GeV
        DeltaR >=     0.00
           mJJ >=     0.00 GeV
    Random seed:   246355068
    To reproduce results using this seed, JHUGen should be compiled with the same compiler:
      GNU Fortran (GCC) 4.9.3
    
    WidthScheme:   2
    LHAPDF set NNPDF30_lo_as_0130/NNPDF30_lo_as_0130.info, member=  0
    Unweighted: F
    
    spin-0-VV couplings: 
      generate_as=F
      ghg2=  0.10000000E+01  0.00000000E+00i
      ghg3=  0.00000000E+00  0.00000000E+00i
      ghg4=  0.00000000E+00  0.00000000E+00i
      ghz1=  0.00000000E+00  0.00000000E+00i
      ghz2=  0.00000000E+00  0.00000000E+00i
      ghz3=  0.00000000E+00  0.00000000E+00i
      ghz4=  0.10000000E+01  0.00000000E+00i
      Lambda=  1000.0
    
    LHE output: ./data/output.lhe
    Histogram output: ./data/output.dat
    Log file: ./data/output.log
    
  Running

  Input parameters for vegas:  ndim=  9   ncall= 80707214.
                              it=    0    itmx=   15
                              acc=-1.00    
                              mds=  1     nd=  50
                              (xl,xu)= (  0.00000     ,  1.00000     )
                                       (  0.00000     ,  1.00000     )
                                       (  0.00000     ,  1.00000     )
                                       (  0.00000     ,  1.00000     )
                                       (  0.00000     ,  1.00000     )
                                       (  0.00000     ,  1.00000     )
                                       (  0.00000     ,  1.00000     )
                                       (  0.00000     ,  1.00000     )
                                       (  0.00000     ,  1.00000     )

#********** Integration by Vegas (iteration       1) ************
#                                                               *
#  integral  =  312.10933       accum. integral =  312.10933    *
#  std. dev. =  114.70599       accum. std. dev =  114.70599    *
#   min/max. wt. =    0.00000             113.728               *
#                                                               *
#*************   chi**2/iteration =  0.000       ****************


#********** Integration by Vegas (iteration       2) ************
#                                                               *
#  integral  =  262.92105       accum. integral =  264.10150    *
#  std. dev. =  15.152118       accum. std. dev =  16.429226    *
#   min/max. wt. =    0.00000             10.6083               *
#                                                               *
#*************   chi**2/iteration = 0.2097       ****************


#********** Integration by Vegas (iteration       3) ************
#                                                               *
#  integral  =  267.58813       accum. integral =  267.49325    *
#  std. dev. =  2.5480621       accum. std. dev =  2.6461271    *
#   min/max. wt. =    0.00000             1.81170               *
#                                                               *
#*************   chi**2/iteration = 0.1330       ****************


#********** Integration by Vegas (iteration       4) ************
#                                                               *
#  integral  =  270.14050       accum. integral =  270.07784    *
#  std. dev. = 0.39505851       accum. std. dev = 0.40299798    *
#   min/max. wt. =    0.00000            0.105461               *
#                                                               *
#*************   chi**2/iteration = 0.4228       ****************


#********** Integration by Vegas (iteration       5) ************
#                                                               *
#  integral  =  270.10073       accum. integral =  270.09883    *
#  std. dev. = 0.11745260       accum. std. dev = 0.11540757    *
#   min/max. wt. =    0.00000            0.140549E-01           *
#                                                               *
#*************   chi**2/iteration = 0.3219       ****************


#********** Integration by Vegas (iteration       6) ************
#                                                               *
#  integral  =  269.97880       accum. integral =  270.02194    *
#  std. dev. = 0.84213279E-01   accum. std. dev = 0.68895883E-01*
#   min/max. wt. =    0.00000            0.547873E-02           *
#                                                               *
#*************   chi**2/iteration = 0.3995       ****************


#********** Integration by Vegas (iteration       7) ************
#                                                               *
#  integral  =  270.16460       accum. integral =  270.08215    *
#  std. dev. = 0.78925995E-01   accum. std. dev = 0.52220691E-01*
#   min/max. wt. =    0.00000            0.652925E-02           *
#                                                               *
#*************   chi**2/iteration = 0.6382       ****************


#********** Integration by Vegas (iteration       8) ************
#                                                               *
#  integral  =  270.19782       accum. integral =  270.11707    *
#  std. dev. = 0.77991166E-01   accum. std. dev = 0.43536143E-01*
#   min/max. wt. =    0.00000            0.289623E-02           *
#                                                               *
#*************   chi**2/iteration = 0.7620       ****************


#********** Integration by Vegas (iteration       9) ************
#                                                               *
#  integral  =  270.04974       accum. integral =  270.10151    *
#  std. dev. = 0.78141577E-01   accum. std. dev = 0.38109791E-01*
#   min/max. wt. =    0.00000            0.330565E-02           *
#                                                               *
#*************   chi**2/iteration = 0.7385       ****************


#********** Integration by Vegas (iteration      10) ************
#                                                               *
#  integral  =  270.11587       accum. integral =  270.10424    *
#  std. dev. = 0.77580526E-01   accum. std. dev = 0.34251734E-01*
#   min/max. wt. =    0.00000            0.385734E-02           *
#                                                               *
#*************   chi**2/iteration = 0.6613       ****************


#********** Integration by Vegas (iteration      11) ************
#                                                               *
#  integral  =  270.14533       accum. integral =  270.11077    *
#  std. dev. = 0.77796984E-01   accum. std. dev = 0.31376614E-01*
#   min/max. wt. =    0.00000            0.517245E-02           *
#                                                               *
#*************   chi**2/iteration = 0.6195       ****************


#********** Integration by Vegas (iteration      12) ************
#                                                               *
#  integral  =  269.96579       accum. integral =  270.09066    *
#  std. dev. = 0.77224545E-01   accum. std. dev = 0.29089680E-01*
#   min/max. wt. =    0.00000            0.216268E-02           *
#                                                               *
#*************   chi**2/iteration = 0.8341       ****************


#********** Integration by Vegas (iteration      13) ************
#                                                               *
#  integral  =  270.01596       accum. integral =  270.08225    *
#  std. dev. = 0.80753379E-01   accum. std. dev = 0.27379636E-01*
#   min/max. wt. =    0.00000            0.940766E-02           *
#                                                               *
#*************   chi**2/iteration = 0.8278       ****************


#********** Integration by Vegas (iteration      14) ************
#                                                               *
#  integral  =  270.07464       accum. integral =  270.08146    *
#  std. dev. = 0.80046740E-01   accum. std. dev = 0.25914763E-01*
#   min/max. wt. =    0.00000            0.225592E-02           *
#                                                               *
#*************   chi**2/iteration = 0.7659       ****************


#********** Integration by Vegas (iteration      15) ************
#                                                               *
#  integral  =  270.01707       accum. integral =  270.07557    *
#  std. dev. = 0.80892922E-01   accum. std. dev = 0.24685494E-01*
#   min/max. wt. =    0.00000            0.232389E-02           *
#                                                               *
#*************   chi**2/iteration = 0.7525       ****************


  Input parameters for vegas:  ndim=  9   ncall= 80707214.
                              it=    0    itmx=    2
                              acc=-1.00    
                              mds=  1     nd=  50
                              (xl,xu)= (  0.00000     ,  1.00000     )
                                       (  0.00000     ,  1.00000     )
                                       (  0.00000     ,  1.00000     )
                                       (  0.00000     ,  1.00000     )
                                       (  0.00000     ,  1.00000     )
                                       (  0.00000     ,  1.00000     )
                                       (  0.00000     ,  1.00000     )
                                       (  0.00000     ,  1.00000     )
                                       (  0.00000     ,  1.00000     )

#********** Integration by Vegas (iteration       1) ************
#                                                               *
#  integral  =  269.99370       accum. integral =  269.99370    *
#  std. dev. = 0.81110103E-01   accum. std. dev = 0.81110103E-01*
#   min/max. wt. =    0.00000            0.270719E-02           *
#                                                               *
#*************   chi**2/iteration =  0.000       ****************


#********** Integration by Vegas (iteration       2) ************
#                                                               *
#  integral  =  270.13686       accum. integral =  270.06418    *
#  std. dev. = 0.82402459E-01   accum. std. dev = 0.57805246E-01*
#   min/max. wt. =    0.00000            0.327207E-02           *
#                                                               *
#*************   chi**2/iteration =  1.532       ****************

 Done
