SLURM job running in:  /scratch/groups/lhc/park/JHUGen/JHUGenerator
LHAPDF 6.1.5 loading /work-zfs/lhc/cms/slc6_amd64_gcc493/external/lhapdf/6.1.5-kpegke3/share/LHAPDF/NNPDF30_lo_as_0130/NNPDF30_lo_as_0130_0000.dat
NNPDF30_lo_as_0130 PDF set, member #0, version 2; LHAPDF ID = 263000
 extending no. of histograms for vbf tests
 
                                                                                          
   ***************************************************************************************
   *                                JHU Generator v6.9.3                                 *
   ***************************************************************************************
   *                                                                                     *
   *   Spin and parity determination of single-produced resonances at hadron colliders   *
   *                                                                                     *
   *          I. Anderson, S. Bolognesi, F. Caola, Y. Gao, A. Gritsan, Z. Guo,           *
   *        C. Martin, K. Melnikov, R.Rontsch, H. Roskes, U. Sarica, M. Schulze,         *
   *                   N. Tran, A. Whitbeck, M. Xiao, C. You, Y. Zhou                    *
   *                Phys.Rev. D81 (2010) 075022;  arXiv:1001.3396 [hep-ph],              *
   *                Phys.Rev. D86 (2012) 095031;  arXiv:1208.4018 [hep-ph],              *
   *                Phys.Rev. D89 (2014) 035007;  arXiv:1309.4819 [hep-ph].              *
   *                                                                                     *
   ***************************************************************************************
                                                                                          
   
   Command line: ./JHUGen Unweighted=0 VegasNc0=99999999 VegasNc1=99999999 VegasNc2=99999999 LHAPDF=NNPDF30_lo_as_0130/NNPDF30_lo_as_0130.info MReso=1950 ghz1=0,0 ghz4=1,0 Process=60 pTjetcut=0 deltaRcut=0
   
   Input Parameter:
    Collider: P-P, sqrt(s)=13000.00
    Resonance: spin=0, mass=1950.00 width=   0.00407
    Z-boson: mass=91.188, width=2.4952
    W-boson: mass=80.399, width=2.0850
    Jet cuts:
            pT >=     0.00 GeV
        DeltaR >=     0.00
           mJJ >=     0.00 GeV
    Random seed:   203316822
    To reproduce results using this seed, JHUGen should be compiled with the same compiler:
      GNU Fortran (GCC) 4.9.3
    
    WidthScheme:   2
    LHAPDF set NNPDF30_lo_as_0130/NNPDF30_lo_as_0130.info, member=  0
    Unweighted: F
    
    spin-0-VV couplings: 
      generate_as=F
      ghg2=  0.10000000E+01  0.00000000E+00i
      ghg3=  0.00000000E+00  0.00000000E+00i
      ghg4=  0.00000000E+00  0.00000000E+00i
      ghz1=  0.00000000E+00  0.00000000E+00i
      ghz2=  0.00000000E+00  0.00000000E+00i
      ghz3=  0.00000000E+00  0.00000000E+00i
      ghz4=  0.10000000E+01  0.00000000E+00i
      Lambda=  1000.0
    
    LHE output: ./data/output.lhe
    Histogram output: ./data/output.dat
    Log file: ./data/output.log
    
  Running

  Input parameters for vegas:  ndim=  9   ncall= 80707214.
                              it=    0    itmx=   15
                              acc=-1.00    
                              mds=  1     nd=  50
                              (xl,xu)= (  0.00000     ,  1.00000     )
                                       (  0.00000     ,  1.00000     )
                                       (  0.00000     ,  1.00000     )
                                       (  0.00000     ,  1.00000     )
                                       (  0.00000     ,  1.00000     )
                                       (  0.00000     ,  1.00000     )
                                       (  0.00000     ,  1.00000     )
                                       (  0.00000     ,  1.00000     )
                                       (  0.00000     ,  1.00000     )

#********** Integration by Vegas (iteration       1) ************
#                                                               *
#  integral  =  136.35112       accum. integral =  136.35112    *
#  std. dev. =  10.490364       accum. std. dev =  10.490364    *
#   min/max. wt. =    0.00000             5.72272               *
#                                                               *
#*************   chi**2/iteration =  0.000       ****************


#********** Integration by Vegas (iteration       2) ************
#                                                               *
#  integral  =  169.49435       accum. integral =  163.59886    *
#  std. dev. =  6.0657099       accum. std. dev =  4.9911596    *
#   min/max. wt. =    0.00000             3.42150               *
#                                                               *
#*************   chi**2/iteration =  6.442       ****************


#********** Integration by Vegas (iteration       3) ************
#                                                               *
#  integral  =  189.47581       accum. integral =  187.01477    *
#  std. dev. =  1.9932025       accum. std. dev =  1.6666815    *
#   min/max. wt. =    0.00000             1.44290               *
#                                                               *
#*************   chi**2/iteration =  13.12       ****************


#********** Integration by Vegas (iteration       4) ************
#                                                               *
#  integral  =  189.89606       accum. integral =  189.80092    *
#  std. dev. = 0.35114520       accum. std. dev = 0.31400486    *
#   min/max. wt. =    0.00000            0.261421               *
#                                                               *
#*************   chi**2/iteration =  9.031       ****************


#********** Integration by Vegas (iteration       5) ************
#                                                               *
#  integral  =  189.56012       accum. integral =  189.58225    *
#  std. dev. = 0.10964065       accum. std. dev = 0.97112912E-01*
#   min/max. wt. =    0.00000            0.467839E-02           *
#                                                               *
#*************   chi**2/iteration =  6.635       ****************


#********** Integration by Vegas (iteration       6) ************
#                                                               *
#  integral  =  189.67027       accum. integral =  189.64703    *
#  std. dev. = 0.62601759E-01   accum. std. dev = 0.50547694E-01*
#   min/max. wt. =    0.00000            0.514593E-02           *
#                                                               *
#*************   chi**2/iteration =  5.290       ****************


#********** Integration by Vegas (iteration       7) ************
#                                                               *
#  integral  =  189.52964       accum. integral =  189.58982    *
#  std. dev. = 0.55041108E-01   accum. std. dev = 0.36518531E-01*
#   min/max. wt. =    0.00000            0.230990E-02           *
#                                                               *
#*************   chi**2/iteration =  4.760       ****************


#********** Integration by Vegas (iteration       8) ************
#                                                               *
#  integral  =  189.58182       accum. integral =  189.58707    *
#  std. dev. = 0.53156453E-01   accum. std. dev = 0.29791493E-01*
#   min/max. wt. =    0.00000            0.430208E-02           *
#                                                               *
#*************   chi**2/iteration =  4.028       ****************


#********** Integration by Vegas (iteration       9) ************
#                                                               *
#  integral  =  189.62756       accum. integral =  189.59739    *
#  std. dev. = 0.53275305E-01   accum. std. dev = 0.25850422E-01*
#   min/max. wt. =    0.00000            0.609793E-02           *
#                                                               *
#*************   chi**2/iteration =  3.546       ****************


#********** Integration by Vegas (iteration      10) ************
#                                                               *
#  integral  =  189.58411       accum. integral =  189.59462    *
#  std. dev. = 0.52361804E-01   accum. std. dev = 0.23089791E-01*
#   min/max. wt. =    0.00000            0.248101E-02           *
#                                                               *
#*************   chi**2/iteration =  3.133       ****************


#********** Integration by Vegas (iteration      11) ************
#                                                               *
#  integral  =  189.59765       accum. integral =  189.59513    *
#  std. dev. = 0.52851806E-01   accum. std. dev = 0.21105549E-01*
#   min/max. wt. =    0.00000            0.445531E-02           *
#                                                               *
#*************   chi**2/iteration =  2.801       ****************


#********** Integration by Vegas (iteration      12) ************
#                                                               *
#  integral  =  189.58997       accum. integral =  189.59439    *
#  std. dev. = 0.53034277E-01   accum. std. dev = 0.19575491E-01*
#   min/max. wt. =    0.00000            0.257574E-02           *
#                                                               *
#*************   chi**2/iteration =  2.533       ****************


#********** Integration by Vegas (iteration      13) ************
#                                                               *
#  integral  =  189.65461       accum. integral =  189.60178    *
#  std. dev. = 0.53916756E-01   accum. std. dev = 0.18378252E-01*
#   min/max. wt. =    0.00000            0.502648E-02           *
#                                                               *
#*************   chi**2/iteration =  2.408       ****************


#********** Integration by Vegas (iteration      14) ************
#                                                               *
#  integral  =  189.65408       accum. integral =  189.60743    *
#  std. dev. = 0.54255108E-01   accum. std. dev = 0.17391451E-01*
#   min/max. wt. =    0.00000            0.159734E-02           *
#                                                               *
#*************   chi**2/iteration =  2.281       ****************


#********** Integration by Vegas (iteration      15) ************
#                                                               *
#  integral  =  189.66701       accum. integral =  189.61316    *
#  std. dev. = 0.54697846E-01   accum. std. dev = 0.16563081E-01*
#   min/max. wt. =    0.00000            0.146266E-02           *
#                                                               *
#*************   chi**2/iteration =  2.191       ****************


  Input parameters for vegas:  ndim=  9   ncall= 80707214.
                              it=    0    itmx=    2
                              acc=-1.00    
                              mds=  1     nd=  50
                              (xl,xu)= (  0.00000     ,  1.00000     )
                                       (  0.00000     ,  1.00000     )
                                       (  0.00000     ,  1.00000     )
                                       (  0.00000     ,  1.00000     )
                                       (  0.00000     ,  1.00000     )
                                       (  0.00000     ,  1.00000     )
                                       (  0.00000     ,  1.00000     )
                                       (  0.00000     ,  1.00000     )
                                       (  0.00000     ,  1.00000     )

#********** Integration by Vegas (iteration       1) ************
#                                                               *
#  integral  =  189.58078       accum. integral =  189.58078    *
#  std. dev. = 0.55467846E-01   accum. std. dev = 0.55467846E-01*
#   min/max. wt. =    0.00000            0.201048E-02           *
#                                                               *
#*************   chi**2/iteration =  0.000       ****************


#********** Integration by Vegas (iteration       2) ************
#                                                               *
#  integral  =  189.64182       accum. integral =  189.61075    *
#  std. dev. = 0.56503525E-01   accum. std. dev = 0.39582896E-01*
#   min/max. wt. =    0.00000            0.284408E-02           *
#                                                               *
#*************   chi**2/iteration = 0.5936       ****************

 Done
