SLURM job running in:  /scratch/groups/lhc/park/JHUGen/JHUGenerator
LHAPDF 6.1.5 loading /work-zfs/lhc/cms/slc6_amd64_gcc493/external/lhapdf/6.1.5-kpegke3/share/LHAPDF/NNPDF30_lo_as_0130/NNPDF30_lo_as_0130_0000.dat
NNPDF30_lo_as_0130 PDF set, member #0, version 2; LHAPDF ID = 263000
 extending no. of histograms for vbf tests
 
                                                                                          
   ***************************************************************************************
   *                                JHU Generator v6.9.3                                 *
   ***************************************************************************************
   *                                                                                     *
   *   Spin and parity determination of single-produced resonances at hadron colliders   *
   *                                                                                     *
   *          I. Anderson, S. Bolognesi, F. Caola, Y. Gao, A. Gritsan, Z. Guo,           *
   *        C. Martin, K. Melnikov, R.Rontsch, H. Roskes, U. Sarica, M. Schulze,         *
   *                   N. Tran, A. Whitbeck, M. Xiao, C. You, Y. Zhou                    *
   *                Phys.Rev. D81 (2010) 075022;  arXiv:1001.3396 [hep-ph],              *
   *                Phys.Rev. D86 (2012) 095031;  arXiv:1208.4018 [hep-ph],              *
   *                Phys.Rev. D89 (2014) 035007;  arXiv:1309.4819 [hep-ph].              *
   *                                                                                     *
   ***************************************************************************************
                                                                                          
   
   Command line: ./JHUGen Unweighted=0 VegasNc0=99999999 VegasNc1=99999999 VegasNc2=99999999 LHAPDF=NNPDF30_lo_as_0130/NNPDF30_lo_as_0130.info MReso=198 ghz1=0,0 ghz4=1,0 Process=60 pTjetcut=0 deltaRcut=0
   
   Input Parameter:
    Collider: P-P, sqrt(s)=13000.00
    Resonance: spin=0, mass= 198.00 width=   0.00407
    Z-boson: mass=91.188, width=2.4952
    W-boson: mass=80.399, width=2.0850
    Jet cuts:
            pT >=     0.00 GeV
        DeltaR >=     0.00
           mJJ >=     0.00 GeV
    Random seed:   826144814
    To reproduce results using this seed, JHUGen should be compiled with the same compiler:
      GNU Fortran (GCC) 4.9.3
    
    WidthScheme:   2
    LHAPDF set NNPDF30_lo_as_0130/NNPDF30_lo_as_0130.info, member=  0
    Unweighted: F
    
    spin-0-VV couplings: 
      generate_as=F
      ghg2=  0.10000000E+01  0.00000000E+00i
      ghg3=  0.00000000E+00  0.00000000E+00i
      ghg4=  0.00000000E+00  0.00000000E+00i
      ghz1=  0.00000000E+00  0.00000000E+00i
      ghz2=  0.00000000E+00  0.00000000E+00i
      ghz3=  0.00000000E+00  0.00000000E+00i
      ghz4=  0.10000000E+01  0.00000000E+00i
      Lambda=  1000.0
    
    LHE output: ./data/output.lhe
    Histogram output: ./data/output.dat
    Log file: ./data/output.log
    
  Running

  Input parameters for vegas:  ndim=  9   ncall= 80707214.
                              it=    0    itmx=   15
                              acc=-1.00    
                              mds=  1     nd=  50
                              (xl,xu)= (  0.00000     ,  1.00000     )
                                       (  0.00000     ,  1.00000     )
                                       (  0.00000     ,  1.00000     )
                                       (  0.00000     ,  1.00000     )
                                       (  0.00000     ,  1.00000     )
                                       (  0.00000     ,  1.00000     )
                                       (  0.00000     ,  1.00000     )
                                       (  0.00000     ,  1.00000     )
                                       (  0.00000     ,  1.00000     )

#********** Integration by Vegas (iteration       1) ************
#                                                               *
#  integral  =  10675.857       accum. integral =  10675.857    *
#  std. dev. =  3370.6314       accum. std. dev =  3370.6314    *
#   min/max. wt. =    0.00000             3327.67               *
#                                                               *
#*************   chi**2/iteration =  0.000       ****************


#********** Integration by Vegas (iteration       2) ************
#                                                               *
#  integral  =  8301.8127       accum. integral =  8393.8385    *
#  std. dev. =  526.35246       accum. std. dev =  594.43400    *
#   min/max. wt. =    0.00000             503.730               *
#                                                               *
#*************   chi**2/iteration = 0.5937       ****************


#********** Integration by Vegas (iteration       3) ************
#                                                               *
#  integral  =  8475.4354       accum. integral =  8474.3248    *
#  std. dev. =  61.885550       accum. std. dev =  66.823373    *
#   min/max. wt. =    0.00000             24.4914               *
#                                                               *
#*************   chi**2/iteration = 0.3299       ****************


#********** Integration by Vegas (iteration       4) ************
#                                                               *
#  integral  =  8687.2295       accum. integral =  8676.6899    *
#  std. dev. =  14.377249       accum. std. dev =  14.659697    *
#   min/max. wt. =    0.00000             5.82062               *
#                                                               *
#*************   chi**2/iteration =  3.533       ****************


#********** Integration by Vegas (iteration       5) ************
#                                                               *
#  integral  =  8660.1648       accum. integral =  8662.4512    *
#  std. dev. =  5.5993331       accum. std. dev =  5.4028080    *
#   min/max. wt. =    0.00000            0.331209               *
#                                                               *
#*************   chi**2/iteration =  2.978       ****************


#********** Integration by Vegas (iteration       6) ************
#                                                               *
#  integral  =  8660.1056       accum. integral =  8660.9558    *
#  std. dev. =  3.9190099       accum. std. dev =  3.2324881    *
#   min/max. wt. =    0.00000            0.363862               *
#                                                               *
#*************   chi**2/iteration =  2.437       ****************


#********** Integration by Vegas (iteration       7) ************
#                                                               *
#  integral  =  8658.0959       accum. integral =  8659.7038    *
#  std. dev. =  3.5451831       accum. std. dev =  2.4127366    *
#   min/max. wt. =    0.00000            0.182519               *
#                                                               *
#*************   chi**2/iteration =  2.107       ****************


#********** Integration by Vegas (iteration       8) ************
#                                                               *
#  integral  =  8667.1353       accum. integral =  8661.9485    *
#  std. dev. =  3.5693797       accum. std. dev =  2.0090068    *
#   min/max. wt. =    0.00000            0.524687               *
#                                                               *
#*************   chi**2/iteration =  2.230       ****************


#********** Integration by Vegas (iteration       9) ************
#                                                               *
#  integral  =  8662.1138       accum. integral =  8661.9886    *
#  std. dev. =  3.4643817       accum. std. dev =  1.7438031    *
#   min/max. wt. =    0.00000            0.868976E-01           *
#                                                               *
#*************   chi**2/iteration =  1.962       ****************


#********** Integration by Vegas (iteration      10) ************
#                                                               *
#  integral  =  8669.8704       accum. integral =  8663.5317    *
#  std. dev. =  3.4613143       accum. std. dev =  1.5606131    *
#   min/max. wt. =    0.00000            0.247299               *
#                                                               *
#*************   chi**2/iteration =  2.197       ****************


#********** Integration by Vegas (iteration      11) ************
#                                                               *
#  integral  =  8672.1114       accum. integral =  8664.9476    *
#  std. dev. =  3.4458891       accum. std. dev =  1.4236777    *
#   min/max. wt. =    0.00000            0.200271               *
#                                                               *
#*************   chi**2/iteration =  2.485       ****************


#********** Integration by Vegas (iteration      12) ************
#                                                               *
#  integral  =  8664.7330       accum. integral =  8664.9174    *
#  std. dev. =  3.4537280       accum. std. dev =  1.3176614    *
#   min/max. wt. =    0.00000            0.246052               *
#                                                               *
#*************   chi**2/iteration =  2.266       ****************


#********** Integration by Vegas (iteration      13) ************
#                                                               *
#  integral  =  8667.1421       accum. integral =  8665.1897    *
#  std. dev. =  3.4720919       accum. std. dev =  1.2328860    *
#   min/max. wt. =    0.00000            0.272848               *
#                                                               *
#*************   chi**2/iteration =  2.111       ****************


#********** Integration by Vegas (iteration      14) ************
#                                                               *
#  integral  =  8671.8768       accum. integral =  8665.9120    *
#  std. dev. =  3.4928982       accum. std. dev =  1.1632338    *
#   min/max. wt. =    0.00000            0.237220               *
#                                                               *
#*************   chi**2/iteration =  2.198       ****************


#********** Integration by Vegas (iteration      15) ************
#                                                               *
#  integral  =  8661.5046       accum. integral =  8665.4815    *
#  std. dev. =  3.4852004       accum. std. dev =  1.1039264    *
#   min/max. wt. =    0.00000            0.127409               *
#                                                               *
#*************   chi**2/iteration =  2.145       ****************


  Input parameters for vegas:  ndim=  9   ncall= 80707214.
                              it=    0    itmx=    2
                              acc=-1.00    
                              mds=  1     nd=  50
                              (xl,xu)= (  0.00000     ,  1.00000     )
                                       (  0.00000     ,  1.00000     )
                                       (  0.00000     ,  1.00000     )
                                       (  0.00000     ,  1.00000     )
                                       (  0.00000     ,  1.00000     )
                                       (  0.00000     ,  1.00000     )
                                       (  0.00000     ,  1.00000     )
                                       (  0.00000     ,  1.00000     )
                                       (  0.00000     ,  1.00000     )

#********** Integration by Vegas (iteration       1) ************
#                                                               *
#  integral  =  8671.5294       accum. integral =  8671.5294    *
#  std. dev. =  3.5540356       accum. std. dev =  3.5540356    *
#   min/max. wt. =    0.00000            0.219699               *
#                                                               *
#*************   chi**2/iteration =  0.000       ****************


#********** Integration by Vegas (iteration       2) ************
#                                                               *
#  integral  =  8665.1802       accum. integral =  8668.3538    *
#  std. dev. =  3.5502561       accum. std. dev =  2.5117463    *
#   min/max. wt. =    0.00000            0.187154               *
#                                                               *
#*************   chi**2/iteration =  1.596       ****************

 Done
