SLURM job running in:  /scratch/groups/lhc/park/JHUGen/JHUGenerator
LHAPDF 6.1.5 loading /work-zfs/lhc/cms/slc6_amd64_gcc493/external/lhapdf/6.1.5-kpegke3/share/LHAPDF/NNPDF30_lo_as_0130/NNPDF30_lo_as_0130_0000.dat
NNPDF30_lo_as_0130 PDF set, member #0, version 2; LHAPDF ID = 263000
 extending no. of histograms for vbf tests
 
                                                                                          
   ***************************************************************************************
   *                                JHU Generator v6.9.3                                 *
   ***************************************************************************************
   *                                                                                     *
   *   Spin and parity determination of single-produced resonances at hadron colliders   *
   *                                                                                     *
   *          I. Anderson, S. Bolognesi, F. Caola, Y. Gao, A. Gritsan, Z. Guo,           *
   *        C. Martin, K. Melnikov, R.Rontsch, H. Roskes, U. Sarica, M. Schulze,         *
   *                   N. Tran, A. Whitbeck, M. Xiao, C. You, Y. Zhou                    *
   *                Phys.Rev. D81 (2010) 075022;  arXiv:1001.3396 [hep-ph],              *
   *                Phys.Rev. D86 (2012) 095031;  arXiv:1208.4018 [hep-ph],              *
   *                Phys.Rev. D89 (2014) 035007;  arXiv:1309.4819 [hep-ph].              *
   *                                                                                     *
   ***************************************************************************************
                                                                                          
   
   Command line: ./JHUGen Unweighted=0 VegasNc0=99999999 VegasNc1=99999999 VegasNc2=99999999 LHAPDF=NNPDF30_lo_as_0130/NNPDF30_lo_as_0130.info MReso=2050 ghz1=0,0 ghz4=1,0 Process=60 pTjetcut=0 deltaRcut=0
   
   Input Parameter:
    Collider: P-P, sqrt(s)=13000.00
    Resonance: spin=0, mass=2050.00 width=   0.00407
    Z-boson: mass=91.188, width=2.4952
    W-boson: mass=80.399, width=2.0850
    Jet cuts:
            pT >=     0.00 GeV
        DeltaR >=     0.00
           mJJ >=     0.00 GeV
    Random seed:   150629876
    To reproduce results using this seed, JHUGen should be compiled with the same compiler:
      GNU Fortran (GCC) 4.9.3
    
    WidthScheme:   2
    LHAPDF set NNPDF30_lo_as_0130/NNPDF30_lo_as_0130.info, member=  0
    Unweighted: F
    
    spin-0-VV couplings: 
      generate_as=F
      ghg2=  0.10000000E+01  0.00000000E+00i
      ghg3=  0.00000000E+00  0.00000000E+00i
      ghg4=  0.00000000E+00  0.00000000E+00i
      ghz1=  0.00000000E+00  0.00000000E+00i
      ghz2=  0.00000000E+00  0.00000000E+00i
      ghz3=  0.00000000E+00  0.00000000E+00i
      ghz4=  0.10000000E+01  0.00000000E+00i
      Lambda=  1000.0
    
    LHE output: ./data/output.lhe
    Histogram output: ./data/output.dat
    Log file: ./data/output.log
    
  Running

  Input parameters for vegas:  ndim=  9   ncall= 80707214.
                              it=    0    itmx=   15
                              acc=-1.00    
                              mds=  1     nd=  50
                              (xl,xu)= (  0.00000     ,  1.00000     )
                                       (  0.00000     ,  1.00000     )
                                       (  0.00000     ,  1.00000     )
                                       (  0.00000     ,  1.00000     )
                                       (  0.00000     ,  1.00000     )
                                       (  0.00000     ,  1.00000     )
                                       (  0.00000     ,  1.00000     )
                                       (  0.00000     ,  1.00000     )
                                       (  0.00000     ,  1.00000     )

#********** Integration by Vegas (iteration       1) ************
#                                                               *
#  integral  =  100.72478       accum. integral =  100.72478    *
#  std. dev. =  5.4261658       accum. std. dev =  5.4261658    *
#   min/max. wt. =    0.00000             3.29390               *
#                                                               *
#*************   chi**2/iteration = 0.1236E-09   ****************


#********** Integration by Vegas (iteration       2) ************
#                                                               *
#  integral  =  184.52532       accum. integral =  104.20610    *
#  std. dev. =  47.747437       accum. std. dev =  7.8399809    *
#   min/max. wt. =    0.00000             47.6039               *
#                                                               *
#*************   chi**2/iteration =  4.545       ****************


#********** Integration by Vegas (iteration       3) ************
#                                                               *
#  integral  =  162.81108       accum. integral =  140.16522    *
#  std. dev. =  6.8142327       accum. std. dev =  5.0330017    *
#   min/max. wt. =    0.00000             6.11894               *
#                                                               *
#*************   chi**2/iteration =  18.20       ****************


#********** Integration by Vegas (iteration       4) ************
#                                                               *
#  integral  =  158.63516       accum. integral =  158.51259    *
#  std. dev. = 0.42507991       accum. std. dev = 0.41345794    *
#   min/max. wt. =    0.00000            0.931373E-01           *
#                                                               *
#*************   chi**2/iteration =  16.31       ****************


#********** Integration by Vegas (iteration       5) ************
#                                                               *
#  integral  =  159.44810       accum. integral =  159.40976    *
#  std. dev. = 0.88028506E-01   accum. std. dev = 0.84206852E-01*
#   min/max. wt. =    0.00000            0.213498E-01           *
#                                                               *
#*************   chi**2/iteration =  13.30       ****************


#********** Integration by Vegas (iteration       6) ************
#                                                               *
#  integral  =  159.24193       accum. integral =  159.28712    *
#  std. dev. = 0.52257278E-01   accum. std. dev = 0.43857513E-01*
#   min/max. wt. =    0.00000            0.227548E-02           *
#                                                               *
#*************   chi**2/iteration =  11.14       ****************


#********** Integration by Vegas (iteration       7) ************
#                                                               *
#  integral  =  159.30929       accum. integral =  159.29786    *
#  std. dev. = 0.46108791E-01   accum. std. dev = 0.31578519E-01*
#   min/max. wt. =    0.00000            0.358903E-02           *
#                                                               *
#*************   chi**2/iteration =  9.253       ****************


#********** Integration by Vegas (iteration       8) ************
#                                                               *
#  integral  =  159.20400       accum. integral =  159.26573    *
#  std. dev. = 0.44456206E-01   accum. std. dev = 0.25660457E-01*
#   min/max. wt. =    0.00000            0.820928E-02           *
#                                                               *
#*************   chi**2/iteration =  8.330       ****************


#********** Integration by Vegas (iteration       9) ************
#                                                               *
#  integral  =  159.32906       accum. integral =  159.28237    *
#  std. dev. = 0.43606033E-01   accum. std. dev = 0.22068990E-01*
#   min/max. wt. =    0.00000            0.116916E-02           *
#                                                               *
#*************   chi**2/iteration =  7.465       ****************


#********** Integration by Vegas (iteration      10) ************
#                                                               *
#  integral  =  159.27548       accum. integral =  159.28101    *
#  std. dev. = 0.44990587E-01   accum. std. dev = 0.19790507E-01*
#   min/max. wt. =    0.00000            0.665438E-02           *
#                                                               *
#*************   chi**2/iteration =  6.621       ****************


#********** Integration by Vegas (iteration      11) ************
#                                                               *
#  integral  =  159.24559       accum. integral =  159.27487    *
#  std. dev. = 0.43709160E-01   accum. std. dev = 0.18012936E-01*
#   min/max. wt. =    0.00000            0.178284E-02           *
#                                                               *
#*************   chi**2/iteration =  6.003       ****************


#********** Integration by Vegas (iteration      12) ************
#                                                               *
#  integral  =  159.27379       accum. integral =  159.27471    *
#  std. dev. = 0.43546433E-01   accum. std. dev = 0.16634508E-01*
#   min/max. wt. =    0.00000            0.271619E-02           *
#                                                               *
#*************   chi**2/iteration =  5.448       ****************


#********** Integration by Vegas (iteration      13) ************
#                                                               *
#  integral  =  159.27259       accum. integral =  159.27444    *
#  std. dev. = 0.43916742E-01   accum. std. dev = 0.15548985E-01*
#   min/max. wt. =    0.00000            0.167897E-02           *
#                                                               *
#*************   chi**2/iteration =  4.987       ****************


#********** Integration by Vegas (iteration      14) ************
#                                                               *
#  integral  =  159.23589       accum. integral =  159.27019    *
#  std. dev. = 0.44531951E-01   accum. std. dev = 0.14675310E-01*
#   min/max. wt. =    0.00000            0.325827E-02           *
#                                                               *
#*************   chi**2/iteration =  4.650       ****************


#********** Integration by Vegas (iteration      15) ************
#                                                               *
#  integral  =  159.25294       accum. integral =  159.26846    *
#  std. dev. = 0.44292651E-01   accum. std. dev = 0.13927070E-01*
#   min/max. wt. =    0.00000            0.105494E-02           *
#                                                               *
#*************   chi**2/iteration =  4.323       ****************


  Input parameters for vegas:  ndim=  9   ncall= 80707214.
                              it=    0    itmx=    2
                              acc=-1.00    
                              mds=  1     nd=  50
                              (xl,xu)= (  0.00000     ,  1.00000     )
                                       (  0.00000     ,  1.00000     )
                                       (  0.00000     ,  1.00000     )
                                       (  0.00000     ,  1.00000     )
                                       (  0.00000     ,  1.00000     )
                                       (  0.00000     ,  1.00000     )
                                       (  0.00000     ,  1.00000     )
                                       (  0.00000     ,  1.00000     )
                                       (  0.00000     ,  1.00000     )

#********** Integration by Vegas (iteration       1) ************
#                                                               *
#  integral  =  159.26051       accum. integral =  159.26051    *
#  std. dev. = 0.44885077E-01   accum. std. dev = 0.44885077E-01*
#   min/max. wt. =    0.00000            0.198179E-02           *
#                                                               *
#*************   chi**2/iteration =  0.000       ****************


#********** Integration by Vegas (iteration       2) ************
#                                                               *
#  integral  =  159.27786       accum. integral =  159.26910    *
#  std. dev. = 0.45333371E-01   accum. std. dev = 0.31895874E-01*
#   min/max. wt. =    0.00000            0.286862E-02           *
#                                                               *
#*************   chi**2/iteration = 0.7388E-01   ****************

 Done
