SLURM job running in:  /scratch/groups/lhc/park/JHUGen/JHUGenerator
LHAPDF 6.1.5 loading /work-zfs/lhc/cms/slc6_amd64_gcc493/external/lhapdf/6.1.5-kpegke3/share/LHAPDF/NNPDF30_lo_as_0130/NNPDF30_lo_as_0130_0000.dat
NNPDF30_lo_as_0130 PDF set, member #0, version 2; LHAPDF ID = 263000
 extending no. of histograms for vbf tests
 
                                                                                          
   ***************************************************************************************
   *                                JHU Generator v6.9.3                                 *
   ***************************************************************************************
   *                                                                                     *
   *   Spin and parity determination of single-produced resonances at hadron colliders   *
   *                                                                                     *
   *          I. Anderson, S. Bolognesi, F. Caola, Y. Gao, A. Gritsan, Z. Guo,           *
   *        C. Martin, K. Melnikov, R.Rontsch, H. Roskes, U. Sarica, M. Schulze,         *
   *                   N. Tran, A. Whitbeck, M. Xiao, C. You, Y. Zhou                    *
   *                Phys.Rev. D81 (2010) 075022;  arXiv:1001.3396 [hep-ph],              *
   *                Phys.Rev. D86 (2012) 095031;  arXiv:1208.4018 [hep-ph],              *
   *                Phys.Rev. D89 (2014) 035007;  arXiv:1309.4819 [hep-ph].              *
   *                                                                                     *
   ***************************************************************************************
                                                                                          
   
   Command line: ./JHUGen Unweighted=0 VegasNc0=99999999 VegasNc1=99999999 VegasNc2=99999999 LHAPDF=NNPDF30_lo_as_0130/NNPDF30_lo_as_0130.info MReso=222 ghz1=0,0 ghz4=1,0 Process=60 pTjetcut=0 deltaRcut=0
   
   Input Parameter:
    Collider: P-P, sqrt(s)=13000.00
    Resonance: spin=0, mass= 222.00 width=   0.00407
    Z-boson: mass=91.188, width=2.4952
    W-boson: mass=80.399, width=2.0850
    Jet cuts:
            pT >=     0.00 GeV
        DeltaR >=     0.00
           mJJ >=     0.00 GeV
    Random seed:   120242874
    To reproduce results using this seed, JHUGen should be compiled with the same compiler:
      GNU Fortran (GCC) 4.9.3
    
    WidthScheme:   2
    LHAPDF set NNPDF30_lo_as_0130/NNPDF30_lo_as_0130.info, member=  0
    Unweighted: F
    
    spin-0-VV couplings: 
      generate_as=F
      ghg2=  0.10000000E+01  0.00000000E+00i
      ghg3=  0.00000000E+00  0.00000000E+00i
      ghg4=  0.00000000E+00  0.00000000E+00i
      ghz1=  0.00000000E+00  0.00000000E+00i
      ghz2=  0.00000000E+00  0.00000000E+00i
      ghz3=  0.00000000E+00  0.00000000E+00i
      ghz4=  0.10000000E+01  0.00000000E+00i
      Lambda=  1000.0
    
    LHE output: ./data/output.lhe
    Histogram output: ./data/output.dat
    Log file: ./data/output.log
    
  Running

  Input parameters for vegas:  ndim=  9   ncall= 80707214.
                              it=    0    itmx=   15
                              acc=-1.00    
                              mds=  1     nd=  50
                              (xl,xu)= (  0.00000     ,  1.00000     )
                                       (  0.00000     ,  1.00000     )
                                       (  0.00000     ,  1.00000     )
                                       (  0.00000     ,  1.00000     )
                                       (  0.00000     ,  1.00000     )
                                       (  0.00000     ,  1.00000     )
                                       (  0.00000     ,  1.00000     )
                                       (  0.00000     ,  1.00000     )
                                       (  0.00000     ,  1.00000     )

#********** Integration by Vegas (iteration       1) ************
#                                                               *
#  integral  =  7910.9965       accum. integral =  7910.9965    *
#  std. dev. =  1102.0209       accum. std. dev =  1102.0209    *
#   min/max. wt. =    0.00000             874.060               *
#                                                               *
#*************   chi**2/iteration = -.1227E-10   ****************


#********** Integration by Vegas (iteration       2) ************
#                                                               *
#  integral  =  7849.4491       accum. integral =  7851.0707    *
#  std. dev. =  179.87030       accum. std. dev =  178.18217    *
#   min/max. wt. =    0.00000             102.388               *
#                                                               *
#*************   chi**2/iteration = 0.3058E-02   ****************


#********** Integration by Vegas (iteration       3) ************
#                                                               *
#  integral  =  7992.2499       accum. integral =  7988.5729    *
#  std. dev. =  29.551847       accum. std. dev =  28.892725    *
#   min/max. wt. =    0.00000             12.1787               *
#                                                               *
#*************   chi**2/iteration = 0.3042       ****************


#********** Integration by Vegas (iteration       4) ************
#                                                               *
#  integral  =  8044.9625       accum. integral =  8039.6240    *
#  std. dev. =  9.4932430       accum. std. dev =  8.9258211    *
#   min/max. wt. =    0.00000             4.42483               *
#                                                               *
#*************   chi**2/iteration =  1.341       ****************


#********** Integration by Vegas (iteration       5) ************
#                                                               *
#  integral  =  8038.2765       accum. integral =  8038.5814    *
#  std. dev. =  4.8805159       accum. std. dev =  4.2552432    *
#   min/max. wt. =    0.00000             1.79541               *
#                                                               *
#*************   chi**2/iteration =  1.006       ****************


#********** Integration by Vegas (iteration       6) ************
#                                                               *
#  integral  =  8027.7098       accum. integral =  8032.3099    *
#  std. dev. =  3.6718751       accum. std. dev =  2.7714587    *
#   min/max. wt. =    0.00000            0.138783               *
#                                                               *
#*************   chi**2/iteration =  1.554       ****************


#********** Integration by Vegas (iteration       7) ************
#                                                               *
#  integral  =  8034.9302       accum. integral =  8033.4033    *
#  std. dev. =  3.2984462       accum. std. dev =  2.1177516    *
#   min/max. wt. =    0.00000            0.305567               *
#                                                               *
#*************   chi**2/iteration =  1.354       ****************


#********** Integration by Vegas (iteration       8) ************
#                                                               *
#  integral  =  8039.3730       accum. integral =  8035.2359    *
#  std. dev. =  3.2032744       accum. std. dev =  1.7644626    *
#   min/max. wt. =    0.00000            0.158611               *
#                                                               *
#*************   chi**2/iteration =  1.507       ****************


#********** Integration by Vegas (iteration       9) ************
#                                                               *
#  integral  =  8036.9566       accum. integral =  8035.6468    *
#  std. dev. =  3.1679243       accum. std. dev =  1.5404092    *
#   min/max. wt. =    0.00000            0.130818               *
#                                                               *
#*************   chi**2/iteration =  1.345       ****************


#********** Integration by Vegas (iteration      10) ************
#                                                               *
#  integral  =  8034.6255       accum. integral =  8035.4501    *
#  std. dev. =  3.1689702       accum. std. dev =  1.3848185    *
#   min/max. wt. =    0.00000            0.215206               *
#                                                               *
#*************   chi**2/iteration =  1.204       ****************


#********** Integration by Vegas (iteration      11) ************
#                                                               *
#  integral  =  8036.8217       accum. integral =  8035.6686    *
#  std. dev. =  3.1958960       accum. std. dev =  1.2702778    *
#   min/max. wt. =    0.00000            0.312266               *
#                                                               *
#*************   chi**2/iteration =  1.098       ****************


#********** Integration by Vegas (iteration      12) ************
#                                                               *
#  integral  =  8037.7687       accum. integral =  8035.9613    *
#  std. dev. =  3.1693795       accum. std. dev =  1.1788284    *
#   min/max. wt. =    0.00000            0.163436               *
#                                                               *
#*************   chi**2/iteration =  1.032       ****************


#********** Integration by Vegas (iteration      13) ************
#                                                               *
#  integral  =  8033.2537       accum. integral =  8035.6314    *
#  std. dev. =  3.1748216       accum. std. dev =  1.1049489    *
#   min/max. wt. =    0.00000            0.121007               *
#                                                               *
#*************   chi**2/iteration = 0.9994       ****************


#********** Integration by Vegas (iteration      14) ************
#                                                               *
#  integral  =  8033.4241       accum. integral =  8035.3989    *
#  std. dev. =  3.2297006       accum. std. dev =  1.0453524    *
#   min/max. wt. =    0.00000            0.347862               *
#                                                               *
#*************   chi**2/iteration = 0.9544       ****************


#********** Integration by Vegas (iteration      15) ************
#                                                               *
#  integral  =  8038.0528       accum. integral =  8035.6544    *
#  std. dev. =  3.2133986       accum. std. dev = 0.99397728    *
#   min/max. wt. =    0.00000            0.167243               *
#                                                               *
#*************   chi**2/iteration = 0.9302       ****************


  Input parameters for vegas:  ndim=  9   ncall= 80707214.
                              it=    0    itmx=    2
                              acc=-1.00    
                              mds=  1     nd=  50
                              (xl,xu)= (  0.00000     ,  1.00000     )
                                       (  0.00000     ,  1.00000     )
                                       (  0.00000     ,  1.00000     )
                                       (  0.00000     ,  1.00000     )
                                       (  0.00000     ,  1.00000     )
                                       (  0.00000     ,  1.00000     )
                                       (  0.00000     ,  1.00000     )
                                       (  0.00000     ,  1.00000     )
                                       (  0.00000     ,  1.00000     )

#********** Integration by Vegas (iteration       1) ************
#                                                               *
#  integral  =  8035.3886       accum. integral =  8035.3886    *
#  std. dev. =  3.2528003       accum. std. dev =  3.2528003    *
#   min/max. wt. =    0.00000            0.117119               *
#                                                               *
#*************   chi**2/iteration =  0.000       ****************


#********** Integration by Vegas (iteration       2) ************
#                                                               *
#  integral  =  8037.0763       accum. integral =  8036.2221    *
#  std. dev. =  3.2934846       accum. std. dev =  2.3143301    *
#   min/max. wt. =    0.00000            0.290809               *
#                                                               *
#*************   chi**2/iteration = 0.1328       ****************

 Done
