SLURM job running in:  /scratch/groups/lhc/park/JHUGen/JHUGenerator
LHAPDF 6.1.5 loading /work-zfs/lhc/cms/slc6_amd64_gcc493/external/lhapdf/6.1.5-kpegke3/share/LHAPDF/NNPDF30_lo_as_0130/NNPDF30_lo_as_0130_0000.dat
NNPDF30_lo_as_0130 PDF set, member #0, version 2; LHAPDF ID = 263000
 extending no. of histograms for vbf tests
 
                                                                                          
   ***************************************************************************************
   *                                JHU Generator v6.9.3                                 *
   ***************************************************************************************
   *                                                                                     *
   *   Spin and parity determination of single-produced resonances at hadron colliders   *
   *                                                                                     *
   *          I. Anderson, S. Bolognesi, F. Caola, Y. Gao, A. Gritsan, Z. Guo,           *
   *        C. Martin, K. Melnikov, R.Rontsch, H. Roskes, U. Sarica, M. Schulze,         *
   *                   N. Tran, A. Whitbeck, M. Xiao, C. You, Y. Zhou                    *
   *                Phys.Rev. D81 (2010) 075022;  arXiv:1001.3396 [hep-ph],              *
   *                Phys.Rev. D86 (2012) 095031;  arXiv:1208.4018 [hep-ph],              *
   *                Phys.Rev. D89 (2014) 035007;  arXiv:1309.4819 [hep-ph].              *
   *                                                                                     *
   ***************************************************************************************
                                                                                          
   
   Command line: ./JHUGen Unweighted=0 VegasNc0=99999999 VegasNc1=99999999 VegasNc2=99999999 LHAPDF=NNPDF30_lo_as_0130/NNPDF30_lo_as_0130.info MReso=2350 ghz1=0,0 ghz4=1,0 Process=60 pTjetcut=0 deltaRcut=0
   
   Input Parameter:
    Collider: P-P, sqrt(s)=13000.00
    Resonance: spin=0, mass=2350.00 width=   0.00407
    Z-boson: mass=91.188, width=2.4952
    W-boson: mass=80.399, width=2.0850
    Jet cuts:
            pT >=     0.00 GeV
        DeltaR >=     0.00
           mJJ >=     0.00 GeV
    Random seed:   915311534
    To reproduce results using this seed, JHUGen should be compiled with the same compiler:
      GNU Fortran (GCC) 4.9.3
    
    WidthScheme:   2
    LHAPDF set NNPDF30_lo_as_0130/NNPDF30_lo_as_0130.info, member=  0
    Unweighted: F
    
    spin-0-VV couplings: 
      generate_as=F
      ghg2=  0.10000000E+01  0.00000000E+00i
      ghg3=  0.00000000E+00  0.00000000E+00i
      ghg4=  0.00000000E+00  0.00000000E+00i
      ghz1=  0.00000000E+00  0.00000000E+00i
      ghz2=  0.00000000E+00  0.00000000E+00i
      ghz3=  0.00000000E+00  0.00000000E+00i
      ghz4=  0.10000000E+01  0.00000000E+00i
      Lambda=  1000.0
    
    LHE output: ./data/output.lhe
    Histogram output: ./data/output.dat
    Log file: ./data/output.log
    
  Running

  Input parameters for vegas:  ndim=  9   ncall= 80707214.
                              it=    0    itmx=   15
                              acc=-1.00    
                              mds=  1     nd=  50
                              (xl,xu)= (  0.00000     ,  1.00000     )
                                       (  0.00000     ,  1.00000     )
                                       (  0.00000     ,  1.00000     )
                                       (  0.00000     ,  1.00000     )
                                       (  0.00000     ,  1.00000     )
                                       (  0.00000     ,  1.00000     )
                                       (  0.00000     ,  1.00000     )
                                       (  0.00000     ,  1.00000     )
                                       (  0.00000     ,  1.00000     )

#********** Integration by Vegas (iteration       1) ************
#                                                               *
#  integral  =  89.670001       accum. integral =  89.670001    *
#  std. dev. =  32.909621       accum. std. dev =  32.909621    *
#   min/max. wt. =    0.00000             32.8255               *
#                                                               *
#*************   chi**2/iteration =  0.000       ****************


#********** Integration by Vegas (iteration       2) ************
#                                                               *
#  integral  =  85.373430       accum. integral =  85.516075    *
#  std. dev. =  5.8062720       accum. std. dev =  5.8544977    *
#   min/max. wt. =    0.00000             4.61339               *
#                                                               *
#*************   chi**2/iteration = 0.1727E-01   ****************


#********** Integration by Vegas (iteration       3) ************
#                                                               *
#  integral  =  93.050288       accum. integral =  92.792089    *
#  std. dev. =  1.1721731       accum. std. dev =  1.1069688    *
#   min/max. wt. =    0.00000            0.776591               *
#                                                               *
#*************   chi**2/iteration = 0.7745       ****************


#********** Integration by Vegas (iteration       4) ************
#                                                               *
#  integral  =  95.311204       accum. integral =  95.273697    *
#  std. dev. = 0.14505604       accum. std. dev = 0.13735172    *
#   min/max. wt. =    0.00000            0.286003E-01           *
#                                                               *
#*************   chi**2/iteration =  2.143       ****************


#********** Integration by Vegas (iteration       5) ************
#                                                               *
#  integral  =  95.189389       accum. integral =  95.195339    *
#  std. dev. = 0.39623117E-01   accum. std. dev = 0.36837708E-01*
#   min/max. wt. =    0.00000            0.453309E-02           *
#                                                               *
#*************   chi**2/iteration =  1.663       ****************


#********** Integration by Vegas (iteration       6) ************
#                                                               *
#  integral  =  95.185740       accum. integral =  95.189193    *
#  std. dev. = 0.28629204E-01   accum. std. dev = 0.22231190E-01*
#   min/max. wt. =    0.00000            0.128845E-02           *
#                                                               *
#*************   chi**2/iteration =  1.323       ****************


#********** Integration by Vegas (iteration       7) ************
#                                                               *
#  integral  =  95.201927       accum. integral =  95.194735    *
#  std. dev. = 0.26101391E-01   accum. std. dev = 0.16781294E-01*
#   min/max. wt. =    0.00000            0.153995E-02           *
#                                                               *
#*************   chi**2/iteration =  1.116       ****************


#********** Integration by Vegas (iteration       8) ************
#                                                               *
#  integral  =  95.186498       accum. integral =  95.192147    *
#  std. dev. = 0.25436374E-01   accum. std. dev = 0.13942795E-01*
#   min/max. wt. =    0.00000            0.124120E-02           *
#                                                               *
#*************   chi**2/iteration = 0.9613       ****************


#********** Integration by Vegas (iteration       9) ************
#                                                               *
#  integral  =  95.188443       accum. integral =  95.191267    *
#  std. dev. = 0.25550225E-01   accum. std. dev = 0.12206231E-01*
#   min/max. wt. =    0.00000            0.964970E-03           *
#                                                               *
#*************   chi**2/iteration = 0.8390       ****************


#********** Integration by Vegas (iteration      10) ************
#                                                               *
#  integral  =  95.174832       accum. integral =  95.188048    *
#  std. dev. = 0.25221409E-01   accum. std. dev = 0.10967490E-01*
#   min/max. wt. =    0.00000            0.711739E-03           *
#                                                               *
#*************   chi**2/iteration = 0.7821       ****************


#********** Integration by Vegas (iteration      11) ************
#                                                               *
#  integral  =  95.250281       accum. integral =  95.198111    *
#  std. dev. = 0.25437196E-01   accum. std. dev = 0.10058841E-01*
#   min/max. wt. =    0.00000            0.153065E-02           *
#                                                               *
#*************   chi**2/iteration =  1.220       ****************


#********** Integration by Vegas (iteration      12) ************
#                                                               *
#  integral  =  95.166495       accum. integral =  95.193722    *
#  std. dev. = 0.25453042E-01   accum. std. dev = 0.93470481E-02*
#   min/max. wt. =    0.00000            0.901131E-03           *
#                                                               *
#*************   chi**2/iteration =  1.231       ****************


#********** Integration by Vegas (iteration      13) ************
#                                                               *
#  integral  =  95.196336       accum. integral =  95.194034    *
#  std. dev. = 0.25739826E-01   accum. std. dev = 0.87804812E-02*
#   min/max. wt. =    0.00000            0.902007E-03           *
#                                                               *
#*************   chi**2/iteration =  1.126       ****************


#********** Integration by Vegas (iteration      14) ************
#                                                               *
#  integral  =  95.161311       accum. integral =  95.190578    *
#  std. dev. = 0.25895184E-01   accum. std. dev = 0.83119053E-02*
#   min/max. wt. =    0.00000            0.121687E-02           *
#                                                               *
#*************   chi**2/iteration =  1.150       ****************


#********** Integration by Vegas (iteration      15) ************
#                                                               *
#  integral  =  95.172516       accum. integral =  95.188882    *
#  std. dev. = 0.26141750E-01   accum. std. dev = 0.79186357E-02*
#   min/max. wt. =    0.00000            0.603238E-03           *
#                                                               *
#*************   chi**2/iteration =  1.098       ****************


  Input parameters for vegas:  ndim=  9   ncall= 80707214.
                              it=    0    itmx=    2
                              acc=-1.00    
                              mds=  1     nd=  50
                              (xl,xu)= (  0.00000     ,  1.00000     )
                                       (  0.00000     ,  1.00000     )
                                       (  0.00000     ,  1.00000     )
                                       (  0.00000     ,  1.00000     )
                                       (  0.00000     ,  1.00000     )
                                       (  0.00000     ,  1.00000     )
                                       (  0.00000     ,  1.00000     )
                                       (  0.00000     ,  1.00000     )
                                       (  0.00000     ,  1.00000     )

#********** Integration by Vegas (iteration       1) ************
#                                                               *
#  integral  =  95.204532       accum. integral =  95.204532    *
#  std. dev. = 0.26550190E-01   accum. std. dev = 0.26550190E-01*
#   min/max. wt. =    0.00000            0.795031E-03           *
#                                                               *
#*************   chi**2/iteration =  0.000       ****************


#********** Integration by Vegas (iteration       2) ************
#                                                               *
#  integral  =  95.218957       accum. integral =  95.211567    *
#  std. dev. = 0.27214714E-01   accum. std. dev = 0.19004444E-01*
#   min/max. wt. =    0.00000            0.244513E-02           *
#                                                               *
#*************   chi**2/iteration = 0.1438       ****************

 Done
