SLURM job running in:  /scratch/groups/lhc/park/JHUGen/JHUGenerator
LHAPDF 6.1.5 loading /work-zfs/lhc/cms/slc6_amd64_gcc493/external/lhapdf/6.1.5-kpegke3/share/LHAPDF/NNPDF30_lo_as_0130/NNPDF30_lo_as_0130_0000.dat
NNPDF30_lo_as_0130 PDF set, member #0, version 2; LHAPDF ID = 263000
 extending no. of histograms for vbf tests
 
                                                                                          
   ***************************************************************************************
   *                                JHU Generator v6.9.3                                 *
   ***************************************************************************************
   *                                                                                     *
   *   Spin and parity determination of single-produced resonances at hadron colliders   *
   *                                                                                     *
   *          I. Anderson, S. Bolognesi, F. Caola, Y. Gao, A. Gritsan, Z. Guo,           *
   *        C. Martin, K. Melnikov, R.Rontsch, H. Roskes, U. Sarica, M. Schulze,         *
   *                   N. Tran, A. Whitbeck, M. Xiao, C. You, Y. Zhou                    *
   *                Phys.Rev. D81 (2010) 075022;  arXiv:1001.3396 [hep-ph],              *
   *                Phys.Rev. D86 (2012) 095031;  arXiv:1208.4018 [hep-ph],              *
   *                Phys.Rev. D89 (2014) 035007;  arXiv:1309.4819 [hep-ph].              *
   *                                                                                     *
   ***************************************************************************************
                                                                                          
   
   Command line: ./JHUGen Unweighted=0 VegasNc0=99999999 VegasNc1=99999999 VegasNc2=99999999 LHAPDF=NNPDF30_lo_as_0130/NNPDF30_lo_as_0130.info MReso=256 ghz1=0,0 ghz4=1,0 Process=60 pTjetcut=0 deltaRcut=0
   
   Input Parameter:
    Collider: P-P, sqrt(s)=13000.00
    Resonance: spin=0, mass= 256.00 width=   0.00407
    Z-boson: mass=91.188, width=2.4952
    W-boson: mass=80.399, width=2.0850
    Jet cuts:
            pT >=     0.00 GeV
        DeltaR >=     0.00
           mJJ >=     0.00 GeV
    Random seed:    29768787
    To reproduce results using this seed, JHUGen should be compiled with the same compiler:
      GNU Fortran (GCC) 4.9.3
    
    WidthScheme:   2
    LHAPDF set NNPDF30_lo_as_0130/NNPDF30_lo_as_0130.info, member=  0
    Unweighted: F
    
    spin-0-VV couplings: 
      generate_as=F
      ghg2=  0.10000000E+01  0.00000000E+00i
      ghg3=  0.00000000E+00  0.00000000E+00i
      ghg4=  0.00000000E+00  0.00000000E+00i
      ghz1=  0.00000000E+00  0.00000000E+00i
      ghz2=  0.00000000E+00  0.00000000E+00i
      ghz3=  0.00000000E+00  0.00000000E+00i
      ghz4=  0.10000000E+01  0.00000000E+00i
      Lambda=  1000.0
    
    LHE output: ./data/output.lhe
    Histogram output: ./data/output.dat
    Log file: ./data/output.log
    
  Running

  Input parameters for vegas:  ndim=  9   ncall= 80707214.
                              it=    0    itmx=   15
                              acc=-1.00    
                              mds=  1     nd=  50
                              (xl,xu)= (  0.00000     ,  1.00000     )
                                       (  0.00000     ,  1.00000     )
                                       (  0.00000     ,  1.00000     )
                                       (  0.00000     ,  1.00000     )
                                       (  0.00000     ,  1.00000     )
                                       (  0.00000     ,  1.00000     )
                                       (  0.00000     ,  1.00000     )
                                       (  0.00000     ,  1.00000     )
                                       (  0.00000     ,  1.00000     )

#********** Integration by Vegas (iteration       1) ************
#                                                               *
#  integral  =  6122.8355       accum. integral =  6122.8355    *
#  std. dev. =  608.66366       accum. std. dev =  608.66366    *
#   min/max. wt. =    0.00000             547.205               *
#                                                               *
#*************   chi**2/iteration = 0.2011E-10   ****************


#********** Integration by Vegas (iteration       2) ************
#                                                               *
#  integral  =  6730.6031       accum. integral =  6700.4701    *
#  std. dev. =  152.81770       accum. std. dev =  142.41370    *
#   min/max. wt. =    0.00000             110.122               *
#                                                               *
#*************   chi**2/iteration = 0.8574       ****************


#********** Integration by Vegas (iteration       3) ************
#                                                               *
#  integral  =  7269.6784       accum. integral =  7228.2400    *
#  std. dev. =  45.089153       accum. std. dev =  40.158195    *
#   min/max. wt. =  -0.473047E-05         19.2510               *
#                                                               *
#*************   chi**2/iteration =  7.170       ****************


#********** Integration by Vegas (iteration       4) ************
#                                                               *
#  integral  =  7252.9876       accum. integral =  7252.0664    *
#  std. dev. =  8.5175797       accum. std. dev =  7.9048282    *
#   min/max. wt. =    0.00000             1.31925               *
#                                                               *
#*************   chi**2/iteration =  4.710       ****************


#********** Integration by Vegas (iteration       5) ************
#                                                               *
#  integral  =  7235.0233       accum. integral =  7237.8717    *
#  std. dev. =  3.7345494       accum. std. dev =  3.2676894    *
#   min/max. wt. =    0.00000            0.628240               *
#                                                               *
#*************   chi**2/iteration =  4.402       ****************


#********** Integration by Vegas (iteration       6) ************
#                                                               *
#  integral  =  7238.3315       accum. integral =  7238.1081    *
#  std. dev. =  3.3141643       accum. std. dev =  2.2943217    *
#   min/max. wt. =    0.00000             1.03901               *
#                                                               *
#*************   chi**2/iteration =  3.472       ****************


#********** Integration by Vegas (iteration       7) ************
#                                                               *
#  integral  =  7235.9132       accum. integral =  7237.2720    *
#  std. dev. =  3.0287207       accum. std. dev =  1.8145031    *
#   min/max. wt. =    0.00000            0.194389               *
#                                                               *
#*************   chi**2/iteration =  2.921       ****************


#********** Integration by Vegas (iteration       8) ************
#                                                               *
#  integral  =  7233.2806       accum. integral =  7236.0886    *
#  std. dev. =  2.8783429       accum. std. dev =  1.5276643    *
#   min/max. wt. =    0.00000            0.146358               *
#                                                               *
#*************   chi**2/iteration =  2.689       ****************


#********** Integration by Vegas (iteration       9) ************
#                                                               *
#  integral  =  7237.7056       accum. integral =  7236.4709    *
#  std. dev. =  2.8186433       accum. std. dev =  1.3389352    *
#   min/max. wt. =    0.00000            0.806322E-01           *
#                                                               *
#*************   chi**2/iteration =  2.372       ****************


#********** Integration by Vegas (iteration      10) ************
#                                                               *
#  integral  =  7232.7935       accum. integral =  7235.8273    *
#  std. dev. =  2.9735343       accum. std. dev =  1.2189551    *
#   min/max. wt. =    0.00000            0.918314               *
#                                                               *
#*************   chi**2/iteration =  2.244       ****************


#********** Integration by Vegas (iteration      11) ************
#                                                               *
#  integral  =  7233.9787       accum. integral =  7235.5353    *
#  std. dev. =  2.8719822       accum. std. dev =  1.1206364    *
#   min/max. wt. =    0.00000            0.666105E-01           *
#                                                               *
#*************   chi**2/iteration =  2.049       ****************


#********** Integration by Vegas (iteration      12) ************
#                                                               *
#  integral  =  7230.5039       accum. integral =  7234.8447    *
#  std. dev. =  2.8608352       accum. std. dev =  1.0424896    *
#   min/max. wt. =    0.00000            0.200852               *
#                                                               *
#*************   chi**2/iteration =  2.107       ****************


#********** Integration by Vegas (iteration      13) ************
#                                                               *
#  integral  =  7229.8503       accum. integral =  7234.2267    *
#  std. dev. =  2.8202061       accum. std. dev = 0.97711792    *
#   min/max. wt. =    0.00000            0.109883               *
#                                                               *
#*************   chi**2/iteration =  2.163       ****************


#********** Integration by Vegas (iteration      14) ************
#                                                               *
#  integral  =  7232.9661       accum. integral =  7234.0915    *
#  std. dev. =  2.8630924       accum. std. dev = 0.92426720    *
#   min/max. wt. =    0.00000            0.343826               *
#                                                               *
#*************   chi**2/iteration =  2.006       ****************


#********** Integration by Vegas (iteration      15) ************
#                                                               *
#  integral  =  7232.2672       accum. integral =  7233.9113    *
#  std. dev. =  2.8320500       accum. std. dev = 0.87828009    *
#   min/max. wt. =    0.00000            0.127191               *
#                                                               *
#*************   chi**2/iteration =  1.886       ****************


  Input parameters for vegas:  ndim=  9   ncall= 80707214.
                              it=    0    itmx=    2
                              acc=-1.00    
                              mds=  1     nd=  50
                              (xl,xu)= (  0.00000     ,  1.00000     )
                                       (  0.00000     ,  1.00000     )
                                       (  0.00000     ,  1.00000     )
                                       (  0.00000     ,  1.00000     )
                                       (  0.00000     ,  1.00000     )
                                       (  0.00000     ,  1.00000     )
                                       (  0.00000     ,  1.00000     )
                                       (  0.00000     ,  1.00000     )
                                       (  0.00000     ,  1.00000     )

#********** Integration by Vegas (iteration       1) ************
#                                                               *
#  integral  =  7234.1564       accum. integral =  7234.1564    *
#  std. dev. =  2.8588766       accum. std. dev =  2.8588766    *
#   min/max. wt. =    0.00000            0.162175               *
#                                                               *
#*************   chi**2/iteration =  0.000       ****************


#********** Integration by Vegas (iteration       2) ************
#                                                               *
#  integral  =  7236.3245       accum. integral =  7235.2286    *
#  std. dev. =  2.8912726       accum. std. dev =  2.0328914    *
#   min/max. wt. =    0.00000            0.177498               *
#                                                               *
#*************   chi**2/iteration = 0.2840       ****************

 Done
