SLURM job running in:  /scratch/groups/lhc/park/JHUGen/JHUGenerator
LHAPDF 6.1.5 loading /work-zfs/lhc/cms/slc6_amd64_gcc493/external/lhapdf/6.1.5-kpegke3/share/LHAPDF/NNPDF30_lo_as_0130/NNPDF30_lo_as_0130_0000.dat
NNPDF30_lo_as_0130 PDF set, member #0, version 2; LHAPDF ID = 263000
 extending no. of histograms for vbf tests
 
                                                                                          
   ***************************************************************************************
   *                                JHU Generator v6.9.3                                 *
   ***************************************************************************************
   *                                                                                     *
   *   Spin and parity determination of single-produced resonances at hadron colliders   *
   *                                                                                     *
   *          I. Anderson, S. Bolognesi, F. Caola, Y. Gao, A. Gritsan, Z. Guo,           *
   *        C. Martin, K. Melnikov, R.Rontsch, H. Roskes, U. Sarica, M. Schulze,         *
   *                   N. Tran, A. Whitbeck, M. Xiao, C. You, Y. Zhou                    *
   *                Phys.Rev. D81 (2010) 075022;  arXiv:1001.3396 [hep-ph],              *
   *                Phys.Rev. D86 (2012) 095031;  arXiv:1208.4018 [hep-ph],              *
   *                Phys.Rev. D89 (2014) 035007;  arXiv:1309.4819 [hep-ph].              *
   *                                                                                     *
   ***************************************************************************************
                                                                                          
   
   Command line: ./JHUGen Unweighted=0 VegasNc0=99999999 VegasNc1=99999999 VegasNc2=99999999 LHAPDF=NNPDF30_lo_as_0130/NNPDF30_lo_as_0130.info MReso=280 ghz1=0,0 ghz4=1,0 Process=60 pTjetcut=0 deltaRcut=0
   
   Input Parameter:
    Collider: P-P, sqrt(s)=13000.00
    Resonance: spin=0, mass= 280.00 width=   0.00407
    Z-boson: mass=91.188, width=2.4952
    W-boson: mass=80.399, width=2.0850
    Jet cuts:
            pT >=     0.00 GeV
        DeltaR >=     0.00
           mJJ >=     0.00 GeV
    Random seed:   873850278
    To reproduce results using this seed, JHUGen should be compiled with the same compiler:
      GNU Fortran (GCC) 4.9.3
    
    WidthScheme:   2
    LHAPDF set NNPDF30_lo_as_0130/NNPDF30_lo_as_0130.info, member=  0
    Unweighted: F
    
    spin-0-VV couplings: 
      generate_as=F
      ghg2=  0.10000000E+01  0.00000000E+00i
      ghg3=  0.00000000E+00  0.00000000E+00i
      ghg4=  0.00000000E+00  0.00000000E+00i
      ghz1=  0.00000000E+00  0.00000000E+00i
      ghz2=  0.00000000E+00  0.00000000E+00i
      ghz3=  0.00000000E+00  0.00000000E+00i
      ghz4=  0.10000000E+01  0.00000000E+00i
      Lambda=  1000.0
    
    LHE output: ./data/output.lhe
    Histogram output: ./data/output.dat
    Log file: ./data/output.log
    
  Running

  Input parameters for vegas:  ndim=  9   ncall= 80707214.
                              it=    0    itmx=   15
                              acc=-1.00    
                              mds=  1     nd=  50
                              (xl,xu)= (  0.00000     ,  1.00000     )
                                       (  0.00000     ,  1.00000     )
                                       (  0.00000     ,  1.00000     )
                                       (  0.00000     ,  1.00000     )
                                       (  0.00000     ,  1.00000     )
                                       (  0.00000     ,  1.00000     )
                                       (  0.00000     ,  1.00000     )
                                       (  0.00000     ,  1.00000     )
                                       (  0.00000     ,  1.00000     )

#********** Integration by Vegas (iteration       1) ************
#                                                               *
#  integral  =  7140.5587       accum. integral =  7140.5587    *
#  std. dev. =  1678.7294       accum. std. dev =  1678.7294    *
#   min/max. wt. =    0.00000             1628.86               *
#                                                               *
#*************   chi**2/iteration =  0.000       ****************


#********** Integration by Vegas (iteration       2) ************
#                                                               *
#  integral  =  6789.7990       accum. integral =  6810.3764    *
#  std. dev. =  398.49594       accum. std. dev =  396.74269    *
#   min/max. wt. =    0.00000             346.267               *
#                                                               *
#*************   chi**2/iteration = 0.4312E-01   ****************


#********** Integration by Vegas (iteration       3) ************
#                                                               *
#  integral  =  6651.5647       accum. integral =  6652.8529    *
#  std. dev. =  34.251224       accum. std. dev =  35.200090    *
#   min/max. wt. =    0.00000             13.6178               *
#                                                               *
#*************   chi**2/iteration = 0.1041       ****************


#********** Integration by Vegas (iteration       4) ************
#                                                               *
#  integral  =  6735.9620       accum. integral =  6732.3274    *
#  std. dev. =  7.3875121       accum. std. dev =  7.3271768    *
#   min/max. wt. =    0.00000             1.40315               *
#                                                               *
#*************   chi**2/iteration =  1.863       ****************


#********** Integration by Vegas (iteration       5) ************
#                                                               *
#  integral  =  6723.6984       accum. integral =  6725.5584    *
#  std. dev. =  3.7800477       accum. std. dev =  3.3911556    *
#   min/max. wt. =    0.00000            0.798231               *
#                                                               *
#*************   chi**2/iteration =  1.680       ****************


#********** Integration by Vegas (iteration       6) ************
#                                                               *
#  integral  =  6724.4088       accum. integral =  6724.9131    *
#  std. dev. =  2.9600771       accum. std. dev =  2.2413859    *
#   min/max. wt. =    0.00000            0.303980               *
#                                                               *
#*************   chi**2/iteration =  1.362       ****************


#********** Integration by Vegas (iteration       7) ************
#                                                               *
#  integral  =  6725.7622       accum. integral =  6725.2512    *
#  std. dev. =  2.7270365       accum. std. dev =  1.7362477    *
#   min/max. wt. =    0.00000            0.276692               *
#                                                               *
#*************   chi**2/iteration =  1.148       ****************


#********** Integration by Vegas (iteration       8) ************
#                                                               *
#  integral  =  6727.6679       accum. integral =  6725.9646    *
#  std. dev. =  2.6595442       accum. std. dev =  1.4560383    *
#   min/max. wt. =    0.00000            0.141545               *
#                                                               *
#*************   chi**2/iteration =  1.068       ****************


#********** Integration by Vegas (iteration       9) ************
#                                                               *
#  integral  =  6723.2331       accum. integral =  6725.3306    *
#  std. dev. =  2.6265303       accum. std. dev =  1.2747488    *
#   min/max. wt. =    0.00000            0.190479               *
#                                                               *
#*************   chi**2/iteration =  1.039       ****************


#********** Integration by Vegas (iteration      10) ************
#                                                               *
#  integral  =  6724.9213       accum. integral =  6725.2529    *
#  std. dev. =  2.6157349       accum. std. dev =  1.1466573    *
#   min/max. wt. =    0.00000            0.152217               *
#                                                               *
#*************   chi**2/iteration = 0.9269       ****************


#********** Integration by Vegas (iteration      11) ************
#                                                               *
#  integral  =  6724.6778       accum. integral =  6725.1606    *
#  std. dev. =  2.6044955       accum. std. dev =  1.0499308    *
#   min/max. wt. =    0.00000            0.116292               *
#                                                               *
#*************   chi**2/iteration = 0.8392       ****************


#********** Integration by Vegas (iteration      12) ************
#                                                               *
#  integral  =  6724.1503       accum. integral =  6725.0239    *
#  std. dev. =  2.6384371       accum. std. dev = 0.97583551    *
#   min/max. wt. =    0.00000            0.300259               *
#                                                               *
#*************   chi**2/iteration = 0.7751       ****************


#********** Integration by Vegas (iteration      13) ************
#                                                               *
#  integral  =  6728.4031       accum. integral =  6725.4295    *
#  std. dev. =  2.6294304       accum. std. dev = 0.91505767    *
#   min/max. wt. =    0.00000            0.145716               *
#                                                               *
#*************   chi**2/iteration = 0.8310       ****************


#********** Integration by Vegas (iteration      14) ************
#                                                               *
#  integral  =  6721.6392       accum. integral =  6725.0318    *
#  std. dev. =  2.6580227       accum. std. dev = 0.86538295    *
#   min/max. wt. =    0.00000            0.291345               *
#                                                               *
#*************   chi**2/iteration = 0.9063       ****************


#********** Integration by Vegas (iteration      15) ************
#                                                               *
#  integral  =  6720.8062       accum. integral =  6724.6284    *
#  std. dev. =  2.6500907       accum. std. dev = 0.82275918    *
#   min/max. wt. =    0.00000            0.139516               *
#                                                               *
#*************   chi**2/iteration =  1.005       ****************


  Input parameters for vegas:  ndim=  9   ncall= 80707214.
                              it=    0    itmx=    2
                              acc=-1.00    
                              mds=  1     nd=  50
                              (xl,xu)= (  0.00000     ,  1.00000     )
                                       (  0.00000     ,  1.00000     )
                                       (  0.00000     ,  1.00000     )
                                       (  0.00000     ,  1.00000     )
                                       (  0.00000     ,  1.00000     )
                                       (  0.00000     ,  1.00000     )
                                       (  0.00000     ,  1.00000     )
                                       (  0.00000     ,  1.00000     )
                                       (  0.00000     ,  1.00000     )

#********** Integration by Vegas (iteration       1) ************
#                                                               *
#  integral  =  6718.7628       accum. integral =  6718.7628    *
#  std. dev. =  2.6710337       accum. std. dev =  2.6710337    *
#   min/max. wt. =    0.00000            0.119323               *
#                                                               *
#*************   chi**2/iteration =  0.000       ****************


#********** Integration by Vegas (iteration       2) ************
#                                                               *
#  integral  =  6725.7516       accum. integral =  6722.2157    *
#  std. dev. =  2.7057553       accum. std. dev =  1.9008758    *
#   min/max. wt. =    0.00000            0.130541               *
#                                                               *
#*************   chi**2/iteration =  3.376       ****************

 Done
