SLURM job running in:  /scratch/groups/lhc/park/JHUGen/JHUGenerator
LHAPDF 6.1.5 loading /work-zfs/lhc/cms/slc6_amd64_gcc493/external/lhapdf/6.1.5-kpegke3/share/LHAPDF/NNPDF30_lo_as_0130/NNPDF30_lo_as_0130_0000.dat
NNPDF30_lo_as_0130 PDF set, member #0, version 2; LHAPDF ID = 263000
 extending no. of histograms for vbf tests
 
                                                                                          
   ***************************************************************************************
   *                                JHU Generator v6.9.3                                 *
   ***************************************************************************************
   *                                                                                     *
   *   Spin and parity determination of single-produced resonances at hadron colliders   *
   *                                                                                     *
   *          I. Anderson, S. Bolognesi, F. Caola, Y. Gao, A. Gritsan, Z. Guo,           *
   *        C. Martin, K. Melnikov, R.Rontsch, H. Roskes, U. Sarica, M. Schulze,         *
   *                   N. Tran, A. Whitbeck, M. Xiao, C. You, Y. Zhou                    *
   *                Phys.Rev. D81 (2010) 075022;  arXiv:1001.3396 [hep-ph],              *
   *                Phys.Rev. D86 (2012) 095031;  arXiv:1208.4018 [hep-ph],              *
   *                Phys.Rev. D89 (2014) 035007;  arXiv:1309.4819 [hep-ph].              *
   *                                                                                     *
   ***************************************************************************************
                                                                                          
   
   Command line: ./JHUGen Unweighted=0 VegasNc0=99999999 VegasNc1=99999999 VegasNc2=99999999 LHAPDF=NNPDF30_lo_as_0130/NNPDF30_lo_as_0130.info MReso=2900 ghz1=0,0 ghz4=1,0 Process=60 pTjetcut=0 deltaRcut=0
   
   Input Parameter:
    Collider: P-P, sqrt(s)=13000.00
    Resonance: spin=0, mass=2900.00 width=   0.00407
    Z-boson: mass=91.188, width=2.4952
    W-boson: mass=80.399, width=2.0850
    Jet cuts:
            pT >=     0.00 GeV
        DeltaR >=     0.00
           mJJ >=     0.00 GeV
    Random seed:   171591714
    To reproduce results using this seed, JHUGen should be compiled with the same compiler:
      GNU Fortran (GCC) 4.9.3
    
    WidthScheme:   2
    LHAPDF set NNPDF30_lo_as_0130/NNPDF30_lo_as_0130.info, member=  0
    Unweighted: F
    
    spin-0-VV couplings: 
      generate_as=F
      ghg2=  0.10000000E+01  0.00000000E+00i
      ghg3=  0.00000000E+00  0.00000000E+00i
      ghg4=  0.00000000E+00  0.00000000E+00i
      ghz1=  0.00000000E+00  0.00000000E+00i
      ghz2=  0.00000000E+00  0.00000000E+00i
      ghz3=  0.00000000E+00  0.00000000E+00i
      ghz4=  0.10000000E+01  0.00000000E+00i
      Lambda=  1000.0
    
    LHE output: ./data/output.lhe
    Histogram output: ./data/output.dat
    Log file: ./data/output.log
    
  Running

  Input parameters for vegas:  ndim=  9   ncall= 80707214.
                              it=    0    itmx=   15
                              acc=-1.00    
                              mds=  1     nd=  50
                              (xl,xu)= (  0.00000     ,  1.00000     )
                                       (  0.00000     ,  1.00000     )
                                       (  0.00000     ,  1.00000     )
                                       (  0.00000     ,  1.00000     )
                                       (  0.00000     ,  1.00000     )
                                       (  0.00000     ,  1.00000     )
                                       (  0.00000     ,  1.00000     )
                                       (  0.00000     ,  1.00000     )
                                       (  0.00000     ,  1.00000     )

#********** Integration by Vegas (iteration       1) ************
#                                                               *
#  integral  =  25.552156       accum. integral =  25.552156    *
#  std. dev. =  2.5616838       accum. std. dev =  2.5616838    *
#   min/max. wt. =    0.00000             2.18640               *
#                                                               *
#*************   chi**2/iteration =  0.000       ****************


#********** Integration by Vegas (iteration       2) ************
#                                                               *
#  integral  =  34.550594       accum. integral =  32.443520    *
#  std. dev. =  1.9153177       accum. std. dev =  1.4741183    *
#   min/max. wt. =    0.00000             1.55653               *
#                                                               *
#*************   chi**2/iteration =  6.676       ****************


#********** Integration by Vegas (iteration       3) ************
#                                                               *
#  integral  =  37.548859       accum. integral =  36.961406    *
#  std. dev. = 0.65685590       accum. std. dev = 0.54218621    *
#   min/max. wt. =    0.00000            0.556576               *
#                                                               *
#*************   chi**2/iteration =  7.352       ****************


#********** Integration by Vegas (iteration       4) ************
#                                                               *
#  integral  =  37.694788       accum. integral =  37.686089    *
#  std. dev. = 0.67960820E-01   accum. std. dev = 0.61286085E-01*
#   min/max. wt. =    0.00000            0.149738E-01           *
#                                                               *
#*************   chi**2/iteration =  5.110       ****************


#********** Integration by Vegas (iteration       5) ************
#                                                               *
#  integral  =  37.685735       accum. integral =  37.685759    *
#  std. dev. = 0.18234600E-01   accum. std. dev = 0.16313202E-01*
#   min/max. wt. =    0.00000            0.142669E-02           *
#                                                               *
#*************   chi**2/iteration =  3.675       ****************


#********** Integration by Vegas (iteration       6) ************
#                                                               *
#  integral  =  37.682265       accum. integral =  37.683415    *
#  std. dev. = 0.12328403E-01   accum. std. dev = 0.94856277E-02*
#   min/max. wt. =    0.00000            0.252138E-02           *
#                                                               *
#*************   chi**2/iteration =  2.868       ****************


#********** Integration by Vegas (iteration       7) ************
#                                                               *
#  integral  =  37.669986       accum. integral =  37.677120    *
#  std. dev. = 0.10747132E-01   accum. std. dev = 0.69790662E-02*
#   min/max. wt. =    0.00000            0.508921E-03           *
#                                                               *
#*************   chi**2/iteration =  2.499       ****************


#********** Integration by Vegas (iteration       8) ************
#                                                               *
#  integral  =  37.696783       accum. integral =  37.683962    *
#  std. dev. = 0.10079195E-01   accum. std. dev = 0.56751761E-02*
#   min/max. wt. =    0.00000            0.545022E-03           *
#                                                               *
#*************   chi**2/iteration =  2.501       ****************


#********** Integration by Vegas (iteration       9) ************
#                                                               *
#  integral  =  37.695039       accum. integral =  37.686823    *
#  std. dev. = 0.10074907E-01   accum. std. dev = 0.49140084E-02*
#   min/max. wt. =    0.00000            0.180502E-02           *
#                                                               *
#*************   chi**2/iteration =  2.287       ****************


#********** Integration by Vegas (iteration      10) ************
#                                                               *
#  integral  =  37.694693       accum. integral =  37.688428    *
#  std. dev. = 0.10118534E-01   accum. std. dev = 0.44033511E-02*
#   min/max. wt. =    0.00000            0.482742E-03           *
#                                                               *
#*************   chi**2/iteration =  2.073       ****************


#********** Integration by Vegas (iteration      11) ************
#                                                               *
#  integral  =  37.696037       accum. integral =  37.689724    *
#  std. dev. = 0.10080012E-01   accum. std. dev = 0.40245470E-02*
#   min/max. wt. =    0.00000            0.665049E-03           *
#                                                               *
#*************   chi**2/iteration =  1.904       ****************


#********** Integration by Vegas (iteration      12) ************
#                                                               *
#  integral  =  37.675606       accum. integral =  37.687684    *
#  std. dev. = 0.10119372E-01   accum. std. dev = 0.37329398E-02*
#   min/max. wt. =    0.00000            0.316196E-03           *
#                                                               *
#*************   chi**2/iteration =  1.882       ****************


#********** Integration by Vegas (iteration      13) ************
#                                                               *
#  integral  =  37.683342       accum. integral =  37.687140    *
#  std. dev. = 0.10168220E-01   accum. std. dev = 0.34997145E-02*
#   min/max. wt. =    0.00000            0.410709E-03           *
#                                                               *
#*************   chi**2/iteration =  1.731       ****************


#********** Integration by Vegas (iteration      14) ************
#                                                               *
#  integral  =  37.697006       accum. integral =  37.688229    *
#  std. dev. = 0.10224614E-01   accum. std. dev = 0.33079262E-02*
#   min/max. wt. =    0.00000            0.395991E-03           *
#                                                               *
#*************   chi**2/iteration =  1.658       ****************


#********** Integration by Vegas (iteration      15) ************
#                                                               *
#  integral  =  37.692943       accum. integral =  37.688677    *
#  std. dev. = 0.10467703E-01   accum. std. dev = 0.31521533E-02*
#   min/max. wt. =    0.00000            0.672940E-03           *
#                                                               *
#*************   chi**2/iteration =  1.548       ****************


  Input parameters for vegas:  ndim=  9   ncall= 80707214.
                              it=    0    itmx=    2
                              acc=-1.00    
                              mds=  1     nd=  50
                              (xl,xu)= (  0.00000     ,  1.00000     )
                                       (  0.00000     ,  1.00000     )
                                       (  0.00000     ,  1.00000     )
                                       (  0.00000     ,  1.00000     )
                                       (  0.00000     ,  1.00000     )
                                       (  0.00000     ,  1.00000     )
                                       (  0.00000     ,  1.00000     )
                                       (  0.00000     ,  1.00000     )
                                       (  0.00000     ,  1.00000     )

#********** Integration by Vegas (iteration       1) ************
#                                                               *
#  integral  =  37.693144       accum. integral =  37.693144    *
#  std. dev. = 0.10356540E-01   accum. std. dev = 0.10356540E-01*
#   min/max. wt. =    0.00000            0.560502E-03           *
#                                                               *
#*************   chi**2/iteration =  0.000       ****************


#********** Integration by Vegas (iteration       2) ************
#                                                               *
#  integral  =  37.694048       accum. integral =  37.693585    *
#  std. dev. = 0.10615314E-01   accum. std. dev = 0.74129790E-02*
#   min/max. wt. =    0.00000            0.121825E-02           *
#                                                               *
#*************   chi**2/iteration = 0.3704E-02   ****************

 Done
