SLURM job running in:  /scratch/groups/lhc/park/JHUGen/JHUGenerator
LHAPDF 6.1.5 loading /work-zfs/lhc/cms/slc6_amd64_gcc493/external/lhapdf/6.1.5-kpegke3/share/LHAPDF/NNPDF30_lo_as_0130/NNPDF30_lo_as_0130_0000.dat
NNPDF30_lo_as_0130 PDF set, member #0, version 2; LHAPDF ID = 263000
 extending no. of histograms for vbf tests
 
                                                                                          
   ***************************************************************************************
   *                                JHU Generator v6.9.3                                 *
   ***************************************************************************************
   *                                                                                     *
   *   Spin and parity determination of single-produced resonances at hadron colliders   *
   *                                                                                     *
   *          I. Anderson, S. Bolognesi, F. Caola, Y. Gao, A. Gritsan, Z. Guo,           *
   *        C. Martin, K. Melnikov, R.Rontsch, H. Roskes, U. Sarica, M. Schulze,         *
   *                   N. Tran, A. Whitbeck, M. Xiao, C. You, Y. Zhou                    *
   *                Phys.Rev. D81 (2010) 075022;  arXiv:1001.3396 [hep-ph],              *
   *                Phys.Rev. D86 (2012) 095031;  arXiv:1208.4018 [hep-ph],              *
   *                Phys.Rev. D89 (2014) 035007;  arXiv:1309.4819 [hep-ph].              *
   *                                                                                     *
   ***************************************************************************************
                                                                                          
   
   Command line: ./JHUGen Unweighted=0 VegasNc0=99999999 VegasNc1=99999999 VegasNc2=99999999 LHAPDF=NNPDF30_lo_as_0130/NNPDF30_lo_as_0130.info MReso=300 ghz1=0,0 ghz4=1,0 Process=60 pTjetcut=0 deltaRcut=0
   
   Input Parameter:
    Collider: P-P, sqrt(s)=13000.00
    Resonance: spin=0, mass= 300.00 width=   0.00407
    Z-boson: mass=91.188, width=2.4952
    W-boson: mass=80.399, width=2.0850
    Jet cuts:
            pT >=     0.00 GeV
        DeltaR >=     0.00
           mJJ >=     0.00 GeV
    Random seed:   539352117
    To reproduce results using this seed, JHUGen should be compiled with the same compiler:
      GNU Fortran (GCC) 4.9.3
    
    WidthScheme:   2
    LHAPDF set NNPDF30_lo_as_0130/NNPDF30_lo_as_0130.info, member=  0
    Unweighted: F
    
    spin-0-VV couplings: 
      generate_as=F
      ghg2=  0.10000000E+01  0.00000000E+00i
      ghg3=  0.00000000E+00  0.00000000E+00i
      ghg4=  0.00000000E+00  0.00000000E+00i
      ghz1=  0.00000000E+00  0.00000000E+00i
      ghz2=  0.00000000E+00  0.00000000E+00i
      ghz3=  0.00000000E+00  0.00000000E+00i
      ghz4=  0.10000000E+01  0.00000000E+00i
      Lambda=  1000.0
    
    LHE output: ./data/output.lhe
    Histogram output: ./data/output.dat
    Log file: ./data/output.log
    
  Running

  Input parameters for vegas:  ndim=  9   ncall= 80707214.
                              it=    0    itmx=   15
                              acc=-1.00    
                              mds=  1     nd=  50
                              (xl,xu)= (  0.00000     ,  1.00000     )
                                       (  0.00000     ,  1.00000     )
                                       (  0.00000     ,  1.00000     )
                                       (  0.00000     ,  1.00000     )
                                       (  0.00000     ,  1.00000     )
                                       (  0.00000     ,  1.00000     )
                                       (  0.00000     ,  1.00000     )
                                       (  0.00000     ,  1.00000     )
                                       (  0.00000     ,  1.00000     )

#********** Integration by Vegas (iteration       1) ************
#                                                               *
#  integral  =  5348.3871       accum. integral =  5348.3871    *
#  std. dev. =  701.72387       accum. std. dev =  701.72387    *
#   min/max. wt. =    0.00000             659.977               *
#                                                               *
#*************   chi**2/iteration =  0.000       ****************


#********** Integration by Vegas (iteration       2) ************
#                                                               *
#  integral  =  6499.9939       accum. integral =  6283.1062    *
#  std. dev. =  410.80266       accum. std. dev =  338.90620    *
#   min/max. wt. =    0.00000             333.429               *
#                                                               *
#*************   chi**2/iteration =  1.763       ****************


#********** Integration by Vegas (iteration       3) ************
#                                                               *
#  integral  =  6312.5135       accum. integral =  6311.8015    *
#  std. dev. =  56.617205       accum. std. dev =  53.819902    *
#   min/max. wt. =    0.00000             40.6199               *
#                                                               *
#*************   chi**2/iteration = 0.8504       ****************


#********** Integration by Vegas (iteration       4) ************
#                                                               *
#  integral  =  6332.7137       accum. integral =  6332.2158    *
#  std. dev. =  8.7623272       accum. std. dev =  8.3941481    *
#   min/max. wt. =    0.00000             1.52225               *
#                                                               *
#*************   chi**2/iteration = 0.6030       ****************


#********** Integration by Vegas (iteration       5) ************
#                                                               *
#  integral  =  6330.8222       accum. integral =  6331.0072    *
#  std. dev. =  3.3866311       accum. std. dev =  3.0780293    *
#   min/max. wt. =    0.00000            0.560636               *
#                                                               *
#*************   chi**2/iteration = 0.4526       ****************


#********** Integration by Vegas (iteration       6) ************
#                                                               *
#  integral  =  6331.6231       accum. integral =  6331.3652    *
#  std. dev. =  2.6773208       accum. std. dev =  2.0001662    *
#   min/max. wt. =    0.00000            0.127239               *
#                                                               *
#*************   chi**2/iteration = 0.3637       ****************


#********** Integration by Vegas (iteration       7) ************
#                                                               *
#  integral  =  6334.3919       accum. integral =  6332.5744    *
#  std. dev. =  2.5034405       accum. std. dev =  1.5546087    *
#   min/max. wt. =    0.00000            0.194383               *
#                                                               *
#*************   chi**2/iteration = 0.4528       ****************


#********** Integration by Vegas (iteration       8) ************
#                                                               *
#  integral  =  6334.2634       accum. integral =  6333.0794    *
#  std. dev. =  2.4229621       accum. std. dev =  1.3045526    *
#   min/max. wt. =    0.00000            0.974281E-01           *
#                                                               *
#*************   chi**2/iteration = 0.4366       ****************


#********** Integration by Vegas (iteration       9) ************
#                                                               *
#  integral  =  6331.7656       accum. integral =  6332.7720    *
#  std. dev. =  2.3963540       accum. std. dev =  1.1437291    *
#   min/max. wt. =    0.00000            0.873667E-01           *
#                                                               *
#*************   chi**2/iteration = 0.4103       ****************


#********** Integration by Vegas (iteration      10) ************
#                                                               *
#  integral  =  6331.2380       accum. integral =  6332.4826    *
#  std. dev. =  2.4032298       accum. std. dev =  1.0315683    *
#   min/max. wt. =    0.00000            0.168331               *
#                                                               *
#*************   chi**2/iteration = 0.4013       ****************


#********** Integration by Vegas (iteration      11) ************
#                                                               *
#  integral  =  6333.2003       accum. integral =  6332.5952    *
#  std. dev. =  2.4198464       accum. std. dev = 0.94820483    *
#   min/max. wt. =    0.00000            0.106898               *
#                                                               *
#*************   chi**2/iteration = 0.3680       ****************


#********** Integration by Vegas (iteration      12) ************
#                                                               *
#  integral  =  6332.6933       accum. integral =  6332.6084    *
#  std. dev. =  2.4359649       accum. std. dev = 0.88314860    *
#   min/max. wt. =    0.00000            0.140572               *
#                                                               *
#*************   chi**2/iteration = 0.3340       ****************


#********** Integration by Vegas (iteration      13) ************
#                                                               *
#  integral  =  6330.8707       accum. integral =  6332.4060    *
#  std. dev. =  2.4567311       accum. std. dev = 0.83077236    *
#   min/max. wt. =    0.00000            0.948251E-01           *
#                                                               *
#*************   chi**2/iteration = 0.3432       ****************


#********** Integration by Vegas (iteration      14) ************
#                                                               *
#  integral  =  6332.5541       accum. integral =  6332.4212    *
#  std. dev. =  2.4809250       accum. std. dev = 0.78755993    *
#   min/max. wt. =    0.00000            0.136419               *
#                                                               *
#*************   chi**2/iteration = 0.3167       ****************


#********** Integration by Vegas (iteration      15) ************
#                                                               *
#  integral  =  6333.4196       accum. integral =  6332.5113    *
#  std. dev. =  2.5230322       accum. std. dev = 0.75163831    *
#   min/max. wt. =    0.00000            0.127355               *
#                                                               *
#*************   chi**2/iteration = 0.3040       ****************


  Input parameters for vegas:  ndim=  9   ncall= 80707214.
                              it=    0    itmx=    2
                              acc=-1.00    
                              mds=  1     nd=  50
                              (xl,xu)= (  0.00000     ,  1.00000     )
                                       (  0.00000     ,  1.00000     )
                                       (  0.00000     ,  1.00000     )
                                       (  0.00000     ,  1.00000     )
                                       (  0.00000     ,  1.00000     )
                                       (  0.00000     ,  1.00000     )
                                       (  0.00000     ,  1.00000     )
                                       (  0.00000     ,  1.00000     )
                                       (  0.00000     ,  1.00000     )

#********** Integration by Vegas (iteration       1) ************
#                                                               *
#  integral  =  6334.9183       accum. integral =  6334.9183    *
#  std. dev. =  2.5548546       accum. std. dev =  2.5548546    *
#   min/max. wt. =    0.00000            0.164006               *
#                                                               *
#*************   chi**2/iteration = 0.1141E-05   ****************


#********** Integration by Vegas (iteration       2) ************
#                                                               *
#  integral  =  6335.1400       accum. integral =  6335.0281    *
#  std. dev. =  2.5797227       accum. std. dev =  1.8152836    *
#   min/max. wt. =    0.00000            0.109005               *
#                                                               *
#*************   chi**2/iteration = 0.3727E-02   ****************

 Done
