SLURM job running in:  /scratch/groups/lhc/park/JHUGen/JHUGenerator
LHAPDF 6.1.5 loading /work-zfs/lhc/cms/slc6_amd64_gcc493/external/lhapdf/6.1.5-kpegke3/share/LHAPDF/NNPDF30_lo_as_0130/NNPDF30_lo_as_0130_0000.dat
NNPDF30_lo_as_0130 PDF set, member #0, version 2; LHAPDF ID = 263000
 extending no. of histograms for vbf tests
 
                                                                                          
   ***************************************************************************************
   *                                JHU Generator v6.9.3                                 *
   ***************************************************************************************
   *                                                                                     *
   *   Spin and parity determination of single-produced resonances at hadron colliders   *
   *                                                                                     *
   *          I. Anderson, S. Bolognesi, F. Caola, Y. Gao, A. Gritsan, Z. Guo,           *
   *        C. Martin, K. Melnikov, R.Rontsch, H. Roskes, U. Sarica, M. Schulze,         *
   *                   N. Tran, A. Whitbeck, M. Xiao, C. You, Y. Zhou                    *
   *                Phys.Rev. D81 (2010) 075022;  arXiv:1001.3396 [hep-ph],              *
   *                Phys.Rev. D86 (2012) 095031;  arXiv:1208.4018 [hep-ph],              *
   *                Phys.Rev. D89 (2014) 035007;  arXiv:1309.4819 [hep-ph].              *
   *                                                                                     *
   ***************************************************************************************
                                                                                          
   
   Command line: ./JHUGen Unweighted=0 VegasNc0=99999999 VegasNc1=99999999 VegasNc2=99999999 LHAPDF=NNPDF30_lo_as_0130/NNPDF30_lo_as_0130.info MReso=304 ghz1=0,0 ghz4=1,0 Process=60 pTjetcut=0 deltaRcut=0
   
   Input Parameter:
    Collider: P-P, sqrt(s)=13000.00
    Resonance: spin=0, mass= 304.00 width=   0.00407
    Z-boson: mass=91.188, width=2.4952
    W-boson: mass=80.399, width=2.0850
    Jet cuts:
            pT >=     0.00 GeV
        DeltaR >=     0.00
           mJJ >=     0.00 GeV
    Random seed:   981068519
    To reproduce results using this seed, JHUGen should be compiled with the same compiler:
      GNU Fortran (GCC) 4.9.3
    
    WidthScheme:   2
    LHAPDF set NNPDF30_lo_as_0130/NNPDF30_lo_as_0130.info, member=  0
    Unweighted: F
    
    spin-0-VV couplings: 
      generate_as=F
      ghg2=  0.10000000E+01  0.00000000E+00i
      ghg3=  0.00000000E+00  0.00000000E+00i
      ghg4=  0.00000000E+00  0.00000000E+00i
      ghz1=  0.00000000E+00  0.00000000E+00i
      ghz2=  0.00000000E+00  0.00000000E+00i
      ghz3=  0.00000000E+00  0.00000000E+00i
      ghz4=  0.10000000E+01  0.00000000E+00i
      Lambda=  1000.0
    
    LHE output: ./data/output.lhe
    Histogram output: ./data/output.dat
    Log file: ./data/output.log
    
  Running

  Input parameters for vegas:  ndim=  9   ncall= 80707214.
                              it=    0    itmx=   15
                              acc=-1.00    
                              mds=  1     nd=  50
                              (xl,xu)= (  0.00000     ,  1.00000     )
                                       (  0.00000     ,  1.00000     )
                                       (  0.00000     ,  1.00000     )
                                       (  0.00000     ,  1.00000     )
                                       (  0.00000     ,  1.00000     )
                                       (  0.00000     ,  1.00000     )
                                       (  0.00000     ,  1.00000     )
                                       (  0.00000     ,  1.00000     )
                                       (  0.00000     ,  1.00000     )

#********** Integration by Vegas (iteration       1) ************
#                                                               *
#  integral  =  5902.1595       accum. integral =  5902.1595    *
#  std. dev. =  960.51469       accum. std. dev =  960.51469    *
#   min/max. wt. =    0.00000             859.897               *
#                                                               *
#*************   chi**2/iteration =  0.000       ****************


#********** Integration by Vegas (iteration       2) ************
#                                                               *
#  integral  =  6638.1747       accum. integral =  6549.8948    *
#  std. dev. =  398.81702       accum. std. dev =  354.00244    *
#   min/max. wt. =    0.00000             297.874               *
#                                                               *
#*************   chi**2/iteration = 0.4558       ****************


#********** Integration by Vegas (iteration       3) ************
#                                                               *
#  integral  =  6247.1824       accum. integral =  6250.5553    *
#  std. dev. =  37.375050       accum. std. dev =  37.300326    *
#   min/max. wt. =    0.00000             22.8931               *
#                                                               *
#*************   chi**2/iteration = 0.5915       ****************


#********** Integration by Vegas (iteration       4) ************
#                                                               *
#  integral  =  6269.8277       accum. integral =  6268.7716    *
#  std. dev. =  8.9814823       accum. std. dev =  8.7318098    *
#   min/max. wt. =    0.00000             3.66179               *
#                                                               *
#*************   chi**2/iteration = 0.4785       ****************


#********** Integration by Vegas (iteration       5) ************
#                                                               *
#  integral  =  6264.5783       accum. integral =  6265.1517    *
#  std. dev. =  3.4723742       accum. std. dev =  3.2283708    *
#   min/max. wt. =    0.00000            0.287786               *
#                                                               *
#*************   chi**2/iteration = 0.4088       ****************


#********** Integration by Vegas (iteration       6) ************
#                                                               *
#  integral  =  6258.1311       accum. integral =  6260.9478    *
#  std. dev. =  2.6381267       accum. std. dev =  2.0443046    *
#   min/max. wt. =    0.00000            0.208563               *
#                                                               *
#*************   chi**2/iteration = 0.8938       ****************


#********** Integration by Vegas (iteration       7) ************
#                                                               *
#  integral  =  6259.6118       accum. integral =  6260.4089    *
#  std. dev. =  2.4832906       accum. std. dev =  1.5787796    *
#   min/max. wt. =    0.00000            0.260214               *
#                                                               *
#*************   chi**2/iteration = 0.7738       ****************


#********** Integration by Vegas (iteration       8) ************
#                                                               *
#  integral  =  6260.0354       accum. integral =  6260.2964    *
#  std. dev. =  2.4027859       accum. std. dev =  1.3196618    *
#   min/max. wt. =    0.00000            0.108175               *
#                                                               *
#*************   chi**2/iteration = 0.6658       ****************


#********** Integration by Vegas (iteration       9) ************
#                                                               *
#  integral  =  6254.4870       accum. integral =  6258.9276    *
#  std. dev. =  2.3728557       accum. std. dev =  1.1535472    *
#   min/max. wt. =    0.00000            0.982440E-01           *
#                                                               *
#*************   chi**2/iteration =  1.154       ****************


#********** Integration by Vegas (iteration      10) ************
#                                                               *
#  integral  =  6258.2322       accum. integral =  6258.7952    *
#  std. dev. =  2.3762153       accum. std. dev =  1.0378170    *
#   min/max. wt. =    0.00000            0.130508               *
#                                                               *
#*************   chi**2/iteration =  1.033       ****************


#********** Integration by Vegas (iteration      11) ************
#                                                               *
#  integral  =  6255.1847       accum. integral =  6258.2140    *
#  std. dev. =  2.3664271       accum. std. dev = 0.95052163    *
#   min/max. wt. =    0.00000            0.104532               *
#                                                               *
#*************   chi**2/iteration =  1.125       ****************


#********** Integration by Vegas (iteration      12) ************
#                                                               *
#  integral  =  6257.5008       accum. integral =  6258.1163    *
#  std. dev. =  2.3836280       accum. std. dev = 0.88295004    *
#   min/max. wt. =    0.00000            0.637032E-01           *
#                                                               *
#*************   chi**2/iteration =  1.030       ****************


#********** Integration by Vegas (iteration      13) ************
#                                                               *
#  integral  =  6255.4899       accum. integral =  6257.8084    *
#  std. dev. =  2.4204046       accum. std. dev = 0.82951788    *
#   min/max. wt. =    0.00000            0.146792               *
#                                                               *
#*************   chi**2/iteration =  1.031       ****************


#********** Integration by Vegas (iteration      14) ************
#                                                               *
#  integral  =  6257.9823       accum. integral =  6257.8261    *
#  std. dev. =  2.4637934       accum. std. dev = 0.78617036    *
#   min/max. wt. =    0.00000            0.140265               *
#                                                               *
#*************   chi**2/iteration = 0.9520       ****************


#********** Integration by Vegas (iteration      15) ************
#                                                               *
#  integral  =  6259.7190       accum. integral =  6257.9977    *
#  std. dev. =  2.4893943       accum. std. dev = 0.74967943    *
#   min/max. wt. =    0.00000            0.121593               *
#                                                               *
#*************   chi**2/iteration = 0.9215       ****************


  Input parameters for vegas:  ndim=  9   ncall= 80707214.
                              it=    0    itmx=    2
                              acc=-1.00    
                              mds=  1     nd=  50
                              (xl,xu)= (  0.00000     ,  1.00000     )
                                       (  0.00000     ,  1.00000     )
                                       (  0.00000     ,  1.00000     )
                                       (  0.00000     ,  1.00000     )
                                       (  0.00000     ,  1.00000     )
                                       (  0.00000     ,  1.00000     )
                                       (  0.00000     ,  1.00000     )
                                       (  0.00000     ,  1.00000     )
                                       (  0.00000     ,  1.00000     )

#********** Integration by Vegas (iteration       1) ************
#                                                               *
#  integral  =  6260.4746       accum. integral =  6260.4746    *
#  std. dev. =  2.5424599       accum. std. dev =  2.5424599    *
#   min/max. wt. =    0.00000            0.261915               *
#                                                               *
#*************   chi**2/iteration =  0.000       ****************


#********** Integration by Vegas (iteration       2) ************
#                                                               *
#  integral  =  6260.8561       accum. integral =  6260.6621    *
#  std. dev. =  2.5859665       accum. std. dev =  1.8129778    *
#   min/max. wt. =    0.00000            0.252517               *
#                                                               *
#*************   chi**2/iteration = 0.1105E-01   ****************

 Done
