SLURM job running in:  /scratch/groups/lhc/park/JHUGen/JHUGenerator
LHAPDF 6.1.5 loading /work-zfs/lhc/cms/slc6_amd64_gcc493/external/lhapdf/6.1.5-kpegke3/share/LHAPDF/NNPDF30_lo_as_0130/NNPDF30_lo_as_0130_0000.dat
NNPDF30_lo_as_0130 PDF set, member #0, version 2; LHAPDF ID = 263000
 extending no. of histograms for vbf tests
 
                                                                                          
   ***************************************************************************************
   *                                JHU Generator v6.9.3                                 *
   ***************************************************************************************
   *                                                                                     *
   *   Spin and parity determination of single-produced resonances at hadron colliders   *
   *                                                                                     *
   *          I. Anderson, S. Bolognesi, F. Caola, Y. Gao, A. Gritsan, Z. Guo,           *
   *        C. Martin, K. Melnikov, R.Rontsch, H. Roskes, U. Sarica, M. Schulze,         *
   *                   N. Tran, A. Whitbeck, M. Xiao, C. You, Y. Zhou                    *
   *                Phys.Rev. D81 (2010) 075022;  arXiv:1001.3396 [hep-ph],              *
   *                Phys.Rev. D86 (2012) 095031;  arXiv:1208.4018 [hep-ph],              *
   *                Phys.Rev. D89 (2014) 035007;  arXiv:1309.4819 [hep-ph].              *
   *                                                                                     *
   ***************************************************************************************
                                                                                          
   
   Command line: ./JHUGen Unweighted=0 VegasNc0=99999999 VegasNc1=99999999 VegasNc2=99999999 LHAPDF=NNPDF30_lo_as_0130/NNPDF30_lo_as_0130.info MReso=320 ghz1=0,0 ghz4=1,0 Process=60 pTjetcut=0 deltaRcut=0
   
   Input Parameter:
    Collider: P-P, sqrt(s)=13000.00
    Resonance: spin=0, mass= 320.00 width=   0.00407
    Z-boson: mass=91.188, width=2.4952
    W-boson: mass=80.399, width=2.0850
    Jet cuts:
            pT >=     0.00 GeV
        DeltaR >=     0.00
           mJJ >=     0.00 GeV
    Random seed:   381601453
    To reproduce results using this seed, JHUGen should be compiled with the same compiler:
      GNU Fortran (GCC) 4.9.3
    
    WidthScheme:   2
    LHAPDF set NNPDF30_lo_as_0130/NNPDF30_lo_as_0130.info, member=  0
    Unweighted: F
    
    spin-0-VV couplings: 
      generate_as=F
      ghg2=  0.10000000E+01  0.00000000E+00i
      ghg3=  0.00000000E+00  0.00000000E+00i
      ghg4=  0.00000000E+00  0.00000000E+00i
      ghz1=  0.00000000E+00  0.00000000E+00i
      ghz2=  0.00000000E+00  0.00000000E+00i
      ghz3=  0.00000000E+00  0.00000000E+00i
      ghz4=  0.10000000E+01  0.00000000E+00i
      Lambda=  1000.0
    
    LHE output: ./data/output.lhe
    Histogram output: ./data/output.dat
    Log file: ./data/output.log
    
  Running

  Input parameters for vegas:  ndim=  9   ncall= 80707214.
                              it=    0    itmx=   15
                              acc=-1.00    
                              mds=  1     nd=  50
                              (xl,xu)= (  0.00000     ,  1.00000     )
                                       (  0.00000     ,  1.00000     )
                                       (  0.00000     ,  1.00000     )
                                       (  0.00000     ,  1.00000     )
                                       (  0.00000     ,  1.00000     )
                                       (  0.00000     ,  1.00000     )
                                       (  0.00000     ,  1.00000     )
                                       (  0.00000     ,  1.00000     )
                                       (  0.00000     ,  1.00000     )

#********** Integration by Vegas (iteration       1) ************
#                                                               *
#  integral  =  10652.109       accum. integral =  10652.109    *
#  std. dev. =  5656.5536       accum. std. dev =  5656.5536    *
#   min/max. wt. =    0.00000             5635.11               *
#                                                               *
#*************   chi**2/iteration =  0.000       ****************


#********** Integration by Vegas (iteration       2) ************
#                                                               *
#  integral  =  5417.5254       accum. integral =  5438.6638    *
#  std. dev. =  183.18565       accum. std. dev =  285.15881    *
#   min/max. wt. =    0.00000             98.7366               *
#                                                               *
#*************   chi**2/iteration =  1.354       ****************


#********** Integration by Vegas (iteration       3) ************
#                                                               *
#  integral  =  5867.9167       accum. integral =  5856.8892    *
#  std. dev. =  32.153600       accum. std. dev =  41.574406    *
#   min/max. wt. =    0.00000             11.0113               *
#                                                               *
#*************   chi**2/iteration =  2.152       ****************


#********** Integration by Vegas (iteration       4) ************
#                                                               *
#  integral  =  5960.5493       accum. integral =  5954.7533    *
#  std. dev. =  7.8457356       accum. std. dev =  9.3279497    *
#   min/max. wt. =    0.00000             3.04303               *
#                                                               *
#*************   chi**2/iteration =  3.766       ****************


#********** Integration by Vegas (iteration       5) ************
#                                                               *
#  integral  =  5969.2860       accum. integral =  5966.7966    *
#  std. dev. =  3.4709633       accum. std. dev =  3.7310131    *
#   min/max. wt. =    0.00000            0.234481               *
#                                                               *
#*************   chi**2/iteration =  3.563       ****************


#********** Integration by Vegas (iteration       6) ************
#                                                               *
#  integral  =  5970.1109       accum. integral =  5968.7857    *
#  std. dev. =  2.5793939       accum. std. dev =  2.3029944    *
#   min/max. wt. =    0.00000            0.530014               *
#                                                               *
#*************   chi**2/iteration =  3.091       ****************


#********** Integration by Vegas (iteration       7) ************
#                                                               *
#  integral  =  5969.0790       accum. integral =  5968.9085    *
#  std. dev. =  2.3537656       accum. std. dev =  1.7244622    *
#   min/max. wt. =    0.00000            0.944164E-01           *
#                                                               *
#*************   chi**2/iteration =  2.671       ****************


#********** Integration by Vegas (iteration       8) ************
#                                                               *
#  integral  =  5972.2624       accum. integral =  5969.9497    *
#  std. dev. =  2.2713077       accum. std. dev =  1.4122501    *
#   min/max. wt. =    0.00000            0.122064               *
#                                                               *
#*************   chi**2/iteration =  2.527       ****************


#********** Integration by Vegas (iteration       9) ************
#                                                               *
#  integral  =  5968.0341       accum. integral =  5969.5073    *
#  std. dev. =  2.3076872       accum. std. dev =  1.2247699    *
#   min/max. wt. =    0.00000            0.238363               *
#                                                               *
#*************   chi**2/iteration =  2.315       ****************


#********** Integration by Vegas (iteration      10) ************
#                                                               *
#  integral  =  5967.5745       accum. integral =  5969.1367    *
#  std. dev. =  2.2765485       accum. std. dev =  1.0911192    *
#   min/max. wt. =    0.00000            0.120067               *
#                                                               *
#*************   chi**2/iteration =  2.149       ****************


#********** Integration by Vegas (iteration      11) ************
#                                                               *
#  integral  =  5967.2394       accum. integral =  5968.8344    *
#  std. dev. =  2.2902070       accum. std. dev = 0.99290588    *
#   min/max. wt. =    0.00000            0.119586               *
#                                                               *
#*************   chi**2/iteration =  2.013       ****************


#********** Integration by Vegas (iteration      12) ************
#                                                               *
#  integral  =  5969.5817       accum. integral =  5968.9347    *
#  std. dev. =  2.3225264       accum. std. dev = 0.91801475    *
#   min/max. wt. =    0.00000            0.831891E-01           *
#                                                               *
#*************   chi**2/iteration =  1.860       ****************


#********** Integration by Vegas (iteration      13) ************
#                                                               *
#  integral  =  5971.8740       accum. integral =  5969.2745    *
#  std. dev. =  2.3544397       accum. std. dev = 0.85865844    *
#   min/max. wt. =    0.00000            0.969618E-01           *
#                                                               *
#*************   chi**2/iteration =  1.824       ****************


#********** Integration by Vegas (iteration      14) ************
#                                                               *
#  integral  =  5967.6252       accum. integral =  5969.1073    *
#  std. dev. =  2.3815003       accum. std. dev = 0.81011942    *
#   min/max. wt. =    0.00000            0.142053               *
#                                                               *
#*************   chi**2/iteration =  1.729       ****************


#********** Integration by Vegas (iteration      15) ************
#                                                               *
#  integral  =  5963.9951       accum. integral =  5968.6482    *
#  std. dev. =  2.4127169       accum. std. dev = 0.76966597    *
#   min/max. wt. =    0.00000            0.114963               *
#                                                               *
#*************   chi**2/iteration =  1.876       ****************


  Input parameters for vegas:  ndim=  9   ncall= 80707214.
                              it=    0    itmx=    2
                              acc=-1.00    
                              mds=  1     nd=  50
                              (xl,xu)= (  0.00000     ,  1.00000     )
                                       (  0.00000     ,  1.00000     )
                                       (  0.00000     ,  1.00000     )
                                       (  0.00000     ,  1.00000     )
                                       (  0.00000     ,  1.00000     )
                                       (  0.00000     ,  1.00000     )
                                       (  0.00000     ,  1.00000     )
                                       (  0.00000     ,  1.00000     )
                                       (  0.00000     ,  1.00000     )

#********** Integration by Vegas (iteration       1) ************
#                                                               *
#  integral  =  5970.5055       accum. integral =  5970.5055    *
#  std. dev. =  2.4766528       accum. std. dev =  2.4766528    *
#   min/max. wt. =    0.00000            0.370024               *
#                                                               *
#*************   chi**2/iteration =  0.000       ****************


#********** Integration by Vegas (iteration       2) ************
#                                                               *
#  integral  =  5966.9834       accum. integral =  5968.7415    *
#  std. dev. =  2.4711314       accum. std. dev =  1.7493038    *
#   min/max. wt. =    0.00000            0.253301               *
#                                                               *
#*************   chi**2/iteration =  1.012       ****************

 Done
