SLURM job running in:  /scratch/groups/lhc/park/JHUGen/JHUGenerator
LHAPDF 6.1.5 loading /work-zfs/lhc/cms/slc6_amd64_gcc493/external/lhapdf/6.1.5-kpegke3/share/LHAPDF/NNPDF30_lo_as_0130/NNPDF30_lo_as_0130_0000.dat
NNPDF30_lo_as_0130 PDF set, member #0, version 2; LHAPDF ID = 263000
 extending no. of histograms for vbf tests
 
                                                                                          
   ***************************************************************************************
   *                                JHU Generator v6.9.3                                 *
   ***************************************************************************************
   *                                                                                     *
   *   Spin and parity determination of single-produced resonances at hadron colliders   *
   *                                                                                     *
   *          I. Anderson, S. Bolognesi, F. Caola, Y. Gao, A. Gritsan, Z. Guo,           *
   *        C. Martin, K. Melnikov, R.Rontsch, H. Roskes, U. Sarica, M. Schulze,         *
   *                   N. Tran, A. Whitbeck, M. Xiao, C. You, Y. Zhou                    *
   *                Phys.Rev. D81 (2010) 075022;  arXiv:1001.3396 [hep-ph],              *
   *                Phys.Rev. D86 (2012) 095031;  arXiv:1208.4018 [hep-ph],              *
   *                Phys.Rev. D89 (2014) 035007;  arXiv:1309.4819 [hep-ph].              *
   *                                                                                     *
   ***************************************************************************************
                                                                                          
   
   Command line: ./JHUGen Unweighted=0 VegasNc0=99999999 VegasNc1=99999999 VegasNc2=99999999 LHAPDF=NNPDF30_lo_as_0130/NNPDF30_lo_as_0130.info MReso=364 ghz1=0,0 ghz4=1,0 Process=60 pTjetcut=0 deltaRcut=0
   
   Input Parameter:
    Collider: P-P, sqrt(s)=13000.00
    Resonance: spin=0, mass= 364.00 width=   0.00407
    Z-boson: mass=91.188, width=2.4952
    W-boson: mass=80.399, width=2.0850
    Jet cuts:
            pT >=     0.00 GeV
        DeltaR >=     0.00
           mJJ >=     0.00 GeV
    Random seed:   605885168
    To reproduce results using this seed, JHUGen should be compiled with the same compiler:
      GNU Fortran (GCC) 4.9.3
    
    WidthScheme:   2
    LHAPDF set NNPDF30_lo_as_0130/NNPDF30_lo_as_0130.info, member=  0
    Unweighted: F
    
    spin-0-VV couplings: 
      generate_as=F
      ghg2=  0.10000000E+01  0.00000000E+00i
      ghg3=  0.00000000E+00  0.00000000E+00i
      ghg4=  0.00000000E+00  0.00000000E+00i
      ghz1=  0.00000000E+00  0.00000000E+00i
      ghz2=  0.00000000E+00  0.00000000E+00i
      ghz3=  0.00000000E+00  0.00000000E+00i
      ghz4=  0.10000000E+01  0.00000000E+00i
      Lambda=  1000.0
    
    LHE output: ./data/output.lhe
    Histogram output: ./data/output.dat
    Log file: ./data/output.log
    
  Running

  Input parameters for vegas:  ndim=  9   ncall= 80707214.
                              it=    0    itmx=   15
                              acc=-1.00    
                              mds=  1     nd=  50
                              (xl,xu)= (  0.00000     ,  1.00000     )
                                       (  0.00000     ,  1.00000     )
                                       (  0.00000     ,  1.00000     )
                                       (  0.00000     ,  1.00000     )
                                       (  0.00000     ,  1.00000     )
                                       (  0.00000     ,  1.00000     )
                                       (  0.00000     ,  1.00000     )
                                       (  0.00000     ,  1.00000     )
                                       (  0.00000     ,  1.00000     )

#********** Integration by Vegas (iteration       1) ************
#                                                               *
#  integral  =  3995.1860       accum. integral =  3995.1860    *
#  std. dev. =  217.90039       accum. std. dev =  217.90039    *
#   min/max. wt. =    0.00000             174.391               *
#                                                               *
#*************   chi**2/iteration = 0.7846E-10   ****************


#********** Integration by Vegas (iteration       2) ************
#                                                               *
#  integral  =  4879.3997       accum. integral =  4783.7580    *
#  std. dev. =  92.680883       accum. std. dev =  79.988754    *
#   min/max. wt. =    0.00000             39.1134               *
#                                                               *
#*************   chi**2/iteration =  11.78       ****************


#********** Integration by Vegas (iteration       3) ************
#                                                               *
#  integral  =  5238.6927       accum. integral =  5186.7211    *
#  std. dev. =  33.747300       accum. std. dev =  28.697451    *
#   min/max. wt. =    0.00000             26.6671               *
#                                                               *
#*************   chi**2/iteration =  17.94       ****************


#********** Integration by Vegas (iteration       4) ************
#                                                               *
#  integral  =  5247.7992       accum. integral =  5244.6067    *
#  std. dev. =  7.4719672       accum. std. dev =  6.7463267    *
#   min/max. wt. =    0.00000             1.31673               *
#                                                               *
#*************   chi**2/iteration =  12.66       ****************


#********** Integration by Vegas (iteration       5) ************
#                                                               *
#  integral  =  5248.7931       accum. integral =  5248.2741    *
#  std. dev. =  2.7370240       accum. std. dev =  2.4138484    *
#   min/max. wt. =    0.00000            0.292817               *
#                                                               *
#*************   chi**2/iteration =  9.281       ****************


#********** Integration by Vegas (iteration       6) ************
#                                                               *
#  integral  =  5250.7524       accum. integral =  5249.7016    *
#  std. dev. =  2.1987466       accum. std. dev =  1.5883614    *
#   min/max. wt. =    0.00000            0.241414               *
#                                                               *
#*************   chi**2/iteration =  7.390       ****************


#********** Integration by Vegas (iteration       7) ************
#                                                               *
#  integral  =  5249.6843       accum. integral =  5249.6946    *
#  std. dev. =  2.0184274       accum. std. dev =  1.2332723    *
#   min/max. wt. =    0.00000            0.116911               *
#                                                               *
#*************   chi**2/iteration =  6.069       ****************


#********** Integration by Vegas (iteration       8) ************
#                                                               *
#  integral  =  5251.2757       accum. integral =  5250.1618    *
#  std. dev. =  1.9861804       accum. std. dev =  1.0408137    *
#   min/max. wt. =    0.00000            0.237445               *
#                                                               *
#*************   chi**2/iteration =  5.214       ****************


#********** Integration by Vegas (iteration       9) ************
#                                                               *
#  integral  =  5250.9738       accum. integral =  5250.3485    *
#  std. dev. =  1.9759917       accum. std. dev = 0.91722063    *
#   min/max. wt. =    0.00000            0.245813               *
#                                                               *
#*************   chi**2/iteration =  4.542       ****************


#********** Integration by Vegas (iteration      10) ************
#                                                               *
#  integral  =  5249.9474       accum. integral =  5250.2735    *
#  std. dev. =  1.9760850       accum. std. dev = 0.82985092    *
#   min/max. wt. =    0.00000            0.106171               *
#                                                               *
#*************   chi**2/iteration =  4.014       ****************


#********** Integration by Vegas (iteration      11) ************
#                                                               *
#  integral  =  5254.4869       accum. integral =  5250.9334    *
#  std. dev. =  1.9838848       accum. std. dev = 0.76422215    *
#   min/max. wt. =    0.00000            0.117712               *
#                                                               *
#*************   chi**2/iteration =  3.994       ****************


#********** Integration by Vegas (iteration      12) ************
#                                                               *
#  integral  =  5254.0572       accum. integral =  5251.3551    *
#  std. dev. =  1.9871574       accum. std. dev = 0.71240041    *
#   min/max. wt. =    0.00000            0.919161E-01           *
#                                                               *
#*************   chi**2/iteration =  3.819       ****************


#********** Integration by Vegas (iteration      13) ************
#                                                               *
#  integral  =  5249.6609       accum. integral =  5251.1555    *
#  std. dev. =  1.9958934       accum. std. dev = 0.67035571    *
#   min/max. wt. =    0.00000            0.624734E-01           *
#                                                               *
#*************   chi**2/iteration =  3.543       ****************


#********** Integration by Vegas (iteration      14) ************
#                                                               *
#  integral  =  5251.5148       accum. integral =  5251.1924    *
#  std. dev. =  2.0262753       accum. std. dev = 0.63603882    *
#   min/max. wt. =    0.00000            0.725335E-01           *
#                                                               *
#*************   chi**2/iteration =  3.262       ****************


#********** Integration by Vegas (iteration      15) ************
#                                                               *
#  integral  =  5250.7000       accum. integral =  5251.1481    *
#  std. dev. =  2.0661005       accum. std. dev = 0.60763457    *
#   min/max. wt. =    0.00000            0.124473               *
#                                                               *
#*************   chi**2/iteration =  3.024       ****************


  Input parameters for vegas:  ndim=  9   ncall= 80707214.
                              it=    0    itmx=    2
                              acc=-1.00    
                              mds=  1     nd=  50
                              (xl,xu)= (  0.00000     ,  1.00000     )
                                       (  0.00000     ,  1.00000     )
                                       (  0.00000     ,  1.00000     )
                                       (  0.00000     ,  1.00000     )
                                       (  0.00000     ,  1.00000     )
                                       (  0.00000     ,  1.00000     )
                                       (  0.00000     ,  1.00000     )
                                       (  0.00000     ,  1.00000     )
                                       (  0.00000     ,  1.00000     )

#********** Integration by Vegas (iteration       1) ************
#                                                               *
#  integral  =  5251.3098       accum. integral =  5251.3098    *
#  std. dev. =  2.0967053       accum. std. dev =  2.0967053    *
#   min/max. wt. =    0.00000            0.662961E-01           *
#                                                               *
#*************   chi**2/iteration =  0.000       ****************


#********** Integration by Vegas (iteration       2) ************
#                                                               *
#  integral  =  5250.1729       accum. integral =  5250.7530    *
#  std. dev. =  2.1399422       accum. std. dev =  1.4976438    *
#   min/max. wt. =    0.00000            0.108662               *
#                                                               *
#*************   chi**2/iteration = 0.1439       ****************

 Done
