SLURM job running in:  /scratch/groups/lhc/park/JHUGen/JHUGenerator
LHAPDF 6.1.5 loading /work-zfs/lhc/cms/slc6_amd64_gcc493/external/lhapdf/6.1.5-kpegke3/share/LHAPDF/NNPDF30_lo_as_0130/NNPDF30_lo_as_0130_0000.dat
NNPDF30_lo_as_0130 PDF set, member #0, version 2; LHAPDF ID = 263000
 extending no. of histograms for vbf tests
 
                                                                                          
   ***************************************************************************************
   *                                JHU Generator v6.9.3                                 *
   ***************************************************************************************
   *                                                                                     *
   *   Spin and parity determination of single-produced resonances at hadron colliders   *
   *                                                                                     *
   *          I. Anderson, S. Bolognesi, F. Caola, Y. Gao, A. Gritsan, Z. Guo,           *
   *        C. Martin, K. Melnikov, R.Rontsch, H. Roskes, U. Sarica, M. Schulze,         *
   *                   N. Tran, A. Whitbeck, M. Xiao, C. You, Y. Zhou                    *
   *                Phys.Rev. D81 (2010) 075022;  arXiv:1001.3396 [hep-ph],              *
   *                Phys.Rev. D86 (2012) 095031;  arXiv:1208.4018 [hep-ph],              *
   *                Phys.Rev. D89 (2014) 035007;  arXiv:1309.4819 [hep-ph].              *
   *                                                                                     *
   ***************************************************************************************
                                                                                          
   
   Command line: ./JHUGen Unweighted=0 VegasNc0=99999999 VegasNc1=99999999 VegasNc2=99999999 LHAPDF=NNPDF30_lo_as_0130/NNPDF30_lo_as_0130.info MReso=380 ghz1=0,0 ghz4=1,0 Process=60 pTjetcut=0 deltaRcut=0
   
   Input Parameter:
    Collider: P-P, sqrt(s)=13000.00
    Resonance: spin=0, mass= 380.00 width=   0.00407
    Z-boson: mass=91.188, width=2.4952
    W-boson: mass=80.399, width=2.0850
    Jet cuts:
            pT >=     0.00 GeV
        DeltaR >=     0.00
           mJJ >=     0.00 GeV
    Random seed:   102242242
    To reproduce results using this seed, JHUGen should be compiled with the same compiler:
      GNU Fortran (GCC) 4.9.3
    
    WidthScheme:   2
    LHAPDF set NNPDF30_lo_as_0130/NNPDF30_lo_as_0130.info, member=  0
    Unweighted: F
    
    spin-0-VV couplings: 
      generate_as=F
      ghg2=  0.10000000E+01  0.00000000E+00i
      ghg3=  0.00000000E+00  0.00000000E+00i
      ghg4=  0.00000000E+00  0.00000000E+00i
      ghz1=  0.00000000E+00  0.00000000E+00i
      ghz2=  0.00000000E+00  0.00000000E+00i
      ghz3=  0.00000000E+00  0.00000000E+00i
      ghz4=  0.10000000E+01  0.00000000E+00i
      Lambda=  1000.0
    
    LHE output: ./data/output.lhe
    Histogram output: ./data/output.dat
    Log file: ./data/output.log
    
  Running

  Input parameters for vegas:  ndim=  9   ncall= 80707214.
                              it=    0    itmx=   15
                              acc=-1.00    
                              mds=  1     nd=  50
                              (xl,xu)= (  0.00000     ,  1.00000     )
                                       (  0.00000     ,  1.00000     )
                                       (  0.00000     ,  1.00000     )
                                       (  0.00000     ,  1.00000     )
                                       (  0.00000     ,  1.00000     )
                                       (  0.00000     ,  1.00000     )
                                       (  0.00000     ,  1.00000     )
                                       (  0.00000     ,  1.00000     )
                                       (  0.00000     ,  1.00000     )

#********** Integration by Vegas (iteration       1) ************
#                                                               *
#  integral  =  5091.5235       accum. integral =  5091.5235    *
#  std. dev. =  1027.8034       accum. std. dev =  1027.8034    *
#   min/max. wt. =    0.00000             964.223               *
#                                                               *
#*************   chi**2/iteration =  0.000       ****************


#********** Integration by Vegas (iteration       2) ************
#                                                               *
#  integral  =  4665.6571       accum. integral =  4674.6344    *
#  std. dev. =  138.20939       accum. std. dev =  143.12185    *
#   min/max. wt. =    0.00000             69.3778               *
#                                                               *
#*************   chi**2/iteration = 0.1825       ****************


#********** Integration by Vegas (iteration       3) ************
#                                                               *
#  integral  =  5011.3684       accum. integral =  4991.6268    *
#  std. dev. =  36.654020       accum. std. dev =  34.959766    *
#   min/max. wt. =    0.00000             22.3718               *
#                                                               *
#*************   chi**2/iteration =  2.649       ****************


#********** Integration by Vegas (iteration       4) ************
#                                                               *
#  integral  =  5015.8487       accum. integral =  5014.7797    *
#  std. dev. =  7.6484246       accum. std. dev =  7.3778663    *
#   min/max. wt. =    0.00000             2.51809               *
#                                                               *
#*************   chi**2/iteration =  1.901       ****************


#********** Integration by Vegas (iteration       5) ************
#                                                               *
#  integral  =  5023.7227       accum. integral =  5022.6380    *
#  std. dev. =  2.7825840       accum. std. dev =  2.5773241    *
#   min/max. wt. =    0.00000            0.220810               *
#                                                               *
#*************   chi**2/iteration =  1.738       ****************


#********** Integration by Vegas (iteration       6) ************
#                                                               *
#  integral  =  5018.5434       accum. integral =  5020.1288    *
#  std. dev. =  2.0712870       accum. std. dev =  1.6067271    *
#   min/max. wt. =    0.00000            0.874357E-01           *
#                                                               *
#*************   chi**2/iteration =  1.694       ****************


#********** Integration by Vegas (iteration       7) ************
#                                                               *
#  integral  =  5017.8839       accum. integral =  5019.1964    *
#  std. dev. =  1.9235071       accum. std. dev =  1.2301467    *
#   min/max. wt. =    0.00000            0.139292               *
#                                                               *
#*************   chi**2/iteration =  1.543       ****************


#********** Integration by Vegas (iteration       8) ************
#                                                               *
#  integral  =  5017.8911       accum. integral =  5018.8000    *
#  std. dev. =  1.8768945       accum. std. dev =  1.0274628    *
#   min/max. wt. =    0.00000            0.196664               *
#                                                               *
#*************   chi**2/iteration =  1.368       ****************


#********** Integration by Vegas (iteration       9) ************
#                                                               *
#  integral  =  5016.3202       accum. integral =  5018.2119    *
#  std. dev. =  1.8545381       accum. std. dev = 0.89803219    *
#   min/max. wt. =    0.00000            0.728276E-01           *
#                                                               *
#*************   chi**2/iteration =  1.368       ****************


#********** Integration by Vegas (iteration      10) ************
#                                                               *
#  integral  =  5017.5256       accum. integral =  5018.0817    *
#  std. dev. =  1.8671859       accum. std. dev = 0.80887187    *
#   min/max. wt. =    0.00000            0.141211               *
#                                                               *
#*************   chi**2/iteration =  1.227       ****************


#********** Integration by Vegas (iteration      11) ************
#                                                               *
#  integral  =  5015.2166       accum. integral =  5017.6338    *
#  std. dev. =  1.8882907       accum. std. dev = 0.74329385    *
#   min/max. wt. =    0.00000            0.947914E-01           *
#                                                               *
#*************   chi**2/iteration =  1.299       ****************


#********** Integration by Vegas (iteration      12) ************
#                                                               *
#  integral  =  5017.1619       accum. integral =  5017.5703    *
#  std. dev. =  1.8941442       accum. std. dev = 0.69175800    *
#   min/max. wt. =    0.00000            0.520348E-01           *
#                                                               *
#*************   chi**2/iteration =  1.185       ****************


#********** Integration by Vegas (iteration      13) ************
#                                                               *
#  integral  =  5020.9063       accum. integral =  5017.9566    *
#  std. dev. =  1.9213186       accum. std. dev = 0.65072989    *
#   min/max. wt. =    0.00000            0.903095E-01           *
#                                                               *
#*************   chi**2/iteration =  1.310       ****************


#********** Integration by Vegas (iteration      14) ************
#                                                               *
#  integral  =  5017.9060       accum. integral =  5017.9515    *
#  std. dev. =  1.9382822       accum. std. dev = 0.61681560    *
#   min/max. wt. =    0.00000            0.718108E-01           *
#                                                               *
#*************   chi**2/iteration =  1.208       ****************


#********** Integration by Vegas (iteration      15) ************
#                                                               *
#  integral  =  5018.7629       accum. integral =  5018.0249    *
#  std. dev. =  1.9631816       accum. std. dev = 0.58839881    *
#   min/max. wt. =    0.00000            0.933703E-01           *
#                                                               *
#*************   chi**2/iteration =  1.133       ****************


  Input parameters for vegas:  ndim=  9   ncall= 80707214.
                              it=    0    itmx=    2
                              acc=-1.00    
                              mds=  1     nd=  50
                              (xl,xu)= (  0.00000     ,  1.00000     )
                                       (  0.00000     ,  1.00000     )
                                       (  0.00000     ,  1.00000     )
                                       (  0.00000     ,  1.00000     )
                                       (  0.00000     ,  1.00000     )
                                       (  0.00000     ,  1.00000     )
                                       (  0.00000     ,  1.00000     )
                                       (  0.00000     ,  1.00000     )
                                       (  0.00000     ,  1.00000     )

#********** Integration by Vegas (iteration       1) ************
#                                                               *
#  integral  =  5015.8295       accum. integral =  5015.8295    *
#  std. dev. =  2.0020130       accum. std. dev =  2.0020130    *
#   min/max. wt. =    0.00000            0.123548               *
#                                                               *
#*************   chi**2/iteration =  0.000       ****************


#********** Integration by Vegas (iteration       2) ************
#                                                               *
#  integral  =  5017.7399       accum. integral =  5016.7659    *
#  std. dev. =  2.0424909       accum. std. dev =  1.4297387    *
#   min/max. wt. =    0.00000            0.143667               *
#                                                               *
#*************   chi**2/iteration = 0.4457       ****************

 Done
