SLURM job running in:  /scratch/groups/lhc/park/JHUGen/JHUGenerator
LHAPDF 6.1.5 loading /work-zfs/lhc/cms/slc6_amd64_gcc493/external/lhapdf/6.1.5-kpegke3/share/LHAPDF/NNPDF30_lo_as_0130/NNPDF30_lo_as_0130_0000.dat
NNPDF30_lo_as_0130 PDF set, member #0, version 2; LHAPDF ID = 263000
 extending no. of histograms for vbf tests
 
                                                                                          
   ***************************************************************************************
   *                                JHU Generator v6.9.3                                 *
   ***************************************************************************************
   *                                                                                     *
   *   Spin and parity determination of single-produced resonances at hadron colliders   *
   *                                                                                     *
   *          I. Anderson, S. Bolognesi, F. Caola, Y. Gao, A. Gritsan, Z. Guo,           *
   *        C. Martin, K. Melnikov, R.Rontsch, H. Roskes, U. Sarica, M. Schulze,         *
   *                   N. Tran, A. Whitbeck, M. Xiao, C. You, Y. Zhou                    *
   *                Phys.Rev. D81 (2010) 075022;  arXiv:1001.3396 [hep-ph],              *
   *                Phys.Rev. D86 (2012) 095031;  arXiv:1208.4018 [hep-ph],              *
   *                Phys.Rev. D89 (2014) 035007;  arXiv:1309.4819 [hep-ph].              *
   *                                                                                     *
   ***************************************************************************************
                                                                                          
   
   Command line: ./JHUGen Unweighted=0 VegasNc0=99999999 VegasNc1=99999999 VegasNc2=99999999 LHAPDF=NNPDF30_lo_as_0130/NNPDF30_lo_as_0130.info MReso=414 ghz1=0,0 ghz4=1,0 Process=60 pTjetcut=0 deltaRcut=0
   
   Input Parameter:
    Collider: P-P, sqrt(s)=13000.00
    Resonance: spin=0, mass= 414.00 width=   0.00407
    Z-boson: mass=91.188, width=2.4952
    W-boson: mass=80.399, width=2.0850
    Jet cuts:
            pT >=     0.00 GeV
        DeltaR >=     0.00
           mJJ >=     0.00 GeV
    Random seed:   872296303
    To reproduce results using this seed, JHUGen should be compiled with the same compiler:
      GNU Fortran (GCC) 4.9.3
    
    WidthScheme:   2
    LHAPDF set NNPDF30_lo_as_0130/NNPDF30_lo_as_0130.info, member=  0
    Unweighted: F
    
    spin-0-VV couplings: 
      generate_as=F
      ghg2=  0.10000000E+01  0.00000000E+00i
      ghg3=  0.00000000E+00  0.00000000E+00i
      ghg4=  0.00000000E+00  0.00000000E+00i
      ghz1=  0.00000000E+00  0.00000000E+00i
      ghz2=  0.00000000E+00  0.00000000E+00i
      ghz3=  0.00000000E+00  0.00000000E+00i
      ghz4=  0.10000000E+01  0.00000000E+00i
      Lambda=  1000.0
    
    LHE output: ./data/output.lhe
    Histogram output: ./data/output.dat
    Log file: ./data/output.log
    
  Running

  Input parameters for vegas:  ndim=  9   ncall= 80707214.
                              it=    0    itmx=   15
                              acc=-1.00    
                              mds=  1     nd=  50
                              (xl,xu)= (  0.00000     ,  1.00000     )
                                       (  0.00000     ,  1.00000     )
                                       (  0.00000     ,  1.00000     )
                                       (  0.00000     ,  1.00000     )
                                       (  0.00000     ,  1.00000     )
                                       (  0.00000     ,  1.00000     )
                                       (  0.00000     ,  1.00000     )
                                       (  0.00000     ,  1.00000     )
                                       (  0.00000     ,  1.00000     )

#********** Integration by Vegas (iteration       1) ************
#                                                               *
#  integral  =  3391.5816       accum. integral =  3391.5816    *
#  std. dev. =  189.75412       accum. std. dev =  189.75412    *
#   min/max. wt. =    0.00000             152.077               *
#                                                               *
#*************   chi**2/iteration =  0.000       ****************


#********** Integration by Vegas (iteration       2) ************
#                                                               *
#  integral  =  4323.4135       accum. integral =  4222.1252    *
#  std. dev. =  84.472281       accum. std. dev =  71.672153    *
#   min/max. wt. =    0.00000             45.5593               *
#                                                               *
#*************   chi**2/iteration =  16.36       ****************


#********** Integration by Vegas (iteration       3) ************
#                                                               *
#  integral  =  4551.7691       accum. integral =  4524.3096    *
#  std. dev. =  25.309912       accum. std. dev =  21.932040    *
#   min/max. wt. =  -0.500720E-06         16.2117               *
#                                                               *
#*************   chi**2/iteration =  15.90       ****************


#********** Integration by Vegas (iteration       4) ************
#                                                               *
#  integral  =  4566.7579       accum. integral =  4563.9552    *
#  std. dev. =  6.4643697       accum. std. dev =  5.7945883    *
#   min/max. wt. =    0.00000             1.75733               *
#                                                               *
#*************   chi**2/iteration =  11.13       ****************


#********** Integration by Vegas (iteration       5) ************
#                                                               *
#  integral  =  4564.2171       accum. integral =  4564.1840    *
#  std. dev. =  2.3760129       accum. std. dev =  2.0938143    *
#   min/max. wt. =    0.00000            0.393536               *
#                                                               *
#*************   chi**2/iteration =  8.089       ****************


#********** Integration by Vegas (iteration       6) ************
#                                                               *
#  integral  =  4560.5699       accum. integral =  4562.0515    *
#  std. dev. =  1.8495286       accum. std. dev =  1.3542981    *
#   min/max. wt. =    0.00000            0.194511               *
#                                                               *
#*************   chi**2/iteration =  6.686       ****************


#********** Integration by Vegas (iteration       7) ************
#                                                               *
#  integral  =  4561.5307       accum. integral =  4561.8439    *
#  std. dev. =  1.7452718       accum. std. dev =  1.0577592    *
#   min/max. wt. =    0.00000            0.938262E-01           *
#                                                               *
#*************   chi**2/iteration =  5.503       ****************


#********** Integration by Vegas (iteration       8) ************
#                                                               *
#  integral  =  4564.1586       accum. integral =  4562.5371    *
#  std. dev. =  1.6862650       accum. std. dev = 0.89008303    *
#   min/max. wt. =    0.00000            0.112246               *
#                                                               *
#*************   chi**2/iteration =  4.869       ****************


#********** Integration by Vegas (iteration       9) ************
#                                                               *
#  integral  =  4564.6500       accum. integral =  4563.0272    *
#  std. dev. =  1.6795113       accum. std. dev = 0.78331394    *
#   min/max. wt. =    0.00000            0.123977               *
#                                                               *
#*************   chi**2/iteration =  4.387       ****************


#********** Integration by Vegas (iteration      10) ************
#                                                               *
#  integral  =  4561.2427       accum. integral =  4562.6879    *
#  std. dev. =  1.6683319       accum. std. dev = 0.70721988    *
#   min/max. wt. =    0.00000            0.102270               *
#                                                               *
#*************   chi**2/iteration =  3.983       ****************


#********** Integration by Vegas (iteration      11) ************
#                                                               *
#  integral  =  4562.7448       accum. integral =  4562.6968    *
#  std. dev. =  1.6904831       accum. std. dev = 0.65132781    *
#   min/max. wt. =    0.00000            0.990590E-01           *
#                                                               *
#*************   chi**2/iteration =  3.566       ****************


#********** Integration by Vegas (iteration      12) ************
#                                                               *
#  integral  =  4565.3465       accum. integral =  4563.0561    *
#  std. dev. =  1.6884748       accum. std. dev = 0.60692818    *
#   min/max. wt. =    0.00000            0.110665               *
#                                                               *
#*************   chi**2/iteration =  3.431       ****************


#********** Integration by Vegas (iteration      13) ************
#                                                               *
#  integral  =  4563.4260       accum. integral =  4563.0991    *
#  std. dev. =  1.7135732       accum. std. dev = 0.57162629    *
#   min/max. wt. =    0.00000            0.110583               *
#                                                               *
#*************   chi**2/iteration =  3.137       ****************


#********** Integration by Vegas (iteration      14) ************
#                                                               *
#  integral  =  4562.0486       accum. integral =  4562.9887    *
#  std. dev. =  1.7045306       accum. std. dev = 0.54161040    *
#   min/max. wt. =    0.00000            0.751276E-01           *
#                                                               *
#*************   chi**2/iteration =  2.913       ****************


#********** Integration by Vegas (iteration      15) ************
#                                                               *
#  integral  =  4563.5487       accum. integral =  4563.0389    *
#  std. dev. =  1.7619839       accum. std. dev = 0.51749439    *
#   min/max. wt. =    0.00000            0.202071               *
#                                                               *
#*************   chi**2/iteration =  2.705       ****************


  Input parameters for vegas:  ndim=  9   ncall= 80707214.
                              it=    0    itmx=    2
                              acc=-1.00    
                              mds=  1     nd=  50
                              (xl,xu)= (  0.00000     ,  1.00000     )
                                       (  0.00000     ,  1.00000     )
                                       (  0.00000     ,  1.00000     )
                                       (  0.00000     ,  1.00000     )
                                       (  0.00000     ,  1.00000     )
                                       (  0.00000     ,  1.00000     )
                                       (  0.00000     ,  1.00000     )
                                       (  0.00000     ,  1.00000     )
                                       (  0.00000     ,  1.00000     )

#********** Integration by Vegas (iteration       1) ************
#                                                               *
#  integral  =  4567.4130       accum. integral =  4567.4130    *
#  std. dev. =  1.7605869       accum. std. dev =  1.7605869    *
#   min/max. wt. =    0.00000            0.974835E-01           *
#                                                               *
#*************   chi**2/iteration =  0.000       ****************


#********** Integration by Vegas (iteration       2) ************
#                                                               *
#  integral  =  4561.4850       accum. integral =  4564.4495    *
#  std. dev. =  1.7585978       accum. std. dev =  1.2442200    *
#   min/max. wt. =    0.00000            0.703035E-01           *
#                                                               *
#*************   chi**2/iteration =  5.669       ****************

 Done
