SLURM job running in:  /scratch/groups/lhc/park/JHUGen/JHUGenerator
LHAPDF 6.1.5 loading /work-zfs/lhc/cms/slc6_amd64_gcc493/external/lhapdf/6.1.5-kpegke3/share/LHAPDF/NNPDF30_lo_as_0130/NNPDF30_lo_as_0130_0000.dat
NNPDF30_lo_as_0130 PDF set, member #0, version 2; LHAPDF ID = 263000
 extending no. of histograms for vbf tests
 
                                                                                          
   ***************************************************************************************
   *                                JHU Generator v6.9.3                                 *
   ***************************************************************************************
   *                                                                                     *
   *   Spin and parity determination of single-produced resonances at hadron colliders   *
   *                                                                                     *
   *          I. Anderson, S. Bolognesi, F. Caola, Y. Gao, A. Gritsan, Z. Guo,           *
   *        C. Martin, K. Melnikov, R.Rontsch, H. Roskes, U. Sarica, M. Schulze,         *
   *                   N. Tran, A. Whitbeck, M. Xiao, C. You, Y. Zhou                    *
   *                Phys.Rev. D81 (2010) 075022;  arXiv:1001.3396 [hep-ph],              *
   *                Phys.Rev. D86 (2012) 095031;  arXiv:1208.4018 [hep-ph],              *
   *                Phys.Rev. D89 (2014) 035007;  arXiv:1309.4819 [hep-ph].              *
   *                                                                                     *
   ***************************************************************************************
                                                                                          
   
   Command line: ./JHUGen Unweighted=0 VegasNc0=99999999 VegasNc1=99999999 VegasNc2=99999999 LHAPDF=NNPDF30_lo_as_0130/NNPDF30_lo_as_0130.info MReso=452 ghz1=0,0 ghz4=1,0 Process=60 pTjetcut=0 deltaRcut=0
   
   Input Parameter:
    Collider: P-P, sqrt(s)=13000.00
    Resonance: spin=0, mass= 452.00 width=   0.00407
    Z-boson: mass=91.188, width=2.4952
    W-boson: mass=80.399, width=2.0850
    Jet cuts:
            pT >=     0.00 GeV
        DeltaR >=     0.00
           mJJ >=     0.00 GeV
    Random seed:   475104713
    To reproduce results using this seed, JHUGen should be compiled with the same compiler:
      GNU Fortran (GCC) 4.9.3
    
    WidthScheme:   2
    LHAPDF set NNPDF30_lo_as_0130/NNPDF30_lo_as_0130.info, member=  0
    Unweighted: F
    
    spin-0-VV couplings: 
      generate_as=F
      ghg2=  0.10000000E+01  0.00000000E+00i
      ghg3=  0.00000000E+00  0.00000000E+00i
      ghg4=  0.00000000E+00  0.00000000E+00i
      ghz1=  0.00000000E+00  0.00000000E+00i
      ghz2=  0.00000000E+00  0.00000000E+00i
      ghz3=  0.00000000E+00  0.00000000E+00i
      ghz4=  0.10000000E+01  0.00000000E+00i
      Lambda=  1000.0
    
    LHE output: ./data/output.lhe
    Histogram output: ./data/output.dat
    Log file: ./data/output.log
    
  Running

  Input parameters for vegas:  ndim=  9   ncall= 80707214.
                              it=    0    itmx=   15
                              acc=-1.00    
                              mds=  1     nd=  50
                              (xl,xu)= (  0.00000     ,  1.00000     )
                                       (  0.00000     ,  1.00000     )
                                       (  0.00000     ,  1.00000     )
                                       (  0.00000     ,  1.00000     )
                                       (  0.00000     ,  1.00000     )
                                       (  0.00000     ,  1.00000     )
                                       (  0.00000     ,  1.00000     )
                                       (  0.00000     ,  1.00000     )
                                       (  0.00000     ,  1.00000     )

#********** Integration by Vegas (iteration       1) ************
#                                                               *
#  integral  =  5444.7319       accum. integral =  5444.7319    *
#  std. dev. =  1900.8987       accum. std. dev =  1900.8987    *
#   min/max. wt. =    0.00000             1796.13               *
#                                                               *
#*************   chi**2/iteration =  0.000       ****************


#********** Integration by Vegas (iteration       2) ************
#                                                               *
#  integral  =  3844.6837       accum. integral =  3865.4593    *
#  std. dev. =  153.95383       accum. std. dev =  187.49899    *
#   min/max. wt. =    0.00000             131.437               *
#                                                               *
#*************   chi**2/iteration = 0.9323       ****************


#********** Integration by Vegas (iteration       3) ************
#                                                               *
#  integral  =  4110.3082       accum. integral =  4103.5586    *
#  std. dev. =  27.531271       accum. std. dev =  29.862558    *
#   min/max. wt. =    0.00000             10.9629               *
#                                                               *
#*************   chi**2/iteration =  1.407       ****************


#********** Integration by Vegas (iteration       4) ************
#                                                               *
#  integral  =  4111.7532       accum. integral =  4111.4441    *
#  std. dev. =  5.3771285       accum. std. dev =  5.6731538    *
#   min/max. wt. =    0.00000             1.78811               *
#                                                               *
#*************   chi**2/iteration =  1.006       ****************


#********** Integration by Vegas (iteration       5) ************
#                                                               *
#  integral  =  4109.7749       accum. integral =  4110.0124    *
#  std. dev. =  2.1469714       accum. std. dev =  2.1102639    *
#   min/max. wt. =    0.00000            0.104381               *
#                                                               *
#*************   chi**2/iteration = 0.7949       ****************


#********** Integration by Vegas (iteration       6) ************
#                                                               *
#  integral  =  4110.6954       accum. integral =  4110.4166    *
#  std. dev. =  1.6515878       accum. std. dev =  1.3355485    *
#   min/max. wt. =    0.00000            0.717654E-01           *
#                                                               *
#*************   chi**2/iteration = 0.6606       ****************


#********** Integration by Vegas (iteration       7) ************
#                                                               *
#  integral  =  4108.1724       accum. integral =  4109.5025    *
#  std. dev. =  1.5318018       accum. std. dev =  1.0211224    *
#   min/max. wt. =    0.00000            0.701714E-01           *
#                                                               *
#*************   chi**2/iteration = 0.7525       ****************


#********** Integration by Vegas (iteration       8) ************
#                                                               *
#  integral  =  4111.6543       accum. integral =  4110.1410    *
#  std. dev. =  1.5062540       accum. std. dev = 0.85192590    *
#   min/max. wt. =    0.00000            0.898624E-01           *
#                                                               *
#*************   chi**2/iteration = 0.8419       ****************


#********** Integration by Vegas (iteration       9) ************
#                                                               *
#  integral  =  4111.6507       accum. integral =  4110.4903    *
#  std. dev. =  1.4955795       accum. std. dev = 0.74389426    *
#   min/max. wt. =    0.00000            0.673553E-01           *
#                                                               *
#*************   chi**2/iteration = 0.8341       ****************


#********** Integration by Vegas (iteration      10) ************
#                                                               *
#  integral  =  4112.8590       accum. integral =  4110.9308    *
#  std. dev. =  1.5054879       accum. std. dev = 0.66900709    *
#   min/max. wt. =    0.00000            0.772244E-01           *
#                                                               *
#*************   chi**2/iteration = 0.9571       ****************


#********** Integration by Vegas (iteration      11) ************
#                                                               *
#  integral  =  4110.1835       accum. integral =  4110.8141    *
#  std. dev. =  1.5080616       accum. std. dev = 0.61288226    *
#   min/max. wt. =    0.00000            0.530385E-01           *
#                                                               *
#*************   chi**2/iteration = 0.8857       ****************


#********** Integration by Vegas (iteration      12) ************
#                                                               *
#  integral  =  4112.5532       accum. integral =  4111.0412    *
#  std. dev. =  1.5385020       accum. std. dev = 0.57018645    *
#   min/max. wt. =    0.00000            0.919827E-01           *
#                                                               *
#*************   chi**2/iteration = 0.9048       ****************


#********** Integration by Vegas (iteration      13) ************
#                                                               *
#  integral  =  4111.2944       accum. integral =  4111.0701    *
#  std. dev. =  1.5494316       accum. std. dev = 0.53566951    *
#   min/max. wt. =    0.00000            0.993389E-01           *
#                                                               *
#*************   chi**2/iteration = 0.8345       ****************


#********** Integration by Vegas (iteration      14) ************
#                                                               *
#  integral  =  4109.9571       accum. integral =  4110.9587    *
#  std. dev. =  1.5684601       accum. std. dev = 0.50731307    *
#   min/max. wt. =    0.00000            0.777001E-01           *
#                                                               *
#*************   chi**2/iteration = 0.8062       ****************


#********** Integration by Vegas (iteration      15) ************
#                                                               *
#  integral  =  4108.1549       accum. integral =  4110.7163    *
#  std. dev. =  1.6119878       accum. std. dev = 0.48416648    *
#   min/max. wt. =    0.00000            0.873080E-01           *
#                                                               *
#*************   chi**2/iteration = 0.9400       ****************


  Input parameters for vegas:  ndim=  9   ncall= 80707214.
                              it=    0    itmx=    2
                              acc=-1.00    
                              mds=  1     nd=  50
                              (xl,xu)= (  0.00000     ,  1.00000     )
                                       (  0.00000     ,  1.00000     )
                                       (  0.00000     ,  1.00000     )
                                       (  0.00000     ,  1.00000     )
                                       (  0.00000     ,  1.00000     )
                                       (  0.00000     ,  1.00000     )
                                       (  0.00000     ,  1.00000     )
                                       (  0.00000     ,  1.00000     )
                                       (  0.00000     ,  1.00000     )

#********** Integration by Vegas (iteration       1) ************
#                                                               *
#  integral  =  4108.5005       accum. integral =  4108.5005    *
#  std. dev. =  1.6211871       accum. std. dev =  1.6211871    *
#   min/max. wt. =    0.00000            0.102030               *
#                                                               *
#*************   chi**2/iteration =  0.000       ****************


#********** Integration by Vegas (iteration       2) ************
#                                                               *
#  integral  =  4111.9520       accum. integral =  4110.1875    *
#  std. dev. =  1.6594648       accum. std. dev =  1.1596601    *
#   min/max. wt. =    0.00000            0.946695E-01           *
#                                                               *
#*************   chi**2/iteration =  2.211       ****************

 Done
