SLURM job running in:  /scratch/groups/lhc/park/JHUGen/JHUGenerator
LHAPDF 6.1.5 loading /work-zfs/lhc/cms/slc6_amd64_gcc493/external/lhapdf/6.1.5-kpegke3/share/LHAPDF/NNPDF30_lo_as_0130/NNPDF30_lo_as_0130_0000.dat
NNPDF30_lo_as_0130 PDF set, member #0, version 2; LHAPDF ID = 263000
 extending no. of histograms for vbf tests
 
                                                                                          
   ***************************************************************************************
   *                                JHU Generator v6.9.3                                 *
   ***************************************************************************************
   *                                                                                     *
   *   Spin and parity determination of single-produced resonances at hadron colliders   *
   *                                                                                     *
   *          I. Anderson, S. Bolognesi, F. Caola, Y. Gao, A. Gritsan, Z. Guo,           *
   *        C. Martin, K. Melnikov, R.Rontsch, H. Roskes, U. Sarica, M. Schulze,         *
   *                   N. Tran, A. Whitbeck, M. Xiao, C. You, Y. Zhou                    *
   *                Phys.Rev. D81 (2010) 075022;  arXiv:1001.3396 [hep-ph],              *
   *                Phys.Rev. D86 (2012) 095031;  arXiv:1208.4018 [hep-ph],              *
   *                Phys.Rev. D89 (2014) 035007;  arXiv:1309.4819 [hep-ph].              *
   *                                                                                     *
   ***************************************************************************************
                                                                                          
   
   Command line: ./JHUGen Unweighted=0 VegasNc0=99999999 VegasNc1=99999999 VegasNc2=99999999 LHAPDF=NNPDF30_lo_as_0130/NNPDF30_lo_as_0130.info MReso=484 ghz1=0,0 ghz4=1,0 Process=60 pTjetcut=0 deltaRcut=0
   
   Input Parameter:
    Collider: P-P, sqrt(s)=13000.00
    Resonance: spin=0, mass= 484.00 width=   0.00407
    Z-boson: mass=91.188, width=2.4952
    W-boson: mass=80.399, width=2.0850
    Jet cuts:
            pT >=     0.00 GeV
        DeltaR >=     0.00
           mJJ >=     0.00 GeV
    Random seed:   272288340
    To reproduce results using this seed, JHUGen should be compiled with the same compiler:
      GNU Fortran (GCC) 4.9.3
    
    WidthScheme:   2
    LHAPDF set NNPDF30_lo_as_0130/NNPDF30_lo_as_0130.info, member=  0
    Unweighted: F
    
    spin-0-VV couplings: 
      generate_as=F
      ghg2=  0.10000000E+01  0.00000000E+00i
      ghg3=  0.00000000E+00  0.00000000E+00i
      ghg4=  0.00000000E+00  0.00000000E+00i
      ghz1=  0.00000000E+00  0.00000000E+00i
      ghz2=  0.00000000E+00  0.00000000E+00i
      ghz3=  0.00000000E+00  0.00000000E+00i
      ghz4=  0.10000000E+01  0.00000000E+00i
      Lambda=  1000.0
    
    LHE output: ./data/output.lhe
    Histogram output: ./data/output.dat
    Log file: ./data/output.log
    
  Running

  Input parameters for vegas:  ndim=  9   ncall= 80707214.
                              it=    0    itmx=   15
                              acc=-1.00    
                              mds=  1     nd=  50
                              (xl,xu)= (  0.00000     ,  1.00000     )
                                       (  0.00000     ,  1.00000     )
                                       (  0.00000     ,  1.00000     )
                                       (  0.00000     ,  1.00000     )
                                       (  0.00000     ,  1.00000     )
                                       (  0.00000     ,  1.00000     )
                                       (  0.00000     ,  1.00000     )
                                       (  0.00000     ,  1.00000     )
                                       (  0.00000     ,  1.00000     )

#********** Integration by Vegas (iteration       1) ************
#                                                               *
#  integral  =  2997.5528       accum. integral =  2997.5528    *
#  std. dev. =  246.40672       accum. std. dev =  246.40672    *
#   min/max. wt. =    0.00000             183.471               *
#                                                               *
#*************   chi**2/iteration =  0.000       ****************


#********** Integration by Vegas (iteration       2) ************
#                                                               *
#  integral  =  3566.6787       accum. integral =  3522.8744    *
#  std. dev. =  84.663334       accum. std. dev =  75.131134    *
#   min/max. wt. =    0.00000             45.2159               *
#                                                               *
#*************   chi**2/iteration =  4.073       ****************


#********** Integration by Vegas (iteration       3) ************
#                                                               *
#  integral  =  3779.0005       accum. integral =  3750.1757    *
#  std. dev. =  30.690125       accum. std. dev =  26.497822    *
#   min/max. wt. =    0.00000             17.2169               *
#                                                               *
#*************   chi**2/iteration =  6.507       ****************


#********** Integration by Vegas (iteration       4) ************
#                                                               *
#  integral  =  3772.2013       accum. integral =  3771.6091    *
#  std. dev. =  4.7971475       accum. std. dev =  4.4449265    *
#   min/max. wt. =    0.00000             1.29312               *
#                                                               *
#*************   chi**2/iteration =  4.360       ****************


#********** Integration by Vegas (iteration       5) ************
#                                                               *
#  integral  =  3773.2614       accum. integral =  3773.0338    *
#  std. dev. =  1.8920102       accum. std. dev =  1.6717191    *
#   min/max. wt. =    0.00000            0.230003               *
#                                                               *
#*************   chi**2/iteration =  3.214       ****************


#********** Integration by Vegas (iteration       6) ************
#                                                               *
#  integral  =  3772.5632       accum. integral =  3772.7595    *
#  std. dev. =  1.4858065       accum. std. dev =  1.0889442    *
#   min/max. wt. =    0.00000            0.126152               *
#                                                               *
#*************   chi**2/iteration =  2.536       ****************


#********** Integration by Vegas (iteration       7) ************
#                                                               *
#  integral  =  3775.9452       accum. integral =  3774.0231    *
#  std. dev. =  1.4003358       accum. std. dev = 0.85109087    *
#   min/max. wt. =    0.00000            0.139291               *
#                                                               *
#*************   chi**2/iteration =  2.646       ****************


#********** Integration by Vegas (iteration       8) ************
#                                                               *
#  integral  =  3770.4841       accum. integral =  3772.9651    *
#  std. dev. =  1.3486433       accum. std. dev = 0.71575523    *
#   min/max. wt. =    0.00000            0.385651E-01           *
#                                                               *
#*************   chi**2/iteration =  2.980       ****************


#********** Integration by Vegas (iteration       9) ************
#                                                               *
#  integral  =  3776.9321       accum. integral =  3773.8829    *
#  std. dev. =  1.3463508       accum. std. dev = 0.62978170    *
#   min/max. wt. =    0.00000            0.556533E-01           *
#                                                               *
#*************   chi**2/iteration =  3.471       ****************


#********** Integration by Vegas (iteration      10) ************
#                                                               *
#  integral  =  3772.6422       accum. integral =  3773.6543    *
#  std. dev. =  1.3611082       accum. std. dev = 0.57037585    *
#   min/max. wt. =    0.00000            0.133538               *
#                                                               *
#*************   chi**2/iteration =  3.148       ****************


#********** Integration by Vegas (iteration      11) ************
#                                                               *
#  integral  =  3773.0646       accum. integral =  3773.5619    *
#  std. dev. =  1.3555078       accum. std. dev = 0.52496141    *
#   min/max. wt. =    0.00000            0.498299E-01           *
#                                                               *
#*************   chi**2/iteration =  2.837       ****************


#********** Integration by Vegas (iteration      12) ************
#                                                               *
#  integral  =  3773.9917       accum. integral =  3773.6188    *
#  std. dev. =  1.3746558       accum. std. dev = 0.48993288    *
#   min/max. wt. =    0.00000            0.893460E-01           *
#                                                               *
#*************   chi**2/iteration =  2.577       ****************


#********** Integration by Vegas (iteration      13) ************
#                                                               *
#  integral  =  3771.8271       accum. integral =  3773.4084    *
#  std. dev. =  1.3698656       accum. std. dev = 0.46098006    *
#   min/max. wt. =    0.00000            0.582781E-01           *
#                                                               *
#*************   chi**2/iteration =  2.486       ****************


#********** Integration by Vegas (iteration      14) ************
#                                                               *
#  integral  =  3775.4671       accum. integral =  3773.6150    *
#  std. dev. =  1.4068835       accum. std. dev = 0.43784716    *
#   min/max. wt. =    0.00000            0.171423               *
#                                                               *
#*************   chi**2/iteration =  2.442       ****************


#********** Integration by Vegas (iteration      15) ************
#                                                               *
#  integral  =  3775.7353       accum. integral =  3773.8116    *
#  std. dev. =  1.3938866       accum. std. dev = 0.41754896    *
#   min/max. wt. =    0.00000            0.466300E-01           *
#                                                               *
#*************   chi**2/iteration =  2.417       ****************


  Input parameters for vegas:  ndim=  9   ncall= 80707214.
                              it=    0    itmx=    2
                              acc=-1.00    
                              mds=  1     nd=  50
                              (xl,xu)= (  0.00000     ,  1.00000     )
                                       (  0.00000     ,  1.00000     )
                                       (  0.00000     ,  1.00000     )
                                       (  0.00000     ,  1.00000     )
                                       (  0.00000     ,  1.00000     )
                                       (  0.00000     ,  1.00000     )
                                       (  0.00000     ,  1.00000     )
                                       (  0.00000     ,  1.00000     )
                                       (  0.00000     ,  1.00000     )

#********** Integration by Vegas (iteration       1) ************
#                                                               *
#  integral  =  3775.5693       accum. integral =  3775.5693    *
#  std. dev. =  1.4369809       accum. std. dev =  1.4369809    *
#   min/max. wt. =    0.00000            0.126054               *
#                                                               *
#*************   chi**2/iteration =  0.000       ****************


#********** Integration by Vegas (iteration       2) ************
#                                                               *
#  integral  =  3773.9194       accum. integral =  3774.7478    *
#  std. dev. =  1.4423618       accum. std. dev =  1.0179952    *
#   min/max. wt. =    0.00000            0.141123               *
#                                                               *
#*************   chi**2/iteration = 0.6561       ****************

 Done
