SLURM job running in:  /scratch/groups/lhc/park/JHUGen/JHUGenerator
LHAPDF 6.1.5 loading /work-zfs/lhc/cms/slc6_amd64_gcc493/external/lhapdf/6.1.5-kpegke3/share/LHAPDF/NNPDF30_lo_as_0130/NNPDF30_lo_as_0130_0000.dat
NNPDF30_lo_as_0130 PDF set, member #0, version 2; LHAPDF ID = 263000
 extending no. of histograms for vbf tests
 
                                                                                          
   ***************************************************************************************
   *                                JHU Generator v6.9.3                                 *
   ***************************************************************************************
   *                                                                                     *
   *   Spin and parity determination of single-produced resonances at hadron colliders   *
   *                                                                                     *
   *          I. Anderson, S. Bolognesi, F. Caola, Y. Gao, A. Gritsan, Z. Guo,           *
   *        C. Martin, K. Melnikov, R.Rontsch, H. Roskes, U. Sarica, M. Schulze,         *
   *                   N. Tran, A. Whitbeck, M. Xiao, C. You, Y. Zhou                    *
   *                Phys.Rev. D81 (2010) 075022;  arXiv:1001.3396 [hep-ph],              *
   *                Phys.Rev. D86 (2012) 095031;  arXiv:1208.4018 [hep-ph],              *
   *                Phys.Rev. D89 (2014) 035007;  arXiv:1309.4819 [hep-ph].              *
   *                                                                                     *
   ***************************************************************************************
                                                                                          
   
   Command line: ./JHUGen Unweighted=0 VegasNc0=99999999 VegasNc1=99999999 VegasNc2=99999999 LHAPDF=NNPDF30_lo_as_0130/NNPDF30_lo_as_0130.info MReso=486 ghz1=0,0 ghz4=1,0 Process=60 pTjetcut=0 deltaRcut=0
   
   Input Parameter:
    Collider: P-P, sqrt(s)=13000.00
    Resonance: spin=0, mass= 486.00 width=   0.00407
    Z-boson: mass=91.188, width=2.4952
    W-boson: mass=80.399, width=2.0850
    Jet cuts:
            pT >=     0.00 GeV
        DeltaR >=     0.00
           mJJ >=     0.00 GeV
    Random seed:   785919558
    To reproduce results using this seed, JHUGen should be compiled with the same compiler:
      GNU Fortran (GCC) 4.9.3
    
    WidthScheme:   2
    LHAPDF set NNPDF30_lo_as_0130/NNPDF30_lo_as_0130.info, member=  0
    Unweighted: F
    
    spin-0-VV couplings: 
      generate_as=F
      ghg2=  0.10000000E+01  0.00000000E+00i
      ghg3=  0.00000000E+00  0.00000000E+00i
      ghg4=  0.00000000E+00  0.00000000E+00i
      ghz1=  0.00000000E+00  0.00000000E+00i
      ghz2=  0.00000000E+00  0.00000000E+00i
      ghz3=  0.00000000E+00  0.00000000E+00i
      ghz4=  0.10000000E+01  0.00000000E+00i
      Lambda=  1000.0
    
    LHE output: ./data/output.lhe
    Histogram output: ./data/output.dat
    Log file: ./data/output.log
    
  Running

  Input parameters for vegas:  ndim=  9   ncall= 80707214.
                              it=    0    itmx=   15
                              acc=-1.00    
                              mds=  1     nd=  50
                              (xl,xu)= (  0.00000     ,  1.00000     )
                                       (  0.00000     ,  1.00000     )
                                       (  0.00000     ,  1.00000     )
                                       (  0.00000     ,  1.00000     )
                                       (  0.00000     ,  1.00000     )
                                       (  0.00000     ,  1.00000     )
                                       (  0.00000     ,  1.00000     )
                                       (  0.00000     ,  1.00000     )
                                       (  0.00000     ,  1.00000     )

#********** Integration by Vegas (iteration       1) ************
#                                                               *
#  integral  =  2912.1256       accum. integral =  2912.1256    *
#  std. dev. =  280.02282       accum. std. dev =  280.02282    *
#   min/max. wt. =    0.00000             263.639               *
#                                                               *
#*************   chi**2/iteration = -.2375E-10   ****************


#********** Integration by Vegas (iteration       2) ************
#                                                               *
#  integral  =  3538.7485       accum. integral =  3489.8996    *
#  std. dev. =  98.942161       accum. std. dev =  87.003249    *
#   min/max. wt. =    0.00000             67.5530               *
#                                                               *
#*************   chi**2/iteration =  3.725       ****************


#********** Integration by Vegas (iteration       3) ************
#                                                               *
#  integral  =  3754.5108       accum. integral =  3744.6571    *
#  std. dev. =  19.824208       accum. std. dev =  17.721161    *
#   min/max. wt. =    0.00000             11.2965               *
#                                                               *
#*************   chi**2/iteration =  5.667       ****************


#********** Integration by Vegas (iteration       4) ************
#                                                               *
#  integral  =  3753.3711       accum. integral =  3752.9136    *
#  std. dev. =  4.5774274       accum. std. dev =  4.1628036    *
#   min/max. wt. =    0.00000             1.66971               *
#                                                               *
#*************   chi**2/iteration =  3.668       ****************


#********** Integration by Vegas (iteration       5) ************
#                                                               *
#  integral  =  3753.8947       accum. integral =  3753.7495    *
#  std. dev. =  1.8570077       accum. std. dev =  1.6244512    *
#   min/max. wt. =    0.00000            0.236875               *
#                                                               *
#*************   chi**2/iteration =  2.685       ****************


#********** Integration by Vegas (iteration       6) ************
#                                                               *
#  integral  =  3754.1960       accum. integral =  3754.0080    *
#  std. dev. =  1.4621650       accum. std. dev =  1.0641164    *
#   min/max. wt. =    0.00000            0.617600E-01           *
#                                                               *
#*************   chi**2/iteration =  2.117       ****************


#********** Integration by Vegas (iteration       7) ************
#                                                               *
#  integral  =  3753.8093       accum. integral =  3753.9300    *
#  std. dev. =  1.3837202       accum. std. dev = 0.83483559    *
#   min/max. wt. =    0.00000            0.104504               *
#                                                               *
#*************   chi**2/iteration =  1.743       ****************


#********** Integration by Vegas (iteration       8) ************
#                                                               *
#  integral  =  3753.8277       accum. integral =  3753.9003    *
#  std. dev. =  1.3560789       accum. std. dev = 0.70681717    *
#   min/max. wt. =    0.00000            0.156750               *
#                                                               *
#*************   chi**2/iteration =  1.480       ****************


#********** Integration by Vegas (iteration       9) ************
#                                                               *
#  integral  =  3754.5313       accum. integral =  3754.0448    *
#  std. dev. =  1.3406687       accum. std. dev = 0.62299960    *
#   min/max. wt. =    0.00000            0.833996E-01           *
#                                                               *
#*************   chi**2/iteration =  1.308       ****************


#********** Integration by Vegas (iteration      10) ************
#                                                               *
#  integral  =  3754.9388       accum. integral =  3754.2082    *
#  std. dev. =  1.3564610       accum. std. dev = 0.56488347    *
#   min/max. wt. =    0.00000            0.913906E-01           *
#                                                               *
#*************   chi**2/iteration =  1.197       ****************


#********** Integration by Vegas (iteration      11) ************
#                                                               *
#  integral  =  3753.5298       accum. integral =  3754.1011    *
#  std. dev. =  1.3387998       accum. std. dev = 0.51962237    *
#   min/max. wt. =    0.00000            0.430163E-01           *
#                                                               *
#*************   chi**2/iteration =  1.095       ****************


#********** Integration by Vegas (iteration      12) ************
#                                                               *
#  integral  =  3754.6681       accum. integral =  3754.1762    *
#  std. dev. =  1.3620062       accum. std. dev = 0.48497390    *
#   min/max. wt. =    0.00000            0.655467E-01           *
#                                                               *
#*************   chi**2/iteration =  1.006       ****************


#********** Integration by Vegas (iteration      13) ************
#                                                               *
#  integral  =  3753.2039       accum. integral =  3754.0654    *
#  std. dev. =  1.3817833       accum. std. dev = 0.45728000    *
#   min/max. wt. =    0.00000            0.135760               *
#                                                               *
#*************   chi**2/iteration = 0.9569       ****************


#********** Integration by Vegas (iteration      14) ************
#                                                               *
#  integral  =  3752.7538       accum. integral =  3753.9354    *
#  std. dev. =  1.4062387       accum. std. dev = 0.43465571    *
#   min/max. wt. =    0.00000            0.578697E-01           *
#                                                               *
#*************   chi**2/iteration = 0.9433       ****************


#********** Integration by Vegas (iteration      15) ************
#                                                               *
#  integral  =  3752.7047       accum. integral =  3753.8265    *
#  std. dev. =  1.4201872       accum. std. dev = 0.41547973    *
#   min/max. wt. =    0.00000            0.963615E-01           *
#                                                               *
#*************   chi**2/iteration = 0.9243       ****************


  Input parameters for vegas:  ndim=  9   ncall= 80707214.
                              it=    0    itmx=    2
                              acc=-1.00    
                              mds=  1     nd=  50
                              (xl,xu)= (  0.00000     ,  1.00000     )
                                       (  0.00000     ,  1.00000     )
                                       (  0.00000     ,  1.00000     )
                                       (  0.00000     ,  1.00000     )
                                       (  0.00000     ,  1.00000     )
                                       (  0.00000     ,  1.00000     )
                                       (  0.00000     ,  1.00000     )
                                       (  0.00000     ,  1.00000     )
                                       (  0.00000     ,  1.00000     )

#********** Integration by Vegas (iteration       1) ************
#                                                               *
#  integral  =  3751.0653       accum. integral =  3751.0653    *
#  std. dev. =  1.4337991       accum. std. dev =  1.4337991    *
#   min/max. wt. =    0.00000            0.409663E-01           *
#                                                               *
#*************   chi**2/iteration = -.1812E-05   ****************


#********** Integration by Vegas (iteration       2) ************
#                                                               *
#  integral  =  3755.7805       accum. integral =  3753.4161    *
#  std. dev. =  1.4397779       accum. std. dev =  1.0159589    *
#   min/max. wt. =    0.00000            0.607008E-01           *
#                                                               *
#*************   chi**2/iteration =  5.380       ****************

 Done
