SLURM job running in:  /scratch/groups/lhc/park/JHUGen/JHUGenerator
LHAPDF 6.1.5 loading /work-zfs/lhc/cms/slc6_amd64_gcc493/external/lhapdf/6.1.5-kpegke3/share/LHAPDF/NNPDF30_lo_as_0130/NNPDF30_lo_as_0130_0000.dat
NNPDF30_lo_as_0130 PDF set, member #0, version 2; LHAPDF ID = 263000
 extending no. of histograms for vbf tests
 
                                                                                          
   ***************************************************************************************
   *                                JHU Generator v6.9.3                                 *
   ***************************************************************************************
   *                                                                                     *
   *   Spin and parity determination of single-produced resonances at hadron colliders   *
   *                                                                                     *
   *          I. Anderson, S. Bolognesi, F. Caola, Y. Gao, A. Gritsan, Z. Guo,           *
   *        C. Martin, K. Melnikov, R.Rontsch, H. Roskes, U. Sarica, M. Schulze,         *
   *                   N. Tran, A. Whitbeck, M. Xiao, C. You, Y. Zhou                    *
   *                Phys.Rev. D81 (2010) 075022;  arXiv:1001.3396 [hep-ph],              *
   *                Phys.Rev. D86 (2012) 095031;  arXiv:1208.4018 [hep-ph],              *
   *                Phys.Rev. D89 (2014) 035007;  arXiv:1309.4819 [hep-ph].              *
   *                                                                                     *
   ***************************************************************************************
                                                                                          
   
   Command line: ./JHUGen Unweighted=0 VegasNc0=99999999 VegasNc1=99999999 VegasNc2=99999999 LHAPDF=NNPDF30_lo_as_0130/NNPDF30_lo_as_0130.info MReso=620 ghz1=0,0 ghz4=1,0 Process=60 pTjetcut=0 deltaRcut=0
   
   Input Parameter:
    Collider: P-P, sqrt(s)=13000.00
    Resonance: spin=0, mass= 620.00 width=   0.00407
    Z-boson: mass=91.188, width=2.4952
    W-boson: mass=80.399, width=2.0850
    Jet cuts:
            pT >=     0.00 GeV
        DeltaR >=     0.00
           mJJ >=     0.00 GeV
    Random seed:   406303213
    To reproduce results using this seed, JHUGen should be compiled with the same compiler:
      GNU Fortran (GCC) 4.9.3
    
    WidthScheme:   2
    LHAPDF set NNPDF30_lo_as_0130/NNPDF30_lo_as_0130.info, member=  0
    Unweighted: F
    
    spin-0-VV couplings: 
      generate_as=F
      ghg2=  0.10000000E+01  0.00000000E+00i
      ghg3=  0.00000000E+00  0.00000000E+00i
      ghg4=  0.00000000E+00  0.00000000E+00i
      ghz1=  0.00000000E+00  0.00000000E+00i
      ghz2=  0.00000000E+00  0.00000000E+00i
      ghz3=  0.00000000E+00  0.00000000E+00i
      ghz4=  0.10000000E+01  0.00000000E+00i
      Lambda=  1000.0
    
    LHE output: ./data/output.lhe
    Histogram output: ./data/output.dat
    Log file: ./data/output.log
    
  Running

  Input parameters for vegas:  ndim=  9   ncall= 80707214.
                              it=    0    itmx=   15
                              acc=-1.00    
                              mds=  1     nd=  50
                              (xl,xu)= (  0.00000     ,  1.00000     )
                                       (  0.00000     ,  1.00000     )
                                       (  0.00000     ,  1.00000     )
                                       (  0.00000     ,  1.00000     )
                                       (  0.00000     ,  1.00000     )
                                       (  0.00000     ,  1.00000     )
                                       (  0.00000     ,  1.00000     )
                                       (  0.00000     ,  1.00000     )
                                       (  0.00000     ,  1.00000     )

#********** Integration by Vegas (iteration       1) ************
#                                                               *
#  integral  =  2043.6164       accum. integral =  2043.6164    *
#  std. dev. =  116.32696       accum. std. dev =  116.32696    *
#   min/max. wt. =    0.00000             45.7237               *
#                                                               *
#*************   chi**2/iteration = 0.1032E-09   ****************


#********** Integration by Vegas (iteration       2) ************
#                                                               *
#  integral  =  2497.3088       accum. integral =  2425.4809    *
#  std. dev. =  61.651724       accum. std. dev =  51.679477    *
#   min/max. wt. =    0.00000             30.4413               *
#                                                               *
#*************   chi**2/iteration =  10.26       ****************


#********** Integration by Vegas (iteration       3) ************
#                                                               *
#  integral  =  2669.0300       accum. integral =  2656.2897    *
#  std. dev. =  14.202477       accum. std. dev =  12.524377    *
#   min/max. wt. =    0.00000             8.71138               *
#                                                               *
#*************   chi**2/iteration =  13.94       ****************


#********** Integration by Vegas (iteration       4) ************
#                                                               *
#  integral  =  2670.3224       accum. integral =  2669.6530    *
#  std. dev. =  3.0959643       accum. std. dev =  2.8096281    *
#   min/max. wt. =    0.00000             1.32661               *
#                                                               *
#*************   chi**2/iteration =  9.188       ****************


#********** Integration by Vegas (iteration       5) ************
#                                                               *
#  integral  =  2670.2059       accum. integral =  2670.0837    *
#  std. dev. =  1.6094956       accum. std. dev =  1.3415340    *
#   min/max. wt. =    0.00000            0.888742               *
#                                                               *
#*************   chi**2/iteration =  6.690       ****************


#********** Integration by Vegas (iteration       6) ************
#                                                               *
#  integral  =  2670.3785       accum. integral =  2670.2577    *
#  std. dev. =  1.1835125       accum. std. dev = 0.86733743    *
#   min/max. wt. =    0.00000            0.385657E-01           *
#                                                               *
#*************   chi**2/iteration =  5.252       ****************


#********** Integration by Vegas (iteration       7) ************
#                                                               *
#  integral  =  2668.6434       accum. integral =  2669.5020    *
#  std. dev. = 0.96854101       accum. std. dev = 0.63692508    *
#   min/max. wt. =    0.00000            0.104483               *
#                                                               *
#*************   chi**2/iteration =  4.583       ****************


#********** Integration by Vegas (iteration       8) ************
#                                                               *
#  integral  =  2669.0053       accum. integral =  2669.3313    *
#  std. dev. = 0.91629754       accum. std. dev = 0.51873599    *
#   min/max. wt. =    0.00000            0.518831E-01           *
#                                                               *
#*************   chi**2/iteration =  3.918       ****************


#********** Integration by Vegas (iteration       9) ************
#                                                               *
#  integral  =  2667.3961       accum. integral =  2668.8316    *
#  std. dev. = 0.90966592       accum. std. dev = 0.44851744    *
#   min/max. wt. =    0.00000            0.778829E-01           *
#                                                               *
#*************   chi**2/iteration =  3.847       ****************


#********** Integration by Vegas (iteration      10) ************
#                                                               *
#  integral  =  2669.5254       accum. integral =  2668.9752    *
#  std. dev. = 0.90571043       accum. std. dev = 0.40070310    *
#   min/max. wt. =    0.00000            0.431352E-01           *
#                                                               *
#*************   chi**2/iteration =  3.453       ****************


#********** Integration by Vegas (iteration      11) ************
#                                                               *
#  integral  =  2669.4641       accum. integral =  2669.0583    *
#  std. dev. = 0.91018608       accum. std. dev = 0.36599556    *
#   min/max. wt. =    0.00000            0.516295E-01           *
#                                                               *
#*************   chi**2/iteration =  3.117       ****************


#********** Integration by Vegas (iteration      12) ************
#                                                               *
#  integral  =  2667.5893       accum. integral =  2668.8471    *
#  std. dev. = 0.91528669       accum. std. dev = 0.33937221    *
#   min/max. wt. =    0.00000            0.599383E-01           *
#                                                               *
#*************   chi**2/iteration =  3.031       ****************


#********** Integration by Vegas (iteration      13) ************
#                                                               *
#  integral  =  2670.2286       accum. integral =  2669.0142    *
#  std. dev. = 0.93660993       accum. std. dev = 0.31877530    *
#   min/max. wt. =    0.00000            0.832967E-01           *
#                                                               *
#*************   chi**2/iteration =  2.935       ****************


#********** Integration by Vegas (iteration      14) ************
#                                                               *
#  integral  =  2668.9313       accum. integral =  2669.0052    *
#  std. dev. = 0.93437973       accum. std. dev = 0.30148883    *
#   min/max. wt. =    0.00000            0.208375E-01           *
#                                                               *
#*************   chi**2/iteration =  2.701       ****************


#********** Integration by Vegas (iteration      15) ************
#                                                               *
#  integral  =  2668.5321       accum. integral =  2668.9618    *
#  std. dev. = 0.96707382       accum. std. dev = 0.28770210    *
#   min/max. wt. =    0.00000            0.178123               *
#                                                               *
#*************   chi**2/iteration =  2.518       ****************


  Input parameters for vegas:  ndim=  9   ncall= 80707214.
                              it=    0    itmx=    2
                              acc=-1.00    
                              mds=  1     nd=  50
                              (xl,xu)= (  0.00000     ,  1.00000     )
                                       (  0.00000     ,  1.00000     )
                                       (  0.00000     ,  1.00000     )
                                       (  0.00000     ,  1.00000     )
                                       (  0.00000     ,  1.00000     )
                                       (  0.00000     ,  1.00000     )
                                       (  0.00000     ,  1.00000     )
                                       (  0.00000     ,  1.00000     )
                                       (  0.00000     ,  1.00000     )

#********** Integration by Vegas (iteration       1) ************
#                                                               *
#  integral  =  2668.4437       accum. integral =  2668.4437    *
#  std. dev. = 0.96406890       accum. std. dev = 0.96406890    *
#   min/max. wt. =    0.00000            0.452044E-01           *
#                                                               *
#*************   chi**2/iteration =  0.000       ****************


#********** Integration by Vegas (iteration       2) ************
#                                                               *
#  integral  =  2668.3940       accum. integral =  2668.4188    *
#  std. dev. = 0.96007619       accum. std. dev = 0.68028365    *
#   min/max. wt. =    0.00000            0.279062E-01           *
#                                                               *
#*************   chi**2/iteration = 0.1331E-02   ****************

 Done
