SLURM job running in:  /scratch/groups/lhc/park/JHUGen/JHUGenerator
LHAPDF 6.1.5 loading /work-zfs/lhc/cms/slc6_amd64_gcc493/external/lhapdf/6.1.5-kpegke3/share/LHAPDF/NNPDF30_lo_as_0130/NNPDF30_lo_as_0130_0000.dat
NNPDF30_lo_as_0130 PDF set, member #0, version 2; LHAPDF ID = 263000
 extending no. of histograms for vbf tests
 
                                                                                          
   ***************************************************************************************
   *                                JHU Generator v6.9.3                                 *
   ***************************************************************************************
   *                                                                                     *
   *   Spin and parity determination of single-produced resonances at hadron colliders   *
   *                                                                                     *
   *          I. Anderson, S. Bolognesi, F. Caola, Y. Gao, A. Gritsan, Z. Guo,           *
   *        C. Martin, K. Melnikov, R.Rontsch, H. Roskes, U. Sarica, M. Schulze,         *
   *                   N. Tran, A. Whitbeck, M. Xiao, C. You, Y. Zhou                    *
   *                Phys.Rev. D81 (2010) 075022;  arXiv:1001.3396 [hep-ph],              *
   *                Phys.Rev. D86 (2012) 095031;  arXiv:1208.4018 [hep-ph],              *
   *                Phys.Rev. D89 (2014) 035007;  arXiv:1309.4819 [hep-ph].              *
   *                                                                                     *
   ***************************************************************************************
                                                                                          
   
   Command line: ./JHUGen Unweighted=0 VegasNc0=99999999 VegasNc1=99999999 VegasNc2=99999999 LHAPDF=NNPDF30_lo_as_0130/NNPDF30_lo_as_0130.info MReso=690 ghz1=0,0 ghz4=1,0 Process=60 pTjetcut=0 deltaRcut=0
   
   Input Parameter:
    Collider: P-P, sqrt(s)=13000.00
    Resonance: spin=0, mass= 690.00 width=   0.00407
    Z-boson: mass=91.188, width=2.4952
    W-boson: mass=80.399, width=2.0850
    Jet cuts:
            pT >=     0.00 GeV
        DeltaR >=     0.00
           mJJ >=     0.00 GeV
    Random seed:   903153010
    To reproduce results using this seed, JHUGen should be compiled with the same compiler:
      GNU Fortran (GCC) 4.9.3
    
    WidthScheme:   2
    LHAPDF set NNPDF30_lo_as_0130/NNPDF30_lo_as_0130.info, member=  0
    Unweighted: F
    
    spin-0-VV couplings: 
      generate_as=F
      ghg2=  0.10000000E+01  0.00000000E+00i
      ghg3=  0.00000000E+00  0.00000000E+00i
      ghg4=  0.00000000E+00  0.00000000E+00i
      ghz1=  0.00000000E+00  0.00000000E+00i
      ghz2=  0.00000000E+00  0.00000000E+00i
      ghz3=  0.00000000E+00  0.00000000E+00i
      ghz4=  0.10000000E+01  0.00000000E+00i
      Lambda=  1000.0
    
    LHE output: ./data/output.lhe
    Histogram output: ./data/output.dat
    Log file: ./data/output.log
    
  Running

  Input parameters for vegas:  ndim=  9   ncall= 80707214.
                              it=    0    itmx=   15
                              acc=-1.00    
                              mds=  1     nd=  50
                              (xl,xu)= (  0.00000     ,  1.00000     )
                                       (  0.00000     ,  1.00000     )
                                       (  0.00000     ,  1.00000     )
                                       (  0.00000     ,  1.00000     )
                                       (  0.00000     ,  1.00000     )
                                       (  0.00000     ,  1.00000     )
                                       (  0.00000     ,  1.00000     )
                                       (  0.00000     ,  1.00000     )
                                       (  0.00000     ,  1.00000     )

#********** Integration by Vegas (iteration       1) ************
#                                                               *
#  integral  =  1635.7303       accum. integral =  1635.7303    *
#  std. dev. =  81.791095       accum. std. dev =  81.791095    *
#   min/max. wt. =    0.00000             48.8557               *
#                                                               *
#*************   chi**2/iteration =  0.000       ****************


#********** Integration by Vegas (iteration       2) ************
#                                                               *
#  integral  =  2236.1131       accum. integral =  1967.3590    *
#  std. dev. =  100.65599       accum. std. dev =  65.539790    *
#   min/max. wt. =    0.00000             74.4471               *
#                                                               *
#*************   chi**2/iteration =  20.73       ****************


#********** Integration by Vegas (iteration       3) ************
#                                                               *
#  integral  =  2251.1188       accum. integral =  2241.3600    *
#  std. dev. =  14.212763       accum. std. dev =  12.786802    *
#   min/max. wt. =    0.00000             10.0747               *
#                                                               *
#*************   chi**2/iteration =  17.54       ****************


#********** Integration by Vegas (iteration       4) ************
#                                                               *
#  integral  =  2252.9137       accum. integral =  2252.4564    *
#  std. dev. =  2.8374516       accum. std. dev =  2.6051096    *
#   min/max. wt. =    0.00000             1.31440               *
#                                                               *
#*************   chi**2/iteration =  11.40       ****************


#********** Integration by Vegas (iteration       5) ************
#                                                               *
#  integral  =  2256.3598       accum. integral =  2255.8145    *
#  std. dev. =  1.1222688       accum. std. dev = 0.98751154    *
#   min/max. wt. =    0.00000            0.732661E-01           *
#                                                               *
#*************   chi**2/iteration =  8.784       ****************


#********** Integration by Vegas (iteration       6) ************
#                                                               *
#  integral  =  2254.4159       accum. integral =  2254.9781    *
#  std. dev. = 0.85270068       accum. std. dev = 0.63177711    *
#   min/max. wt. =    0.00000            0.673470E-01           *
#                                                               *
#*************   chi**2/iteration =  7.138       ****************


#********** Integration by Vegas (iteration       7) ************
#                                                               *
#  integral  =  2254.7861       accum. integral =  2254.8985    *
#  std. dev. = 0.78354670       accum. std. dev = 0.48643727    *
#   min/max. wt. =    0.00000            0.452121E-01           *
#                                                               *
#*************   chi**2/iteration =  5.879       ****************


#********** Integration by Vegas (iteration       8) ************
#                                                               *
#  integral  =  2255.4340       accum. integral =  2255.0598    *
#  std. dev. = 0.76873871       accum. std. dev = 0.40857020    *
#   min/max. wt. =    0.00000            0.398440E-01           *
#                                                               *
#*************   chi**2/iteration =  5.043       ****************


#********** Integration by Vegas (iteration       9) ************
#                                                               *
#  integral  =  2255.3835       accum. integral =  2255.1356    *
#  std. dev. = 0.76324631       accum. std. dev = 0.35889173    *
#   min/max. wt. =    0.00000            0.412617E-01           *
#                                                               *
#*************   chi**2/iteration =  4.399       ****************


#********** Integration by Vegas (iteration      10) ************
#                                                               *
#  integral  =  2255.3386       accum. integral =  2255.1738    *
#  std. dev. = 0.76665222       accum. std. dev = 0.32428854    *
#   min/max. wt. =    0.00000            0.471740E-01           *
#                                                               *
#*************   chi**2/iteration =  3.894       ****************


#********** Integration by Vegas (iteration      11) ************
#                                                               *
#  integral  =  2254.5017       accum. integral =  2255.0681    *
#  std. dev. = 0.76973632       accum. std. dev = 0.29839205    *
#   min/max. wt. =    0.00000            0.809590E-01           *
#                                                               *
#*************   chi**2/iteration =  3.556       ****************


#********** Integration by Vegas (iteration      12) ************
#                                                               *
#  integral  =  2253.8011       accum. integral =  2254.8978    *
#  std. dev. = 0.77457217       accum. std. dev = 0.27815289    *
#   min/max. wt. =    0.00000            0.697655E-01           *
#                                                               *
#*************   chi**2/iteration =  3.439       ****************


#********** Integration by Vegas (iteration      13) ************
#                                                               *
#  integral  =  2254.7770       accum. integral =  2254.8834    *
#  std. dev. = 0.77096091       accum. std. dev = 0.26143119    *
#   min/max. wt. =    0.00000            0.294006E-01           *
#                                                               *
#*************   chi**2/iteration =  3.144       ****************


#********** Integration by Vegas (iteration      14) ************
#                                                               *
#  integral  =  2254.4046       accum. integral =  2254.8332    *
#  std. dev. = 0.77849669       accum. std. dev = 0.24768577    *
#   min/max. wt. =    0.00000            0.295279E-01           *
#                                                               *
#*************   chi**2/iteration =  2.921       ****************


#********** Integration by Vegas (iteration      15) ************
#                                                               *
#  integral  =  2253.7989       accum. integral =  2254.7384    *
#  std. dev. = 0.79358331       accum. std. dev = 0.23634441    *
#   min/max. wt. =    0.00000            0.384898E-01           *
#                                                               *
#*************   chi**2/iteration =  2.820       ****************


  Input parameters for vegas:  ndim=  9   ncall= 80707214.
                              it=    0    itmx=    2
                              acc=-1.00    
                              mds=  1     nd=  50
                              (xl,xu)= (  0.00000     ,  1.00000     )
                                       (  0.00000     ,  1.00000     )
                                       (  0.00000     ,  1.00000     )
                                       (  0.00000     ,  1.00000     )
                                       (  0.00000     ,  1.00000     )
                                       (  0.00000     ,  1.00000     )
                                       (  0.00000     ,  1.00000     )
                                       (  0.00000     ,  1.00000     )
                                       (  0.00000     ,  1.00000     )

#********** Integration by Vegas (iteration       1) ************
#                                                               *
#  integral  =  2253.1837       accum. integral =  2253.1837    *
#  std. dev. = 0.79263263       accum. std. dev = 0.79263263    *
#   min/max. wt. =    0.00000            0.243230E-01           *
#                                                               *
#*************   chi**2/iteration =  0.000       ****************


#********** Integration by Vegas (iteration       2) ************
#                                                               *
#  integral  =  2254.6581       accum. integral =  2253.9162    *
#  std. dev. = 0.79824721       accum. std. dev = 0.56245175    *
#   min/max. wt. =    0.00000            0.394756E-01           *
#                                                               *
#*************   chi**2/iteration =  1.716       ****************

 Done
