SLURM job running in:  /scratch/groups/lhc/park/JHUGen/JHUGenerator
LHAPDF 6.1.5 loading /work-zfs/lhc/cms/slc6_amd64_gcc493/external/lhapdf/6.1.5-kpegke3/share/LHAPDF/NNPDF30_lo_as_0130/NNPDF30_lo_as_0130_0000.dat
NNPDF30_lo_as_0130 PDF set, member #0, version 2; LHAPDF ID = 263000
 extending no. of histograms for vbf tests
 
                                                                                          
   ***************************************************************************************
   *                                JHU Generator v6.9.3                                 *
   ***************************************************************************************
   *                                                                                     *
   *   Spin and parity determination of single-produced resonances at hadron colliders   *
   *                                                                                     *
   *          I. Anderson, S. Bolognesi, F. Caola, Y. Gao, A. Gritsan, Z. Guo,           *
   *        C. Martin, K. Melnikov, R.Rontsch, H. Roskes, U. Sarica, M. Schulze,         *
   *                   N. Tran, A. Whitbeck, M. Xiao, C. You, Y. Zhou                    *
   *                Phys.Rev. D81 (2010) 075022;  arXiv:1001.3396 [hep-ph],              *
   *                Phys.Rev. D86 (2012) 095031;  arXiv:1208.4018 [hep-ph],              *
   *                Phys.Rev. D89 (2014) 035007;  arXiv:1309.4819 [hep-ph].              *
   *                                                                                     *
   ***************************************************************************************
                                                                                          
   
   Command line: ./JHUGen Unweighted=0 VegasNc0=99999999 VegasNc1=99999999 VegasNc2=99999999 LHAPDF=NNPDF30_lo_as_0130/NNPDF30_lo_as_0130.info MReso=720 ghz1=0,0 ghz4=1,0 Process=60 pTjetcut=0 deltaRcut=0
   
   Input Parameter:
    Collider: P-P, sqrt(s)=13000.00
    Resonance: spin=0, mass= 720.00 width=   0.00407
    Z-boson: mass=91.188, width=2.4952
    W-boson: mass=80.399, width=2.0850
    Jet cuts:
            pT >=     0.00 GeV
        DeltaR >=     0.00
           mJJ >=     0.00 GeV
    Random seed:   501367478
    To reproduce results using this seed, JHUGen should be compiled with the same compiler:
      GNU Fortran (GCC) 4.9.3
    
    WidthScheme:   2
    LHAPDF set NNPDF30_lo_as_0130/NNPDF30_lo_as_0130.info, member=  0
    Unweighted: F
    
    spin-0-VV couplings: 
      generate_as=F
      ghg2=  0.10000000E+01  0.00000000E+00i
      ghg3=  0.00000000E+00  0.00000000E+00i
      ghg4=  0.00000000E+00  0.00000000E+00i
      ghz1=  0.00000000E+00  0.00000000E+00i
      ghz2=  0.00000000E+00  0.00000000E+00i
      ghz3=  0.00000000E+00  0.00000000E+00i
      ghz4=  0.10000000E+01  0.00000000E+00i
      Lambda=  1000.0
    
    LHE output: ./data/output.lhe
    Histogram output: ./data/output.dat
    Log file: ./data/output.log
    
  Running

  Input parameters for vegas:  ndim=  9   ncall= 80707214.
                              it=    0    itmx=   15
                              acc=-1.00    
                              mds=  1     nd=  50
                              (xl,xu)= (  0.00000     ,  1.00000     )
                                       (  0.00000     ,  1.00000     )
                                       (  0.00000     ,  1.00000     )
                                       (  0.00000     ,  1.00000     )
                                       (  0.00000     ,  1.00000     )
                                       (  0.00000     ,  1.00000     )
                                       (  0.00000     ,  1.00000     )
                                       (  0.00000     ,  1.00000     )
                                       (  0.00000     ,  1.00000     )

#********** Integration by Vegas (iteration       1) ************
#                                                               *
#  integral  =  1412.2698       accum. integral =  1412.2698    *
#  std. dev. =  49.272637       accum. std. dev =  49.272637    *
#   min/max. wt. =    0.00000             23.4795               *
#                                                               *
#*************   chi**2/iteration =  0.000       ****************


#********** Integration by Vegas (iteration       2) ************
#                                                               *
#  integral  =  2421.1056       accum. integral =  1488.2860    *
#  std. dev. =  295.90181       accum. std. dev =  66.492031    *
#   min/max. wt. =    0.00000             245.963               *
#                                                               *
#*************   chi**2/iteration =  16.02       ****************


#********** Integration by Vegas (iteration       3) ************
#                                                               *
#  integral  =  2050.0110       accum. integral =  2028.0280    *
#  std. dev. =  13.879810       accum. std. dev =  13.306077    *
#   min/max. wt. =    0.00000             5.63147               *
#                                                               *
#*************   chi**2/iteration =  41.32       ****************


#********** Integration by Vegas (iteration       4) ************
#                                                               *
#  integral  =  2104.6622       accum. integral =  2099.1648    *
#  std. dev. =  3.8830457       accum. std. dev =  3.6089868    *
#   min/max. wt. =    0.00000             2.17160               *
#                                                               *
#*************   chi**2/iteration =  36.87       ****************


#********** Integration by Vegas (iteration       5) ************
#                                                               *
#  integral  =  2099.0178       accum. integral =  2099.0363    *
#  std. dev. =  1.4159598       accum. std. dev =  1.2892793    *
#   min/max. wt. =    0.00000            0.671981E-01           *
#                                                               *
#*************   chi**2/iteration =  27.28       ****************


#********** Integration by Vegas (iteration       6) ************
#                                                               *
#  integral  =  2099.5525       accum. integral =  2099.4020    *
#  std. dev. = 0.84957801       accum. std. dev = 0.69939088    *
#   min/max. wt. =    0.00000            0.112070               *
#                                                               *
#*************   chi**2/iteration =  21.65       ****************


#********** Integration by Vegas (iteration       7) ************
#                                                               *
#  integral  =  2099.9759       accum. integral =  2099.6751    *
#  std. dev. = 0.75041833       accum. std. dev = 0.50793169    *
#   min/max. wt. =    0.00000            0.540366E-01           *
#                                                               *
#*************   chi**2/iteration =  17.98       ****************


#********** Integration by Vegas (iteration       8) ************
#                                                               *
#  integral  =  2100.9913       accum. integral =  2100.1258    *
#  std. dev. = 0.71787047       accum. std. dev = 0.41292878    *
#   min/max. wt. =    0.00000            0.205495E-01           *
#                                                               *
#*************   chi**2/iteration =  15.66       ****************


#********** Integration by Vegas (iteration       9) ************
#                                                               *
#  integral  =  2101.4078       accum. integral =  2100.4549    *
#  std. dev. = 0.71480690       accum. std. dev = 0.35668745    *
#   min/max. wt. =    0.00000            0.346089E-01           *
#                                                               *
#*************   chi**2/iteration =  13.96       ****************


#********** Integration by Vegas (iteration      10) ************
#                                                               *
#  integral  =  2101.1968       accum. integral =  2100.6078    *
#  std. dev. = 0.71073845       accum. std. dev = 0.31829761    *
#   min/max. wt. =    0.00000            0.632878E-01           *
#                                                               *
#*************   chi**2/iteration =  12.47       ****************


#********** Integration by Vegas (iteration      11) ************
#                                                               *
#  integral  =  2100.8905       accum. integral =  2100.6560    *
#  std. dev. = 0.71209838       accum. std. dev = 0.29028876    *
#   min/max. wt. =    0.00000            0.263619E-01           *
#                                                               *
#*************   chi**2/iteration =  11.21       ****************


#********** Integration by Vegas (iteration      12) ************
#                                                               *
#  integral  =  2100.0451       accum. integral =  2100.5676    *
#  std. dev. = 0.71423109       accum. std. dev = 0.26873678    *
#   min/max. wt. =    0.00000            0.673627E-01           *
#                                                               *
#*************   chi**2/iteration =  10.23       ****************


#********** Integration by Vegas (iteration      13) ************
#                                                               *
#  integral  =  2100.7974       accum. integral =  2100.5963    *
#  std. dev. = 0.71943887       accum. std. dev = 0.25161688    *
#   min/max. wt. =    0.00000            0.200595E-01           *
#                                                               *
#*************   chi**2/iteration =  9.365       ****************


#********** Integration by Vegas (iteration      14) ************
#                                                               *
#  integral  =  2099.9465       accum. integral =  2100.5259    *
#  std. dev. = 0.72896618       accum. std. dev = 0.23776294    *
#   min/max. wt. =    0.00000            0.255613E-01           *
#                                                               *
#*************   chi**2/iteration =  8.688       ****************


#********** Integration by Vegas (iteration      15) ************
#                                                               *
#  integral  =  2101.9035       accum. integral =  2100.6565    *
#  std. dev. = 0.74221810       accum. std. dev = 0.22636732    *
#   min/max. wt. =    0.00000            0.539508E-01           *
#                                                               *
#*************   chi**2/iteration =  8.283       ****************


  Input parameters for vegas:  ndim=  9   ncall= 80707214.
                              it=    0    itmx=    2
                              acc=-1.00    
                              mds=  1     nd=  50
                              (xl,xu)= (  0.00000     ,  1.00000     )
                                       (  0.00000     ,  1.00000     )
                                       (  0.00000     ,  1.00000     )
                                       (  0.00000     ,  1.00000     )
                                       (  0.00000     ,  1.00000     )
                                       (  0.00000     ,  1.00000     )
                                       (  0.00000     ,  1.00000     )
                                       (  0.00000     ,  1.00000     )
                                       (  0.00000     ,  1.00000     )

#********** Integration by Vegas (iteration       1) ************
#                                                               *
#  integral  =  2100.6899       accum. integral =  2100.6899    *
#  std. dev. = 0.74683602       accum. std. dev = 0.74683602    *
#   min/max. wt. =    0.00000            0.789328E-01           *
#                                                               *
#*************   chi**2/iteration =  0.000       ****************


#********** Integration by Vegas (iteration       2) ************
#                                                               *
#  integral  =  2102.1565       accum. integral =  2101.4157    *
#  std. dev. = 0.75505346       accum. std. dev = 0.53097630    *
#   min/max. wt. =    0.00000            0.212694E-01           *
#                                                               *
#*************   chi**2/iteration =  1.905       ****************

 Done
