SLURM job running in:  /scratch/groups/lhc/park/JHUGen/JHUGenerator
LHAPDF 6.1.5 loading /work-zfs/lhc/cms/slc6_amd64_gcc493/external/lhapdf/6.1.5-kpegke3/share/LHAPDF/NNPDF30_lo_as_0130/NNPDF30_lo_as_0130_0000.dat
NNPDF30_lo_as_0130 PDF set, member #0, version 2; LHAPDF ID = 263000
 extending no. of histograms for vbf tests
 
                                                                                          
   ***************************************************************************************
   *                                JHU Generator v6.9.3                                 *
   ***************************************************************************************
   *                                                                                     *
   *   Spin and parity determination of single-produced resonances at hadron colliders   *
   *                                                                                     *
   *          I. Anderson, S. Bolognesi, F. Caola, Y. Gao, A. Gritsan, Z. Guo,           *
   *        C. Martin, K. Melnikov, R.Rontsch, H. Roskes, U. Sarica, M. Schulze,         *
   *                   N. Tran, A. Whitbeck, M. Xiao, C. You, Y. Zhou                    *
   *                Phys.Rev. D81 (2010) 075022;  arXiv:1001.3396 [hep-ph],              *
   *                Phys.Rev. D86 (2012) 095031;  arXiv:1208.4018 [hep-ph],              *
   *                Phys.Rev. D89 (2014) 035007;  arXiv:1309.4819 [hep-ph].              *
   *                                                                                     *
   ***************************************************************************************
                                                                                          
   
   Command line: ./JHUGen Unweighted=0 VegasNc0=99999999 VegasNc1=99999999 VegasNc2=99999999 LHAPDF=NNPDF30_lo_as_0130/NNPDF30_lo_as_0130.info MReso=725 ghz1=0,0 ghz4=1,0 Process=60 pTjetcut=0 deltaRcut=0
   
   Input Parameter:
    Collider: P-P, sqrt(s)=13000.00
    Resonance: spin=0, mass= 725.00 width=   0.00407
    Z-boson: mass=91.188, width=2.4952
    W-boson: mass=80.399, width=2.0850
    Jet cuts:
            pT >=     0.00 GeV
        DeltaR >=     0.00
           mJJ >=     0.00 GeV
    Random seed:   661022023
    To reproduce results using this seed, JHUGen should be compiled with the same compiler:
      GNU Fortran (GCC) 4.9.3
    
    WidthScheme:   2
    LHAPDF set NNPDF30_lo_as_0130/NNPDF30_lo_as_0130.info, member=  0
    Unweighted: F
    
    spin-0-VV couplings: 
      generate_as=F
      ghg2=  0.10000000E+01  0.00000000E+00i
      ghg3=  0.00000000E+00  0.00000000E+00i
      ghg4=  0.00000000E+00  0.00000000E+00i
      ghz1=  0.00000000E+00  0.00000000E+00i
      ghz2=  0.00000000E+00  0.00000000E+00i
      ghz3=  0.00000000E+00  0.00000000E+00i
      ghz4=  0.10000000E+01  0.00000000E+00i
      Lambda=  1000.0
    
    LHE output: ./data/output.lhe
    Histogram output: ./data/output.dat
    Log file: ./data/output.log
    
  Running

  Input parameters for vegas:  ndim=  9   ncall= 80707214.
                              it=    0    itmx=   15
                              acc=-1.00    
                              mds=  1     nd=  50
                              (xl,xu)= (  0.00000     ,  1.00000     )
                                       (  0.00000     ,  1.00000     )
                                       (  0.00000     ,  1.00000     )
                                       (  0.00000     ,  1.00000     )
                                       (  0.00000     ,  1.00000     )
                                       (  0.00000     ,  1.00000     )
                                       (  0.00000     ,  1.00000     )
                                       (  0.00000     ,  1.00000     )
                                       (  0.00000     ,  1.00000     )

#********** Integration by Vegas (iteration       1) ************
#                                                               *
#  integral  =  1580.1795       accum. integral =  1580.1795    *
#  std. dev. =  116.44669       accum. std. dev =  116.44669    *
#   min/max. wt. =    0.00000             81.1003               *
#                                                               *
#*************   chi**2/iteration =  0.000       ****************


#********** Integration by Vegas (iteration       2) ************
#                                                               *
#  integral  =  1994.4581       accum. integral =  1892.8914    *
#  std. dev. =  83.762369       accum. std. dev =  65.652191    *
#   min/max. wt. =    0.00000             56.0086               *
#                                                               *
#*************   chi**2/iteration =  7.361       ****************


#********** Integration by Vegas (iteration       3) ************
#                                                               *
#  integral  =  2066.8514       accum. integral =  2054.4627    *
#  std. dev. =  20.882920       accum. std. dev =  18.429618    *
#   min/max. wt. =    0.00000             9.32661               *
#                                                               *
#*************   chi**2/iteration =  6.273       ****************


#********** Integration by Vegas (iteration       4) ************
#                                                               *
#  integral  =  2076.8130       accum. integral =  2076.3678    *
#  std. dev. =  2.8828579       accum. std. dev =  2.6664754    *
#   min/max. wt. =    0.00000             1.31427               *
#                                                               *
#*************   chi**2/iteration =  4.437       ****************


#********** Integration by Vegas (iteration       5) ************
#                                                               *
#  integral  =  2075.0760       accum. integral =  2075.2351    *
#  std. dev. =  1.0686873       accum. std. dev = 0.94909868    *
#   min/max. wt. =  -0.344561E-12        0.628930E-01           *
#                                                               *
#*************   chi**2/iteration =  3.285       ****************


#********** Integration by Vegas (iteration       6) ************
#                                                               *
#  integral  =  2076.2353       accum. integral =  2075.8603    *
#  std. dev. = 0.77557482       accum. std. dev = 0.58664236    *
#   min/max. wt. =    0.00000            0.557101E-01           *
#                                                               *
#*************   chi**2/iteration =  2.716       ****************


#********** Integration by Vegas (iteration       7) ************
#                                                               *
#  integral  =  2076.9534       accum. integral =  2076.3240    *
#  std. dev. = 0.71454590       accum. std. dev = 0.44808936    *
#   min/max. wt. =    0.00000            0.503002E-01           *
#                                                               *
#*************   chi**2/iteration =  2.476       ****************


#********** Integration by Vegas (iteration       8) ************
#                                                               *
#  integral  =  2075.4616       accum. integral =  2076.0596    *
#  std. dev. = 0.69940226       accum. std. dev = 0.37492335    *
#   min/max. wt. =    0.00000            0.432100E-01           *
#                                                               *
#*************   chi**2/iteration =  2.263       ****************


#********** Integration by Vegas (iteration       9) ************
#                                                               *
#  integral  =  2076.1162       accum. integral =  2076.0730    *
#  std. dev. = 0.69681806       accum. std. dev = 0.32891641    *
#   min/max. wt. =    0.00000            0.554302E-01           *
#                                                               *
#*************   chi**2/iteration =  1.966       ****************


#********** Integration by Vegas (iteration      10) ************
#                                                               *
#  integral  =  2076.7439       accum. integral =  2076.2016    *
#  std. dev. = 0.69534915       accum. std. dev = 0.29659467    *
#   min/max. wt. =    0.00000            0.258083E-01           *
#                                                               *
#*************   chi**2/iteration =  1.825       ****************


#********** Integration by Vegas (iteration      11) ************
#                                                               *
#  integral  =  2077.7062       accum. integral =  2076.4401    *
#  std. dev. = 0.70188420       accum. std. dev = 0.27275240    *
#   min/max. wt. =    0.00000            0.530963E-01           *
#                                                               *
#*************   chi**2/iteration =  2.040       ****************


#********** Integration by Vegas (iteration      12) ************
#                                                               *
#  integral  =  2075.8607       accum. integral =  2076.3615    *
#  std. dev. = 0.70447651       accum. std. dev = 0.25406950    *
#   min/max. wt. =    0.00000            0.305140E-01           *
#                                                               *
#*************   chi**2/iteration =  1.903       ****************


#********** Integration by Vegas (iteration      13) ************
#                                                               *
#  integral  =  2076.7222       accum. integral =  2076.4030    *
#  std. dev. = 0.72028670       accum. std. dev = 0.23942154    *
#   min/max. wt. =    0.00000            0.914048E-01           *
#                                                               *
#*************   chi**2/iteration =  1.758       ****************


#********** Integration by Vegas (iteration      14) ************
#                                                               *
#  integral  =  2077.0732       accum. integral =  2076.4705    *
#  std. dev. = 0.72949940       accum. std. dev = 0.22736228    *
#   min/max. wt. =    0.00000            0.769021E-01           *
#                                                               *
#*************   chi**2/iteration =  1.678       ****************


#********** Integration by Vegas (iteration      15) ************
#                                                               *
#  integral  =  2076.8945       accum. integral =  2076.5096    *
#  std. dev. = 0.72674990       accum. std. dev = 0.21689866    *
#   min/max. wt. =    0.00000            0.756358E-01           *
#                                                               *
#*************   chi**2/iteration =  1.577       ****************


  Input parameters for vegas:  ndim=  9   ncall= 80707214.
                              it=    0    itmx=    2
                              acc=-1.00    
                              mds=  1     nd=  50
                              (xl,xu)= (  0.00000     ,  1.00000     )
                                       (  0.00000     ,  1.00000     )
                                       (  0.00000     ,  1.00000     )
                                       (  0.00000     ,  1.00000     )
                                       (  0.00000     ,  1.00000     )
                                       (  0.00000     ,  1.00000     )
                                       (  0.00000     ,  1.00000     )
                                       (  0.00000     ,  1.00000     )
                                       (  0.00000     ,  1.00000     )

#********** Integration by Vegas (iteration       1) ************
#                                                               *
#  integral  =  2075.8991       accum. integral =  2075.8991    *
#  std. dev. = 0.72184909       accum. std. dev = 0.72184909    *
#   min/max. wt. =    0.00000            0.253603E-01           *
#                                                               *
#*************   chi**2/iteration =  0.000       ****************


#********** Integration by Vegas (iteration       2) ************
#                                                               *
#  integral  =  2075.1345       accum. integral =  2075.5225    *
#  std. dev. = 0.73257546       accum. std. dev = 0.51417338    *
#   min/max. wt. =    0.00000            0.235389E-01           *
#                                                               *
#*************   chi**2/iteration = 0.5521       ****************

 Done
