SLURM job running in:  /scratch/groups/lhc/park/JHUGen/JHUGenerator
LHAPDF 6.1.5 loading /work-zfs/lhc/cms/slc6_amd64_gcc493/external/lhapdf/6.1.5-kpegke3/share/LHAPDF/NNPDF30_lo_as_0130/NNPDF30_lo_as_0130_0000.dat
NNPDF30_lo_as_0130 PDF set, member #0, version 2; LHAPDF ID = 263000
 extending no. of histograms for vbf tests
 
                                                                                          
   ***************************************************************************************
   *                                JHU Generator v6.9.3                                 *
   ***************************************************************************************
   *                                                                                     *
   *   Spin and parity determination of single-produced resonances at hadron colliders   *
   *                                                                                     *
   *          I. Anderson, S. Bolognesi, F. Caola, Y. Gao, A. Gritsan, Z. Guo,           *
   *        C. Martin, K. Melnikov, R.Rontsch, H. Roskes, U. Sarica, M. Schulze,         *
   *                   N. Tran, A. Whitbeck, M. Xiao, C. You, Y. Zhou                    *
   *                Phys.Rev. D81 (2010) 075022;  arXiv:1001.3396 [hep-ph],              *
   *                Phys.Rev. D86 (2012) 095031;  arXiv:1208.4018 [hep-ph],              *
   *                Phys.Rev. D89 (2014) 035007;  arXiv:1309.4819 [hep-ph].              *
   *                                                                                     *
   ***************************************************************************************
                                                                                          
   
   Command line: ./JHUGen Unweighted=0 VegasNc0=99999999 VegasNc1=99999999 VegasNc2=99999999 LHAPDF=NNPDF30_lo_as_0130/NNPDF30_lo_as_0130.info MReso=790 ghz1=0,0 ghz4=1,0 Process=60 pTjetcut=0 deltaRcut=0
   
   Input Parameter:
    Collider: P-P, sqrt(s)=13000.00
    Resonance: spin=0, mass= 790.00 width=   0.00407
    Z-boson: mass=91.188, width=2.4952
    W-boson: mass=80.399, width=2.0850
    Jet cuts:
            pT >=     0.00 GeV
        DeltaR >=     0.00
           mJJ >=     0.00 GeV
    Random seed:   849749590
    To reproduce results using this seed, JHUGen should be compiled with the same compiler:
      GNU Fortran (GCC) 4.9.3
    
    WidthScheme:   2
    LHAPDF set NNPDF30_lo_as_0130/NNPDF30_lo_as_0130.info, member=  0
    Unweighted: F
    
    spin-0-VV couplings: 
      generate_as=F
      ghg2=  0.10000000E+01  0.00000000E+00i
      ghg3=  0.00000000E+00  0.00000000E+00i
      ghg4=  0.00000000E+00  0.00000000E+00i
      ghz1=  0.00000000E+00  0.00000000E+00i
      ghz2=  0.00000000E+00  0.00000000E+00i
      ghz3=  0.00000000E+00  0.00000000E+00i
      ghz4=  0.10000000E+01  0.00000000E+00i
      Lambda=  1000.0
    
    LHE output: ./data/output.lhe
    Histogram output: ./data/output.dat
    Log file: ./data/output.log
    
  Running

  Input parameters for vegas:  ndim=  9   ncall= 80707214.
                              it=    0    itmx=   15
                              acc=-1.00    
                              mds=  1     nd=  50
                              (xl,xu)= (  0.00000     ,  1.00000     )
                                       (  0.00000     ,  1.00000     )
                                       (  0.00000     ,  1.00000     )
                                       (  0.00000     ,  1.00000     )
                                       (  0.00000     ,  1.00000     )
                                       (  0.00000     ,  1.00000     )
                                       (  0.00000     ,  1.00000     )
                                       (  0.00000     ,  1.00000     )
                                       (  0.00000     ,  1.00000     )

#********** Integration by Vegas (iteration       1) ************
#                                                               *
#  integral  =  1662.9796       accum. integral =  1662.9796    *
#  std. dev. =  341.64721       accum. std. dev =  341.64721    *
#   min/max. wt. =    0.00000             309.364               *
#                                                               *
#*************   chi**2/iteration =  0.000       ****************


#********** Integration by Vegas (iteration       2) ************
#                                                               *
#  integral  =  3375.0631       accum. integral =  1875.8675    *
#  std. dev. =  1840.0368       accum. std. dev =  511.47144    *
#   min/max. wt. =    0.00000             1839.39               *
#                                                               *
#*************   chi**2/iteration =  1.219       ****************


#********** Integration by Vegas (iteration       3) ************
#                                                               *
#  integral  =  1815.2538       accum. integral =  1819.2002    *
#  std. dev. =  92.093989       accum. std. dev =  118.31311    *
#   min/max. wt. =    0.00000             87.5210               *
#                                                               *
#*************   chi**2/iteration = 0.7499       ****************


#********** Integration by Vegas (iteration       4) ************
#                                                               *
#  integral  =  1794.6028       accum. integral =  1794.8077    *
#  std. dev. =  8.0681903       accum. std. dev =  10.177844    *
#   min/max. wt. =    0.00000             4.27480               *
#                                                               *
#*************   chi**2/iteration = 0.5789       ****************


#********** Integration by Vegas (iteration       5) ************
#                                                               *
#  integral  =  1788.0598       accum. integral =  1788.2064    *
#  std. dev. =  1.1929736       accum. std. dev =  1.4418342    *
#   min/max. wt. =    0.00000            0.716661E-01           *
#                                                               *
#*************   chi**2/iteration = 0.5864       ****************


#********** Integration by Vegas (iteration       6) ************
#                                                               *
#  integral  =  1788.7590       accum. integral =  1788.6090    *
#  std. dev. = 0.72064433       accum. std. dev = 0.73036492    *
#   min/max. wt. =    0.00000            0.704935E-01           *
#                                                               *
#*************   chi**2/iteration = 0.5191       ****************


#********** Integration by Vegas (iteration       7) ************
#                                                               *
#  integral  =  1788.9077       accum. integral =  1788.7565    *
#  std. dev. = 0.62274815       accum. std. dev = 0.50871233    *
#   min/max. wt. =    0.00000            0.208322E-01           *
#                                                               *
#*************   chi**2/iteration = 0.4657       ****************


#********** Integration by Vegas (iteration       8) ************
#                                                               *
#  integral  =  1788.9003       accum. integral =  1788.8066    *
#  std. dev. = 0.59897621       accum. std. dev = 0.40402902    *
#   min/max. wt. =    0.00000            0.279754E-01           *
#                                                               *
#*************   chi**2/iteration = 0.4167       ****************


#********** Integration by Vegas (iteration       9) ************
#                                                               *
#  integral  =  1788.4353       accum. integral =  1788.7097    *
#  std. dev. = 0.59465604       accum. std. dev = 0.34278249    *
#   min/max. wt. =    0.00000            0.298828E-01           *
#                                                               *
#*************   chi**2/iteration = 0.4027       ****************


#********** Integration by Vegas (iteration      10) ************
#                                                               *
#  integral  =  1788.7095       accum. integral =  1788.7097    *
#  std. dev. = 0.59139690       accum. std. dev = 0.30162156    *
#   min/max. wt. =    0.00000            0.189966E-01           *
#                                                               *
#*************   chi**2/iteration = 0.3658       ****************


#********** Integration by Vegas (iteration      11) ************
#                                                               *
#  integral  =  1787.1292       accum. integral =  1788.4403    *
#  std. dev. = 0.59563519       accum. std. dev = 0.27222614    *
#   min/max. wt. =    0.00000            0.185478E-01           *
#                                                               *
#*************   chi**2/iteration = 0.8117       ****************


#********** Integration by Vegas (iteration      12) ************
#                                                               *
#  integral  =  1787.5092       accum. integral =  1788.3065    *
#  std. dev. = 0.60028395       accum. std. dev = 0.24996709    *
#   min/max. wt. =    0.00000            0.190420E-01           *
#                                                               *
#*************   chi**2/iteration = 0.9046       ****************


#********** Integration by Vegas (iteration      13) ************
#                                                               *
#  integral  =  1788.0982       accum. integral =  1788.2812    *
#  std. dev. = 0.61227657       accum. std. dev = 0.23275370    *
#   min/max. wt. =    0.00000            0.500961E-01           *
#                                                               *
#*************   chi**2/iteration = 0.8474       ****************


#********** Integration by Vegas (iteration      14) ************
#                                                               *
#  integral  =  1788.6907       accum. integral =  1788.3247    *
#  std. dev. = 0.61935911       accum. std. dev = 0.21879914    *
#   min/max. wt. =    0.00000            0.151540E-01           *
#                                                               *
#*************   chi**2/iteration = 0.8168       ****************


#********** Integration by Vegas (iteration      15) ************
#                                                               *
#  integral  =  1790.1147       accum. integral =  1788.4945    *
#  std. dev. = 0.62390577       accum. std. dev = 0.20713495    *
#   min/max. wt. =    0.00000            0.253407E-01           *
#                                                               *
#*************   chi**2/iteration =  1.224       ****************


  Input parameters for vegas:  ndim=  9   ncall= 80707214.
                              it=    0    itmx=    2
                              acc=-1.00    
                              mds=  1     nd=  50
                              (xl,xu)= (  0.00000     ,  1.00000     )
                                       (  0.00000     ,  1.00000     )
                                       (  0.00000     ,  1.00000     )
                                       (  0.00000     ,  1.00000     )
                                       (  0.00000     ,  1.00000     )
                                       (  0.00000     ,  1.00000     )
                                       (  0.00000     ,  1.00000     )
                                       (  0.00000     ,  1.00000     )
                                       (  0.00000     ,  1.00000     )

#********** Integration by Vegas (iteration       1) ************
#                                                               *
#  integral  =  1787.9274       accum. integral =  1787.9274    *
#  std. dev. = 0.62300957       accum. std. dev = 0.62300957    *
#   min/max. wt. =    0.00000            0.187612E-01           *
#                                                               *
#*************   chi**2/iteration =  0.000       ****************


#********** Integration by Vegas (iteration       2) ************
#                                                               *
#  integral  =  1789.6489       accum. integral =  1788.7784    *
#  std. dev. = 0.63066016       accum. std. dev = 0.44321702    *
#   min/max. wt. =    0.00000            0.324992E-01           *
#                                                               *
#*************   chi**2/iteration =  3.767       ****************

 Done
