SLURM job running in:  /scratch/groups/lhc/park/JHUGen/JHUGenerator
LHAPDF 6.1.5 loading /work-zfs/lhc/cms/slc6_amd64_gcc493/external/lhapdf/6.1.5-kpegke3/share/LHAPDF/NNPDF30_lo_as_0130/NNPDF30_lo_as_0130_0000.dat
NNPDF30_lo_as_0130 PDF set, member #0, version 2; LHAPDF ID = 263000
 extending no. of histograms for vbf tests
 
                                                                                          
   ***************************************************************************************
   *                                JHU Generator v6.9.3                                 *
   ***************************************************************************************
   *                                                                                     *
   *   Spin and parity determination of single-produced resonances at hadron colliders   *
   *                                                                                     *
   *          I. Anderson, S. Bolognesi, F. Caola, Y. Gao, A. Gritsan, Z. Guo,           *
   *        C. Martin, K. Melnikov, R.Rontsch, H. Roskes, U. Sarica, M. Schulze,         *
   *                   N. Tran, A. Whitbeck, M. Xiao, C. You, Y. Zhou                    *
   *                Phys.Rev. D81 (2010) 075022;  arXiv:1001.3396 [hep-ph],              *
   *                Phys.Rev. D86 (2012) 095031;  arXiv:1208.4018 [hep-ph],              *
   *                Phys.Rev. D89 (2014) 035007;  arXiv:1309.4819 [hep-ph].              *
   *                                                                                     *
   ***************************************************************************************
                                                                                          
   
   Command line: ./JHUGen Unweighted=0 VegasNc0=99999999 VegasNc1=99999999 VegasNc2=99999999 LHAPDF=NNPDF30_lo_as_0130/NNPDF30_lo_as_0130.info MReso=820 ghz1=0,0 ghz4=1,0 Process=60 pTjetcut=0 deltaRcut=0
   
   Input Parameter:
    Collider: P-P, sqrt(s)=13000.00
    Resonance: spin=0, mass= 820.00 width=   0.00407
    Z-boson: mass=91.188, width=2.4952
    W-boson: mass=80.399, width=2.0850
    Jet cuts:
            pT >=     0.00 GeV
        DeltaR >=     0.00
           mJJ >=     0.00 GeV
    Random seed:   271439639
    To reproduce results using this seed, JHUGen should be compiled with the same compiler:
      GNU Fortran (GCC) 4.9.3
    
    WidthScheme:   2
    LHAPDF set NNPDF30_lo_as_0130/NNPDF30_lo_as_0130.info, member=  0
    Unweighted: F
    
    spin-0-VV couplings: 
      generate_as=F
      ghg2=  0.10000000E+01  0.00000000E+00i
      ghg3=  0.00000000E+00  0.00000000E+00i
      ghg4=  0.00000000E+00  0.00000000E+00i
      ghz1=  0.00000000E+00  0.00000000E+00i
      ghz2=  0.00000000E+00  0.00000000E+00i
      ghz3=  0.00000000E+00  0.00000000E+00i
      ghz4=  0.10000000E+01  0.00000000E+00i
      Lambda=  1000.0
    
    LHE output: ./data/output.lhe
    Histogram output: ./data/output.dat
    Log file: ./data/output.log
    
  Running

  Input parameters for vegas:  ndim=  9   ncall= 80707214.
                              it=    0    itmx=   15
                              acc=-1.00    
                              mds=  1     nd=  50
                              (xl,xu)= (  0.00000     ,  1.00000     )
                                       (  0.00000     ,  1.00000     )
                                       (  0.00000     ,  1.00000     )
                                       (  0.00000     ,  1.00000     )
                                       (  0.00000     ,  1.00000     )
                                       (  0.00000     ,  1.00000     )
                                       (  0.00000     ,  1.00000     )
                                       (  0.00000     ,  1.00000     )
                                       (  0.00000     ,  1.00000     )

#********** Integration by Vegas (iteration       1) ************
#                                                               *
#  integral  =  1215.3477       accum. integral =  1215.3477    *
#  std. dev. =  76.981186       accum. std. dev =  76.981186    *
#   min/max. wt. =    0.00000             49.1455               *
#                                                               *
#*************   chi**2/iteration =  0.000       ****************


#********** Integration by Vegas (iteration       2) ************
#                                                               *
#  integral  =  1634.8739       accum. integral =  1503.5630    *
#  std. dev. =  69.897261       accum. std. dev =  51.045539    *
#   min/max. wt. =    0.00000             53.9947               *
#                                                               *
#*************   chi**2/iteration =  14.51       ****************


#********** Integration by Vegas (iteration       3) ************
#                                                               *
#  integral  =  1654.0545       accum. integral =  1648.1915    *
#  std. dev. =  11.801494       accum. std. dev =  10.596784    *
#   min/max. wt. =    0.00000             8.15115               *
#                                                               *
#*************   chi**2/iteration =  10.34       ****************


#********** Integration by Vegas (iteration       4) ************
#                                                               *
#  integral  =  1671.4858       accum. integral =  1670.6099    *
#  std. dev. =  2.3109251       accum. std. dev =  2.1098926    *
#   min/max. wt. =    0.00000            0.415768               *
#                                                               *
#*************   chi**2/iteration =  8.006       ****************


#********** Integration by Vegas (iteration       5) ************
#                                                               *
#  integral  =  1672.1272       accum. integral =  1671.9509    *
#  std. dev. = 0.82252229       accum. std. dev = 0.73045143    *
#   min/max. wt. =    0.00000            0.121315               *
#                                                               *
#*************   chi**2/iteration =  5.935       ****************


#********** Integration by Vegas (iteration       6) ************
#                                                               *
#  integral  =  1672.1602       accum. integral =  1672.0801    *
#  std. dev. = 0.60879060       accum. std. dev = 0.45637408    *
#   min/max. wt. =    0.00000            0.870053E-01           *
#                                                               *
#*************   chi**2/iteration =  4.665       ****************


#********** Integration by Vegas (iteration       7) ************
#                                                               *
#  integral  =  1672.1684       accum. integral =  1672.1174    *
#  std. dev. = 0.55892426       accum. std. dev = 0.34916510    *
#   min/max. wt. =    0.00000            0.251523E-01           *
#                                                               *
#*************   chi**2/iteration =  3.836       ****************


#********** Integration by Vegas (iteration       8) ************
#                                                               *
#  integral  =  1671.5804       accum. integral =  1671.9532    *
#  std. dev. = 0.54735552       accum. std. dev = 0.29241519    *
#   min/max. wt. =    0.00000            0.167367E-01           *
#                                                               *
#*************   chi**2/iteration =  3.357       ****************


#********** Integration by Vegas (iteration       9) ************
#                                                               *
#  integral  =  1672.9982       accum. integral =  1672.1990    *
#  std. dev. = 0.54624908       accum. std. dev = 0.25676112    *
#   min/max. wt. =    0.00000            0.319775E-01           *
#                                                               *
#*************   chi**2/iteration =  3.286       ****************


#********** Integration by Vegas (iteration      10) ************
#                                                               *
#  integral  =  1672.2077       accum. integral =  1672.2006    *
#  std. dev. = 0.55025740       accum. std. dev = 0.23209928    *
#   min/max. wt. =    0.00000            0.264306E-01           *
#                                                               *
#*************   chi**2/iteration =  2.902       ****************


#********** Integration by Vegas (iteration      11) ************
#                                                               *
#  integral  =  1672.5902       accum. integral =  1672.2595    *
#  std. dev. = 0.56596624       accum. std. dev = 0.21441875    *
#   min/max. wt. =    0.00000            0.107612               *
#                                                               *
#*************   chi**2/iteration =  2.641       ****************


#********** Integration by Vegas (iteration      12) ************
#                                                               *
#  integral  =  1672.2667       accum. integral =  1672.2604    *
#  std. dev. = 0.55976010       accum. std. dev = 0.20000265    *
#   min/max. wt. =    0.00000            0.177032E-01           *
#                                                               *
#*************   chi**2/iteration =  2.391       ****************


#********** Integration by Vegas (iteration      13) ************
#                                                               *
#  integral  =  1672.4253       accum. integral =  1672.2796    *
#  std. dev. = 0.56487234       accum. std. dev = 0.18838121    *
#   min/max. wt. =    0.00000            0.240710E-01           *
#                                                               *
#*************   chi**2/iteration =  2.190       ****************


#********** Integration by Vegas (iteration      14) ************
#                                                               *
#  integral  =  1672.5512       accum. integral =  1672.3073    *
#  std. dev. = 0.57068634       accum. std. dev = 0.17878297    *
#   min/max. wt. =    0.00000            0.127010E-01           *
#                                                               *
#*************   chi**2/iteration =  2.032       ****************


#********** Integration by Vegas (iteration      15) ************
#                                                               *
#  integral  =  1672.0918       accum. integral =  1672.2880    *
#  std. dev. = 0.58206031       accum. std. dev = 0.17083659    *
#   min/max. wt. =    0.00000            0.928881E-01           *
#                                                               *
#*************   chi**2/iteration =  1.891       ****************


  Input parameters for vegas:  ndim=  9   ncall= 80707214.
                              it=    0    itmx=    2
                              acc=-1.00    
                              mds=  1     nd=  50
                              (xl,xu)= (  0.00000     ,  1.00000     )
                                       (  0.00000     ,  1.00000     )
                                       (  0.00000     ,  1.00000     )
                                       (  0.00000     ,  1.00000     )
                                       (  0.00000     ,  1.00000     )
                                       (  0.00000     ,  1.00000     )
                                       (  0.00000     ,  1.00000     )
                                       (  0.00000     ,  1.00000     )
                                       (  0.00000     ,  1.00000     )

#********** Integration by Vegas (iteration       1) ************
#                                                               *
#  integral  =  1672.3516       accum. integral =  1672.3516    *
#  std. dev. = 0.57864147       accum. std. dev = 0.57864147    *
#   min/max. wt. =    0.00000            0.175822E-01           *
#                                                               *
#*************   chi**2/iteration =  0.000       ****************


#********** Integration by Vegas (iteration       2) ************
#                                                               *
#  integral  =  1672.1128       accum. integral =  1672.2310    *
#  std. dev. = 0.57292545       accum. std. dev = 0.40712563    *
#   min/max. wt. =    0.00000            0.322410E-01           *
#                                                               *
#*************   chi**2/iteration = 0.8589E-01   ****************

 Done
