SLURM job running in:  /scratch/groups/lhc/park/JHUGen/JHUGenerator
LHAPDF 6.1.5 loading /work-zfs/lhc/cms/slc6_amd64_gcc493/external/lhapdf/6.1.5-kpegke3/share/LHAPDF/NNPDF30_lo_as_0130/NNPDF30_lo_as_0130_0000.dat
NNPDF30_lo_as_0130 PDF set, member #0, version 2; LHAPDF ID = 263000
 extending no. of histograms for vbf tests
 
                                                                                          
   ***************************************************************************************
   *                                JHU Generator v6.9.3                                 *
   ***************************************************************************************
   *                                                                                     *
   *   Spin and parity determination of single-produced resonances at hadron colliders   *
   *                                                                                     *
   *          I. Anderson, S. Bolognesi, F. Caola, Y. Gao, A. Gritsan, Z. Guo,           *
   *        C. Martin, K. Melnikov, R.Rontsch, H. Roskes, U. Sarica, M. Schulze,         *
   *                   N. Tran, A. Whitbeck, M. Xiao, C. You, Y. Zhou                    *
   *                Phys.Rev. D81 (2010) 075022;  arXiv:1001.3396 [hep-ph],              *
   *                Phys.Rev. D86 (2012) 095031;  arXiv:1208.4018 [hep-ph],              *
   *                Phys.Rev. D89 (2014) 035007;  arXiv:1309.4819 [hep-ph].              *
   *                                                                                     *
   ***************************************************************************************
                                                                                          
   
   Command line: ./JHUGen Unweighted=0 VegasNc0=99999999 VegasNc1=99999999 VegasNc2=99999999 LHAPDF=NNPDF30_lo_as_0130/NNPDF30_lo_as_0130.info MReso=840 ghz1=0,0 ghz4=1,0 Process=60 pTjetcut=0 deltaRcut=0
   
   Input Parameter:
    Collider: P-P, sqrt(s)=13000.00
    Resonance: spin=0, mass= 840.00 width=   0.00407
    Z-boson: mass=91.188, width=2.4952
    W-boson: mass=80.399, width=2.0850
    Jet cuts:
            pT >=     0.00 GeV
        DeltaR >=     0.00
           mJJ >=     0.00 GeV
    Random seed:   975071511
    To reproduce results using this seed, JHUGen should be compiled with the same compiler:
      GNU Fortran (GCC) 4.9.3
    
    WidthScheme:   2
    LHAPDF set NNPDF30_lo_as_0130/NNPDF30_lo_as_0130.info, member=  0
    Unweighted: F
    
    spin-0-VV couplings: 
      generate_as=F
      ghg2=  0.10000000E+01  0.00000000E+00i
      ghg3=  0.00000000E+00  0.00000000E+00i
      ghg4=  0.00000000E+00  0.00000000E+00i
      ghz1=  0.00000000E+00  0.00000000E+00i
      ghz2=  0.00000000E+00  0.00000000E+00i
      ghz3=  0.00000000E+00  0.00000000E+00i
      ghz4=  0.10000000E+01  0.00000000E+00i
      Lambda=  1000.0
    
    LHE output: ./data/output.lhe
    Histogram output: ./data/output.dat
    Log file: ./data/output.log
    
  Running

  Input parameters for vegas:  ndim=  9   ncall= 80707214.
                              it=    0    itmx=   15
                              acc=-1.00    
                              mds=  1     nd=  50
                              (xl,xu)= (  0.00000     ,  1.00000     )
                                       (  0.00000     ,  1.00000     )
                                       (  0.00000     ,  1.00000     )
                                       (  0.00000     ,  1.00000     )
                                       (  0.00000     ,  1.00000     )
                                       (  0.00000     ,  1.00000     )
                                       (  0.00000     ,  1.00000     )
                                       (  0.00000     ,  1.00000     )
                                       (  0.00000     ,  1.00000     )

#********** Integration by Vegas (iteration       1) ************
#                                                               *
#  integral  =  2417.0267       accum. integral =  2417.0267    *
#  std. dev. =  1113.9370       accum. std. dev =  1113.9370    *
#   min/max. wt. =    0.00000             1106.63               *
#                                                               *
#*************   chi**2/iteration =  0.000       ****************


#********** Integration by Vegas (iteration       2) ************
#                                                               *
#  integral  =  2418.2583       accum. integral =  2417.6955    *
#  std. dev. =  1022.3986       accum. std. dev =  753.21443    *
#   min/max. wt. =    0.00000             1020.50               *
#                                                               *
#*************   chi**2/iteration = 0.6627E-06   ****************


#********** Integration by Vegas (iteration       3) ************
#                                                               *
#  integral  =  1678.9970       accum. integral =  1692.1266    *
#  std. dev. =  70.366225       accum. std. dev =  91.343675    *
#   min/max. wt. =    0.00000             43.9071               *
#                                                               *
#*************   chi**2/iteration = 0.5706       ****************


#********** Integration by Vegas (iteration       4) ************
#                                                               *
#  integral  =  1596.2647       accum. integral =  1596.5967    *
#  std. dev. =  3.9085749       accum. std. dev =  5.0475725    *
#   min/max. wt. =    0.00000             1.91813               *
#                                                               *
#*************   chi**2/iteration = 0.8463       ****************


#********** Integration by Vegas (iteration       5) ************
#                                                               *
#  integral  =  1598.9106       accum. integral =  1598.7807    *
#  std. dev. = 0.95339927       accum. std. dev =  1.1473396    *
#   min/max. wt. =    0.00000            0.902282E-01           *
#                                                               *
#*************   chi**2/iteration = 0.7439       ****************


#********** Integration by Vegas (iteration       6) ************
#                                                               *
#  integral  =  1598.7643       accum. integral =  1598.7691    *
#  std. dev. = 0.60042370       accum. std. dev = 0.60574310    *
#   min/max. wt. =    0.00000            0.657027E-01           *
#                                                               *
#*************   chi**2/iteration = 0.6319       ****************


#********** Integration by Vegas (iteration       7) ************
#                                                               *
#  integral  =  1599.5480       accum. integral =  1599.1361    *
#  std. dev. = 0.53407759       accum. std. dev = 0.43073982    *
#   min/max. wt. =    0.00000            0.138380E-01           *
#                                                               *
#*************   chi**2/iteration = 0.6866       ****************


#********** Integration by Vegas (iteration       8) ************
#                                                               *
#  integral  =  1598.6840       accum. integral =  1598.9901    *
#  std. dev. = 0.53054228       accum. std. dev = 0.34825892    *
#   min/max. wt. =    0.00000            0.913964E-01           *
#                                                               *
#*************   chi**2/iteration = 0.6622       ****************


#********** Integration by Vegas (iteration       9) ************
#                                                               *
#  integral  =  1598.9649       accum. integral =  1598.9838    *
#  std. dev. = 0.52368119       accum. std. dev = 0.29757741    *
#   min/max. wt. =    0.00000            0.201471E-01           *
#                                                               *
#*************   chi**2/iteration = 0.5962       ****************


#********** Integration by Vegas (iteration      10) ************
#                                                               *
#  integral  =  1599.7726       accum. integral =  1599.1426    *
#  std. dev. = 0.52089140       accum. std. dev = 0.26290657    *
#   min/max. wt. =    0.00000            0.146342E-01           *
#                                                               *
#*************   chi**2/iteration = 0.7031       ****************


#********** Integration by Vegas (iteration      11) ************
#                                                               *
#  integral  =  1599.1388       accum. integral =  1599.1419    *
#  std. dev. = 0.52741843       accum. std. dev = 0.23807510    *
#   min/max. wt. =    0.00000            0.355774E-01           *
#                                                               *
#*************   chi**2/iteration = 0.6451       ****************


#********** Integration by Vegas (iteration      12) ************
#                                                               *
#  integral  =  1599.0244       accum. integral =  1599.1257    *
#  std. dev. = 0.53353808       accum. std. dev = 0.21922093    *
#   min/max. wt. =    0.00000            0.181760E-01           *
#                                                               *
#*************   chi**2/iteration = 0.5993       ****************


#********** Integration by Vegas (iteration      13) ************
#                                                               *
#  integral  =  1599.9620       accum. integral =  1599.2262    *
#  std. dev. = 0.53685996       accum. std. dev = 0.20419414    *
#   min/max. wt. =    0.00000            0.258119E-01           *
#                                                               *
#*************   chi**2/iteration = 0.7049       ****************


#********** Integration by Vegas (iteration      14) ************
#                                                               *
#  integral  =  1599.3358       accum. integral =  1599.2378    *
#  std. dev. = 0.54093581       accum. std. dev = 0.19191980    *
#   min/max. wt. =    0.00000            0.174812E-01           *
#                                                               *
#*************   chi**2/iteration = 0.6610       ****************


#********** Integration by Vegas (iteration      15) ************
#                                                               *
#  integral  =  1599.2382       accum. integral =  1599.2378    *
#  std. dev. = 0.54907299       accum. std. dev = 0.18179335    *
#   min/max. wt. =    0.00000            0.392822E-01           *
#                                                               *
#*************   chi**2/iteration = 0.6205       ****************


  Input parameters for vegas:  ndim=  9   ncall= 80707214.
                              it=    0    itmx=    2
                              acc=-1.00    
                              mds=  1     nd=  50
                              (xl,xu)= (  0.00000     ,  1.00000     )
                                       (  0.00000     ,  1.00000     )
                                       (  0.00000     ,  1.00000     )
                                       (  0.00000     ,  1.00000     )
                                       (  0.00000     ,  1.00000     )
                                       (  0.00000     ,  1.00000     )
                                       (  0.00000     ,  1.00000     )
                                       (  0.00000     ,  1.00000     )
                                       (  0.00000     ,  1.00000     )

#********** Integration by Vegas (iteration       1) ************
#                                                               *
#  integral  =  1598.8933       accum. integral =  1598.8933    *
#  std. dev. = 0.55310764       accum. std. dev = 0.55310764    *
#   min/max. wt. =    0.00000            0.161840E-01           *
#                                                               *
#*************   chi**2/iteration =  0.000       ****************


#********** Integration by Vegas (iteration       2) ************
#                                                               *
#  integral  =  1599.8460       accum. integral =  1599.3642    *
#  std. dev. = 0.55978358       accum. std. dev = 0.39344663    *
#   min/max. wt. =    0.00000            0.569207E-01           *
#                                                               *
#*************   chi**2/iteration =  1.464       ****************

 Done
