SLURM job running in:  /scratch/groups/lhc/park/JHUGen/JHUGenerator
LHAPDF 6.1.5 loading /work-zfs/lhc/cms/slc6_amd64_gcc493/external/lhapdf/6.1.5-kpegke3/share/LHAPDF/NNPDF30_lo_as_0130/NNPDF30_lo_as_0130_0000.dat
NNPDF30_lo_as_0130 PDF set, member #0, version 2; LHAPDF ID = 263000
 extending no. of histograms for vbf tests
 
                                                                                          
   ***************************************************************************************
   *                                JHU Generator v6.9.3                                 *
   ***************************************************************************************
   *                                                                                     *
   *   Spin and parity determination of single-produced resonances at hadron colliders   *
   *                                                                                     *
   *          I. Anderson, S. Bolognesi, F. Caola, Y. Gao, A. Gritsan, Z. Guo,           *
   *        C. Martin, K. Melnikov, R.Rontsch, H. Roskes, U. Sarica, M. Schulze,         *
   *                   N. Tran, A. Whitbeck, M. Xiao, C. You, Y. Zhou                    *
   *                Phys.Rev. D81 (2010) 075022;  arXiv:1001.3396 [hep-ph],              *
   *                Phys.Rev. D86 (2012) 095031;  arXiv:1208.4018 [hep-ph],              *
   *                Phys.Rev. D89 (2014) 035007;  arXiv:1309.4819 [hep-ph].              *
   *                                                                                     *
   ***************************************************************************************
                                                                                          
   
   Command line: ./JHUGen Unweighted=0 VegasNc0=99999999 VegasNc1=99999999 VegasNc2=99999999 LHAPDF=NNPDF30_lo_as_0130/NNPDF30_lo_as_0130.info MReso=850 ghz1=0,0 ghz4=1,0 Process=60 pTjetcut=0 deltaRcut=0
   
   Input Parameter:
    Collider: P-P, sqrt(s)=13000.00
    Resonance: spin=0, mass= 850.00 width=   0.00407
    Z-boson: mass=91.188, width=2.4952
    W-boson: mass=80.399, width=2.0850
    Jet cuts:
            pT >=     0.00 GeV
        DeltaR >=     0.00
           mJJ >=     0.00 GeV
    Random seed:   241975056
    To reproduce results using this seed, JHUGen should be compiled with the same compiler:
      GNU Fortran (GCC) 4.9.3
    
    WidthScheme:   2
    LHAPDF set NNPDF30_lo_as_0130/NNPDF30_lo_as_0130.info, member=  0
    Unweighted: F
    
    spin-0-VV couplings: 
      generate_as=F
      ghg2=  0.10000000E+01  0.00000000E+00i
      ghg3=  0.00000000E+00  0.00000000E+00i
      ghg4=  0.00000000E+00  0.00000000E+00i
      ghz1=  0.00000000E+00  0.00000000E+00i
      ghz2=  0.00000000E+00  0.00000000E+00i
      ghz3=  0.00000000E+00  0.00000000E+00i
      ghz4=  0.10000000E+01  0.00000000E+00i
      Lambda=  1000.0
    
    LHE output: ./data/output.lhe
    Histogram output: ./data/output.dat
    Log file: ./data/output.log
    
  Running

  Input parameters for vegas:  ndim=  9   ncall= 80707214.
                              it=    0    itmx=   15
                              acc=-1.00    
                              mds=  1     nd=  50
                              (xl,xu)= (  0.00000     ,  1.00000     )
                                       (  0.00000     ,  1.00000     )
                                       (  0.00000     ,  1.00000     )
                                       (  0.00000     ,  1.00000     )
                                       (  0.00000     ,  1.00000     )
                                       (  0.00000     ,  1.00000     )
                                       (  0.00000     ,  1.00000     )
                                       (  0.00000     ,  1.00000     )
                                       (  0.00000     ,  1.00000     )

#********** Integration by Vegas (iteration       1) ************
#                                                               *
#  integral  =  3035.4753       accum. integral =  3035.4753    *
#  std. dev. =  1507.1964       accum. std. dev =  1507.1964    *
#   min/max. wt. =    0.00000             1496.18               *
#                                                               *
#*************   chi**2/iteration =  0.000       ****************


#********** Integration by Vegas (iteration       2) ************
#                                                               *
#  integral  =  2793.3213       accum. integral =  2915.2741    *
#  std. dev. =  1397.0295       accum. std. dev =  1027.8189    *
#   min/max. wt. =    0.00000             1396.27               *
#                                                               *
#*************   chi**2/iteration = 0.1386E-01   ****************


#********** Integration by Vegas (iteration       3) ************
#                                                               *
#  integral  =  1508.0182       accum. integral =  1512.3065    *
#  std. dev. =  29.377872       accum. std. dev =  49.324914    *
#   min/max. wt. =    0.00000             13.5516               *
#                                                               *
#*************   chi**2/iteration =  1.245       ****************


#********** Integration by Vegas (iteration       4) ************
#                                                               *
#  integral  =  1567.8227       accum. integral =  1567.3478    *
#  std. dev. =  2.8327164       accum. std. dev =  4.1949783    *
#   min/max. wt. =  -0.271597E-12        0.952568               *
#                                                               *
#*************   chi**2/iteration =  1.477       ****************


#********** Integration by Vegas (iteration       5) ************
#                                                               *
#  integral  =  1564.1888       accum. integral =  1564.4186    *
#  std. dev. = 0.78825249       accum. std. dev =  1.0674727    *
#   min/max. wt. =    0.00000            0.155977               *
#                                                               *
#*************   chi**2/iteration =  1.392       ****************


#********** Integration by Vegas (iteration       6) ************
#                                                               *
#  integral  =  1564.5651       accum. integral =  1564.5131    *
#  std. dev. = 0.56327666       accum. std. dev = 0.60928523    *
#   min/max. wt. =    0.00000            0.289491E-01           *
#                                                               *
#*************   chi**2/iteration =  1.216       ****************


#********** Integration by Vegas (iteration       7) ************
#                                                               *
#  integral  =  1564.0993       accum. integral =  1564.3376    *
#  std. dev. = 0.52707734       accum. std. dev = 0.44732789    *
#   min/max. wt. =    0.00000            0.496278E-01           *
#                                                               *
#*************   chi**2/iteration =  1.118       ****************


#********** Integration by Vegas (iteration       8) ************
#                                                               *
#  integral  =  1564.1443       accum. integral =  1564.2777    *
#  std. dev. = 0.51174573       accum. std. dev = 0.36183121    *
#   min/max. wt. =    0.00000            0.159878E-01           *
#                                                               *
#*************   chi**2/iteration =  1.019       ****************


#********** Integration by Vegas (iteration       9) ************
#                                                               *
#  integral  =  1564.3266       accum. integral =  1564.2893    *
#  std. dev. = 0.51221429       accum. std. dev = 0.30942839    *
#   min/max. wt. =    0.00000            0.368856E-01           *
#                                                               *
#*************   chi**2/iteration = 0.9314       ****************


#********** Integration by Vegas (iteration      10) ************
#                                                               *
#  integral  =  1564.3434       accum. integral =  1564.2994    *
#  std. dev. = 0.51747209       accum. std. dev = 0.27385645    *
#   min/max. wt. =    0.00000            0.573572E-01           *
#                                                               *
#*************   chi**2/iteration = 0.8588       ****************


#********** Integration by Vegas (iteration      11) ************
#                                                               *
#  integral  =  1563.8262       accum. integral =  1564.2254    *
#  std. dev. = 0.52084786       accum. std. dev = 0.24772479    *
#   min/max. wt. =    0.00000            0.163152E-01           *
#                                                               *
#*************   chi**2/iteration = 0.8449       ****************


#********** Integration by Vegas (iteration      12) ************
#                                                               *
#  integral  =  1564.5919       accum. integral =  1564.2746    *
#  std. dev. = 0.52309798       accum. std. dev = 0.22749944    *
#   min/max. wt. =    0.00000            0.310250E-01           *
#                                                               *
#*************   chi**2/iteration = 0.8158       ****************


#********** Integration by Vegas (iteration      13) ************
#                                                               *
#  integral  =  1563.5964       accum. integral =  1564.1952    *
#  std. dev. = 0.52625167       accum. std. dev = 0.21136217    *
#   min/max. wt. =    0.00000            0.232259E-01           *
#                                                               *
#*************   chi**2/iteration = 0.8536       ****************


#********** Integration by Vegas (iteration      14) ************
#                                                               *
#  integral  =  1564.4059       accum. integral =  1564.2168    *
#  std. dev. = 0.53364259       accum. std. dev = 0.19828988    *
#   min/max. wt. =    0.00000            0.210335E-01           *
#                                                               *
#*************   chi**2/iteration = 0.8116       ****************


#********** Integration by Vegas (iteration      15) ************
#                                                               *
#  integral  =  1564.1797       accum. integral =  1564.2134    *
#  std. dev. = 0.54318790       accum. std. dev = 0.18752883    *
#   min/max. wt. =    0.00000            0.319454E-01           *
#                                                               *
#*************   chi**2/iteration = 0.7671       ****************


  Input parameters for vegas:  ndim=  9   ncall= 80707214.
                              it=    0    itmx=    2
                              acc=-1.00    
                              mds=  1     nd=  50
                              (xl,xu)= (  0.00000     ,  1.00000     )
                                       (  0.00000     ,  1.00000     )
                                       (  0.00000     ,  1.00000     )
                                       (  0.00000     ,  1.00000     )
                                       (  0.00000     ,  1.00000     )
                                       (  0.00000     ,  1.00000     )
                                       (  0.00000     ,  1.00000     )
                                       (  0.00000     ,  1.00000     )
                                       (  0.00000     ,  1.00000     )

#********** Integration by Vegas (iteration       1) ************
#                                                               *
#  integral  =  1563.8628       accum. integral =  1563.8628    *
#  std. dev. = 0.55211705       accum. std. dev = 0.55211705    *
#   min/max. wt. =    0.00000            0.260073E-01           *
#                                                               *
#*************   chi**2/iteration =  0.000       ****************


#********** Integration by Vegas (iteration       2) ************
#                                                               *
#  integral  =  1563.8726       accum. integral =  1563.8677    *
#  std. dev. = 0.55392381       accum. std. dev = 0.39104293    *
#   min/max. wt. =    0.00000            0.214019E-01           *
#                                                               *
#*************   chi**2/iteration = 0.1593E-03   ****************

 Done
