SLURM job running in:  /scratch/groups/lhc/park/JHUGen/JHUGenerator
LHAPDF 6.1.5 loading /work-zfs/lhc/cms/slc6_amd64_gcc493/external/lhapdf/6.1.5-kpegke3/share/LHAPDF/NNPDF30_lo_as_0130/NNPDF30_lo_as_0130_0000.dat
NNPDF30_lo_as_0130 PDF set, member #0, version 2; LHAPDF ID = 263000
 extending no. of histograms for vbf tests
 
                                                                                          
   ***************************************************************************************
   *                                JHU Generator v6.9.3                                 *
   ***************************************************************************************
   *                                                                                     *
   *   Spin and parity determination of single-produced resonances at hadron colliders   *
   *                                                                                     *
   *          I. Anderson, S. Bolognesi, F. Caola, Y. Gao, A. Gritsan, Z. Guo,           *
   *        C. Martin, K. Melnikov, R.Rontsch, H. Roskes, U. Sarica, M. Schulze,         *
   *                   N. Tran, A. Whitbeck, M. Xiao, C. You, Y. Zhou                    *
   *                Phys.Rev. D81 (2010) 075022;  arXiv:1001.3396 [hep-ph],              *
   *                Phys.Rev. D86 (2012) 095031;  arXiv:1208.4018 [hep-ph],              *
   *                Phys.Rev. D89 (2014) 035007;  arXiv:1309.4819 [hep-ph].              *
   *                                                                                     *
   ***************************************************************************************
                                                                                          
   
   Command line: ./JHUGen Unweighted=0 VegasNc0=99999999 VegasNc1=99999999 VegasNc2=99999999 LHAPDF=NNPDF30_lo_as_0130/NNPDF30_lo_as_0130.info MReso=875 ghz1=0,0 ghz4=1,0 Process=60 pTjetcut=0 deltaRcut=0
   
   Input Parameter:
    Collider: P-P, sqrt(s)=13000.00
    Resonance: spin=0, mass= 875.00 width=   0.00407
    Z-boson: mass=91.188, width=2.4952
    W-boson: mass=80.399, width=2.0850
    Jet cuts:
            pT >=     0.00 GeV
        DeltaR >=     0.00
           mJJ >=     0.00 GeV
    Random seed:   975071509
    To reproduce results using this seed, JHUGen should be compiled with the same compiler:
      GNU Fortran (GCC) 4.9.3
    
    WidthScheme:   2
    LHAPDF set NNPDF30_lo_as_0130/NNPDF30_lo_as_0130.info, member=  0
    Unweighted: F
    
    spin-0-VV couplings: 
      generate_as=F
      ghg2=  0.10000000E+01  0.00000000E+00i
      ghg3=  0.00000000E+00  0.00000000E+00i
      ghg4=  0.00000000E+00  0.00000000E+00i
      ghz1=  0.00000000E+00  0.00000000E+00i
      ghz2=  0.00000000E+00  0.00000000E+00i
      ghz3=  0.00000000E+00  0.00000000E+00i
      ghz4=  0.10000000E+01  0.00000000E+00i
      Lambda=  1000.0
    
    LHE output: ./data/output.lhe
    Histogram output: ./data/output.dat
    Log file: ./data/output.log
    
  Running

  Input parameters for vegas:  ndim=  9   ncall= 80707214.
                              it=    0    itmx=   15
                              acc=-1.00    
                              mds=  1     nd=  50
                              (xl,xu)= (  0.00000     ,  1.00000     )
                                       (  0.00000     ,  1.00000     )
                                       (  0.00000     ,  1.00000     )
                                       (  0.00000     ,  1.00000     )
                                       (  0.00000     ,  1.00000     )
                                       (  0.00000     ,  1.00000     )
                                       (  0.00000     ,  1.00000     )
                                       (  0.00000     ,  1.00000     )
                                       (  0.00000     ,  1.00000     )

#********** Integration by Vegas (iteration       1) ************
#                                                               *
#  integral  =  1117.7432       accum. integral =  1117.7432    *
#  std. dev. =  81.574429       accum. std. dev =  81.574429    *
#   min/max. wt. =    0.00000             65.0164               *
#                                                               *
#*************   chi**2/iteration =  0.000       ****************


#********** Integration by Vegas (iteration       2) ************
#                                                               *
#  integral  =  1350.2675       accum. integral =  1320.5843    *
#  std. dev. =  37.697217       accum. std. dev =  32.319848    *
#   min/max. wt. =    0.00000             28.2176               *
#                                                               *
#*************   chi**2/iteration =  5.758       ****************


#********** Integration by Vegas (iteration       3) ************
#                                                               *
#  integral  =  1485.1546       accum. integral =  1465.6149    *
#  std. dev. =  14.214580       accum. std. dev =  11.917936    *
#   min/max. wt. =    0.00000             11.6125               *
#                                                               *
#*************   chi**2/iteration =  12.49       ****************


#********** Integration by Vegas (iteration       4) ************
#                                                               *
#  integral  =  1480.5004       accum. integral =  1480.1008    *
#  std. dev. =  2.2095578       accum. std. dev =  2.0119680    *
#   min/max. wt. =    0.00000            0.819341               *
#                                                               *
#*************   chi**2/iteration =  8.320       ****************


#********** Integration by Vegas (iteration       5) ************
#                                                               *
#  integral  =  1481.1007       accum. integral =  1481.0025    *
#  std. dev. = 0.71967029       accum. std. dev = 0.64148567    *
#   min/max. wt. =    0.00000            0.102753               *
#                                                               *
#*************   chi**2/iteration =  6.084       ****************


#********** Integration by Vegas (iteration       6) ************
#                                                               *
#  integral  =  1480.8819       accum. integral =  1480.9273    *
#  std. dev. = 0.53145363       accum. std. dev = 0.39822389    *
#   min/max. wt. =    0.00000            0.260544E-01           *
#                                                               *
#*************   chi**2/iteration =  4.765       ****************


#********** Integration by Vegas (iteration       7) ************
#                                                               *
#  integral  =  1480.4600       accum. integral =  1480.7315    *
#  std. dev. = 0.49385338       accum. std. dev = 0.30589662    *
#   min/max. wt. =    0.00000            0.252011E-01           *
#                                                               *
#*************   chi**2/iteration =  4.004       ****************


#********** Integration by Vegas (iteration       8) ************
#                                                               *
#  integral  =  1480.3889       accum. integral =  1480.6258    *
#  std. dev. = 0.47863739       accum. std. dev = 0.25584105    *
#   min/max. wt. =    0.00000            0.333747E-01           *
#                                                               *
#*************   chi**2/iteration =  3.448       ****************


#********** Integration by Vegas (iteration       9) ************
#                                                               *
#  integral  =  1481.2620       accum. integral =  1480.7745    *
#  std. dev. = 0.48170051       accum. std. dev = 0.22496986    *
#   min/max. wt. =    0.00000            0.250032E-01           *
#                                                               *
#*************   chi**2/iteration =  3.169       ****************


#********** Integration by Vegas (iteration      10) ************
#                                                               *
#  integral  =  1480.9236       accum. integral =  1480.8030    *
#  std. dev. = 0.47908293       accum. std. dev = 0.20306115    *
#   min/max. wt. =    0.00000            0.140504E-01           *
#                                                               *
#*************   chi**2/iteration =  2.807       ****************


#********** Integration by Vegas (iteration      11) ************
#                                                               *
#  integral  =  1480.8559       accum. integral =  1480.8116    *
#  std. dev. = 0.47467356       accum. std. dev = 0.18632279    *
#   min/max. wt. =    0.00000            0.165131E-01           *
#                                                               *
#*************   chi**2/iteration =  2.513       ****************


#********** Integration by Vegas (iteration      12) ************
#                                                               *
#  integral  =  1480.4113       accum. integral =  1480.7571    *
#  std. dev. = 0.48236144       accum. std. dev = 0.17358042    *
#   min/max. wt. =    0.00000            0.237368E-01           *
#                                                               *
#*************   chi**2/iteration =  2.330       ****************


#********** Integration by Vegas (iteration      13) ************
#                                                               *
#  integral  =  1480.4502       accum. integral =  1480.7198    *
#  std. dev. = 0.47890977       accum. std. dev = 0.16302798    *
#   min/max. wt. =    0.00000            0.140455E-01           *
#                                                               *
#*************   chi**2/iteration =  2.159       ****************


#********** Integration by Vegas (iteration      14) ************
#                                                               *
#  integral  =  1480.7470       accum. integral =  1480.7227    *
#  std. dev. = 0.48662830       accum. std. dev = 0.15447531    *
#   min/max. wt. =    0.00000            0.407936E-01           *
#                                                               *
#*************   chi**2/iteration =  1.987       ****************


#********** Integration by Vegas (iteration      15) ************
#                                                               *
#  integral  =  1480.8152       accum. integral =  1480.7313    *
#  std. dev. = 0.49412480       accum. std. dev = 0.14736556    *
#   min/max. wt. =    0.00000            0.188579E-01           *
#                                                               *
#*************   chi**2/iteration =  1.842       ****************


  Input parameters for vegas:  ndim=  9   ncall= 80707214.
                              it=    0    itmx=    2
                              acc=-1.00    
                              mds=  1     nd=  50
                              (xl,xu)= (  0.00000     ,  1.00000     )
                                       (  0.00000     ,  1.00000     )
                                       (  0.00000     ,  1.00000     )
                                       (  0.00000     ,  1.00000     )
                                       (  0.00000     ,  1.00000     )
                                       (  0.00000     ,  1.00000     )
                                       (  0.00000     ,  1.00000     )
                                       (  0.00000     ,  1.00000     )
                                       (  0.00000     ,  1.00000     )

#********** Integration by Vegas (iteration       1) ************
#                                                               *
#  integral  =  1480.1724       accum. integral =  1480.1724    *
#  std. dev. = 0.50224502       accum. std. dev = 0.50224502    *
#   min/max. wt. =    0.00000            0.349416E-01           *
#                                                               *
#*************   chi**2/iteration =  0.000       ****************


#********** Integration by Vegas (iteration       2) ************
#                                                               *
#  integral  =  1480.4358       accum. integral =  1480.3017    *
#  std. dev. = 0.51157318       accum. std. dev = 0.35839393    *
#   min/max. wt. =    0.00000            0.177571E-01           *
#                                                               *
#*************   chi**2/iteration = 0.1349       ****************

 Done
