SLURM job running in:  /scratch/groups/lhc/park/JHUGen/JHUGenerator
LHAPDF 6.1.5 loading /work-zfs/lhc/cms/slc6_amd64_gcc493/external/lhapdf/6.1.5-kpegke3/share/LHAPDF/NNPDF30_lo_as_0130/NNPDF30_lo_as_0130_0000.dat
NNPDF30_lo_as_0130 PDF set, member #0, version 2; LHAPDF ID = 263000
 extending no. of histograms for vbf tests
 
                                                                                          
   ***************************************************************************************
   *                                JHU Generator v6.9.3                                 *
   ***************************************************************************************
   *                                                                                     *
   *   Spin and parity determination of single-produced resonances at hadron colliders   *
   *                                                                                     *
   *          I. Anderson, S. Bolognesi, F. Caola, Y. Gao, A. Gritsan, Z. Guo,           *
   *        C. Martin, K. Melnikov, R.Rontsch, H. Roskes, U. Sarica, M. Schulze,         *
   *                   N. Tran, A. Whitbeck, M. Xiao, C. You, Y. Zhou                    *
   *                Phys.Rev. D81 (2010) 075022;  arXiv:1001.3396 [hep-ph],              *
   *                Phys.Rev. D86 (2012) 095031;  arXiv:1208.4018 [hep-ph],              *
   *                Phys.Rev. D89 (2014) 035007;  arXiv:1309.4819 [hep-ph].              *
   *                                                                                     *
   ***************************************************************************************
                                                                                          
   
   Command line: ./JHUGen Unweighted=0 VegasNc0=99999999 VegasNc1=99999999 VegasNc2=99999999 LHAPDF=NNPDF30_lo_as_0130/NNPDF30_lo_as_0130.info MReso=920 ghz1=0,0 ghz4=1,0 Process=60 pTjetcut=0 deltaRcut=0
   
   Input Parameter:
    Collider: P-P, sqrt(s)=13000.00
    Resonance: spin=0, mass= 920.00 width=   0.00407
    Z-boson: mass=91.188, width=2.4952
    W-boson: mass=80.399, width=2.0850
    Jet cuts:
            pT >=     0.00 GeV
        DeltaR >=     0.00
           mJJ >=     0.00 GeV
    Random seed:   742775721
    To reproduce results using this seed, JHUGen should be compiled with the same compiler:
      GNU Fortran (GCC) 4.9.3
    
    WidthScheme:   2
    LHAPDF set NNPDF30_lo_as_0130/NNPDF30_lo_as_0130.info, member=  0
    Unweighted: F
    
    spin-0-VV couplings: 
      generate_as=F
      ghg2=  0.10000000E+01  0.00000000E+00i
      ghg3=  0.00000000E+00  0.00000000E+00i
      ghg4=  0.00000000E+00  0.00000000E+00i
      ghz1=  0.00000000E+00  0.00000000E+00i
      ghz2=  0.00000000E+00  0.00000000E+00i
      ghz3=  0.00000000E+00  0.00000000E+00i
      ghz4=  0.10000000E+01  0.00000000E+00i
      Lambda=  1000.0
    
    LHE output: ./data/output.lhe
    Histogram output: ./data/output.dat
    Log file: ./data/output.log
    
  Running

  Input parameters for vegas:  ndim=  9   ncall= 80707214.
                              it=    0    itmx=   15
                              acc=-1.00    
                              mds=  1     nd=  50
                              (xl,xu)= (  0.00000     ,  1.00000     )
                                       (  0.00000     ,  1.00000     )
                                       (  0.00000     ,  1.00000     )
                                       (  0.00000     ,  1.00000     )
                                       (  0.00000     ,  1.00000     )
                                       (  0.00000     ,  1.00000     )
                                       (  0.00000     ,  1.00000     )
                                       (  0.00000     ,  1.00000     )
                                       (  0.00000     ,  1.00000     )

#********** Integration by Vegas (iteration       1) ************
#                                                               *
#  integral  =  890.74338       accum. integral =  890.74338    *
#  std. dev. =  50.116222       accum. std. dev =  50.116222    *
#   min/max. wt. =    0.00000             40.7874               *
#                                                               *
#*************   chi**2/iteration = -.4635E-10   ****************


#********** Integration by Vegas (iteration       2) ************
#                                                               *
#  integral  =  1628.6881       accum. integral =  942.80718    *
#  std. dev. =  332.59832       accum. std. dev =  71.200636    *
#   min/max. wt. =    0.00000             323.258               *
#                                                               *
#*************   chi**2/iteration =  7.037       ****************


#********** Integration by Vegas (iteration       3) ************
#                                                               *
#  integral  =  1335.4310       accum. integral =  1317.4440    *
#  std. dev. =  15.872099       accum. std. dev =  15.328375    *
#   min/max. wt. =    0.00000             10.8355               *
#                                                               *
#*************   chi**2/iteration =  17.81       ****************


#********** Integration by Vegas (iteration       4) ************
#                                                               *
#  integral  =  1342.7005       accum. integral =  1341.9938    *
#  std. dev. =  2.6448170       accum. std. dev =  2.5749679    *
#   min/max. wt. =    0.00000             1.36672               *
#                                                               *
#*************   chi**2/iteration =  12.65       ****************


#********** Integration by Vegas (iteration       5) ************
#                                                               *
#  integral  =  1342.8135       accum. integral =  1342.7467    *
#  std. dev. = 0.77653108       accum. std. dev = 0.73675567    *
#   min/max. wt. =  -0.244607E-16        0.326433E-01           *
#                                                               *
#*************   chi**2/iteration =  9.462       ****************


#********** Integration by Vegas (iteration       6) ************
#                                                               *
#  integral  =  1342.6925       accum. integral =  1342.7093    *
#  std. dev. = 0.49715771       accum. std. dev = 0.40996318    *
#   min/max. wt. =    0.00000            0.693585E-01           *
#                                                               *
#*************   chi**2/iteration =  7.545       ****************


#********** Integration by Vegas (iteration       7) ************
#                                                               *
#  integral  =  1343.4547       accum. integral =  1343.0485    *
#  std. dev. = 0.45257403       accum. std. dev = 0.30300413    *
#   min/max. wt. =    0.00000            0.277755E-01           *
#                                                               *
#*************   chi**2/iteration =  6.522       ****************


#********** Integration by Vegas (iteration       8) ************
#                                                               *
#  integral  =  1343.2148       accum. integral =  1343.1034    *
#  std. dev. = 0.43487381       accum. std. dev = 0.24823370    *
#   min/max. wt. =    0.00000            0.192213E-01           *
#                                                               *
#*************   chi**2/iteration =  5.594       ****************


#********** Integration by Vegas (iteration       9) ************
#                                                               *
#  integral  =  1342.5265       accum. integral =  1342.9601    *
#  std. dev. = 0.43443032       accum. std. dev = 0.21535492    *
#   min/max. wt. =    0.00000            0.364518E-01           *
#                                                               *
#*************   chi**2/iteration =  5.056       ****************


#********** Integration by Vegas (iteration      10) ************
#                                                               *
#  integral  =  1342.8255       accum. integral =  1342.9331    *
#  std. dev. = 0.43237969       accum. std. dev = 0.19266205    *
#   min/max. wt. =    0.00000            0.169508E-01           *
#                                                               *
#*************   chi**2/iteration =  4.498       ****************


#********** Integration by Vegas (iteration      11) ************
#                                                               *
#  integral  =  1343.4216       accum. integral =  1343.0143    *
#  std. dev. = 0.43377021       accum. std. dev = 0.17600471    *
#   min/max. wt. =    0.00000            0.157769E-01           *
#                                                               *
#*************   chi**2/iteration =  4.151       ****************


#********** Integration by Vegas (iteration      12) ************
#                                                               *
#  integral  =  1342.8857       accum. integral =  1342.9963    *
#  std. dev. = 0.43813130       accum. std. dev = 0.16327807    *
#   min/max. wt. =    0.00000            0.302426E-01           *
#                                                               *
#*************   chi**2/iteration =  3.777       ****************


#********** Integration by Vegas (iteration      13) ************
#                                                               *
#  integral  =  1342.4078       accum. integral =  1342.9248    *
#  std. dev. = 0.44074464       accum. std. dev = 0.15308383    *
#   min/max. wt. =    0.00000            0.315084E-01           *
#                                                               *
#*************   chi**2/iteration =  3.592       ****************


#********** Integration by Vegas (iteration      14) ************
#                                                               *
#  integral  =  1343.5497       accum. integral =  1342.9899    *
#  std. dev. = 0.45091396       accum. std. dev = 0.14493759    *
#   min/max. wt. =    0.00000            0.579445E-01           *
#                                                               *
#*************   chi**2/iteration =  3.447       ****************


#********** Integration by Vegas (iteration      15) ************
#                                                               *
#  integral  =  1343.5659       accum. integral =  1343.0439    *
#  std. dev. = 0.45267000       accum. std. dev = 0.13801991    *
#   min/max. wt. =    0.00000            0.151276E-01           *
#                                                               *
#*************   chi**2/iteration =  3.305       ****************


  Input parameters for vegas:  ndim=  9   ncall= 80707214.
                              it=    0    itmx=    2
                              acc=-1.00    
                              mds=  1     nd=  50
                              (xl,xu)= (  0.00000     ,  1.00000     )
                                       (  0.00000     ,  1.00000     )
                                       (  0.00000     ,  1.00000     )
                                       (  0.00000     ,  1.00000     )
                                       (  0.00000     ,  1.00000     )
                                       (  0.00000     ,  1.00000     )
                                       (  0.00000     ,  1.00000     )
                                       (  0.00000     ,  1.00000     )
                                       (  0.00000     ,  1.00000     )

#********** Integration by Vegas (iteration       1) ************
#                                                               *
#  integral  =  1341.9045       accum. integral =  1341.9045    *
#  std. dev. = 0.45370879       accum. std. dev = 0.45370879    *
#   min/max. wt. =    0.00000            0.365140E-01           *
#                                                               *
#*************   chi**2/iteration =  0.000       ****************


#********** Integration by Vegas (iteration       2) ************
#                                                               *
#  integral  =  1342.8948       accum. integral =  1342.4036    *
#  std. dev. = 0.45044933       accum. std. dev = 0.31966109    *
#   min/max. wt. =    0.00000            0.279630E-01           *
#                                                               *
#*************   chi**2/iteration =  2.397       ****************

 Done
