SLURM job running in:  /scratch/groups/lhc/park/JHUGen/JHUGenerator
LHAPDF 6.1.5 loading /work-zfs/lhc/cms/slc6_amd64_gcc493/external/lhapdf/6.1.5-kpegke3/share/LHAPDF/NNPDF30_lo_as_0130/NNPDF30_lo_as_0130_0000.dat
NNPDF30_lo_as_0130 PDF set, member #0, version 2; LHAPDF ID = 263000
 extending no. of histograms for vbf tests
 
                                                                                          
   ***************************************************************************************
   *                                JHU Generator v6.9.3                                 *
   ***************************************************************************************
   *                                                                                     *
   *   Spin and parity determination of single-produced resonances at hadron colliders   *
   *                                                                                     *
   *          I. Anderson, S. Bolognesi, F. Caola, Y. Gao, A. Gritsan, Z. Guo,           *
   *        C. Martin, K. Melnikov, R.Rontsch, H. Roskes, U. Sarica, M. Schulze,         *
   *                   N. Tran, A. Whitbeck, M. Xiao, C. You, Y. Zhou                    *
   *                Phys.Rev. D81 (2010) 075022;  arXiv:1001.3396 [hep-ph],              *
   *                Phys.Rev. D86 (2012) 095031;  arXiv:1208.4018 [hep-ph],              *
   *                Phys.Rev. D89 (2014) 035007;  arXiv:1309.4819 [hep-ph].              *
   *                                                                                     *
   ***************************************************************************************
                                                                                          
   
   Command line: ./JHUGen Unweighted=0 VegasNc0=99999999 VegasNc1=99999999 VegasNc2=99999999 LHAPDF=NNPDF30_lo_as_0130/NNPDF30_lo_as_0130.info MReso=930 ghz1=0,0 ghz4=1,0 Process=60 pTjetcut=0 deltaRcut=0
   
   Input Parameter:
    Collider: P-P, sqrt(s)=13000.00
    Resonance: spin=0, mass= 930.00 width=   0.00407
    Z-boson: mass=91.188, width=2.4952
    W-boson: mass=80.399, width=2.0850
    Jet cuts:
            pT >=     0.00 GeV
        DeltaR >=     0.00
           mJJ >=     0.00 GeV
    Random seed:   951375811
    To reproduce results using this seed, JHUGen should be compiled with the same compiler:
      GNU Fortran (GCC) 4.9.3
    
    WidthScheme:   2
    LHAPDF set NNPDF30_lo_as_0130/NNPDF30_lo_as_0130.info, member=  0
    Unweighted: F
    
    spin-0-VV couplings: 
      generate_as=F
      ghg2=  0.10000000E+01  0.00000000E+00i
      ghg3=  0.00000000E+00  0.00000000E+00i
      ghg4=  0.00000000E+00  0.00000000E+00i
      ghz1=  0.00000000E+00  0.00000000E+00i
      ghz2=  0.00000000E+00  0.00000000E+00i
      ghz3=  0.00000000E+00  0.00000000E+00i
      ghz4=  0.10000000E+01  0.00000000E+00i
      Lambda=  1000.0
    
    LHE output: ./data/output.lhe
    Histogram output: ./data/output.dat
    Log file: ./data/output.log
    
  Running

  Input parameters for vegas:  ndim=  9   ncall= 80707214.
                              it=    0    itmx=   15
                              acc=-1.00    
                              mds=  1     nd=  50
                              (xl,xu)= (  0.00000     ,  1.00000     )
                                       (  0.00000     ,  1.00000     )
                                       (  0.00000     ,  1.00000     )
                                       (  0.00000     ,  1.00000     )
                                       (  0.00000     ,  1.00000     )
                                       (  0.00000     ,  1.00000     )
                                       (  0.00000     ,  1.00000     )
                                       (  0.00000     ,  1.00000     )
                                       (  0.00000     ,  1.00000     )

#********** Integration by Vegas (iteration       1) ************
#                                                               *
#  integral  =  1343.1697       accum. integral =  1343.1697    *
#  std. dev. =  358.89042       accum. std. dev =  358.89042    *
#   min/max. wt. =    0.00000             354.394               *
#                                                               *
#*************   chi**2/iteration =  0.000       ****************


#********** Integration by Vegas (iteration       2) ************
#                                                               *
#  integral  =  1160.0355       accum. integral =  1161.1675    *
#  std. dev. =  24.444592       accum. std. dev =  26.362752    *
#   min/max. wt. =    0.00000             9.95165               *
#                                                               *
#*************   chi**2/iteration = 0.2961       ****************


#********** Integration by Vegas (iteration       3) ************
#                                                               *
#  integral  =  1366.1456       accum. integral =  1187.4716    *
#  std. dev. =  74.796354       accum. std. dev =  25.360992    *
#   min/max. wt. =    0.00000             74.5218               *
#                                                               *
#*************   chi**2/iteration =  3.791       ****************


#********** Integration by Vegas (iteration       4) ************
#                                                               *
#  integral  =  1314.6908       accum. integral =  1308.6185    *
#  std. dev. =  5.7728330       accum. std. dev =  5.5640577    *
#   min/max. wt. =    0.00000             1.36305               *
#                                                               *
#*************   chi**2/iteration =  10.42       ****************


#********** Integration by Vegas (iteration       5) ************
#                                                               *
#  integral  =  1314.0215       accum. integral =  1313.8758    *
#  std. dev. = 0.93738128       accum. std. dev = 0.91593520    *
#   min/max. wt. =    0.00000            0.185187               *
#                                                               *
#*************   chi**2/iteration =  8.010       ****************


#********** Integration by Vegas (iteration       6) ************
#                                                               *
#  integral  =  1314.3417       accum. integral =  1314.2278    *
#  std. dev. = 0.52629355       accum. std. dev = 0.45373712    *
#   min/max. wt. =    0.00000            0.418779E-01           *
#                                                               *
#*************   chi**2/iteration =  6.427       ****************


#********** Integration by Vegas (iteration       7) ************
#                                                               *
#  integral  =  1314.1116       accum. integral =  1314.1681    *
#  std. dev. = 0.44519112       accum. std. dev = 0.31685319    *
#   min/max. wt. =    0.00000            0.283535E-01           *
#                                                               *
#*************   chi**2/iteration =  5.349       ****************


#********** Integration by Vegas (iteration       8) ************
#                                                               *
#  integral  =  1314.7302       accum. integral =  1314.3675    *
#  std. dev. = 0.43040285       accum. std. dev = 0.25474557    *
#   min/max. wt. =    0.00000            0.212827E-01           *
#                                                               *
#*************   chi**2/iteration =  4.736       ****************


#********** Integration by Vegas (iteration       9) ************
#                                                               *
#  integral  =  1314.4317       accum. integral =  1314.3848    *
#  std. dev. = 0.42249641       accum. std. dev = 0.21794997    *
#   min/max. wt. =    0.00000            0.336081E-01           *
#                                                               *
#*************   chi**2/iteration =  4.140       ****************


#********** Integration by Vegas (iteration      10) ************
#                                                               *
#  integral  =  1313.6465       accum. integral =  1314.2287    *
#  std. dev. = 0.42286105       accum. std. dev = 0.19362794    *
#   min/max. wt. =    0.00000            0.213037E-01           *
#                                                               *
#*************   chi**2/iteration =  3.946       ****************


#********** Integration by Vegas (iteration      11) ************
#                                                               *
#  integral  =  1314.1211       accum. integral =  1314.2096    *
#  std. dev. = 0.41987263       accum. std. dev = 0.17576164    *
#   min/max. wt. =    0.00000            0.297682E-01           *
#                                                               *
#*************   chi**2/iteration =  3.554       ****************


#********** Integration by Vegas (iteration      12) ************
#                                                               *
#  integral  =  1314.4899       accum. integral =  1314.2512    *
#  std. dev. = 0.42308619       accum. std. dev = 0.16226549    *
#   min/max. wt. =    0.00000            0.144761E-01           *
#                                                               *
#*************   chi**2/iteration =  3.263       ****************


#********** Integration by Vegas (iteration      13) ************
#                                                               *
#  integral  =  1314.1950       accum. integral =  1314.2440    *
#  std. dev. = 0.42502090       accum. std. dev = 0.15156302    *
#   min/max. wt. =    0.00000            0.228244E-01           *
#                                                               *
#*************   chi**2/iteration =  2.990       ****************


#********** Integration by Vegas (iteration      14) ************
#                                                               *
#  integral  =  1314.1601       accum. integral =  1314.2347    *
#  std. dev. = 0.42974439       accum. std. dev = 0.14291377    *
#   min/max. wt. =    0.00000            0.233499E-01           *
#                                                               *
#*************   chi**2/iteration =  2.762       ****************


#********** Integration by Vegas (iteration      15) ************
#                                                               *
#  integral  =  1314.5164       accum. integral =  1314.2625    *
#  std. dev. = 0.43287110       accum. std. dev = 0.13569321    *
#   min/max. wt. =    0.00000            0.230336E-01           *
#                                                               *
#*************   chi**2/iteration =  2.590       ****************


  Input parameters for vegas:  ndim=  9   ncall= 80707214.
                              it=    0    itmx=    2
                              acc=-1.00    
                              mds=  1     nd=  50
                              (xl,xu)= (  0.00000     ,  1.00000     )
                                       (  0.00000     ,  1.00000     )
                                       (  0.00000     ,  1.00000     )
                                       (  0.00000     ,  1.00000     )
                                       (  0.00000     ,  1.00000     )
                                       (  0.00000     ,  1.00000     )
                                       (  0.00000     ,  1.00000     )
                                       (  0.00000     ,  1.00000     )
                                       (  0.00000     ,  1.00000     )

#********** Integration by Vegas (iteration       1) ************
#                                                               *
#  integral  =  1314.4214       accum. integral =  1314.4214    *
#  std. dev. = 0.43739916       accum. std. dev = 0.43739916    *
#   min/max. wt. =    0.00000            0.286692E-01           *
#                                                               *
#*************   chi**2/iteration =  0.000       ****************


#********** Integration by Vegas (iteration       2) ************
#                                                               *
#  integral  =  1314.2234       accum. integral =  1314.3241    *
#  std. dev. = 0.44463076       accum. std. dev = 0.31181284    *
#   min/max. wt. =    0.00000            0.209134E-01           *
#                                                               *
#*************   chi**2/iteration = 0.1006       ****************

 Done
