SLURM job running in:  /scratch/groups/lhc/park/JHUGen/JHUGenerator
LHAPDF 6.1.5 loading /work-zfs/lhc/cms/slc6_amd64_gcc493/external/lhapdf/6.1.5-kpegke3/share/LHAPDF/NNPDF30_lo_as_0130/NNPDF30_lo_as_0130_0000.dat
NNPDF30_lo_as_0130 PDF set, member #0, version 2; LHAPDF ID = 263000
 
                                                                                          
   ***************************************************************************************
   *                                JHU Generator v6.9.3                                 *
   ***************************************************************************************
   *                                                                                     *
   *   Spin and parity determination of single-produced resonances at hadron colliders   *
   *                                                                                     *
   *          I. Anderson, S. Bolognesi, F. Caola, Y. Gao, A. Gritsan, Z. Guo,           *
   *        C. Martin, K. Melnikov, R.Rontsch, H. Roskes, U. Sarica, M. Schulze,         *
   *                   N. Tran, A. Whitbeck, M. Xiao, C. You, Y. Zhou                    *
   *                Phys.Rev. D81 (2010) 075022;  arXiv:1001.3396 [hep-ph],              *
   *                Phys.Rev. D86 (2012) 095031;  arXiv:1208.4018 [hep-ph],              *
   *                Phys.Rev. D89 (2014) 035007;  arXiv:1309.4819 [hep-ph].              *
   *                                                                                     *
   ***************************************************************************************
                                                                                          
   
   Command line: ./JHUGen Unweighted=0 VegasNc0=99999999 VegasNc1=99999999 VegasNc2=99999999 LHAPDF=NNPDF30_lo_as_0130/NNPDF30_lo_as_0130.info MReso=120 ghz1=0,0 ghz2=1,0 Process=50 DecayMode1=9
   
   Input Parameter:
    Collider: P-P, sqrt(s)=13000.00
    Resonance: spin=0, mass= 120.00 width=   0.00407
    DecayMode1: 9
    Z-boson: mass=91.188, width=2.4952
    Random seed:    17299458
    To reproduce results using this seed, JHUGen should be compiled with the same compiler:
      GNU Fortran (GCC) 4.9.3
    
    WidthScheme:   2
    LHAPDF set NNPDF30_lo_as_0130/NNPDF30_lo_as_0130.info, member=  0
    Unweighted: F
    
    spin-0-VV couplings: 
      generate_as=F
      ghg2=  0.10000000E+01  0.00000000E+00i
      ghg3=  0.00000000E+00  0.00000000E+00i
      ghg4=  0.00000000E+00  0.00000000E+00i
      ghz1=  0.00000000E+00  0.00000000E+00i
      ghz2=  0.10000000E+01  0.00000000E+00i
      ghz3=  0.00000000E+00  0.00000000E+00i
      ghz4=  0.00000000E+00  0.00000000E+00i
      Lambda=  1000.0
    
    LHE output: ./data/output.lhe
    Histogram output: ./data/output.dat
    Log file: ./data/output.log
    
  Running

  Input parameters for vegas:  ndim= 19   ncall= 99614720.
                              it=    0    itmx=    5
                              acc=-1.00    
                              mds=  1     nd=  50
                              (xl,xu)= (  0.00000     ,  1.00000     )
                                       (  0.00000     ,  1.00000     )
                                       (  0.00000     ,  1.00000     )
                                       (  0.00000     ,  1.00000     )
                                       (  0.00000     ,  1.00000     )
                                       (  0.00000     ,  1.00000     )
                                       (  0.00000     ,  1.00000     )
                                       (  0.00000     ,  1.00000     )
                                       (  0.00000     ,  1.00000     )
                                       (  0.00000     ,  1.00000     )
                                       (  0.00000     ,  1.00000     )
                                       (  0.00000     ,  1.00000     )
                                       (  0.00000     ,  1.00000     )
                                       (  0.00000     ,  1.00000     )
                                       (  0.00000     ,  1.00000     )
                                       (  0.00000     ,  1.00000     )
                                       (  0.00000     ,  1.00000     )
                                       (  0.00000     ,  1.00000     )
                                       (  0.00000     ,  1.00000     )

#********** Integration by Vegas (iteration       1) ************
#                                                               *
#  integral  =  788576.96       accum. integral =  788576.96    *
#  std. dev. =  244.84604       accum. std. dev =  244.84604    *
#   min/max. wt. =    0.00000             27.1119               *
#                                                               *
#*************   chi**2/iteration =  0.000       ****************


#********** Integration by Vegas (iteration       2) ************
#                                                               *
#  integral  =  788861.12       accum. integral =  788789.62    *
#  std. dev. =  142.02417       accum. std. dev =  122.84141    *
#   min/max. wt. =    0.00000             7.47784               *
#                                                               *
#*************   chi**2/iteration =  1.007       ****************


#********** Integration by Vegas (iteration       3) ************
#                                                               *
#  integral  =  788730.13       accum. integral =  788760.64    *
#  std. dev. =  126.03981       accum. std. dev =  87.970815    *
#   min/max. wt. =    0.00000             4.74841               *
#                                                               *
#*************   chi**2/iteration = 0.5607       ****************


#********** Integration by Vegas (iteration       4) ************
#                                                               *
#  integral  =  788893.81       accum. integral =  788806.63    *
#  std. dev. =  121.15272       accum. std. dev =  71.182881    *
#   min/max. wt. =    0.00000             5.09743               *
#                                                               *
#*************   chi**2/iteration = 0.6375       ****************


#********** Integration by Vegas (iteration       5) ************
#                                                               *
#  integral  =  788979.48       accum. integral =  788851.96    *
#  std. dev. =  119.41110       accum. std. dev =  61.142304    *
#   min/max. wt. =    0.00000             4.27150               *
#                                                               *
#*************   chi**2/iteration = 0.8646       ****************


  Input parameters for vegas:  ndim= 19   ncall= 99614720.
                              it=    0    itmx=    1
                              acc=-1.00    
                              mds=  1     nd=  50
                              (xl,xu)= (  0.00000     ,  1.00000     )
                                       (  0.00000     ,  1.00000     )
                                       (  0.00000     ,  1.00000     )
                                       (  0.00000     ,  1.00000     )
                                       (  0.00000     ,  1.00000     )
                                       (  0.00000     ,  1.00000     )
                                       (  0.00000     ,  1.00000     )
                                       (  0.00000     ,  1.00000     )
                                       (  0.00000     ,  1.00000     )
                                       (  0.00000     ,  1.00000     )
                                       (  0.00000     ,  1.00000     )
                                       (  0.00000     ,  1.00000     )
                                       (  0.00000     ,  1.00000     )
                                       (  0.00000     ,  1.00000     )
                                       (  0.00000     ,  1.00000     )
                                       (  0.00000     ,  1.00000     )
                                       (  0.00000     ,  1.00000     )
                                       (  0.00000     ,  1.00000     )
                                       (  0.00000     ,  1.00000     )

#********** Integration by Vegas (iteration       1) ************
#                                                               *
#  integral  =  788577.88       accum. integral =  788577.88    *
#  std. dev. =  118.57226       accum. std. dev =  118.57226    *
#   min/max. wt. =    0.00000             5.03379               *
#                                                               *
#*************   chi**2/iteration =  0.000       ****************

 Done
