SLURM job running in:  /scratch/groups/lhc/park/JHUGen/JHUGenerator
LHAPDF 6.1.5 loading /work-zfs/lhc/cms/slc6_amd64_gcc493/external/lhapdf/6.1.5-kpegke3/share/LHAPDF/NNPDF30_lo_as_0130/NNPDF30_lo_as_0130_0000.dat
NNPDF30_lo_as_0130 PDF set, member #0, version 2; LHAPDF ID = 263000
 extending no. of histograms for vbf tests
 
                                                                                          
   ***************************************************************************************
   *                                JHU Generator v6.9.3                                 *
   ***************************************************************************************
   *                                                                                     *
   *   Spin and parity determination of single-produced resonances at hadron colliders   *
   *                                                                                     *
   *          I. Anderson, S. Bolognesi, F. Caola, Y. Gao, A. Gritsan, Z. Guo,           *
   *        C. Martin, K. Melnikov, R.Rontsch, H. Roskes, U. Sarica, M. Schulze,         *
   *                   N. Tran, A. Whitbeck, M. Xiao, C. You, Y. Zhou                    *
   *                Phys.Rev. D81 (2010) 075022;  arXiv:1001.3396 [hep-ph],              *
   *                Phys.Rev. D86 (2012) 095031;  arXiv:1208.4018 [hep-ph],              *
   *                Phys.Rev. D89 (2014) 035007;  arXiv:1309.4819 [hep-ph].              *
   *                                                                                     *
   ***************************************************************************************
                                                                                          
   
   Command line: ./JHUGen Unweighted=0 VegasNc0=99999999 VegasNc1=99999999 VegasNc2=99999999 LHAPDF=NNPDF30_lo_as_0130/NNPDF30_lo_as_0130.info MReso=1090 ghz1=0,0 ghz2=1,0 Process=60 pTjetcut=0 deltaRcut=0
   
   Input Parameter:
    Collider: P-P, sqrt(s)=13000.00
    Resonance: spin=0, mass=1090.00 width=   0.00407
    Z-boson: mass=91.188, width=2.4952
    W-boson: mass=80.399, width=2.0850
    Jet cuts:
            pT >=     0.00 GeV
        DeltaR >=     0.00
           mJJ >=     0.00 GeV
    Random seed:   430014472
    To reproduce results using this seed, JHUGen should be compiled with the same compiler:
      GNU Fortran (GCC) 4.9.3
    
    WidthScheme:   2
    LHAPDF set NNPDF30_lo_as_0130/NNPDF30_lo_as_0130.info, member=  0
    Unweighted: F
    
    spin-0-VV couplings: 
      generate_as=F
      ghg2=  0.10000000E+01  0.00000000E+00i
      ghg3=  0.00000000E+00  0.00000000E+00i
      ghg4=  0.00000000E+00  0.00000000E+00i
      ghz1=  0.00000000E+00  0.00000000E+00i
      ghz2=  0.10000000E+01  0.00000000E+00i
      ghz3=  0.00000000E+00  0.00000000E+00i
      ghz4=  0.00000000E+00  0.00000000E+00i
      Lambda=  1000.0
    
    LHE output: ./data/output.lhe
    Histogram output: ./data/output.dat
    Log file: ./data/output.log
    
  Running

  Input parameters for vegas:  ndim=  9   ncall= 80707214.
                              it=    0    itmx=   15
                              acc=-1.00    
                              mds=  1     nd=  50
                              (xl,xu)= (  0.00000     ,  1.00000     )
                                       (  0.00000     ,  1.00000     )
                                       (  0.00000     ,  1.00000     )
                                       (  0.00000     ,  1.00000     )
                                       (  0.00000     ,  1.00000     )
                                       (  0.00000     ,  1.00000     )
                                       (  0.00000     ,  1.00000     )
                                       (  0.00000     ,  1.00000     )
                                       (  0.00000     ,  1.00000     )

#********** Integration by Vegas (iteration       1) ************
#                                                               *
#  integral  =  711.14928       accum. integral =  711.14928    *
#  std. dev. =  46.204613       accum. std. dev =  46.204613    *
#   min/max. wt. =    0.00000             30.6893               *
#                                                               *
#*************   chi**2/iteration =  0.000       ****************


#********** Integration by Vegas (iteration       2) ************
#                                                               *
#  integral  =  924.15251       accum. integral =  903.57891    *
#  std. dev. =  19.633030       accum. std. dev =  16.649748    *
#   min/max. wt. =    0.00000             7.59562               *
#                                                               *
#*************   chi**2/iteration =  14.27       ****************


#********** Integration by Vegas (iteration       3) ************
#                                                               *
#  integral  =  957.76076       accum. integral =  954.29460    *
#  std. dev. =  5.0558801       accum. std. dev =  4.4495296    *
#   min/max. wt. =    0.00000             2.44114               *
#                                                               *
#*************   chi**2/iteration =  10.83       ****************


#********** Integration by Vegas (iteration       4) ************
#                                                               *
#  integral  =  971.66169       accum. integral =  970.96231    *
#  std. dev. =  1.0165223       accum. std. dev = 0.91972228    *
#   min/max. wt. =    0.00000            0.249926               *
#                                                               *
#*************   chi**2/iteration =  11.40       ****************


#********** Integration by Vegas (iteration       5) ************
#                                                               *
#  integral  =  970.21909       accum. integral =  970.31854    *
#  std. dev. = 0.39081431       accum. std. dev = 0.34206107    *
#   min/max. wt. =    0.00000            0.707679E-01           *
#                                                               *
#*************   chi**2/iteration =  8.407       ****************


#********** Integration by Vegas (iteration       6) ************
#                                                               *
#  integral  =  970.39040       accum. integral =  970.36075    *
#  std. dev. = 0.30490857       accum. std. dev = 0.22211187    *
#   min/max. wt. =    0.00000            0.161336E-01           *
#                                                               *
#*************   chi**2/iteration =  6.587       ****************


#********** Integration by Vegas (iteration       7) ************
#                                                               *
#  integral  =  970.41549       accum. integral =  970.38230    *
#  std. dev. = 0.28997157       accum. std. dev = 0.17425715    *
#   min/max. wt. =    0.00000            0.277768E-01           *
#                                                               *
#*************   chi**2/iteration =  5.411       ****************


#********** Integration by Vegas (iteration       8) ************
#                                                               *
#  integral  =  970.36603       accum. integral =  970.37756    *
#  std. dev. = 0.28354311       accum. std. dev = 0.14748368    *
#   min/max. wt. =    0.00000            0.198436E-01           *
#                                                               *
#*************   chi**2/iteration =  4.587       ****************


#********** Integration by Vegas (iteration       9) ************
#                                                               *
#  integral  =  970.34128       accum. integral =  970.36927    *
#  std. dev. = 0.28136381       accum. std. dev = 0.13010191    *
#   min/max. wt. =    0.00000            0.230868E-01           *
#                                                               *
#*************   chi**2/iteration =  3.981       ****************


#********** Integration by Vegas (iteration      10) ************
#                                                               *
#  integral  =  970.49342       accum. integral =  970.39251    *
#  std. dev. = 0.28033187       accum. std. dev = 0.11770069    *
#   min/max. wt. =    0.00000            0.142439E-01           *
#                                                               *
#*************   chi**2/iteration =  3.533       ****************


#********** Integration by Vegas (iteration      11) ************
#                                                               *
#  integral  =  970.21401       accum. integral =  970.36434    *
#  std. dev. = 0.28010178       accum. std. dev = 0.10831532    *
#   min/max. wt. =    0.00000            0.864921E-02           *
#                                                               *
#*************   chi**2/iteration =  3.198       ****************


#********** Integration by Vegas (iteration      12) ************
#                                                               *
#  integral  =  970.37896       accum. integral =  970.36630    *
#  std. dev. = 0.28263575       accum. std. dev = 0.10101742    *
#   min/max. wt. =    0.00000            0.767247E-02           *
#                                                               *
#*************   chi**2/iteration =  2.894       ****************


#********** Integration by Vegas (iteration      13) ************
#                                                               *
#  integral  =  970.26674       accum. integral =  970.35463    *
#  std. dev. = 0.28417187       accum. std. dev = 0.95098040E-01*
#   min/max. wt. =    0.00000            0.229191E-01           *
#                                                               *
#*************   chi**2/iteration =  2.652       ****************


#********** Integration by Vegas (iteration      14) ************
#                                                               *
#  integral  =  970.71507       accum. integral =  970.39173    *
#  std. dev. = 0.28734907       accum. std. dev = 0.90224139E-01*
#   min/max. wt. =    0.00000            0.108047E-01           *
#                                                               *
#*************   chi**2/iteration =  2.553       ****************


#********** Integration by Vegas (iteration      15) ************
#                                                               *
#  integral  =  970.72537       accum. integral =  970.42258    *
#  std. dev. = 0.28876935       accum. std. dev = 0.86076575E-01*
#   min/max. wt. =    0.00000            0.998237E-02           *
#                                                               *
#*************   chi**2/iteration =  2.454       ****************


  Input parameters for vegas:  ndim=  9   ncall= 80707214.
                              it=    0    itmx=    2
                              acc=-1.00    
                              mds=  1     nd=  50
                              (xl,xu)= (  0.00000     ,  1.00000     )
                                       (  0.00000     ,  1.00000     )
                                       (  0.00000     ,  1.00000     )
                                       (  0.00000     ,  1.00000     )
                                       (  0.00000     ,  1.00000     )
                                       (  0.00000     ,  1.00000     )
                                       (  0.00000     ,  1.00000     )
                                       (  0.00000     ,  1.00000     )
                                       (  0.00000     ,  1.00000     )

#********** Integration by Vegas (iteration       1) ************
#                                                               *
#  integral  =  970.45868       accum. integral =  970.45868    *
#  std. dev. = 0.29244203       accum. std. dev = 0.29244203    *
#   min/max. wt. =    0.00000            0.153091E-01           *
#                                                               *
#*************   chi**2/iteration = -.1361E-05   ****************


#********** Integration by Vegas (iteration       2) ************
#                                                               *
#  integral  =  969.84646       accum. integral =  970.15537    *
#  std. dev. = 0.29494103       accum. std. dev = 0.20766508    *
#   min/max. wt. =    0.00000            0.104827E-01           *
#                                                               *
#*************   chi**2/iteration =  2.170       ****************

 Done
