SLURM job running in:  /scratch/groups/lhc/park/JHUGen/JHUGenerator
LHAPDF 6.1.5 loading /work-zfs/lhc/cms/slc6_amd64_gcc493/external/lhapdf/6.1.5-kpegke3/share/LHAPDF/NNPDF30_lo_as_0130/NNPDF30_lo_as_0130_0000.dat
NNPDF30_lo_as_0130 PDF set, member #0, version 2; LHAPDF ID = 263000
 extending no. of histograms for vbf tests
 
                                                                                          
   ***************************************************************************************
   *                                JHU Generator v6.9.3                                 *
   ***************************************************************************************
   *                                                                                     *
   *   Spin and parity determination of single-produced resonances at hadron colliders   *
   *                                                                                     *
   *          I. Anderson, S. Bolognesi, F. Caola, Y. Gao, A. Gritsan, Z. Guo,           *
   *        C. Martin, K. Melnikov, R.Rontsch, H. Roskes, U. Sarica, M. Schulze,         *
   *                   N. Tran, A. Whitbeck, M. Xiao, C. You, Y. Zhou                    *
   *                Phys.Rev. D81 (2010) 075022;  arXiv:1001.3396 [hep-ph],              *
   *                Phys.Rev. D86 (2012) 095031;  arXiv:1208.4018 [hep-ph],              *
   *                Phys.Rev. D89 (2014) 035007;  arXiv:1309.4819 [hep-ph].              *
   *                                                                                     *
   ***************************************************************************************
                                                                                          
   
   Command line: ./JHUGen Unweighted=0 VegasNc0=99999999 VegasNc1=99999999 VegasNc2=99999999 LHAPDF=NNPDF30_lo_as_0130/NNPDF30_lo_as_0130.info MReso=1100 ghz1=0,0 ghz2=1,0 Process=60 pTjetcut=0 deltaRcut=0
   
   Input Parameter:
    Collider: P-P, sqrt(s)=13000.00
    Resonance: spin=0, mass=1100.00 width=   0.00407
    Z-boson: mass=91.188, width=2.4952
    W-boson: mass=80.399, width=2.0850
    Jet cuts:
            pT >=     0.00 GeV
        DeltaR >=     0.00
           mJJ >=     0.00 GeV
    Random seed:   198891837
    To reproduce results using this seed, JHUGen should be compiled with the same compiler:
      GNU Fortran (GCC) 4.9.3
    
    WidthScheme:   2
    LHAPDF set NNPDF30_lo_as_0130/NNPDF30_lo_as_0130.info, member=  0
    Unweighted: F
    
    spin-0-VV couplings: 
      generate_as=F
      ghg2=  0.10000000E+01  0.00000000E+00i
      ghg3=  0.00000000E+00  0.00000000E+00i
      ghg4=  0.00000000E+00  0.00000000E+00i
      ghz1=  0.00000000E+00  0.00000000E+00i
      ghz2=  0.10000000E+01  0.00000000E+00i
      ghz3=  0.00000000E+00  0.00000000E+00i
      ghz4=  0.00000000E+00  0.00000000E+00i
      Lambda=  1000.0
    
    LHE output: ./data/output.lhe
    Histogram output: ./data/output.dat
    Log file: ./data/output.log
    
  Running

  Input parameters for vegas:  ndim=  9   ncall= 80707214.
                              it=    0    itmx=   15
                              acc=-1.00    
                              mds=  1     nd=  50
                              (xl,xu)= (  0.00000     ,  1.00000     )
                                       (  0.00000     ,  1.00000     )
                                       (  0.00000     ,  1.00000     )
                                       (  0.00000     ,  1.00000     )
                                       (  0.00000     ,  1.00000     )
                                       (  0.00000     ,  1.00000     )
                                       (  0.00000     ,  1.00000     )
                                       (  0.00000     ,  1.00000     )
                                       (  0.00000     ,  1.00000     )

#********** Integration by Vegas (iteration       1) ************
#                                                               *
#  integral  =  750.41647       accum. integral =  750.41647    *
#  std. dev. =  66.156619       accum. std. dev =  66.156619    *
#   min/max. wt. =    0.00000             44.0791               *
#                                                               *
#*************   chi**2/iteration =  0.000       ****************


#********** Integration by Vegas (iteration       2) ************
#                                                               *
#  integral  =  1034.1712       accum. integral =  892.11480    *
#  std. dev. =  91.287504       accum. std. dev =  56.358482    *
#   min/max. wt. =    0.00000             72.0647               *
#                                                               *
#*************   chi**2/iteration =  6.331       ****************


#********** Integration by Vegas (iteration       3) ************
#                                                               *
#  integral  =  1023.4919       accum. integral =  974.93931    *
#  std. dev. =  48.881109       accum. std. dev =  35.842375    *
#   min/max. wt. =    0.00000             41.5465               *
#                                                               *
#*************   chi**2/iteration =  4.458       ****************


#********** Integration by Vegas (iteration       4) ************
#                                                               *
#  integral  =  957.33653       accum. integral =  957.62087    *
#  std. dev. =  4.6515735       accum. std. dev =  4.5700297    *
#   min/max. wt. =    0.00000             1.00464               *
#                                                               *
#*************   chi**2/iteration =  3.032       ****************


#********** Integration by Vegas (iteration       5) ************
#                                                               *
#  integral  =  951.04172       accum. integral =  951.13585    *
#  std. dev. = 0.55219384       accum. std. dev = 0.54693968    *
#   min/max. wt. =    0.00000            0.748707E-01           *
#                                                               *
#*************   chi**2/iteration =  2.782       ****************


#********** Integration by Vegas (iteration       6) ************
#                                                               *
#  integral  =  950.58912       accum. integral =  950.73758    *
#  std. dev. = 0.33455309       accum. std. dev = 0.28509467    *
#   min/max. wt. =    0.00000            0.285795E-01           *
#                                                               *
#*************   chi**2/iteration =  2.369       ****************


#********** Integration by Vegas (iteration       7) ************
#                                                               *
#  integral  =  950.72403       accum. integral =  950.73103    *
#  std. dev. = 0.29507711       accum. std. dev = 0.20491155    *
#   min/max. wt. =    0.00000            0.309887E-01           *
#                                                               *
#*************   chi**2/iteration =  1.974       ****************


#********** Integration by Vegas (iteration       8) ************
#                                                               *
#  integral  =  950.45465       accum. integral =  950.63498    *
#  std. dev. = 0.28111086       accum. std. dev = 0.16554493    *
#   min/max. wt. =    0.00000            0.174711E-01           *
#                                                               *
#*************   chi**2/iteration =  1.782       ****************


#********** Integration by Vegas (iteration       9) ************
#                                                               *
#  integral  =  950.68134       accum. integral =  950.64744    *
#  std. dev. = 0.27349090       accum. std. dev = 0.14159290    *
#   min/max. wt. =    0.00000            0.891269E-02           *
#                                                               *
#*************   chi**2/iteration =  1.561       ****************


#********** Integration by Vegas (iteration      10) ************
#                                                               *
#  integral  =  950.85747       accum. integral =  950.69121    *
#  std. dev. = 0.27632139       accum. std. dev = 0.12599436    *
#   min/max. wt. =    0.00000            0.966612E-02           *
#                                                               *
#*************   chi**2/iteration =  1.438       ****************


#********** Integration by Vegas (iteration      11) ************
#                                                               *
#  integral  =  950.75322       accum. integral =  950.70185    *
#  std. dev. = 0.27708217       accum. std. dev = 0.11468366    *
#   min/max. wt. =    0.00000            0.131599E-01           *
#                                                               *
#*************   chi**2/iteration =  1.298       ****************


#********** Integration by Vegas (iteration      12) ************
#                                                               *
#  integral  =  950.68191       accum. integral =  950.69899    *
#  std. dev. = 0.28011924       accum. std. dev = 0.10612747    *
#   min/max. wt. =    0.00000            0.163331E-01           *
#                                                               *
#*************   chi**2/iteration =  1.181       ****************


#********** Integration by Vegas (iteration      13) ************
#                                                               *
#  integral  =  950.24428       accum. integral =  950.64235    *
#  std. dev. = 0.28147187       accum. std. dev = 0.99301611E-01*
#   min/max. wt. =    0.00000            0.113386E-01           *
#                                                               *
#*************   chi**2/iteration =  1.273       ****************


#********** Integration by Vegas (iteration      14) ************
#                                                               *
#  integral  =  949.85441       accum. integral =  950.55560    *
#  std. dev. = 0.28229715       accum. std. dev = 0.93675319E-01*
#   min/max. wt. =    0.00000            0.140336E-01           *
#                                                               *
#*************   chi**2/iteration =  1.708       ****************


#********** Integration by Vegas (iteration      15) ************
#                                                               *
#  integral  =  950.52763       accum. integral =  950.55292    *
#  std. dev. = 0.28789144       accum. std. dev = 0.89076696E-01*
#   min/max. wt. =    0.00000            0.143196E-01           *
#                                                               *
#*************   chi**2/iteration =  1.586       ****************


  Input parameters for vegas:  ndim=  9   ncall= 80707214.
                              it=    0    itmx=    2
                              acc=-1.00    
                              mds=  1     nd=  50
                              (xl,xu)= (  0.00000     ,  1.00000     )
                                       (  0.00000     ,  1.00000     )
                                       (  0.00000     ,  1.00000     )
                                       (  0.00000     ,  1.00000     )
                                       (  0.00000     ,  1.00000     )
                                       (  0.00000     ,  1.00000     )
                                       (  0.00000     ,  1.00000     )
                                       (  0.00000     ,  1.00000     )
                                       (  0.00000     ,  1.00000     )

#********** Integration by Vegas (iteration       1) ************
#                                                               *
#  integral  =  951.28505       accum. integral =  951.28505    *
#  std. dev. = 0.29105840       accum. std. dev = 0.29105840    *
#   min/max. wt. =    0.00000            0.912006E-02           *
#                                                               *
#*************   chi**2/iteration =  0.000       ****************


#********** Integration by Vegas (iteration       2) ************
#                                                               *
#  integral  =  950.92789       accum. integral =  951.11051    *
#  std. dev. = 0.29760918       accum. std. dev = 0.20808589    *
#   min/max. wt. =    0.00000            0.139757E-01           *
#                                                               *
#*************   chi**2/iteration = 0.7354       ****************

 Done
