SLURM job running in:  /scratch/groups/lhc/park/JHUGen/JHUGenerator
LHAPDF 6.1.5 loading /work-zfs/lhc/cms/slc6_amd64_gcc493/external/lhapdf/6.1.5-kpegke3/share/LHAPDF/NNPDF30_lo_as_0130/NNPDF30_lo_as_0130_0000.dat
NNPDF30_lo_as_0130 PDF set, member #0, version 2; LHAPDF ID = 263000
 extending no. of histograms for vbf tests
 
                                                                                          
   ***************************************************************************************
   *                                JHU Generator v6.9.3                                 *
   ***************************************************************************************
   *                                                                                     *
   *   Spin and parity determination of single-produced resonances at hadron colliders   *
   *                                                                                     *
   *          I. Anderson, S. Bolognesi, F. Caola, Y. Gao, A. Gritsan, Z. Guo,           *
   *        C. Martin, K. Melnikov, R.Rontsch, H. Roskes, U. Sarica, M. Schulze,         *
   *                   N. Tran, A. Whitbeck, M. Xiao, C. You, Y. Zhou                    *
   *                Phys.Rev. D81 (2010) 075022;  arXiv:1001.3396 [hep-ph],              *
   *                Phys.Rev. D86 (2012) 095031;  arXiv:1208.4018 [hep-ph],              *
   *                Phys.Rev. D89 (2014) 035007;  arXiv:1309.4819 [hep-ph].              *
   *                                                                                     *
   ***************************************************************************************
                                                                                          
   
   Command line: ./JHUGen Unweighted=0 VegasNc0=99999999 VegasNc1=99999999 VegasNc2=99999999 LHAPDF=NNPDF30_lo_as_0130/NNPDF30_lo_as_0130.info MReso=1160 ghz1=0,0 ghz2=1,0 Process=60 pTjetcut=0 deltaRcut=0
   
   Input Parameter:
    Collider: P-P, sqrt(s)=13000.00
    Resonance: spin=0, mass=1160.00 width=   0.00407
    Z-boson: mass=91.188, width=2.4952
    W-boson: mass=80.399, width=2.0850
    Jet cuts:
            pT >=     0.00 GeV
        DeltaR >=     0.00
           mJJ >=     0.00 GeV
    Random seed:   294762868
    To reproduce results using this seed, JHUGen should be compiled with the same compiler:
      GNU Fortran (GCC) 4.9.3
    
    WidthScheme:   2
    LHAPDF set NNPDF30_lo_as_0130/NNPDF30_lo_as_0130.info, member=  0
    Unweighted: F
    
    spin-0-VV couplings: 
      generate_as=F
      ghg2=  0.10000000E+01  0.00000000E+00i
      ghg3=  0.00000000E+00  0.00000000E+00i
      ghg4=  0.00000000E+00  0.00000000E+00i
      ghz1=  0.00000000E+00  0.00000000E+00i
      ghz2=  0.10000000E+01  0.00000000E+00i
      ghz3=  0.00000000E+00  0.00000000E+00i
      ghz4=  0.00000000E+00  0.00000000E+00i
      Lambda=  1000.0
    
    LHE output: ./data/output.lhe
    Histogram output: ./data/output.dat
    Log file: ./data/output.log
    
  Running

  Input parameters for vegas:  ndim=  9   ncall= 80707214.
                              it=    0    itmx=   15
                              acc=-1.00    
                              mds=  1     nd=  50
                              (xl,xu)= (  0.00000     ,  1.00000     )
                                       (  0.00000     ,  1.00000     )
                                       (  0.00000     ,  1.00000     )
                                       (  0.00000     ,  1.00000     )
                                       (  0.00000     ,  1.00000     )
                                       (  0.00000     ,  1.00000     )
                                       (  0.00000     ,  1.00000     )
                                       (  0.00000     ,  1.00000     )
                                       (  0.00000     ,  1.00000     )

#********** Integration by Vegas (iteration       1) ************
#                                                               *
#  integral  =  590.19565       accum. integral =  590.19565    *
#  std. dev. =  42.185315       accum. std. dev =  42.185315    *
#   min/max. wt. =    0.00000             20.6529               *
#                                                               *
#*************   chi**2/iteration =  0.000       ****************


#********** Integration by Vegas (iteration       2) ************
#                                                               *
#  integral  =  911.41319       accum. integral =  736.28332    *
#  std. dev. =  71.326997       accum. std. dev =  40.521787    *
#   min/max. wt. =    0.00000             41.9359               *
#                                                               *
#*************   chi**2/iteration =  15.57       ****************


#********** Integration by Vegas (iteration       3) ************
#                                                               *
#  integral  =  844.24862       accum. integral =  837.62058    *
#  std. dev. =  11.395251       accum. std. dev =  10.384091    *
#   min/max. wt. =    0.00000             8.70506               *
#                                                               *
#*************   chi**2/iteration =  10.39       ****************


#********** Integration by Vegas (iteration       4) ************
#                                                               *
#  integral  =  839.91828       accum. integral =  839.88797    *
#  std. dev. =  1.2698192       accum. std. dev =  1.2101696    *
#   min/max. wt. =    0.00000            0.230277               *
#                                                               *
#*************   chi**2/iteration =  6.745       ****************


#********** Integration by Vegas (iteration       5) ************
#                                                               *
#  integral  =  841.00411       accum. integral =  840.91509    *
#  std. dev. = 0.37185350       accum. std. dev = 0.34481973    *
#   min/max. wt. =    0.00000            0.357958E-01           *
#                                                               *
#*************   chi**2/iteration =  5.163       ****************


#********** Integration by Vegas (iteration       6) ************
#                                                               *
#  integral  =  840.88163       accum. integral =  840.89433    *
#  std. dev. = 0.27894784       accum. std. dev = 0.21366363    *
#   min/max. wt. =    0.00000            0.916133E-02           *
#                                                               *
#*************   chi**2/iteration =  4.084       ****************


#********** Integration by Vegas (iteration       7) ************
#                                                               *
#  integral  =  840.58904       accum. integral =  840.76198    *
#  std. dev. = 0.25108359       accum. std. dev = 0.16146487    *
#   min/max. wt. =    0.00000            0.695051E-02           *
#                                                               *
#*************   chi**2/iteration =  3.522       ****************


#********** Integration by Vegas (iteration       8) ************
#                                                               *
#  integral  =  840.37088       accum. integral =  840.63954    *
#  std. dev. = 0.24481796       accum. std. dev = 0.13422275    *
#   min/max. wt. =    0.00000            0.100802E-01           *
#                                                               *
#*************   chi**2/iteration =  3.262       ****************


#********** Integration by Vegas (iteration       9) ************
#                                                               *
#  integral  =  840.76901       accum. integral =  840.67084    *
#  std. dev. = 0.24269209       accum. std. dev = 0.11715121    *
#   min/max. wt. =    0.00000            0.125898E-01           *
#                                                               *
#*************   chi**2/iteration =  2.869       ****************


#********** Integration by Vegas (iteration      10) ************
#                                                               *
#  integral  =  841.33577       accum. integral =  840.79980    *
#  std. dev. = 0.24344849       accum. std. dev = 0.10538422    *
#   min/max. wt. =    0.00000            0.877924E-02           *
#                                                               *
#*************   chi**2/iteration =  3.232       ****************


#********** Integration by Vegas (iteration      11) ************
#                                                               *
#  integral  =  841.25822       accum. integral =  840.87335    *
#  std. dev. = 0.24522783       accum. std. dev = 0.96713422E-01*
#   min/max. wt. =    0.00000            0.123000E-01           *
#                                                               *
#*************   chi**2/iteration =  3.202       ****************


#********** Integration by Vegas (iteration      12) ************
#                                                               *
#  integral  =  840.89547       accum. integral =  840.87638    *
#  std. dev. = 0.24656903       accum. std. dev = 0.89966426E-01*
#   min/max. wt. =    0.00000            0.755586E-02           *
#                                                               *
#*************   chi**2/iteration =  2.904       ****************


#********** Integration by Vegas (iteration      13) ************
#                                                               *
#  integral  =  840.64953       accum. integral =  840.84928    *
#  std. dev. = 0.24757704       accum. std. dev = 0.84510691E-01*
#   min/max. wt. =    0.00000            0.990247E-02           *
#                                                               *
#*************   chi**2/iteration =  2.720       ****************


#********** Integration by Vegas (iteration      14) ************
#                                                               *
#  integral  =  840.86297       accum. integral =  840.85070    *
#  std. dev. = 0.25094515       accum. std. dev = 0.80059594E-01*
#   min/max. wt. =    0.00000            0.125563E-01           *
#                                                               *
#*************   chi**2/iteration =  2.506       ****************


#********** Integration by Vegas (iteration      15) ************
#                                                               *
#  integral  =  840.83224       accum. integral =  840.84898    *
#  std. dev. = 0.25254420       accum. std. dev = 0.76294236E-01*
#   min/max. wt. =    0.00000            0.105847E-01           *
#                                                               *
#*************   chi**2/iteration =  2.324       ****************


  Input parameters for vegas:  ndim=  9   ncall= 80707214.
                              it=    0    itmx=    2
                              acc=-1.00    
                              mds=  1     nd=  50
                              (xl,xu)= (  0.00000     ,  1.00000     )
                                       (  0.00000     ,  1.00000     )
                                       (  0.00000     ,  1.00000     )
                                       (  0.00000     ,  1.00000     )
                                       (  0.00000     ,  1.00000     )
                                       (  0.00000     ,  1.00000     )
                                       (  0.00000     ,  1.00000     )
                                       (  0.00000     ,  1.00000     )
                                       (  0.00000     ,  1.00000     )

#********** Integration by Vegas (iteration       1) ************
#                                                               *
#  integral  =  841.34409       accum. integral =  841.34409    *
#  std. dev. = 0.25742832       accum. std. dev = 0.25742832    *
#   min/max. wt. =    0.00000            0.121474E-01           *
#                                                               *
#*************   chi**2/iteration =  0.000       ****************


#********** Integration by Vegas (iteration       2) ************
#                                                               *
#  integral  =  841.07847       accum. integral =  841.21257    *
#  std. dev. = 0.25986358       accum. std. dev = 0.18288395    *
#   min/max. wt. =    0.00000            0.869342E-02           *
#                                                               *
#*************   chi**2/iteration = 0.5268       ****************

 Done
