SLURM job running in:  /scratch/groups/lhc/park/JHUGen/JHUGenerator
LHAPDF 6.1.5 loading /work-zfs/lhc/cms/slc6_amd64_gcc493/external/lhapdf/6.1.5-kpegke3/share/LHAPDF/NNPDF30_lo_as_0130/NNPDF30_lo_as_0130_0000.dat
NNPDF30_lo_as_0130 PDF set, member #0, version 2; LHAPDF ID = 263000
 extending no. of histograms for vbf tests
 
                                                                                          
   ***************************************************************************************
   *                                JHU Generator v6.9.3                                 *
   ***************************************************************************************
   *                                                                                     *
   *   Spin and parity determination of single-produced resonances at hadron colliders   *
   *                                                                                     *
   *          I. Anderson, S. Bolognesi, F. Caola, Y. Gao, A. Gritsan, Z. Guo,           *
   *        C. Martin, K. Melnikov, R.Rontsch, H. Roskes, U. Sarica, M. Schulze,         *
   *                   N. Tran, A. Whitbeck, M. Xiao, C. You, Y. Zhou                    *
   *                Phys.Rev. D81 (2010) 075022;  arXiv:1001.3396 [hep-ph],              *
   *                Phys.Rev. D86 (2012) 095031;  arXiv:1208.4018 [hep-ph],              *
   *                Phys.Rev. D89 (2014) 035007;  arXiv:1309.4819 [hep-ph].              *
   *                                                                                     *
   ***************************************************************************************
                                                                                          
   
   Command line: ./JHUGen Unweighted=0 VegasNc0=99999999 VegasNc1=99999999 VegasNc2=99999999 LHAPDF=NNPDF30_lo_as_0130/NNPDF30_lo_as_0130.info MReso=120 ghz1=0,0 ghz2=1,0 Process=60 pTjetcut=0 deltaRcut=0
   
   Input Parameter:
    Collider: P-P, sqrt(s)=13000.00
    Resonance: spin=0, mass= 120.00 width=   0.00407
    Z-boson: mass=91.188, width=2.4952
    W-boson: mass=80.399, width=2.0850
    Jet cuts:
            pT >=     0.00 GeV
        DeltaR >=     0.00
           mJJ >=     0.00 GeV
    Random seed:   279315953
    To reproduce results using this seed, JHUGen should be compiled with the same compiler:
      GNU Fortran (GCC) 4.9.3
    
    WidthScheme:   2
    LHAPDF set NNPDF30_lo_as_0130/NNPDF30_lo_as_0130.info, member=  0
    Unweighted: F
    
    spin-0-VV couplings: 
      generate_as=F
      ghg2=  0.10000000E+01  0.00000000E+00i
      ghg3=  0.00000000E+00  0.00000000E+00i
      ghg4=  0.00000000E+00  0.00000000E+00i
      ghz1=  0.00000000E+00  0.00000000E+00i
      ghz2=  0.10000000E+01  0.00000000E+00i
      ghz3=  0.00000000E+00  0.00000000E+00i
      ghz4=  0.00000000E+00  0.00000000E+00i
      Lambda=  1000.0
    
    LHE output: ./data/output.lhe
    Histogram output: ./data/output.dat
    Log file: ./data/output.log
    
  Running

  Input parameters for vegas:  ndim=  9   ncall= 80707214.
                              it=    0    itmx=   15
                              acc=-1.00    
                              mds=  1     nd=  50
                              (xl,xu)= (  0.00000     ,  1.00000     )
                                       (  0.00000     ,  1.00000     )
                                       (  0.00000     ,  1.00000     )
                                       (  0.00000     ,  1.00000     )
                                       (  0.00000     ,  1.00000     )
                                       (  0.00000     ,  1.00000     )
                                       (  0.00000     ,  1.00000     )
                                       (  0.00000     ,  1.00000     )
                                       (  0.00000     ,  1.00000     )

#********** Integration by Vegas (iteration       1) ************
#                                                               *
#  integral  =  10364.192       accum. integral =  10364.192    *
#  std. dev. =  522.52610       accum. std. dev =  522.52610    *
#   min/max. wt. =    0.00000             397.287               *
#                                                               *
#*************   chi**2/iteration =  0.000       ****************


#********** Integration by Vegas (iteration       2) ************
#                                                               *
#  integral  =  12956.104       accum. integral =  12606.301    *
#  std. dev. =  258.00623       accum. std. dev =  217.29217    *
#   min/max. wt. =    0.00000             154.230               *
#                                                               *
#*************   chi**2/iteration =  16.59       ****************


#********** Integration by Vegas (iteration       3) ************
#                                                               *
#  integral  =  13449.709       accum. integral =  13379.467    *
#  std. dev. =  75.084279       accum. std. dev =  65.910897    *
#   min/max. wt. =    0.00000             45.4287               *
#                                                               *
#*************   chi**2/iteration =  13.76       ****************


#********** Integration by Vegas (iteration       4) ************
#                                                               *
#  integral  =  13334.000       accum. integral =  13336.821    *
#  std. dev. =  18.330939       accum. std. dev =  16.761705    *
#   min/max. wt. =  -0.200220E-11         1.97339               *
#                                                               *
#*************   chi**2/iteration =  8.946       ****************


#********** Integration by Vegas (iteration       5) ************
#                                                               *
#  integral  =  13356.312       accum. integral =  13353.801    *
#  std. dev. =  6.8381392       accum. std. dev =  6.0910800    *
#   min/max. wt. =    0.00000            0.958708               *
#                                                               *
#*************   chi**2/iteration =  6.833       ****************


#********** Integration by Vegas (iteration       6) ************
#                                                               *
#  integral  =  13356.816       accum. integral =  13355.561    *
#  std. dev. =  5.3895336       accum. std. dev =  3.9616822    *
#   min/max. wt. =    0.00000            0.357285               *
#                                                               *
#*************   chi**2/iteration =  5.407       ****************


#********** Integration by Vegas (iteration       7) ************
#                                                               *
#  integral  =  13361.046       accum. integral =  13357.665    *
#  std. dev. =  5.2218696       accum. std. dev =  3.1283902    *
#   min/max. wt. =    0.00000             1.39198               *
#                                                               *
#*************   chi**2/iteration =  4.575       ****************


#********** Integration by Vegas (iteration       8) ************
#                                                               *
#  integral  =  13362.889       accum. integral =  13359.227    *
#  std. dev. =  4.9529793       accum. std. dev =  2.6305984    *
#   min/max. wt. =    0.00000            0.207658               *
#                                                               *
#*************   chi**2/iteration =  4.006       ****************


#********** Integration by Vegas (iteration       9) ************
#                                                               *
#  integral  =  13363.297       accum. integral =  13360.211    *
#  std. dev. =  4.7963567       accum. std. dev =  2.2982689    *
#   min/max. wt. =    0.00000            0.277410               *
#                                                               *
#*************   chi**2/iteration =  3.554       ****************


#********** Integration by Vegas (iteration      10) ************
#                                                               *
#  integral  =  13355.434       accum. integral =  13359.267    *
#  std. dev. =  4.7487067       accum. std. dev =  2.0639633    *
#   min/max. wt. =    0.00000            0.232249               *
#                                                               *
#*************   chi**2/iteration =  3.238       ****************


#********** Integration by Vegas (iteration      11) ************
#                                                               *
#  integral  =  13368.639       accum. integral =  13360.802    *
#  std. dev. =  4.7753786       accum. std. dev =  1.8915528    *
#   min/max. wt. =    0.00000            0.432905               *
#                                                               *
#*************   chi**2/iteration =  3.237       ****************


#********** Integration by Vegas (iteration      12) ************
#                                                               *
#  integral  =  13365.426       accum. integral =  13361.456    *
#  std. dev. =  4.7584252       accum. std. dev =  1.7557552    *
#   min/max. wt. =    0.00000            0.293237               *
#                                                               *
#*************   chi**2/iteration =  3.009       ****************


#********** Integration by Vegas (iteration      13) ************
#                                                               *
#  integral  =  13362.523       accum. integral =  13361.588    *
#  std. dev. =  4.7613946       accum. std. dev =  1.6459558    *
#   min/max. wt. =    0.00000            0.270936               *
#                                                               *
#*************   chi**2/iteration =  2.754       ****************


#********** Integration by Vegas (iteration      14) ************
#                                                               *
#  integral  =  13361.961       accum. integral =  13361.627    *
#  std. dev. =  4.8934989       accum. std. dev =  1.5592285    *
#   min/max. wt. =    0.00000            0.777870               *
#                                                               *
#*************   chi**2/iteration =  2.536       ****************


#********** Integration by Vegas (iteration      15) ************
#                                                               *
#  integral  =  13362.602       accum. integral =  13361.722    *
#  std. dev. =  4.8254413       accum. std. dev =  1.4830076    *
#   min/max. wt. =    0.00000            0.136199               *
#                                                               *
#*************   chi**2/iteration =  2.352       ****************


  Input parameters for vegas:  ndim=  9   ncall= 80707214.
                              it=    0    itmx=    2
                              acc=-1.00    
                              mds=  1     nd=  50
                              (xl,xu)= (  0.00000     ,  1.00000     )
                                       (  0.00000     ,  1.00000     )
                                       (  0.00000     ,  1.00000     )
                                       (  0.00000     ,  1.00000     )
                                       (  0.00000     ,  1.00000     )
                                       (  0.00000     ,  1.00000     )
                                       (  0.00000     ,  1.00000     )
                                       (  0.00000     ,  1.00000     )
                                       (  0.00000     ,  1.00000     )

#********** Integration by Vegas (iteration       1) ************
#                                                               *
#  integral  =  13354.601       accum. integral =  13354.601    *
#  std. dev. =  4.8001810       accum. std. dev =  4.8001810    *
#   min/max. wt. =    0.00000            0.103465               *
#                                                               *
#*************   chi**2/iteration =  0.000       ****************


#********** Integration by Vegas (iteration       2) ************
#                                                               *
#  integral  =  13376.086       accum. integral =  13365.066    *
#  std. dev. =  4.9334921       accum. std. dev =  3.4404807    *
#   min/max. wt. =    0.00000            0.580286               *
#                                                               *
#*************   chi**2/iteration =  9.733       ****************

 Done
