SLURM job running in:  /scratch/groups/lhc/park/JHUGen/JHUGenerator
LHAPDF 6.1.5 loading /work-zfs/lhc/cms/slc6_amd64_gcc493/external/lhapdf/6.1.5-kpegke3/share/LHAPDF/NNPDF30_lo_as_0130/NNPDF30_lo_as_0130_0000.dat
NNPDF30_lo_as_0130 PDF set, member #0, version 2; LHAPDF ID = 263000
 extending no. of histograms for vbf tests
 
                                                                                          
   ***************************************************************************************
   *                                JHU Generator v6.9.3                                 *
   ***************************************************************************************
   *                                                                                     *
   *   Spin and parity determination of single-produced resonances at hadron colliders   *
   *                                                                                     *
   *          I. Anderson, S. Bolognesi, F. Caola, Y. Gao, A. Gritsan, Z. Guo,           *
   *        C. Martin, K. Melnikov, R.Rontsch, H. Roskes, U. Sarica, M. Schulze,         *
   *                   N. Tran, A. Whitbeck, M. Xiao, C. You, Y. Zhou                    *
   *                Phys.Rev. D81 (2010) 075022;  arXiv:1001.3396 [hep-ph],              *
   *                Phys.Rev. D86 (2012) 095031;  arXiv:1208.4018 [hep-ph],              *
   *                Phys.Rev. D89 (2014) 035007;  arXiv:1309.4819 [hep-ph].              *
   *                                                                                     *
   ***************************************************************************************
                                                                                          
   
   Command line: ./JHUGen Unweighted=0 VegasNc0=99999999 VegasNc1=99999999 VegasNc2=99999999 LHAPDF=NNPDF30_lo_as_0130/NNPDF30_lo_as_0130.info MReso=1240 ghz1=0,0 ghz2=1,0 Process=60 pTjetcut=0 deltaRcut=0
   
   Input Parameter:
    Collider: P-P, sqrt(s)=13000.00
    Resonance: spin=0, mass=1240.00 width=   0.00407
    Z-boson: mass=91.188, width=2.4952
    W-boson: mass=80.399, width=2.0850
    Jet cuts:
            pT >=     0.00 GeV
        DeltaR >=     0.00
           mJJ >=     0.00 GeV
    Random seed:   556018670
    To reproduce results using this seed, JHUGen should be compiled with the same compiler:
      GNU Fortran (GCC) 4.9.3
    
    WidthScheme:   2
    LHAPDF set NNPDF30_lo_as_0130/NNPDF30_lo_as_0130.info, member=  0
    Unweighted: F
    
    spin-0-VV couplings: 
      generate_as=F
      ghg2=  0.10000000E+01  0.00000000E+00i
      ghg3=  0.00000000E+00  0.00000000E+00i
      ghg4=  0.00000000E+00  0.00000000E+00i
      ghz1=  0.00000000E+00  0.00000000E+00i
      ghz2=  0.10000000E+01  0.00000000E+00i
      ghz3=  0.00000000E+00  0.00000000E+00i
      ghz4=  0.00000000E+00  0.00000000E+00i
      Lambda=  1000.0
    
    LHE output: ./data/output.lhe
    Histogram output: ./data/output.dat
    Log file: ./data/output.log
    
  Running

  Input parameters for vegas:  ndim=  9   ncall= 80707214.
                              it=    0    itmx=   15
                              acc=-1.00    
                              mds=  1     nd=  50
                              (xl,xu)= (  0.00000     ,  1.00000     )
                                       (  0.00000     ,  1.00000     )
                                       (  0.00000     ,  1.00000     )
                                       (  0.00000     ,  1.00000     )
                                       (  0.00000     ,  1.00000     )
                                       (  0.00000     ,  1.00000     )
                                       (  0.00000     ,  1.00000     )
                                       (  0.00000     ,  1.00000     )
                                       (  0.00000     ,  1.00000     )

#********** Integration by Vegas (iteration       1) ************
#                                                               *
#  integral  =  481.87609       accum. integral =  481.87609    *
#  std. dev. =  34.190639       accum. std. dev =  34.190639    *
#   min/max. wt. =    0.00000             30.1579               *
#                                                               *
#*************   chi**2/iteration =  0.000       ****************


#********** Integration by Vegas (iteration       2) ************
#                                                               *
#  integral  =  816.64999       accum. integral =  546.18485    *
#  std. dev. =  118.83063       accum. std. dev =  42.760813    *
#   min/max. wt. =    0.00000             89.2588               *
#                                                               *
#*************   chi**2/iteration =  9.503       ****************


#********** Integration by Vegas (iteration       3) ************
#                                                               *
#  integral  =  712.32448       accum. integral =  697.23183    *
#  std. dev. =  14.360063       accum. std. dev =  13.161683    *
#   min/max. wt. =    0.00000             12.7737               *
#                                                               *
#*************   chi**2/iteration =  11.14       ****************


#********** Integration by Vegas (iteration       4) ************
#                                                               *
#  integral  =  718.03973       accum. integral =  717.81222    *
#  std. dev. =  1.4511852       accum. std. dev =  1.3933045    *
#   min/max. wt. =    0.00000            0.253028               *
#                                                               *
#*************   chi**2/iteration =  8.048       ****************


#********** Integration by Vegas (iteration       5) ************
#                                                               *
#  integral  =  717.14155       accum. integral =  717.17668    *
#  std. dev. = 0.33887800       accum. std. dev = 0.32110401    *
#   min/max. wt. =    0.00000            0.313368E-01           *
#                                                               *
#*************   chi**2/iteration =  6.007       ****************


#********** Integration by Vegas (iteration       6) ************
#                                                               *
#  integral  =  716.51784       accum. integral =  716.73654    *
#  std. dev. = 0.23233469       accum. std. dev = 0.18582857    *
#   min/max. wt. =    0.00000            0.139321E-01           *
#                                                               *
#*************   chi**2/iteration =  5.321       ****************


#********** Integration by Vegas (iteration       7) ************
#                                                               *
#  integral  =  716.61094       accum. integral =  716.67992    *
#  std. dev. = 0.20965597       accum. std. dev = 0.13815974    *
#   min/max. wt. =    0.00000            0.665964E-02           *
#                                                               *
#*************   chi**2/iteration =  4.440       ****************


#********** Integration by Vegas (iteration       8) ************
#                                                               *
#  integral  =  716.72335       accum. integral =  716.69390    *
#  std. dev. = 0.20434427       accum. std. dev = 0.11404537    *
#   min/max. wt. =    0.00000            0.827541E-02           *
#                                                               *
#*************   chi**2/iteration =  3.792       ****************


#********** Integration by Vegas (iteration       9) ************
#                                                               *
#  integral  =  716.52275       accum. integral =  716.65232    *
#  std. dev. = 0.20458769       accum. std. dev = 0.99409753E-01*
#   min/max. wt. =    0.00000            0.148254E-01           *
#                                                               *
#*************   chi**2/iteration =  3.374       ****************


#********** Integration by Vegas (iteration      10) ************
#                                                               *
#  integral  =  716.46434       accum. integral =  716.61622    *
#  std. dev. = 0.20681350       accum. std. dev = 0.89483921E-01*
#   min/max. wt. =    0.00000            0.915068E-02           *
#                                                               *
#*************   chi**2/iteration =  3.067       ****************


#********** Integration by Vegas (iteration      11) ************
#                                                               *
#  integral  =  716.56090       accum. integral =  716.60752    *
#  std. dev. = 0.20987295       accum. std. dev = 0.82246641E-01*
#   min/max. wt. =    0.00000            0.202492E-01           *
#                                                               *
#*************   chi**2/iteration =  2.760       ****************


#********** Integration by Vegas (iteration      12) ************
#                                                               *
#  integral  =  716.34886       accum. integral =  716.57205    *
#  std. dev. = 0.20866398       accum. std. dev = 0.76472165E-01*
#   min/max. wt. =    0.00000            0.770887E-02           *
#                                                               *
#*************   chi**2/iteration =  2.627       ****************


#********** Integration by Vegas (iteration      13) ************
#                                                               *
#  integral  =  716.60190       accum. integral =  716.57555    *
#  std. dev. = 0.21187319       accum. std. dev = 0.71900193E-01*
#   min/max. wt. =    0.00000            0.720907E-02           *
#                                                               *
#*************   chi**2/iteration =  2.406       ****************


#********** Integration by Vegas (iteration      14) ************
#                                                               *
#  integral  =  716.75889       accum. integral =  716.59506    *
#  std. dev. = 0.21050638       accum. std. dev = 0.68017655E-01*
#   min/max. wt. =    0.00000            0.183164E-01           *
#                                                               *
#*************   chi**2/iteration =  2.270       ****************


#********** Integration by Vegas (iteration      15) ************
#                                                               *
#  integral  =  716.74702       accum. integral =  716.60899    *
#  std. dev. = 0.21617034       accum. std. dev = 0.64867221E-01*
#   min/max. wt. =    0.00000            0.106604E-01           *
#                                                               *
#*************   chi**2/iteration =  2.138       ****************


  Input parameters for vegas:  ndim=  9   ncall= 80707214.
                              it=    0    itmx=    2
                              acc=-1.00    
                              mds=  1     nd=  50
                              (xl,xu)= (  0.00000     ,  1.00000     )
                                       (  0.00000     ,  1.00000     )
                                       (  0.00000     ,  1.00000     )
                                       (  0.00000     ,  1.00000     )
                                       (  0.00000     ,  1.00000     )
                                       (  0.00000     ,  1.00000     )
                                       (  0.00000     ,  1.00000     )
                                       (  0.00000     ,  1.00000     )
                                       (  0.00000     ,  1.00000     )

#********** Integration by Vegas (iteration       1) ************
#                                                               *
#  integral  =  716.58549       accum. integral =  716.58549    *
#  std. dev. = 0.21537682       accum. std. dev = 0.21537682    *
#   min/max. wt. =    0.00000            0.670595E-02           *
#                                                               *
#*************   chi**2/iteration = 0.1255E-05   ****************


#********** Integration by Vegas (iteration       2) ************
#                                                               *
#  integral  =  716.56080       accum. integral =  716.57345    *
#  std. dev. = 0.22081803       accum. std. dev = 0.15418211    *
#   min/max. wt. =    0.00000            0.112482E-01           *
#                                                               *
#*************   chi**2/iteration = 0.6403E-02   ****************

 Done
