SLURM job running in:  /scratch/groups/lhc/park/JHUGen/JHUGenerator
LHAPDF 6.1.5 loading /work-zfs/lhc/cms/slc6_amd64_gcc493/external/lhapdf/6.1.5-kpegke3/share/LHAPDF/NNPDF30_lo_as_0130/NNPDF30_lo_as_0130_0000.dat
NNPDF30_lo_as_0130 PDF set, member #0, version 2; LHAPDF ID = 263000
 extending no. of histograms for vbf tests
 
                                                                                          
   ***************************************************************************************
   *                                JHU Generator v6.9.3                                 *
   ***************************************************************************************
   *                                                                                     *
   *   Spin and parity determination of single-produced resonances at hadron colliders   *
   *                                                                                     *
   *          I. Anderson, S. Bolognesi, F. Caola, Y. Gao, A. Gritsan, Z. Guo,           *
   *        C. Martin, K. Melnikov, R.Rontsch, H. Roskes, U. Sarica, M. Schulze,         *
   *                   N. Tran, A. Whitbeck, M. Xiao, C. You, Y. Zhou                    *
   *                Phys.Rev. D81 (2010) 075022;  arXiv:1001.3396 [hep-ph],              *
   *                Phys.Rev. D86 (2012) 095031;  arXiv:1208.4018 [hep-ph],              *
   *                Phys.Rev. D89 (2014) 035007;  arXiv:1309.4819 [hep-ph].              *
   *                                                                                     *
   ***************************************************************************************
                                                                                          
   
   Command line: ./JHUGen Unweighted=0 VegasNc0=99999999 VegasNc1=99999999 VegasNc2=99999999 LHAPDF=NNPDF30_lo_as_0130/NNPDF30_lo_as_0130.info MReso=138 ghz1=0,0 ghz2=1,0 Process=60 pTjetcut=0 deltaRcut=0
   
   Input Parameter:
    Collider: P-P, sqrt(s)=13000.00
    Resonance: spin=0, mass= 138.00 width=   0.00407
    Z-boson: mass=91.188, width=2.4952
    W-boson: mass=80.399, width=2.0850
    Jet cuts:
            pT >=     0.00 GeV
        DeltaR >=     0.00
           mJJ >=     0.00 GeV
    Random seed:   142888773
    To reproduce results using this seed, JHUGen should be compiled with the same compiler:
      GNU Fortran (GCC) 4.9.3
    
    WidthScheme:   2
    LHAPDF set NNPDF30_lo_as_0130/NNPDF30_lo_as_0130.info, member=  0
    Unweighted: F
    
    spin-0-VV couplings: 
      generate_as=F
      ghg2=  0.10000000E+01  0.00000000E+00i
      ghg3=  0.00000000E+00  0.00000000E+00i
      ghg4=  0.00000000E+00  0.00000000E+00i
      ghz1=  0.00000000E+00  0.00000000E+00i
      ghz2=  0.10000000E+01  0.00000000E+00i
      ghz3=  0.00000000E+00  0.00000000E+00i
      ghz4=  0.00000000E+00  0.00000000E+00i
      Lambda=  1000.0
    
    LHE output: ./data/output.lhe
    Histogram output: ./data/output.dat
    Log file: ./data/output.log
    
  Running

  Input parameters for vegas:  ndim=  9   ncall= 80707214.
                              it=    0    itmx=   15
                              acc=-1.00    
                              mds=  1     nd=  50
                              (xl,xu)= (  0.00000     ,  1.00000     )
                                       (  0.00000     ,  1.00000     )
                                       (  0.00000     ,  1.00000     )
                                       (  0.00000     ,  1.00000     )
                                       (  0.00000     ,  1.00000     )
                                       (  0.00000     ,  1.00000     )
                                       (  0.00000     ,  1.00000     )
                                       (  0.00000     ,  1.00000     )
                                       (  0.00000     ,  1.00000     )

#********** Integration by Vegas (iteration       1) ************
#                                                               *
#  integral  =  16102.559       accum. integral =  16102.559    *
#  std. dev. =  6249.7364       accum. std. dev =  6249.7364    *
#   min/max. wt. =    0.00000             6236.93               *
#                                                               *
#*************   chi**2/iteration = 0.7630E-12   ****************


#********** Integration by Vegas (iteration       2) ************
#                                                               *
#  integral  =  12586.096       accum. integral =  12620.027    *
#  std. dev. =  482.17719       accum. std. dev =  550.97078    *
#   min/max. wt. =    0.00000             237.267               *
#                                                               *
#*************   chi**2/iteration = 0.3889       ****************


#********** Integration by Vegas (iteration       3) ************
#                                                               *
#  integral  =  12320.201       accum. integral =  12326.467    *
#  std. dev. =  68.622781       accum. std. dev =  75.935824    *
#   min/max. wt. =    0.00000             22.5627               *
#                                                               *
#*************   chi**2/iteration = 0.3734       ****************


#********** Integration by Vegas (iteration       4) ************
#                                                               *
#  integral  =  12443.744       accum. integral =  12439.151    *
#  std. dev. =  13.845679       accum. std. dev =  14.676711    *
#   min/max. wt. =    0.00000             3.91954               *
#                                                               *
#*************   chi**2/iteration =  1.062       ****************


#********** Integration by Vegas (iteration       5) ************
#                                                               *
#  integral  =  12444.698       accum. integral =  12443.741    *
#  std. dev. =  6.1953807       accum. std. dev =  6.0054850    *
#   min/max. wt. =    0.00000            0.413290               *
#                                                               *
#*************   chi**2/iteration = 0.8504       ****************


#********** Integration by Vegas (iteration       6) ************
#                                                               *
#  integral  =  12465.018       accum. integral =  12456.112    *
#  std. dev. =  4.7897740       accum. std. dev =  3.8474971    *
#   min/max. wt. =    0.00000            0.265410               *
#                                                               *
#*************   chi**2/iteration =  2.182       ****************


#********** Integration by Vegas (iteration       7) ************
#                                                               *
#  integral  =  12463.936       accum. integral =  12459.169    *
#  std. dev. =  4.5604928       accum. std. dev =  2.9819180    *
#   min/max. wt. =    0.00000            0.474378               *
#                                                               *
#*************   chi**2/iteration =  2.118       ****************


#********** Integration by Vegas (iteration       8) ************
#                                                               *
#  integral  =  12450.732       accum. integral =  12456.682    *
#  std. dev. =  4.4050021       accum. std. dev =  2.4904081    *
#   min/max. wt. =    0.00000            0.310479               *
#                                                               *
#*************   chi**2/iteration =  2.176       ****************


#********** Integration by Vegas (iteration       9) ************
#                                                               *
#  integral  =  12454.265       accum. integral =  12456.141    *
#  std. dev. =  4.4519556       accum. std. dev =  2.1843290    *
#   min/max. wt. =    0.00000            0.554156               *
#                                                               *
#*************   chi**2/iteration =  1.947       ****************


#********** Integration by Vegas (iteration      10) ************
#                                                               *
#  integral  =  12461.673       accum. integral =  12457.168    *
#  std. dev. =  4.4154045       accum. std. dev =  1.9643861    *
#   min/max. wt. =    0.00000            0.357765               *
#                                                               *
#*************   chi**2/iteration =  1.876       ****************


#********** Integration by Vegas (iteration      11) ************
#                                                               *
#  integral  =  12454.137       accum. integral =  12456.698    *
#  std. dev. =  4.4387847       accum. std. dev =  1.8005010    *
#   min/max. wt. =    0.00000            0.697130               *
#                                                               *
#*************   chi**2/iteration =  1.735       ****************


#********** Integration by Vegas (iteration      12) ************
#                                                               *
#  integral  =  12452.504       accum. integral =  12456.130    *
#  std. dev. =  4.4163808       accum. std. dev =  1.6701432    *
#   min/max. wt. =    0.00000            0.467190               *
#                                                               *
#*************   chi**2/iteration =  1.652       ****************


#********** Integration by Vegas (iteration      13) ************
#                                                               *
#  integral  =  12458.846       accum. integral =  12456.456    *
#  std. dev. =  4.4054878       accum. std. dev =  1.5636893    *
#   min/max. wt. =    0.00000            0.161132               *
#                                                               *
#*************   chi**2/iteration =  1.547       ****************


#********** Integration by Vegas (iteration      14) ************
#                                                               *
#  integral  =  12456.267       accum. integral =  12456.436    *
#  std. dev. =  4.4406157       accum. std. dev =  1.4763266    *
#   min/max. wt. =    0.00000            0.269645               *
#                                                               *
#*************   chi**2/iteration =  1.433       ****************


#********** Integration by Vegas (iteration      15) ************
#                                                               *
#  integral  =  12448.406       accum. integral =  12455.674    *
#  std. dev. =  4.4508616       accum. std. dev =  1.4023214    *
#   min/max. wt. =    0.00000            0.192420               *
#                                                               *
#*************   chi**2/iteration =  1.536       ****************


  Input parameters for vegas:  ndim=  9   ncall= 80707214.
                              it=    0    itmx=    2
                              acc=-1.00    
                              mds=  1     nd=  50
                              (xl,xu)= (  0.00000     ,  1.00000     )
                                       (  0.00000     ,  1.00000     )
                                       (  0.00000     ,  1.00000     )
                                       (  0.00000     ,  1.00000     )
                                       (  0.00000     ,  1.00000     )
                                       (  0.00000     ,  1.00000     )
                                       (  0.00000     ,  1.00000     )
                                       (  0.00000     ,  1.00000     )
                                       (  0.00000     ,  1.00000     )

#********** Integration by Vegas (iteration       1) ************
#                                                               *
#  integral  =  12458.840       accum. integral =  12458.840    *
#  std. dev. =  4.5083169       accum. std. dev =  4.5083169    *
#   min/max. wt. =    0.00000            0.339813               *
#                                                               *
#*************   chi**2/iteration = -.1466E-05   ****************


#********** Integration by Vegas (iteration       2) ************
#                                                               *
#  integral  =  12457.654       accum. integral =  12458.249    *
#  std. dev. =  4.5244922       accum. std. dev =  3.1935644    *
#   min/max. wt. =    0.00000            0.133495               *
#                                                               *
#*************   chi**2/iteration = 0.3444E-01   ****************

 Done
