SLURM job running in:  /scratch/groups/lhc/park/JHUGen/JHUGenerator
LHAPDF 6.1.5 loading /work-zfs/lhc/cms/slc6_amd64_gcc493/external/lhapdf/6.1.5-kpegke3/share/LHAPDF/NNPDF30_lo_as_0130/NNPDF30_lo_as_0130_0000.dat
NNPDF30_lo_as_0130 PDF set, member #0, version 2; LHAPDF ID = 263000
 extending no. of histograms for vbf tests
 
                                                                                          
   ***************************************************************************************
   *                                JHU Generator v6.9.3                                 *
   ***************************************************************************************
   *                                                                                     *
   *   Spin and parity determination of single-produced resonances at hadron colliders   *
   *                                                                                     *
   *          I. Anderson, S. Bolognesi, F. Caola, Y. Gao, A. Gritsan, Z. Guo,           *
   *        C. Martin, K. Melnikov, R.Rontsch, H. Roskes, U. Sarica, M. Schulze,         *
   *                   N. Tran, A. Whitbeck, M. Xiao, C. You, Y. Zhou                    *
   *                Phys.Rev. D81 (2010) 075022;  arXiv:1001.3396 [hep-ph],              *
   *                Phys.Rev. D86 (2012) 095031;  arXiv:1208.4018 [hep-ph],              *
   *                Phys.Rev. D89 (2014) 035007;  arXiv:1309.4819 [hep-ph].              *
   *                                                                                     *
   ***************************************************************************************
                                                                                          
   
   Command line: ./JHUGen Unweighted=0 VegasNc0=99999999 VegasNc1=99999999 VegasNc2=99999999 LHAPDF=NNPDF30_lo_as_0130/NNPDF30_lo_as_0130.info MReso=144 ghz1=0,0 ghz2=1,0 Process=60 pTjetcut=0 deltaRcut=0
   
   Input Parameter:
    Collider: P-P, sqrt(s)=13000.00
    Resonance: spin=0, mass= 144.00 width=   0.00407
    Z-boson: mass=91.188, width=2.4952
    W-boson: mass=80.399, width=2.0850
    Jet cuts:
            pT >=     0.00 GeV
        DeltaR >=     0.00
           mJJ >=     0.00 GeV
    Random seed:   883311615
    To reproduce results using this seed, JHUGen should be compiled with the same compiler:
      GNU Fortran (GCC) 4.9.3
    
    WidthScheme:   2
    LHAPDF set NNPDF30_lo_as_0130/NNPDF30_lo_as_0130.info, member=  0
    Unweighted: F
    
    spin-0-VV couplings: 
      generate_as=F
      ghg2=  0.10000000E+01  0.00000000E+00i
      ghg3=  0.00000000E+00  0.00000000E+00i
      ghg4=  0.00000000E+00  0.00000000E+00i
      ghz1=  0.00000000E+00  0.00000000E+00i
      ghz2=  0.10000000E+01  0.00000000E+00i
      ghz3=  0.00000000E+00  0.00000000E+00i
      ghz4=  0.00000000E+00  0.00000000E+00i
      Lambda=  1000.0
    
    LHE output: ./data/output.lhe
    Histogram output: ./data/output.dat
    Log file: ./data/output.log
    
  Running

  Input parameters for vegas:  ndim=  9   ncall= 80707214.
                              it=    0    itmx=   15
                              acc=-1.00    
                              mds=  1     nd=  50
                              (xl,xu)= (  0.00000     ,  1.00000     )
                                       (  0.00000     ,  1.00000     )
                                       (  0.00000     ,  1.00000     )
                                       (  0.00000     ,  1.00000     )
                                       (  0.00000     ,  1.00000     )
                                       (  0.00000     ,  1.00000     )
                                       (  0.00000     ,  1.00000     )
                                       (  0.00000     ,  1.00000     )
                                       (  0.00000     ,  1.00000     )

#********** Integration by Vegas (iteration       1) ************
#                                                               *
#  integral  =  9658.0846       accum. integral =  9658.0846    *
#  std. dev. =  565.46721       accum. std. dev =  565.46721    *
#   min/max. wt. =    0.00000             423.387               *
#                                                               *
#*************   chi**2/iteration =  0.000       ****************


#********** Integration by Vegas (iteration       2) ************
#                                                               *
#  integral  =  11207.202       accum. integral =  11160.187    *
#  std. dev. =  116.08662       accum. std. dev =  106.70397    *
#   min/max. wt. =    0.00000             39.9213               *
#                                                               *
#*************   chi**2/iteration =  6.196       ****************


#********** Integration by Vegas (iteration       3) ************
#                                                               *
#  integral  =  12130.233       accum. integral =  11986.112    *
#  std. dev. =  51.683852       accum. std. dev =  43.426335    *
#   min/max. wt. =    0.00000             36.4884               *
#                                                               *
#*************   chi**2/iteration =  34.32       ****************


#********** Integration by Vegas (iteration       4) ************
#                                                               *
#  integral  =  12169.366       accum. integral =  12154.799    *
#  std. dev. =  14.059476       accum. std. dev =  12.566550    *
#   min/max. wt. =    0.00000             2.45435               *
#                                                               *
#*************   chi**2/iteration =  26.91       ****************


#********** Integration by Vegas (iteration       5) ************
#                                                               *
#  integral  =  12166.844       accum. integral =  12164.950    *
#  std. dev. =  5.8252820       accum. std. dev =  5.0580660    *
#   min/max. wt. =    0.00000            0.699929               *
#                                                               *
#*************   chi**2/iteration =  19.78       ****************


#********** Integration by Vegas (iteration       6) ************
#                                                               *
#  integral  =  12170.000       accum. integral =  12167.754    *
#  std. dev. =  4.7873043       accum. std. dev =  3.4062993    *
#   min/max. wt. =    0.00000            0.445530               *
#                                                               *
#*************   chi**2/iteration =  15.63       ****************


#********** Integration by Vegas (iteration       7) ************
#                                                               *
#  integral  =  12171.779       accum. integral =  12169.319    *
#  std. dev. =  4.4733345       accum. std. dev =  2.6814262    *
#   min/max. wt. =    0.00000            0.278167               *
#                                                               *
#*************   chi**2/iteration =  12.93       ****************


#********** Integration by Vegas (iteration       8) ************
#                                                               *
#  integral  =  12167.959       accum. integral =  12168.923    *
#  std. dev. =  4.3535101       accum. std. dev =  2.2694353    *
#   min/max. wt. =    0.00000            0.295083               *
#                                                               *
#*************   chi**2/iteration =  10.98       ****************


#********** Integration by Vegas (iteration       9) ************
#                                                               *
#  integral  =  12166.000       accum. integral =  12168.246    *
#  std. dev. =  4.2760677       accum. std. dev =  1.9970674    *
#   min/max. wt. =    0.00000            0.172551               *
#                                                               *
#*************   chi**2/iteration =  9.585       ****************


#********** Integration by Vegas (iteration      10) ************
#                                                               *
#  integral  =  12175.877       accum. integral =  12169.676    *
#  std. dev. =  4.2894567       accum. std. dev =  1.8060106    *
#   min/max. wt. =    0.00000            0.399741               *
#                                                               *
#*************   chi**2/iteration =  8.768       ****************


#********** Integration by Vegas (iteration      11) ************
#                                                               *
#  integral  =  12171.530       accum. integral =  12169.967    *
#  std. dev. =  4.3018856       accum. std. dev =  1.6624843    *
#   min/max. wt. =    0.00000            0.263162               *
#                                                               *
#*************   chi**2/iteration =  7.868       ****************


#********** Integration by Vegas (iteration      12) ************
#                                                               *
#  integral  =  12167.884       accum. integral =  12169.682    *
#  std. dev. =  4.2758523       accum. std. dev =  1.5476328    *
#   min/max. wt. =    0.00000            0.121561               *
#                                                               *
#*************   chi**2/iteration =  7.142       ****************


#********** Integration by Vegas (iteration      13) ************
#                                                               *
#  integral  =  12157.554       accum. integral =  12168.253    *
#  std. dev. =  4.3272599       accum. std. dev =  1.4560737    *
#   min/max. wt. =  -0.180514E-17        0.318474               *
#                                                               *
#*************   chi**2/iteration =  7.126       ****************


#********** Integration by Vegas (iteration      14) ************
#                                                               *
#  integral  =  12169.087       accum. integral =  12168.341    *
#  std. dev. =  4.3352332       accum. std. dev =  1.3794252    *
#   min/max. wt. =    0.00000            0.283989               *
#                                                               *
#*************   chi**2/iteration =  6.560       ****************


#********** Integration by Vegas (iteration      15) ************
#                                                               *
#  integral  =  12172.812       accum. integral =  12168.759    *
#  std. dev. =  4.3801109       accum. std. dev =  1.3151036    *
#   min/max. wt. =    0.00000            0.496153               *
#                                                               *
#*************   chi**2/iteration =  6.146       ****************


  Input parameters for vegas:  ndim=  9   ncall= 80707214.
                              it=    0    itmx=    2
                              acc=-1.00    
                              mds=  1     nd=  50
                              (xl,xu)= (  0.00000     ,  1.00000     )
                                       (  0.00000     ,  1.00000     )
                                       (  0.00000     ,  1.00000     )
                                       (  0.00000     ,  1.00000     )
                                       (  0.00000     ,  1.00000     )
                                       (  0.00000     ,  1.00000     )
                                       (  0.00000     ,  1.00000     )
                                       (  0.00000     ,  1.00000     )
                                       (  0.00000     ,  1.00000     )

#********** Integration by Vegas (iteration       1) ************
#                                                               *
#  integral  =  12170.826       accum. integral =  12170.826    *
#  std. dev. =  4.3539657       accum. std. dev =  4.3539657    *
#   min/max. wt. =    0.00000            0.339219               *
#                                                               *
#*************   chi**2/iteration =  0.000       ****************


#********** Integration by Vegas (iteration       2) ************
#                                                               *
#  integral  =  12170.221       accum. integral =  12170.525    *
#  std. dev. =  4.3699967       accum. std. dev =  3.0843706    *
#   min/max. wt. =    0.00000            0.130087               *
#                                                               *
#*************   chi**2/iteration = 0.9605E-02   ****************

 Done
