SLURM job running in:  /scratch/groups/lhc/park/JHUGen/JHUGenerator
LHAPDF 6.1.5 loading /work-zfs/lhc/cms/slc6_amd64_gcc493/external/lhapdf/6.1.5-kpegke3/share/LHAPDF/NNPDF30_lo_as_0130/NNPDF30_lo_as_0130_0000.dat
NNPDF30_lo_as_0130 PDF set, member #0, version 2; LHAPDF ID = 263000
 extending no. of histograms for vbf tests
 
                                                                                          
   ***************************************************************************************
   *                                JHU Generator v6.9.3                                 *
   ***************************************************************************************
   *                                                                                     *
   *   Spin and parity determination of single-produced resonances at hadron colliders   *
   *                                                                                     *
   *          I. Anderson, S. Bolognesi, F. Caola, Y. Gao, A. Gritsan, Z. Guo,           *
   *        C. Martin, K. Melnikov, R.Rontsch, H. Roskes, U. Sarica, M. Schulze,         *
   *                   N. Tran, A. Whitbeck, M. Xiao, C. You, Y. Zhou                    *
   *                Phys.Rev. D81 (2010) 075022;  arXiv:1001.3396 [hep-ph],              *
   *                Phys.Rev. D86 (2012) 095031;  arXiv:1208.4018 [hep-ph],              *
   *                Phys.Rev. D89 (2014) 035007;  arXiv:1309.4819 [hep-ph].              *
   *                                                                                     *
   ***************************************************************************************
                                                                                          
   
   Command line: ./JHUGen Unweighted=0 VegasNc0=99999999 VegasNc1=99999999 VegasNc2=99999999 LHAPDF=NNPDF30_lo_as_0130/NNPDF30_lo_as_0130.info MReso=146 ghz1=0,0 ghz2=1,0 Process=60 pTjetcut=0 deltaRcut=0
   
   Input Parameter:
    Collider: P-P, sqrt(s)=13000.00
    Resonance: spin=0, mass= 146.00 width=   0.00407
    Z-boson: mass=91.188, width=2.4952
    W-boson: mass=80.399, width=2.0850
    Jet cuts:
            pT >=     0.00 GeV
        DeltaR >=     0.00
           mJJ >=     0.00 GeV
    Random seed:   796318626
    To reproduce results using this seed, JHUGen should be compiled with the same compiler:
      GNU Fortran (GCC) 4.9.3
    
    WidthScheme:   2
    LHAPDF set NNPDF30_lo_as_0130/NNPDF30_lo_as_0130.info, member=  0
    Unweighted: F
    
    spin-0-VV couplings: 
      generate_as=F
      ghg2=  0.10000000E+01  0.00000000E+00i
      ghg3=  0.00000000E+00  0.00000000E+00i
      ghg4=  0.00000000E+00  0.00000000E+00i
      ghz1=  0.00000000E+00  0.00000000E+00i
      ghz2=  0.10000000E+01  0.00000000E+00i
      ghz3=  0.00000000E+00  0.00000000E+00i
      ghz4=  0.00000000E+00  0.00000000E+00i
      Lambda=  1000.0
    
    LHE output: ./data/output.lhe
    Histogram output: ./data/output.dat
    Log file: ./data/output.log
    
  Running

  Input parameters for vegas:  ndim=  9   ncall= 80707214.
                              it=    0    itmx=   15
                              acc=-1.00    
                              mds=  1     nd=  50
                              (xl,xu)= (  0.00000     ,  1.00000     )
                                       (  0.00000     ,  1.00000     )
                                       (  0.00000     ,  1.00000     )
                                       (  0.00000     ,  1.00000     )
                                       (  0.00000     ,  1.00000     )
                                       (  0.00000     ,  1.00000     )
                                       (  0.00000     ,  1.00000     )
                                       (  0.00000     ,  1.00000     )
                                       (  0.00000     ,  1.00000     )

#********** Integration by Vegas (iteration       1) ************
#                                                               *
#  integral  =  10511.794       accum. integral =  10511.794    *
#  std. dev. =  2019.4500       accum. std. dev =  2019.4500    *
#   min/max. wt. =    0.00000             1648.11               *
#                                                               *
#*************   chi**2/iteration = -.3654E-11   ****************


#********** Integration by Vegas (iteration       2) ************
#                                                               *
#  integral  =  11520.523       accum. integral =  11502.280    *
#  std. dev. =  300.36469       accum. std. dev =  284.90401    *
#   min/max. wt. =    0.00000             206.272               *
#                                                               *
#*************   chi**2/iteration = 0.2224       ****************


#********** Integration by Vegas (iteration       3) ************
#                                                               *
#  integral  =  12006.209       accum. integral =  11986.709    *
#  std. dev. =  62.232605       accum. std. dev =  57.749020    *
#   min/max. wt. =  -0.385815E-11         35.9413               *
#                                                               *
#*************   chi**2/iteration =  1.520       ****************


#********** Integration by Vegas (iteration       4) ************
#                                                               *
#  integral  =  12096.011       accum. integral =  12088.233    *
#  std. dev. =  17.015652       accum. std. dev =  15.659840    *
#   min/max. wt. =    0.00000             3.85372               *
#                                                               *
#*************   chi**2/iteration =  2.054       ****************


#********** Integration by Vegas (iteration       5) ************
#                                                               *
#  integral  =  12072.847       accum. integral =  12074.726    *
#  std. dev. =  6.1046872       accum. std. dev =  5.5228145    *
#   min/max. wt. =  -0.145754E-13         1.61965               *
#                                                               *
#*************   chi**2/iteration =  1.721       ****************


#********** Integration by Vegas (iteration       6) ************
#                                                               *
#  integral  =  12081.314       accum. integral =  12078.599    *
#  std. dev. =  4.7923566       accum. std. dev =  3.5672698    *
#   min/max. wt. =  -0.131669E-18        0.292285               *
#                                                               *
#*************   chi**2/iteration =  1.525       ****************


#********** Integration by Vegas (iteration       7) ************
#                                                               *
#  integral  =  12066.226       accum. integral =  12073.561    *
#  std. dev. =  4.4287595       accum. std. dev =  2.7581972    *
#   min/max. wt. =    0.00000            0.428681               *
#                                                               *
#*************   chi**2/iteration =  2.070       ****************


#********** Integration by Vegas (iteration       8) ************
#                                                               *
#  integral  =  12087.977       accum. integral =  12077.804    *
#  std. dev. =  4.3838537       accum. std. dev =  2.3248012    *
#   min/max. wt. =    0.00000            0.528424               *
#                                                               *
#*************   chi**2/iteration =  2.903       ****************


#********** Integration by Vegas (iteration       9) ************
#                                                               *
#  integral  =  12074.149       accum. integral =  12076.935    *
#  std. dev. =  4.2543739       accum. std. dev =  2.0347896    *
#   min/max. wt. =    0.00000            0.207525               *
#                                                               *
#*************   chi**2/iteration =  2.601       ****************


#********** Integration by Vegas (iteration      10) ************
#                                                               *
#  integral  =  12077.875       accum. integral =  12077.112    *
#  std. dev. =  4.3083899       accum. std. dev =  1.8369307    *
#   min/max. wt. =    0.00000            0.469656               *
#                                                               *
#*************   chi**2/iteration =  2.307       ****************


#********** Integration by Vegas (iteration      11) ************
#                                                               *
#  integral  =  12078.218       accum. integral =  12077.288    *
#  std. dev. =  4.2916964       accum. std. dev =  1.6868340    *
#   min/max. wt. =    0.00000            0.289300               *
#                                                               *
#*************   chi**2/iteration =  2.076       ****************


#********** Integration by Vegas (iteration      12) ************
#                                                               *
#  integral  =  12071.669       accum. integral =  12076.519    *
#  std. dev. =  4.3007989       accum. std. dev =  1.5691512    *
#   min/max. wt. =    0.00000            0.237861               *
#                                                               *
#*************   chi**2/iteration =  2.020       ****************


#********** Integration by Vegas (iteration      13) ************
#                                                               *
#  integral  =  12078.679       accum. integral =  12076.775    *
#  std. dev. =  4.3453183       accum. std. dev =  1.4750329    *
#   min/max. wt. =    0.00000            0.214006               *
#                                                               *
#*************   chi**2/iteration =  1.866       ****************


#********** Integration by Vegas (iteration      14) ************
#                                                               *
#  integral  =  12077.546       accum. integral =  12076.854    *
#  std. dev. =  4.4046219       accum. std. dev =  1.3981319    *
#   min/max. wt. =    0.00000            0.263481               *
#                                                               *
#*************   chi**2/iteration =  1.721       ****************


#********** Integration by Vegas (iteration      15) ************
#                                                               *
#  integral  =  12076.001       accum. integral =  12076.776    *
#  std. dev. =  4.4431966       accum. std. dev =  1.3332759    *
#   min/max. wt. =    0.00000            0.377869               *
#                                                               *
#*************   chi**2/iteration =  1.598       ****************


  Input parameters for vegas:  ndim=  9   ncall= 80707214.
                              it=    0    itmx=    2
                              acc=-1.00    
                              mds=  1     nd=  50
                              (xl,xu)= (  0.00000     ,  1.00000     )
                                       (  0.00000     ,  1.00000     )
                                       (  0.00000     ,  1.00000     )
                                       (  0.00000     ,  1.00000     )
                                       (  0.00000     ,  1.00000     )
                                       (  0.00000     ,  1.00000     )
                                       (  0.00000     ,  1.00000     )
                                       (  0.00000     ,  1.00000     )
                                       (  0.00000     ,  1.00000     )

#********** Integration by Vegas (iteration       1) ************
#                                                               *
#  integral  =  12081.015       accum. integral =  12081.015    *
#  std. dev. =  4.5256630       accum. std. dev =  4.5256630    *
#   min/max. wt. =    0.00000            0.626438               *
#                                                               *
#*************   chi**2/iteration =  0.000       ****************


#********** Integration by Vegas (iteration       2) ************
#                                                               *
#  integral  =  12073.955       accum. integral =  12077.500    *
#  std. dev. =  4.5425893       accum. std. dev =  3.2060911    *
#   min/max. wt. =    0.00000            0.291706               *
#                                                               *
#*************   chi**2/iteration =  1.211       ****************

 Done
