SLURM job running in:  /scratch/groups/lhc/park/JHUGen/JHUGenerator
LHAPDF 6.1.5 loading /work-zfs/lhc/cms/slc6_amd64_gcc493/external/lhapdf/6.1.5-kpegke3/share/LHAPDF/NNPDF30_lo_as_0130/NNPDF30_lo_as_0130_0000.dat
NNPDF30_lo_as_0130 PDF set, member #0, version 2; LHAPDF ID = 263000
 extending no. of histograms for vbf tests
 
                                                                                          
   ***************************************************************************************
   *                                JHU Generator v6.9.3                                 *
   ***************************************************************************************
   *                                                                                     *
   *   Spin and parity determination of single-produced resonances at hadron colliders   *
   *                                                                                     *
   *          I. Anderson, S. Bolognesi, F. Caola, Y. Gao, A. Gritsan, Z. Guo,           *
   *        C. Martin, K. Melnikov, R.Rontsch, H. Roskes, U. Sarica, M. Schulze,         *
   *                   N. Tran, A. Whitbeck, M. Xiao, C. You, Y. Zhou                    *
   *                Phys.Rev. D81 (2010) 075022;  arXiv:1001.3396 [hep-ph],              *
   *                Phys.Rev. D86 (2012) 095031;  arXiv:1208.4018 [hep-ph],              *
   *                Phys.Rev. D89 (2014) 035007;  arXiv:1309.4819 [hep-ph].              *
   *                                                                                     *
   ***************************************************************************************
                                                                                          
   
   Command line: ./JHUGen Unweighted=0 VegasNc0=99999999 VegasNc1=99999999 VegasNc2=99999999 LHAPDF=NNPDF30_lo_as_0130/NNPDF30_lo_as_0130.info MReso=156 ghz1=0,0 ghz2=1,0 Process=60 pTjetcut=0 deltaRcut=0
   
   Input Parameter:
    Collider: P-P, sqrt(s)=13000.00
    Resonance: spin=0, mass= 156.00 width=   0.00407
    Z-boson: mass=91.188, width=2.4952
    W-boson: mass=80.399, width=2.0850
    Jet cuts:
            pT >=     0.00 GeV
        DeltaR >=     0.00
           mJJ >=     0.00 GeV
    Random seed:   975854621
    To reproduce results using this seed, JHUGen should be compiled with the same compiler:
      GNU Fortran (GCC) 4.9.3
    
    WidthScheme:   2
    LHAPDF set NNPDF30_lo_as_0130/NNPDF30_lo_as_0130.info, member=  0
    Unweighted: F
    
    spin-0-VV couplings: 
      generate_as=F
      ghg2=  0.10000000E+01  0.00000000E+00i
      ghg3=  0.00000000E+00  0.00000000E+00i
      ghg4=  0.00000000E+00  0.00000000E+00i
      ghz1=  0.00000000E+00  0.00000000E+00i
      ghz2=  0.10000000E+01  0.00000000E+00i
      ghz3=  0.00000000E+00  0.00000000E+00i
      ghz4=  0.00000000E+00  0.00000000E+00i
      Lambda=  1000.0
    
    LHE output: ./data/output.lhe
    Histogram output: ./data/output.dat
    Log file: ./data/output.log
    
  Running

  Input parameters for vegas:  ndim=  9   ncall= 80707214.
                              it=    0    itmx=   15
                              acc=-1.00    
                              mds=  1     nd=  50
                              (xl,xu)= (  0.00000     ,  1.00000     )
                                       (  0.00000     ,  1.00000     )
                                       (  0.00000     ,  1.00000     )
                                       (  0.00000     ,  1.00000     )
                                       (  0.00000     ,  1.00000     )
                                       (  0.00000     ,  1.00000     )
                                       (  0.00000     ,  1.00000     )
                                       (  0.00000     ,  1.00000     )
                                       (  0.00000     ,  1.00000     )

#********** Integration by Vegas (iteration       1) ************
#                                                               *
#  integral  =  9283.1002       accum. integral =  9283.1002    *
#  std. dev. =  597.07767       accum. std. dev =  597.07767    *
#   min/max. wt. =    0.00000             490.198               *
#                                                               *
#*************   chi**2/iteration =  0.000       ****************


#********** Integration by Vegas (iteration       2) ************
#                                                               *
#  integral  =  11233.078       accum. integral =  11082.451    *
#  std. dev. =  209.04027       accum. std. dev =  184.20168    *
#   min/max. wt. =    0.00000             95.0786               *
#                                                               *
#*************   chi**2/iteration =  7.980       ****************


#********** Integration by Vegas (iteration       3) ************
#                                                               *
#  integral  =  11627.453       accum. integral =  11543.111    *
#  std. dev. =  88.938262       accum. std. dev =  75.691499    *
#   min/max. wt. =    0.00000             82.0840               *
#                                                               *
#*************   chi**2/iteration =  7.048       ****************


#********** Integration by Vegas (iteration       4) ************
#                                                               *
#  integral  =  11609.488       accum. integral =  11604.785    *
#  std. dev. =  22.544453       accum. std. dev =  20.554837    *
#   min/max. wt. =    0.00000             3.77725               *
#                                                               *
#*************   chi**2/iteration =  4.744       ****************


#********** Integration by Vegas (iteration       5) ************
#                                                               *
#  integral  =  11619.660       accum. integral =  11618.455    *
#  std. dev. =  6.4567598       accum. std. dev =  5.9192022    *
#   min/max. wt. =    0.00000            0.875454               *
#                                                               *
#*************   chi**2/iteration =  3.592       ****************


#********** Integration by Vegas (iteration       6) ************
#                                                               *
#  integral  =  11620.493       accum. integral =  11619.750    *
#  std. dev. =  4.6897015       accum. std. dev =  3.6022165    *
#   min/max. wt. =    0.00000            0.267393               *
#                                                               *
#*************   chi**2/iteration =  2.845       ****************


#********** Integration by Vegas (iteration       7) ************
#                                                               *
#  integral  =  11621.015       accum. integral =  11620.304    *
#  std. dev. =  4.2347673       accum. std. dev =  2.7153466    *
#   min/max. wt. =    0.00000            0.256096               *
#                                                               *
#*************   chi**2/iteration =  2.354       ****************


#********** Integration by Vegas (iteration       8) ************
#                                                               *
#  integral  =  11624.432       accum. integral =  11621.615    *
#  std. dev. =  4.1106624       accum. std. dev =  2.2525511    *
#   min/max. wt. =    0.00000            0.340262               *
#                                                               *
#*************   chi**2/iteration =  2.105       ****************


#********** Integration by Vegas (iteration       9) ************
#                                                               *
#  integral  =  11624.368       accum. integral =  11622.288    *
#  std. dev. =  4.0694456       accum. std. dev =  1.9639070    *
#   min/max. wt. =    0.00000            0.166522               *
#                                                               *
#*************   chi**2/iteration =  1.876       ****************


#********** Integration by Vegas (iteration      10) ************
#                                                               *
#  integral  =  11617.031       accum. integral =  11621.259    *
#  std. dev. =  4.0784179       accum. std. dev =  1.7656393    *
#   min/max. wt. =    0.00000            0.341763               *
#                                                               *
#*************   chi**2/iteration =  1.814       ****************


#********** Integration by Vegas (iteration      11) ************
#                                                               *
#  integral  =  11624.079       accum. integral =  11621.723    *
#  std. dev. =  4.0685199       accum. std. dev =  1.6172295    *
#   min/max. wt. =    0.00000            0.111021               *
#                                                               *
#*************   chi**2/iteration =  1.668       ****************


#********** Integration by Vegas (iteration      12) ************
#                                                               *
#  integral  =  11623.263       accum. integral =  11621.932    *
#  std. dev. =  4.1662275       accum. std. dev =  1.5061687    *
#   min/max. wt. =    0.00000            0.588707               *
#                                                               *
#*************   chi**2/iteration =  1.522       ****************


#********** Integration by Vegas (iteration      13) ************
#                                                               *
#  integral  =  11626.456       accum. integral =  11622.488    *
#  std. dev. =  4.0989537       accum. std. dev =  1.4126254    *
#   min/max. wt. =    0.00000            0.163134               *
#                                                               *
#*************   chi**2/iteration =  1.484       ****************


#********** Integration by Vegas (iteration      14) ************
#                                                               *
#  integral  =  11622.740       accum. integral =  11622.515    *
#  std. dev. =  4.1409270       accum. std. dev =  1.3362229    *
#   min/max. wt. =    0.00000            0.268625               *
#                                                               *
#*************   chi**2/iteration =  1.366       ****************


#********** Integration by Vegas (iteration      15) ************
#                                                               *
#  integral  =  11620.932       accum. integral =  11622.361    *
#  std. dev. =  4.1383196       accum. std. dev =  1.2710277    *
#   min/max. wt. =    0.00000            0.238963               *
#                                                               *
#*************   chi**2/iteration =  1.276       ****************


  Input parameters for vegas:  ndim=  9   ncall= 80707214.
                              it=    0    itmx=    2
                              acc=-1.00    
                              mds=  1     nd=  50
                              (xl,xu)= (  0.00000     ,  1.00000     )
                                       (  0.00000     ,  1.00000     )
                                       (  0.00000     ,  1.00000     )
                                       (  0.00000     ,  1.00000     )
                                       (  0.00000     ,  1.00000     )
                                       (  0.00000     ,  1.00000     )
                                       (  0.00000     ,  1.00000     )
                                       (  0.00000     ,  1.00000     )
                                       (  0.00000     ,  1.00000     )

#********** Integration by Vegas (iteration       1) ************
#                                                               *
#  integral  =  11629.019       accum. integral =  11629.019    *
#  std. dev. =  4.1772357       accum. std. dev =  4.1772357    *
#   min/max. wt. =    0.00000            0.298146               *
#                                                               *
#*************   chi**2/iteration =  0.000       ****************


#********** Integration by Vegas (iteration       2) ************
#                                                               *
#  integral  =  11626.951       accum. integral =  11627.994    *
#  std. dev. =  4.2122783       accum. std. dev =  2.9660613    *
#   min/max. wt. =    0.00000            0.133258               *
#                                                               *
#*************   chi**2/iteration = 0.1214       ****************

 Done
