SLURM job running in:  /scratch/groups/lhc/park/JHUGen/JHUGenerator
LHAPDF 6.1.5 loading /work-zfs/lhc/cms/slc6_amd64_gcc493/external/lhapdf/6.1.5-kpegke3/share/LHAPDF/NNPDF30_lo_as_0130/NNPDF30_lo_as_0130_0000.dat
NNPDF30_lo_as_0130 PDF set, member #0, version 2; LHAPDF ID = 263000
 extending no. of histograms for vbf tests
 
                                                                                          
   ***************************************************************************************
   *                                JHU Generator v6.9.3                                 *
   ***************************************************************************************
   *                                                                                     *
   *   Spin and parity determination of single-produced resonances at hadron colliders   *
   *                                                                                     *
   *          I. Anderson, S. Bolognesi, F. Caola, Y. Gao, A. Gritsan, Z. Guo,           *
   *        C. Martin, K. Melnikov, R.Rontsch, H. Roskes, U. Sarica, M. Schulze,         *
   *                   N. Tran, A. Whitbeck, M. Xiao, C. You, Y. Zhou                    *
   *                Phys.Rev. D81 (2010) 075022;  arXiv:1001.3396 [hep-ph],              *
   *                Phys.Rev. D86 (2012) 095031;  arXiv:1208.4018 [hep-ph],              *
   *                Phys.Rev. D89 (2014) 035007;  arXiv:1309.4819 [hep-ph].              *
   *                                                                                     *
   ***************************************************************************************
                                                                                          
   
   Command line: ./JHUGen Unweighted=0 VegasNc0=99999999 VegasNc1=99999999 VegasNc2=99999999 LHAPDF=NNPDF30_lo_as_0130/NNPDF30_lo_as_0130.info MReso=178 ghz1=0,0 ghz2=1,0 Process=60 pTjetcut=0 deltaRcut=0
   
   Input Parameter:
    Collider: P-P, sqrt(s)=13000.00
    Resonance: spin=0, mass= 178.00 width=   0.00407
    Z-boson: mass=91.188, width=2.4952
    W-boson: mass=80.399, width=2.0850
    Jet cuts:
            pT >=     0.00 GeV
        DeltaR >=     0.00
           mJJ >=     0.00 GeV
    Random seed:    75446962
    To reproduce results using this seed, JHUGen should be compiled with the same compiler:
      GNU Fortran (GCC) 4.9.3
    
    WidthScheme:   2
    LHAPDF set NNPDF30_lo_as_0130/NNPDF30_lo_as_0130.info, member=  0
    Unweighted: F
    
    spin-0-VV couplings: 
      generate_as=F
      ghg2=  0.10000000E+01  0.00000000E+00i
      ghg3=  0.00000000E+00  0.00000000E+00i
      ghg4=  0.00000000E+00  0.00000000E+00i
      ghz1=  0.00000000E+00  0.00000000E+00i
      ghz2=  0.10000000E+01  0.00000000E+00i
      ghz3=  0.00000000E+00  0.00000000E+00i
      ghz4=  0.00000000E+00  0.00000000E+00i
      Lambda=  1000.0
    
    LHE output: ./data/output.lhe
    Histogram output: ./data/output.dat
    Log file: ./data/output.log
    
  Running

  Input parameters for vegas:  ndim=  9   ncall= 80707214.
                              it=    0    itmx=   15
                              acc=-1.00    
                              mds=  1     nd=  50
                              (xl,xu)= (  0.00000     ,  1.00000     )
                                       (  0.00000     ,  1.00000     )
                                       (  0.00000     ,  1.00000     )
                                       (  0.00000     ,  1.00000     )
                                       (  0.00000     ,  1.00000     )
                                       (  0.00000     ,  1.00000     )
                                       (  0.00000     ,  1.00000     )
                                       (  0.00000     ,  1.00000     )
                                       (  0.00000     ,  1.00000     )

#********** Integration by Vegas (iteration       1) ************
#                                                               *
#  integral  =  11064.701       accum. integral =  11064.701    *
#  std. dev. =  1584.3091       accum. std. dev =  1584.3091    *
#   min/max. wt. =    0.00000             1008.90               *
#                                                               *
#*************   chi**2/iteration =  0.000       ****************


#********** Integration by Vegas (iteration       2) ************
#                                                               *
#  integral  =  10279.405       accum. integral =  10306.320    *
#  std. dev. =  277.28111       accum. std. dev =  283.08776    *
#   min/max. wt. =    0.00000             196.873               *
#                                                               *
#*************   chi**2/iteration = 0.2545       ****************


#********** Integration by Vegas (iteration       3) ************
#                                                               *
#  integral  =  10713.615       accum. integral =  10702.582    *
#  std. dev. =  47.386939       accum. std. dev =  46.640923    *
#   min/max. wt. =    0.00000             20.7182               *
#                                                               *
#*************   chi**2/iteration =  1.131       ****************


#********** Integration by Vegas (iteration       4) ************
#                                                               *
#  integral  =  10708.388       accum. integral =  10708.019    *
#  std. dev. =  12.170717       accum. std. dev =  11.763055    *
#   min/max. wt. =    0.00000             2.53012               *
#                                                               *
#*************   chi**2/iteration = 0.7586       ****************


#********** Integration by Vegas (iteration       5) ************
#                                                               *
#  integral  =  10705.003       accum. integral =  10705.482    *
#  std. dev. =  5.1207898       accum. std. dev =  4.6924167    *
#   min/max. wt. =    0.00000            0.523256               *
#                                                               *
#*************   chi**2/iteration = 0.5826       ****************


#********** Integration by Vegas (iteration       6) ************
#                                                               *
#  integral  =  10698.913       accum. integral =  10701.781    *
#  std. dev. =  4.1315259       accum. std. dev =  3.1006654    *
#   min/max. wt. =    0.00000            0.326426               *
#                                                               *
#*************   chi**2/iteration = 0.6868       ****************


#********** Integration by Vegas (iteration       7) ************
#                                                               *
#  integral  =  10696.329       accum. integral =  10699.666    *
#  std. dev. =  3.8936002       accum. std. dev =  2.4255871    *
#   min/max. wt. =    0.00000            0.231178               *
#                                                               *
#*************   chi**2/iteration = 0.7723       ****************


#********** Integration by Vegas (iteration       8) ************
#                                                               *
#  integral  =  10710.434       accum. integral =  10702.748    *
#  std. dev. =  3.8347365       accum. std. dev =  2.0495203    *
#   min/max. wt. =    0.00000            0.420477               *
#                                                               *
#*************   chi**2/iteration =  1.468       ****************


#********** Integration by Vegas (iteration       9) ************
#                                                               *
#  integral  =  10699.806       accum. integral =  10702.076    *
#  std. dev. =  3.7677669       accum. std. dev =  1.8003759    *
#   min/max. wt. =    0.00000            0.219315               *
#                                                               *
#*************   chi**2/iteration =  1.343       ****************


#********** Integration by Vegas (iteration      10) ************
#                                                               *
#  integral  =  10703.037       accum. integral =  10702.256    *
#  std. dev. =  3.7533703       accum. std. dev =  1.6232367    *
#   min/max. wt. =    0.00000            0.235342               *
#                                                               *
#*************   chi**2/iteration =  1.200       ****************


#********** Integration by Vegas (iteration      11) ************
#                                                               *
#  integral  =  10695.792       accum. integral =  10701.237    *
#  std. dev. =  3.7498924       accum. std. dev =  1.4896924    *
#   min/max. wt. =    0.00000            0.173990               *
#                                                               *
#*************   chi**2/iteration =  1.330       ****************


#********** Integration by Vegas (iteration      12) ************
#                                                               *
#  integral  =  10701.797       accum. integral =  10701.311    *
#  std. dev. =  3.7987341       accum. std. dev =  1.3868470    *
#   min/max. wt. =    0.00000            0.203195               *
#                                                               *
#*************   chi**2/iteration =  1.211       ****************


#********** Integration by Vegas (iteration      13) ************
#                                                               *
#  integral  =  10697.554       accum. integral =  10700.874    *
#  std. dev. =  3.8211998       accum. std. dev =  1.3036516    *
#   min/max. wt. =    0.00000            0.414619               *
#                                                               *
#*************   chi**2/iteration =  1.181       ****************


#********** Integration by Vegas (iteration      14) ************
#                                                               *
#  integral  =  10702.110       accum. integral =  10701.002    *
#  std. dev. =  3.8326289       accum. std. dev =  1.2341961    *
#   min/max. wt. =    0.00000            0.124139               *
#                                                               *
#*************   chi**2/iteration =  1.097       ****************


#********** Integration by Vegas (iteration      15) ************
#                                                               *
#  integral  =  10706.495       accum. integral =  10701.512    *
#  std. dev. =  3.8611718       accum. std. dev =  1.1755796    *
#   min/max. wt. =    0.00000            0.154214               *
#                                                               *
#*************   chi**2/iteration =  1.150       ****************


  Input parameters for vegas:  ndim=  9   ncall= 80707214.
                              it=    0    itmx=    2
                              acc=-1.00    
                              mds=  1     nd=  50
                              (xl,xu)= (  0.00000     ,  1.00000     )
                                       (  0.00000     ,  1.00000     )
                                       (  0.00000     ,  1.00000     )
                                       (  0.00000     ,  1.00000     )
                                       (  0.00000     ,  1.00000     )
                                       (  0.00000     ,  1.00000     )
                                       (  0.00000     ,  1.00000     )
                                       (  0.00000     ,  1.00000     )
                                       (  0.00000     ,  1.00000     )

#********** Integration by Vegas (iteration       1) ************
#                                                               *
#  integral  =  10702.579       accum. integral =  10702.579    *
#  std. dev. =  3.8878538       accum. std. dev =  3.8878538    *
#   min/max. wt. =    0.00000            0.221228               *
#                                                               *
#*************   chi**2/iteration = 0.2957E-05   ****************


#********** Integration by Vegas (iteration       2) ************
#                                                               *
#  integral  =  10699.798       accum. integral =  10701.204    *
#  std. dev. =  3.9291871       accum. std. dev =  2.7636216    *
#   min/max. wt. =    0.00000            0.161447               *
#                                                               *
#*************   chi**2/iteration = 0.2529       ****************

 Done
