SLURM job running in:  /scratch/groups/lhc/park/JHUGen/JHUGenerator
LHAPDF 6.1.5 loading /work-zfs/lhc/cms/slc6_amd64_gcc493/external/lhapdf/6.1.5-kpegke3/share/LHAPDF/NNPDF30_lo_as_0130/NNPDF30_lo_as_0130_0000.dat
NNPDF30_lo_as_0130 PDF set, member #0, version 2; LHAPDF ID = 263000
 extending no. of histograms for vbf tests
 
                                                                                          
   ***************************************************************************************
   *                                JHU Generator v6.9.3                                 *
   ***************************************************************************************
   *                                                                                     *
   *   Spin and parity determination of single-produced resonances at hadron colliders   *
   *                                                                                     *
   *          I. Anderson, S. Bolognesi, F. Caola, Y. Gao, A. Gritsan, Z. Guo,           *
   *        C. Martin, K. Melnikov, R.Rontsch, H. Roskes, U. Sarica, M. Schulze,         *
   *                   N. Tran, A. Whitbeck, M. Xiao, C. You, Y. Zhou                    *
   *                Phys.Rev. D81 (2010) 075022;  arXiv:1001.3396 [hep-ph],              *
   *                Phys.Rev. D86 (2012) 095031;  arXiv:1208.4018 [hep-ph],              *
   *                Phys.Rev. D89 (2014) 035007;  arXiv:1309.4819 [hep-ph].              *
   *                                                                                     *
   ***************************************************************************************
                                                                                          
   
   Command line: ./JHUGen Unweighted=0 VegasNc0=99999999 VegasNc1=99999999 VegasNc2=99999999 LHAPDF=NNPDF30_lo_as_0130/NNPDF30_lo_as_0130.info MReso=2200 ghz1=0,0 ghz2=1,0 Process=60 pTjetcut=0 deltaRcut=0
   
   Input Parameter:
    Collider: P-P, sqrt(s)=13000.00
    Resonance: spin=0, mass=2200.00 width=   0.00407
    Z-boson: mass=91.188, width=2.4952
    W-boson: mass=80.399, width=2.0850
    Jet cuts:
            pT >=     0.00 GeV
        DeltaR >=     0.00
           mJJ >=     0.00 GeV
    Random seed:   837313275
    To reproduce results using this seed, JHUGen should be compiled with the same compiler:
      GNU Fortran (GCC) 4.9.3
    
    WidthScheme:   2
    LHAPDF set NNPDF30_lo_as_0130/NNPDF30_lo_as_0130.info, member=  0
    Unweighted: F
    
    spin-0-VV couplings: 
      generate_as=F
      ghg2=  0.10000000E+01  0.00000000E+00i
      ghg3=  0.00000000E+00  0.00000000E+00i
      ghg4=  0.00000000E+00  0.00000000E+00i
      ghz1=  0.00000000E+00  0.00000000E+00i
      ghz2=  0.10000000E+01  0.00000000E+00i
      ghz3=  0.00000000E+00  0.00000000E+00i
      ghz4=  0.00000000E+00  0.00000000E+00i
      Lambda=  1000.0
    
    LHE output: ./data/output.lhe
    Histogram output: ./data/output.dat
    Log file: ./data/output.log
    
  Running

  Input parameters for vegas:  ndim=  9   ncall= 80707214.
                              it=    0    itmx=   15
                              acc=-1.00    
                              mds=  1     nd=  50
                              (xl,xu)= (  0.00000     ,  1.00000     )
                                       (  0.00000     ,  1.00000     )
                                       (  0.00000     ,  1.00000     )
                                       (  0.00000     ,  1.00000     )
                                       (  0.00000     ,  1.00000     )
                                       (  0.00000     ,  1.00000     )
                                       (  0.00000     ,  1.00000     )
                                       (  0.00000     ,  1.00000     )
                                       (  0.00000     ,  1.00000     )

#********** Integration by Vegas (iteration       1) ************
#                                                               *
#  integral  =  151.89321       accum. integral =  151.89321    *
#  std. dev. =  57.082779       accum. std. dev =  57.082779    *
#   min/max. wt. =    0.00000             50.1026               *
#                                                               *
#*************   chi**2/iteration =  0.000       ****************


#********** Integration by Vegas (iteration       2) ************
#                                                               *
#  integral  =  279.06593       accum. integral =  197.74982    *
#  std. dev. =  139.65643       accum. std. dev =  67.514153    *
#   min/max. wt. =    0.00000             136.232               *
#                                                               *
#*************   chi**2/iteration = 0.8172       ****************


#********** Integration by Vegas (iteration       3) ************
#                                                               *
#  integral  =  118.76944       accum. integral =  119.06687    *
#  std. dev. =  2.1943886       accum. std. dev =  3.6114586    *
#   min/max. wt. =    0.00000             1.49390               *
#                                                               *
#*************   chi**2/iteration =  1.435       ****************


#********** Integration by Vegas (iteration       4) ************
#                                                               *
#  integral  =  124.99225       accum. integral =  124.90483    *
#  std. dev. = 0.28205646       accum. std. dev = 0.40485343    *
#   min/max. wt. =    0.00000            0.776793E-01           *
#                                                               *
#*************   chi**2/iteration =  2.161       ****************


#********** Integration by Vegas (iteration       5) ************
#                                                               *
#  integral  =  124.43369       accum. integral =  124.45985    *
#  std. dev. = 0.67581458E-01   accum. std. dev = 0.90243661E-01*
#   min/max. wt. =    0.00000            0.135554E-01           *
#                                                               *
#*************   chi**2/iteration =  2.168       ****************


#********** Integration by Vegas (iteration       6) ************
#                                                               *
#  integral  =  124.50346       accum. integral =  124.49133    *
#  std. dev. = 0.40780634E-01   accum. std. dev = 0.45683752E-01*
#   min/max. wt. =    0.00000            0.236340E-02           *
#                                                               *
#*************   chi**2/iteration =  1.919       ****************


#********** Integration by Vegas (iteration       7) ************
#                                                               *
#  integral  =  124.48174       accum. integral =  124.48654    *
#  std. dev. = 0.34646872E-01   accum. std. dev = 0.31308532E-01*
#   min/max. wt. =    0.00000            0.197324E-02           *
#                                                               *
#*************   chi**2/iteration =  1.706       ****************


#********** Integration by Vegas (iteration       8) ************
#                                                               *
#  integral  =  124.53384       accum. integral =  124.50314    *
#  std. dev. = 0.33329407E-01   accum. std. dev = 0.24605174E-01*
#   min/max. wt. =    0.00000            0.215090E-02           *
#                                                               *
#*************   chi**2/iteration =  1.657       ****************


#********** Integration by Vegas (iteration       9) ************
#                                                               *
#  integral  =  124.51314       accum. integral =  124.50584    *
#  std. dev. = 0.32467425E-01   accum. std. dev = 0.20603489E-01*
#   min/max. wt. =    0.00000            0.144413E-02           *
#                                                               *
#*************   chi**2/iteration =  1.516       ****************


#********** Integration by Vegas (iteration      10) ************
#                                                               *
#  integral  =  124.49310       accum. integral =  124.50312    *
#  std. dev. = 0.32417640E-01   accum. std. dev = 0.17973800E-01*
#   min/max. wt. =    0.00000            0.177042E-02           *
#                                                               *
#*************   chi**2/iteration =  1.403       ****************


#********** Integration by Vegas (iteration      11) ************
#                                                               *
#  integral  =  124.57980       accum. integral =  124.51681    *
#  std. dev. = 0.32124463E-01   accum. std. dev = 0.16063018E-01*
#   min/max. wt. =    0.00000            0.209201E-02           *
#                                                               *
#*************   chi**2/iteration =  1.633       ****************


#********** Integration by Vegas (iteration      12) ************
#                                                               *
#  integral  =  124.51071       accum. integral =  124.51591    *
#  std. dev. = 0.32662004E-01   accum. std. dev = 0.14656320E-01*
#   min/max. wt. =    0.00000            0.194051E-02           *
#                                                               *
#*************   chi**2/iteration =  1.522       ****************


#********** Integration by Vegas (iteration      13) ************
#                                                               *
#  integral  =  124.47737       accum. integral =  124.51091    *
#  std. dev. = 0.32422977E-01   accum. std. dev = 0.13529304E-01*
#   min/max. wt. =    0.00000            0.150012E-02           *
#                                                               *
#*************   chi**2/iteration =  1.502       ****************


#********** Integration by Vegas (iteration      14) ************
#                                                               *
#  integral  =  124.56957       accum. integral =  124.51741    *
#  std. dev. = 0.33108190E-01   accum. std. dev = 0.12641418E-01*
#   min/max. wt. =    0.00000            0.161628E-02           *
#                                                               *
#*************   chi**2/iteration =  1.575       ****************


#********** Integration by Vegas (iteration      15) ************
#                                                               *
#  integral  =  124.54732       accum. integral =  124.52036    *
#  std. dev. = 0.33319143E-01   accum. std. dev = 0.11905502E-01*
#   min/max. wt. =    0.00000            0.171473E-02           *
#                                                               *
#*************   chi**2/iteration =  1.526       ****************


  Input parameters for vegas:  ndim=  9   ncall= 80707214.
                              it=    0    itmx=    2
                              acc=-1.00    
                              mds=  1     nd=  50
                              (xl,xu)= (  0.00000     ,  1.00000     )
                                       (  0.00000     ,  1.00000     )
                                       (  0.00000     ,  1.00000     )
                                       (  0.00000     ,  1.00000     )
                                       (  0.00000     ,  1.00000     )
                                       (  0.00000     ,  1.00000     )
                                       (  0.00000     ,  1.00000     )
                                       (  0.00000     ,  1.00000     )
                                       (  0.00000     ,  1.00000     )

#********** Integration by Vegas (iteration       1) ************
#                                                               *
#  integral  =  124.52177       accum. integral =  124.52177    *
#  std. dev. = 0.33693361E-01   accum. std. dev = 0.33693361E-01*
#   min/max. wt. =    0.00000            0.127161E-02           *
#                                                               *
#*************   chi**2/iteration =  0.000       ****************


#********** Integration by Vegas (iteration       2) ************
#                                                               *
#  integral  =  124.57093       accum. integral =  124.54580    *
#  std. dev. = 0.34476943E-01   accum. std. dev = 0.24097175E-01*
#   min/max. wt. =    0.00000            0.127774E-02           *
#                                                               *
#*************   chi**2/iteration =  1.039       ****************

 Done
