SLURM job running in:  /scratch/groups/lhc/park/JHUGen/JHUGenerator
LHAPDF 6.1.5 loading /work-zfs/lhc/cms/slc6_amd64_gcc493/external/lhapdf/6.1.5-kpegke3/share/LHAPDF/NNPDF30_lo_as_0130/NNPDF30_lo_as_0130_0000.dat
NNPDF30_lo_as_0130 PDF set, member #0, version 2; LHAPDF ID = 263000
 extending no. of histograms for vbf tests
 
                                                                                          
   ***************************************************************************************
   *                                JHU Generator v6.9.3                                 *
   ***************************************************************************************
   *                                                                                     *
   *   Spin and parity determination of single-produced resonances at hadron colliders   *
   *                                                                                     *
   *          I. Anderson, S. Bolognesi, F. Caola, Y. Gao, A. Gritsan, Z. Guo,           *
   *        C. Martin, K. Melnikov, R.Rontsch, H. Roskes, U. Sarica, M. Schulze,         *
   *                   N. Tran, A. Whitbeck, M. Xiao, C. You, Y. Zhou                    *
   *                Phys.Rev. D81 (2010) 075022;  arXiv:1001.3396 [hep-ph],              *
   *                Phys.Rev. D86 (2012) 095031;  arXiv:1208.4018 [hep-ph],              *
   *                Phys.Rev. D89 (2014) 035007;  arXiv:1309.4819 [hep-ph].              *
   *                                                                                     *
   ***************************************************************************************
                                                                                          
   
   Command line: ./JHUGen Unweighted=0 VegasNc0=99999999 VegasNc1=99999999 VegasNc2=99999999 LHAPDF=NNPDF30_lo_as_0130/NNPDF30_lo_as_0130.info MReso=224 ghz1=0,0 ghz2=1,0 Process=60 pTjetcut=0 deltaRcut=0
   
   Input Parameter:
    Collider: P-P, sqrt(s)=13000.00
    Resonance: spin=0, mass= 224.00 width=   0.00407
    Z-boson: mass=91.188, width=2.4952
    W-boson: mass=80.399, width=2.0850
    Jet cuts:
            pT >=     0.00 GeV
        DeltaR >=     0.00
           mJJ >=     0.00 GeV
    Random seed:   979824614
    To reproduce results using this seed, JHUGen should be compiled with the same compiler:
      GNU Fortran (GCC) 4.9.3
    
    WidthScheme:   2
    LHAPDF set NNPDF30_lo_as_0130/NNPDF30_lo_as_0130.info, member=  0
    Unweighted: F
    
    spin-0-VV couplings: 
      generate_as=F
      ghg2=  0.10000000E+01  0.00000000E+00i
      ghg3=  0.00000000E+00  0.00000000E+00i
      ghg4=  0.00000000E+00  0.00000000E+00i
      ghz1=  0.00000000E+00  0.00000000E+00i
      ghz2=  0.10000000E+01  0.00000000E+00i
      ghz3=  0.00000000E+00  0.00000000E+00i
      ghz4=  0.00000000E+00  0.00000000E+00i
      Lambda=  1000.0
    
    LHE output: ./data/output.lhe
    Histogram output: ./data/output.dat
    Log file: ./data/output.log
    
  Running

  Input parameters for vegas:  ndim=  9   ncall= 80707214.
                              it=    0    itmx=   15
                              acc=-1.00    
                              mds=  1     nd=  50
                              (xl,xu)= (  0.00000     ,  1.00000     )
                                       (  0.00000     ,  1.00000     )
                                       (  0.00000     ,  1.00000     )
                                       (  0.00000     ,  1.00000     )
                                       (  0.00000     ,  1.00000     )
                                       (  0.00000     ,  1.00000     )
                                       (  0.00000     ,  1.00000     )
                                       (  0.00000     ,  1.00000     )
                                       (  0.00000     ,  1.00000     )

#********** Integration by Vegas (iteration       1) ************
#                                                               *
#  integral  =  7509.7902       accum. integral =  7509.7902    *
#  std. dev. =  777.64579       accum. std. dev =  777.64579    *
#   min/max. wt. =    0.00000             751.858               *
#                                                               *
#*************   chi**2/iteration =  0.000       ****************


#********** Integration by Vegas (iteration       2) ************
#                                                               *
#  integral  =  8915.2690       accum. integral =  8830.2397    *
#  std. dev. =  234.26749       accum. std. dev =  209.93625    *
#   min/max. wt. =    0.00000             163.391               *
#                                                               *
#*************   chi**2/iteration =  2.545       ****************


#********** Integration by Vegas (iteration       3) ************
#                                                               *
#  integral  =  9092.5039       accum. integral =  9084.9020    *
#  std. dev. =  40.012063       accum. std. dev =  37.011575    *
#   min/max. wt. =    0.00000             17.1472               *
#                                                               *
#*************   chi**2/iteration =  1.894       ****************


#********** Integration by Vegas (iteration       4) ************
#                                                               *
#  integral  =  9054.2151       accum. integral =  9055.5273    *
#  std. dev. =  8.2982910       accum. std. dev =  7.7725373    *
#   min/max. wt. =    0.00000             1.83257               *
#                                                               *
#*************   chi**2/iteration =  1.437       ****************


#********** Integration by Vegas (iteration       5) ************
#                                                               *
#  integral  =  9064.8763       accum. integral =  9062.8533    *
#  std. dev. =  4.2714665       accum. std. dev =  3.6493167    *
#   min/max. wt. =    0.00000            0.557717               *
#                                                               *
#*************   chi**2/iteration =  1.336       ****************


#********** Integration by Vegas (iteration       6) ************
#                                                               *
#  integral  =  9064.7408       accum. integral =  9063.8825    *
#  std. dev. =  3.4530096       accum. std. dev =  2.4759220    *
#   min/max. wt. =    0.00000            0.222196               *
#                                                               *
#*************   chi**2/iteration =  1.085       ****************


#********** Integration by Vegas (iteration       7) ************
#                                                               *
#  integral  =  9068.3951       accum. integral =  9065.6184    *
#  std. dev. =  3.2261020       accum. std. dev =  1.9506724    *
#   min/max. wt. =    0.00000            0.210363               *
#                                                               *
#*************   chi**2/iteration =  1.107       ****************


#********** Integration by Vegas (iteration       8) ************
#                                                               *
#  integral  =  9063.2817       accum. integral =  9064.9418    *
#  std. dev. =  3.1324265       accum. std. dev =  1.6494106    *
#   min/max. wt. =    0.00000            0.198091               *
#                                                               *
#*************   chi**2/iteration =  1.002       ****************


#********** Integration by Vegas (iteration       9) ************
#                                                               *
#  integral  =  9067.7098       accum. integral =  9065.5727    *
#  std. dev. =  3.1038781       accum. std. dev =  1.4529564    *
#   min/max. wt. =    0.00000            0.140876               *
#                                                               *
#*************   chi**2/iteration = 0.9522       ****************


#********** Integration by Vegas (iteration      10) ************
#                                                               *
#  integral  =  9060.1493       accum. integral =  9064.5628    *
#  std. dev. =  3.0952948       accum. std. dev =  1.3132390    *
#   min/max. wt. =    0.00000            0.151478               *
#                                                               *
#*************   chi**2/iteration =  1.130       ****************


#********** Integration by Vegas (iteration      11) ************
#                                                               *
#  integral  =  9062.7220       accum. integral =  9064.2748    *
#  std. dev. =  3.1020574       accum. std. dev =  1.2080479    *
#   min/max. wt. =    0.00000            0.132356               *
#                                                               *
#*************   chi**2/iteration =  1.045       ****************


#********** Integration by Vegas (iteration      12) ************
#                                                               *
#  integral  =  9063.0851       accum. integral =  9064.1169    *
#  std. dev. =  3.1373101       accum. std. dev =  1.1265412    *
#   min/max. wt. =    0.00000            0.137604               *
#                                                               *
#*************   chi**2/iteration = 0.9589       ****************


#********** Integration by Vegas (iteration      13) ************
#                                                               *
#  integral  =  9059.3571       accum. integral =  9063.5618    *
#  std. dev. =  3.1437722       accum. std. dev =  1.0599580    *
#   min/max. wt. =    0.00000            0.106744               *
#                                                               *
#*************   chi**2/iteration =  1.050       ****************


#********** Integration by Vegas (iteration      14) ************
#                                                               *
#  integral  =  9051.9219       accum. integral =  9062.3842    *
#  std. dev. =  3.1975207       accum. std. dev =  1.0057818    *
#   min/max. wt. =    0.00000            0.337113               *
#                                                               *
#*************   chi**2/iteration =  1.905       ****************


#********** Integration by Vegas (iteration      15) ************
#                                                               *
#  integral  =  9062.3866       accum. integral =  9062.3844    *
#  std. dev. =  3.2049254       accum. std. dev = 0.95936219    *
#   min/max. wt. =    0.00000            0.199507               *
#                                                               *
#*************   chi**2/iteration =  1.766       ****************


  Input parameters for vegas:  ndim=  9   ncall= 80707214.
                              it=    0    itmx=    2
                              acc=-1.00    
                              mds=  1     nd=  50
                              (xl,xu)= (  0.00000     ,  1.00000     )
                                       (  0.00000     ,  1.00000     )
                                       (  0.00000     ,  1.00000     )
                                       (  0.00000     ,  1.00000     )
                                       (  0.00000     ,  1.00000     )
                                       (  0.00000     ,  1.00000     )
                                       (  0.00000     ,  1.00000     )
                                       (  0.00000     ,  1.00000     )
                                       (  0.00000     ,  1.00000     )

#********** Integration by Vegas (iteration       1) ************
#                                                               *
#  integral  =  9065.0876       accum. integral =  9065.0876    *
#  std. dev. =  3.2139824       accum. std. dev =  3.2139824    *
#   min/max. wt. =    0.00000            0.193345               *
#                                                               *
#*************   chi**2/iteration =  0.000       ****************


#********** Integration by Vegas (iteration       2) ************
#                                                               *
#  integral  =  9059.4651       accum. integral =  9062.3244    *
#  std. dev. =  3.2673520       accum. std. dev =  2.2912530    *
#   min/max. wt. =    0.00000            0.265734               *
#                                                               *
#*************   chi**2/iteration =  1.503       ****************

 Done
