SLURM job running in:  /scratch/groups/lhc/park/JHUGen/JHUGenerator
LHAPDF 6.1.5 loading /work-zfs/lhc/cms/slc6_amd64_gcc493/external/lhapdf/6.1.5-kpegke3/share/LHAPDF/NNPDF30_lo_as_0130/NNPDF30_lo_as_0130_0000.dat
NNPDF30_lo_as_0130 PDF set, member #0, version 2; LHAPDF ID = 263000
 extending no. of histograms for vbf tests
 
                                                                                          
   ***************************************************************************************
   *                                JHU Generator v6.9.3                                 *
   ***************************************************************************************
   *                                                                                     *
   *   Spin and parity determination of single-produced resonances at hadron colliders   *
   *                                                                                     *
   *          I. Anderson, S. Bolognesi, F. Caola, Y. Gao, A. Gritsan, Z. Guo,           *
   *        C. Martin, K. Melnikov, R.Rontsch, H. Roskes, U. Sarica, M. Schulze,         *
   *                   N. Tran, A. Whitbeck, M. Xiao, C. You, Y. Zhou                    *
   *                Phys.Rev. D81 (2010) 075022;  arXiv:1001.3396 [hep-ph],              *
   *                Phys.Rev. D86 (2012) 095031;  arXiv:1208.4018 [hep-ph],              *
   *                Phys.Rev. D89 (2014) 035007;  arXiv:1309.4819 [hep-ph].              *
   *                                                                                     *
   ***************************************************************************************
                                                                                          
   
   Command line: ./JHUGen Unweighted=0 VegasNc0=99999999 VegasNc1=99999999 VegasNc2=99999999 LHAPDF=NNPDF30_lo_as_0130/NNPDF30_lo_as_0130.info MReso=226 ghz1=0,0 ghz2=1,0 Process=60 pTjetcut=0 deltaRcut=0
   
   Input Parameter:
    Collider: P-P, sqrt(s)=13000.00
    Resonance: spin=0, mass= 226.00 width=   0.00407
    Z-boson: mass=91.188, width=2.4952
    W-boson: mass=80.399, width=2.0850
    Jet cuts:
            pT >=     0.00 GeV
        DeltaR >=     0.00
           mJJ >=     0.00 GeV
    Random seed:   569246388
    To reproduce results using this seed, JHUGen should be compiled with the same compiler:
      GNU Fortran (GCC) 4.9.3
    
    WidthScheme:   2
    LHAPDF set NNPDF30_lo_as_0130/NNPDF30_lo_as_0130.info, member=  0
    Unweighted: F
    
    spin-0-VV couplings: 
      generate_as=F
      ghg2=  0.10000000E+01  0.00000000E+00i
      ghg3=  0.00000000E+00  0.00000000E+00i
      ghg4=  0.00000000E+00  0.00000000E+00i
      ghz1=  0.00000000E+00  0.00000000E+00i
      ghz2=  0.10000000E+01  0.00000000E+00i
      ghz3=  0.00000000E+00  0.00000000E+00i
      ghz4=  0.00000000E+00  0.00000000E+00i
      Lambda=  1000.0
    
    LHE output: ./data/output.lhe
    Histogram output: ./data/output.dat
    Log file: ./data/output.log
    
  Running

  Input parameters for vegas:  ndim=  9   ncall= 80707214.
                              it=    0    itmx=   15
                              acc=-1.00    
                              mds=  1     nd=  50
                              (xl,xu)= (  0.00000     ,  1.00000     )
                                       (  0.00000     ,  1.00000     )
                                       (  0.00000     ,  1.00000     )
                                       (  0.00000     ,  1.00000     )
                                       (  0.00000     ,  1.00000     )
                                       (  0.00000     ,  1.00000     )
                                       (  0.00000     ,  1.00000     )
                                       (  0.00000     ,  1.00000     )
                                       (  0.00000     ,  1.00000     )

#********** Integration by Vegas (iteration       1) ************
#                                                               *
#  integral  =  12759.731       accum. integral =  12759.731    *
#  std. dev. =  5359.3456       accum. std. dev =  5359.3456    *
#   min/max. wt. =    0.00000             5338.12               *
#                                                               *
#*************   chi**2/iteration =  0.000       ****************


#********** Integration by Vegas (iteration       2) ************
#                                                               *
#  integral  =  8173.1167       accum. integral =  8199.1181    *
#  std. dev. =  259.20604       accum. std. dev =  338.84717    *
#   min/max. wt. =    0.00000             223.470               *
#                                                               *
#*************   chi**2/iteration =  1.032       ****************


#********** Integration by Vegas (iteration       3) ************
#                                                               *
#  integral  =  8919.8498       accum. integral =  8904.2560    *
#  std. dev. =  41.948744       accum. std. dev =  47.222907    *
#   min/max. wt. =    0.00000             11.1868               *
#                                                               *
#*************   chi**2/iteration =  3.039       ****************


#********** Integration by Vegas (iteration       4) ************
#                                                               *
#  integral  =  9009.7778       accum. integral =  9004.2743    *
#  std. dev. =  9.8311863       accum. std. dev =  10.494404    *
#   min/max. wt. =    0.00000             2.99160               *
#                                                               *
#*************   chi**2/iteration =  3.806       ****************


#********** Integration by Vegas (iteration       5) ************
#                                                               *
#  integral  =  8997.8986       accum. integral =  8999.0551    *
#  std. dev. =  4.4997387       accum. std. dev =  4.3928973    *
#   min/max. wt. =    0.00000            0.840570               *
#                                                               *
#*************   chi**2/iteration =  3.033       ****************


#********** Integration by Vegas (iteration       6) ************
#                                                               *
#  integral  =  9000.2759       accum. integral =  8999.7481    *
#  std. dev. =  3.5540317       accum. std. dev =  2.8544456    *
#   min/max. wt. =    0.00000            0.496213               *
#                                                               *
#*************   chi**2/iteration =  2.494       ****************


#********** Integration by Vegas (iteration       7) ************
#                                                               *
#  integral  =  8994.9642       accum. integral =  8997.7899    *
#  std. dev. =  3.2145985       accum. std. dev =  2.1747105    *
#   min/max. wt. =    0.00000            0.110630               *
#                                                               *
#*************   chi**2/iteration =  2.310       ****************


#********** Integration by Vegas (iteration       8) ************
#                                                               *
#  integral  =  9001.0247       accum. integral =  8998.7652    *
#  std. dev. =  3.1324828       accum. std. dev =  1.8056294    *
#   min/max. wt. =    0.00000            0.152669               *
#                                                               *
#*************   chi**2/iteration =  2.103       ****************


#********** Integration by Vegas (iteration       9) ************
#                                                               *
#  integral  =  8992.8317       accum. integral =  8997.3565    *
#  std. dev. =  3.0798333       accum. std. dev =  1.5685051    *
#   min/max. wt. =    0.00000            0.147635               *
#                                                               *
#*************   chi**2/iteration =  2.183       ****************


#********** Integration by Vegas (iteration      10) ************
#                                                               *
#  integral  =  8995.3990       accum. integral =  8996.9813    *
#  std. dev. =  3.0827491       accum. std. dev =  1.4042623    *
#   min/max. wt. =    0.00000            0.162506               *
#                                                               *
#*************   chi**2/iteration =  1.991       ****************


#********** Integration by Vegas (iteration      11) ************
#                                                               *
#  integral  =  8997.2793       accum. integral =  8997.0295    *
#  std. dev. =  3.0729035       accum. std. dev =  1.2812338    *
#   min/max. wt. =    0.00000            0.141054               *
#                                                               *
#*************   chi**2/iteration =  1.805       ****************


#********** Integration by Vegas (iteration      12) ************
#                                                               *
#  integral  =  9001.5920       accum. integral =  8997.6551    *
#  std. dev. =  3.1017236       accum. std. dev =  1.1867424    *
#   min/max. wt. =    0.00000            0.284974               *
#                                                               *
#*************   chi**2/iteration =  1.809       ****************


#********** Integration by Vegas (iteration      13) ************
#                                                               *
#  integral  =  8999.2217       accum. integral =  8997.8323    *
#  std. dev. =  3.2153490       accum. std. dev =  1.1148667    *
#   min/max. wt. =    0.00000            0.825277               *
#                                                               *
#*************   chi**2/iteration =  1.683       ****************


#********** Integration by Vegas (iteration      14) ************
#                                                               *
#  integral  =  9001.3201       accum. integral =  8998.1913    *
#  std. dev. =  3.1934920       accum. std. dev =  1.0537256    *
#   min/max. wt. =    0.00000            0.648059E-01           *
#                                                               *
#*************   chi**2/iteration =  1.638       ****************


#********** Integration by Vegas (iteration      15) ************
#                                                               *
#  integral  =  9003.9636       accum. integral =  8998.7442    *
#  std. dev. =  3.1484691       accum. std. dev =  1.0001746    *
#   min/max. wt. =    0.00000            0.223625               *
#                                                               *
#*************   chi**2/iteration =  1.732       ****************


  Input parameters for vegas:  ndim=  9   ncall= 80707214.
                              it=    0    itmx=    2
                              acc=-1.00    
                              mds=  1     nd=  50
                              (xl,xu)= (  0.00000     ,  1.00000     )
                                       (  0.00000     ,  1.00000     )
                                       (  0.00000     ,  1.00000     )
                                       (  0.00000     ,  1.00000     )
                                       (  0.00000     ,  1.00000     )
                                       (  0.00000     ,  1.00000     )
                                       (  0.00000     ,  1.00000     )
                                       (  0.00000     ,  1.00000     )
                                       (  0.00000     ,  1.00000     )

#********** Integration by Vegas (iteration       1) ************
#                                                               *
#  integral  =  8997.5518       accum. integral =  8997.5518    *
#  std. dev. =  3.1529831       accum. std. dev =  3.1529831    *
#   min/max. wt. =    0.00000            0.940485E-01           *
#                                                               *
#*************   chi**2/iteration =  0.000       ****************


#********** Integration by Vegas (iteration       2) ************
#                                                               *
#  integral  =  8998.0179       accum. integral =  8997.7810    *
#  std. dev. =  3.2061975       accum. std. dev =  2.2480747    *
#   min/max. wt. =    0.00000            0.257769               *
#                                                               *
#*************   chi**2/iteration = 0.1074E-01   ****************

 Done
