SLURM job running in:  /scratch/groups/lhc/park/JHUGen/JHUGenerator
LHAPDF 6.1.5 loading /work-zfs/lhc/cms/slc6_amd64_gcc493/external/lhapdf/6.1.5-kpegke3/share/LHAPDF/NNPDF30_lo_as_0130/NNPDF30_lo_as_0130_0000.dat
NNPDF30_lo_as_0130 PDF set, member #0, version 2; LHAPDF ID = 263000
 extending no. of histograms for vbf tests
 
                                                                                          
   ***************************************************************************************
   *                                JHU Generator v6.9.3                                 *
   ***************************************************************************************
   *                                                                                     *
   *   Spin and parity determination of single-produced resonances at hadron colliders   *
   *                                                                                     *
   *          I. Anderson, S. Bolognesi, F. Caola, Y. Gao, A. Gritsan, Z. Guo,           *
   *        C. Martin, K. Melnikov, R.Rontsch, H. Roskes, U. Sarica, M. Schulze,         *
   *                   N. Tran, A. Whitbeck, M. Xiao, C. You, Y. Zhou                    *
   *                Phys.Rev. D81 (2010) 075022;  arXiv:1001.3396 [hep-ph],              *
   *                Phys.Rev. D86 (2012) 095031;  arXiv:1208.4018 [hep-ph],              *
   *                Phys.Rev. D89 (2014) 035007;  arXiv:1309.4819 [hep-ph].              *
   *                                                                                     *
   ***************************************************************************************
                                                                                          
   
   Command line: ./JHUGen Unweighted=0 VegasNc0=99999999 VegasNc1=99999999 VegasNc2=99999999 LHAPDF=NNPDF30_lo_as_0130/NNPDF30_lo_as_0130.info MReso=242 ghz1=0,0 ghz2=1,0 Process=60 pTjetcut=0 deltaRcut=0
   
   Input Parameter:
    Collider: P-P, sqrt(s)=13000.00
    Resonance: spin=0, mass= 242.00 width=   0.00407
    Z-boson: mass=91.188, width=2.4952
    W-boson: mass=80.399, width=2.0850
    Jet cuts:
            pT >=     0.00 GeV
        DeltaR >=     0.00
           mJJ >=     0.00 GeV
    Random seed:   110201756
    To reproduce results using this seed, JHUGen should be compiled with the same compiler:
      GNU Fortran (GCC) 4.9.3
    
    WidthScheme:   2
    LHAPDF set NNPDF30_lo_as_0130/NNPDF30_lo_as_0130.info, member=  0
    Unweighted: F
    
    spin-0-VV couplings: 
      generate_as=F
      ghg2=  0.10000000E+01  0.00000000E+00i
      ghg3=  0.00000000E+00  0.00000000E+00i
      ghg4=  0.00000000E+00  0.00000000E+00i
      ghz1=  0.00000000E+00  0.00000000E+00i
      ghz2=  0.10000000E+01  0.00000000E+00i
      ghz3=  0.00000000E+00  0.00000000E+00i
      ghz4=  0.00000000E+00  0.00000000E+00i
      Lambda=  1000.0
    
    LHE output: ./data/output.lhe
    Histogram output: ./data/output.dat
    Log file: ./data/output.log
    
  Running

  Input parameters for vegas:  ndim=  9   ncall= 80707214.
                              it=    0    itmx=   15
                              acc=-1.00    
                              mds=  1     nd=  50
                              (xl,xu)= (  0.00000     ,  1.00000     )
                                       (  0.00000     ,  1.00000     )
                                       (  0.00000     ,  1.00000     )
                                       (  0.00000     ,  1.00000     )
                                       (  0.00000     ,  1.00000     )
                                       (  0.00000     ,  1.00000     )
                                       (  0.00000     ,  1.00000     )
                                       (  0.00000     ,  1.00000     )
                                       (  0.00000     ,  1.00000     )

#********** Integration by Vegas (iteration       1) ************
#                                                               *
#  integral  =  6617.5249       accum. integral =  6617.5249    *
#  std. dev. =  387.85478       accum. std. dev =  387.85478    *
#   min/max. wt. =    0.00000             335.205               *
#                                                               *
#*************   chi**2/iteration =  0.000       ****************


#********** Integration by Vegas (iteration       2) ************
#                                                               *
#  integral  =  8309.6949       accum. integral =  8052.1263    *
#  std. dev. =  206.36663       accum. std. dev =  171.75908    *
#   min/max. wt. =    0.00000             164.818               *
#                                                               *
#*************   chi**2/iteration =  12.51       ****************


#********** Integration by Vegas (iteration       3) ************
#                                                               *
#  integral  =  8435.8053       accum. integral =  8427.7159    *
#  std. dev. =  28.309023       accum. std. dev =  26.003144    *
#   min/max. wt. =  -0.175774E-14         8.95445               *
#                                                               *
#*************   chi**2/iteration =  8.004       ****************


#********** Integration by Vegas (iteration       4) ************
#                                                               *
#  integral  =  8502.0148       accum. integral =  8496.5249    *
#  std. dev. =  7.9736106       accum. std. dev =  7.2243707    *
#   min/max. wt. =  -0.338613E-12         2.46304               *
#                                                               *
#*************   chi**2/iteration =  7.520       ****************


#********** Integration by Vegas (iteration       5) ************
#                                                               *
#  integral  =  8515.5786       accum. integral =  8511.5754    *
#  std. dev. =  3.9637461       accum. std. dev =  3.3547622    *
#   min/max. wt. =    0.00000            0.634611               *
#                                                               *
#*************   chi**2/iteration =  6.834       ****************


#********** Integration by Vegas (iteration       6) ************
#                                                               *
#  integral  =  8514.5733       accum. integral =  8513.2269    *
#  std. dev. =  3.1805498       accum. std. dev =  2.2673796    *
#   min/max. wt. =    0.00000            0.243057               *
#                                                               *
#*************   chi**2/iteration =  5.462       ****************


#********** Integration by Vegas (iteration       7) ************
#                                                               *
#  integral  =  8509.2205       accum. integral =  8511.6720    *
#  std. dev. =  2.9623149       accum. std. dev =  1.7840815    *
#   min/max. wt. =    0.00000            0.170290               *
#                                                               *
#*************   chi**2/iteration =  4.698       ****************


#********** Integration by Vegas (iteration       8) ************
#                                                               *
#  integral  =  8516.9819       accum. integral =  8513.1747    *
#  std. dev. =  2.9401749       accum. std. dev =  1.5174737    *
#   min/max. wt. =    0.00000            0.209937               *
#                                                               *
#*************   chi**2/iteration =  4.346       ****************


#********** Integration by Vegas (iteration       9) ************
#                                                               *
#  integral  =  8511.6554       accum. integral =  8512.8415    *
#  std. dev. =  2.9492479       accum. std. dev =  1.3453384    *
#   min/max. wt. =    0.00000            0.226201               *
#                                                               *
#*************   chi**2/iteration =  3.805       ****************


#********** Integration by Vegas (iteration      10) ************
#                                                               *
#  integral  =  8507.5628       accum. integral =  8511.8638    *
#  std. dev. =  2.8952718       accum. std. dev =  1.2175749    *
#   min/max. wt. =    0.00000            0.122527               *
#                                                               *
#*************   chi**2/iteration =  3.679       ****************


#********** Integration by Vegas (iteration      11) ************
#                                                               *
#  integral  =  8510.7396       accum. integral =  8511.6873    *
#  std. dev. =  2.8887769       accum. std. dev =  1.1203792    *
#   min/max. wt. =    0.00000            0.151862               *
#                                                               *
#*************   chi**2/iteration =  3.310       ****************


#********** Integration by Vegas (iteration      12) ************
#                                                               *
#  integral  =  8515.0731       accum. integral =  8512.1438    *
#  std. dev. =  2.9005911       accum. std. dev =  1.0440462    *
#   min/max. wt. =    0.00000            0.124709               *
#                                                               *
#*************   chi**2/iteration =  3.110       ****************


#********** Integration by Vegas (iteration      13) ************
#                                                               *
#  integral  =  8515.8797       accum. integral =  8512.5756    *
#  std. dev. =  2.9464719       accum. std. dev = 0.98339874    *
#   min/max. wt. =    0.00000            0.161720               *
#                                                               *
#*************   chi**2/iteration =  2.965       ****************


#********** Integration by Vegas (iteration      14) ************
#                                                               *
#  integral  =  8506.4631       accum. integral =  8511.9508    *
#  std. dev. =  2.9654422       accum. std. dev = 0.93295771    *
#   min/max. wt. =    0.00000            0.136592               *
#                                                               *
#*************   chi**2/iteration =  3.033       ****************


#********** Integration by Vegas (iteration      15) ************
#                                                               *
#  integral  =  8511.3699       accum. integral =  8511.8976    *
#  std. dev. =  2.9879998       accum. std. dev = 0.89022242    *
#   min/max. wt. =    0.00000            0.289218               *
#                                                               *
#*************   chi**2/iteration =  2.812       ****************


  Input parameters for vegas:  ndim=  9   ncall= 80707214.
                              it=    0    itmx=    2
                              acc=-1.00    
                              mds=  1     nd=  50
                              (xl,xu)= (  0.00000     ,  1.00000     )
                                       (  0.00000     ,  1.00000     )
                                       (  0.00000     ,  1.00000     )
                                       (  0.00000     ,  1.00000     )
                                       (  0.00000     ,  1.00000     )
                                       (  0.00000     ,  1.00000     )
                                       (  0.00000     ,  1.00000     )
                                       (  0.00000     ,  1.00000     )
                                       (  0.00000     ,  1.00000     )

#********** Integration by Vegas (iteration       1) ************
#                                                               *
#  integral  =  8513.6853       accum. integral =  8513.6853    *
#  std. dev. =  3.0235494       accum. std. dev =  3.0235494    *
#   min/max. wt. =    0.00000            0.147030               *
#                                                               *
#*************   chi**2/iteration =  0.000       ****************


#********** Integration by Vegas (iteration       2) ************
#                                                               *
#  integral  =  8513.5898       accum. integral =  8513.6382    *
#  std. dev. =  3.0604951       accum. std. dev =  2.1509154    *
#   min/max. wt. =    0.00000            0.121232               *
#                                                               *
#*************   chi**2/iteration = 0.4922E-03   ****************

 Done
