SLURM job running in:  /scratch/groups/lhc/park/JHUGen/JHUGenerator
LHAPDF 6.1.5 loading /work-zfs/lhc/cms/slc6_amd64_gcc493/external/lhapdf/6.1.5-kpegke3/share/LHAPDF/NNPDF30_lo_as_0130/NNPDF30_lo_as_0130_0000.dat
NNPDF30_lo_as_0130 PDF set, member #0, version 2; LHAPDF ID = 263000
 extending no. of histograms for vbf tests
 
                                                                                          
   ***************************************************************************************
   *                                JHU Generator v6.9.3                                 *
   ***************************************************************************************
   *                                                                                     *
   *   Spin and parity determination of single-produced resonances at hadron colliders   *
   *                                                                                     *
   *          I. Anderson, S. Bolognesi, F. Caola, Y. Gao, A. Gritsan, Z. Guo,           *
   *        C. Martin, K. Melnikov, R.Rontsch, H. Roskes, U. Sarica, M. Schulze,         *
   *                   N. Tran, A. Whitbeck, M. Xiao, C. You, Y. Zhou                    *
   *                Phys.Rev. D81 (2010) 075022;  arXiv:1001.3396 [hep-ph],              *
   *                Phys.Rev. D86 (2012) 095031;  arXiv:1208.4018 [hep-ph],              *
   *                Phys.Rev. D89 (2014) 035007;  arXiv:1309.4819 [hep-ph].              *
   *                                                                                     *
   ***************************************************************************************
                                                                                          
   
   Command line: ./JHUGen Unweighted=0 VegasNc0=99999999 VegasNc1=99999999 VegasNc2=99999999 LHAPDF=NNPDF30_lo_as_0130/NNPDF30_lo_as_0130.info MReso=2450 ghz1=0,0 ghz2=1,0 Process=60 pTjetcut=0 deltaRcut=0
   
   Input Parameter:
    Collider: P-P, sqrt(s)=13000.00
    Resonance: spin=0, mass=2450.00 width=   0.00407
    Z-boson: mass=91.188, width=2.4952
    W-boson: mass=80.399, width=2.0850
    Jet cuts:
            pT >=     0.00 GeV
        DeltaR >=     0.00
           mJJ >=     0.00 GeV
    Random seed:   275924297
    To reproduce results using this seed, JHUGen should be compiled with the same compiler:
      GNU Fortran (GCC) 4.9.3
    
    WidthScheme:   2
    LHAPDF set NNPDF30_lo_as_0130/NNPDF30_lo_as_0130.info, member=  0
    Unweighted: F
    
    spin-0-VV couplings: 
      generate_as=F
      ghg2=  0.10000000E+01  0.00000000E+00i
      ghg3=  0.00000000E+00  0.00000000E+00i
      ghg4=  0.00000000E+00  0.00000000E+00i
      ghz1=  0.00000000E+00  0.00000000E+00i
      ghz2=  0.10000000E+01  0.00000000E+00i
      ghz3=  0.00000000E+00  0.00000000E+00i
      ghz4=  0.00000000E+00  0.00000000E+00i
      Lambda=  1000.0
    
    LHE output: ./data/output.lhe
    Histogram output: ./data/output.dat
    Log file: ./data/output.log
    
  Running

  Input parameters for vegas:  ndim=  9   ncall= 80707214.
                              it=    0    itmx=   15
                              acc=-1.00    
                              mds=  1     nd=  50
                              (xl,xu)= (  0.00000     ,  1.00000     )
                                       (  0.00000     ,  1.00000     )
                                       (  0.00000     ,  1.00000     )
                                       (  0.00000     ,  1.00000     )
                                       (  0.00000     ,  1.00000     )
                                       (  0.00000     ,  1.00000     )
                                       (  0.00000     ,  1.00000     )
                                       (  0.00000     ,  1.00000     )
                                       (  0.00000     ,  1.00000     )

#********** Integration by Vegas (iteration       1) ************
#                                                               *
#  integral  =  63.633433       accum. integral =  63.633433    *
#  std. dev. =  9.1117926       accum. std. dev =  9.1117926    *
#   min/max. wt. =    0.00000             7.33002               *
#                                                               *
#*************   chi**2/iteration =  0.000       ****************


#********** Integration by Vegas (iteration       2) ************
#                                                               *
#  integral  =  80.053696       accum. integral =  73.545357    *
#  std. dev. =  9.2887221       accum. std. dev =  6.5188178    *
#   min/max. wt. =    0.00000             8.51374               *
#                                                               *
#*************   chi**2/iteration =  1.517       ****************


#********** Integration by Vegas (iteration       3) ************
#                                                               *
#  integral  =  82.890940       accum. integral =  81.966789    *
#  std. dev. =  2.4754212       accum. std. dev =  2.1545391    *
#   min/max. wt. =    0.00000             2.11442               *
#                                                               *
#*************   chi**2/iteration =  1.525       ****************


#********** Integration by Vegas (iteration       4) ************
#                                                               *
#  integral  =  81.369366       accum. integral =  81.374041    *
#  std. dev. = 0.20485489       accum. std. dev = 0.19404365    *
#   min/max. wt. =    0.00000            0.311697E-01           *
#                                                               *
#*************   chi**2/iteration =  1.005       ****************


#********** Integration by Vegas (iteration       5) ************
#                                                               *
#  integral  =  81.157350       accum. integral =  81.165299    *
#  std. dev. = 0.39715599E-01   accum. std. dev = 0.37535325E-01*
#   min/max. wt. =    0.00000            0.501673E-02           *
#                                                               *
#*************   chi**2/iteration =  1.034       ****************


#********** Integration by Vegas (iteration       6) ************
#                                                               *
#  integral  =  81.228655       accum. integral =  81.210345    *
#  std. dev. = 0.24873445E-01   accum. std. dev = 0.20313041E-01*
#   min/max. wt. =    0.00000            0.108886E-02           *
#                                                               *
#*************   chi**2/iteration =  1.216       ****************


#********** Integration by Vegas (iteration       7) ************
#                                                               *
#  integral  =  81.223833       accum. integral =  81.216786    *
#  std. dev. = 0.21937893E-01   accum. std. dev = 0.14752004E-01*
#   min/max. wt. =    0.00000            0.146671E-02           *
#                                                               *
#*************   chi**2/iteration =  1.038       ****************


#********** Integration by Vegas (iteration       8) ************
#                                                               *
#  integral  =  81.230217       accum. integral =  81.221345    *
#  std. dev. = 0.21148559E-01   accum. std. dev = 0.12031563E-01*
#   min/max. wt. =    0.00000            0.675052E-03           *
#                                                               *
#*************   chi**2/iteration = 0.9238       ****************


#********** Integration by Vegas (iteration       9) ************
#                                                               *
#  integral  =  81.230946       accum. integral =  81.223791    *
#  std. dev. = 0.21073203E-01   accum. std. dev = 0.10414496E-01*
#   min/max. wt. =    0.00000            0.575818E-03           *
#                                                               *
#*************   chi**2/iteration = 0.8241       ****************


#********** Integration by Vegas (iteration      10) ************
#                                                               *
#  integral  =  81.249632       accum. integral =  81.228865    *
#  std. dev. = 0.21523467E-01   accum. std. dev = 0.93564958E-02*
#   min/max. wt. =    0.00000            0.264621E-02           *
#                                                               *
#*************   chi**2/iteration = 0.8631       ****************


#********** Integration by Vegas (iteration      11) ************
#                                                               *
#  integral  =  81.214038       accum. integral =  81.226312    *
#  std. dev. = 0.20903217E-01   accum. std. dev = 0.85276800E-02*
#   min/max. wt. =    0.00000            0.116867E-02           *
#                                                               *
#*************   chi**2/iteration = 0.8172       ****************


#********** Integration by Vegas (iteration      12) ************
#                                                               *
#  integral  =  81.209160       accum. integral =  81.223905    *
#  std. dev. = 0.21466931E-01   accum. std. dev = 0.79180448E-02*
#   min/max. wt. =    0.00000            0.748078E-03           *
#                                                               *
#*************   chi**2/iteration = 0.7922       ****************


#********** Integration by Vegas (iteration      13) ************
#                                                               *
#  integral  =  81.240321       accum. integral =  81.225967    *
#  std. dev. = 0.21229296E-01   accum. std. dev = 0.74134193E-02*
#   min/max. wt. =    0.00000            0.903328E-03           *
#                                                               *
#*************   chi**2/iteration = 0.7693       ****************


#********** Integration by Vegas (iteration      14) ************
#                                                               *
#  integral  =  81.181019       accum. integral =  81.221202    *
#  std. dev. = 0.21832048E-01   accum. std. dev = 0.70165911E-02*
#   min/max. wt. =    0.00000            0.143253E-02           *
#                                                               *
#*************   chi**2/iteration =  1.008       ****************


#********** Integration by Vegas (iteration      15) ************
#                                                               *
#  integral  =  81.236122       accum. integral =  81.222659    *
#  std. dev. = 0.21627308E-01   accum. std. dev = 0.66715083E-02*
#   min/max. wt. =    0.00000            0.689787E-03           *
#                                                               *
#*************   chi**2/iteration = 0.9656       ****************


  Input parameters for vegas:  ndim=  9   ncall= 80707214.
                              it=    0    itmx=    2
                              acc=-1.00    
                              mds=  1     nd=  50
                              (xl,xu)= (  0.00000     ,  1.00000     )
                                       (  0.00000     ,  1.00000     )
                                       (  0.00000     ,  1.00000     )
                                       (  0.00000     ,  1.00000     )
                                       (  0.00000     ,  1.00000     )
                                       (  0.00000     ,  1.00000     )
                                       (  0.00000     ,  1.00000     )
                                       (  0.00000     ,  1.00000     )
                                       (  0.00000     ,  1.00000     )

#********** Integration by Vegas (iteration       1) ************
#                                                               *
#  integral  =  81.195144       accum. integral =  81.195144    *
#  std. dev. = 0.21961371E-01   accum. std. dev = 0.21961371E-01*
#   min/max. wt. =    0.00000            0.671430E-03           *
#                                                               *
#*************   chi**2/iteration =  0.000       ****************


#********** Integration by Vegas (iteration       2) ************
#                                                               *
#  integral  =  81.237647       accum. integral =  81.216129    *
#  std. dev. = 0.22250352E-01   accum. std. dev = 0.15630256E-01*
#   min/max. wt. =    0.00000            0.827283E-03           *
#                                                               *
#*************   chi**2/iteration =  1.846       ****************

 Done
