SLURM job running in:  /scratch/groups/lhc/park/JHUGen/JHUGenerator
LHAPDF 6.1.5 loading /work-zfs/lhc/cms/slc6_amd64_gcc493/external/lhapdf/6.1.5-kpegke3/share/LHAPDF/NNPDF30_lo_as_0130/NNPDF30_lo_as_0130_0000.dat
NNPDF30_lo_as_0130 PDF set, member #0, version 2; LHAPDF ID = 263000
 extending no. of histograms for vbf tests
 
                                                                                          
   ***************************************************************************************
   *                                JHU Generator v6.9.3                                 *
   ***************************************************************************************
   *                                                                                     *
   *   Spin and parity determination of single-produced resonances at hadron colliders   *
   *                                                                                     *
   *          I. Anderson, S. Bolognesi, F. Caola, Y. Gao, A. Gritsan, Z. Guo,           *
   *        C. Martin, K. Melnikov, R.Rontsch, H. Roskes, U. Sarica, M. Schulze,         *
   *                   N. Tran, A. Whitbeck, M. Xiao, C. You, Y. Zhou                    *
   *                Phys.Rev. D81 (2010) 075022;  arXiv:1001.3396 [hep-ph],              *
   *                Phys.Rev. D86 (2012) 095031;  arXiv:1208.4018 [hep-ph],              *
   *                Phys.Rev. D89 (2014) 035007;  arXiv:1309.4819 [hep-ph].              *
   *                                                                                     *
   ***************************************************************************************
                                                                                          
   
   Command line: ./JHUGen Unweighted=0 VegasNc0=99999999 VegasNc1=99999999 VegasNc2=99999999 LHAPDF=NNPDF30_lo_as_0130/NNPDF30_lo_as_0130.info MReso=2600 ghz1=0,0 ghz2=1,0 Process=60 pTjetcut=0 deltaRcut=0
   
   Input Parameter:
    Collider: P-P, sqrt(s)=13000.00
    Resonance: spin=0, mass=2600.00 width=   0.00407
    Z-boson: mass=91.188, width=2.4952
    W-boson: mass=80.399, width=2.0850
    Jet cuts:
            pT >=     0.00 GeV
        DeltaR >=     0.00
           mJJ >=     0.00 GeV
    Random seed:   962283365
    To reproduce results using this seed, JHUGen should be compiled with the same compiler:
      GNU Fortran (GCC) 4.9.3
    
    WidthScheme:   2
    LHAPDF set NNPDF30_lo_as_0130/NNPDF30_lo_as_0130.info, member=  0
    Unweighted: F
    
    spin-0-VV couplings: 
      generate_as=F
      ghg2=  0.10000000E+01  0.00000000E+00i
      ghg3=  0.00000000E+00  0.00000000E+00i
      ghg4=  0.00000000E+00  0.00000000E+00i
      ghz1=  0.00000000E+00  0.00000000E+00i
      ghz2=  0.10000000E+01  0.00000000E+00i
      ghz3=  0.00000000E+00  0.00000000E+00i
      ghz4=  0.00000000E+00  0.00000000E+00i
      Lambda=  1000.0
    
    LHE output: ./data/output.lhe
    Histogram output: ./data/output.dat
    Log file: ./data/output.log
    
  Running

  Input parameters for vegas:  ndim=  9   ncall= 80707214.
                              it=    0    itmx=   15
                              acc=-1.00    
                              mds=  1     nd=  50
                              (xl,xu)= (  0.00000     ,  1.00000     )
                                       (  0.00000     ,  1.00000     )
                                       (  0.00000     ,  1.00000     )
                                       (  0.00000     ,  1.00000     )
                                       (  0.00000     ,  1.00000     )
                                       (  0.00000     ,  1.00000     )
                                       (  0.00000     ,  1.00000     )
                                       (  0.00000     ,  1.00000     )
                                       (  0.00000     ,  1.00000     )

#********** Integration by Vegas (iteration       1) ************
#                                                               *
#  integral  =  40.515110       accum. integral =  40.515110    *
#  std. dev. =  2.2530013       accum. std. dev =  2.2530013    *
#   min/max. wt. =    0.00000             1.23810               *
#                                                               *
#*************   chi**2/iteration =  0.000       ****************


#********** Integration by Vegas (iteration       2) ************
#                                                               *
#  integral  =  57.488618       accum. integral =  53.097269    *
#  std. dev. =  1.8886335       accum. std. dev =  1.4066560    *
#   min/max. wt. =    0.00000            0.899536               *
#                                                               *
#*************   chi**2/iteration =  27.90       ****************


#********** Integration by Vegas (iteration       3) ************
#                                                               *
#  integral  =  62.938105       accum. integral =  62.205456    *
#  std. dev. = 0.50489769       accum. std. dev = 0.42054251    *
#   min/max. wt. =    0.00000            0.220084               *
#                                                               *
#*************   chi**2/iteration =  30.48       ****************


#********** Integration by Vegas (iteration       4) ************
#                                                               *
#  integral  =  63.083433       accum. integral =  63.067075    *
#  std. dev. = 0.67083268E-01   accum. std. dev = 0.59794769E-01*
#   min/max. wt. =    0.00000            0.168081E-01           *
#                                                               *
#*************   chi**2/iteration =  20.04       ****************


#********** Integration by Vegas (iteration       5) ************
#                                                               *
#  integral  =  62.966438       accum. integral =  62.979031    *
#  std. dev. = 0.25086767E-01   accum. std. dev = 0.21634430E-01*
#   min/max. wt. =    0.00000            0.325551E-02           *
#                                                               *
#*************   chi**2/iteration =  14.96       ****************


#********** Integration by Vegas (iteration       6) ************
#                                                               *
#  integral  =  62.994444       accum. integral =  62.988419    *
#  std. dev. = 0.18806644E-01   accum. std. dev = 0.13725071E-01*
#   min/max. wt. =    0.00000            0.740708E-03           *
#                                                               *
#*************   chi**2/iteration =  11.69       ****************


#********** Integration by Vegas (iteration       7) ************
#                                                               *
#  integral  =  62.986753       accum. integral =  62.987708    *
#  std. dev. = 0.17004461E-01   accum. std. dev = 0.10496306E-01*
#   min/max. wt. =    0.00000            0.583196E-03           *
#                                                               *
#*************   chi**2/iteration =  9.546       ****************


#********** Integration by Vegas (iteration       8) ************
#                                                               *
#  integral  =  62.992102       accum. integral =  62.989065    *
#  std. dev. = 0.16620187E-01   accum. std. dev = 0.87914616E-02*
#   min/max. wt. =    0.00000            0.152873E-02           *
#                                                               *
#*************   chi**2/iteration =  8.068       ****************


#********** Integration by Vegas (iteration       9) ************
#                                                               *
#  integral  =  62.981368       accum. integral =  62.987186    *
#  std. dev. = 0.16253394E-01   accum. std. dev = 0.76875297E-02*
#   min/max. wt. =    0.00000            0.109954E-02           *
#                                                               *
#*************   chi**2/iteration =  7.003       ****************


#********** Integration by Vegas (iteration      10) ************
#                                                               *
#  integral  =  62.999043       accum. integral =  62.989496    *
#  std. dev. = 0.16329750E-01   accum. std. dev = 0.69297762E-02*
#   min/max. wt. =    0.00000            0.509386E-03           *
#                                                               *
#*************   chi**2/iteration =  6.219       ****************


#********** Integration by Vegas (iteration      11) ************
#                                                               *
#  integral  =  63.010091       accum. integral =  62.992866    *
#  std. dev. = 0.16297994E-01   accum. std. dev = 0.63611492E-02*
#   min/max. wt. =    0.00000            0.465994E-03           *
#                                                               *
#*************   chi**2/iteration =  5.699       ****************


#********** Integration by Vegas (iteration      12) ************
#                                                               *
#  integral  =  62.990145       accum. integral =  62.992488    *
#  std. dev. = 0.16403436E-01   accum. std. dev = 0.59205880E-02*
#   min/max. wt. =    0.00000            0.574784E-03           *
#                                                               *
#*************   chi**2/iteration =  5.152       ****************


#********** Integration by Vegas (iteration      13) ************
#                                                               *
#  integral  =  62.960604       accum. integral =  62.988657    *
#  std. dev. = 0.16540947E-01   accum. std. dev = 0.55675847E-02*
#   min/max. wt. =    0.00000            0.125755E-02           *
#                                                               *
#*************   chi**2/iteration =  4.988       ****************


#********** Integration by Vegas (iteration      14) ************
#                                                               *
#  integral  =  62.961067       accum. integral =  62.985689    *
#  std. dev. = 0.16513181E-01   accum. std. dev = 0.52709235E-02*
#   min/max. wt. =    0.00000            0.574165E-03           *
#                                                               *
#*************   chi**2/iteration =  4.787       ****************


#********** Integration by Vegas (iteration      15) ************
#                                                               *
#  integral  =  62.979819       accum. integral =  62.985144    *
#  std. dev. = 0.16945877E-01   accum. std. dev = 0.50300187E-02*
#   min/max. wt. =    0.00000            0.748423E-03           *
#                                                               *
#*************   chi**2/iteration =  4.436       ****************


  Input parameters for vegas:  ndim=  9   ncall= 80707214.
                              it=    0    itmx=    2
                              acc=-1.00    
                              mds=  1     nd=  50
                              (xl,xu)= (  0.00000     ,  1.00000     )
                                       (  0.00000     ,  1.00000     )
                                       (  0.00000     ,  1.00000     )
                                       (  0.00000     ,  1.00000     )
                                       (  0.00000     ,  1.00000     )
                                       (  0.00000     ,  1.00000     )
                                       (  0.00000     ,  1.00000     )
                                       (  0.00000     ,  1.00000     )
                                       (  0.00000     ,  1.00000     )

#********** Integration by Vegas (iteration       1) ************
#                                                               *
#  integral  =  62.995997       accum. integral =  62.995997    *
#  std. dev. = 0.16880444E-01   accum. std. dev = 0.16880444E-01*
#   min/max. wt. =    0.00000            0.101313E-02           *
#                                                               *
#*************   chi**2/iteration =  0.000       ****************


#********** Integration by Vegas (iteration       2) ************
#                                                               *
#  integral  =  62.965486       accum. integral =  62.981145    *
#  std. dev. = 0.17325219E-01   accum. std. dev = 0.12090385E-01*
#   min/max. wt. =    0.00000            0.800470E-03           *
#                                                               *
#*************   chi**2/iteration =  1.589       ****************

 Done
