SLURM job running in:  /scratch/groups/lhc/park/JHUGen/JHUGenerator
LHAPDF 6.1.5 loading /work-zfs/lhc/cms/slc6_amd64_gcc493/external/lhapdf/6.1.5-kpegke3/share/LHAPDF/NNPDF30_lo_as_0130/NNPDF30_lo_as_0130_0000.dat
NNPDF30_lo_as_0130 PDF set, member #0, version 2; LHAPDF ID = 263000
 extending no. of histograms for vbf tests
 
                                                                                          
   ***************************************************************************************
   *                                JHU Generator v6.9.3                                 *
   ***************************************************************************************
   *                                                                                     *
   *   Spin and parity determination of single-produced resonances at hadron colliders   *
   *                                                                                     *
   *          I. Anderson, S. Bolognesi, F. Caola, Y. Gao, A. Gritsan, Z. Guo,           *
   *        C. Martin, K. Melnikov, R.Rontsch, H. Roskes, U. Sarica, M. Schulze,         *
   *                   N. Tran, A. Whitbeck, M. Xiao, C. You, Y. Zhou                    *
   *                Phys.Rev. D81 (2010) 075022;  arXiv:1001.3396 [hep-ph],              *
   *                Phys.Rev. D86 (2012) 095031;  arXiv:1208.4018 [hep-ph],              *
   *                Phys.Rev. D89 (2014) 035007;  arXiv:1309.4819 [hep-ph].              *
   *                                                                                     *
   ***************************************************************************************
                                                                                          
   
   Command line: ./JHUGen Unweighted=0 VegasNc0=99999999 VegasNc1=99999999 VegasNc2=99999999 LHAPDF=NNPDF30_lo_as_0130/NNPDF30_lo_as_0130.info MReso=276 ghz1=0,0 ghz2=1,0 Process=60 pTjetcut=0 deltaRcut=0
   
   Input Parameter:
    Collider: P-P, sqrt(s)=13000.00
    Resonance: spin=0, mass= 276.00 width=   0.00407
    Z-boson: mass=91.188, width=2.4952
    W-boson: mass=80.399, width=2.0850
    Jet cuts:
            pT >=     0.00 GeV
        DeltaR >=     0.00
           mJJ >=     0.00 GeV
    Random seed:   478050125
    To reproduce results using this seed, JHUGen should be compiled with the same compiler:
      GNU Fortran (GCC) 4.9.3
    
    WidthScheme:   2
    LHAPDF set NNPDF30_lo_as_0130/NNPDF30_lo_as_0130.info, member=  0
    Unweighted: F
    
    spin-0-VV couplings: 
      generate_as=F
      ghg2=  0.10000000E+01  0.00000000E+00i
      ghg3=  0.00000000E+00  0.00000000E+00i
      ghg4=  0.00000000E+00  0.00000000E+00i
      ghz1=  0.00000000E+00  0.00000000E+00i
      ghz2=  0.10000000E+01  0.00000000E+00i
      ghz3=  0.00000000E+00  0.00000000E+00i
      ghz4=  0.00000000E+00  0.00000000E+00i
      Lambda=  1000.0
    
    LHE output: ./data/output.lhe
    Histogram output: ./data/output.dat
    Log file: ./data/output.log
    
  Running

  Input parameters for vegas:  ndim=  9   ncall= 80707214.
                              it=    0    itmx=   15
                              acc=-1.00    
                              mds=  1     nd=  50
                              (xl,xu)= (  0.00000     ,  1.00000     )
                                       (  0.00000     ,  1.00000     )
                                       (  0.00000     ,  1.00000     )
                                       (  0.00000     ,  1.00000     )
                                       (  0.00000     ,  1.00000     )
                                       (  0.00000     ,  1.00000     )
                                       (  0.00000     ,  1.00000     )
                                       (  0.00000     ,  1.00000     )
                                       (  0.00000     ,  1.00000     )

#********** Integration by Vegas (iteration       1) ************
#                                                               *
#  integral  =  6645.5804       accum. integral =  6645.5804    *
#  std. dev. =  665.96565       accum. std. dev =  665.96565    *
#   min/max. wt. =    0.00000             584.631               *
#                                                               *
#*************   chi**2/iteration = -.1680E-10   ****************


#********** Integration by Vegas (iteration       2) ************
#                                                               *
#  integral  =  7401.8235       accum. integral =  7369.3930    *
#  std. dev. =  157.00798       accum. std. dev =  145.96874    *
#   min/max. wt. =    0.00000             84.5561               *
#                                                               *
#*************   chi**2/iteration =  1.101       ****************


#********** Integration by Vegas (iteration       3) ************
#                                                               *
#  integral  =  7587.7821       accum. integral =  7573.0023    *
#  std. dev. =  42.424407       accum. std. dev =  38.995609    *
#   min/max. wt. =    0.00000             31.8513               *
#                                                               *
#*************   chi**2/iteration =  1.511       ****************


#********** Integration by Vegas (iteration       4) ************
#                                                               *
#  integral  =  7596.1174       accum. integral =  7594.9324    *
#  std. dev. =  9.5327624       accum. std. dev =  8.9455196    *
#   min/max. wt. =  -0.167130E-10         1.26405               *
#                                                               *
#*************   chi**2/iteration =  1.090       ****************


#********** Integration by Vegas (iteration       5) ************
#                                                               *
#  integral  =  7586.1183       accum. integral =  7587.2559    *
#  std. dev. =  3.5696078       accum. std. dev =  3.2375394    *
#   min/max. wt. =    0.00000            0.318747               *
#                                                               *
#*************   chi**2/iteration =  1.014       ****************


#********** Integration by Vegas (iteration       6) ************
#                                                               *
#  integral  =  7583.5138       accum. integral =  7585.1082    *
#  std. dev. =  2.8692384       accum. std. dev =  2.1234410    *
#   min/max. wt. =  -0.405454E-14        0.278079               *
#                                                               *
#*************   chi**2/iteration = 0.9550       ****************


#********** Integration by Vegas (iteration       7) ************
#                                                               *
#  integral  =  7582.6163       accum. integral =  7584.1104    *
#  std. dev. =  2.6597276       accum. std. dev =  1.6498560    *
#   min/max. wt. =    0.00000            0.125149               *
#                                                               *
#*************   chi**2/iteration = 0.8818       ****************


#********** Integration by Vegas (iteration       8) ************
#                                                               *
#  integral  =  7583.7105       accum. integral =  7583.9969    *
#  std. dev. =  2.6739876       accum. std. dev =  1.3998159    *
#   min/max. wt. =    0.00000            0.432645               *
#                                                               *
#*************   chi**2/iteration = 0.7543       ****************


#********** Integration by Vegas (iteration       9) ************
#                                                               *
#  integral  =  7584.7331       accum. integral =  7584.1686    *
#  std. dev. =  2.5839944       accum. std. dev =  1.2282797    *
#   min/max. wt. =    0.00000            0.871799E-01           *
#                                                               *
#*************   chi**2/iteration = 0.6655       ****************


#********** Integration by Vegas (iteration      10) ************
#                                                               *
#  integral  =  7582.7070       accum. integral =  7583.8955    *
#  std. dev. =  2.6023904       accum. std. dev =  1.1093568    *
#   min/max. wt. =    0.00000            0.126077               *
#                                                               *
#*************   chi**2/iteration = 0.6190       ****************


#********** Integration by Vegas (iteration      11) ************
#                                                               *
#  integral  =  7587.2552       accum. integral =  7584.4252    *
#  std. dev. =  2.6013163       accum. std. dev =  1.0195032    *
#   min/max. wt. =    0.00000            0.111727               *
#                                                               *
#*************   chi**2/iteration = 0.6998       ****************


#********** Integration by Vegas (iteration      12) ************
#                                                               *
#  integral  =  7587.0779       accum. integral =  7584.7860    *
#  std. dev. =  2.6034573       accum. std. dev = 0.94869002    *
#   min/max. wt. =    0.00000            0.714166E-01           *
#                                                               *
#*************   chi**2/iteration = 0.7183       ****************


#********** Integration by Vegas (iteration      13) ************
#                                                               *
#  integral  =  7583.6470       accum. integral =  7584.6510    *
#  std. dev. =  2.6175853       accum. std. dev = 0.89151235    *
#   min/max. wt. =    0.00000            0.132788               *
#                                                               *
#*************   chi**2/iteration = 0.6715       ****************


#********** Integration by Vegas (iteration      14) ************
#                                                               *
#  integral  =  7583.2856       accum. integral =  7584.5069    *
#  std. dev. =  2.6221841       accum. std. dev = 0.84377329    *
#   min/max. wt. =    0.00000            0.118728               *
#                                                               *
#*************   chi**2/iteration = 0.6379       ****************


#********** Integration by Vegas (iteration      15) ************
#                                                               *
#  integral  =  7584.5665       accum. integral =  7584.5124    *
#  std. dev. =  2.6506521       accum. std. dev = 0.80381494    *
#   min/max. wt. =    0.00000            0.128144               *
#                                                               *
#*************   chi**2/iteration = 0.5916       ****************


  Input parameters for vegas:  ndim=  9   ncall= 80707214.
                              it=    0    itmx=    2
                              acc=-1.00    
                              mds=  1     nd=  50
                              (xl,xu)= (  0.00000     ,  1.00000     )
                                       (  0.00000     ,  1.00000     )
                                       (  0.00000     ,  1.00000     )
                                       (  0.00000     ,  1.00000     )
                                       (  0.00000     ,  1.00000     )
                                       (  0.00000     ,  1.00000     )
                                       (  0.00000     ,  1.00000     )
                                       (  0.00000     ,  1.00000     )
                                       (  0.00000     ,  1.00000     )

#********** Integration by Vegas (iteration       1) ************
#                                                               *
#  integral  =  7584.2959       accum. integral =  7584.2959    *
#  std. dev. =  2.6721921       accum. std. dev =  2.6721921    *
#   min/max. wt. =    0.00000            0.131227               *
#                                                               *
#*************   chi**2/iteration =  0.000       ****************


#********** Integration by Vegas (iteration       2) ************
#                                                               *
#  integral  =  7579.3808       accum. integral =  7581.8626    *
#  std. dev. =  2.6969957       accum. std. dev =  1.8982281    *
#   min/max. wt. =    0.00000            0.913807E-01           *
#                                                               *
#*************   chi**2/iteration =  1.674       ****************

 Done
