SLURM job running in:  /scratch/groups/lhc/park/JHUGen/JHUGenerator
LHAPDF 6.1.5 loading /work-zfs/lhc/cms/slc6_amd64_gcc493/external/lhapdf/6.1.5-kpegke3/share/LHAPDF/NNPDF30_lo_as_0130/NNPDF30_lo_as_0130_0000.dat
NNPDF30_lo_as_0130 PDF set, member #0, version 2; LHAPDF ID = 263000
 extending no. of histograms for vbf tests
 
                                                                                          
   ***************************************************************************************
   *                                JHU Generator v6.9.3                                 *
   ***************************************************************************************
   *                                                                                     *
   *   Spin and parity determination of single-produced resonances at hadron colliders   *
   *                                                                                     *
   *          I. Anderson, S. Bolognesi, F. Caola, Y. Gao, A. Gritsan, Z. Guo,           *
   *        C. Martin, K. Melnikov, R.Rontsch, H. Roskes, U. Sarica, M. Schulze,         *
   *                   N. Tran, A. Whitbeck, M. Xiao, C. You, Y. Zhou                    *
   *                Phys.Rev. D81 (2010) 075022;  arXiv:1001.3396 [hep-ph],              *
   *                Phys.Rev. D86 (2012) 095031;  arXiv:1208.4018 [hep-ph],              *
   *                Phys.Rev. D89 (2014) 035007;  arXiv:1309.4819 [hep-ph].              *
   *                                                                                     *
   ***************************************************************************************
                                                                                          
   
   Command line: ./JHUGen Unweighted=0 VegasNc0=99999999 VegasNc1=99999999 VegasNc2=99999999 LHAPDF=NNPDF30_lo_as_0130/NNPDF30_lo_as_0130.info MReso=280 ghz1=0,0 ghz2=1,0 Process=60 pTjetcut=0 deltaRcut=0
   
   Input Parameter:
    Collider: P-P, sqrt(s)=13000.00
    Resonance: spin=0, mass= 280.00 width=   0.00407
    Z-boson: mass=91.188, width=2.4952
    W-boson: mass=80.399, width=2.0850
    Jet cuts:
            pT >=     0.00 GeV
        DeltaR >=     0.00
           mJJ >=     0.00 GeV
    Random seed:   270027408
    To reproduce results using this seed, JHUGen should be compiled with the same compiler:
      GNU Fortran (GCC) 4.9.3
    
    WidthScheme:   2
    LHAPDF set NNPDF30_lo_as_0130/NNPDF30_lo_as_0130.info, member=  0
    Unweighted: F
    
    spin-0-VV couplings: 
      generate_as=F
      ghg2=  0.10000000E+01  0.00000000E+00i
      ghg3=  0.00000000E+00  0.00000000E+00i
      ghg4=  0.00000000E+00  0.00000000E+00i
      ghz1=  0.00000000E+00  0.00000000E+00i
      ghz2=  0.10000000E+01  0.00000000E+00i
      ghz3=  0.00000000E+00  0.00000000E+00i
      ghz4=  0.00000000E+00  0.00000000E+00i
      Lambda=  1000.0
    
    LHE output: ./data/output.lhe
    Histogram output: ./data/output.dat
    Log file: ./data/output.log
    
  Running

  Input parameters for vegas:  ndim=  9   ncall= 80707214.
                              it=    0    itmx=   15
                              acc=-1.00    
                              mds=  1     nd=  50
                              (xl,xu)= (  0.00000     ,  1.00000     )
                                       (  0.00000     ,  1.00000     )
                                       (  0.00000     ,  1.00000     )
                                       (  0.00000     ,  1.00000     )
                                       (  0.00000     ,  1.00000     )
                                       (  0.00000     ,  1.00000     )
                                       (  0.00000     ,  1.00000     )
                                       (  0.00000     ,  1.00000     )
                                       (  0.00000     ,  1.00000     )

#********** Integration by Vegas (iteration       1) ************
#                                                               *
#  integral  =  8570.7785       accum. integral =  8570.7785    *
#  std. dev. =  2878.1699       accum. std. dev =  2878.1699    *
#   min/max. wt. =    0.00000             2870.71               *
#                                                               *
#*************   chi**2/iteration =  0.000       ****************


#********** Integration by Vegas (iteration       2) ************
#                                                               *
#  integral  =  6868.3171       accum. integral =  6884.3777    *
#  std. dev. =  225.08560       accum. std. dev =  253.31181    *
#   min/max. wt. =    0.00000             110.662               *
#                                                               *
#*************   chi**2/iteration = 0.4217       ****************


#********** Integration by Vegas (iteration       3) ************
#                                                               *
#  integral  =  7409.8781       accum. integral =  7389.9659    *
#  std. dev. =  47.963641       accum. std. dev =  48.566670    *
#   min/max. wt. =    0.00000             30.2319               *
#                                                               *
#*************   chi**2/iteration =  2.350       ****************


#********** Integration by Vegas (iteration       4) ************
#                                                               *
#  integral  =  7485.5838       accum. integral =  7482.3850    *
#  std. dev. =  8.8420774       accum. std. dev =  8.8359469    *
#   min/max. wt. =    0.00000             2.27266               *
#                                                               *
#*************   chi**2/iteration =  2.846       ****************


#********** Integration by Vegas (iteration       5) ************
#                                                               *
#  integral  =  7484.9600       accum. integral =  7484.5724    *
#  std. dev. =  3.6586144       accum. std. dev =  3.4167707    *
#   min/max. wt. =    0.00000            0.537224               *
#                                                               *
#*************   chi**2/iteration =  2.167       ****************


#********** Integration by Vegas (iteration       6) ************
#                                                               *
#  integral  =  7479.1402       accum. integral =  7481.3701    *
#  std. dev. =  2.8117240       accum. std. dev =  2.1841045    *
#   min/max. wt. =    0.00000            0.231281               *
#                                                               *
#*************   chi**2/iteration =  2.041       ****************


#********** Integration by Vegas (iteration       7) ************
#                                                               *
#  integral  =  7486.4144       accum. integral =  7483.4179    *
#  std. dev. =  2.6139533       accum. std. dev =  1.6808252    *
#   min/max. wt. =    0.00000            0.142900               *
#                                                               *
#*************   chi**2/iteration =  2.068       ****************


#********** Integration by Vegas (iteration       8) ************
#                                                               *
#  integral  =  7480.9144       accum. integral =  7482.6842    *
#  std. dev. =  2.5848556       accum. std. dev =  1.4115002    *
#   min/max. wt. =    0.00000            0.177910               *
#                                                               *
#*************   chi**2/iteration =  1.870       ****************


#********** Integration by Vegas (iteration       9) ************
#                                                               *
#  integral  =  7486.4148       accum. integral =  7483.5218    *
#  std. dev. =  2.6026134       accum. std. dev =  1.2419094    *
#   min/max. wt. =    0.00000            0.242639               *
#                                                               *
#*************   chi**2/iteration =  1.835       ****************


#********** Integration by Vegas (iteration      10) ************
#                                                               *
#  integral  =  7482.3079       accum. integral =  7483.2978    *
#  std. dev. =  2.5907794       accum. std. dev =  1.1206269    *
#   min/max. wt. =    0.00000            0.263008               *
#                                                               *
#*************   chi**2/iteration =  1.653       ****************


#********** Integration by Vegas (iteration      11) ************
#                                                               *
#  integral  =  7476.6268       accum. integral =  7482.2191    *
#  std. dev. =  2.5322191       accum. std. dev =  1.0253274    *
#   min/max. wt. =    0.00000            0.925580E-01           *
#                                                               *
#*************   chi**2/iteration =  2.064       ****************


#********** Integration by Vegas (iteration      12) ************
#                                                               *
#  integral  =  7485.7852       accum. integral =  7482.7110    *
#  std. dev. =  2.5485720       accum. std. dev = 0.95153385    *
#   min/max. wt. =    0.00000            0.117640               *
#                                                               *
#*************   chi**2/iteration =  2.030       ****************


#********** Integration by Vegas (iteration      13) ************
#                                                               *
#  integral  =  7486.9579       accum. integral =  7483.2165    *
#  std. dev. =  2.5755860       accum. std. dev = 0.89276350    *
#   min/max. wt. =    0.00000            0.214368               *
#                                                               *
#*************   chi**2/iteration =  2.060       ****************


#********** Integration by Vegas (iteration      14) ************
#                                                               *
#  integral  =  7488.6822       accum. integral =  7483.7886    *
#  std. dev. =  2.5994260       accum. std. dev = 0.84448096    *
#   min/max. wt. =    0.00000            0.137730               *
#                                                               *
#*************   chi**2/iteration =  2.205       ****************


#********** Integration by Vegas (iteration      15) ************
#                                                               *
#  integral  =  7481.3175       accum. integral =  7483.5588    *
#  std. dev. =  2.6238838       accum. std. dev = 0.80398414    *
#   min/max. wt. =    0.00000            0.861305E-01           *
#                                                               *
#*************   chi**2/iteration =  2.106       ****************


  Input parameters for vegas:  ndim=  9   ncall= 80707214.
                              it=    0    itmx=    2
                              acc=-1.00    
                              mds=  1     nd=  50
                              (xl,xu)= (  0.00000     ,  1.00000     )
                                       (  0.00000     ,  1.00000     )
                                       (  0.00000     ,  1.00000     )
                                       (  0.00000     ,  1.00000     )
                                       (  0.00000     ,  1.00000     )
                                       (  0.00000     ,  1.00000     )
                                       (  0.00000     ,  1.00000     )
                                       (  0.00000     ,  1.00000     )
                                       (  0.00000     ,  1.00000     )

#********** Integration by Vegas (iteration       1) ************
#                                                               *
#  integral  =  7489.7864       accum. integral =  7489.7864    *
#  std. dev. =  2.6705349       accum. std. dev =  2.6705349    *
#   min/max. wt. =    0.00000            0.191783               *
#                                                               *
#*************   chi**2/iteration =  0.000       ****************


#********** Integration by Vegas (iteration       2) ************
#                                                               *
#  integral  =  7484.4471       accum. integral =  7487.1353    *
#  std. dev. =  2.6872095       accum. std. dev =  1.8942170    *
#   min/max. wt. =    0.00000            0.109545               *
#                                                               *
#*************   chi**2/iteration =  1.984       ****************

 Done
