SLURM job running in:  /scratch/groups/lhc/park/JHUGen/JHUGenerator
LHAPDF 6.1.5 loading /work-zfs/lhc/cms/slc6_amd64_gcc493/external/lhapdf/6.1.5-kpegke3/share/LHAPDF/NNPDF30_lo_as_0130/NNPDF30_lo_as_0130_0000.dat
NNPDF30_lo_as_0130 PDF set, member #0, version 2; LHAPDF ID = 263000
 extending no. of histograms for vbf tests
 
                                                                                          
   ***************************************************************************************
   *                                JHU Generator v6.9.3                                 *
   ***************************************************************************************
   *                                                                                     *
   *   Spin and parity determination of single-produced resonances at hadron colliders   *
   *                                                                                     *
   *          I. Anderson, S. Bolognesi, F. Caola, Y. Gao, A. Gritsan, Z. Guo,           *
   *        C. Martin, K. Melnikov, R.Rontsch, H. Roskes, U. Sarica, M. Schulze,         *
   *                   N. Tran, A. Whitbeck, M. Xiao, C. You, Y. Zhou                    *
   *                Phys.Rev. D81 (2010) 075022;  arXiv:1001.3396 [hep-ph],              *
   *                Phys.Rev. D86 (2012) 095031;  arXiv:1208.4018 [hep-ph],              *
   *                Phys.Rev. D89 (2014) 035007;  arXiv:1309.4819 [hep-ph].              *
   *                                                                                     *
   ***************************************************************************************
                                                                                          
   
   Command line: ./JHUGen Unweighted=0 VegasNc0=99999999 VegasNc1=99999999 VegasNc2=99999999 LHAPDF=NNPDF30_lo_as_0130/NNPDF30_lo_as_0130.info MReso=2850 ghz1=0,0 ghz2=1,0 Process=60 pTjetcut=0 deltaRcut=0
   
   Input Parameter:
    Collider: P-P, sqrt(s)=13000.00
    Resonance: spin=0, mass=2850.00 width=   0.00407
    Z-boson: mass=91.188, width=2.4952
    W-boson: mass=80.399, width=2.0850
    Jet cuts:
            pT >=     0.00 GeV
        DeltaR >=     0.00
           mJJ >=     0.00 GeV
    Random seed:   478053368
    To reproduce results using this seed, JHUGen should be compiled with the same compiler:
      GNU Fortran (GCC) 4.9.3
    
    WidthScheme:   2
    LHAPDF set NNPDF30_lo_as_0130/NNPDF30_lo_as_0130.info, member=  0
    Unweighted: F
    
    spin-0-VV couplings: 
      generate_as=F
      ghg2=  0.10000000E+01  0.00000000E+00i
      ghg3=  0.00000000E+00  0.00000000E+00i
      ghg4=  0.00000000E+00  0.00000000E+00i
      ghz1=  0.00000000E+00  0.00000000E+00i
      ghz2=  0.10000000E+01  0.00000000E+00i
      ghz3=  0.00000000E+00  0.00000000E+00i
      ghz4=  0.00000000E+00  0.00000000E+00i
      Lambda=  1000.0
    
    LHE output: ./data/output.lhe
    Histogram output: ./data/output.dat
    Log file: ./data/output.log
    
  Running

  Input parameters for vegas:  ndim=  9   ncall= 80707214.
                              it=    0    itmx=   15
                              acc=-1.00    
                              mds=  1     nd=  50
                              (xl,xu)= (  0.00000     ,  1.00000     )
                                       (  0.00000     ,  1.00000     )
                                       (  0.00000     ,  1.00000     )
                                       (  0.00000     ,  1.00000     )
                                       (  0.00000     ,  1.00000     )
                                       (  0.00000     ,  1.00000     )
                                       (  0.00000     ,  1.00000     )
                                       (  0.00000     ,  1.00000     )
                                       (  0.00000     ,  1.00000     )

#********** Integration by Vegas (iteration       1) ************
#                                                               *
#  integral  =  26.308962       accum. integral =  26.308962    *
#  std. dev. =  1.8239801       accum. std. dev =  1.8239801    *
#   min/max. wt. =    0.00000             1.11966               *
#                                                               *
#*************   chi**2/iteration =  0.000       ****************


#********** Integration by Vegas (iteration       2) ************
#                                                               *
#  integral  =  36.757071       accum. integral =  33.683492    *
#  std. dev. =  1.6451758       accum. std. dev =  1.2018903    *
#   min/max. wt. =    0.00000             1.30617               *
#                                                               *
#*************   chi**2/iteration =  15.68       ****************


#********** Integration by Vegas (iteration       3) ************
#                                                               *
#  integral  =  40.176614       accum. integral =  39.748797    *
#  std. dev. = 0.40123236       accum. std. dev = 0.33701404    *
#   min/max. wt. =    0.00000            0.167671               *
#                                                               *
#*************   chi**2/iteration =  17.99       ****************


#********** Integration by Vegas (iteration       4) ************
#                                                               *
#  integral  =  41.233052       accum. integral =  41.196590    *
#  std. dev. = 0.63159399E-01   accum. std. dev = 0.55366271E-01*
#   min/max. wt. =    0.00000            0.346034E-01           *
#                                                               *
#*************   chi**2/iteration =  16.66       ****************


#********** Integration by Vegas (iteration       5) ************
#                                                               *
#  integral  =  41.357386       accum. integral =  41.344310    *
#  std. dev. = 0.18614604E-01   accum. std. dev = 0.16219847E-01*
#   min/max. wt. =    0.00000            0.116474E-02           *
#                                                               *
#*************   chi**2/iteration =  13.67       ****************


#********** Integration by Vegas (iteration       6) ************
#                                                               *
#  integral  =  41.330601       accum. integral =  41.334955    *
#  std. dev. = 0.12164243E-01   accum. std. dev = 0.92983974E-02*
#   min/max. wt. =    0.00000            0.551848E-03           *
#                                                               *
#*************   chi**2/iteration =  10.67       ****************


#********** Integration by Vegas (iteration       7) ************
#                                                               *
#  integral  =  41.327891       accum. integral =  41.331863    *
#  std. dev. = 0.11386897E-01   accum. std. dev = 0.70551315E-02*
#   min/max. wt. =    0.00000            0.595070E-03           *
#                                                               *
#*************   chi**2/iteration =  8.721       ****************


#********** Integration by Vegas (iteration       8) ************
#                                                               *
#  integral  =  41.339585       accum. integral =  41.334321    *
#  std. dev. = 0.11028858E-01   accum. std. dev = 0.58761954E-02*
#   min/max. wt. =    0.00000            0.385795E-03           *
#                                                               *
#*************   chi**2/iteration =  7.400       ****************


#********** Integration by Vegas (iteration       9) ************
#                                                               *
#  integral  =  41.341595       accum. integral =  41.336114    *
#  std. dev. = 0.10878758E-01   accum. std. dev = 0.51350027E-02*
#   min/max. wt. =    0.00000            0.325433E-03           *
#                                                               *
#*************   chi**2/iteration =  6.435       ****************


#********** Integration by Vegas (iteration      10) ************
#                                                               *
#  integral  =  41.336537       accum. integral =  41.336197    *
#  std. dev. = 0.10926693E-01   accum. std. dev = 0.46277630E-02*
#   min/max. wt. =    0.00000            0.427109E-03           *
#                                                               *
#*************   chi**2/iteration =  5.660       ****************


#********** Integration by Vegas (iteration      11) ************
#                                                               *
#  integral  =  41.355707       accum. integral =  41.339369    *
#  std. dev. = 0.10992266E-01   accum. std. dev = 0.42531864E-02*
#   min/max. wt. =    0.00000            0.794759E-03           *
#                                                               *
#*************   chi**2/iteration =  5.337       ****************


#********** Integration by Vegas (iteration      12) ************
#                                                               *
#  integral  =  41.342813       accum. integral =  41.339855    *
#  std. dev. = 0.10939820E-01   accum. std. dev = 0.39560918E-02*
#   min/max. wt. =    0.00000            0.630228E-03           *
#                                                               *
#*************   chi**2/iteration =  4.826       ****************


#********** Integration by Vegas (iteration      13) ************
#                                                               *
#  integral  =  41.328158       accum. integral =  41.338372    *
#  std. dev. = 0.10773362E-01   accum. std. dev = 0.37076856E-02*
#   min/max. wt. =    0.00000            0.681125E-03           *
#                                                               *
#*************   chi**2/iteration =  4.489       ****************


#********** Integration by Vegas (iteration      14) ************
#                                                               *
#  integral  =  41.331218       accum. integral =  41.337635    *
#  std. dev. = 0.11323622E-01   accum. std. dev = 0.35204611E-02*
#   min/max. wt. =    0.00000            0.456316E-03           *
#                                                               *
#*************   chi**2/iteration =  4.153       ****************


#********** Integration by Vegas (iteration      15) ************
#                                                               *
#  integral  =  41.336132       accum. integral =  41.337494    *
#  std. dev. = 0.11313699E-01   accum. std. dev = 0.33591086E-02*
#   min/max. wt. =    0.00000            0.679277E-03           *
#                                                               *
#*************   chi**2/iteration =  3.840       ****************


  Input parameters for vegas:  ndim=  9   ncall= 80707214.
                              it=    0    itmx=    2
                              acc=-1.00    
                              mds=  1     nd=  50
                              (xl,xu)= (  0.00000     ,  1.00000     )
                                       (  0.00000     ,  1.00000     )
                                       (  0.00000     ,  1.00000     )
                                       (  0.00000     ,  1.00000     )
                                       (  0.00000     ,  1.00000     )
                                       (  0.00000     ,  1.00000     )
                                       (  0.00000     ,  1.00000     )
                                       (  0.00000     ,  1.00000     )
                                       (  0.00000     ,  1.00000     )

#********** Integration by Vegas (iteration       1) ************
#                                                               *
#  integral  =  41.335241       accum. integral =  41.335241    *
#  std. dev. = 0.11402548E-01   accum. std. dev = 0.11402548E-01*
#   min/max. wt. =    0.00000            0.443441E-03           *
#                                                               *
#*************   chi**2/iteration = -.5246E-05   ****************


#********** Integration by Vegas (iteration       2) ************
#                                                               *
#  integral  =  41.335189       accum. integral =  41.335215    *
#  std. dev. = 0.11473085E-01   accum. std. dev = 0.80876425E-02*
#   min/max. wt. =    0.00000            0.453351E-03           *
#                                                               *
#*************   chi**2/iteration = 0.1048E-04   ****************

 Done
