SLURM job running in:  /scratch/groups/lhc/park/JHUGen/JHUGenerator
LHAPDF 6.1.5 loading /work-zfs/lhc/cms/slc6_amd64_gcc493/external/lhapdf/6.1.5-kpegke3/share/LHAPDF/NNPDF30_lo_as_0130/NNPDF30_lo_as_0130_0000.dat
NNPDF30_lo_as_0130 PDF set, member #0, version 2; LHAPDF ID = 263000
 extending no. of histograms for vbf tests
 
                                                                                          
   ***************************************************************************************
   *                                JHU Generator v6.9.3                                 *
   ***************************************************************************************
   *                                                                                     *
   *   Spin and parity determination of single-produced resonances at hadron colliders   *
   *                                                                                     *
   *          I. Anderson, S. Bolognesi, F. Caola, Y. Gao, A. Gritsan, Z. Guo,           *
   *        C. Martin, K. Melnikov, R.Rontsch, H. Roskes, U. Sarica, M. Schulze,         *
   *                   N. Tran, A. Whitbeck, M. Xiao, C. You, Y. Zhou                    *
   *                Phys.Rev. D81 (2010) 075022;  arXiv:1001.3396 [hep-ph],              *
   *                Phys.Rev. D86 (2012) 095031;  arXiv:1208.4018 [hep-ph],              *
   *                Phys.Rev. D89 (2014) 035007;  arXiv:1309.4819 [hep-ph].              *
   *                                                                                     *
   ***************************************************************************************
                                                                                          
   
   Command line: ./JHUGen Unweighted=0 VegasNc0=99999999 VegasNc1=99999999 VegasNc2=99999999 LHAPDF=NNPDF30_lo_as_0130/NNPDF30_lo_as_0130.info MReso=3000 ghz1=0,0 ghz2=1,0 Process=60 pTjetcut=0 deltaRcut=0
   
   Input Parameter:
    Collider: P-P, sqrt(s)=13000.00
    Resonance: spin=0, mass=3000.00 width=   0.00407
    Z-boson: mass=91.188, width=2.4952
    W-boson: mass=80.399, width=2.0850
    Jet cuts:
            pT >=     0.00 GeV
        DeltaR >=     0.00
           mJJ >=     0.00 GeV
    Random seed:   193180489
    To reproduce results using this seed, JHUGen should be compiled with the same compiler:
      GNU Fortran (GCC) 4.9.3
    
    WidthScheme:   2
    LHAPDF set NNPDF30_lo_as_0130/NNPDF30_lo_as_0130.info, member=  0
    Unweighted: F
    
    spin-0-VV couplings: 
      generate_as=F
      ghg2=  0.10000000E+01  0.00000000E+00i
      ghg3=  0.00000000E+00  0.00000000E+00i
      ghg4=  0.00000000E+00  0.00000000E+00i
      ghz1=  0.00000000E+00  0.00000000E+00i
      ghz2=  0.10000000E+01  0.00000000E+00i
      ghz3=  0.00000000E+00  0.00000000E+00i
      ghz4=  0.00000000E+00  0.00000000E+00i
      Lambda=  1000.0
    
    LHE output: ./data/output.lhe
    Histogram output: ./data/output.dat
    Log file: ./data/output.log
    
  Running

  Input parameters for vegas:  ndim=  9   ncall= 80707214.
                              it=    0    itmx=   15
                              acc=-1.00    
                              mds=  1     nd=  50
                              (xl,xu)= (  0.00000     ,  1.00000     )
                                       (  0.00000     ,  1.00000     )
                                       (  0.00000     ,  1.00000     )
                                       (  0.00000     ,  1.00000     )
                                       (  0.00000     ,  1.00000     )
                                       (  0.00000     ,  1.00000     )
                                       (  0.00000     ,  1.00000     )
                                       (  0.00000     ,  1.00000     )
                                       (  0.00000     ,  1.00000     )

#********** Integration by Vegas (iteration       1) ************
#                                                               *
#  integral  =  34.930160       accum. integral =  34.930160    *
#  std. dev. =  15.707581       accum. std. dev =  15.707581    *
#   min/max. wt. =    0.00000             15.6757               *
#                                                               *
#*************   chi**2/iteration =  0.000       ****************


#********** Integration by Vegas (iteration       2) ************
#                                                               *
#  integral  =  28.073240       accum. integral =  28.213975    *
#  std. dev. =  1.8274280       accum. std. dev =  2.0414347    *
#   min/max. wt. =    0.00000             1.44550               *
#                                                               *
#*************   chi**2/iteration = 0.2266       ****************


#********** Integration by Vegas (iteration       3) ************
#                                                               *
#  integral  =  32.391803       accum. integral =  32.116379    *
#  std. dev. = 0.55438910       accum. std. dev = 0.52806765    *
#   min/max. wt. =    0.00000            0.292171               *
#                                                               *
#*************   chi**2/iteration =  2.038       ****************


#********** Integration by Vegas (iteration       4) ************
#                                                               *
#  integral  =  32.146952       accum. integral =  32.146751    *
#  std. dev. = 0.43235986E-01   accum. std. dev = 0.42869954E-01*
#   min/max. wt. =    0.00000            0.103672E-01           *
#                                                               *
#*************   chi**2/iteration =  1.355       ****************


#********** Integration by Vegas (iteration       5) ************
#                                                               *
#  integral  =  32.144456       accum. integral =  32.144651    *
#  std. dev. = 0.13156401E-01   accum. std. dev = 0.12531492E-01*
#   min/max. wt. =    0.00000            0.169486E-02           *
#                                                               *
#*************   chi**2/iteration =  1.015       ****************


#********** Integration by Vegas (iteration       6) ************
#                                                               *
#  integral  =  32.137098       accum. integral =  32.139877    *
#  std. dev. = 0.95976203E-02   accum. std. dev = 0.76059537E-02*
#   min/max. wt. =    0.00000            0.224793E-02           *
#                                                               *
#*************   chi**2/iteration = 0.8569       ****************


#********** Integration by Vegas (iteration       7) ************
#                                                               *
#  integral  =  32.150809       accum. integral =  32.144563    *
#  std. dev. = 0.88130282E-02   accum. std. dev = 0.57520972E-02*
#   min/max. wt. =    0.00000            0.257370E-03           *
#                                                               *
#*************   chi**2/iteration = 0.8608       ****************


#********** Integration by Vegas (iteration       8) ************
#                                                               *
#  integral  =  32.129999       accum. integral =  32.139833    *
#  std. dev. = 0.83151720E-02   accum. std. dev = 0.47282107E-02*
#   min/max. wt. =    0.00000            0.330693E-03           *
#                                                               *
#*************   chi**2/iteration =  1.035       ****************


#********** Integration by Vegas (iteration       9) ************
#                                                               *
#  integral  =  32.140459       accum. integral =  32.139988    *
#  std. dev. = 0.82932669E-02   accum. std. dev = 0.41061616E-02*
#   min/max. wt. =    0.00000            0.339662E-03           *
#                                                               *
#*************   chi**2/iteration = 0.9053       ****************


#********** Integration by Vegas (iteration      10) ************
#                                                               *
#  integral  =  32.149516       accum. integral =  32.141830    *
#  std. dev. = 0.84071403E-02   accum. std. dev = 0.36887480E-02*
#   min/max. wt. =    0.00000            0.291952E-03           *
#                                                               *
#*************   chi**2/iteration = 0.9199       ****************


#********** Integration by Vegas (iteration      11) ************
#                                                               *
#  integral  =  32.147992       accum. integral =  32.142817    *
#  std. dev. = 0.84680514E-02   accum. std. dev = 0.33813081E-02*
#   min/max. wt. =    0.00000            0.295673E-03           *
#                                                               *
#*************   chi**2/iteration = 0.8723       ****************


#********** Integration by Vegas (iteration      12) ************
#                                                               *
#  integral  =  32.133848       accum. integral =  32.141582    *
#  std. dev. = 0.84755241E-02   accum. std. dev = 0.31403371E-02*
#   min/max. wt. =    0.00000            0.285389E-03           *
#                                                               *
#*************   chi**2/iteration = 0.8808       ****************


#********** Integration by Vegas (iteration      13) ************
#                                                               *
#  integral  =  32.130893       accum. integral =  32.140321    *
#  std. dev. = 0.85983690E-02   accum. std. dev = 0.29495995E-02*
#   min/max. wt. =    0.00000            0.379384E-03           *
#                                                               *
#*************   chi**2/iteration = 0.9211       ****************


#********** Integration by Vegas (iteration      14) ************
#                                                               *
#  integral  =  32.125944       accum. integral =  32.138830    *
#  std. dev. = 0.86812241E-02   accum. std. dev = 0.27927012E-02*
#   min/max. wt. =    0.00000            0.583462E-03           *
#                                                               *
#*************   chi**2/iteration =  1.040       ****************


#********** Integration by Vegas (iteration      15) ************
#                                                               *
#  integral  =  32.147862       accum. integral =  32.139679    *
#  std. dev. = 0.86857901E-02   accum. std. dev = 0.26585351E-02*
#   min/max. wt. =    0.00000            0.422048E-03           *
#                                                               *
#*************   chi**2/iteration =  1.035       ****************


  Input parameters for vegas:  ndim=  9   ncall= 80707214.
                              it=    0    itmx=    2
                              acc=-1.00    
                              mds=  1     nd=  50
                              (xl,xu)= (  0.00000     ,  1.00000     )
                                       (  0.00000     ,  1.00000     )
                                       (  0.00000     ,  1.00000     )
                                       (  0.00000     ,  1.00000     )
                                       (  0.00000     ,  1.00000     )
                                       (  0.00000     ,  1.00000     )
                                       (  0.00000     ,  1.00000     )
                                       (  0.00000     ,  1.00000     )
                                       (  0.00000     ,  1.00000     )

#********** Integration by Vegas (iteration       1) ************
#                                                               *
#  integral  =  32.133257       accum. integral =  32.133257    *
#  std. dev. = 0.89692330E-02   accum. std. dev = 0.89692330E-02*
#   min/max. wt. =    0.00000            0.357505E-03           *
#                                                               *
#*************   chi**2/iteration =  0.000       ****************


#********** Integration by Vegas (iteration       2) ************
#                                                               *
#  integral  =  32.146488       accum. integral =  32.139696    *
#  std. dev. = 0.92157109E-02   accum. std. dev = 0.64276129E-02*
#   min/max. wt. =    0.00000            0.564007E-03           *
#                                                               *
#*************   chi**2/iteration =  1.057       ****************

 Done
