SLURM job running in:  /scratch/groups/lhc/park/JHUGen/JHUGenerator
LHAPDF 6.1.5 loading /work-zfs/lhc/cms/slc6_amd64_gcc493/external/lhapdf/6.1.5-kpegke3/share/LHAPDF/NNPDF30_lo_as_0130/NNPDF30_lo_as_0130_0000.dat
NNPDF30_lo_as_0130 PDF set, member #0, version 2; LHAPDF ID = 263000
 extending no. of histograms for vbf tests
 
                                                                                          
   ***************************************************************************************
   *                                JHU Generator v6.9.3                                 *
   ***************************************************************************************
   *                                                                                     *
   *   Spin and parity determination of single-produced resonances at hadron colliders   *
   *                                                                                     *
   *          I. Anderson, S. Bolognesi, F. Caola, Y. Gao, A. Gritsan, Z. Guo,           *
   *        C. Martin, K. Melnikov, R.Rontsch, H. Roskes, U. Sarica, M. Schulze,         *
   *                   N. Tran, A. Whitbeck, M. Xiao, C. You, Y. Zhou                    *
   *                Phys.Rev. D81 (2010) 075022;  arXiv:1001.3396 [hep-ph],              *
   *                Phys.Rev. D86 (2012) 095031;  arXiv:1208.4018 [hep-ph],              *
   *                Phys.Rev. D89 (2014) 035007;  arXiv:1309.4819 [hep-ph].              *
   *                                                                                     *
   ***************************************************************************************
                                                                                          
   
   Command line: ./JHUGen Unweighted=0 VegasNc0=99999999 VegasNc1=99999999 VegasNc2=99999999 LHAPDF=NNPDF30_lo_as_0130/NNPDF30_lo_as_0130.info MReso=314 ghz1=0,0 ghz2=1,0 Process=60 pTjetcut=0 deltaRcut=0
   
   Input Parameter:
    Collider: P-P, sqrt(s)=13000.00
    Resonance: spin=0, mass= 314.00 width=   0.00407
    Z-boson: mass=91.188, width=2.4952
    W-boson: mass=80.399, width=2.0850
    Jet cuts:
            pT >=     0.00 GeV
        DeltaR >=     0.00
           mJJ >=     0.00 GeV
    Random seed:   347055479
    To reproduce results using this seed, JHUGen should be compiled with the same compiler:
      GNU Fortran (GCC) 4.9.3
    
    WidthScheme:   2
    LHAPDF set NNPDF30_lo_as_0130/NNPDF30_lo_as_0130.info, member=  0
    Unweighted: F
    
    spin-0-VV couplings: 
      generate_as=F
      ghg2=  0.10000000E+01  0.00000000E+00i
      ghg3=  0.00000000E+00  0.00000000E+00i
      ghg4=  0.00000000E+00  0.00000000E+00i
      ghz1=  0.00000000E+00  0.00000000E+00i
      ghz2=  0.10000000E+01  0.00000000E+00i
      ghz3=  0.00000000E+00  0.00000000E+00i
      ghz4=  0.00000000E+00  0.00000000E+00i
      Lambda=  1000.0
    
    LHE output: ./data/output.lhe
    Histogram output: ./data/output.dat
    Log file: ./data/output.log
    
  Running

  Input parameters for vegas:  ndim=  9   ncall= 80707214.
                              it=    0    itmx=   15
                              acc=-1.00    
                              mds=  1     nd=  50
                              (xl,xu)= (  0.00000     ,  1.00000     )
                                       (  0.00000     ,  1.00000     )
                                       (  0.00000     ,  1.00000     )
                                       (  0.00000     ,  1.00000     )
                                       (  0.00000     ,  1.00000     )
                                       (  0.00000     ,  1.00000     )
                                       (  0.00000     ,  1.00000     )
                                       (  0.00000     ,  1.00000     )
                                       (  0.00000     ,  1.00000     )

#********** Integration by Vegas (iteration       1) ************
#                                                               *
#  integral  =  6033.1198       accum. integral =  6033.1198    *
#  std. dev. =  1036.7726       accum. std. dev =  1036.7726    *
#   min/max. wt. =    0.00000             1021.61               *
#                                                               *
#*************   chi**2/iteration =  0.000       ****************


#********** Integration by Vegas (iteration       2) ************
#                                                               *
#  integral  =  5932.6783       accum. integral =  5933.3377    *
#  std. dev. =  82.880780       accum. std. dev =  83.310481    *
#   min/max. wt. =    0.00000             26.7130               *
#                                                               *
#*************   chi**2/iteration = 0.9471E-02   ****************


#********** Integration by Vegas (iteration       3) ************
#                                                               *
#  integral  =  6657.9310       accum. integral =  6571.3016    *
#  std. dev. =  34.162252       accum. std. dev =  29.928349    *
#   min/max. wt. =    0.00000             17.8110               *
#                                                               *
#*************   chi**2/iteration =  30.84       ****************


#********** Integration by Vegas (iteration       4) ************
#                                                               *
#  integral  =  6699.9175       accum. integral =  6694.0307    *
#  std. dev. =  7.0647266       accum. std. dev =  6.5310301    *
#   min/max. wt. =    0.00000             1.02894               *
#                                                               *
#*************   chi**2/iteration =  25.41       ****************


#********** Integration by Vegas (iteration       5) ************
#                                                               *
#  integral  =  6696.9279       accum. integral =  6696.4574    *
#  std. dev. =  3.0373293       accum. std. dev =  2.6621179    *
#   min/max. wt. =    0.00000            0.276763               *
#                                                               *
#*************   chi**2/iteration =  18.67       ****************


#********** Integration by Vegas (iteration       6) ************
#                                                               *
#  integral  =  6700.7270       accum. integral =  6698.7747    *
#  std. dev. =  2.5530011       accum. std. dev =  1.8138553    *
#   min/max. wt. =    0.00000            0.615716               *
#                                                               *
#*************   chi**2/iteration =  14.99       ****************


#********** Integration by Vegas (iteration       7) ************
#                                                               *
#  integral  =  6691.6682       accum. integral =  6695.9720    *
#  std. dev. =  2.3275094       accum. std. dev =  1.4188303    *
#   min/max. wt. =    0.00000            0.700276E-01           *
#                                                               *
#*************   chi**2/iteration =  13.36       ****************


#********** Integration by Vegas (iteration       8) ************
#                                                               *
#  integral  =  6699.9969       accum. integral =  6697.1818    *
#  std. dev. =  2.2324305       accum. std. dev =  1.1913170    *
#   min/max. wt. =    0.00000            0.151196               *
#                                                               *
#*************   chi**2/iteration =  11.70       ****************


#********** Integration by Vegas (iteration       9) ************
#                                                               *
#  integral  =  6700.6032       accum. integral =  6697.9693    *
#  std. dev. =  2.2385275       accum. std. dev =  1.0484852    *
#   min/max. wt. =    0.00000            0.150302               *
#                                                               *
#*************   chi**2/iteration =  10.41       ****************


#********** Integration by Vegas (iteration      10) ************
#                                                               *
#  integral  =  6699.7504       accum. integral =  6698.3072    *
#  std. dev. =  2.2193644       accum. std. dev = 0.94611834    *
#   min/max. wt. =    0.00000            0.894226E-01           *
#                                                               *
#*************   chi**2/iteration =  9.272       ****************


#********** Integration by Vegas (iteration      11) ************
#                                                               *
#  integral  =  6702.3499       accum. integral =  6698.9402    *
#  std. dev. =  2.2443737       accum. std. dev = 0.87066014    *
#   min/max. wt. =    0.00000            0.168671               *
#                                                               *
#*************   chi**2/iteration =  8.595       ****************


#********** Integration by Vegas (iteration      12) ************
#                                                               *
#  integral  =  6698.1385       accum. integral =  6698.8330    *
#  std. dev. =  2.2591544       accum. std. dev = 0.81168778    *
#   min/max. wt. =    0.00000            0.842039E-01           *
#                                                               *
#*************   chi**2/iteration =  7.799       ****************


#********** Integration by Vegas (iteration      13) ************
#                                                               *
#  integral  =  6697.7731       accum. integral =  6698.7089    *
#  std. dev. =  2.2687498       accum. std. dev = 0.76375295    *
#   min/max. wt. =    0.00000            0.120107               *
#                                                               *
#*************   chi**2/iteration =  7.146       ****************


#********** Integration by Vegas (iteration      14) ************
#                                                               *
#  integral  =  6700.8635       accum. integral =  6698.9268    *
#  std. dev. =  2.3153671       accum. std. dev = 0.72498546    *
#   min/max. wt. =    0.00000            0.863306E-01           *
#                                                               *
#*************   chi**2/iteration =  6.642       ****************


#********** Integration by Vegas (iteration      15) ************
#                                                               *
#  integral  =  6700.3964       accum. integral =  6699.0615    *
#  std. dev. =  2.3177935       accum. std. dev = 0.69168558    *
#   min/max. wt. =    0.00000            0.832441E-01           *
#                                                               *
#*************   chi**2/iteration =  6.182       ****************


  Input parameters for vegas:  ndim=  9   ncall= 80707214.
                              it=    0    itmx=    2
                              acc=-1.00    
                              mds=  1     nd=  50
                              (xl,xu)= (  0.00000     ,  1.00000     )
                                       (  0.00000     ,  1.00000     )
                                       (  0.00000     ,  1.00000     )
                                       (  0.00000     ,  1.00000     )
                                       (  0.00000     ,  1.00000     )
                                       (  0.00000     ,  1.00000     )
                                       (  0.00000     ,  1.00000     )
                                       (  0.00000     ,  1.00000     )
                                       (  0.00000     ,  1.00000     )

#********** Integration by Vegas (iteration       1) ************
#                                                               *
#  integral  =  6700.3458       accum. integral =  6700.3458    *
#  std. dev. =  2.3144967       accum. std. dev =  2.3144967    *
#   min/max. wt. =    0.00000            0.698364E-01           *
#                                                               *
#*************   chi**2/iteration =  0.000       ****************


#********** Integration by Vegas (iteration       2) ************
#                                                               *
#  integral  =  6695.4147       accum. integral =  6697.9300    *
#  std. dev. =  2.3600027       accum. std. dev =  1.6524384    *
#   min/max. wt. =    0.00000            0.100214               *
#                                                               *
#*************   chi**2/iteration =  2.223       ****************

 Done
