SLURM job running in:  /scratch/groups/lhc/park/JHUGen/JHUGenerator
LHAPDF 6.1.5 loading /work-zfs/lhc/cms/slc6_amd64_gcc493/external/lhapdf/6.1.5-kpegke3/share/LHAPDF/NNPDF30_lo_as_0130/NNPDF30_lo_as_0130_0000.dat
NNPDF30_lo_as_0130 PDF set, member #0, version 2; LHAPDF ID = 263000
 extending no. of histograms for vbf tests
 
                                                                                          
   ***************************************************************************************
   *                                JHU Generator v6.9.3                                 *
   ***************************************************************************************
   *                                                                                     *
   *   Spin and parity determination of single-produced resonances at hadron colliders   *
   *                                                                                     *
   *          I. Anderson, S. Bolognesi, F. Caola, Y. Gao, A. Gritsan, Z. Guo,           *
   *        C. Martin, K. Melnikov, R.Rontsch, H. Roskes, U. Sarica, M. Schulze,         *
   *                   N. Tran, A. Whitbeck, M. Xiao, C. You, Y. Zhou                    *
   *                Phys.Rev. D81 (2010) 075022;  arXiv:1001.3396 [hep-ph],              *
   *                Phys.Rev. D86 (2012) 095031;  arXiv:1208.4018 [hep-ph],              *
   *                Phys.Rev. D89 (2014) 035007;  arXiv:1309.4819 [hep-ph].              *
   *                                                                                     *
   ***************************************************************************************
                                                                                          
   
   Command line: ./JHUGen Unweighted=0 VegasNc0=99999999 VegasNc1=99999999 VegasNc2=99999999 LHAPDF=NNPDF30_lo_as_0130/NNPDF30_lo_as_0130.info MReso=326 ghz1=0,0 ghz2=1,0 Process=60 pTjetcut=0 deltaRcut=0
   
   Input Parameter:
    Collider: P-P, sqrt(s)=13000.00
    Resonance: spin=0, mass= 326.00 width=   0.00407
    Z-boson: mass=91.188, width=2.4952
    W-boson: mass=80.399, width=2.0850
    Jet cuts:
            pT >=     0.00 GeV
        DeltaR >=     0.00
           mJJ >=     0.00 GeV
    Random seed:    18484407
    To reproduce results using this seed, JHUGen should be compiled with the same compiler:
      GNU Fortran (GCC) 4.9.3
    
    WidthScheme:   2
    LHAPDF set NNPDF30_lo_as_0130/NNPDF30_lo_as_0130.info, member=  0
    Unweighted: F
    
    spin-0-VV couplings: 
      generate_as=F
      ghg2=  0.10000000E+01  0.00000000E+00i
      ghg3=  0.00000000E+00  0.00000000E+00i
      ghg4=  0.00000000E+00  0.00000000E+00i
      ghz1=  0.00000000E+00  0.00000000E+00i
      ghz2=  0.10000000E+01  0.00000000E+00i
      ghz3=  0.00000000E+00  0.00000000E+00i
      ghz4=  0.00000000E+00  0.00000000E+00i
      Lambda=  1000.0
    
    LHE output: ./data/output.lhe
    Histogram output: ./data/output.dat
    Log file: ./data/output.log
    
  Running

  Input parameters for vegas:  ndim=  9   ncall= 80707214.
                              it=    0    itmx=   15
                              acc=-1.00    
                              mds=  1     nd=  50
                              (xl,xu)= (  0.00000     ,  1.00000     )
                                       (  0.00000     ,  1.00000     )
                                       (  0.00000     ,  1.00000     )
                                       (  0.00000     ,  1.00000     )
                                       (  0.00000     ,  1.00000     )
                                       (  0.00000     ,  1.00000     )
                                       (  0.00000     ,  1.00000     )
                                       (  0.00000     ,  1.00000     )
                                       (  0.00000     ,  1.00000     )

#********** Integration by Vegas (iteration       1) ************
#                                                               *
#  integral  =  5115.1363       accum. integral =  5115.1363    *
#  std. dev. =  543.04076       accum. std. dev =  543.04076    *
#   min/max. wt. =    0.00000             387.549               *
#                                                               *
#*************   chi**2/iteration =  0.000       ****************


#********** Integration by Vegas (iteration       2) ************
#                                                               *
#  integral  =  6440.8868       accum. integral =  6293.1367    *
#  std. dev. =  242.16535       accum. std. dev =  206.12274    *
#   min/max. wt. =    0.00000             168.173               *
#                                                               *
#*************   chi**2/iteration =  4.092       ****************


#********** Integration by Vegas (iteration       3) ************
#                                                               *
#  integral  =  6456.5085       accum. integral =  6451.3485    *
#  std. dev. =  41.325165       accum. std. dev =  38.024972    *
#   min/max. wt. =    0.00000             26.1660               *
#                                                               *
#*************   chi**2/iteration =  2.182       ****************


#********** Integration by Vegas (iteration       4) ************
#                                                               *
#  integral  =  6459.8841       accum. integral =  6459.5156    *
#  std. dev. =  8.6432856       accum. std. dev =  8.0431068    *
#   min/max. wt. =    0.00000             1.67972               *
#                                                               *
#*************   chi**2/iteration =  1.420       ****************


#********** Integration by Vegas (iteration       5) ************
#                                                               *
#  integral  =  6445.0871       accum. integral =  6446.8393    *
#  std. dev. =  3.1360705       accum. std. dev =  2.8306942    *
#   min/max. wt. =    0.00000            0.825112               *
#                                                               *
#*************   chi**2/iteration =  1.737       ****************


#********** Integration by Vegas (iteration       6) ************
#                                                               *
#  integral  =  6442.6238       accum. integral =  6444.3156    *
#  std. dev. =  2.4058579       accum. std. dev =  1.8048260    *
#   min/max. wt. =    0.00000            0.118849               *
#                                                               *
#*************   chi**2/iteration =  1.634       ****************


#********** Integration by Vegas (iteration       7) ************
#                                                               *
#  integral  =  6448.1108       accum. integral =  6445.9090    *
#  std. dev. =  2.1901292       accum. std. dev =  1.3811390    *
#   min/max. wt. =    0.00000            0.110547               *
#                                                               *
#*************   chi**2/iteration =  1.655       ****************


#********** Integration by Vegas (iteration       8) ************
#                                                               *
#  integral  =  6449.1310       accum. integral =  6446.8645    *
#  std. dev. =  2.1858502       accum. std. dev =  1.1624189    *
#   min/max. wt. =    0.00000            0.155608               *
#                                                               *
#*************   chi**2/iteration =  1.638       ****************


#********** Integration by Vegas (iteration       9) ************
#                                                               *
#  integral  =  6446.0209       accum. integral =  6446.6747    *
#  std. dev. =  2.2083803       accum. std. dev =  1.0260518    *
#   min/max. wt. =    0.00000            0.413166               *
#                                                               *
#*************   chi**2/iteration =  1.441       ****************


#********** Integration by Vegas (iteration      10) ************
#                                                               *
#  integral  =  6446.4472       accum. integral =  6446.6312    *
#  std. dev. =  2.1540971       accum. std. dev = 0.92468080    *
#   min/max. wt. =    0.00000            0.119071               *
#                                                               *
#*************   chi**2/iteration =  1.276       ****************


#********** Integration by Vegas (iteration      11) ************
#                                                               *
#  integral  =  6448.3794       accum. integral =  6446.9188    *
#  std. dev. =  2.1237008       accum. std. dev = 0.84669046    *
#   min/max. wt. =    0.00000            0.792270E-01           *
#                                                               *
#*************   chi**2/iteration =  1.203       ****************


#********** Integration by Vegas (iteration      12) ************
#                                                               *
#  integral  =  6447.2386       accum. integral =  6446.9630    *
#  std. dev. =  2.1512785       accum. std. dev = 0.78717751    *
#   min/max. wt. =    0.00000            0.189767               *
#                                                               *
#*************   chi**2/iteration =  1.092       ****************


#********** Integration by Vegas (iteration      13) ************
#                                                               *
#  integral  =  6447.5297       accum. integral =  6447.0311    *
#  std. dev. =  2.1636849       accum. std. dev = 0.73927575    *
#   min/max. wt. =    0.00000            0.107971               *
#                                                               *
#*************   chi**2/iteration =  1.004       ****************


#********** Integration by Vegas (iteration      14) ************
#                                                               *
#  integral  =  6444.9650       accum. integral =  6446.8118    *
#  std. dev. =  2.1758236       accum. std. dev = 0.69965841    *
#   min/max. wt. =    0.00000            0.617003E-01           *
#                                                               *
#*************   chi**2/iteration = 0.9886       ****************


#********** Integration by Vegas (iteration      15) ************
#                                                               *
#  integral  =  6443.1405       accum. integral =  6446.4698    *
#  std. dev. =  2.2106295       accum. std. dev = 0.66683804    *
#   min/max. wt. =    0.00000            0.122668               *
#                                                               *
#*************   chi**2/iteration =  1.099       ****************


  Input parameters for vegas:  ndim=  9   ncall= 80707214.
                              it=    0    itmx=    2
                              acc=-1.00    
                              mds=  1     nd=  50
                              (xl,xu)= (  0.00000     ,  1.00000     )
                                       (  0.00000     ,  1.00000     )
                                       (  0.00000     ,  1.00000     )
                                       (  0.00000     ,  1.00000     )
                                       (  0.00000     ,  1.00000     )
                                       (  0.00000     ,  1.00000     )
                                       (  0.00000     ,  1.00000     )
                                       (  0.00000     ,  1.00000     )
                                       (  0.00000     ,  1.00000     )

#********** Integration by Vegas (iteration       1) ************
#                                                               *
#  integral  =  6445.8905       accum. integral =  6445.8905    *
#  std. dev. =  2.2364924       accum. std. dev =  2.2364924    *
#   min/max. wt. =    0.00000            0.155415               *
#                                                               *
#*************   chi**2/iteration =  0.000       ****************


#********** Integration by Vegas (iteration       2) ************
#                                                               *
#  integral  =  6445.2355       accum. integral =  6445.5651    *
#  std. dev. =  2.2509550       accum. std. dev =  1.5865270    *
#   min/max. wt. =    0.00000            0.124972               *
#                                                               *
#*************   chi**2/iteration = 0.4256E-01   ****************

 Done
