SLURM job running in:  /scratch/groups/lhc/park/JHUGen/JHUGenerator
LHAPDF 6.1.5 loading /work-zfs/lhc/cms/slc6_amd64_gcc493/external/lhapdf/6.1.5-kpegke3/share/LHAPDF/NNPDF30_lo_as_0130/NNPDF30_lo_as_0130_0000.dat
NNPDF30_lo_as_0130 PDF set, member #0, version 2; LHAPDF ID = 263000
 extending no. of histograms for vbf tests
 
                                                                                          
   ***************************************************************************************
   *                                JHU Generator v6.9.3                                 *
   ***************************************************************************************
   *                                                                                     *
   *   Spin and parity determination of single-produced resonances at hadron colliders   *
   *                                                                                     *
   *          I. Anderson, S. Bolognesi, F. Caola, Y. Gao, A. Gritsan, Z. Guo,           *
   *        C. Martin, K. Melnikov, R.Rontsch, H. Roskes, U. Sarica, M. Schulze,         *
   *                   N. Tran, A. Whitbeck, M. Xiao, C. You, Y. Zhou                    *
   *                Phys.Rev. D81 (2010) 075022;  arXiv:1001.3396 [hep-ph],              *
   *                Phys.Rev. D86 (2012) 095031;  arXiv:1208.4018 [hep-ph],              *
   *                Phys.Rev. D89 (2014) 035007;  arXiv:1309.4819 [hep-ph].              *
   *                                                                                     *
   ***************************************************************************************
                                                                                          
   
   Command line: ./JHUGen Unweighted=0 VegasNc0=99999999 VegasNc1=99999999 VegasNc2=99999999 LHAPDF=NNPDF30_lo_as_0130/NNPDF30_lo_as_0130.info MReso=330 ghz1=0,0 ghz2=1,0 Process=60 pTjetcut=0 deltaRcut=0
   
   Input Parameter:
    Collider: P-P, sqrt(s)=13000.00
    Resonance: spin=0, mass= 330.00 width=   0.00407
    Z-boson: mass=91.188, width=2.4952
    W-boson: mass=80.399, width=2.0850
    Jet cuts:
            pT >=     0.00 GeV
        DeltaR >=     0.00
           mJJ >=     0.00 GeV
    Random seed:   644479036
    To reproduce results using this seed, JHUGen should be compiled with the same compiler:
      GNU Fortran (GCC) 4.9.3
    
    WidthScheme:   2
    LHAPDF set NNPDF30_lo_as_0130/NNPDF30_lo_as_0130.info, member=  0
    Unweighted: F
    
    spin-0-VV couplings: 
      generate_as=F
      ghg2=  0.10000000E+01  0.00000000E+00i
      ghg3=  0.00000000E+00  0.00000000E+00i
      ghg4=  0.00000000E+00  0.00000000E+00i
      ghz1=  0.00000000E+00  0.00000000E+00i
      ghz2=  0.10000000E+01  0.00000000E+00i
      ghz3=  0.00000000E+00  0.00000000E+00i
      ghz4=  0.00000000E+00  0.00000000E+00i
      Lambda=  1000.0
    
    LHE output: ./data/output.lhe
    Histogram output: ./data/output.dat
    Log file: ./data/output.log
    
  Running

  Input parameters for vegas:  ndim=  9   ncall= 80707214.
                              it=    0    itmx=   15
                              acc=-1.00    
                              mds=  1     nd=  50
                              (xl,xu)= (  0.00000     ,  1.00000     )
                                       (  0.00000     ,  1.00000     )
                                       (  0.00000     ,  1.00000     )
                                       (  0.00000     ,  1.00000     )
                                       (  0.00000     ,  1.00000     )
                                       (  0.00000     ,  1.00000     )
                                       (  0.00000     ,  1.00000     )
                                       (  0.00000     ,  1.00000     )
                                       (  0.00000     ,  1.00000     )

#********** Integration by Vegas (iteration       1) ************
#                                                               *
#  integral  =  4721.6818       accum. integral =  4721.6818    *
#  std. dev. =  152.24006       accum. std. dev =  152.24006    *
#   min/max. wt. =    0.00000             73.5502               *
#                                                               *
#*************   chi**2/iteration =  0.000       ****************


#********** Integration by Vegas (iteration       2) ************
#                                                               *
#  integral  =  7224.5629       accum. integral =  4841.0627    *
#  std. dev. =  1040.8401       accum. std. dev =  192.02139    *
#   min/max. wt. =    0.00000             1013.23               *
#                                                               *
#*************   chi**2/iteration =  7.709       ****************


#********** Integration by Vegas (iteration       3) ************
#                                                               *
#  integral  =  6339.4971       accum. integral =  6277.1815    *
#  std. dev. =  41.550630       accum. std. dev =  39.671462    *
#   min/max. wt. =    0.00000             13.3460               *
#                                                               *
#*************   chi**2/iteration =  32.17       ****************


#********** Integration by Vegas (iteration       4) ************
#                                                               *
#  integral  =  6363.5436       accum. integral =  6360.7100    *
#  std. dev. =  7.5206112       accum. std. dev =  7.2391426    *
#   min/max. wt. =    0.00000             3.52705               *
#                                                               *
#*************   chi**2/iteration =  22.64       ****************


#********** Integration by Vegas (iteration       5) ************
#                                                               *
#  integral  =  6365.9390       accum. integral =  6365.0822    *
#  std. dev. =  3.2752597       accum. std. dev =  2.9432994    *
#   min/max. wt. =    0.00000            0.129029               *
#                                                               *
#*************   chi**2/iteration =  16.94       ****************


#********** Integration by Vegas (iteration       6) ************
#                                                               *
#  integral  =  6368.2801       accum. integral =  6367.0332    *
#  std. dev. =  2.3951625       accum. std. dev =  1.8434108    *
#   min/max. wt. =    0.00000            0.195550               *
#                                                               *
#*************   chi**2/iteration =  13.62       ****************


#********** Integration by Vegas (iteration       7) ************
#                                                               *
#  integral  =  6369.2184       accum. integral =  6367.9142    *
#  std. dev. =  2.2764882       accum. std. dev =  1.4271826    *
#   min/max. wt. =    0.00000            0.196387               *
#                                                               *
#*************   chi**2/iteration =  11.39       ****************


#********** Integration by Vegas (iteration       8) ************
#                                                               *
#  integral  =  6366.0831       accum. integral =  6367.3601    *
#  std. dev. =  2.1932978       accum. std. dev =  1.1936847    *
#   min/max. wt. =    0.00000            0.152600               *
#                                                               *
#*************   chi**2/iteration =  9.806       ****************


#********** Integration by Vegas (iteration       9) ************
#                                                               *
#  integral  =  6365.0873       accum. integral =  6366.8094    *
#  std. dev. =  2.1333043       accum. std. dev =  1.0402899    *
#   min/max. wt. =    0.00000            0.159574               *
#                                                               *
#*************   chi**2/iteration =  8.670       ****************


#********** Integration by Vegas (iteration      10) ************
#                                                               *
#  integral  =  6366.1775       accum. integral =  6366.6851    *
#  std. dev. =  2.1219153       accum. std. dev = 0.93323342    *
#   min/max. wt. =    0.00000            0.727329E-01           *
#                                                               *
#*************   chi**2/iteration =  7.700       ****************


#********** Integration by Vegas (iteration      11) ************
#                                                               *
#  integral  =  6371.2325       accum. integral =  6367.4105    *
#  std. dev. =  2.1622828       accum. std. dev = 0.85630118    *
#   min/max. wt. =    0.00000            0.206882               *
#                                                               *
#*************   chi**2/iteration =  7.296       ****************


#********** Integration by Vegas (iteration      12) ************
#                                                               *
#  integral  =  6366.6049       accum. integral =  6367.2989    *
#  std. dev. =  2.1520065       accum. std. dev = 0.79529584    *
#   min/max. wt. =    0.00000            0.869342E-01           *
#                                                               *
#*************   chi**2/iteration =  6.635       ****************


#********** Integration by Vegas (iteration      13) ************
#                                                               *
#  integral  =  6364.6659       accum. integral =  6366.9764    *
#  std. dev. =  2.1432973       accum. std. dev = 0.74539395    *
#   min/max. wt. =    0.00000            0.100318               *
#                                                               *
#*************   chi**2/iteration =  6.188       ****************


#********** Integration by Vegas (iteration      14) ************
#                                                               *
#  integral  =  6366.6278       accum. integral =  6366.9406    *
#  std. dev. =  2.2171342       accum. std. dev = 0.70639209    *
#   min/max. wt. =    0.00000            0.352558               *
#                                                               *
#*************   chi**2/iteration =  5.708       ****************


#********** Integration by Vegas (iteration      15) ************
#                                                               *
#  integral  =  6362.4328       accum. integral =  6366.5070    *
#  std. dev. =  2.1774032       accum. std. dev = 0.67181201    *
#   min/max. wt. =    0.00000            0.483819E-01           *
#                                                               *
#*************   chi**2/iteration =  5.576       ****************


  Input parameters for vegas:  ndim=  9   ncall= 80707214.
                              it=    0    itmx=    2
                              acc=-1.00    
                              mds=  1     nd=  50
                              (xl,xu)= (  0.00000     ,  1.00000     )
                                       (  0.00000     ,  1.00000     )
                                       (  0.00000     ,  1.00000     )
                                       (  0.00000     ,  1.00000     )
                                       (  0.00000     ,  1.00000     )
                                       (  0.00000     ,  1.00000     )
                                       (  0.00000     ,  1.00000     )
                                       (  0.00000     ,  1.00000     )
                                       (  0.00000     ,  1.00000     )

#********** Integration by Vegas (iteration       1) ************
#                                                               *
#  integral  =  6360.1093       accum. integral =  6360.1093    *
#  std. dev. =  2.1841912       accum. std. dev =  2.1841912    *
#   min/max. wt. =    0.00000            0.966815E-01           *
#                                                               *
#*************   chi**2/iteration =  0.000       ****************


#********** Integration by Vegas (iteration       2) ************
#                                                               *
#  integral  =  6366.5954       accum. integral =  6363.2665    *
#  std. dev. =  2.2451155       accum. std. dev =  1.5655740    *
#   min/max. wt. =    0.00000            0.221539               *
#                                                               *
#*************   chi**2/iteration =  4.284       ****************

 Done
