SLURM job running in:  /scratch/groups/lhc/park/JHUGen/JHUGenerator
LHAPDF 6.1.5 loading /work-zfs/lhc/cms/slc6_amd64_gcc493/external/lhapdf/6.1.5-kpegke3/share/LHAPDF/NNPDF30_lo_as_0130/NNPDF30_lo_as_0130_0000.dat
NNPDF30_lo_as_0130 PDF set, member #0, version 2; LHAPDF ID = 263000
 extending no. of histograms for vbf tests
 
                                                                                          
   ***************************************************************************************
   *                                JHU Generator v6.9.3                                 *
   ***************************************************************************************
   *                                                                                     *
   *   Spin and parity determination of single-produced resonances at hadron colliders   *
   *                                                                                     *
   *          I. Anderson, S. Bolognesi, F. Caola, Y. Gao, A. Gritsan, Z. Guo,           *
   *        C. Martin, K. Melnikov, R.Rontsch, H. Roskes, U. Sarica, M. Schulze,         *
   *                   N. Tran, A. Whitbeck, M. Xiao, C. You, Y. Zhou                    *
   *                Phys.Rev. D81 (2010) 075022;  arXiv:1001.3396 [hep-ph],              *
   *                Phys.Rev. D86 (2012) 095031;  arXiv:1208.4018 [hep-ph],              *
   *                Phys.Rev. D89 (2014) 035007;  arXiv:1309.4819 [hep-ph].              *
   *                                                                                     *
   ***************************************************************************************
                                                                                          
   
   Command line: ./JHUGen Unweighted=0 VegasNc0=99999999 VegasNc1=99999999 VegasNc2=99999999 LHAPDF=NNPDF30_lo_as_0130/NNPDF30_lo_as_0130.info MReso=372 ghz1=0,0 ghz2=1,0 Process=60 pTjetcut=0 deltaRcut=0
   
   Input Parameter:
    Collider: P-P, sqrt(s)=13000.00
    Resonance: spin=0, mass= 372.00 width=   0.00407
    Z-boson: mass=91.188, width=2.4952
    W-boson: mass=80.399, width=2.0850
    Jet cuts:
            pT >=     0.00 GeV
        DeltaR >=     0.00
           mJJ >=     0.00 GeV
    Random seed:   950816979
    To reproduce results using this seed, JHUGen should be compiled with the same compiler:
      GNU Fortran (GCC) 4.9.3
    
    WidthScheme:   2
    LHAPDF set NNPDF30_lo_as_0130/NNPDF30_lo_as_0130.info, member=  0
    Unweighted: F
    
    spin-0-VV couplings: 
      generate_as=F
      ghg2=  0.10000000E+01  0.00000000E+00i
      ghg3=  0.00000000E+00  0.00000000E+00i
      ghg4=  0.00000000E+00  0.00000000E+00i
      ghz1=  0.00000000E+00  0.00000000E+00i
      ghz2=  0.10000000E+01  0.00000000E+00i
      ghz3=  0.00000000E+00  0.00000000E+00i
      ghz4=  0.00000000E+00  0.00000000E+00i
      Lambda=  1000.0
    
    LHE output: ./data/output.lhe
    Histogram output: ./data/output.dat
    Log file: ./data/output.log
    
  Running

  Input parameters for vegas:  ndim=  9   ncall= 80707214.
                              it=    0    itmx=   15
                              acc=-1.00    
                              mds=  1     nd=  50
                              (xl,xu)= (  0.00000     ,  1.00000     )
                                       (  0.00000     ,  1.00000     )
                                       (  0.00000     ,  1.00000     )
                                       (  0.00000     ,  1.00000     )
                                       (  0.00000     ,  1.00000     )
                                       (  0.00000     ,  1.00000     )
                                       (  0.00000     ,  1.00000     )
                                       (  0.00000     ,  1.00000     )
                                       (  0.00000     ,  1.00000     )

#********** Integration by Vegas (iteration       1) ************
#                                                               *
#  integral  =  3882.5523       accum. integral =  3882.5523    *
#  std. dev. =  109.29736       accum. std. dev =  109.29736    *
#   min/max. wt. =    0.00000             55.1467               *
#                                                               *
#*************   chi**2/iteration = 0.1559E-09   ****************


#********** Integration by Vegas (iteration       2) ************
#                                                               *
#  integral  =  5490.1142       accum. integral =  4646.7046    *
#  std. dev. =  162.36897       accum. std. dev =  96.951998    *
#   min/max. wt. =    0.00000             95.9286               *
#                                                               *
#*************   chi**2/iteration =  68.50       ****************


#********** Integration by Vegas (iteration       3) ************
#                                                               *
#  integral  =  5626.3283       accum. integral =  5486.8712    *
#  std. dev. =  46.740191       accum. std. dev =  38.943905    *
#   min/max. wt. =  -0.211661E-10         25.6559               *
#                                                               *
#*************   chi**2/iteration =  68.84       ****************


#********** Integration by Vegas (iteration       4) ************
#                                                               *
#  integral  =  5590.9928       accum. integral =  5587.1568    *
#  std. dev. =  8.4125893       accum. std. dev =  7.6777386    *
#   min/max. wt. =    0.00000             1.12183               *
#                                                               *
#*************   chi**2/iteration =  45.68       ****************


#********** Integration by Vegas (iteration       5) ************
#                                                               *
#  integral  =  5593.6283       accum. integral =  5592.8733    *
#  std. dev. =  3.0018617       accum. std. dev =  2.6633964    *
#   min/max. wt. =  -0.329210E-12        0.660533               *
#                                                               *
#*************   chi**2/iteration =  33.37       ****************


#********** Integration by Vegas (iteration       6) ************
#                                                               *
#  integral  =  5589.2249       accum. integral =  5590.6028    *
#  std. dev. =  2.1961308       accum. std. dev =  1.6531220    *
#   min/max. wt. =    0.00000            0.147732               *
#                                                               *
#*************   chi**2/iteration =  26.40       ****************


#********** Integration by Vegas (iteration       7) ************
#                                                               *
#  integral  =  5589.9037       accum. integral =  5590.2946    *
#  std. dev. =  1.9511668       accum. std. dev =  1.2447606    *
#   min/max. wt. =    0.00000            0.782444E-01           *
#                                                               *
#*************   chi**2/iteration =  21.71       ****************


#********** Integration by Vegas (iteration       8) ************
#                                                               *
#  integral  =  5588.4125       accum. integral =  5589.7028    *
#  std. dev. =  1.9125068       accum. std. dev =  1.0359601    *
#   min/max. wt. =    0.00000            0.187222               *
#                                                               *
#*************   chi**2/iteration =  18.52       ****************


#********** Integration by Vegas (iteration       9) ************
#                                                               *
#  integral  =  5591.0428       accum. integral =  5590.0355    *
#  std. dev. =  1.8669191       accum. std. dev = 0.90181078    *
#   min/max. wt. =    0.00000            0.130326               *
#                                                               *
#*************   chi**2/iteration =  16.13       ****************


#********** Integration by Vegas (iteration      10) ************
#                                                               *
#  integral  =  5588.2834       accum. integral =  5589.6861    *
#  std. dev. =  1.8629048       accum. std. dev = 0.80942962    *
#   min/max. wt. =    0.00000            0.114856               *
#                                                               *
#*************   chi**2/iteration =  14.33       ****************


#********** Integration by Vegas (iteration      11) ************
#                                                               *
#  integral  =  5586.8883       accum. integral =  5589.2164    *
#  std. dev. =  1.8518465       accum. std. dev = 0.74024784    *
#   min/max. wt. =    0.00000            0.907935E-01           *
#                                                               *
#*************   chi**2/iteration =  13.03       ****************


#********** Integration by Vegas (iteration      12) ************
#                                                               *
#  integral  =  5591.3982       accum. integral =  5589.5250    *
#  std. dev. =  1.8708201       accum. std. dev = 0.68739420    *
#   min/max. wt. =    0.00000            0.951863E-01           *
#                                                               *
#*************   chi**2/iteration =  11.91       ****************


#********** Integration by Vegas (iteration      13) ************
#                                                               *
#  integral  =  5589.4495       accum. integral =  5589.5158    *
#  std. dev. =  1.8810294       accum. std. dev = 0.64501857    *
#   min/max. wt. =    0.00000            0.822379E-01           *
#                                                               *
#*************   chi**2/iteration =  10.87       ****************


#********** Integration by Vegas (iteration      14) ************
#                                                               *
#  integral  =  5587.4468       accum. integral =  5589.2972    *
#  std. dev. =  1.9161369       accum. std. dev = 0.61092022    *
#   min/max. wt. =    0.00000            0.174738               *
#                                                               *
#*************   chi**2/iteration =  10.09       ****************


#********** Integration by Vegas (iteration      15) ************
#                                                               *
#  integral  =  5588.0659       accum. integral =  5589.1798    *
#  std. dev. =  1.9186840       accum. std. dev = 0.58183317    *
#   min/max. wt. =    0.00000            0.521145E-01           *
#                                                               *
#*************   chi**2/iteration =  9.374       ****************


  Input parameters for vegas:  ndim=  9   ncall= 80707214.
                              it=    0    itmx=    2
                              acc=-1.00    
                              mds=  1     nd=  50
                              (xl,xu)= (  0.00000     ,  1.00000     )
                                       (  0.00000     ,  1.00000     )
                                       (  0.00000     ,  1.00000     )
                                       (  0.00000     ,  1.00000     )
                                       (  0.00000     ,  1.00000     )
                                       (  0.00000     ,  1.00000     )
                                       (  0.00000     ,  1.00000     )
                                       (  0.00000     ,  1.00000     )
                                       (  0.00000     ,  1.00000     )

#********** Integration by Vegas (iteration       1) ************
#                                                               *
#  integral  =  5589.2435       accum. integral =  5589.2435    *
#  std. dev. =  1.9583112       accum. std. dev =  1.9583112    *
#   min/max. wt. =    0.00000            0.887174E-01           *
#                                                               *
#*************   chi**2/iteration =  0.000       ****************


#********** Integration by Vegas (iteration       2) ************
#                                                               *
#  integral  =  5593.7362       accum. integral =  5591.4744    *
#  std. dev. =  1.9734612       accum. std. dev =  1.3900648    *
#   min/max. wt. =    0.00000            0.912681E-01           *
#                                                               *
#*************   chi**2/iteration =  2.609       ****************

 Done
