SLURM job running in:  /scratch/groups/lhc/park/JHUGen/JHUGenerator
LHAPDF 6.1.5 loading /work-zfs/lhc/cms/slc6_amd64_gcc493/external/lhapdf/6.1.5-kpegke3/share/LHAPDF/NNPDF30_lo_as_0130/NNPDF30_lo_as_0130_0000.dat
NNPDF30_lo_as_0130 PDF set, member #0, version 2; LHAPDF ID = 263000
 extending no. of histograms for vbf tests
 
                                                                                          
   ***************************************************************************************
   *                                JHU Generator v6.9.3                                 *
   ***************************************************************************************
   *                                                                                     *
   *   Spin and parity determination of single-produced resonances at hadron colliders   *
   *                                                                                     *
   *          I. Anderson, S. Bolognesi, F. Caola, Y. Gao, A. Gritsan, Z. Guo,           *
   *        C. Martin, K. Melnikov, R.Rontsch, H. Roskes, U. Sarica, M. Schulze,         *
   *                   N. Tran, A. Whitbeck, M. Xiao, C. You, Y. Zhou                    *
   *                Phys.Rev. D81 (2010) 075022;  arXiv:1001.3396 [hep-ph],              *
   *                Phys.Rev. D86 (2012) 095031;  arXiv:1208.4018 [hep-ph],              *
   *                Phys.Rev. D89 (2014) 035007;  arXiv:1309.4819 [hep-ph].              *
   *                                                                                     *
   ***************************************************************************************
                                                                                          
   
   Command line: ./JHUGen Unweighted=0 VegasNc0=99999999 VegasNc1=99999999 VegasNc2=99999999 LHAPDF=NNPDF30_lo_as_0130/NNPDF30_lo_as_0130.info MReso=412 ghz1=0,0 ghz2=1,0 Process=60 pTjetcut=0 deltaRcut=0
   
   Input Parameter:
    Collider: P-P, sqrt(s)=13000.00
    Resonance: spin=0, mass= 412.00 width=   0.00407
    Z-boson: mass=91.188, width=2.4952
    W-boson: mass=80.399, width=2.0850
    Jet cuts:
            pT >=     0.00 GeV
        DeltaR >=     0.00
           mJJ >=     0.00 GeV
    Random seed:   576365206
    To reproduce results using this seed, JHUGen should be compiled with the same compiler:
      GNU Fortran (GCC) 4.9.3
    
    WidthScheme:   2
    LHAPDF set NNPDF30_lo_as_0130/NNPDF30_lo_as_0130.info, member=  0
    Unweighted: F
    
    spin-0-VV couplings: 
      generate_as=F
      ghg2=  0.10000000E+01  0.00000000E+00i
      ghg3=  0.00000000E+00  0.00000000E+00i
      ghg4=  0.00000000E+00  0.00000000E+00i
      ghz1=  0.00000000E+00  0.00000000E+00i
      ghz2=  0.10000000E+01  0.00000000E+00i
      ghz3=  0.00000000E+00  0.00000000E+00i
      ghz4=  0.00000000E+00  0.00000000E+00i
      Lambda=  1000.0
    
    LHE output: ./data/output.lhe
    Histogram output: ./data/output.dat
    Log file: ./data/output.log
    
  Running

  Input parameters for vegas:  ndim=  9   ncall= 80707214.
                              it=    0    itmx=   15
                              acc=-1.00    
                              mds=  1     nd=  50
                              (xl,xu)= (  0.00000     ,  1.00000     )
                                       (  0.00000     ,  1.00000     )
                                       (  0.00000     ,  1.00000     )
                                       (  0.00000     ,  1.00000     )
                                       (  0.00000     ,  1.00000     )
                                       (  0.00000     ,  1.00000     )
                                       (  0.00000     ,  1.00000     )
                                       (  0.00000     ,  1.00000     )
                                       (  0.00000     ,  1.00000     )

#********** Integration by Vegas (iteration       1) ************
#                                                               *
#  integral  =  3769.9545       accum. integral =  3769.9545    *
#  std. dev. =  235.95976       accum. std. dev =  235.95976    *
#   min/max. wt. =    0.00000             182.309               *
#                                                               *
#*************   chi**2/iteration =  0.000       ****************


#********** Integration by Vegas (iteration       2) ************
#                                                               *
#  integral  =  4616.4027       accum. integral =  4542.9020    *
#  std. dev. =  89.099710       accum. std. dev =  77.730541    *
#   min/max. wt. =    0.00000             49.9142               *
#                                                               *
#*************   chi**2/iteration =  9.393       ****************


#********** Integration by Vegas (iteration       3) ************
#                                                               *
#  integral  =  4932.0451       accum. integral =  4915.8162    *
#  std. dev. =  18.976389       accum. std. dev =  16.823001    *
#   min/max. wt. =    0.00000             11.4762               *
#                                                               *
#*************   chi**2/iteration =  14.87       ****************


#********** Integration by Vegas (iteration       4) ************
#                                                               *
#  integral  =  4966.4645       accum. integral =  4963.1848    *
#  std. dev. =  4.9220878       accum. std. dev =  4.4055594    *
#   min/max. wt. =    0.00000            0.924722               *
#                                                               *
#*************   chi**2/iteration =  12.03       ****************


#********** Integration by Vegas (iteration       5) ************
#                                                               *
#  integral  =  4962.8867       accum. integral =  4962.9406    *
#  std. dev. =  2.2350990       accum. std. dev =  1.9043954    *
#   min/max. wt. =    0.00000            0.257478               *
#                                                               *
#*************   chi**2/iteration =  8.734       ****************


#********** Integration by Vegas (iteration       6) ************
#                                                               *
#  integral  =  4959.3159       accum. integral =  4960.9002    *
#  std. dev. =  1.7811931       accum. std. dev =  1.2722449    *
#   min/max. wt. =    0.00000            0.102131               *
#                                                               *
#*************   chi**2/iteration =  7.242       ****************


#********** Integration by Vegas (iteration       7) ************
#                                                               *
#  integral  =  4957.2965       accum. integral =  4959.4724    *
#  std. dev. =  1.6491431       accum. std. dev = 0.99581153    *
#   min/max. wt. =    0.00000            0.814382E-01           *
#                                                               *
#*************   chi**2/iteration =  6.470       ****************


#********** Integration by Vegas (iteration       8) ************
#                                                               *
#  integral  =  4960.6045       accum. integral =  4959.8039    *
#  std. dev. =  1.6142533       accum. std. dev = 0.84201693    *
#   min/max. wt. =    0.00000            0.807392E-01           *
#                                                               *
#*************   chi**2/iteration =  5.539       ****************


#********** Integration by Vegas (iteration       9) ************
#                                                               *
#  integral  =  4959.2920       accum. integral =  4959.6870    *
#  std. dev. =  1.6054632       accum. std. dev = 0.74277433    *
#   min/max. wt. =    0.00000            0.526478E-01           *
#                                                               *
#*************   chi**2/iteration =  4.817       ****************


#********** Integration by Vegas (iteration      10) ************
#                                                               *
#  integral  =  4959.7834       accum. integral =  4959.7047    *
#  std. dev. =  1.6194661       accum. std. dev = 0.67349897    *
#   min/max. wt. =    0.00000            0.101671               *
#                                                               *
#*************   chi**2/iteration =  4.254       ****************


#********** Integration by Vegas (iteration      11) ************
#                                                               *
#  integral  =  4960.9312       accum. integral =  4959.8915    *
#  std. dev. =  1.6363156       accum. std. dev = 0.62180204    *
#   min/max. wt. =    0.00000            0.720964E-01           *
#                                                               *
#*************   chi**2/iteration =  3.858       ****************


#********** Integration by Vegas (iteration      12) ************
#                                                               *
#  integral  =  4958.7073       accum. integral =  4959.7386    *
#  std. dev. =  1.6577587       accum. std. dev = 0.58157502    *
#   min/max. wt. =    0.00000            0.185015               *
#                                                               *
#*************   chi**2/iteration =  3.534       ****************


#********** Integration by Vegas (iteration      13) ************
#                                                               *
#  integral  =  4957.0987       accum. integral =  4959.4355    *
#  std. dev. =  1.6533512       accum. std. dev = 0.54818692    *
#   min/max. wt. =    0.00000            0.676137E-01           *
#                                                               *
#*************   chi**2/iteration =  3.424       ****************


#********** Integration by Vegas (iteration      14) ************
#                                                               *
#  integral  =  4960.3276       accum. integral =  4959.5253    *
#  std. dev. =  1.6753907       accum. std. dev = 0.52070696    *
#   min/max. wt. =    0.00000            0.635306E-01           *
#                                                               *
#*************   chi**2/iteration =  3.171       ****************


#********** Integration by Vegas (iteration      15) ************
#                                                               *
#  integral  =  4959.4753       accum. integral =  4959.5208    *
#  std. dev. =  1.6942337       accum. std. dev = 0.49752574    *
#   min/max. wt. =    0.00000            0.122981               *
#                                                               *
#*************   chi**2/iteration =  2.936       ****************


  Input parameters for vegas:  ndim=  9   ncall= 80707214.
                              it=    0    itmx=    2
                              acc=-1.00    
                              mds=  1     nd=  50
                              (xl,xu)= (  0.00000     ,  1.00000     )
                                       (  0.00000     ,  1.00000     )
                                       (  0.00000     ,  1.00000     )
                                       (  0.00000     ,  1.00000     )
                                       (  0.00000     ,  1.00000     )
                                       (  0.00000     ,  1.00000     )
                                       (  0.00000     ,  1.00000     )
                                       (  0.00000     ,  1.00000     )
                                       (  0.00000     ,  1.00000     )

#********** Integration by Vegas (iteration       1) ************
#                                                               *
#  integral  =  4962.6335       accum. integral =  4962.6335    *
#  std. dev. =  1.7089760       accum. std. dev =  1.7089760    *
#   min/max. wt. =    0.00000            0.699848E-01           *
#                                                               *
#*************   chi**2/iteration =  0.000       ****************


#********** Integration by Vegas (iteration       2) ************
#                                                               *
#  integral  =  4961.4130       accum. integral =  4962.0327    *
#  std. dev. =  1.7352822       accum. std. dev =  1.2176203    *
#   min/max. wt. =    0.00000            0.137412               *
#                                                               *
#*************   chi**2/iteration = 0.2509       ****************

 Done
