SLURM job running in:  /scratch/groups/lhc/park/JHUGen/JHUGenerator
LHAPDF 6.1.5 loading /work-zfs/lhc/cms/slc6_amd64_gcc493/external/lhapdf/6.1.5-kpegke3/share/LHAPDF/NNPDF30_lo_as_0130/NNPDF30_lo_as_0130_0000.dat
NNPDF30_lo_as_0130 PDF set, member #0, version 2; LHAPDF ID = 263000
 extending no. of histograms for vbf tests
 
                                                                                          
   ***************************************************************************************
   *                                JHU Generator v6.9.3                                 *
   ***************************************************************************************
   *                                                                                     *
   *   Spin and parity determination of single-produced resonances at hadron colliders   *
   *                                                                                     *
   *          I. Anderson, S. Bolognesi, F. Caola, Y. Gao, A. Gritsan, Z. Guo,           *
   *        C. Martin, K. Melnikov, R.Rontsch, H. Roskes, U. Sarica, M. Schulze,         *
   *                   N. Tran, A. Whitbeck, M. Xiao, C. You, Y. Zhou                    *
   *                Phys.Rev. D81 (2010) 075022;  arXiv:1001.3396 [hep-ph],              *
   *                Phys.Rev. D86 (2012) 095031;  arXiv:1208.4018 [hep-ph],              *
   *                Phys.Rev. D89 (2014) 035007;  arXiv:1309.4819 [hep-ph].              *
   *                                                                                     *
   ***************************************************************************************
                                                                                          
   
   Command line: ./JHUGen Unweighted=0 VegasNc0=99999999 VegasNc1=99999999 VegasNc2=99999999 LHAPDF=NNPDF30_lo_as_0130/NNPDF30_lo_as_0130.info MReso=442 ghz1=0,0 ghz2=1,0 Process=60 pTjetcut=0 deltaRcut=0
   
   Input Parameter:
    Collider: P-P, sqrt(s)=13000.00
    Resonance: spin=0, mass= 442.00 width=   0.00407
    Z-boson: mass=91.188, width=2.4952
    W-boson: mass=80.399, width=2.0850
    Jet cuts:
            pT >=     0.00 GeV
        DeltaR >=     0.00
           mJJ >=     0.00 GeV
    Random seed:   719846507
    To reproduce results using this seed, JHUGen should be compiled with the same compiler:
      GNU Fortran (GCC) 4.9.3
    
    WidthScheme:   2
    LHAPDF set NNPDF30_lo_as_0130/NNPDF30_lo_as_0130.info, member=  0
    Unweighted: F
    
    spin-0-VV couplings: 
      generate_as=F
      ghg2=  0.10000000E+01  0.00000000E+00i
      ghg3=  0.00000000E+00  0.00000000E+00i
      ghg4=  0.00000000E+00  0.00000000E+00i
      ghz1=  0.00000000E+00  0.00000000E+00i
      ghz2=  0.10000000E+01  0.00000000E+00i
      ghz3=  0.00000000E+00  0.00000000E+00i
      ghz4=  0.00000000E+00  0.00000000E+00i
      Lambda=  1000.0
    
    LHE output: ./data/output.lhe
    Histogram output: ./data/output.dat
    Log file: ./data/output.log
    
  Running

  Input parameters for vegas:  ndim=  9   ncall= 80707214.
                              it=    0    itmx=   15
                              acc=-1.00    
                              mds=  1     nd=  50
                              (xl,xu)= (  0.00000     ,  1.00000     )
                                       (  0.00000     ,  1.00000     )
                                       (  0.00000     ,  1.00000     )
                                       (  0.00000     ,  1.00000     )
                                       (  0.00000     ,  1.00000     )
                                       (  0.00000     ,  1.00000     )
                                       (  0.00000     ,  1.00000     )
                                       (  0.00000     ,  1.00000     )
                                       (  0.00000     ,  1.00000     )

#********** Integration by Vegas (iteration       1) ************
#                                                               *
#  integral  =  7103.1114       accum. integral =  7103.1114    *
#  std. dev. =  2417.8079       accum. std. dev =  2417.8079    *
#   min/max. wt. =    0.00000             1767.36               *
#                                                               *
#*************   chi**2/iteration =  0.000       ****************


#********** Integration by Vegas (iteration       2) ************
#                                                               *
#  integral  =  4261.9382       accum. integral =  4289.3775    *
#  std. dev. =  143.26013       accum. std. dev =  195.93673    *
#   min/max. wt. =    0.00000             76.8416               *
#                                                               *
#*************   chi**2/iteration =  2.009       ****************


#********** Integration by Vegas (iteration       3) ************
#                                                               *
#  integral  =  4513.4500       accum. integral =  4500.7126    *
#  std. dev. =  37.065881       accum. std. dev =  43.437625    *
#   min/max. wt. =    0.00000             28.0651               *
#                                                               *
#*************   chi**2/iteration =  1.875       ****************


#********** Integration by Vegas (iteration       4) ************
#                                                               *
#  integral  =  4540.7540       accum. integral =  4539.4131    *
#  std. dev. =  6.7409520       accum. std. dev =  7.6399085    *
#   min/max. wt. =    0.00000             1.86518               *
#                                                               *
#*************   chi**2/iteration =  1.650       ****************


#********** Integration by Vegas (iteration       5) ************
#                                                               *
#  integral  =  4548.7871       accum. integral =  4547.7130    *
#  std. dev. =  2.3882308       accum. std. dev =  2.5219774    *
#   min/max. wt. =  -0.130834E-11        0.598082               *
#                                                               *
#*************   chi**2/iteration =  1.652       ****************


#********** Integration by Vegas (iteration       6) ************
#                                                               *
#  integral  =  4545.3017       accum. integral =  4546.1891    *
#  std. dev. =  1.7134650       accum. std. dev =  1.5032392    *
#   min/max. wt. =    0.00000            0.178397               *
#                                                               *
#*************   chi**2/iteration =  1.488       ****************


#********** Integration by Vegas (iteration       7) ************
#                                                               *
#  integral  =  4545.7891       accum. integral =  4546.0128    *
#  std. dev. =  1.5351140       accum. std. dev =  1.1098966    *
#   min/max. wt. =    0.00000            0.113490               *
#                                                               *
#*************   chi**2/iteration =  1.278       ****************


#********** Integration by Vegas (iteration       8) ************
#                                                               *
#  integral  =  4546.9537       accum. integral =  4546.3112    *
#  std. dev. =  1.4957439       accum. std. dev = 0.90817296    *
#   min/max. wt. =    0.00000            0.674270E-01           *
#                                                               *
#*************   chi**2/iteration =  1.151       ****************


#********** Integration by Vegas (iteration       9) ************
#                                                               *
#  integral  =  4551.2040       accum. integral =  4547.4710    *
#  std. dev. =  1.5124849       accum. std. dev = 0.78714904    *
#   min/max. wt. =    0.00000            0.162089               *
#                                                               *
#*************   chi**2/iteration =  1.896       ****************


#********** Integration by Vegas (iteration      10) ************
#                                                               *
#  integral  =  4542.7289       accum. integral =  4546.5495    *
#  std. dev. =  1.4966104       accum. std. dev = 0.70200065    *
#   min/max. wt. =    0.00000            0.915504E-01           *
#                                                               *
#*************   chi**2/iteration =  2.501       ****************


#********** Integration by Vegas (iteration      11) ************
#                                                               *
#  integral  =  4544.9158       accum. integral =  4546.2861    *
#  std. dev. =  1.5056731       accum. std. dev = 0.63953813    *
#   min/max. wt. =    0.00000            0.839275E-01           *
#                                                               *
#*************   chi**2/iteration =  2.363       ****************


#********** Integration by Vegas (iteration      12) ************
#                                                               *
#  integral  =  4547.4508       accum. integral =  4546.4457    *
#  std. dev. =  1.5180542       accum. std. dev = 0.59149693    *
#   min/max. wt. =    0.00000            0.859898E-01           *
#                                                               *
#*************   chi**2/iteration =  2.209       ****************


#********** Integration by Vegas (iteration      13) ************
#                                                               *
#  integral  =  4543.9120       accum. integral =  4546.1462    *
#  std. dev. =  1.5334284       accum. std. dev = 0.55331705    *
#   min/max. wt. =    0.00000            0.146111               *
#                                                               *
#*************   chi**2/iteration =  2.222       ****************


#********** Integration by Vegas (iteration      14) ************
#                                                               *
#  integral  =  4547.1546       accum. integral =  4546.2527    *
#  std. dev. =  1.5352470       accum. std. dev = 0.52157942    *
#   min/max. wt. =    0.00000            0.606496E-01           *
#                                                               *
#*************   chi**2/iteration =  2.092       ****************


#********** Integration by Vegas (iteration      15) ************
#                                                               *
#  integral  =  4547.9215       accum. integral =  4546.4086    *
#  std. dev. =  1.5547556       accum. std. dev = 0.49522180    *
#   min/max. wt. =    0.00000            0.563017E-01           *
#                                                               *
#*************   chi**2/iteration =  2.022       ****************


  Input parameters for vegas:  ndim=  9   ncall= 80707214.
                              it=    0    itmx=    2
                              acc=-1.00    
                              mds=  1     nd=  50
                              (xl,xu)= (  0.00000     ,  1.00000     )
                                       (  0.00000     ,  1.00000     )
                                       (  0.00000     ,  1.00000     )
                                       (  0.00000     ,  1.00000     )
                                       (  0.00000     ,  1.00000     )
                                       (  0.00000     ,  1.00000     )
                                       (  0.00000     ,  1.00000     )
                                       (  0.00000     ,  1.00000     )
                                       (  0.00000     ,  1.00000     )

#********** Integration by Vegas (iteration       1) ************
#                                                               *
#  integral  =  4547.3219       accum. integral =  4547.3219    *
#  std. dev. =  1.5722365       accum. std. dev =  1.5722365    *
#   min/max. wt. =    0.00000            0.465681E-01           *
#                                                               *
#*************   chi**2/iteration =  0.000       ****************


#********** Integration by Vegas (iteration       2) ************
#                                                               *
#  integral  =  4545.3693       accum. integral =  4546.3644    *
#  std. dev. =  1.6022204       accum. std. dev =  1.1221853    *
#   min/max. wt. =    0.00000            0.771086E-01           *
#                                                               *
#*************   chi**2/iteration = 0.7559       ****************

 Done
