SLURM job running in:  /scratch/groups/lhc/park/JHUGen/JHUGenerator
LHAPDF 6.1.5 loading /work-zfs/lhc/cms/slc6_amd64_gcc493/external/lhapdf/6.1.5-kpegke3/share/LHAPDF/NNPDF30_lo_as_0130/NNPDF30_lo_as_0130_0000.dat
NNPDF30_lo_as_0130 PDF set, member #0, version 2; LHAPDF ID = 263000
 extending no. of histograms for vbf tests
 
                                                                                          
   ***************************************************************************************
   *                                JHU Generator v6.9.3                                 *
   ***************************************************************************************
   *                                                                                     *
   *   Spin and parity determination of single-produced resonances at hadron colliders   *
   *                                                                                     *
   *          I. Anderson, S. Bolognesi, F. Caola, Y. Gao, A. Gritsan, Z. Guo,           *
   *        C. Martin, K. Melnikov, R.Rontsch, H. Roskes, U. Sarica, M. Schulze,         *
   *                   N. Tran, A. Whitbeck, M. Xiao, C. You, Y. Zhou                    *
   *                Phys.Rev. D81 (2010) 075022;  arXiv:1001.3396 [hep-ph],              *
   *                Phys.Rev. D86 (2012) 095031;  arXiv:1208.4018 [hep-ph],              *
   *                Phys.Rev. D89 (2014) 035007;  arXiv:1309.4819 [hep-ph].              *
   *                                                                                     *
   ***************************************************************************************
                                                                                          
   
   Command line: ./JHUGen Unweighted=0 VegasNc0=99999999 VegasNc1=99999999 VegasNc2=99999999 LHAPDF=NNPDF30_lo_as_0130/NNPDF30_lo_as_0130.info MReso=446 ghz1=0,0 ghz2=1,0 Process=60 pTjetcut=0 deltaRcut=0
   
   Input Parameter:
    Collider: P-P, sqrt(s)=13000.00
    Resonance: spin=0, mass= 446.00 width=   0.00407
    Z-boson: mass=91.188, width=2.4952
    W-boson: mass=80.399, width=2.0850
    Jet cuts:
            pT >=     0.00 GeV
        DeltaR >=     0.00
           mJJ >=     0.00 GeV
    Random seed:   138844073
    To reproduce results using this seed, JHUGen should be compiled with the same compiler:
      GNU Fortran (GCC) 4.9.3
    
    WidthScheme:   2
    LHAPDF set NNPDF30_lo_as_0130/NNPDF30_lo_as_0130.info, member=  0
    Unweighted: F
    
    spin-0-VV couplings: 
      generate_as=F
      ghg2=  0.10000000E+01  0.00000000E+00i
      ghg3=  0.00000000E+00  0.00000000E+00i
      ghg4=  0.00000000E+00  0.00000000E+00i
      ghz1=  0.00000000E+00  0.00000000E+00i
      ghz2=  0.10000000E+01  0.00000000E+00i
      ghz3=  0.00000000E+00  0.00000000E+00i
      ghz4=  0.00000000E+00  0.00000000E+00i
      Lambda=  1000.0
    
    LHE output: ./data/output.lhe
    Histogram output: ./data/output.dat
    Log file: ./data/output.log
    
  Running

  Input parameters for vegas:  ndim=  9   ncall= 80707214.
                              it=    0    itmx=   15
                              acc=-1.00    
                              mds=  1     nd=  50
                              (xl,xu)= (  0.00000     ,  1.00000     )
                                       (  0.00000     ,  1.00000     )
                                       (  0.00000     ,  1.00000     )
                                       (  0.00000     ,  1.00000     )
                                       (  0.00000     ,  1.00000     )
                                       (  0.00000     ,  1.00000     )
                                       (  0.00000     ,  1.00000     )
                                       (  0.00000     ,  1.00000     )
                                       (  0.00000     ,  1.00000     )

#********** Integration by Vegas (iteration       1) ************
#                                                               *
#  integral  =  3449.5482       accum. integral =  3449.5482    *
#  std. dev. =  180.24136       accum. std. dev =  180.24136    *
#   min/max. wt. =    0.00000             83.4868               *
#                                                               *
#*************   chi**2/iteration =  0.000       ****************


#********** Integration by Vegas (iteration       2) ************
#                                                               *
#  integral  =  4537.9052       accum. integral =  4020.8943    *
#  std. dev. =  225.55265       accum. std. dev =  145.15414    *
#   min/max. wt. =    0.00000             155.306               *
#                                                               *
#*************   chi**2/iteration =  14.01       ****************


#********** Integration by Vegas (iteration       3) ************
#                                                               *
#  integral  =  4486.3089       accum. integral =  4474.9568    *
#  std. dev. =  25.546136       accum. std. dev =  23.555064    *
#   min/max. wt. =    0.00000             15.5842               *
#                                                               *
#*************   chi**2/iteration =  11.13       ****************


#********** Integration by Vegas (iteration       4) ************
#                                                               *
#  integral  =  4494.5320       accum. integral =  4493.6253    *
#  std. dev. =  5.5710388       accum. std. dev =  5.1647331    *
#   min/max. wt. =    0.00000             1.01607               *
#                                                               *
#*************   chi**2/iteration =  7.363       ****************


#********** Integration by Vegas (iteration       5) ************
#                                                               *
#  integral  =  4489.1749       accum. integral =  4489.7767    *
#  std. dev. =  2.1488969       accum. std. dev =  1.9195092    *
#   min/max. wt. =    0.00000            0.294318               *
#                                                               *
#*************   chi**2/iteration =  5.564       ****************


#********** Integration by Vegas (iteration       6) ************
#                                                               *
#  integral  =  4494.9798       accum. integral =  4492.8339    *
#  std. dev. =  1.6763593       accum. std. dev =  1.2415804    *
#   min/max. wt. =    0.00000            0.127927               *
#                                                               *
#*************   chi**2/iteration =  5.239       ****************


#********** Integration by Vegas (iteration       7) ************
#                                                               *
#  integral  =  4495.3077       accum. integral =  4493.8691    *
#  std. dev. =  1.5149224       accum. std. dev = 0.95162118    *
#   min/max. wt. =    0.00000            0.118786               *
#                                                               *
#*************   chi**2/iteration =  4.596       ****************


#********** Integration by Vegas (iteration       8) ************
#                                                               *
#  integral  =  4492.6375       accum. integral =  4493.4910    *
#  std. dev. =  1.4715046       accum. std. dev = 0.79512193    *
#   min/max. wt. =    0.00000            0.969464E-01           *
#                                                               *
#*************   chi**2/iteration =  3.984       ****************


#********** Integration by Vegas (iteration       9) ************
#                                                               *
#  integral  =  4494.7030       accum. integral =  4493.7770    *
#  std. dev. =  1.4676059       accum. std. dev = 0.69701043    *
#   min/max. wt. =    0.00000            0.106403               *
#                                                               *
#*************   chi**2/iteration =  3.534       ****************


#********** Integration by Vegas (iteration      10) ************
#                                                               *
#  integral  =  4494.7314       accum. integral =  4493.9589    *
#  std. dev. =  1.4694870       accum. std. dev = 0.62854759    *
#   min/max. wt. =    0.00000            0.757824E-01           *
#                                                               *
#*************   chi**2/iteration =  3.166       ****************


#********** Integration by Vegas (iteration      11) ************
#                                                               *
#  integral  =  4492.9109       accum. integral =  4493.7933    *
#  std. dev. =  1.4801919       accum. std. dev = 0.57782316    *
#   min/max. wt. =    0.00000            0.691185E-01           *
#                                                               *
#*************   chi**2/iteration =  2.883       ****************


#********** Integration by Vegas (iteration      12) ************
#                                                               *
#  integral  =  4493.8814       accum. integral =  4493.8052    *
#  std. dev. =  1.4930144       accum. std. dev = 0.53840434    *
#   min/max. wt. =    0.00000            0.781568E-01           *
#                                                               *
#*************   chi**2/iteration =  2.613       ****************


#********** Integration by Vegas (iteration      13) ************
#                                                               *
#  integral  =  4493.1437       accum. integral =  4493.7283    *
#  std. dev. =  1.5094672       accum. std. dev = 0.50680510    *
#   min/max. wt. =    0.00000            0.645120E-01           *
#                                                               *
#*************   chi**2/iteration =  2.404       ****************


#********** Integration by Vegas (iteration      14) ************
#                                                               *
#  integral  =  4494.2845       accum. integral =  4493.7849    *
#  std. dev. =  1.5289903       accum. std. dev = 0.48085789    *
#   min/max. wt. =    0.00000            0.632413E-01           *
#                                                               *
#*************   chi**2/iteration =  2.223       ****************


#********** Integration by Vegas (iteration      15) ************
#                                                               *
#  integral  =  4492.4741       accum. integral =  4493.6653    *
#  std. dev. =  1.5387577       accum. std. dev = 0.45882441    *
#   min/max. wt. =    0.00000            0.869807E-01           *
#                                                               *
#*************   chi**2/iteration =  2.109       ****************


  Input parameters for vegas:  ndim=  9   ncall= 80707214.
                              it=    0    itmx=    2
                              acc=-1.00    
                              mds=  1     nd=  50
                              (xl,xu)= (  0.00000     ,  1.00000     )
                                       (  0.00000     ,  1.00000     )
                                       (  0.00000     ,  1.00000     )
                                       (  0.00000     ,  1.00000     )
                                       (  0.00000     ,  1.00000     )
                                       (  0.00000     ,  1.00000     )
                                       (  0.00000     ,  1.00000     )
                                       (  0.00000     ,  1.00000     )
                                       (  0.00000     ,  1.00000     )

#********** Integration by Vegas (iteration       1) ************
#                                                               *
#  integral  =  4495.3397       accum. integral =  4495.3397    *
#  std. dev. =  1.5470429       accum. std. dev =  1.5470429    *
#   min/max. wt. =    0.00000            0.145457               *
#                                                               *
#*************   chi**2/iteration =  0.000       ****************


#********** Integration by Vegas (iteration       2) ************
#                                                               *
#  integral  =  4494.6019       accum. integral =  4494.9731    *
#  std. dev. =  1.5564177       accum. std. dev =  1.0972235    *
#   min/max. wt. =    0.00000            0.572249E-01           *
#                                                               *
#*************   chi**2/iteration = 0.1129       ****************

 Done
