SLURM job running in:  /scratch/groups/lhc/park/JHUGen/JHUGenerator
LHAPDF 6.1.5 loading /work-zfs/lhc/cms/slc6_amd64_gcc493/external/lhapdf/6.1.5-kpegke3/share/LHAPDF/NNPDF30_lo_as_0130/NNPDF30_lo_as_0130_0000.dat
NNPDF30_lo_as_0130 PDF set, member #0, version 2; LHAPDF ID = 263000
 extending no. of histograms for vbf tests
 
                                                                                          
   ***************************************************************************************
   *                                JHU Generator v6.9.3                                 *
   ***************************************************************************************
   *                                                                                     *
   *   Spin and parity determination of single-produced resonances at hadron colliders   *
   *                                                                                     *
   *          I. Anderson, S. Bolognesi, F. Caola, Y. Gao, A. Gritsan, Z. Guo,           *
   *        C. Martin, K. Melnikov, R.Rontsch, H. Roskes, U. Sarica, M. Schulze,         *
   *                   N. Tran, A. Whitbeck, M. Xiao, C. You, Y. Zhou                    *
   *                Phys.Rev. D81 (2010) 075022;  arXiv:1001.3396 [hep-ph],              *
   *                Phys.Rev. D86 (2012) 095031;  arXiv:1208.4018 [hep-ph],              *
   *                Phys.Rev. D89 (2014) 035007;  arXiv:1309.4819 [hep-ph].              *
   *                                                                                     *
   ***************************************************************************************
                                                                                          
   
   Command line: ./JHUGen Unweighted=0 VegasNc0=99999999 VegasNc1=99999999 VegasNc2=99999999 LHAPDF=NNPDF30_lo_as_0130/NNPDF30_lo_as_0130.info MReso=448 ghz1=0,0 ghz2=1,0 Process=60 pTjetcut=0 deltaRcut=0
   
   Input Parameter:
    Collider: P-P, sqrt(s)=13000.00
    Resonance: spin=0, mass= 448.00 width=   0.00407
    Z-boson: mass=91.188, width=2.4952
    W-boson: mass=80.399, width=2.0850
    Jet cuts:
            pT >=     0.00 GeV
        DeltaR >=     0.00
           mJJ >=     0.00 GeV
    Random seed:   324031663
    To reproduce results using this seed, JHUGen should be compiled with the same compiler:
      GNU Fortran (GCC) 4.9.3
    
    WidthScheme:   2
    LHAPDF set NNPDF30_lo_as_0130/NNPDF30_lo_as_0130.info, member=  0
    Unweighted: F
    
    spin-0-VV couplings: 
      generate_as=F
      ghg2=  0.10000000E+01  0.00000000E+00i
      ghg3=  0.00000000E+00  0.00000000E+00i
      ghg4=  0.00000000E+00  0.00000000E+00i
      ghz1=  0.00000000E+00  0.00000000E+00i
      ghz2=  0.10000000E+01  0.00000000E+00i
      ghz3=  0.00000000E+00  0.00000000E+00i
      ghz4=  0.00000000E+00  0.00000000E+00i
      Lambda=  1000.0
    
    LHE output: ./data/output.lhe
    Histogram output: ./data/output.dat
    Log file: ./data/output.log
    
  Running

  Input parameters for vegas:  ndim=  9   ncall= 80707214.
                              it=    0    itmx=   15
                              acc=-1.00    
                              mds=  1     nd=  50
                              (xl,xu)= (  0.00000     ,  1.00000     )
                                       (  0.00000     ,  1.00000     )
                                       (  0.00000     ,  1.00000     )
                                       (  0.00000     ,  1.00000     )
                                       (  0.00000     ,  1.00000     )
                                       (  0.00000     ,  1.00000     )
                                       (  0.00000     ,  1.00000     )
                                       (  0.00000     ,  1.00000     )
                                       (  0.00000     ,  1.00000     )

#********** Integration by Vegas (iteration       1) ************
#                                                               *
#  integral  =  3783.2327       accum. integral =  3783.2327    *
#  std. dev. =  499.04008       accum. std. dev =  499.04008    *
#   min/max. wt. =    0.00000             462.987               *
#                                                               *
#*************   chi**2/iteration =  0.000       ****************


#********** Integration by Vegas (iteration       2) ************
#                                                               *
#  integral  =  4731.8515       accum. integral =  4538.8041    *
#  std. dev. =  315.49881       accum. std. dev =  254.91528    *
#   min/max. wt. =    0.00000             226.928               *
#                                                               *
#*************   chi**2/iteration =  2.242       ****************


#********** Integration by Vegas (iteration       3) ************
#                                                               *
#  integral  =  4466.8958       accum. integral =  4468.3132    *
#  std. dev. =  37.691360       accum. std. dev =  36.305884    *
#   min/max. wt. =    0.00000             26.6797               *
#                                                               *
#*************   chi**2/iteration =  1.128       ****************


#********** Integration by Vegas (iteration       4) ************
#                                                               *
#  integral  =  4471.3636       accum. integral =  4471.2841    *
#  std. dev. =  6.1081314       accum. std. dev =  5.9015152    *
#   min/max. wt. =    0.00000             1.16477               *
#                                                               *
#*************   chi**2/iteration = 0.7435       ****************


#********** Integration by Vegas (iteration       5) ************
#                                                               *
#  integral  =  4468.5762       accum. integral =  4468.8819    *
#  std. dev. =  2.1490567       accum. std. dev =  1.9911807    *
#   min/max. wt. =    0.00000            0.215048               *
#                                                               *
#*************   chi**2/iteration = 0.5993       ****************


#********** Integration by Vegas (iteration       6) ************
#                                                               *
#  integral  =  4469.6181       accum. integral =  4469.3306    *
#  std. dev. =  1.6204796       accum. std. dev =  1.2477617    *
#   min/max. wt. =    0.00000            0.730902E-01           *
#                                                               *
#*************   chi**2/iteration = 0.4933       ****************


#********** Integration by Vegas (iteration       7) ************
#                                                               *
#  integral  =  4469.5352       accum. integral =  4469.4143    *
#  std. dev. =  1.5199477       accum. std. dev = 0.96094199    *
#   min/max. wt. =    0.00000            0.153964               *
#                                                               *
#*************   chi**2/iteration = 0.4113       ****************


#********** Integration by Vegas (iteration       8) ************
#                                                               *
#  integral  =  4469.8172       accum. integral =  4469.5365    *
#  std. dev. =  1.4745163       accum. std. dev = 0.80340500    *
#   min/max. wt. =    0.00000            0.114150               *
#                                                               *
#*************   chi**2/iteration = 0.3591       ****************


#********** Integration by Vegas (iteration       9) ************
#                                                               *
#  integral  =  4468.5485       accum. integral =  4469.3049    *
#  std. dev. =  1.4666949       accum. std. dev = 0.70376372    *
#   min/max. wt. =    0.00000            0.104351               *
#                                                               *
#*************   chi**2/iteration = 0.3577       ****************


#********** Integration by Vegas (iteration      10) ************
#                                                               *
#  integral  =  4471.0483       accum. integral =  4469.6381    *
#  std. dev. =  1.4616417       accum. std. dev = 0.63355469    *
#   min/max. wt. =    0.00000            0.966385E-01           *
#                                                               *
#*************   chi**2/iteration = 0.4474       ****************


#********** Integration by Vegas (iteration      11) ************
#                                                               *
#  integral  =  4466.2953       accum. integral =  4469.1090    *
#  std. dev. =  1.4720207       accum. std. dev = 0.58165632    *
#   min/max. wt. =    0.00000            0.706734E-01           *
#                                                               *
#*************   chi**2/iteration = 0.8421       ****************


#********** Integration by Vegas (iteration      12) ************
#                                                               *
#  integral  =  4468.5448       accum. integral =  4469.0331    *
#  std. dev. =  1.4862192       accum. std. dev = 0.54145468    *
#   min/max. wt. =    0.00000            0.706717E-01           *
#                                                               *
#*************   chi**2/iteration = 0.7761       ****************


#********** Integration by Vegas (iteration      13) ************
#                                                               *
#  integral  =  4467.7325       accum. integral =  4468.8814    *
#  std. dev. =  1.4998270       accum. std. dev = 0.50915546    *
#   min/max. wt. =    0.00000            0.116553               *
#                                                               *
#*************   chi**2/iteration = 0.7667       ****************


#********** Integration by Vegas (iteration      14) ************
#                                                               *
#  integral  =  4466.2811       accum. integral =  4468.6170    *
#  std. dev. =  1.5219208       accum. std. dev = 0.48277038    *
#   min/max. wt. =    0.00000            0.764084E-01           *
#                                                               *
#*************   chi**2/iteration = 0.9110       ****************


#********** Integration by Vegas (iteration      15) ************
#                                                               *
#  integral  =  4468.4901       accum. integral =  4468.6056    *
#  std. dev. =  1.5471471       accum. std. dev = 0.46079609    *
#   min/max. wt. =    0.00000            0.846579E-01           *
#                                                               *
#*************   chi**2/iteration = 0.8457       ****************


  Input parameters for vegas:  ndim=  9   ncall= 80707214.
                              it=    0    itmx=    2
                              acc=-1.00    
                              mds=  1     nd=  50
                              (xl,xu)= (  0.00000     ,  1.00000     )
                                       (  0.00000     ,  1.00000     )
                                       (  0.00000     ,  1.00000     )
                                       (  0.00000     ,  1.00000     )
                                       (  0.00000     ,  1.00000     )
                                       (  0.00000     ,  1.00000     )
                                       (  0.00000     ,  1.00000     )
                                       (  0.00000     ,  1.00000     )
                                       (  0.00000     ,  1.00000     )

#********** Integration by Vegas (iteration       1) ************
#                                                               *
#  integral  =  4469.7583       accum. integral =  4469.7583    *
#  std. dev. =  1.5681505       accum. std. dev =  1.5681505    *
#   min/max. wt. =    0.00000            0.623511E-01           *
#                                                               *
#*************   chi**2/iteration =  0.000       ****************


#********** Integration by Vegas (iteration       2) ************
#                                                               *
#  integral  =  4467.5509       accum. integral =  4468.6797    *
#  std. dev. =  1.6034618       accum. std. dev =  1.1211196    *
#   min/max. wt. =    0.00000            0.720735E-01           *
#                                                               *
#*************   chi**2/iteration = 0.9677       ****************

 Done
