SLURM job running in:  /scratch/groups/lhc/park/JHUGen/JHUGenerator
LHAPDF 6.1.5 loading /work-zfs/lhc/cms/slc6_amd64_gcc493/external/lhapdf/6.1.5-kpegke3/share/LHAPDF/NNPDF30_lo_as_0130/NNPDF30_lo_as_0130_0000.dat
NNPDF30_lo_as_0130 PDF set, member #0, version 2; LHAPDF ID = 263000
 extending no. of histograms for vbf tests
 
                                                                                          
   ***************************************************************************************
   *                                JHU Generator v6.9.3                                 *
   ***************************************************************************************
   *                                                                                     *
   *   Spin and parity determination of single-produced resonances at hadron colliders   *
   *                                                                                     *
   *          I. Anderson, S. Bolognesi, F. Caola, Y. Gao, A. Gritsan, Z. Guo,           *
   *        C. Martin, K. Melnikov, R.Rontsch, H. Roskes, U. Sarica, M. Schulze,         *
   *                   N. Tran, A. Whitbeck, M. Xiao, C. You, Y. Zhou                    *
   *                Phys.Rev. D81 (2010) 075022;  arXiv:1001.3396 [hep-ph],              *
   *                Phys.Rev. D86 (2012) 095031;  arXiv:1208.4018 [hep-ph],              *
   *                Phys.Rev. D89 (2014) 035007;  arXiv:1309.4819 [hep-ph].              *
   *                                                                                     *
   ***************************************************************************************
                                                                                          
   
   Command line: ./JHUGen Unweighted=0 VegasNc0=99999999 VegasNc1=99999999 VegasNc2=99999999 LHAPDF=NNPDF30_lo_as_0130/NNPDF30_lo_as_0130.info MReso=452 ghz1=0,0 ghz2=1,0 Process=60 pTjetcut=0 deltaRcut=0
   
   Input Parameter:
    Collider: P-P, sqrt(s)=13000.00
    Resonance: spin=0, mass= 452.00 width=   0.00407
    Z-boson: mass=91.188, width=2.4952
    W-boson: mass=80.399, width=2.0850
    Jet cuts:
            pT >=     0.00 GeV
        DeltaR >=     0.00
           mJJ >=     0.00 GeV
    Random seed:   658992311
    To reproduce results using this seed, JHUGen should be compiled with the same compiler:
      GNU Fortran (GCC) 4.9.3
    
    WidthScheme:   2
    LHAPDF set NNPDF30_lo_as_0130/NNPDF30_lo_as_0130.info, member=  0
    Unweighted: F
    
    spin-0-VV couplings: 
      generate_as=F
      ghg2=  0.10000000E+01  0.00000000E+00i
      ghg3=  0.00000000E+00  0.00000000E+00i
      ghg4=  0.00000000E+00  0.00000000E+00i
      ghz1=  0.00000000E+00  0.00000000E+00i
      ghz2=  0.10000000E+01  0.00000000E+00i
      ghz3=  0.00000000E+00  0.00000000E+00i
      ghz4=  0.00000000E+00  0.00000000E+00i
      Lambda=  1000.0
    
    LHE output: ./data/output.lhe
    Histogram output: ./data/output.dat
    Log file: ./data/output.log
    
  Running

  Input parameters for vegas:  ndim=  9   ncall= 80707214.
                              it=    0    itmx=   15
                              acc=-1.00    
                              mds=  1     nd=  50
                              (xl,xu)= (  0.00000     ,  1.00000     )
                                       (  0.00000     ,  1.00000     )
                                       (  0.00000     ,  1.00000     )
                                       (  0.00000     ,  1.00000     )
                                       (  0.00000     ,  1.00000     )
                                       (  0.00000     ,  1.00000     )
                                       (  0.00000     ,  1.00000     )
                                       (  0.00000     ,  1.00000     )
                                       (  0.00000     ,  1.00000     )

#********** Integration by Vegas (iteration       1) ************
#                                                               *
#  integral  =  6861.1480       accum. integral =  6861.1480    *
#  std. dev. =  3360.1268       accum. std. dev =  3360.1268    *
#   min/max. wt. =    0.00000             3350.90               *
#                                                               *
#*************   chi**2/iteration =  0.000       ****************


#********** Integration by Vegas (iteration       2) ************
#                                                               *
#  integral  =  3710.5994       accum. integral =  3722.0838    *
#  std. dev. =  109.91479       accum. std. dev =  163.08447    *
#   min/max. wt. =    0.00000             69.3240               *
#                                                               *
#*************   chi**2/iteration =  1.354       ****************


#********** Integration by Vegas (iteration       3) ************
#                                                               *
#  integral  =  4382.1319       accum. integral =  4345.0238    *
#  std. dev. =  31.623912       accum. std. dev =  36.214069    *
#   min/max. wt. =    0.00000             14.1387               *
#                                                               *
#*************   chi**2/iteration =  9.581       ****************


#********** Integration by Vegas (iteration       4) ************
#                                                               *
#  integral  =  4419.0083       accum. integral =  4416.3210    *
#  std. dev. =  6.0146160       accum. std. dev =  6.6664316    *
#   min/max. wt. =    0.00000             1.92073               *
#                                                               *
#*************   chi**2/iteration =  8.284       ****************


#********** Integration by Vegas (iteration       5) ************
#                                                               *
#  integral  =  4417.5961       accum. integral =  4417.4424    *
#  std. dev. =  2.1852300       accum. std. dev =  2.2639711    *
#   min/max. wt. =    0.00000            0.155701               *
#                                                               *
#*************   chi**2/iteration =  6.503       ****************


#********** Integration by Vegas (iteration       6) ************
#                                                               *
#  integral  =  4415.0528       accum. integral =  4415.9747    *
#  std. dev. =  1.6232787       accum. std. dev =  1.3847962    *
#   min/max. wt. =    0.00000            0.148964               *
#                                                               *
#*************   chi**2/iteration =  5.506       ****************


#********** Integration by Vegas (iteration       7) ************
#                                                               *
#  integral  =  4417.3654       accum. integral =  4416.5679    *
#  std. dev. =  1.4758986       accum. std. dev =  1.0369929    *
#   min/max. wt. =    0.00000            0.515587E-01           *
#                                                               *
#*************   chi**2/iteration =  4.766       ****************


#********** Integration by Vegas (iteration       8) ************
#                                                               *
#  integral  =  4419.6181       accum. integral =  4417.5083    *
#  std. dev. =  1.4444762       accum. std. dev = 0.85512927    *
#   min/max. wt. =    0.00000            0.564813E-01           *
#                                                               *
#*************   chi**2/iteration =  4.543       ****************


#********** Integration by Vegas (iteration       9) ************
#                                                               *
#  integral  =  4417.1902       accum. integral =  4417.4327    *
#  std. dev. =  1.4351591       accum. std. dev = 0.74151905    *
#   min/max. wt. =    0.00000            0.991689E-01           *
#                                                               *
#*************   chi**2/iteration =  4.033       ****************


#********** Integration by Vegas (iteration      10) ************
#                                                               *
#  integral  =  4417.4433       accum. integral =  4417.4347    *
#  std. dev. =  1.4374748       accum. std. dev = 0.66304714    *
#   min/max. wt. =    0.00000            0.741109E-01           *
#                                                               *
#*************   chi**2/iteration =  3.625       ****************


#********** Integration by Vegas (iteration      11) ************
#                                                               *
#  integral  =  4418.7193       accum. integral =  4417.6370    *
#  std. dev. =  1.4557356       accum. std. dev = 0.60585303    *
#   min/max. wt. =    0.00000            0.851801E-01           *
#                                                               *
#*************   chi**2/iteration =  3.352       ****************


#********** Integration by Vegas (iteration      12) ************
#                                                               *
#  integral  =  4415.0446       accum. integral =  4417.2902    *
#  std. dev. =  1.4689364       accum. std. dev = 0.56170538    *
#   min/max. wt. =    0.00000            0.396336E-01           *
#                                                               *
#*************   chi**2/iteration =  3.295       ****************


#********** Integration by Vegas (iteration      13) ************
#                                                               *
#  integral  =  4417.3272       accum. integral =  4417.2944    *
#  std. dev. =  1.4978660       accum. std. dev = 0.52697645    *
#   min/max. wt. =    0.00000            0.681334E-01           *
#                                                               *
#*************   chi**2/iteration =  3.040       ****************


#********** Integration by Vegas (iteration      14) ************
#                                                               *
#  integral  =  4417.9166       accum. integral =  4417.3567    *
#  std. dev. =  1.5172026       accum. std. dev = 0.49851176    *
#   min/max. wt. =    0.00000            0.839258E-01           *
#                                                               *
#*************   chi**2/iteration =  2.833       ****************


#********** Integration by Vegas (iteration      15) ************
#                                                               *
#  integral  =  4418.7728       accum. integral =  4417.4828    *
#  std. dev. =  1.5357405       accum. std. dev = 0.47465171    *
#   min/max. wt. =    0.00000            0.160469               *
#                                                               *
#*************   chi**2/iteration =  2.695       ****************


  Input parameters for vegas:  ndim=  9   ncall= 80707214.
                              it=    0    itmx=    2
                              acc=-1.00    
                              mds=  1     nd=  50
                              (xl,xu)= (  0.00000     ,  1.00000     )
                                       (  0.00000     ,  1.00000     )
                                       (  0.00000     ,  1.00000     )
                                       (  0.00000     ,  1.00000     )
                                       (  0.00000     ,  1.00000     )
                                       (  0.00000     ,  1.00000     )
                                       (  0.00000     ,  1.00000     )
                                       (  0.00000     ,  1.00000     )
                                       (  0.00000     ,  1.00000     )

#********** Integration by Vegas (iteration       1) ************
#                                                               *
#  integral  =  4417.7800       accum. integral =  4417.7800    *
#  std. dev. =  1.5285735       accum. std. dev =  1.5285735    *
#   min/max. wt. =    0.00000            0.419726E-01           *
#                                                               *
#*************   chi**2/iteration =  0.000       ****************


#********** Integration by Vegas (iteration       2) ************
#                                                               *
#  integral  =  4417.1193       accum. integral =  4417.4543    *
#  std. dev. =  1.5500421       accum. std. dev =  1.0883745    *
#   min/max. wt. =    0.00000            0.570888E-01           *
#                                                               *
#*************   chi**2/iteration = 0.9201E-01   ****************

 Done
