SLURM job running in:  /scratch/groups/lhc/park/JHUGen/JHUGenerator
LHAPDF 6.1.5 loading /work-zfs/lhc/cms/slc6_amd64_gcc493/external/lhapdf/6.1.5-kpegke3/share/LHAPDF/NNPDF30_lo_as_0130/NNPDF30_lo_as_0130_0000.dat
NNPDF30_lo_as_0130 PDF set, member #0, version 2; LHAPDF ID = 263000
 extending no. of histograms for vbf tests
 
                                                                                          
   ***************************************************************************************
   *                                JHU Generator v6.9.3                                 *
   ***************************************************************************************
   *                                                                                     *
   *   Spin and parity determination of single-produced resonances at hadron colliders   *
   *                                                                                     *
   *          I. Anderson, S. Bolognesi, F. Caola, Y. Gao, A. Gritsan, Z. Guo,           *
   *        C. Martin, K. Melnikov, R.Rontsch, H. Roskes, U. Sarica, M. Schulze,         *
   *                   N. Tran, A. Whitbeck, M. Xiao, C. You, Y. Zhou                    *
   *                Phys.Rev. D81 (2010) 075022;  arXiv:1001.3396 [hep-ph],              *
   *                Phys.Rev. D86 (2012) 095031;  arXiv:1208.4018 [hep-ph],              *
   *                Phys.Rev. D89 (2014) 035007;  arXiv:1309.4819 [hep-ph].              *
   *                                                                                     *
   ***************************************************************************************
                                                                                          
   
   Command line: ./JHUGen Unweighted=0 VegasNc0=99999999 VegasNc1=99999999 VegasNc2=99999999 LHAPDF=NNPDF30_lo_as_0130/NNPDF30_lo_as_0130.info MReso=470 ghz1=0,0 ghz2=1,0 Process=60 pTjetcut=0 deltaRcut=0
   
   Input Parameter:
    Collider: P-P, sqrt(s)=13000.00
    Resonance: spin=0, mass= 470.00 width=   0.00407
    Z-boson: mass=91.188, width=2.4952
    W-boson: mass=80.399, width=2.0850
    Jet cuts:
            pT >=     0.00 GeV
        DeltaR >=     0.00
           mJJ >=     0.00 GeV
    Random seed:   786375281
    To reproduce results using this seed, JHUGen should be compiled with the same compiler:
      GNU Fortran (GCC) 4.9.3
    
    WidthScheme:   2
    LHAPDF set NNPDF30_lo_as_0130/NNPDF30_lo_as_0130.info, member=  0
    Unweighted: F
    
    spin-0-VV couplings: 
      generate_as=F
      ghg2=  0.10000000E+01  0.00000000E+00i
      ghg3=  0.00000000E+00  0.00000000E+00i
      ghg4=  0.00000000E+00  0.00000000E+00i
      ghz1=  0.00000000E+00  0.00000000E+00i
      ghz2=  0.10000000E+01  0.00000000E+00i
      ghz3=  0.00000000E+00  0.00000000E+00i
      ghz4=  0.00000000E+00  0.00000000E+00i
      Lambda=  1000.0
    
    LHE output: ./data/output.lhe
    Histogram output: ./data/output.dat
    Log file: ./data/output.log
    
  Running

  Input parameters for vegas:  ndim=  9   ncall= 80707214.
                              it=    0    itmx=   15
                              acc=-1.00    
                              mds=  1     nd=  50
                              (xl,xu)= (  0.00000     ,  1.00000     )
                                       (  0.00000     ,  1.00000     )
                                       (  0.00000     ,  1.00000     )
                                       (  0.00000     ,  1.00000     )
                                       (  0.00000     ,  1.00000     )
                                       (  0.00000     ,  1.00000     )
                                       (  0.00000     ,  1.00000     )
                                       (  0.00000     ,  1.00000     )
                                       (  0.00000     ,  1.00000     )

#********** Integration by Vegas (iteration       1) ************
#                                                               *
#  integral  =  3840.9607       accum. integral =  3840.9607    *
#  std. dev. =  322.66929       accum. std. dev =  322.66929    *
#   min/max. wt. =    0.00000             163.030               *
#                                                               *
#*************   chi**2/iteration =  0.000       ****************


#********** Integration by Vegas (iteration       2) ************
#                                                               *
#  integral  =  4021.4167       accum. integral =  4008.3642    *
#  std. dev. =  94.332428       accum. std. dev =  88.841692    *
#   min/max. wt. =    0.00000             48.7851               *
#                                                               *
#*************   chi**2/iteration = 0.2766       ****************


#********** Integration by Vegas (iteration       3) ************
#                                                               *
#  integral  =  4198.0251       accum. integral =  4187.4737    *
#  std. dev. =  23.020730       accum. std. dev =  21.437313    *
#   min/max. wt. =    0.00000             10.9503               *
#                                                               *
#*************   chi**2/iteration =  2.187       ****************


#********** Integration by Vegas (iteration       4) ************
#                                                               *
#  integral  =  4204.2340       accum. integral =  4203.5231    *
#  std. dev. =  4.7153556       accum. std. dev =  4.4657322    *
#   min/max. wt. =    0.00000            0.852361               *
#                                                               *
#*************   chi**2/iteration =  1.616       ****************


#********** Integration by Vegas (iteration       5) ************
#                                                               *
#  integral  =  4199.3624       accum. integral =  4199.9320    *
#  std. dev. =  1.8356542       accum. std. dev =  1.6631200    *
#   min/max. wt. =    0.00000            0.180773               *
#                                                               *
#*************   chi**2/iteration =  1.382       ****************


#********** Integration by Vegas (iteration       6) ************
#                                                               *
#  integral  =  4198.4576       accum. integral =  4199.0962    *
#  std. dev. =  1.4903604       accum. std. dev =  1.0991831    *
#   min/max. wt. =    0.00000            0.104068               *
#                                                               *
#*************   chi**2/iteration =  1.184       ****************


#********** Integration by Vegas (iteration       7) ************
#                                                               *
#  integral  =  4199.3447       accum. integral =  4199.1937    *
#  std. dev. =  1.3973334       accum. std. dev = 0.85957990    *
#   min/max. wt. =    0.00000            0.702803E-01           *
#                                                               *
#*************   chi**2/iteration = 0.9843       ****************


#********** Integration by Vegas (iteration       8) ************
#                                                               *
#  integral  =  4198.8593       accum. integral =  4199.0970    *
#  std. dev. =  1.3722000       accum. std. dev = 0.72641484    *
#   min/max. wt. =    0.00000            0.945029E-01           *
#                                                               *
#*************   chi**2/iteration = 0.8461       ****************


#********** Integration by Vegas (iteration       9) ************
#                                                               *
#  integral  =  4197.5775       accum. integral =  4198.7549    *
#  std. dev. =  1.3681131       accum. std. dev = 0.64051768    *
#   min/max. wt. =    0.00000            0.646826E-01           *
#                                                               *
#*************   chi**2/iteration = 0.8606       ****************


#********** Integration by Vegas (iteration      10) ************
#                                                               *
#  integral  =  4199.5284       accum. integral =  4198.8955    *
#  std. dev. =  1.3776476       accum. std. dev = 0.58017698    *
#   min/max. wt. =    0.00000            0.682503E-01           *
#                                                               *
#*************   chi**2/iteration = 0.7922       ****************


#********** Integration by Vegas (iteration      11) ************
#                                                               *
#  integral  =  4199.1337       accum. integral =  4198.9316    *
#  std. dev. =  1.3894316       accum. std. dev = 0.53499141    *
#   min/max. wt. =    0.00000            0.888235E-01           *
#                                                               *
#*************   chi**2/iteration = 0.7139       ****************


#********** Integration by Vegas (iteration      12) ************
#                                                               *
#  integral  =  4196.4540       accum. integral =  4198.6166    *
#  std. dev. =  1.4166578       accum. std. dev = 0.50026933    *
#   min/max. wt. =    0.00000            0.979239E-01           *
#                                                               *
#*************   chi**2/iteration = 0.8953       ****************


#********** Integration by Vegas (iteration      13) ************
#                                                               *
#  integral  =  4198.7849       accum. integral =  4198.6353    *
#  std. dev. =  1.4275734       accum. std. dev = 0.47196066    *
#   min/max. wt. =    0.00000            0.726555E-01           *
#                                                               *
#*************   chi**2/iteration = 0.8205       ****************


#********** Integration by Vegas (iteration      14) ************
#                                                               *
#  integral  =  4197.5602       accum. integral =  4198.5305    *
#  std. dev. =  1.4492202       accum. std. dev = 0.44866111    *
#   min/max. wt. =    0.00000            0.913559E-01           *
#                                                               *
#*************   chi**2/iteration = 0.7952       ****************


#********** Integration by Vegas (iteration      15) ************
#                                                               *
#  integral  =  4199.4553       accum. integral =  4198.6100    *
#  std. dev. =  1.4762201       accum. std. dev = 0.42920327    *
#   min/max. wt. =    0.00000            0.548894E-01           *
#                                                               *
#*************   chi**2/iteration = 0.7636       ****************


  Input parameters for vegas:  ndim=  9   ncall= 80707214.
                              it=    0    itmx=    2
                              acc=-1.00    
                              mds=  1     nd=  50
                              (xl,xu)= (  0.00000     ,  1.00000     )
                                       (  0.00000     ,  1.00000     )
                                       (  0.00000     ,  1.00000     )
                                       (  0.00000     ,  1.00000     )
                                       (  0.00000     ,  1.00000     )
                                       (  0.00000     ,  1.00000     )
                                       (  0.00000     ,  1.00000     )
                                       (  0.00000     ,  1.00000     )
                                       (  0.00000     ,  1.00000     )

#********** Integration by Vegas (iteration       1) ************
#                                                               *
#  integral  =  4197.9643       accum. integral =  4197.9643    *
#  std. dev. =  1.4998659       accum. std. dev =  1.4998659    *
#   min/max. wt. =    0.00000            0.401160E-01           *
#                                                               *
#*************   chi**2/iteration =  0.000       ****************


#********** Integration by Vegas (iteration       2) ************
#                                                               *
#  integral  =  4201.4598       accum. integral =  4199.6740    *
#  std. dev. =  1.5341852       accum. std. dev =  1.0725033    *
#   min/max. wt. =    0.00000            0.927102E-01           *
#                                                               *
#*************   chi**2/iteration =  2.652       ****************

 Done
