SLURM job running in:  /scratch/groups/lhc/park/JHUGen/JHUGenerator
LHAPDF 6.1.5 loading /work-zfs/lhc/cms/slc6_amd64_gcc493/external/lhapdf/6.1.5-kpegke3/share/LHAPDF/NNPDF30_lo_as_0130/NNPDF30_lo_as_0130_0000.dat
NNPDF30_lo_as_0130 PDF set, member #0, version 2; LHAPDF ID = 263000
 extending no. of histograms for vbf tests
 
                                                                                          
   ***************************************************************************************
   *                                JHU Generator v6.9.3                                 *
   ***************************************************************************************
   *                                                                                     *
   *   Spin and parity determination of single-produced resonances at hadron colliders   *
   *                                                                                     *
   *          I. Anderson, S. Bolognesi, F. Caola, Y. Gao, A. Gritsan, Z. Guo,           *
   *        C. Martin, K. Melnikov, R.Rontsch, H. Roskes, U. Sarica, M. Schulze,         *
   *                   N. Tran, A. Whitbeck, M. Xiao, C. You, Y. Zhou                    *
   *                Phys.Rev. D81 (2010) 075022;  arXiv:1001.3396 [hep-ph],              *
   *                Phys.Rev. D86 (2012) 095031;  arXiv:1208.4018 [hep-ph],              *
   *                Phys.Rev. D89 (2014) 035007;  arXiv:1309.4819 [hep-ph].              *
   *                                                                                     *
   ***************************************************************************************
                                                                                          
   
   Command line: ./JHUGen Unweighted=0 VegasNc0=99999999 VegasNc1=99999999 VegasNc2=99999999 LHAPDF=NNPDF30_lo_as_0130/NNPDF30_lo_as_0130.info MReso=486 ghz1=0,0 ghz2=1,0 Process=60 pTjetcut=0 deltaRcut=0
   
   Input Parameter:
    Collider: P-P, sqrt(s)=13000.00
    Resonance: spin=0, mass= 486.00 width=   0.00407
    Z-boson: mass=91.188, width=2.4952
    W-boson: mass=80.399, width=2.0850
    Jet cuts:
            pT >=     0.00 GeV
        DeltaR >=     0.00
           mJJ >=     0.00 GeV
    Random seed:   819911221
    To reproduce results using this seed, JHUGen should be compiled with the same compiler:
      GNU Fortran (GCC) 4.9.3
    
    WidthScheme:   2
    LHAPDF set NNPDF30_lo_as_0130/NNPDF30_lo_as_0130.info, member=  0
    Unweighted: F
    
    spin-0-VV couplings: 
      generate_as=F
      ghg2=  0.10000000E+01  0.00000000E+00i
      ghg3=  0.00000000E+00  0.00000000E+00i
      ghg4=  0.00000000E+00  0.00000000E+00i
      ghz1=  0.00000000E+00  0.00000000E+00i
      ghz2=  0.10000000E+01  0.00000000E+00i
      ghz3=  0.00000000E+00  0.00000000E+00i
      ghz4=  0.00000000E+00  0.00000000E+00i
      Lambda=  1000.0
    
    LHE output: ./data/output.lhe
    Histogram output: ./data/output.dat
    Log file: ./data/output.log
    
  Running

  Input parameters for vegas:  ndim=  9   ncall= 80707214.
                              it=    0    itmx=   15
                              acc=-1.00    
                              mds=  1     nd=  50
                              (xl,xu)= (  0.00000     ,  1.00000     )
                                       (  0.00000     ,  1.00000     )
                                       (  0.00000     ,  1.00000     )
                                       (  0.00000     ,  1.00000     )
                                       (  0.00000     ,  1.00000     )
                                       (  0.00000     ,  1.00000     )
                                       (  0.00000     ,  1.00000     )
                                       (  0.00000     ,  1.00000     )
                                       (  0.00000     ,  1.00000     )

#********** Integration by Vegas (iteration       1) ************
#                                                               *
#  integral  =  3811.5870       accum. integral =  3811.5870    *
#  std. dev. =  748.90446       accum. std. dev =  748.90446    *
#   min/max. wt. =    0.00000             716.873               *
#                                                               *
#*************   chi**2/iteration = -.6642E-11   ****************


#********** Integration by Vegas (iteration       2) ************
#                                                               *
#  integral  =  3672.5036       accum. integral =  3673.6943    *
#  std. dev. =  67.050500       accum. std. dev =  68.038839    *
#   min/max. wt. =    0.00000             29.7376               *
#                                                               *
#*************   chi**2/iteration = 0.3543E-01   ****************


#********** Integration by Vegas (iteration       3) ************
#                                                               *
#  integral  =  4009.3541       accum. integral =  3979.5020    *
#  std. dev. =  22.772487       accum. std. dev =  20.783658    *
#   min/max. wt. =    0.00000             8.79446               *
#                                                               *
#*************   chi**2/iteration =  10.58       ****************


#********** Integration by Vegas (iteration       4) ************
#                                                               *
#  integral  =  4023.6645       accum. integral =  4021.9058    *
#  std. dev. =  4.4423846       accum. std. dev =  4.1997937    *
#   min/max. wt. =    0.00000            0.684676               *
#                                                               *
#*************   chi**2/iteration =  8.288       ****************


#********** Integration by Vegas (iteration       5) ************
#                                                               *
#  integral  =  4022.1632       accum. integral =  4022.1240    *
#  std. dev. =  1.8424513       accum. std. dev =  1.6495084    *
#   min/max. wt. =    0.00000            0.486037               *
#                                                               *
#*************   chi**2/iteration =  6.127       ****************


#********** Integration by Vegas (iteration       6) ************
#                                                               *
#  integral  =  4016.7293       accum. integral =  4019.1411    *
#  std. dev. =  1.5235076       accum. std. dev =  1.1079559    *
#   min/max. wt. =    0.00000            0.427354               *
#                                                               *
#*************   chi**2/iteration =  6.029       ****************


#********** Integration by Vegas (iteration       7) ************
#                                                               *
#  integral  =  4015.7008       accum. integral =  4017.7282    *
#  std. dev. =  1.3566995       accum. std. dev = 0.85326356    *
#   min/max. wt. =    0.00000            0.373464E-01           *
#                                                               *
#*************   chi**2/iteration =  5.648       ****************


#********** Integration by Vegas (iteration       8) ************
#                                                               *
#  integral  =  4016.2076       accum. integral =  4017.2588    *
#  std. dev. =  1.3012589       accum. std. dev = 0.71114930    *
#   min/max. wt. =    0.00000            0.100405               *
#                                                               *
#*************   chi**2/iteration =  4.957       ****************


#********** Integration by Vegas (iteration       9) ************
#                                                               *
#  integral  =  4014.6878       accum. integral =  4016.6409    *
#  std. dev. =  1.2849130       accum. std. dev = 0.62095853    *
#   min/max. wt. =    0.00000            0.442631E-01           *
#                                                               *
#*************   chi**2/iteration =  4.713       ****************


#********** Integration by Vegas (iteration      10) ************
#                                                               *
#  integral  =  4017.8794       accum. integral =  4016.8762    *
#  std. dev. =  1.3015092       accum. std. dev = 0.55970884    *
#   min/max. wt. =    0.00000            0.684438E-01           *
#                                                               *
#*************   chi**2/iteration =  4.260       ****************


#********** Integration by Vegas (iteration      11) ************
#                                                               *
#  integral  =  4017.8644       accum. integral =  4017.0330    *
#  std. dev. =  1.3066510       accum. std. dev = 0.51404190    *
#   min/max. wt. =    0.00000            0.811385E-01           *
#                                                               *
#*************   chi**2/iteration =  3.874       ****************


#********** Integration by Vegas (iteration      12) ************
#                                                               *
#  integral  =  4015.1555       accum. integral =  4016.7795    *
#  std. dev. =  1.3165223       accum. std. dev = 0.47856029    *
#   min/max. wt. =    0.00000            0.419957E-01           *
#                                                               *
#*************   chi**2/iteration =  3.679       ****************


#********** Integration by Vegas (iteration      13) ************
#                                                               *
#  integral  =  4015.3023       accum. integral =  4016.6062    *
#  std. dev. =  1.3265934       accum. std. dev = 0.44997878    *
#   min/max. wt. =    0.00000            0.448716E-01           *
#                                                               *
#*************   chi**2/iteration =  3.459       ****************


#********** Integration by Vegas (iteration      14) ************
#                                                               *
#  integral  =  4015.7704       accum. integral =  4016.5199    *
#  std. dev. =  1.3395934       accum. std. dev = 0.42642814    *
#   min/max. wt. =    0.00000            0.354838E-01           *
#                                                               *
#*************   chi**2/iteration =  3.216       ****************


#********** Integration by Vegas (iteration      15) ************
#                                                               *
#  integral  =  4013.4082       accum. integral =  4016.2354    *
#  std. dev. =  1.3559212       accum. std. dev = 0.40670259    *
#   min/max. wt. =    0.00000            0.939526E-01           *
#                                                               *
#*************   chi**2/iteration =  3.330       ****************


  Input parameters for vegas:  ndim=  9   ncall= 80707214.
                              it=    0    itmx=    2
                              acc=-1.00    
                              mds=  1     nd=  50
                              (xl,xu)= (  0.00000     ,  1.00000     )
                                       (  0.00000     ,  1.00000     )
                                       (  0.00000     ,  1.00000     )
                                       (  0.00000     ,  1.00000     )
                                       (  0.00000     ,  1.00000     )
                                       (  0.00000     ,  1.00000     )
                                       (  0.00000     ,  1.00000     )
                                       (  0.00000     ,  1.00000     )
                                       (  0.00000     ,  1.00000     )

#********** Integration by Vegas (iteration       1) ************
#                                                               *
#  integral  =  4015.9174       accum. integral =  4015.9174    *
#  std. dev. =  1.3771791       accum. std. dev =  1.3771791    *
#   min/max. wt. =    0.00000            0.585583E-01           *
#                                                               *
#*************   chi**2/iteration =  0.000       ****************


#********** Integration by Vegas (iteration       2) ************
#                                                               *
#  integral  =  4013.9928       accum. integral =  4014.9692    *
#  std. dev. =  1.3968484       accum. std. dev = 0.98068951    *
#   min/max. wt. =    0.00000            0.435889E-01           *
#                                                               *
#*************   chi**2/iteration = 0.9616       ****************

 Done
