SLURM job running in:  /scratch/groups/lhc/park/JHUGen/JHUGenerator
LHAPDF 6.1.5 loading /work-zfs/lhc/cms/slc6_amd64_gcc493/external/lhapdf/6.1.5-kpegke3/share/LHAPDF/NNPDF30_lo_as_0130/NNPDF30_lo_as_0130_0000.dat
NNPDF30_lo_as_0130 PDF set, member #0, version 2; LHAPDF ID = 263000
 extending no. of histograms for vbf tests
 
                                                                                          
   ***************************************************************************************
   *                                JHU Generator v6.9.3                                 *
   ***************************************************************************************
   *                                                                                     *
   *   Spin and parity determination of single-produced resonances at hadron colliders   *
   *                                                                                     *
   *          I. Anderson, S. Bolognesi, F. Caola, Y. Gao, A. Gritsan, Z. Guo,           *
   *        C. Martin, K. Melnikov, R.Rontsch, H. Roskes, U. Sarica, M. Schulze,         *
   *                   N. Tran, A. Whitbeck, M. Xiao, C. You, Y. Zhou                    *
   *                Phys.Rev. D81 (2010) 075022;  arXiv:1001.3396 [hep-ph],              *
   *                Phys.Rev. D86 (2012) 095031;  arXiv:1208.4018 [hep-ph],              *
   *                Phys.Rev. D89 (2014) 035007;  arXiv:1309.4819 [hep-ph].              *
   *                                                                                     *
   ***************************************************************************************
                                                                                          
   
   Command line: ./JHUGen Unweighted=0 VegasNc0=99999999 VegasNc1=99999999 VegasNc2=99999999 LHAPDF=NNPDF30_lo_as_0130/NNPDF30_lo_as_0130.info MReso=492 ghz1=0,0 ghz2=1,0 Process=60 pTjetcut=0 deltaRcut=0
   
   Input Parameter:
    Collider: P-P, sqrt(s)=13000.00
    Resonance: spin=0, mass= 492.00 width=   0.00407
    Z-boson: mass=91.188, width=2.4952
    W-boson: mass=80.399, width=2.0850
    Jet cuts:
            pT >=     0.00 GeV
        DeltaR >=     0.00
           mJJ >=     0.00 GeV
    Random seed:   685723853
    To reproduce results using this seed, JHUGen should be compiled with the same compiler:
      GNU Fortran (GCC) 4.9.3
    
    WidthScheme:   2
    LHAPDF set NNPDF30_lo_as_0130/NNPDF30_lo_as_0130.info, member=  0
    Unweighted: F
    
    spin-0-VV couplings: 
      generate_as=F
      ghg2=  0.10000000E+01  0.00000000E+00i
      ghg3=  0.00000000E+00  0.00000000E+00i
      ghg4=  0.00000000E+00  0.00000000E+00i
      ghz1=  0.00000000E+00  0.00000000E+00i
      ghz2=  0.10000000E+01  0.00000000E+00i
      ghz3=  0.00000000E+00  0.00000000E+00i
      ghz4=  0.00000000E+00  0.00000000E+00i
      Lambda=  1000.0
    
    LHE output: ./data/output.lhe
    Histogram output: ./data/output.dat
    Log file: ./data/output.log
    
  Running

  Input parameters for vegas:  ndim=  9   ncall= 80707214.
                              it=    0    itmx=   15
                              acc=-1.00    
                              mds=  1     nd=  50
                              (xl,xu)= (  0.00000     ,  1.00000     )
                                       (  0.00000     ,  1.00000     )
                                       (  0.00000     ,  1.00000     )
                                       (  0.00000     ,  1.00000     )
                                       (  0.00000     ,  1.00000     )
                                       (  0.00000     ,  1.00000     )
                                       (  0.00000     ,  1.00000     )
                                       (  0.00000     ,  1.00000     )
                                       (  0.00000     ,  1.00000     )

#********** Integration by Vegas (iteration       1) ************
#                                                               *
#  integral  =  7209.0738       accum. integral =  7209.0738    *
#  std. dev. =  3706.3238       accum. std. dev =  3706.3238    *
#   min/max. wt. =    0.00000             3673.07               *
#                                                               *
#*************   chi**2/iteration =  0.000       ****************


#********** Integration by Vegas (iteration       2) ************
#                                                               *
#  integral  =  3867.9508       accum. integral =  3998.3348    *
#  std. dev. =  400.73244       accum. std. dev =  587.53136    *
#   min/max. wt. =    0.00000             381.526               *
#                                                               *
#*************   chi**2/iteration =  1.212       ****************


#********** Integration by Vegas (iteration       3) ************
#                                                               *
#  integral  =  3960.1865       accum. integral =  3960.7291    *
#  std. dev. =  48.312249       accum. std. dev =  63.562263    *
#   min/max. wt. =    0.00000             30.0620               *
#                                                               *
#*************   chi**2/iteration = 0.7390       ****************


#********** Integration by Vegas (iteration       4) ************
#                                                               *
#  integral  =  3950.1306       accum. integral =  3950.2898    *
#  std. dev. =  5.9079273       accum. std. dev =  7.3553653    *
#   min/max. wt. =    0.00000            0.897929               *
#                                                               *
#*************   chi**2/iteration = 0.5629       ****************


#********** Integration by Vegas (iteration       5) ************
#                                                               *
#  integral  =  3953.0614       accum. integral =  3952.7897    *
#  std. dev. =  1.9343574       accum. std. dev =  2.2175485    *
#   min/max. wt. =    0.00000            0.339690               *
#                                                               *
#*************   chi**2/iteration = 0.4898       ****************


#********** Integration by Vegas (iteration       6) ************
#                                                               *
#  integral  =  3948.5828       accum. integral =  3950.1650    *
#  std. dev. =  1.4247517       accum. std. dev =  1.3237530    *
#   min/max. wt. =    0.00000            0.879399E-01           *
#                                                               *
#*************   chi**2/iteration = 0.8875       ****************


#********** Integration by Vegas (iteration       7) ************
#                                                               *
#  integral  =  3949.3426       accum. integral =  3949.8137    *
#  std. dev. =  1.3034160       accum. std. dev = 0.98185875    *
#   min/max. wt. =    0.00000            0.953773E-01           *
#                                                               *
#*************   chi**2/iteration = 0.7987       ****************


#********** Integration by Vegas (iteration       8) ************
#                                                               *
#  integral  =  3951.9495       accum. integral =  3950.4615    *
#  std. dev. =  1.2920067       accum. std. dev = 0.80683544    *
#   min/max. wt. =    0.00000            0.157111               *
#                                                               *
#*************   chi**2/iteration = 0.9178       ****************


#********** Integration by Vegas (iteration       9) ************
#                                                               *
#  integral  =  3949.5523       accum. integral =  3950.2438    *
#  std. dev. =  1.2673680       accum. std. dev = 0.69486101    *
#   min/max. wt. =    0.00000            0.618768E-01           *
#                                                               *
#*************   chi**2/iteration = 0.8625       ****************


#********** Integration by Vegas (iteration      10) ************
#                                                               *
#  integral  =  3951.3562       accum. integral =  3950.4552    *
#  std. dev. =  1.2809752       accum. std. dev = 0.61899648    *
#   min/max. wt. =    0.00000            0.113549               *
#                                                               *
#*************   chi**2/iteration = 0.8378       ****************


#********** Integration by Vegas (iteration      11) ************
#                                                               *
#  integral  =  3949.2503       accum. integral =  3950.2617    *
#  std. dev. =  1.2761572       accum. std. dev = 0.56229110    *
#   min/max. wt. =    0.00000            0.445591E-01           *
#                                                               *
#*************   chi**2/iteration = 0.8289       ****************


#********** Integration by Vegas (iteration      12) ************
#                                                               *
#  integral  =  3951.0581       accum. integral =  3950.3697    *
#  std. dev. =  1.2915433       accum. std. dev = 0.51900978    *
#   min/max. wt. =    0.00000            0.544532E-01           *
#                                                               *
#*************   chi**2/iteration = 0.7896       ****************


#********** Integration by Vegas (iteration      13) ************
#                                                               *
#  integral  =  3950.1983       accum. integral =  3950.3495    *
#  std. dev. =  1.2988840       accum. std. dev = 0.48435649    *
#   min/max. wt. =    0.00000            0.583641E-01           *
#                                                               *
#*************   chi**2/iteration = 0.7340       ****************


#********** Integration by Vegas (iteration      14) ************
#                                                               *
#  integral  =  3950.3837       accum. integral =  3950.3530    *
#  std. dev. =  1.3228395       accum. std. dev = 0.45644892    *
#   min/max. wt. =    0.00000            0.100380               *
#                                                               *
#*************   chi**2/iteration = 0.6849       ****************


#********** Integration by Vegas (iteration      15) ************
#                                                               *
#  integral  =  3950.5340       accum. integral =  3950.3697    *
#  std. dev. =  1.3274486       accum. std. dev = 0.43284668    *
#   min/max. wt. =    0.00000            0.713872E-01           *
#                                                               *
#*************   chi**2/iteration = 0.6431       ****************


  Input parameters for vegas:  ndim=  9   ncall= 80707214.
                              it=    0    itmx=    2
                              acc=-1.00    
                              mds=  1     nd=  50
                              (xl,xu)= (  0.00000     ,  1.00000     )
                                       (  0.00000     ,  1.00000     )
                                       (  0.00000     ,  1.00000     )
                                       (  0.00000     ,  1.00000     )
                                       (  0.00000     ,  1.00000     )
                                       (  0.00000     ,  1.00000     )
                                       (  0.00000     ,  1.00000     )
                                       (  0.00000     ,  1.00000     )
                                       (  0.00000     ,  1.00000     )

#********** Integration by Vegas (iteration       1) ************
#                                                               *
#  integral  =  3948.8825       accum. integral =  3948.8825    *
#  std. dev. =  1.3505409       accum. std. dev =  1.3505409    *
#   min/max. wt. =    0.00000            0.645272E-01           *
#                                                               *
#*************   chi**2/iteration =  0.000       ****************


#********** Integration by Vegas (iteration       2) ************
#                                                               *
#  integral  =  3951.7196       accum. integral =  3950.2808    *
#  std. dev. =  1.3709997       accum. std. dev = 0.96213352    *
#   min/max. wt. =    0.00000            0.481983E-01           *
#                                                               *
#*************   chi**2/iteration =  2.171       ****************

 Done
