SLURM job running in:  /scratch/groups/lhc/park/JHUGen/JHUGenerator
LHAPDF 6.1.5 loading /work-zfs/lhc/cms/slc6_amd64_gcc493/external/lhapdf/6.1.5-kpegke3/share/LHAPDF/NNPDF30_lo_as_0130/NNPDF30_lo_as_0130_0000.dat
NNPDF30_lo_as_0130 PDF set, member #0, version 2; LHAPDF ID = 263000
 extending no. of histograms for vbf tests
 
                                                                                          
   ***************************************************************************************
   *                                JHU Generator v6.9.3                                 *
   ***************************************************************************************
   *                                                                                     *
   *   Spin and parity determination of single-produced resonances at hadron colliders   *
   *                                                                                     *
   *          I. Anderson, S. Bolognesi, F. Caola, Y. Gao, A. Gritsan, Z. Guo,           *
   *        C. Martin, K. Melnikov, R.Rontsch, H. Roskes, U. Sarica, M. Schulze,         *
   *                   N. Tran, A. Whitbeck, M. Xiao, C. You, Y. Zhou                    *
   *                Phys.Rev. D81 (2010) 075022;  arXiv:1001.3396 [hep-ph],              *
   *                Phys.Rev. D86 (2012) 095031;  arXiv:1208.4018 [hep-ph],              *
   *                Phys.Rev. D89 (2014) 035007;  arXiv:1309.4819 [hep-ph].              *
   *                                                                                     *
   ***************************************************************************************
                                                                                          
   
   Command line: ./JHUGen Unweighted=0 VegasNc0=99999999 VegasNc1=99999999 VegasNc2=99999999 LHAPDF=NNPDF30_lo_as_0130/NNPDF30_lo_as_0130.info MReso=575 ghz1=0,0 ghz2=1,0 Process=60 pTjetcut=0 deltaRcut=0
   
   Input Parameter:
    Collider: P-P, sqrt(s)=13000.00
    Resonance: spin=0, mass= 575.00 width=   0.00407
    Z-boson: mass=91.188, width=2.4952
    W-boson: mass=80.399, width=2.0850
    Jet cuts:
            pT >=     0.00 GeV
        DeltaR >=     0.00
           mJJ >=     0.00 GeV
    Random seed:   719831306
    To reproduce results using this seed, JHUGen should be compiled with the same compiler:
      GNU Fortran (GCC) 4.9.3
    
    WidthScheme:   2
    LHAPDF set NNPDF30_lo_as_0130/NNPDF30_lo_as_0130.info, member=  0
    Unweighted: F
    
    spin-0-VV couplings: 
      generate_as=F
      ghg2=  0.10000000E+01  0.00000000E+00i
      ghg3=  0.00000000E+00  0.00000000E+00i
      ghg4=  0.00000000E+00  0.00000000E+00i
      ghz1=  0.00000000E+00  0.00000000E+00i
      ghz2=  0.10000000E+01  0.00000000E+00i
      ghz3=  0.00000000E+00  0.00000000E+00i
      ghz4=  0.00000000E+00  0.00000000E+00i
      Lambda=  1000.0
    
    LHE output: ./data/output.lhe
    Histogram output: ./data/output.dat
    Log file: ./data/output.log
    
  Running

  Input parameters for vegas:  ndim=  9   ncall= 80707214.
                              it=    0    itmx=   15
                              acc=-1.00    
                              mds=  1     nd=  50
                              (xl,xu)= (  0.00000     ,  1.00000     )
                                       (  0.00000     ,  1.00000     )
                                       (  0.00000     ,  1.00000     )
                                       (  0.00000     ,  1.00000     )
                                       (  0.00000     ,  1.00000     )
                                       (  0.00000     ,  1.00000     )
                                       (  0.00000     ,  1.00000     )
                                       (  0.00000     ,  1.00000     )
                                       (  0.00000     ,  1.00000     )

#********** Integration by Vegas (iteration       1) ************
#                                                               *
#  integral  =  2774.3495       accum. integral =  2774.3495    *
#  std. dev. =  283.83574       accum. std. dev =  283.83574    *
#   min/max. wt. =    0.00000             179.262               *
#                                                               *
#*************   chi**2/iteration =  0.000       ****************


#********** Integration by Vegas (iteration       2) ************
#                                                               *
#  integral  =  2909.4445       accum. integral =  2904.1329    *
#  std. dev. =  60.216827       accum. std. dev =  57.667185    *
#   min/max. wt. =    0.00000             31.7619               *
#                                                               *
#*************   chi**2/iteration = 0.2071       ****************


#********** Integration by Vegas (iteration       3) ************
#                                                               *
#  integral  =  3165.9886       accum. integral =  3146.6977    *
#  std. dev. =  18.112130       accum. std. dev =  16.267160    *
#   min/max. wt. =    0.00000             7.69874               *
#                                                               *
#*************   chi**2/iteration =  8.933       ****************


#********** Integration by Vegas (iteration       4) ************
#                                                               *
#  integral  =  3166.4814       accum. integral =  3165.6078    *
#  std. dev. =  3.7472627       accum. std. dev =  3.4811851    *
#   min/max. wt. =    0.00000             1.64620               *
#                                                               *
#*************   chi**2/iteration =  6.197       ****************


#********** Integration by Vegas (iteration       5) ************
#                                                               *
#  integral  =  3162.0889       accum. integral =  3162.6048    *
#  std. dev. =  1.5163257       accum. std. dev =  1.3467340    *
#   min/max. wt. =    0.00000            0.322976               *
#                                                               *
#*************   chi**2/iteration =  4.766       ****************


#********** Integration by Vegas (iteration       6) ************
#                                                               *
#  integral  =  3161.6384       accum. integral =  3162.0180    *
#  std. dev. =  1.1266148       accum. std. dev = 0.84982352    *
#   min/max. wt. =    0.00000            0.343065E-01           *
#                                                               *
#*************   chi**2/iteration =  3.824       ****************


#********** Integration by Vegas (iteration       7) ************
#                                                               *
#  integral  =  3161.9335       accum. integral =  3161.9830    *
#  std. dev. =  1.0427973       accum. std. dev = 0.65321931    *
#   min/max. wt. =    0.00000            0.579048E-01           *
#                                                               *
#*************   chi**2/iteration =  3.157       ****************


#********** Integration by Vegas (iteration       8) ************
#                                                               *
#  integral  =  3162.6188       accum. integral =  3162.1757    *
#  std. dev. =  1.0187397       accum. std. dev = 0.54729205    *
#   min/max. wt. =    0.00000            0.662636E-01           *
#                                                               *
#*************   chi**2/iteration =  2.728       ****************


#********** Integration by Vegas (iteration       9) ************
#                                                               *
#  integral  =  3162.2058       accum. integral =  3162.1828    *
#  std. dev. =  1.0080269       accum. std. dev = 0.47959373    *
#   min/max. wt. =    0.00000            0.891817E-01           *
#                                                               *
#*************   chi**2/iteration =  2.374       ****************


#********** Integration by Vegas (iteration      10) ************
#                                                               *
#  integral  =  3161.5251       accum. integral =  3162.0576    *
#  std. dev. =  1.0105397       accum. std. dev = 0.43249013    *
#   min/max. wt. =    0.00000            0.452288E-01           *
#                                                               *
#*************   chi**2/iteration =  2.140       ****************


#********** Integration by Vegas (iteration      11) ************
#                                                               *
#  integral  =  3160.4494       accum. integral =  3161.7962    *
#  std. dev. =  1.0001802       accum. std. dev = 0.39646355    *
#   min/max. wt. =    0.00000            0.379703E-01           *
#                                                               *
#*************   chi**2/iteration =  2.144       ****************


#********** Integration by Vegas (iteration      12) ************
#                                                               *
#  integral  =  3161.2898       accum. integral =  3161.7262    *
#  std. dev. =  1.0070892       accum. std. dev = 0.36857751    *
#   min/max. wt. =    0.00000            0.459623E-01           *
#                                                               *
#*************   chi**2/iteration =  1.964       ****************


#********** Integration by Vegas (iteration      13) ************
#                                                               *
#  integral  =  3161.0917       accum. integral =  3161.6514    *
#  std. dev. =  1.0245752       accum. std. dev = 0.34661026    *
#   min/max. wt. =    0.00000            0.360690E-01           *
#                                                               *
#*************   chi**2/iteration =  1.824       ****************


#********** Integration by Vegas (iteration      14) ************
#                                                               *
#  integral  =  3161.0793       accum. integral =  3161.5925    *
#  std. dev. =  1.0379015       accum. std. dev = 0.32862230    *
#   min/max. wt. =    0.00000            0.408919E-01           *
#                                                               *
#*************   chi**2/iteration =  1.702       ****************


#********** Integration by Vegas (iteration      15) ************
#                                                               *
#  integral  =  3162.2212       accum. integral =  3161.6504    *
#  std. dev. =  1.0461358       accum. std. dev = 0.31341587    *
#   min/max. wt. =    0.00000            0.458331E-01           *
#                                                               *
#*************   chi**2/iteration =  1.602       ****************


  Input parameters for vegas:  ndim=  9   ncall= 80707214.
                              it=    0    itmx=    2
                              acc=-1.00    
                              mds=  1     nd=  50
                              (xl,xu)= (  0.00000     ,  1.00000     )
                                       (  0.00000     ,  1.00000     )
                                       (  0.00000     ,  1.00000     )
                                       (  0.00000     ,  1.00000     )
                                       (  0.00000     ,  1.00000     )
                                       (  0.00000     ,  1.00000     )
                                       (  0.00000     ,  1.00000     )
                                       (  0.00000     ,  1.00000     )
                                       (  0.00000     ,  1.00000     )

#********** Integration by Vegas (iteration       1) ************
#                                                               *
#  integral  =  3161.6760       accum. integral =  3161.6760    *
#  std. dev. =  1.0627354       accum. std. dev =  1.0627354    *
#   min/max. wt. =    0.00000            0.987114E-01           *
#                                                               *
#*************   chi**2/iteration =  0.000       ****************


#********** Integration by Vegas (iteration       2) ************
#                                                               *
#  integral  =  3160.8160       accum. integral =  3161.2422    *
#  std. dev. =  1.0531534       accum. std. dev = 0.74805760    *
#   min/max. wt. =    0.00000            0.493949E-01           *
#                                                               *
#*************   chi**2/iteration = 0.3300       ****************

 Done
