SLURM job running in:  /scratch/groups/lhc/park/JHUGen/JHUGenerator
LHAPDF 6.1.5 loading /work-zfs/lhc/cms/slc6_amd64_gcc493/external/lhapdf/6.1.5-kpegke3/share/LHAPDF/NNPDF30_lo_as_0130/NNPDF30_lo_as_0130_0000.dat
NNPDF30_lo_as_0130 PDF set, member #0, version 2; LHAPDF ID = 263000
 extending no. of histograms for vbf tests
 
                                                                                          
   ***************************************************************************************
   *                                JHU Generator v6.9.3                                 *
   ***************************************************************************************
   *                                                                                     *
   *   Spin and parity determination of single-produced resonances at hadron colliders   *
   *                                                                                     *
   *          I. Anderson, S. Bolognesi, F. Caola, Y. Gao, A. Gritsan, Z. Guo,           *
   *        C. Martin, K. Melnikov, R.Rontsch, H. Roskes, U. Sarica, M. Schulze,         *
   *                   N. Tran, A. Whitbeck, M. Xiao, C. You, Y. Zhou                    *
   *                Phys.Rev. D81 (2010) 075022;  arXiv:1001.3396 [hep-ph],              *
   *                Phys.Rev. D86 (2012) 095031;  arXiv:1208.4018 [hep-ph],              *
   *                Phys.Rev. D89 (2014) 035007;  arXiv:1309.4819 [hep-ph].              *
   *                                                                                     *
   ***************************************************************************************
                                                                                          
   
   Command line: ./JHUGen Unweighted=0 VegasNc0=99999999 VegasNc1=99999999 VegasNc2=99999999 LHAPDF=NNPDF30_lo_as_0130/NNPDF30_lo_as_0130.info MReso=640 ghz1=0,0 ghz2=1,0 Process=60 pTjetcut=0 deltaRcut=0
   
   Input Parameter:
    Collider: P-P, sqrt(s)=13000.00
    Resonance: spin=0, mass= 640.00 width=   0.00407
    Z-boson: mass=91.188, width=2.4952
    W-boson: mass=80.399, width=2.0850
    Jet cuts:
            pT >=     0.00 GeV
        DeltaR >=     0.00
           mJJ >=     0.00 GeV
    Random seed:   985185227
    To reproduce results using this seed, JHUGen should be compiled with the same compiler:
      GNU Fortran (GCC) 4.9.3
    
    WidthScheme:   2
    LHAPDF set NNPDF30_lo_as_0130/NNPDF30_lo_as_0130.info, member=  0
    Unweighted: F
    
    spin-0-VV couplings: 
      generate_as=F
      ghg2=  0.10000000E+01  0.00000000E+00i
      ghg3=  0.00000000E+00  0.00000000E+00i
      ghg4=  0.00000000E+00  0.00000000E+00i
      ghz1=  0.00000000E+00  0.00000000E+00i
      ghz2=  0.10000000E+01  0.00000000E+00i
      ghz3=  0.00000000E+00  0.00000000E+00i
      ghz4=  0.00000000E+00  0.00000000E+00i
      Lambda=  1000.0
    
    LHE output: ./data/output.lhe
    Histogram output: ./data/output.dat
    Log file: ./data/output.log
    
  Running

  Input parameters for vegas:  ndim=  9   ncall= 80707214.
                              it=    0    itmx=   15
                              acc=-1.00    
                              mds=  1     nd=  50
                              (xl,xu)= (  0.00000     ,  1.00000     )
                                       (  0.00000     ,  1.00000     )
                                       (  0.00000     ,  1.00000     )
                                       (  0.00000     ,  1.00000     )
                                       (  0.00000     ,  1.00000     )
                                       (  0.00000     ,  1.00000     )
                                       (  0.00000     ,  1.00000     )
                                       (  0.00000     ,  1.00000     )
                                       (  0.00000     ,  1.00000     )

#********** Integration by Vegas (iteration       1) ************
#                                                               *
#  integral  =  2017.9011       accum. integral =  2017.9011    *
#  std. dev. =  102.45610       accum. std. dev =  102.45610    *
#   min/max. wt. =    0.00000             51.5873               *
#                                                               *
#*************   chi**2/iteration =  0.000       ****************


#********** Integration by Vegas (iteration       2) ************
#                                                               *
#  integral  =  2480.0961       accum. integral =  2388.2969    *
#  std. dev. =  62.689191       accum. std. dev =  51.158119    *
#   min/max. wt. =    0.00000             43.1232               *
#                                                               *
#*************   chi**2/iteration =  12.98       ****************


#********** Integration by Vegas (iteration       3) ************
#                                                               *
#  integral  =  2698.4723       accum. integral =  2643.9481    *
#  std. dev. =  28.198957       accum. std. dev =  22.916604    *
#   min/max. wt. =    0.00000             22.5739               *
#                                                               *
#*************   chi**2/iteration =  18.95       ****************


#********** Integration by Vegas (iteration       4) ************
#                                                               *
#  integral  =  2676.3686       accum. integral =  2675.3093    *
#  std. dev. =  4.6663457       accum. std. dev =  4.2584410    *
#   min/max. wt. =    0.00000            0.590939               *
#                                                               *
#*************   chi**2/iteration =  12.57       ****************


#********** Integration by Vegas (iteration       5) ************
#                                                               *
#  integral  =  2680.5855       accum. integral =  2680.1738    *
#  std. dev. =  1.3372635       accum. std. dev =  1.2090282    *
#   min/max. wt. =    0.00000            0.180937               *
#                                                               *
#*************   chi**2/iteration =  9.467       ****************


#********** Integration by Vegas (iteration       6) ************
#                                                               *
#  integral  =  2676.9694       accum. integral =  2678.1082    *
#  std. dev. = 0.95207324       accum. std. dev = 0.72819429    *
#   min/max. wt. =    0.00000            0.476690E-01           *
#                                                               *
#*************   chi**2/iteration =  8.307       ****************


#********** Integration by Vegas (iteration       7) ************
#                                                               *
#  integral  =  2679.0204       accum. integral =  2678.5097    *
#  std. dev. = 0.86273284       accum. std. dev = 0.54886566    *
#   min/max. wt. =    0.00000            0.103048               *
#                                                               *
#*************   chi**2/iteration =  6.935       ****************


#********** Integration by Vegas (iteration       8) ************
#                                                               *
#  integral  =  2677.9815       accum. integral =  2678.3416    *
#  std. dev. = 0.83756351       accum. std. dev = 0.45566061    *
#   min/max. wt. =    0.00000            0.457745E-01           *
#                                                               *
#*************   chi**2/iteration =  5.922       ****************


#********** Integration by Vegas (iteration       9) ************
#                                                               *
#  integral  =  2677.3425       accum. integral =  2678.0958    *
#  std. dev. = 0.82674232       accum. std. dev = 0.39727731    *
#   min/max. wt. =    0.00000            0.322273E-01           *
#                                                               *
#*************   chi**2/iteration =  5.286       ****************


#********** Integration by Vegas (iteration      10) ************
#                                                               *
#  integral  =  2680.1127       accum. integral =  2678.4965    *
#  std. dev. = 0.82444903       accum. std. dev = 0.35683039    *
#   min/max. wt. =    0.00000            0.357092E-01           *
#                                                               *
#*************   chi**2/iteration =  5.232       ****************


#********** Integration by Vegas (iteration      11) ************
#                                                               *
#  integral  =  2677.4057       accum. integral =  2678.3165    *
#  std. dev. = 0.82570030       accum. std. dev = 0.32692017    *
#   min/max. wt. =    0.00000            0.212038E-01           *
#                                                               *
#*************   chi**2/iteration =  4.838       ****************


#********** Integration by Vegas (iteration      12) ************
#                                                               *
#  integral  =  2679.3009       accum. integral =  2678.4523    *
#  std. dev. = 0.83926059       accum. std. dev = 0.30422584    *
#   min/max. wt. =    0.00000            0.363191E-01           *
#                                                               *
#*************   chi**2/iteration =  4.491       ****************


#********** Integration by Vegas (iteration      13) ************
#                                                               *
#  integral  =  2677.8274       accum. integral =  2678.3772    *
#  std. dev. = 0.84338712       accum. std. dev = 0.28591260    *
#   min/max. wt. =    0.00000            0.586133E-01           *
#                                                               *
#*************   chi**2/iteration =  4.144       ****************


#********** Integration by Vegas (iteration      14) ************
#                                                               *
#  integral  =  2677.5367       accum. integral =  2678.2890    *
#  std. dev. = 0.85300148       accum. std. dev = 0.27091235    *
#   min/max. wt. =    0.00000            0.278581E-01           *
#                                                               *
#*************   chi**2/iteration =  3.882       ****************


#********** Integration by Vegas (iteration      15) ************
#                                                               *
#  integral  =  2679.5435       accum. integral =  2678.4025    *
#  std. dev. = 0.87680594       accum. std. dev = 0.25872605    *
#   min/max. wt. =    0.00000            0.579786E-01           *
#                                                               *
#*************   chi**2/iteration =  3.733       ****************


  Input parameters for vegas:  ndim=  9   ncall= 80707214.
                              it=    0    itmx=    2
                              acc=-1.00    
                              mds=  1     nd=  50
                              (xl,xu)= (  0.00000     ,  1.00000     )
                                       (  0.00000     ,  1.00000     )
                                       (  0.00000     ,  1.00000     )
                                       (  0.00000     ,  1.00000     )
                                       (  0.00000     ,  1.00000     )
                                       (  0.00000     ,  1.00000     )
                                       (  0.00000     ,  1.00000     )
                                       (  0.00000     ,  1.00000     )
                                       (  0.00000     ,  1.00000     )

#********** Integration by Vegas (iteration       1) ************
#                                                               *
#  integral  =  2678.8441       accum. integral =  2678.8441    *
#  std. dev. = 0.89104146       accum. std. dev = 0.89104146    *
#   min/max. wt. =    0.00000            0.474795E-01           *
#                                                               *
#*************   chi**2/iteration =  0.000       ****************


#********** Integration by Vegas (iteration       2) ************
#                                                               *
#  integral  =  2679.2384       accum. integral =  2679.0387    *
#  std. dev. = 0.90256766       accum. std. dev = 0.63409790    *
#   min/max. wt. =    0.00000            0.334256E-01           *
#                                                               *
#*************   chi**2/iteration = 0.9655E-01   ****************

 Done
