SLURM job running in:  /scratch/groups/lhc/park/JHUGen/JHUGenerator
LHAPDF 6.1.5 loading /work-zfs/lhc/cms/slc6_amd64_gcc493/external/lhapdf/6.1.5-kpegke3/share/LHAPDF/NNPDF30_lo_as_0130/NNPDF30_lo_as_0130_0000.dat
NNPDF30_lo_as_0130 PDF set, member #0, version 2; LHAPDF ID = 263000
 extending no. of histograms for vbf tests
 
                                                                                          
   ***************************************************************************************
   *                                JHU Generator v6.9.3                                 *
   ***************************************************************************************
   *                                                                                     *
   *   Spin and parity determination of single-produced resonances at hadron colliders   *
   *                                                                                     *
   *          I. Anderson, S. Bolognesi, F. Caola, Y. Gao, A. Gritsan, Z. Guo,           *
   *        C. Martin, K. Melnikov, R.Rontsch, H. Roskes, U. Sarica, M. Schulze,         *
   *                   N. Tran, A. Whitbeck, M. Xiao, C. You, Y. Zhou                    *
   *                Phys.Rev. D81 (2010) 075022;  arXiv:1001.3396 [hep-ph],              *
   *                Phys.Rev. D86 (2012) 095031;  arXiv:1208.4018 [hep-ph],              *
   *                Phys.Rev. D89 (2014) 035007;  arXiv:1309.4819 [hep-ph].              *
   *                                                                                     *
   ***************************************************************************************
                                                                                          
   
   Command line: ./JHUGen Unweighted=0 VegasNc0=99999999 VegasNc1=99999999 VegasNc2=99999999 LHAPDF=NNPDF30_lo_as_0130/NNPDF30_lo_as_0130.info MReso=655 ghz1=0,0 ghz2=1,0 Process=60 pTjetcut=0 deltaRcut=0
   
   Input Parameter:
    Collider: P-P, sqrt(s)=13000.00
    Resonance: spin=0, mass= 655.00 width=   0.00407
    Z-boson: mass=91.188, width=2.4952
    W-boson: mass=80.399, width=2.0850
    Jet cuts:
            pT >=     0.00 GeV
        DeltaR >=     0.00
           mJJ >=     0.00 GeV
    Random seed:   888192777
    To reproduce results using this seed, JHUGen should be compiled with the same compiler:
      GNU Fortran (GCC) 4.9.3
    
    WidthScheme:   2
    LHAPDF set NNPDF30_lo_as_0130/NNPDF30_lo_as_0130.info, member=  0
    Unweighted: F
    
    spin-0-VV couplings: 
      generate_as=F
      ghg2=  0.10000000E+01  0.00000000E+00i
      ghg3=  0.00000000E+00  0.00000000E+00i
      ghg4=  0.00000000E+00  0.00000000E+00i
      ghz1=  0.00000000E+00  0.00000000E+00i
      ghz2=  0.10000000E+01  0.00000000E+00i
      ghz3=  0.00000000E+00  0.00000000E+00i
      ghz4=  0.00000000E+00  0.00000000E+00i
      Lambda=  1000.0
    
    LHE output: ./data/output.lhe
    Histogram output: ./data/output.dat
    Log file: ./data/output.log
    
  Running

  Input parameters for vegas:  ndim=  9   ncall= 80707214.
                              it=    0    itmx=   15
                              acc=-1.00    
                              mds=  1     nd=  50
                              (xl,xu)= (  0.00000     ,  1.00000     )
                                       (  0.00000     ,  1.00000     )
                                       (  0.00000     ,  1.00000     )
                                       (  0.00000     ,  1.00000     )
                                       (  0.00000     ,  1.00000     )
                                       (  0.00000     ,  1.00000     )
                                       (  0.00000     ,  1.00000     )
                                       (  0.00000     ,  1.00000     )
                                       (  0.00000     ,  1.00000     )

#********** Integration by Vegas (iteration       1) ************
#                                                               *
#  integral  =  2919.4506       accum. integral =  2919.4506    *
#  std. dev. =  633.65958       accum. std. dev =  633.65958    *
#   min/max. wt. =    0.00000             492.558               *
#                                                               *
#*************   chi**2/iteration =  0.000       ****************


#********** Integration by Vegas (iteration       2) ************
#                                                               *
#  integral  =  2502.5050       accum. integral =  2518.4631    *
#  std. dev. =  108.35664       accum. std. dev =  115.45495    *
#   min/max. wt. =    0.00000             79.3327               *
#                                                               *
#*************   chi**2/iteration = 0.4796       ****************


#********** Integration by Vegas (iteration       3) ************
#                                                               *
#  integral  =  2557.3167       accum. integral =  2556.6356    *
#  std. dev. =  14.504822       accum. std. dev =  14.989171    *
#   min/max. wt. =    0.00000             7.86564               *
#                                                               *
#*************   chi**2/iteration = 0.3073       ****************


#********** Integration by Vegas (iteration       4) ************
#                                                               *
#  integral  =  2582.9497       accum. integral =  2582.1169    *
#  std. dev. =  2.6251373       accum. std. dev =  2.6459427    *
#   min/max. wt. =    0.00000            0.614079               *
#                                                               *
#*************   chi**2/iteration =  1.218       ****************


#********** Integration by Vegas (iteration       5) ************
#                                                               *
#  integral  =  2578.6229       accum. integral =  2579.1513    *
#  std. dev. =  1.0886358       accum. std. dev =  1.0238395    *
#   min/max. wt. =    0.00000            0.720923E-01           *
#                                                               *
#*************   chi**2/iteration =  1.297       ****************


#********** Integration by Vegas (iteration       6) ************
#                                                               *
#  integral  =  2581.1074       accum. integral =  2580.0608    *
#  std. dev. =  1.0768737       accum. std. dev = 0.74648077    *
#   min/max. wt. =    0.00000            0.639906               *
#                                                               *
#*************   chi**2/iteration =  1.386       ****************


#********** Integration by Vegas (iteration       7) ************
#                                                               *
#  integral  =  2577.9290       accum. integral =  2579.2957    *
#  std. dev. = 0.98023968       accum. std. dev = 0.59621896    *
#   min/max. wt. =    0.00000            0.274926E-01           *
#                                                               *
#*************   chi**2/iteration =  1.651       ****************


#********** Integration by Vegas (iteration       8) ************
#                                                               *
#  integral  =  2580.4962       accum. integral =  2579.6968    *
#  std. dev. = 0.82982689       accum. std. dev = 0.48567075    *
#   min/max. wt. =    0.00000            0.169603E-01           *
#                                                               *
#*************   chi**2/iteration =  1.614       ****************


#********** Integration by Vegas (iteration       9) ************
#                                                               *
#  integral  =  2580.5334       accum. integral =  2579.9193    *
#  std. dev. = 0.79693516       accum. std. dev = 0.41554244    *
#   min/max. wt. =    0.00000            0.382042E-01           *
#                                                               *
#*************   chi**2/iteration =  1.515       ****************


#********** Integration by Vegas (iteration      10) ************
#                                                               *
#  integral  =  2579.1079       accum. integral =  2579.7474    *
#  std. dev. = 0.79234621       accum. std. dev = 0.36849512    *
#   min/max. wt. =    0.00000            0.426597E-01           *
#                                                               *
#*************   chi**2/iteration =  1.440       ****************


#********** Integration by Vegas (iteration      11) ************
#                                                               *
#  integral  =  2580.6911       accum. integral =  2579.9135    *
#  std. dev. = 0.78950527       accum. std. dev = 0.33420174    *
#   min/max. wt. =    0.00000            0.221085E-01           *
#                                                               *
#*************   chi**2/iteration =  1.414       ****************


#********** Integration by Vegas (iteration      12) ************
#                                                               *
#  integral  =  2579.4330       accum. integral =  2579.8424    *
#  std. dev. = 0.79450503       accum. std. dev = 0.30825109    *
#   min/max. wt. =    0.00000            0.402950E-01           *
#                                                               *
#*************   chi**2/iteration =  1.315       ****************


#********** Integration by Vegas (iteration      13) ************
#                                                               *
#  integral  =  2579.3394       accum. integral =  2579.7778    *
#  std. dev. = 0.79559435       accum. std. dev = 0.28756437    *
#   min/max. wt. =    0.00000            0.333336E-01           *
#                                                               *
#*************   chi**2/iteration =  1.236       ****************


#********** Integration by Vegas (iteration      14) ************
#                                                               *
#  integral  =  2579.6220       accum. integral =  2579.7604    *
#  std. dev. = 0.80482004       accum. std. dev = 0.27088686    *
#   min/max. wt. =    0.00000            0.492850E-01           *
#                                                               *
#*************   chi**2/iteration =  1.144       ****************


#********** Integration by Vegas (iteration      15) ************
#                                                               *
#  integral  =  2579.5179       accum. integral =  2579.7362    *
#  std. dev. = 0.80810862       accum. std. dev = 0.25690576    *
#   min/max. wt. =    0.00000            0.210443E-01           *
#                                                               *
#*************   chi**2/iteration =  1.069       ****************


  Input parameters for vegas:  ndim=  9   ncall= 80707214.
                              it=    0    itmx=    2
                              acc=-1.00    
                              mds=  1     nd=  50
                              (xl,xu)= (  0.00000     ,  1.00000     )
                                       (  0.00000     ,  1.00000     )
                                       (  0.00000     ,  1.00000     )
                                       (  0.00000     ,  1.00000     )
                                       (  0.00000     ,  1.00000     )
                                       (  0.00000     ,  1.00000     )
                                       (  0.00000     ,  1.00000     )
                                       (  0.00000     ,  1.00000     )
                                       (  0.00000     ,  1.00000     )

#********** Integration by Vegas (iteration       1) ************
#                                                               *
#  integral  =  2579.6869       accum. integral =  2579.6869    *
#  std. dev. = 0.81370182       accum. std. dev = 0.81370182    *
#   min/max. wt. =    0.00000            0.452281E-01           *
#                                                               *
#*************   chi**2/iteration =  0.000       ****************


#********** Integration by Vegas (iteration       2) ************
#                                                               *
#  integral  =  2579.4279       accum. integral =  2579.5590    *
#  std. dev. = 0.82400732       accum. std. dev = 0.57898286    *
#   min/max. wt. =    0.00000            0.250970E-01           *
#                                                               *
#*************   chi**2/iteration = 0.4997E-01   ****************

 Done
