SLURM job running in:  /scratch/groups/lhc/park/JHUGen/JHUGenerator
LHAPDF 6.1.5 loading /work-zfs/lhc/cms/slc6_amd64_gcc493/external/lhapdf/6.1.5-kpegke3/share/LHAPDF/NNPDF30_lo_as_0130/NNPDF30_lo_as_0130_0000.dat
NNPDF30_lo_as_0130 PDF set, member #0, version 2; LHAPDF ID = 263000
 extending no. of histograms for vbf tests
 
                                                                                          
   ***************************************************************************************
   *                                JHU Generator v6.9.3                                 *
   ***************************************************************************************
   *                                                                                     *
   *   Spin and parity determination of single-produced resonances at hadron colliders   *
   *                                                                                     *
   *          I. Anderson, S. Bolognesi, F. Caola, Y. Gao, A. Gritsan, Z. Guo,           *
   *        C. Martin, K. Melnikov, R.Rontsch, H. Roskes, U. Sarica, M. Schulze,         *
   *                   N. Tran, A. Whitbeck, M. Xiao, C. You, Y. Zhou                    *
   *                Phys.Rev. D81 (2010) 075022;  arXiv:1001.3396 [hep-ph],              *
   *                Phys.Rev. D86 (2012) 095031;  arXiv:1208.4018 [hep-ph],              *
   *                Phys.Rev. D89 (2014) 035007;  arXiv:1309.4819 [hep-ph].              *
   *                                                                                     *
   ***************************************************************************************
                                                                                          
   
   Command line: ./JHUGen Unweighted=0 VegasNc0=99999999 VegasNc1=99999999 VegasNc2=99999999 LHAPDF=NNPDF30_lo_as_0130/NNPDF30_lo_as_0130.info MReso=675 ghz1=0,0 ghz2=1,0 Process=60 pTjetcut=0 deltaRcut=0
   
   Input Parameter:
    Collider: P-P, sqrt(s)=13000.00
    Resonance: spin=0, mass= 675.00 width=   0.00407
    Z-boson: mass=91.188, width=2.4952
    W-boson: mass=80.399, width=2.0850
    Jet cuts:
            pT >=     0.00 GeV
        DeltaR >=     0.00
           mJJ >=     0.00 GeV
    Random seed:   299548501
    To reproduce results using this seed, JHUGen should be compiled with the same compiler:
      GNU Fortran (GCC) 4.9.3
    
    WidthScheme:   2
    LHAPDF set NNPDF30_lo_as_0130/NNPDF30_lo_as_0130.info, member=  0
    Unweighted: F
    
    spin-0-VV couplings: 
      generate_as=F
      ghg2=  0.10000000E+01  0.00000000E+00i
      ghg3=  0.00000000E+00  0.00000000E+00i
      ghg4=  0.00000000E+00  0.00000000E+00i
      ghz1=  0.00000000E+00  0.00000000E+00i
      ghz2=  0.10000000E+01  0.00000000E+00i
      ghz3=  0.00000000E+00  0.00000000E+00i
      ghz4=  0.00000000E+00  0.00000000E+00i
      Lambda=  1000.0
    
    LHE output: ./data/output.lhe
    Histogram output: ./data/output.dat
    Log file: ./data/output.log
    
  Running

  Input parameters for vegas:  ndim=  9   ncall= 80707214.
                              it=    0    itmx=   15
                              acc=-1.00    
                              mds=  1     nd=  50
                              (xl,xu)= (  0.00000     ,  1.00000     )
                                       (  0.00000     ,  1.00000     )
                                       (  0.00000     ,  1.00000     )
                                       (  0.00000     ,  1.00000     )
                                       (  0.00000     ,  1.00000     )
                                       (  0.00000     ,  1.00000     )
                                       (  0.00000     ,  1.00000     )
                                       (  0.00000     ,  1.00000     )
                                       (  0.00000     ,  1.00000     )

#********** Integration by Vegas (iteration       1) ************
#                                                               *
#  integral  =  2009.2691       accum. integral =  2009.2691    *
#  std. dev. =  193.98530       accum. std. dev =  193.98530    *
#   min/max. wt. =    0.00000             148.533               *
#                                                               *
#*************   chi**2/iteration =  0.000       ****************


#********** Integration by Vegas (iteration       2) ************
#                                                               *
#  integral  =  2308.3287       accum. integral =  2262.0243    *
#  std. dev. =  95.387134       accum. std. dev =  82.208130    *
#   min/max. wt. =    0.00000             89.2646               *
#                                                               *
#*************   chi**2/iteration =  1.730       ****************


#********** Integration by Vegas (iteration       3) ************
#                                                               *
#  integral  =  2455.1223       accum. integral =  2428.4321    *
#  std. dev. =  37.352961       accum. std. dev =  31.992878    *
#   min/max. wt. =    0.00000             34.9712               *
#                                                               *
#*************   chi**2/iteration =  2.958       ****************


#********** Integration by Vegas (iteration       4) ************
#                                                               *
#  integral  =  2451.2311       accum. integral =  2450.8187    *
#  std. dev. =  4.6989926       accum. std. dev =  4.3939059    *
#   min/max. wt. =    0.00000             1.02166               *
#                                                               *
#*************   chi**2/iteration =  2.051       ****************


#********** Integration by Vegas (iteration       5) ************
#                                                               *
#  integral  =  2455.0448       accum. integral =  2454.7820    *
#  std. dev. =  1.2009616       accum. std. dev =  1.1095479    *
#   min/max. wt. =    0.00000            0.913012E-01           *
#                                                               *
#*************   chi**2/iteration =  1.712       ****************


#********** Integration by Vegas (iteration       6) ************
#                                                               *
#  integral  =  2454.8510       accum. integral =  2454.8268    *
#  std. dev. = 0.85378801       accum. std. dev = 0.66200405    *
#   min/max. wt. =    0.00000            0.686076E-01           *
#                                                               *
#*************   chi**2/iteration =  1.348       ****************


#********** Integration by Vegas (iteration       7) ************
#                                                               *
#  integral  =  2455.6506       accum. integral =  2455.1866    *
#  std. dev. = 0.78190978       accum. std. dev = 0.49974329    *
#   min/max. wt. =    0.00000            0.944100E-01           *
#                                                               *
#*************   chi**2/iteration =  1.222       ****************


#********** Integration by Vegas (iteration       8) ************
#                                                               *
#  integral  =  2456.8101       accum. integral =  2455.6913    *
#  std. dev. = 0.76965246       accum. std. dev = 0.41666388    *
#   min/max. wt. =    0.00000            0.590528E-01           *
#                                                               *
#*************   chi**2/iteration =  1.503       ****************


#********** Integration by Vegas (iteration       9) ************
#                                                               *
#  integral  =  2454.4093       accum. integral =  2455.3815    *
#  std. dev. = 0.75944346       accum. std. dev = 0.36402250    *
#   min/max. wt. =    0.00000            0.234942E-01           *
#                                                               *
#*************   chi**2/iteration =  1.591       ****************


#********** Integration by Vegas (iteration      10) ************
#                                                               *
#  integral  =  2455.2370       accum. integral =  2455.3535    *
#  std. dev. = 0.76173062       accum. std. dev = 0.32770974    *
#   min/max. wt. =    0.00000            0.280466E-01           *
#                                                               *
#*************   chi**2/iteration =  1.410       ****************


#********** Integration by Vegas (iteration      11) ************
#                                                               *
#  integral  =  2453.7906       accum. integral =  2455.1023    *
#  std. dev. = 0.76583581       accum. std. dev = 0.30084689    *
#   min/max. wt. =    0.00000            0.221286E-01           *
#                                                               *
#*************   chi**2/iteration =  1.628       ****************


#********** Integration by Vegas (iteration      12) ************
#                                                               *
#  integral  =  2454.1777       accum. integral =  2454.9766    *
#  std. dev. = 0.77413221       accum. std. dev = 0.28013653    *
#   min/max. wt. =    0.00000            0.409941E-01           *
#                                                               *
#*************   chi**2/iteration =  1.591       ****************


#********** Integration by Vegas (iteration      13) ************
#                                                               *
#  integral  =  2456.0260       accum. integral =  2455.0996    *
#  std. dev. = 0.78378557       accum. std. dev = 0.26360380    *
#   min/max. wt. =    0.00000            0.435411E-01           *
#                                                               *
#*************   chi**2/iteration =  1.590       ****************


#********** Integration by Vegas (iteration      14) ************
#                                                               *
#  integral  =  2454.9114       accum. integral =  2455.0808    *
#  std. dev. = 0.80355839       accum. std. dev = 0.25035655    *
#   min/max. wt. =    0.00000            0.851569E-01           *
#                                                               *
#*************   chi**2/iteration =  1.468       ****************


#********** Integration by Vegas (iteration      15) ************
#                                                               *
#  integral  =  2456.0235       accum. integral =  2455.1658    *
#  std. dev. = 0.80825253       accum. std. dev = 0.23906227    *
#   min/max. wt. =    0.00000            0.293961E-01           *
#                                                               *
#*************   chi**2/iteration =  1.452       ****************


  Input parameters for vegas:  ndim=  9   ncall= 80707214.
                              it=    0    itmx=    2
                              acc=-1.00    
                              mds=  1     nd=  50
                              (xl,xu)= (  0.00000     ,  1.00000     )
                                       (  0.00000     ,  1.00000     )
                                       (  0.00000     ,  1.00000     )
                                       (  0.00000     ,  1.00000     )
                                       (  0.00000     ,  1.00000     )
                                       (  0.00000     ,  1.00000     )
                                       (  0.00000     ,  1.00000     )
                                       (  0.00000     ,  1.00000     )
                                       (  0.00000     ,  1.00000     )

#********** Integration by Vegas (iteration       1) ************
#                                                               *
#  integral  =  2456.3556       accum. integral =  2456.3556    *
#  std. dev. = 0.81328685       accum. std. dev = 0.81328685    *
#   min/max. wt. =    0.00000            0.343473E-01           *
#                                                               *
#*************   chi**2/iteration =  0.000       ****************


#********** Integration by Vegas (iteration       2) ************
#                                                               *
#  integral  =  2453.8168       accum. integral =  2455.0777    *
#  std. dev. = 0.80698352       accum. std. dev = 0.57284138    *
#   min/max. wt. =    0.00000            0.339409E-01           *
#                                                               *
#*************   chi**2/iteration =  4.905       ****************

 Done
