SLURM job running in:  /scratch/groups/lhc/park/JHUGen/JHUGenerator
LHAPDF 6.1.5 loading /work-zfs/lhc/cms/slc6_amd64_gcc493/external/lhapdf/6.1.5-kpegke3/share/LHAPDF/NNPDF30_lo_as_0130/NNPDF30_lo_as_0130_0000.dat
NNPDF30_lo_as_0130 PDF set, member #0, version 2; LHAPDF ID = 263000
 extending no. of histograms for vbf tests
 
                                                                                          
   ***************************************************************************************
   *                                JHU Generator v6.9.3                                 *
   ***************************************************************************************
   *                                                                                     *
   *   Spin and parity determination of single-produced resonances at hadron colliders   *
   *                                                                                     *
   *          I. Anderson, S. Bolognesi, F. Caola, Y. Gao, A. Gritsan, Z. Guo,           *
   *        C. Martin, K. Melnikov, R.Rontsch, H. Roskes, U. Sarica, M. Schulze,         *
   *                   N. Tran, A. Whitbeck, M. Xiao, C. You, Y. Zhou                    *
   *                Phys.Rev. D81 (2010) 075022;  arXiv:1001.3396 [hep-ph],              *
   *                Phys.Rev. D86 (2012) 095031;  arXiv:1208.4018 [hep-ph],              *
   *                Phys.Rev. D89 (2014) 035007;  arXiv:1309.4819 [hep-ph].              *
   *                                                                                     *
   ***************************************************************************************
                                                                                          
   
   Command line: ./JHUGen Unweighted=0 VegasNc0=99999999 VegasNc1=99999999 VegasNc2=99999999 LHAPDF=NNPDF30_lo_as_0130/NNPDF30_lo_as_0130.info MReso=870 ghz1=0,0 ghz2=1,0 Process=60 pTjetcut=0 deltaRcut=0
   
   Input Parameter:
    Collider: P-P, sqrt(s)=13000.00
    Resonance: spin=0, mass= 870.00 width=   0.00407
    Z-boson: mass=91.188, width=2.4952
    W-boson: mass=80.399, width=2.0850
    Jet cuts:
            pT >=     0.00 GeV
        DeltaR >=     0.00
           mJJ >=     0.00 GeV
    Random seed:   848622248
    To reproduce results using this seed, JHUGen should be compiled with the same compiler:
      GNU Fortran (GCC) 4.9.3
    
    WidthScheme:   2
    LHAPDF set NNPDF30_lo_as_0130/NNPDF30_lo_as_0130.info, member=  0
    Unweighted: F
    
    spin-0-VV couplings: 
      generate_as=F
      ghg2=  0.10000000E+01  0.00000000E+00i
      ghg3=  0.00000000E+00  0.00000000E+00i
      ghg4=  0.00000000E+00  0.00000000E+00i
      ghz1=  0.00000000E+00  0.00000000E+00i
      ghz2=  0.10000000E+01  0.00000000E+00i
      ghz3=  0.00000000E+00  0.00000000E+00i
      ghz4=  0.00000000E+00  0.00000000E+00i
      Lambda=  1000.0
    
    LHE output: ./data/output.lhe
    Histogram output: ./data/output.dat
    Log file: ./data/output.log
    
  Running

  Input parameters for vegas:  ndim=  9   ncall= 80707214.
                              it=    0    itmx=   15
                              acc=-1.00    
                              mds=  1     nd=  50
                              (xl,xu)= (  0.00000     ,  1.00000     )
                                       (  0.00000     ,  1.00000     )
                                       (  0.00000     ,  1.00000     )
                                       (  0.00000     ,  1.00000     )
                                       (  0.00000     ,  1.00000     )
                                       (  0.00000     ,  1.00000     )
                                       (  0.00000     ,  1.00000     )
                                       (  0.00000     ,  1.00000     )
                                       (  0.00000     ,  1.00000     )

#********** Integration by Vegas (iteration       1) ************
#                                                               *
#  integral  =  1152.3027       accum. integral =  1152.3027    *
#  std. dev. =  71.920065       accum. std. dev =  71.920065    *
#   min/max. wt. =    0.00000             43.3701               *
#                                                               *
#*************   chi**2/iteration =  0.000       ****************


#********** Integration by Vegas (iteration       2) ************
#                                                               *
#  integral  =  1450.8911       accum. integral =  1401.3187    *
#  std. dev. =  40.404023       accum. std. dev =  33.318212    *
#   min/max. wt. =    0.00000             24.8588               *
#                                                               *
#*************   chi**2/iteration =  11.11       ****************


#********** Integration by Vegas (iteration       3) ************
#                                                               *
#  integral  =  1549.0526       accum. integral =  1541.1942    *
#  std. dev. =  9.3374728       accum. std. dev =  8.1782207    *
#   min/max. wt. =    0.00000             4.58008               *
#                                                               *
#*************   chi**2/iteration =  13.12       ****************


#********** Integration by Vegas (iteration       4) ************
#                                                               *
#  integral  =  1555.2323       accum. integral =  1554.8110    *
#  std. dev. =  1.6045154       accum. std. dev =  1.4593538    *
#   min/max. wt. =    0.00000            0.425217               *
#                                                               *
#*************   chi**2/iteration =  9.142       ****************


#********** Integration by Vegas (iteration       5) ************
#                                                               *
#  integral  =  1554.7962       accum. integral =  1554.7984    *
#  std. dev. = 0.65903745       accum. std. dev = 0.57143474    *
#   min/max. wt. =    0.00000            0.492194E-01           *
#                                                               *
#*************   chi**2/iteration =  6.629       ****************


#********** Integration by Vegas (iteration       6) ************
#                                                               *
#  integral  =  1556.8638       accum. integral =  1555.9816    *
#  std. dev. = 0.52589342       accum. std. dev = 0.37766844    *
#   min/max. wt. =    0.00000            0.107959               *
#                                                               *
#*************   chi**2/iteration =  6.650       ****************


#********** Integration by Vegas (iteration       7) ************
#                                                               *
#  integral  =  1556.1198       accum. integral =  1556.0371    *
#  std. dev. = 0.48549007       accum. std. dev = 0.29439374    *
#   min/max. wt. =    0.00000            0.157897E-01           *
#                                                               *
#*************   chi**2/iteration =  5.465       ****************


#********** Integration by Vegas (iteration       8) ************
#                                                               *
#  integral  =  1556.2700       accum. integral =  1556.1080    *
#  std. dev. = 0.46540731       accum. std. dev = 0.24698246    *
#   min/max. wt. =    0.00000            0.134786E-01           *
#                                                               *
#*************   chi**2/iteration =  4.657       ****************


#********** Integration by Vegas (iteration       9) ************
#                                                               *
#  integral  =  1555.7696       accum. integral =  1556.0281    *
#  std. dev. = 0.46151044       accum. std. dev = 0.21680855    *
#   min/max. wt. =    0.00000            0.393626E-01           *
#                                                               *
#*************   chi**2/iteration =  4.094       ****************


#********** Integration by Vegas (iteration      10) ************
#                                                               *
#  integral  =  1556.2968       accum. integral =  1556.0801    *
#  std. dev. = 0.45766506       accum. std. dev = 0.19536331    *
#   min/max. wt. =    0.00000            0.170433E-01           *
#                                                               *
#*************   chi**2/iteration =  3.647       ****************


#********** Integration by Vegas (iteration      11) ************
#                                                               *
#  integral  =  1556.0201       accum. integral =  1556.0704    *
#  std. dev. = 0.45837815       accum. std. dev = 0.17936860    *
#   min/max. wt. =    0.00000            0.164738E-01           *
#                                                               *
#*************   chi**2/iteration =  3.265       ****************


#********** Integration by Vegas (iteration      12) ************
#                                                               *
#  integral  =  1556.3377       accum. integral =  1556.1074    *
#  std. dev. = 0.46004598       accum. std. dev = 0.16688434    *
#   min/max. wt. =    0.00000            0.122643E-01           *
#                                                               *
#*************   chi**2/iteration =  2.982       ****************


#********** Integration by Vegas (iteration      13) ************
#                                                               *
#  integral  =  1555.8046       accum. integral =  1556.0710    *
#  std. dev. = 0.46276352       accum. std. dev = 0.15683440    *
#   min/max. wt. =    0.00000            0.204736E-01           *
#                                                               *
#*************   chi**2/iteration =  2.756       ****************


#********** Integration by Vegas (iteration      14) ************
#                                                               *
#  integral  =  1556.0361       accum. integral =  1556.0673    *
#  std. dev. = 0.46567453       accum. std. dev = 0.14852384    *
#   min/max. wt. =    0.00000            0.253081E-01           *
#                                                               *
#*************   chi**2/iteration =  2.535       ****************


#********** Integration by Vegas (iteration      15) ************
#                                                               *
#  integral  =  1555.0792       accum. integral =  1555.9725    *
#  std. dev. = 0.46572969       accum. std. dev = 0.14142504    *
#   min/max. wt. =    0.00000            0.135670E-01           *
#                                                               *
#*************   chi**2/iteration =  2.650       ****************


  Input parameters for vegas:  ndim=  9   ncall= 80707214.
                              it=    0    itmx=    2
                              acc=-1.00    
                              mds=  1     nd=  50
                              (xl,xu)= (  0.00000     ,  1.00000     )
                                       (  0.00000     ,  1.00000     )
                                       (  0.00000     ,  1.00000     )
                                       (  0.00000     ,  1.00000     )
                                       (  0.00000     ,  1.00000     )
                                       (  0.00000     ,  1.00000     )
                                       (  0.00000     ,  1.00000     )
                                       (  0.00000     ,  1.00000     )
                                       (  0.00000     ,  1.00000     )

#********** Integration by Vegas (iteration       1) ************
#                                                               *
#  integral  =  1554.5147       accum. integral =  1554.5147    *
#  std. dev. = 0.46937843       accum. std. dev = 0.46937843    *
#   min/max. wt. =    0.00000            0.190053E-01           *
#                                                               *
#*************   chi**2/iteration =  0.000       ****************


#********** Integration by Vegas (iteration       2) ************
#                                                               *
#  integral  =  1556.1104       accum. integral =  1555.2987    *
#  std. dev. = 0.47809921       accum. std. dev = 0.33494453    *
#   min/max. wt. =    0.00000            0.211328E-01           *
#                                                               *
#*************   chi**2/iteration =  5.667       ****************

 Done
