SLURM job running in:  /scratch/groups/lhc/park/JHUGen/JHUGenerator
LHAPDF 6.1.5 loading /work-zfs/lhc/cms/slc6_amd64_gcc493/external/lhapdf/6.1.5-kpegke3/share/LHAPDF/NNPDF30_lo_as_0130/NNPDF30_lo_as_0130_0000.dat
NNPDF30_lo_as_0130 PDF set, member #0, version 2; LHAPDF ID = 263000
 extending no. of histograms for vbf tests
 
                                                                                          
   ***************************************************************************************
   *                                JHU Generator v6.9.3                                 *
   ***************************************************************************************
   *                                                                                     *
   *   Spin and parity determination of single-produced resonances at hadron colliders   *
   *                                                                                     *
   *          I. Anderson, S. Bolognesi, F. Caola, Y. Gao, A. Gritsan, Z. Guo,           *
   *        C. Martin, K. Melnikov, R.Rontsch, H. Roskes, U. Sarica, M. Schulze,         *
   *                   N. Tran, A. Whitbeck, M. Xiao, C. You, Y. Zhou                    *
   *                Phys.Rev. D81 (2010) 075022;  arXiv:1001.3396 [hep-ph],              *
   *                Phys.Rev. D86 (2012) 095031;  arXiv:1208.4018 [hep-ph],              *
   *                Phys.Rev. D89 (2014) 035007;  arXiv:1309.4819 [hep-ph].              *
   *                                                                                     *
   ***************************************************************************************
                                                                                          
   
   Command line: ./JHUGen Unweighted=0 VegasNc0=99999999 VegasNc1=99999999 VegasNc2=99999999 LHAPDF=NNPDF30_lo_as_0130/NNPDF30_lo_as_0130.info MReso=900 ghz1=0,0 ghz2=1,0 Process=60 pTjetcut=0 deltaRcut=0
   
   Input Parameter:
    Collider: P-P, sqrt(s)=13000.00
    Resonance: spin=0, mass= 900.00 width=   0.00407
    Z-boson: mass=91.188, width=2.4952
    W-boson: mass=80.399, width=2.0850
    Jet cuts:
            pT >=     0.00 GeV
        DeltaR >=     0.00
           mJJ >=     0.00 GeV
    Random seed:   461861666
    To reproduce results using this seed, JHUGen should be compiled with the same compiler:
      GNU Fortran (GCC) 4.9.3
    
    WidthScheme:   2
    LHAPDF set NNPDF30_lo_as_0130/NNPDF30_lo_as_0130.info, member=  0
    Unweighted: F
    
    spin-0-VV couplings: 
      generate_as=F
      ghg2=  0.10000000E+01  0.00000000E+00i
      ghg3=  0.00000000E+00  0.00000000E+00i
      ghg4=  0.00000000E+00  0.00000000E+00i
      ghz1=  0.00000000E+00  0.00000000E+00i
      ghz2=  0.10000000E+01  0.00000000E+00i
      ghz3=  0.00000000E+00  0.00000000E+00i
      ghz4=  0.00000000E+00  0.00000000E+00i
      Lambda=  1000.0
    
    LHE output: ./data/output.lhe
    Histogram output: ./data/output.dat
    Log file: ./data/output.log
    
  Running

  Input parameters for vegas:  ndim=  9   ncall= 80707214.
                              it=    0    itmx=   15
                              acc=-1.00    
                              mds=  1     nd=  50
                              (xl,xu)= (  0.00000     ,  1.00000     )
                                       (  0.00000     ,  1.00000     )
                                       (  0.00000     ,  1.00000     )
                                       (  0.00000     ,  1.00000     )
                                       (  0.00000     ,  1.00000     )
                                       (  0.00000     ,  1.00000     )
                                       (  0.00000     ,  1.00000     )
                                       (  0.00000     ,  1.00000     )
                                       (  0.00000     ,  1.00000     )

#********** Integration by Vegas (iteration       1) ************
#                                                               *
#  integral  =  1144.3841       accum. integral =  1144.3841    *
#  std. dev. =  187.92040       accum. std. dev =  187.92040    *
#   min/max. wt. =    0.00000             181.104               *
#                                                               *
#*************   chi**2/iteration =  0.000       ****************


#********** Integration by Vegas (iteration       2) ************
#                                                               *
#  integral  =  1359.9666       accum. integral =  1351.8861    *
#  std. dev. =  44.069400       accum. std. dev =  39.955970    *
#   min/max. wt. =    0.00000             20.8062               *
#                                                               *
#*************   chi**2/iteration =  1.049       ****************


#********** Integration by Vegas (iteration       3) ************
#                                                               *
#  integral  =  1452.9051       accum. integral =  1446.0778    *
#  std. dev. =  12.435648       accum. std. dev =  10.954260    *
#   min/max. wt. =    0.00000             7.09726               *
#                                                               *
#*************   chi**2/iteration =  3.150       ****************


#********** Integration by Vegas (iteration       4) ************
#                                                               *
#  integral  =  1458.1219       accum. integral =  1457.7975    *
#  std. dev. =  2.0052733       accum. std. dev =  1.8446874    *
#   min/max. wt. =    0.00000            0.328148               *
#                                                               *
#*************   chi**2/iteration =  2.368       ****************


#********** Integration by Vegas (iteration       5) ************
#                                                               *
#  integral  =  1456.8375       accum. integral =  1456.9354    *
#  std. dev. = 0.66576447       accum. std. dev = 0.59754231    *
#   min/max. wt. =    0.00000            0.913076E-01           *
#                                                               *
#*************   chi**2/iteration =  1.784       ****************


#********** Integration by Vegas (iteration       6) ************
#                                                               *
#  integral  =  1455.9153       accum. integral =  1456.3131    *
#  std. dev. = 0.50410377       accum. std. dev = 0.37664916    *
#   min/max. wt. =    0.00000            0.594824E-01           *
#                                                               *
#*************   chi**2/iteration =  1.750       ****************


#********** Integration by Vegas (iteration       7) ************
#                                                               *
#  integral  =  1454.9470       accum. integral =  1455.7308    *
#  std. dev. = 0.45650396       accum. std. dev = 0.28715279    *
#   min/max. wt. =    0.00000            0.149718E-01           *
#                                                               *
#*************   chi**2/iteration =  2.362       ****************


#********** Integration by Vegas (iteration       8) ************
#                                                               *
#  integral  =  1455.7105       accum. integral =  1455.7245    *
#  std. dev. = 0.44294001       accum. std. dev = 0.23936662    *
#   min/max. wt. =    0.00000            0.791250E-01           *
#                                                               *
#*************   chi**2/iteration =  2.005       ****************


#********** Integration by Vegas (iteration       9) ************
#                                                               *
#  integral  =  1455.5178       accum. integral =  1455.6732    *
#  std. dev. = 0.43091047       accum. std. dev = 0.20837920    *
#   min/max. wt. =    0.00000            0.246741E-01           *
#                                                               *
#*************   chi**2/iteration =  1.764       ****************


#********** Integration by Vegas (iteration      10) ************
#                                                               *
#  integral  =  1455.3526       accum. integral =  1455.6098    *
#  std. dev. = 0.43199516       accum. std. dev = 0.18719483    *
#   min/max. wt. =    0.00000            0.150469E-01           *
#                                                               *
#*************   chi**2/iteration =  1.611       ****************


#********** Integration by Vegas (iteration      11) ************
#                                                               *
#  integral  =  1456.0080       accum. integral =  1455.6743    *
#  std. dev. = 0.43723564       accum. std. dev = 0.17179064    *
#   min/max. wt. =    0.00000            0.164718E-01           *
#                                                               *
#*************   chi**2/iteration =  1.515       ****************


#********** Integration by Vegas (iteration      12) ************
#                                                               *
#  integral  =  1455.3413       accum. integral =  1455.6264    *
#  std. dev. = 0.42920776       accum. std. dev = 0.15928143    *
#   min/max. wt. =    0.00000            0.194499E-01           *
#                                                               *
#*************   chi**2/iteration =  1.421       ****************


#********** Integration by Vegas (iteration      13) ************
#                                                               *
#  integral  =  1455.7762       accum. integral =  1455.6448    *
#  std. dev. = 0.43573956       accum. std. dev = 0.14946430    *
#   min/max. wt. =    0.00000            0.169453E-01           *
#                                                               *
#*************   chi**2/iteration =  1.307       ****************


#********** Integration by Vegas (iteration      14) ************
#                                                               *
#  integral  =  1455.9567       accum. integral =  1455.6788    *
#  std. dev. = 0.43619223       accum. std. dev = 0.14129630    *
#   min/max. wt. =    0.00000            0.230964E-01           *
#                                                               *
#*************   chi**2/iteration =  1.240       ****************


#********** Integration by Vegas (iteration      15) ************
#                                                               *
#  integral  =  1455.8240       accum. integral =  1455.6928    *
#  std. dev. = 0.43992011       accum. std. dev = 0.13445935    *
#   min/max. wt. =    0.00000            0.155608E-01           *
#                                                               *
#*************   chi**2/iteration =  1.155       ****************


  Input parameters for vegas:  ndim=  9   ncall= 80707214.
                              it=    0    itmx=    2
                              acc=-1.00    
                              mds=  1     nd=  50
                              (xl,xu)= (  0.00000     ,  1.00000     )
                                       (  0.00000     ,  1.00000     )
                                       (  0.00000     ,  1.00000     )
                                       (  0.00000     ,  1.00000     )
                                       (  0.00000     ,  1.00000     )
                                       (  0.00000     ,  1.00000     )
                                       (  0.00000     ,  1.00000     )
                                       (  0.00000     ,  1.00000     )
                                       (  0.00000     ,  1.00000     )

#********** Integration by Vegas (iteration       1) ************
#                                                               *
#  integral  =  1455.0225       accum. integral =  1455.0225    *
#  std. dev. = 0.44428619       accum. std. dev = 0.44428619    *
#   min/max. wt. =    0.00000            0.199585E-01           *
#                                                               *
#*************   chi**2/iteration =  0.000       ****************


#********** Integration by Vegas (iteration       2) ************
#                                                               *
#  integral  =  1455.8330       accum. integral =  1455.4266    *
#  std. dev. = 0.44576408       accum. std. dev = 0.31467928    *
#   min/max. wt. =    0.00000            0.184785E-01           *
#                                                               *
#*************   chi**2/iteration =  1.657       ****************

 Done
