SLURM job running in:  /scratch/groups/lhc/park/JHUGen/JHUGenerator
LHAPDF 6.1.5 loading /work-zfs/lhc/cms/slc6_amd64_gcc493/external/lhapdf/6.1.5-kpegke3/share/LHAPDF/NNPDF30_lo_as_0130/NNPDF30_lo_as_0130_0000.dat
NNPDF30_lo_as_0130 PDF set, member #0, version 2; LHAPDF ID = 263000
 extending no. of histograms for vbf tests
 
                                                                                          
   ***************************************************************************************
   *                                JHU Generator v6.9.3                                 *
   ***************************************************************************************
   *                                                                                     *
   *   Spin and parity determination of single-produced resonances at hadron colliders   *
   *                                                                                     *
   *          I. Anderson, S. Bolognesi, F. Caola, Y. Gao, A. Gritsan, Z. Guo,           *
   *        C. Martin, K. Melnikov, R.Rontsch, H. Roskes, U. Sarica, M. Schulze,         *
   *                   N. Tran, A. Whitbeck, M. Xiao, C. You, Y. Zhou                    *
   *                Phys.Rev. D81 (2010) 075022;  arXiv:1001.3396 [hep-ph],              *
   *                Phys.Rev. D86 (2012) 095031;  arXiv:1208.4018 [hep-ph],              *
   *                Phys.Rev. D89 (2014) 035007;  arXiv:1309.4819 [hep-ph].              *
   *                                                                                     *
   ***************************************************************************************
                                                                                          
   
   Command line: ./JHUGen Unweighted=0 VegasNc0=99999999 VegasNc1=99999999 VegasNc2=99999999 LHAPDF=NNPDF30_lo_as_0130/NNPDF30_lo_as_0130.info MReso=925 ghz1=0,0 ghz2=1,0 Process=60 pTjetcut=0 deltaRcut=0
   
   Input Parameter:
    Collider: P-P, sqrt(s)=13000.00
    Resonance: spin=0, mass= 925.00 width=   0.00407
    Z-boson: mass=91.188, width=2.4952
    W-boson: mass=80.399, width=2.0850
    Jet cuts:
            pT >=     0.00 GeV
        DeltaR >=     0.00
           mJJ >=     0.00 GeV
    Random seed:   990134572
    To reproduce results using this seed, JHUGen should be compiled with the same compiler:
      GNU Fortran (GCC) 4.9.3
    
    WidthScheme:   2
    LHAPDF set NNPDF30_lo_as_0130/NNPDF30_lo_as_0130.info, member=  0
    Unweighted: F
    
    spin-0-VV couplings: 
      generate_as=F
      ghg2=  0.10000000E+01  0.00000000E+00i
      ghg3=  0.00000000E+00  0.00000000E+00i
      ghg4=  0.00000000E+00  0.00000000E+00i
      ghz1=  0.00000000E+00  0.00000000E+00i
      ghz2=  0.10000000E+01  0.00000000E+00i
      ghz3=  0.00000000E+00  0.00000000E+00i
      ghz4=  0.00000000E+00  0.00000000E+00i
      Lambda=  1000.0
    
    LHE output: ./data/output.lhe
    Histogram output: ./data/output.dat
    Log file: ./data/output.log
    
  Running

  Input parameters for vegas:  ndim=  9   ncall= 80707214.
                              it=    0    itmx=   15
                              acc=-1.00    
                              mds=  1     nd=  50
                              (xl,xu)= (  0.00000     ,  1.00000     )
                                       (  0.00000     ,  1.00000     )
                                       (  0.00000     ,  1.00000     )
                                       (  0.00000     ,  1.00000     )
                                       (  0.00000     ,  1.00000     )
                                       (  0.00000     ,  1.00000     )
                                       (  0.00000     ,  1.00000     )
                                       (  0.00000     ,  1.00000     )
                                       (  0.00000     ,  1.00000     )

#********** Integration by Vegas (iteration       1) ************
#                                                               *
#  integral  =  1586.1139       accum. integral =  1586.1139    *
#  std. dev. =  647.64114       accum. std. dev =  647.64114    *
#   min/max. wt. =    0.00000             645.216               *
#                                                               *
#*************   chi**2/iteration =  0.000       ****************


#********** Integration by Vegas (iteration       2) ************
#                                                               *
#  integral  =  1213.8560       accum. integral =  1216.3019    *
#  std. dev. =  40.308796       accum. std. dev =  46.744367    *
#   min/max. wt. =    0.00000             29.3275               *
#                                                               *
#*************   chi**2/iteration = 0.4136       ****************


#********** Integration by Vegas (iteration       3) ************
#                                                               *
#  integral  =  1391.3026       accum. integral =  1355.6864    *
#  std. dev. =  23.277663       accum. std. dev =  20.983889    *
#   min/max. wt. =    0.00000             17.7872               *
#                                                               *
#*************   chi**2/iteration =  5.843       ****************


#********** Integration by Vegas (iteration       4) ************
#                                                               *
#  integral  =  1375.5572       accum. integral =  1375.1980    *
#  std. dev. =  2.7865419       accum. std. dev =  2.8062013    *
#   min/max. wt. =    0.00000            0.520139               *
#                                                               *
#*************   chi**2/iteration =  4.234       ****************


#********** Integration by Vegas (iteration       5) ************
#                                                               *
#  integral  =  1377.0327       accum. integral =  1376.9319    *
#  std. dev. = 0.66666947       accum. std. dev = 0.65597545    *
#   min/max. wt. =    0.00000            0.867200E-01           *
#                                                               *
#*************   chi**2/iteration =  3.296       ****************


#********** Integration by Vegas (iteration       6) ************
#                                                               *
#  integral  =  1377.5623       accum. integral =  1377.3500    *
#  std. dev. = 0.46205686       accum. std. dev = 0.37997474    *
#   min/max. wt. =    0.00000            0.428011E-01           *
#                                                               *
#*************   chi**2/iteration =  2.770       ****************


#********** Integration by Vegas (iteration       7) ************
#                                                               *
#  integral  =  1378.4239       accum. integral =  1377.8076    *
#  std. dev. = 0.43696593       accum. std. dev = 0.28748293    *
#   min/max. wt. =    0.00000            0.369769E-01           *
#                                                               *
#*************   chi**2/iteration =  2.883       ****************


#********** Integration by Vegas (iteration       8) ************
#                                                               *
#  integral  =  1377.6913       accum. integral =  1377.7699    *
#  std. dev. = 0.41182059       accum. std. dev = 0.23612708    *
#   min/max. wt. =    0.00000            0.190934E-01           *
#                                                               *
#*************   chi**2/iteration =  2.484       ****************


#********** Integration by Vegas (iteration       9) ************
#                                                               *
#  integral  =  1377.3116       accum. integral =  1377.6578    *
#  std. dev. = 0.41184687       accum. std. dev = 0.20505900    *
#   min/max. wt. =    0.00000            0.187934E-01           *
#                                                               *
#*************   chi**2/iteration =  2.293       ****************


#********** Integration by Vegas (iteration      10) ************
#                                                               *
#  integral  =  1377.1128       accum. integral =  1377.5497    *
#  std. dev. = 0.40944902       accum. std. dev = 0.18347748    *
#   min/max. wt. =    0.00000            0.230444E-01           *
#                                                               *
#*************   chi**2/iteration =  2.197       ****************


#********** Integration by Vegas (iteration      11) ************
#                                                               *
#  integral  =  1377.3404       accum. integral =  1377.5153    *
#  std. dev. = 0.41125717       accum. std. dev = 0.16763444    *
#   min/max. wt. =    0.00000            0.152710E-01           *
#                                                               *
#*************   chi**2/iteration =  2.001       ****************


#********** Integration by Vegas (iteration      12) ************
#                                                               *
#  integral  =  1376.9050       accum. integral =  1377.4298    *
#  std. dev. = 0.41288152       accum. std. dev = 0.15537319    *
#   min/max. wt. =    0.00000            0.169688E-01           *
#                                                               *
#*************   chi**2/iteration =  1.990       ****************


#********** Integration by Vegas (iteration      13) ************
#                                                               *
#  integral  =  1377.4455       accum. integral =  1377.4317    *
#  std. dev. = 0.41873867       accum. std. dev = 0.14570049    *
#   min/max. wt. =    0.00000            0.131778E-01           *
#                                                               *
#*************   chi**2/iteration =  1.825       ****************


#********** Integration by Vegas (iteration      14) ************
#                                                               *
#  integral  =  1377.5233       accum. integral =  1377.4414    *
#  std. dev. = 0.42271557       accum. std. dev = 0.13776928    *
#   min/max. wt. =    0.00000            0.141395E-01           *
#                                                               *
#*************   chi**2/iteration =  1.689       ****************


#********** Integration by Vegas (iteration      15) ************
#                                                               *
#  integral  =  1377.3991       accum. integral =  1377.4375    *
#  std. dev. = 0.43113267       accum. std. dev = 0.13124644    *
#   min/max. wt. =    0.00000            0.171216E-01           *
#                                                               *
#*************   chi**2/iteration =  1.570       ****************


  Input parameters for vegas:  ndim=  9   ncall= 80707214.
                              it=    0    itmx=    2
                              acc=-1.00    
                              mds=  1     nd=  50
                              (xl,xu)= (  0.00000     ,  1.00000     )
                                       (  0.00000     ,  1.00000     )
                                       (  0.00000     ,  1.00000     )
                                       (  0.00000     ,  1.00000     )
                                       (  0.00000     ,  1.00000     )
                                       (  0.00000     ,  1.00000     )
                                       (  0.00000     ,  1.00000     )
                                       (  0.00000     ,  1.00000     )
                                       (  0.00000     ,  1.00000     )

#********** Integration by Vegas (iteration       1) ************
#                                                               *
#  integral  =  1378.0251       accum. integral =  1378.0251    *
#  std. dev. = 0.43691206       accum. std. dev = 0.43691206    *
#   min/max. wt. =    0.00000            0.142223E-01           *
#                                                               *
#*************   chi**2/iteration = 0.1220E-05   ****************


#********** Integration by Vegas (iteration       2) ************
#                                                               *
#  integral  =  1378.4256       accum. integral =  1378.2214    *
#  std. dev. = 0.44566591       accum. std. dev = 0.31199329    *
#   min/max. wt. =    0.00000            0.370112E-01           *
#                                                               *
#*************   chi**2/iteration = 0.4112       ****************

 Done
