SLURM job running in:  /scratch/groups/lhc/park/JHUGen/JHUGenerator
LHAPDF 6.1.5 loading /work-zfs/lhc/cms/slc6_amd64_gcc493/external/lhapdf/6.1.5-kpegke3/share/LHAPDF/NNPDF30_lo_as_0130/NNPDF30_lo_as_0130_0000.dat
NNPDF30_lo_as_0130 PDF set, member #0, version 2; LHAPDF ID = 263000
 extending no. of histograms for vbf tests
 
                                                                                          
   ***************************************************************************************
   *                                JHU Generator v6.9.3                                 *
   ***************************************************************************************
   *                                                                                     *
   *   Spin and parity determination of single-produced resonances at hadron colliders   *
   *                                                                                     *
   *          I. Anderson, S. Bolognesi, F. Caola, Y. Gao, A. Gritsan, Z. Guo,           *
   *        C. Martin, K. Melnikov, R.Rontsch, H. Roskes, U. Sarica, M. Schulze,         *
   *                   N. Tran, A. Whitbeck, M. Xiao, C. You, Y. Zhou                    *
   *                Phys.Rev. D81 (2010) 075022;  arXiv:1001.3396 [hep-ph],              *
   *                Phys.Rev. D86 (2012) 095031;  arXiv:1208.4018 [hep-ph],              *
   *                Phys.Rev. D89 (2014) 035007;  arXiv:1309.4819 [hep-ph].              *
   *                                                                                     *
   ***************************************************************************************
                                                                                          
   
   Command line: ./JHUGen Unweighted=0 VegasNc0=99999999 VegasNc1=99999999 VegasNc2=99999999 LHAPDF=NNPDF30_lo_as_0130/NNPDF30_lo_as_0130.info MReso=935 ghz1=0,0 ghz2=1,0 Process=60 pTjetcut=0 deltaRcut=0
   
   Input Parameter:
    Collider: P-P, sqrt(s)=13000.00
    Resonance: spin=0, mass= 935.00 width=   0.00407
    Z-boson: mass=91.188, width=2.4952
    W-boson: mass=80.399, width=2.0850
    Jet cuts:
            pT >=     0.00 GeV
        DeltaR >=     0.00
           mJJ >=     0.00 GeV
    Random seed:    13308560
    To reproduce results using this seed, JHUGen should be compiled with the same compiler:
      GNU Fortran (GCC) 4.9.3
    
    WidthScheme:   2
    LHAPDF set NNPDF30_lo_as_0130/NNPDF30_lo_as_0130.info, member=  0
    Unweighted: F
    
    spin-0-VV couplings: 
      generate_as=F
      ghg2=  0.10000000E+01  0.00000000E+00i
      ghg3=  0.00000000E+00  0.00000000E+00i
      ghg4=  0.00000000E+00  0.00000000E+00i
      ghz1=  0.00000000E+00  0.00000000E+00i
      ghz2=  0.10000000E+01  0.00000000E+00i
      ghz3=  0.00000000E+00  0.00000000E+00i
      ghz4=  0.00000000E+00  0.00000000E+00i
      Lambda=  1000.0
    
    LHE output: ./data/output.lhe
    Histogram output: ./data/output.dat
    Log file: ./data/output.log
    
  Running

  Input parameters for vegas:  ndim=  9   ncall= 80707214.
                              it=    0    itmx=   15
                              acc=-1.00    
                              mds=  1     nd=  50
                              (xl,xu)= (  0.00000     ,  1.00000     )
                                       (  0.00000     ,  1.00000     )
                                       (  0.00000     ,  1.00000     )
                                       (  0.00000     ,  1.00000     )
                                       (  0.00000     ,  1.00000     )
                                       (  0.00000     ,  1.00000     )
                                       (  0.00000     ,  1.00000     )
                                       (  0.00000     ,  1.00000     )
                                       (  0.00000     ,  1.00000     )

#********** Integration by Vegas (iteration       1) ************
#                                                               *
#  integral  =  918.42989       accum. integral =  918.42989    *
#  std. dev. =  41.304999       accum. std. dev =  41.304999    *
#   min/max. wt. =    0.00000             30.1432               *
#                                                               *
#*************   chi**2/iteration =  0.000       ****************


#********** Integration by Vegas (iteration       2) ************
#                                                               *
#  integral  =  1251.0771       accum. integral =  1167.9934    *
#  std. dev. =  32.464468       accum. std. dev =  24.666060    *
#   min/max. wt. =    0.00000             14.8532               *
#                                                               *
#*************   chi**2/iteration =  34.05       ****************


#********** Integration by Vegas (iteration       3) ************
#                                                               *
#  integral  =  1344.8730       accum. integral =  1335.8421    *
#  std. dev. =  7.0114642       accum. std. dev =  6.0215592    *
#   min/max. wt. =    0.00000             2.92593               *
#                                                               *
#*************   chi**2/iteration =  35.48       ****************


#********** Integration by Vegas (iteration       4) ************
#                                                               *
#  integral  =  1345.9822       accum. integral =  1345.6845    *
#  std. dev. =  1.1887481       accum. std. dev =  1.0682570    *
#   min/max. wt. =    0.00000            0.270544               *
#                                                               *
#*************   chi**2/iteration =  22.92       ****************


#********** Integration by Vegas (iteration       5) ************
#                                                               *
#  integral  =  1348.4718       accum. integral =  1348.0093    *
#  std. dev. = 0.52336744       accum. std. dev = 0.44405952    *
#   min/max. wt. =    0.00000            0.307762E-01           *
#                                                               *
#*************   chi**2/iteration =  17.87       ****************


#********** Integration by Vegas (iteration       6) ************
#                                                               *
#  integral  =  1347.8005       accum. integral =  1347.8938    *
#  std. dev. = 0.42927395       accum. std. dev = 0.30066554    *
#   min/max. wt. =    0.00000            0.245700E-01           *
#                                                               *
#*************   chi**2/iteration =  13.96       ****************


#********** Integration by Vegas (iteration       7) ************
#                                                               *
#  integral  =  1347.9047       accum. integral =  1347.8980    *
#  std. dev. = 0.39980231       accum. std. dev = 0.23706525    *
#   min/max. wt. =    0.00000            0.106406E-01           *
#                                                               *
#*************   chi**2/iteration =  11.42       ****************


#********** Integration by Vegas (iteration       8) ************
#                                                               *
#  integral  =  1348.1273       accum. integral =  1347.9637    *
#  std. dev. = 0.39377777       accum. std. dev = 0.20158918    *
#   min/max. wt. =    0.00000            0.239350E-01           *
#                                                               *
#*************   chi**2/iteration =  9.699       ****************


#********** Integration by Vegas (iteration       9) ************
#                                                               *
#  integral  =  1347.9413       accum. integral =  1347.9587    *
#  std. dev. = 0.39467448       accum. std. dev = 0.17873990    *
#   min/max. wt. =    0.00000            0.356758E-01           *
#                                                               *
#*************   chi**2/iteration =  8.400       ****************


#********** Integration by Vegas (iteration      10) ************
#                                                               *
#  integral  =  1348.0061       accum. integral =  1347.9673    *
#  std. dev. = 0.39686863       accum. std. dev = 0.16252109    *
#   min/max. wt. =    0.00000            0.229846E-01           *
#                                                               *
#*************   chi**2/iteration =  7.408       ****************


#********** Integration by Vegas (iteration      11) ************
#                                                               *
#  integral  =  1347.5319       accum. integral =  1347.9009    *
#  std. dev. = 0.39673726       accum. std. dev = 0.15010701    *
#   min/max. wt. =    0.00000            0.120465E-01           *
#                                                               *
#*************   chi**2/iteration =  6.732       ****************


#********** Integration by Vegas (iteration      12) ************
#                                                               *
#  integral  =  1347.7886       accum. integral =  1347.8861    *
#  std. dev. = 0.39858892       accum. std. dev = 0.14028821    *
#   min/max. wt. =    0.00000            0.991125E-02           *
#                                                               *
#*************   chi**2/iteration =  6.093       ****************


#********** Integration by Vegas (iteration      13) ************
#                                                               *
#  integral  =  1348.0068       accum. integral =  1347.8999    *
#  std. dev. = 0.40311115       accum. std. dev = 0.13237047    *
#   min/max. wt. =    0.00000            0.148263E-01           *
#                                                               *
#*************   chi**2/iteration =  5.567       ****************


#********** Integration by Vegas (iteration      14) ************
#                                                               *
#  integral  =  1347.6007       accum. integral =  1347.8698    *
#  std. dev. = 0.40689119       accum. std. dev = 0.12579360    *
#   min/max. wt. =    0.00000            0.109285E-01           *
#                                                               *
#*************   chi**2/iteration =  5.158       ****************


#********** Integration by Vegas (iteration      15) ************
#                                                               *
#  integral  =  1348.1388       accum. integral =  1347.8939    *
#  std. dev. = 0.41104253       accum. std. dev = 0.12022822    *
#   min/max. wt. =    0.00000            0.119731E-01           *
#                                                               *
#*************   chi**2/iteration =  4.802       ****************


  Input parameters for vegas:  ndim=  9   ncall= 80707214.
                              it=    0    itmx=    2
                              acc=-1.00    
                              mds=  1     nd=  50
                              (xl,xu)= (  0.00000     ,  1.00000     )
                                       (  0.00000     ,  1.00000     )
                                       (  0.00000     ,  1.00000     )
                                       (  0.00000     ,  1.00000     )
                                       (  0.00000     ,  1.00000     )
                                       (  0.00000     ,  1.00000     )
                                       (  0.00000     ,  1.00000     )
                                       (  0.00000     ,  1.00000     )
                                       (  0.00000     ,  1.00000     )

#********** Integration by Vegas (iteration       1) ************
#                                                               *
#  integral  =  1348.1437       accum. integral =  1348.1437    *
#  std. dev. = 0.44385144       accum. std. dev = 0.44385144    *
#   min/max. wt. =    0.00000            0.155436               *
#                                                               *
#*************   chi**2/iteration =  0.000       ****************


#********** Integration by Vegas (iteration       2) ************
#                                                               *
#  integral  =  1348.0108       accum. integral =  1348.0748    *
#  std. dev. = 0.42752166       accum. std. dev = 0.30791522    *
#   min/max. wt. =    0.00000            0.105928E-01           *
#                                                               *
#*************   chi**2/iteration = 0.4650E-01   ****************

 Done
