SLURM job running in:  /scratch/groups/lhc/park/JHUGen/JHUGenerator
LHAPDF 6.1.5 loading /work-zfs/lhc/cms/slc6_amd64_gcc493/external/lhapdf/6.1.5-kpegke3/share/LHAPDF/NNPDF30_lo_as_0130/NNPDF30_lo_as_0130_0000.dat
NNPDF30_lo_as_0130 PDF set, member #0, version 2; LHAPDF ID = 263000
 extending no. of histograms for vbf tests
 
                                                                                          
   ***************************************************************************************
   *                                JHU Generator v6.9.3                                 *
   ***************************************************************************************
   *                                                                                     *
   *   Spin and parity determination of single-produced resonances at hadron colliders   *
   *                                                                                     *
   *          I. Anderson, S. Bolognesi, F. Caola, Y. Gao, A. Gritsan, Z. Guo,           *
   *        C. Martin, K. Melnikov, R.Rontsch, H. Roskes, U. Sarica, M. Schulze,         *
   *                   N. Tran, A. Whitbeck, M. Xiao, C. You, Y. Zhou                    *
   *                Phys.Rev. D81 (2010) 075022;  arXiv:1001.3396 [hep-ph],              *
   *                Phys.Rev. D86 (2012) 095031;  arXiv:1208.4018 [hep-ph],              *
   *                Phys.Rev. D89 (2014) 035007;  arXiv:1309.4819 [hep-ph].              *
   *                                                                                     *
   ***************************************************************************************
                                                                                          
   
   Command line: ./JHUGen Unweighted=0 VegasNc0=99999999 VegasNc1=99999999 VegasNc2=99999999 LHAPDF=NNPDF30_lo_as_0130/NNPDF30_lo_as_0130.info MReso=945 ghz1=0,0 ghz2=1,0 Process=60 pTjetcut=0 deltaRcut=0
   
   Input Parameter:
    Collider: P-P, sqrt(s)=13000.00
    Resonance: spin=0, mass= 945.00 width=   0.00407
    Z-boson: mass=91.188, width=2.4952
    W-boson: mass=80.399, width=2.0850
    Jet cuts:
            pT >=     0.00 GeV
        DeltaR >=     0.00
           mJJ >=     0.00 GeV
    Random seed:   585597132
    To reproduce results using this seed, JHUGen should be compiled with the same compiler:
      GNU Fortran (GCC) 4.9.3
    
    WidthScheme:   2
    LHAPDF set NNPDF30_lo_as_0130/NNPDF30_lo_as_0130.info, member=  0
    Unweighted: F
    
    spin-0-VV couplings: 
      generate_as=F
      ghg2=  0.10000000E+01  0.00000000E+00i
      ghg3=  0.00000000E+00  0.00000000E+00i
      ghg4=  0.00000000E+00  0.00000000E+00i
      ghz1=  0.00000000E+00  0.00000000E+00i
      ghz2=  0.10000000E+01  0.00000000E+00i
      ghz3=  0.00000000E+00  0.00000000E+00i
      ghz4=  0.00000000E+00  0.00000000E+00i
      Lambda=  1000.0
    
    LHE output: ./data/output.lhe
    Histogram output: ./data/output.dat
    Log file: ./data/output.log
    
  Running

  Input parameters for vegas:  ndim=  9   ncall= 80707214.
                              it=    0    itmx=   15
                              acc=-1.00    
                              mds=  1     nd=  50
                              (xl,xu)= (  0.00000     ,  1.00000     )
                                       (  0.00000     ,  1.00000     )
                                       (  0.00000     ,  1.00000     )
                                       (  0.00000     ,  1.00000     )
                                       (  0.00000     ,  1.00000     )
                                       (  0.00000     ,  1.00000     )
                                       (  0.00000     ,  1.00000     )
                                       (  0.00000     ,  1.00000     )
                                       (  0.00000     ,  1.00000     )

#********** Integration by Vegas (iteration       1) ************
#                                                               *
#  integral  =  1056.0834       accum. integral =  1056.0834    *
#  std. dev. =  106.67654       accum. std. dev =  106.67654    *
#   min/max. wt. =    0.00000             73.0281               *
#                                                               *
#*************   chi**2/iteration =  0.000       ****************


#********** Integration by Vegas (iteration       2) ************
#                                                               *
#  integral  =  1197.6806       accum. integral =  1193.0841    *
#  std. dev. =  22.159706       accum. std. dev =  20.549011    *
#   min/max. wt. =    0.00000             10.4267               *
#                                                               *
#*************   chi**2/iteration =  1.490       ****************


#********** Integration by Vegas (iteration       3) ************
#                                                               *
#  integral  =  1308.8986       accum. integral =  1301.3988    *
#  std. dev. =  6.2682545       accum. std. dev =  5.5207491    *
#   min/max. wt. =    0.00000             2.84148               *
#                                                               *
#*************   chi**2/iteration =  13.99       ****************


#********** Integration by Vegas (iteration       4) ************
#                                                               *
#  integral  =  1320.1906       accum. integral =  1319.4086    *
#  std. dev. =  1.2740526       accum. std. dev =  1.1576546    *
#   min/max. wt. =    0.00000            0.453887               *
#                                                               *
#*************   chi**2/iteration =  12.33       ****************


#********** Integration by Vegas (iteration       5) ************
#                                                               *
#  integral  =  1318.9857       accum. integral =  1319.0547    *
#  std. dev. = 0.55057187       accum. std. dev = 0.47521907    *
#   min/max. wt. =    0.00000            0.745976E-01           *
#                                                               *
#*************   chi**2/iteration =  8.990       ****************


#********** Integration by Vegas (iteration       6) ************
#                                                               *
#  integral  =  1318.2854       accum. integral =  1318.6009    *
#  std. dev. = 0.41969607       accum. std. dev = 0.30740800    *
#   min/max. wt. =    0.00000            0.223758E-01           *
#                                                               *
#*************   chi**2/iteration =  7.352       ****************


#********** Integration by Vegas (iteration       7) ************
#                                                               *
#  integral  =  1318.6242       accum. integral =  1318.6102    *
#  std. dev. = 0.39753599       accum. std. dev = 0.24045285    *
#   min/max. wt. =    0.00000            0.221996E-01           *
#                                                               *
#*************   chi**2/iteration =  6.041       ****************


#********** Integration by Vegas (iteration       8) ************
#                                                               *
#  integral  =  1319.2380       accum. integral =  1318.7926    *
#  std. dev. = 0.39147730       accum. std. dev = 0.20361033    *
#   min/max. wt. =    0.00000            0.182878E-01           *
#                                                               *
#*************   chi**2/iteration =  5.403       ****************


#********** Integration by Vegas (iteration       9) ************
#                                                               *
#  integral  =  1318.6319       accum. integral =  1318.7562    *
#  std. dev. = 0.38983297       accum. std. dev = 0.17980449    *
#   min/max. wt. =    0.00000            0.203288E-01           *
#                                                               *
#*************   chi**2/iteration =  4.707       ****************


#********** Integration by Vegas (iteration      10) ************
#                                                               *
#  integral  =  1318.9229       accum. integral =  1318.7871    *
#  std. dev. = 0.38852384       accum. std. dev = 0.16277683    *
#   min/max. wt. =    0.00000            0.138523E-01           *
#                                                               *
#*************   chi**2/iteration =  4.175       ****************


#********** Integration by Vegas (iteration      11) ************
#                                                               *
#  integral  =  1318.6253       accum. integral =  1318.7621    *
#  std. dev. = 0.39099254       accum. std. dev = 0.15003026    *
#   min/max. wt. =    0.00000            0.169887E-01           *
#                                                               *
#*************   chi**2/iteration =  3.753       ****************


#********** Integration by Vegas (iteration      12) ************
#                                                               *
#  integral  =  1318.6795       accum. integral =  1318.7512    *
#  std. dev. = 0.39487060       accum. std. dev = 0.14009257    *
#   min/max. wt. =    0.00000            0.183176E-01           *
#                                                               *
#*************   chi**2/iteration =  3.401       ****************


#********** Integration by Vegas (iteration      13) ************
#                                                               *
#  integral  =  1319.0451       accum. integral =  1318.7848    *
#  std. dev. = 0.39905225       accum. std. dev = 0.13207971    *
#   min/max. wt. =    0.00000            0.149161E-01           *
#                                                               *
#*************   chi**2/iteration =  3.148       ****************


#********** Integration by Vegas (iteration      14) ************
#                                                               *
#  integral  =  1319.2269       accum. integral =  1318.8289    *
#  std. dev. = 0.40542441       accum. std. dev = 0.12551502    *
#   min/max. wt. =    0.00000            0.298731E-01           *
#                                                               *
#*************   chi**2/iteration =  2.982       ****************


#********** Integration by Vegas (iteration      15) ************
#                                                               *
#  integral  =  1318.9089       accum. integral =  1318.8361    *
#  std. dev. = 0.40690051       accum. std. dev = 0.11988921    *
#   min/max. wt. =    0.00000            0.130499E-01           *
#                                                               *
#*************   chi**2/iteration =  2.764       ****************


  Input parameters for vegas:  ndim=  9   ncall= 80707214.
                              it=    0    itmx=    2
                              acc=-1.00    
                              mds=  1     nd=  50
                              (xl,xu)= (  0.00000     ,  1.00000     )
                                       (  0.00000     ,  1.00000     )
                                       (  0.00000     ,  1.00000     )
                                       (  0.00000     ,  1.00000     )
                                       (  0.00000     ,  1.00000     )
                                       (  0.00000     ,  1.00000     )
                                       (  0.00000     ,  1.00000     )
                                       (  0.00000     ,  1.00000     )
                                       (  0.00000     ,  1.00000     )

#********** Integration by Vegas (iteration       1) ************
#                                                               *
#  integral  =  1318.5988       accum. integral =  1318.5988    *
#  std. dev. = 0.41617532       accum. std. dev = 0.41617532    *
#   min/max. wt. =    0.00000            0.157315E-01           *
#                                                               *
#*************   chi**2/iteration =  0.000       ****************


#********** Integration by Vegas (iteration       2) ************
#                                                               *
#  integral  =  1319.6416       accum. integral =  1319.1251    *
#  std. dev. = 0.41259656       accum. std. dev = 0.29300591    *
#   min/max. wt. =    0.00000            0.119827E-01           *
#                                                               *
#*************   chi**2/iteration =  3.163       ****************

 Done
