SLURM job running in:  /scratch/groups/lhc/park/JHUGen/JHUGenerator
LHAPDF 6.1.5 loading /work-zfs/lhc/cms/slc6_amd64_gcc493/external/lhapdf/6.1.5-kpegke3/share/LHAPDF/NNPDF30_lo_as_0130/NNPDF30_lo_as_0130_0000.dat
NNPDF30_lo_as_0130 PDF set, member #0, version 2; LHAPDF ID = 263000
 extending no. of histograms for vbf tests
 
                                                                                          
   ***************************************************************************************
   *                                JHU Generator v6.9.3                                 *
   ***************************************************************************************
   *                                                                                     *
   *   Spin and parity determination of single-produced resonances at hadron colliders   *
   *                                                                                     *
   *          I. Anderson, S. Bolognesi, F. Caola, Y. Gao, A. Gritsan, Z. Guo,           *
   *        C. Martin, K. Melnikov, R.Rontsch, H. Roskes, U. Sarica, M. Schulze,         *
   *                   N. Tran, A. Whitbeck, M. Xiao, C. You, Y. Zhou                    *
   *                Phys.Rev. D81 (2010) 075022;  arXiv:1001.3396 [hep-ph],              *
   *                Phys.Rev. D86 (2012) 095031;  arXiv:1208.4018 [hep-ph],              *
   *                Phys.Rev. D89 (2014) 035007;  arXiv:1309.4819 [hep-ph].              *
   *                                                                                     *
   ***************************************************************************************
                                                                                          
   
   Command line: ./JHUGen Unweighted=0 VegasNc0=99999999 VegasNc1=99999999 VegasNc2=99999999 LHAPDF=NNPDF30_lo_as_0130/NNPDF30_lo_as_0130.info MReso=950 ghz1=0,0 ghz2=1,0 Process=60 pTjetcut=0 deltaRcut=0
   
   Input Parameter:
    Collider: P-P, sqrt(s)=13000.00
    Resonance: spin=0, mass= 950.00 width=   0.00407
    Z-boson: mass=91.188, width=2.4952
    W-boson: mass=80.399, width=2.0850
    Jet cuts:
            pT >=     0.00 GeV
        DeltaR >=     0.00
           mJJ >=     0.00 GeV
    Random seed:    16777448
    To reproduce results using this seed, JHUGen should be compiled with the same compiler:
      GNU Fortran (GCC) 4.9.3
    
    WidthScheme:   2
    LHAPDF set NNPDF30_lo_as_0130/NNPDF30_lo_as_0130.info, member=  0
    Unweighted: F
    
    spin-0-VV couplings: 
      generate_as=F
      ghg2=  0.10000000E+01  0.00000000E+00i
      ghg3=  0.00000000E+00  0.00000000E+00i
      ghg4=  0.00000000E+00  0.00000000E+00i
      ghz1=  0.00000000E+00  0.00000000E+00i
      ghz2=  0.10000000E+01  0.00000000E+00i
      ghz3=  0.00000000E+00  0.00000000E+00i
      ghz4=  0.00000000E+00  0.00000000E+00i
      Lambda=  1000.0
    
    LHE output: ./data/output.lhe
    Histogram output: ./data/output.dat
    Log file: ./data/output.log
    
  Running

  Input parameters for vegas:  ndim=  9   ncall= 80707214.
                              it=    0    itmx=   15
                              acc=-1.00    
                              mds=  1     nd=  50
                              (xl,xu)= (  0.00000     ,  1.00000     )
                                       (  0.00000     ,  1.00000     )
                                       (  0.00000     ,  1.00000     )
                                       (  0.00000     ,  1.00000     )
                                       (  0.00000     ,  1.00000     )
                                       (  0.00000     ,  1.00000     )
                                       (  0.00000     ,  1.00000     )
                                       (  0.00000     ,  1.00000     )
                                       (  0.00000     ,  1.00000     )

#********** Integration by Vegas (iteration       1) ************
#                                                               *
#  integral  =  972.64581       accum. integral =  972.64581    *
#  std. dev. =  59.298158       accum. std. dev =  59.298158    *
#   min/max. wt. =    0.00000             42.8131               *
#                                                               *
#*************   chi**2/iteration =  0.000       ****************


#********** Integration by Vegas (iteration       2) ************
#                                                               *
#  integral  =  1424.4394       accum. integral =  1113.9085    *
#  std. dev. =  128.75649       accum. std. dev =  61.645627    *
#   min/max. wt. =    0.00000             92.1363               *
#                                                               *
#*************   chi**2/iteration =  11.53       ****************


#********** Integration by Vegas (iteration       3) ************
#                                                               *
#  integral  =  1329.6292       accum. integral =  1286.4870    *
#  std. dev. =  33.601401       accum. std. dev =  28.420998    *
#   min/max. wt. =    0.00000             27.0941               *
#                                                               *
#*************   chi**2/iteration =  10.03       ****************


#********** Integration by Vegas (iteration       4) ************
#                                                               *
#  integral  =  1309.7926       accum. integral =  1309.3479    *
#  std. dev. =  4.1291272       accum. std. dev =  3.9674317    *
#   min/max. wt. =    0.00000            0.633522               *
#                                                               *
#*************   chi**2/iteration =  6.766       ****************


#********** Integration by Vegas (iteration       5) ************
#                                                               *
#  integral  =  1304.0581       accum. integral =  1304.2203    *
#  std. dev. = 0.72409481       accum. std. dev = 0.69835060    *
#   min/max. wt. =    0.00000            0.115132               *
#                                                               *
#*************   chi**2/iteration =  5.448       ****************


#********** Integration by Vegas (iteration       6) ************
#                                                               *
#  integral  =  1305.7498       accum. integral =  1305.2969    *
#  std. dev. = 0.46300517       accum. std. dev = 0.38144051    *
#   min/max. wt. =    0.00000            0.256539E-01           *
#                                                               *
#*************   chi**2/iteration =  4.996       ****************


#********** Integration by Vegas (iteration       7) ************
#                                                               *
#  integral  =  1304.6343       accum. integral =  1304.9906    *
#  std. dev. = 0.41862850       accum. std. dev = 0.28042475    *
#   min/max. wt. =    0.00000            0.357472E-01           *
#                                                               *
#*************   chi**2/iteration =  4.374       ****************


#********** Integration by Vegas (iteration       8) ************
#                                                               *
#  integral  =  1304.5849       accum. integral =  1304.8537    *
#  std. dev. = 0.39881076       accum. std. dev = 0.22868936    *
#   min/max. wt. =    0.00000            0.249215E-01           *
#                                                               *
#*************   chi**2/iteration =  3.836       ****************


#********** Integration by Vegas (iteration       9) ************
#                                                               *
#  integral  =  1304.7983       accum. integral =  1304.8395    *
#  std. dev. = 0.39384813       accum. std. dev = 0.19739954    *
#   min/max. wt. =    0.00000            0.179028E-01           *
#                                                               *
#*************   chi**2/iteration =  3.348       ****************


#********** Integration by Vegas (iteration      10) ************
#                                                               *
#  integral  =  1304.0506       accum. integral =  1304.6757    *
#  std. dev. = 0.38986079       accum. std. dev = 0.17590729    *
#   min/max. wt. =    0.00000            0.196845E-01           *
#                                                               *
#*************   chi**2/iteration =  3.337       ****************


#********** Integration by Vegas (iteration      11) ************
#                                                               *
#  integral  =  1304.7391       accum. integral =  1304.6864    *
#  std. dev. = 0.39321183       accum. std. dev = 0.16044360    *
#   min/max. wt. =    0.00000            0.197702E-01           *
#                                                               *
#*************   chi**2/iteration =  3.000       ****************


#********** Integration by Vegas (iteration      12) ************
#                                                               *
#  integral  =  1304.7626       accum. integral =  1304.6974    *
#  std. dev. = 0.39566861       accum. std. dev = 0.14860203    *
#   min/max. wt. =    0.00000            0.332114E-01           *
#                                                               *
#*************   chi**2/iteration =  2.726       ****************


#********** Integration by Vegas (iteration      13) ************
#                                                               *
#  integral  =  1305.3087       accum. integral =  1304.7735    *
#  std. dev. = 0.39742532       accum. std. dev = 0.13913159    *
#   min/max. wt. =    0.00000            0.213954E-01           *
#                                                               *
#*************   chi**2/iteration =  2.671       ****************


#********** Integration by Vegas (iteration      14) ************
#                                                               *
#  integral  =  1304.8737       accum. integral =  1304.7845    *
#  std. dev. = 0.40095061       accum. std. dev = 0.13140424    *
#   min/max. wt. =    0.00000            0.143086E-01           *
#                                                               *
#*************   chi**2/iteration =  2.467       ****************


#********** Integration by Vegas (iteration      15) ************
#                                                               *
#  integral  =  1304.8700       accum. integral =  1304.7926    *
#  std. dev. = 0.40925152       accum. std. dev = 0.12508781    *
#   min/max. wt. =    0.00000            0.199353E-01           *
#                                                               *
#*************   chi**2/iteration =  2.291       ****************


  Input parameters for vegas:  ndim=  9   ncall= 80707214.
                              it=    0    itmx=    2
                              acc=-1.00    
                              mds=  1     nd=  50
                              (xl,xu)= (  0.00000     ,  1.00000     )
                                       (  0.00000     ,  1.00000     )
                                       (  0.00000     ,  1.00000     )
                                       (  0.00000     ,  1.00000     )
                                       (  0.00000     ,  1.00000     )
                                       (  0.00000     ,  1.00000     )
                                       (  0.00000     ,  1.00000     )
                                       (  0.00000     ,  1.00000     )
                                       (  0.00000     ,  1.00000     )

#********** Integration by Vegas (iteration       1) ************
#                                                               *
#  integral  =  1304.3837       accum. integral =  1304.3837    *
#  std. dev. = 0.41547465       accum. std. dev = 0.41547465    *
#   min/max. wt. =    0.00000            0.146479E-01           *
#                                                               *
#*************   chi**2/iteration =  0.000       ****************


#********** Integration by Vegas (iteration       2) ************
#                                                               *
#  integral  =  1303.7577       accum. integral =  1304.0772    *
#  std. dev. = 0.42405064       accum. std. dev = 0.29676910    *
#   min/max. wt. =    0.00000            0.174982E-01           *
#                                                               *
#*************   chi**2/iteration =  1.111       ****************

 Done
