SLURM job running in:  /scratch/groups/lhc/park/JHUGen/JHUGenerator
LHAPDF 6.1.5 loading /work-zfs/lhc/cms/slc6_amd64_gcc493/external/lhapdf/6.1.5-kpegke3/share/LHAPDF/NNPDF30_lo_as_0130/NNPDF30_lo_as_0130_0000.dat
NNPDF30_lo_as_0130 PDF set, member #0, version 2; LHAPDF ID = 263000
 extending no. of histograms for vbf tests
 
                                                                                          
   ***************************************************************************************
   *                                JHU Generator v6.9.3                                 *
   ***************************************************************************************
   *                                                                                     *
   *   Spin and parity determination of single-produced resonances at hadron colliders   *
   *                                                                                     *
   *          I. Anderson, S. Bolognesi, F. Caola, Y. Gao, A. Gritsan, Z. Guo,           *
   *        C. Martin, K. Melnikov, R.Rontsch, H. Roskes, U. Sarica, M. Schulze,         *
   *                   N. Tran, A. Whitbeck, M. Xiao, C. You, Y. Zhou                    *
   *                Phys.Rev. D81 (2010) 075022;  arXiv:1001.3396 [hep-ph],              *
   *                Phys.Rev. D86 (2012) 095031;  arXiv:1208.4018 [hep-ph],              *
   *                Phys.Rev. D89 (2014) 035007;  arXiv:1309.4819 [hep-ph].              *
   *                                                                                     *
   ***************************************************************************************
                                                                                          
   
   Command line: ./JHUGen Unweighted=0 VegasNc0=99999999 VegasNc1=99999999 VegasNc2=99999999 LHAPDF=NNPDF30_lo_as_0130/NNPDF30_lo_as_0130.info MReso=995 ghz1=0,0 ghz2=1,0 Process=60 pTjetcut=0 deltaRcut=0
   
   Input Parameter:
    Collider: P-P, sqrt(s)=13000.00
    Resonance: spin=0, mass= 995.00 width=   0.00407
    Z-boson: mass=91.188, width=2.4952
    W-boson: mass=80.399, width=2.0850
    Jet cuts:
            pT >=     0.00 GeV
        DeltaR >=     0.00
           mJJ >=     0.00 GeV
    Random seed:   678988655
    To reproduce results using this seed, JHUGen should be compiled with the same compiler:
      GNU Fortran (GCC) 4.9.3
    
    WidthScheme:   2
    LHAPDF set NNPDF30_lo_as_0130/NNPDF30_lo_as_0130.info, member=  0
    Unweighted: F
    
    spin-0-VV couplings: 
      generate_as=F
      ghg2=  0.10000000E+01  0.00000000E+00i
      ghg3=  0.00000000E+00  0.00000000E+00i
      ghg4=  0.00000000E+00  0.00000000E+00i
      ghz1=  0.00000000E+00  0.00000000E+00i
      ghz2=  0.10000000E+01  0.00000000E+00i
      ghz3=  0.00000000E+00  0.00000000E+00i
      ghz4=  0.00000000E+00  0.00000000E+00i
      Lambda=  1000.0
    
    LHE output: ./data/output.lhe
    Histogram output: ./data/output.dat
    Log file: ./data/output.log
    
  Running

  Input parameters for vegas:  ndim=  9   ncall= 80707214.
                              it=    0    itmx=   15
                              acc=-1.00    
                              mds=  1     nd=  50
                              (xl,xu)= (  0.00000     ,  1.00000     )
                                       (  0.00000     ,  1.00000     )
                                       (  0.00000     ,  1.00000     )
                                       (  0.00000     ,  1.00000     )
                                       (  0.00000     ,  1.00000     )
                                       (  0.00000     ,  1.00000     )
                                       (  0.00000     ,  1.00000     )
                                       (  0.00000     ,  1.00000     )
                                       (  0.00000     ,  1.00000     )

#********** Integration by Vegas (iteration       1) ************
#                                                               *
#  integral  =  1082.9140       accum. integral =  1082.9140    *
#  std. dev. =  226.35786       accum. std. dev =  226.35786    *
#   min/max. wt. =    0.00000             219.290               *
#                                                               *
#*************   chi**2/iteration =  0.000       ****************


#********** Integration by Vegas (iteration       2) ************
#                                                               *
#  integral  =  1017.2883       accum. integral =  1017.9043    *
#  std. dev. =  20.699498       accum. std. dev =  21.277019    *
#   min/max. wt. =    0.00000             10.1931               *
#                                                               *
#*************   chi**2/iteration = 0.8837E-01   ****************


#********** Integration by Vegas (iteration       3) ************
#                                                               *
#  integral  =  1170.2805       accum. integral =  1153.0879    *
#  std. dev. =  8.4521339       accum. std. dev =  7.4282559    *
#   min/max. wt. =    0.00000             6.21215               *
#                                                               *
#*************   chi**2/iteration =  21.09       ****************


#********** Integration by Vegas (iteration       4) ************
#                                                               *
#  integral  =  1185.0811       accum. integral =  1184.1263    *
#  std. dev. =  1.4139751       accum. std. dev =  1.3114949    *
#   min/max. wt. =    0.00000            0.208676               *
#                                                               *
#*************   chi**2/iteration =  19.21       ****************


#********** Integration by Vegas (iteration       5) ************
#                                                               *
#  integral  =  1184.1489       accum. integral =  1184.1463    *
#  std. dev. = 0.50734770       accum. std. dev = 0.45483536    *
#   min/max. wt. =    0.00000            0.492841E-01           *
#                                                               *
#*************   chi**2/iteration =  14.05       ****************


#********** Integration by Vegas (iteration       6) ************
#                                                               *
#  integral  =  1184.6609       accum. integral =  1184.4581    *
#  std. dev. = 0.38459909       accum. std. dev = 0.28788899    *
#   min/max. wt. =    0.00000            0.175528E-01           *
#                                                               *
#*************   chi**2/iteration =  11.21       ****************


#********** Integration by Vegas (iteration       7) ************
#                                                               *
#  integral  =  1184.8378       accum. integral =  1184.6160    *
#  std. dev. = 0.35475946       accum. std. dev = 0.22128493    *
#   min/max. wt. =    0.00000            0.117023E-01           *
#                                                               *
#*************   chi**2/iteration =  9.355       ****************


#********** Integration by Vegas (iteration       8) ************
#                                                               *
#  integral  =  1184.6381       accum. integral =  1184.6227    *
#  std. dev. = 0.34541878       accum. std. dev = 0.18528253    *
#   min/max. wt. =    0.00000            0.139632E-01           *
#                                                               *
#*************   chi**2/iteration =  7.951       ****************


#********** Integration by Vegas (iteration       9) ************
#                                                               *
#  integral  =  1184.5549       accum. integral =  1184.6067    *
#  std. dev. = 0.34295638       accum. std. dev = 0.16246309    *
#   min/max. wt. =    0.00000            0.140396E-01           *
#                                                               *
#*************   chi**2/iteration =  6.915       ****************


#********** Integration by Vegas (iteration      10) ************
#                                                               *
#  integral  =  1184.4552       accum. integral =  1184.5780    *
#  std. dev. = 0.34454084       accum. std. dev = 0.14663324    *
#   min/max. wt. =    0.00000            0.217553E-01           *
#                                                               *
#*************   chi**2/iteration =  6.133       ****************


#********** Integration by Vegas (iteration      11) ************
#                                                               *
#  integral  =  1184.5526       accum. integral =  1184.5739    *
#  std. dev. = 0.34480169       accum. std. dev = 0.13474154    *
#   min/max. wt. =    0.00000            0.132499E-01           *
#                                                               *
#*************   chi**2/iteration =  5.497       ****************


#********** Integration by Vegas (iteration      12) ************
#                                                               *
#  integral  =  1184.6908       accum. integral =  1184.5900    *
#  std. dev. = 0.34538093       accum. std. dev = 0.12539673    *
#   min/max. wt. =    0.00000            0.143481E-01           *
#                                                               *
#*************   chi**2/iteration =  4.989       ****************


#********** Integration by Vegas (iteration      13) ************
#                                                               *
#  integral  =  1183.8434       accum. integral =  1184.5013    *
#  std. dev. = 0.34801888       accum. std. dev = 0.11788823    *
#   min/max. wt. =    0.00000            0.166108E-01           *
#                                                               *
#*************   chi**2/iteration =  4.909       ****************


#********** Integration by Vegas (iteration      14) ************
#                                                               *
#  integral  =  1184.5434       accum. integral =  1184.5057    *
#  std. dev. = 0.35054892       accum. std. dev = 0.11167856    *
#   min/max. wt. =    0.00000            0.177622E-01           *
#                                                               *
#*************   chi**2/iteration =  4.521       ****************


#********** Integration by Vegas (iteration      15) ************
#                                                               *
#  integral  =  1184.9266       accum. integral =  1184.5443    *
#  std. dev. = 0.35771285       accum. std. dev = 0.10656406    *
#   min/max. wt. =    0.00000            0.140526E-01           *
#                                                               *
#*************   chi**2/iteration =  4.281       ****************


  Input parameters for vegas:  ndim=  9   ncall= 80707214.
                              it=    0    itmx=    2
                              acc=-1.00    
                              mds=  1     nd=  50
                              (xl,xu)= (  0.00000     ,  1.00000     )
                                       (  0.00000     ,  1.00000     )
                                       (  0.00000     ,  1.00000     )
                                       (  0.00000     ,  1.00000     )
                                       (  0.00000     ,  1.00000     )
                                       (  0.00000     ,  1.00000     )
                                       (  0.00000     ,  1.00000     )
                                       (  0.00000     ,  1.00000     )
                                       (  0.00000     ,  1.00000     )

#********** Integration by Vegas (iteration       1) ************
#                                                               *
#  integral  =  1184.7943       accum. integral =  1184.7943    *
#  std. dev. = 0.36227715       accum. std. dev = 0.36227715    *
#   min/max. wt. =    0.00000            0.143110E-01           *
#                                                               *
#*************   chi**2/iteration =  0.000       ****************


#********** Integration by Vegas (iteration       2) ************
#                                                               *
#  integral  =  1184.4756       accum. integral =  1184.6374    *
#  std. dev. = 0.36769640       accum. std. dev = 0.25806277    *
#   min/max. wt. =    0.00000            0.174538E-01           *
#                                                               *
#*************   chi**2/iteration = 0.3810       ****************

 Done
