SLURM job running in:  /scratch/groups/lhc/park/JHUGen/JHUGenerator
LHAPDF 6.1.5 loading /work-zfs/lhc/cms/slc6_amd64_gcc493/external/lhapdf/6.1.5-kpegke3/share/LHAPDF/NNPDF30_lo_as_0130/NNPDF30_lo_as_0130_0000.dat
NNPDF30_lo_as_0130 PDF set, member #0, version 2; LHAPDF ID = 263000
 extending no. of histograms for vbf tests
 
                                                                                          
   ***************************************************************************************
   *                                JHU Generator v6.9.3                                 *
   ***************************************************************************************
   *                                                                                     *
   *   Spin and parity determination of single-produced resonances at hadron colliders   *
   *                                                                                     *
   *          I. Anderson, S. Bolognesi, F. Caola, Y. Gao, A. Gritsan, Z. Guo,           *
   *        C. Martin, K. Melnikov, R.Rontsch, H. Roskes, U. Sarica, M. Schulze,         *
   *                   N. Tran, A. Whitbeck, M. Xiao, C. You, Y. Zhou                    *
   *                Phys.Rev. D81 (2010) 075022;  arXiv:1001.3396 [hep-ph],              *
   *                Phys.Rev. D86 (2012) 095031;  arXiv:1208.4018 [hep-ph],              *
   *                Phys.Rev. D89 (2014) 035007;  arXiv:1309.4819 [hep-ph].              *
   *                                                                                     *
   ***************************************************************************************
                                                                                          
   
   Command line: ./JHUGen Unweighted=0 VegasNc0=99999999 VegasNc1=99999999 VegasNc2=99999999 LHAPDF=NNPDF30_lo_as_0130/NNPDF30_lo_as_0130.info MReso=1090 ghz1=1,0 Process=60 pTjetcut=0 deltaRcut=0
   
   Input Parameter:
    Collider: P-P, sqrt(s)=13000.00
    Resonance: spin=0, mass=1090.00 width=   0.00407
    Z-boson: mass=91.188, width=2.4952
    W-boson: mass=80.399, width=2.0850
    Jet cuts:
            pT >=     0.00 GeV
        DeltaR >=     0.00
           mJJ >=     0.00 GeV
    Random seed:   775986585
    To reproduce results using this seed, JHUGen should be compiled with the same compiler:
      GNU Fortran (GCC) 4.9.3
    
    WidthScheme:   2
    LHAPDF set NNPDF30_lo_as_0130/NNPDF30_lo_as_0130.info, member=  0
    Unweighted: F
    
    spin-0-VV couplings: 
      generate_as=F
      ghg2=  0.10000000E+01  0.00000000E+00i
      ghg3=  0.00000000E+00  0.00000000E+00i
      ghg4=  0.00000000E+00  0.00000000E+00i
      ghz1=  0.10000000E+01  0.00000000E+00i
      ghz2=  0.00000000E+00  0.00000000E+00i
      ghz3=  0.00000000E+00  0.00000000E+00i
      ghz4=  0.00000000E+00  0.00000000E+00i
      Lambda=  1000.0
    
    LHE output: ./data/output.lhe
    Histogram output: ./data/output.dat
    Log file: ./data/output.log
    
  Running

  Input parameters for vegas:  ndim=  9   ncall= 80707214.
                              it=    0    itmx=   15
                              acc=-1.00    
                              mds=  1     nd=  50
                              (xl,xu)= (  0.00000     ,  1.00000     )
                                       (  0.00000     ,  1.00000     )
                                       (  0.00000     ,  1.00000     )
                                       (  0.00000     ,  1.00000     )
                                       (  0.00000     ,  1.00000     )
                                       (  0.00000     ,  1.00000     )
                                       (  0.00000     ,  1.00000     )
                                       (  0.00000     ,  1.00000     )
                                       (  0.00000     ,  1.00000     )

#********** Integration by Vegas (iteration       1) ************
#                                                               *
#  integral  =  6.1082627       accum. integral =  6.1082627    *
#  std. dev. = 0.23208032       accum. std. dev = 0.23208032    *
#   min/max. wt. =    0.00000            0.161337               *
#                                                               *
#*************   chi**2/iteration = 0.2638E-09   ****************


#********** Integration by Vegas (iteration       2) ************
#                                                               *
#  integral  =  6.6153916       accum. integral =  6.4722521    *
#  std. dev. = 0.15762008       accum. std. dev = 0.12851912    *
#   min/max. wt. =    0.00000            0.840870E-01           *
#                                                               *
#*************   chi**2/iteration =  3.151       ****************


#********** Integration by Vegas (iteration       3) ************
#                                                               *
#  integral  =  8.6303433       accum. integral =  7.0548162    *
#  std. dev. = 0.28649058       accum. std. dev = 0.12419483    *
#   min/max. wt. =    0.00000            0.203770               *
#                                                               *
#*************   chi**2/iteration =  30.97       ****************


#********** Integration by Vegas (iteration       4) ************
#                                                               *
#  integral  =  11.599566       accum. integral =  7.5583052    *
#  std. dev. = 0.56679289       accum. std. dev = 0.13850703    *
#   min/max. wt. =    0.00000            0.521298               *
#                                                               *
#*************   chi**2/iteration =  50.11       ****************


#********** Integration by Vegas (iteration       5) ************
#                                                               *
#  integral  =  11.475534       accum. integral =  10.975735    *
#  std. dev. = 0.71374569E-01   accum. std. dev = 0.53357636E-01*
#   min/max. wt. =    0.00000            0.296221E-01           *
#                                                               *
#*************   chi**2/iteration =  182.3       ****************


#********** Integration by Vegas (iteration       6) ************
#                                                               *
#  integral  =  11.380381       accum. integral =  11.362030    *
#  std. dev. = 0.14409842E-01   accum. std. dev = 0.11858938E-01*
#   min/max. wt. =    0.00000            0.541391E-02           *
#                                                               *
#*************   chi**2/iteration =  143.9       ****************


#********** Integration by Vegas (iteration       7) ************
#                                                               *
#  integral  =  11.374421       accum. integral =  11.371930    *
#  std. dev. = 0.70591442E-02   accum. std. dev = 0.54702290E-02*
#   min/max. wt. =    0.00000            0.263104E-03           *
#                                                               *
#*************   chi**2/iteration =  113.5       ****************


#********** Integration by Vegas (iteration       8) ************
#                                                               *
#  integral  =  11.374609       accum. integral =  11.373406    *
#  std. dev. = 0.56962706E-02   accum. std. dev = 0.37405376E-02*
#   min/max. wt. =    0.00000            0.514607E-03           *
#                                                               *
#*************   chi**2/iteration =  93.44       ****************


#********** Integration by Vegas (iteration       9) ************
#                                                               *
#  integral  =  11.377051       accum. integral =  11.374802    *
#  std. dev. = 0.53661258E-02   accum. std. dev = 0.29829038E-02*
#   min/max. wt. =    0.00000            0.213660E-03           *
#                                                               *
#*************   chi**2/iteration =  79.35       ****************


#********** Integration by Vegas (iteration      10) ************
#                                                               *
#  integral  =  11.375838       accum. integral =  11.375093    *
#  std. dev. = 0.53185876E-02   accum. std. dev = 0.25602635E-02*
#   min/max. wt. =    0.00000            0.751087E-03           *
#                                                               *
#*************   chi**2/iteration =  68.89       ****************


#********** Integration by Vegas (iteration      11) ************
#                                                               *
#  integral  =  11.385802       accum. integral =  11.377473    *
#  std. dev. = 0.52745288E-02   accum. std. dev = 0.22796429E-02*
#   min/max. wt. =    0.00000            0.586261E-03           *
#                                                               *
#*************   chi**2/iteration =  61.21       ****************


#********** Integration by Vegas (iteration      12) ************
#                                                               *
#  integral  =  11.375035       accum. integral =  11.377030    *
#  std. dev. = 0.52719668E-02   accum. std. dev = 0.20782189E-02*
#   min/max. wt. =    0.00000            0.164086E-03           *
#                                                               *
#*************   chi**2/iteration =  54.80       ****************


#********** Integration by Vegas (iteration      13) ************
#                                                               *
#  integral  =  11.378515       accum. integral =  11.377254    *
#  std. dev. = 0.53312566E-02   accum. std. dev = 0.19274309E-02*
#   min/max. wt. =    0.00000            0.355995E-03           *
#                                                               *
#*************   chi**2/iteration =  49.60       ****************


#********** Integration by Vegas (iteration      14) ************
#                                                               *
#  integral  =  11.389167       accum. integral =  11.378849    *
#  std. dev. = 0.52725981E-02   accum. std. dev = 0.18037743E-02*
#   min/max. wt. =    0.00000            0.287071E-03           *
#                                                               *
#*************   chi**2/iteration =  45.66       ****************


#********** Integration by Vegas (iteration      15) ************
#                                                               *
#  integral  =  11.379917       accum. integral =  11.378972    *
#  std. dev. = 0.53593574E-02   accum. std. dev = 0.17053329E-02*
#   min/max. wt. =    0.00000            0.427408E-03           *
#                                                               *
#*************   chi**2/iteration =  42.01       ****************


  Input parameters for vegas:  ndim=  9   ncall= 80707214.
                              it=    0    itmx=    2
                              acc=-1.00    
                              mds=  1     nd=  50
                              (xl,xu)= (  0.00000     ,  1.00000     )
                                       (  0.00000     ,  1.00000     )
                                       (  0.00000     ,  1.00000     )
                                       (  0.00000     ,  1.00000     )
                                       (  0.00000     ,  1.00000     )
                                       (  0.00000     ,  1.00000     )
                                       (  0.00000     ,  1.00000     )
                                       (  0.00000     ,  1.00000     )
                                       (  0.00000     ,  1.00000     )

#********** Integration by Vegas (iteration       1) ************
#                                                               *
#  integral  =  11.374345       accum. integral =  11.374345    *
#  std. dev. = 0.53502119E-02   accum. std. dev = 0.53502119E-02*
#   min/max. wt. =    0.00000            0.202582E-03           *
#                                                               *
#*************   chi**2/iteration =  0.000       ****************


#********** Integration by Vegas (iteration       2) ************
#                                                               *
#  integral  =  11.388986       accum. integral =  11.381471    *
#  std. dev. = 0.55014693E-02   accum. std. dev = 0.38355995E-02*
#   min/max. wt. =    0.00000            0.341711E-03           *
#                                                               *
#*************   chi**2/iteration =  3.637       ****************

 Done
