SLURM job running in:  /scratch/groups/lhc/park/JHUGen/JHUGenerator
LHAPDF 6.1.5 loading /work-zfs/lhc/cms/slc6_amd64_gcc493/external/lhapdf/6.1.5-kpegke3/share/LHAPDF/NNPDF30_lo_as_0130/NNPDF30_lo_as_0130_0000.dat
NNPDF30_lo_as_0130 PDF set, member #0, version 2; LHAPDF ID = 263000
 extending no. of histograms for vbf tests
 
                                                                                          
   ***************************************************************************************
   *                                JHU Generator v6.9.3                                 *
   ***************************************************************************************
   *                                                                                     *
   *   Spin and parity determination of single-produced resonances at hadron colliders   *
   *                                                                                     *
   *          I. Anderson, S. Bolognesi, F. Caola, Y. Gao, A. Gritsan, Z. Guo,           *
   *        C. Martin, K. Melnikov, R.Rontsch, H. Roskes, U. Sarica, M. Schulze,         *
   *                   N. Tran, A. Whitbeck, M. Xiao, C. You, Y. Zhou                    *
   *                Phys.Rev. D81 (2010) 075022;  arXiv:1001.3396 [hep-ph],              *
   *                Phys.Rev. D86 (2012) 095031;  arXiv:1208.4018 [hep-ph],              *
   *                Phys.Rev. D89 (2014) 035007;  arXiv:1309.4819 [hep-ph].              *
   *                                                                                     *
   ***************************************************************************************
                                                                                          
   
   Command line: ./JHUGen Unweighted=0 VegasNc0=99999999 VegasNc1=99999999 VegasNc2=99999999 LHAPDF=NNPDF30_lo_as_0130/NNPDF30_lo_as_0130.info MReso=110 ghz1=1,0 Process=60 pTjetcut=0 deltaRcut=0
   
   Input Parameter:
    Collider: P-P, sqrt(s)=13000.00
    Resonance: spin=0, mass= 110.00 width=   0.00407
    Z-boson: mass=91.188, width=2.4952
    W-boson: mass=80.399, width=2.0850
    Jet cuts:
            pT >=     0.00 GeV
        DeltaR >=     0.00
           mJJ >=     0.00 GeV
    Random seed:   765675609
    To reproduce results using this seed, JHUGen should be compiled with the same compiler:
      GNU Fortran (GCC) 4.9.3
    
    WidthScheme:   2
    LHAPDF set NNPDF30_lo_as_0130/NNPDF30_lo_as_0130.info, member=  0
    Unweighted: F
    
    spin-0-VV couplings: 
      generate_as=F
      ghg2=  0.10000000E+01  0.00000000E+00i
      ghg3=  0.00000000E+00  0.00000000E+00i
      ghg4=  0.00000000E+00  0.00000000E+00i
      ghz1=  0.10000000E+01  0.00000000E+00i
      ghz2=  0.00000000E+00  0.00000000E+00i
      ghz3=  0.00000000E+00  0.00000000E+00i
      ghz4=  0.00000000E+00  0.00000000E+00i
      Lambda=  1000.0
    
    LHE output: ./data/output.lhe
    Histogram output: ./data/output.dat
    Log file: ./data/output.log
    
  Running

  Input parameters for vegas:  ndim=  9   ncall= 80707214.
                              it=    0    itmx=   15
                              acc=-1.00    
                              mds=  1     nd=  50
                              (xl,xu)= (  0.00000     ,  1.00000     )
                                       (  0.00000     ,  1.00000     )
                                       (  0.00000     ,  1.00000     )
                                       (  0.00000     ,  1.00000     )
                                       (  0.00000     ,  1.00000     )
                                       (  0.00000     ,  1.00000     )
                                       (  0.00000     ,  1.00000     )
                                       (  0.00000     ,  1.00000     )
                                       (  0.00000     ,  1.00000     )

#********** Integration by Vegas (iteration       1) ************
#                                                               *
#  integral  =  763.54015       accum. integral =  763.54015    *
#  std. dev. =  45.446189       accum. std. dev =  45.446189    *
#   min/max. wt. =    0.00000             35.9742               *
#                                                               *
#*************   chi**2/iteration =  0.000       ****************


#********** Integration by Vegas (iteration       2) ************
#                                                               *
#  integral  =  1088.9135       accum. integral =  920.03797    *
#  std. dev. =  67.326821       accum. std. dev =  40.324893    *
#   min/max. wt. =    0.00000             43.0653               *
#                                                               *
#*************   chi**2/iteration =  16.24       ****************


#********** Integration by Vegas (iteration       3) ************
#                                                               *
#  integral  =  1128.3862       accum. integral =  1044.1179    *
#  std. dev. =  39.874666       accum. std. dev =  27.460776    *
#   min/max. wt. =    0.00000             27.4223               *
#                                                               *
#*************   chi**2/iteration =  14.01       ****************


#********** Integration by Vegas (iteration       4) ************
#                                                               *
#  integral  =  1094.6412       accum. integral =  1090.4440    *
#  std. dev. =  8.9852439       accum. std. dev =  8.0926299    *
#   min/max. wt. =    0.00000             6.21582               *
#                                                               *
#*************   chi**2/iteration =  9.927       ****************


#********** Integration by Vegas (iteration       5) ************
#                                                               *
#  integral  =  1099.9328       accum. integral =  1099.4671    *
#  std. dev. =  1.9640763       accum. std. dev =  1.8179461    *
#   min/max. wt. =    0.00000            0.230907               *
#                                                               *
#*************   chi**2/iteration =  7.559       ****************


#********** Integration by Vegas (iteration       6) ************
#                                                               *
#  integral  =  1103.6572       accum. integral =  1102.7909    *
#  std. dev. = 0.98113896       accum. std. dev = 0.83468958    *
#   min/max. wt. =    0.00000            0.233985               *
#                                                               *
#*************   chi**2/iteration =  6.758       ****************


#********** Integration by Vegas (iteration       7) ************
#                                                               *
#  integral  =  1102.5053       accum. integral =  1102.6335    *
#  std. dev. = 0.78805182       accum. std. dev = 0.56305636    *
#   min/max. wt. =    0.00000            0.771404E-01           *
#                                                               *
#*************   chi**2/iteration =  5.568       ****************


#********** Integration by Vegas (iteration       8) ************
#                                                               *
#  integral  =  1101.4223       accum. integral =  1102.1545    *
#  std. dev. = 0.72248166       accum. std. dev = 0.43988437    *
#   min/max. wt. =    0.00000            0.571412E-01           *
#                                                               *
#*************   chi**2/iteration =  4.986       ****************


#********** Integration by Vegas (iteration       9) ************
#                                                               *
#  integral  =  1101.8457       accum. integral =  1102.0636    *
#  std. dev. = 0.70384146       accum. std. dev = 0.37091589    *
#   min/max. wt. =    0.00000            0.626395E-01           *
#                                                               *
#*************   chi**2/iteration =  4.348       ****************


#********** Integration by Vegas (iteration      10) ************
#                                                               *
#  integral  =  1102.1075       accum. integral =  1102.0733    *
#  std. dev. = 0.71712908       accum. std. dev = 0.32836679    *
#   min/max. wt. =    0.00000            0.171995               *
#                                                               *
#*************   chi**2/iteration =  3.842       ****************


#********** Integration by Vegas (iteration      11) ************
#                                                               *
#  integral  =  1103.2228       accum. integral =  1102.2880    *
#  std. dev. = 0.70406816       accum. std. dev = 0.29686768    *
#   min/max. wt. =    0.00000            0.458448E-01           *
#                                                               *
#*************   chi**2/iteration =  3.668       ****************


#********** Integration by Vegas (iteration      12) ************
#                                                               *
#  integral  =  1101.6845       accum. integral =  1102.1908    *
#  std. dev. = 0.69346275       accum. std. dev = 0.27244858    *
#   min/max. wt. =    0.00000            0.872175E-01           *
#                                                               *
#*************   chi**2/iteration =  3.382       ****************


#********** Integration by Vegas (iteration      13) ************
#                                                               *
#  integral  =  1102.4959       accum. integral =  1102.2331    *
#  std. dev. = 0.69469776       accum. std. dev = 0.25331920    *
#   min/max. wt. =    0.00000            0.564963E-01           *
#                                                               *
#*************   chi**2/iteration =  3.104       ****************


#********** Integration by Vegas (iteration      14) ************
#                                                               *
#  integral  =  1101.7322       accum. integral =  1102.1734    *
#  std. dev. = 0.70279354       accum. std. dev = 0.23810391    *
#   min/max. wt. =    0.00000            0.136513               *
#                                                               *
#*************   chi**2/iteration =  2.893       ****************


#********** Integration by Vegas (iteration      15) ************
#                                                               *
#  integral  =  1102.3033       accum. integral =  1102.1873    *
#  std. dev. = 0.70275662       accum. std. dev = 0.22535597    *
#   min/max. wt. =    0.00000            0.674907E-01           *
#                                                               *
#*************   chi**2/iteration =  2.681       ****************


  Input parameters for vegas:  ndim=  9   ncall= 80707214.
                              it=    0    itmx=    2
                              acc=-1.00    
                              mds=  1     nd=  50
                              (xl,xu)= (  0.00000     ,  1.00000     )
                                       (  0.00000     ,  1.00000     )
                                       (  0.00000     ,  1.00000     )
                                       (  0.00000     ,  1.00000     )
                                       (  0.00000     ,  1.00000     )
                                       (  0.00000     ,  1.00000     )
                                       (  0.00000     ,  1.00000     )
                                       (  0.00000     ,  1.00000     )
                                       (  0.00000     ,  1.00000     )

#********** Integration by Vegas (iteration       1) ************
#                                                               *
#  integral  =  1102.1216       accum. integral =  1102.1216    *
#  std. dev. = 0.69806418       accum. std. dev = 0.69806418    *
#   min/max. wt. =    0.00000            0.570665E-01           *
#                                                               *
#*************   chi**2/iteration =  0.000       ****************


#********** Integration by Vegas (iteration       2) ************
#                                                               *
#  integral  =  1102.1284       accum. integral =  1102.1250    *
#  std. dev. = 0.70358452       accum. std. dev = 0.49554613    *
#   min/max. wt. =    0.00000            0.946093E-01           *
#                                                               *
#*************   chi**2/iteration = 0.4654E-04   ****************

 Done
