SLURM job running in:  /scratch/groups/lhc/park/JHUGen/JHUGenerator
LHAPDF 6.1.5 loading /work-zfs/lhc/cms/slc6_amd64_gcc493/external/lhapdf/6.1.5-kpegke3/share/LHAPDF/NNPDF30_lo_as_0130/NNPDF30_lo_as_0130_0000.dat
NNPDF30_lo_as_0130 PDF set, member #0, version 2; LHAPDF ID = 263000
 extending no. of histograms for vbf tests
 
                                                                                          
   ***************************************************************************************
   *                                JHU Generator v6.9.3                                 *
   ***************************************************************************************
   *                                                                                     *
   *   Spin and parity determination of single-produced resonances at hadron colliders   *
   *                                                                                     *
   *          I. Anderson, S. Bolognesi, F. Caola, Y. Gao, A. Gritsan, Z. Guo,           *
   *        C. Martin, K. Melnikov, R.Rontsch, H. Roskes, U. Sarica, M. Schulze,         *
   *                   N. Tran, A. Whitbeck, M. Xiao, C. You, Y. Zhou                    *
   *                Phys.Rev. D81 (2010) 075022;  arXiv:1001.3396 [hep-ph],              *
   *                Phys.Rev. D86 (2012) 095031;  arXiv:1208.4018 [hep-ph],              *
   *                Phys.Rev. D89 (2014) 035007;  arXiv:1309.4819 [hep-ph].              *
   *                                                                                     *
   ***************************************************************************************
                                                                                          
   
   Command line: ./JHUGen Unweighted=0 VegasNc0=99999999 VegasNc1=99999999 VegasNc2=99999999 LHAPDF=NNPDF30_lo_as_0130/NNPDF30_lo_as_0130.info MReso=1140 ghz1=1,0 Process=60 pTjetcut=0 deltaRcut=0
   
   Input Parameter:
    Collider: P-P, sqrt(s)=13000.00
    Resonance: spin=0, mass=1140.00 width=   0.00407
    Z-boson: mass=91.188, width=2.4952
    W-boson: mass=80.399, width=2.0850
    Jet cuts:
            pT >=     0.00 GeV
        DeltaR >=     0.00
           mJJ >=     0.00 GeV
    Random seed:   261628318
    To reproduce results using this seed, JHUGen should be compiled with the same compiler:
      GNU Fortran (GCC) 4.9.3
    
    WidthScheme:   2
    LHAPDF set NNPDF30_lo_as_0130/NNPDF30_lo_as_0130.info, member=  0
    Unweighted: F
    
    spin-0-VV couplings: 
      generate_as=F
      ghg2=  0.10000000E+01  0.00000000E+00i
      ghg3=  0.00000000E+00  0.00000000E+00i
      ghg4=  0.00000000E+00  0.00000000E+00i
      ghz1=  0.10000000E+01  0.00000000E+00i
      ghz2=  0.00000000E+00  0.00000000E+00i
      ghz3=  0.00000000E+00  0.00000000E+00i
      ghz4=  0.00000000E+00  0.00000000E+00i
      Lambda=  1000.0
    
    LHE output: ./data/output.lhe
    Histogram output: ./data/output.dat
    Log file: ./data/output.log
    
  Running

  Input parameters for vegas:  ndim=  9   ncall= 80707214.
                              it=    0    itmx=   15
                              acc=-1.00    
                              mds=  1     nd=  50
                              (xl,xu)= (  0.00000     ,  1.00000     )
                                       (  0.00000     ,  1.00000     )
                                       (  0.00000     ,  1.00000     )
                                       (  0.00000     ,  1.00000     )
                                       (  0.00000     ,  1.00000     )
                                       (  0.00000     ,  1.00000     )
                                       (  0.00000     ,  1.00000     )
                                       (  0.00000     ,  1.00000     )
                                       (  0.00000     ,  1.00000     )

#********** Integration by Vegas (iteration       1) ************
#                                                               *
#  integral  =  4.9893543       accum. integral =  4.9893543    *
#  std. dev. = 0.58052776E-01   accum. std. dev = 0.58052776E-01*
#   min/max. wt. =    0.00000            0.503639E-01           *
#                                                               *
#*************   chi**2/iteration =  0.000       ****************


#********** Integration by Vegas (iteration       2) ************
#                                                               *
#  integral  =  5.9914945       accum. integral =  5.0278062    *
#  std. dev. = 0.34899813       accum. std. dev = 0.62905658E-01*
#   min/max. wt. =    0.00000            0.283178               *
#                                                               *
#*************   chi**2/iteration =  9.355       ****************


#********** Integration by Vegas (iteration       3) ************
#                                                               *
#  integral  =  8.5113911       accum. integral =  5.0639309    *
#  std. dev. = 0.94870451       accum. std. dev = 0.75642937E-01*
#   min/max. wt. =    0.00000            0.894951               *
#                                                               *
#*************   chi**2/iteration =  14.08       ****************


#********** Integration by Vegas (iteration       4) ************
#                                                               *
#  integral  =  9.2857468       accum. integral =  5.4085208    *
#  std. dev. = 0.35354543       accum. std. dev = 0.80570908E-01*
#   min/max. wt. =    0.00000            0.247190               *
#                                                               *
#*************   chi**2/iteration =  76.18       ****************


#********** Integration by Vegas (iteration       5) ************
#                                                               *
#  integral  =  9.6865945       accum. integral =  8.8829233    *
#  std. dev. = 0.50675766E-01   accum. std. dev = 0.37319330E-01*
#   min/max. wt. =    0.00000            0.214177E-01           *
#                                                               *
#*************   chi**2/iteration =  551.1       ****************


#********** Integration by Vegas (iteration       6) ************
#                                                               *
#  integral  =  9.7561986       accum. integral =  9.7208062    *
#  std. dev. = 0.94534294E-02   accum. std. dev = 0.78312562E-02*
#   min/max. wt. =    0.00000            0.129348E-02           *
#                                                               *
#*************   chi**2/iteration =  502.5       ****************


#********** Integration by Vegas (iteration       7) ************
#                                                               *
#  integral  =  9.7493232       accum. integral =  9.7419573    *
#  std. dev. = 0.54606644E-02   accum. std. dev = 0.40911597E-02*
#   min/max. wt. =    0.00000            0.471653E-03           *
#                                                               *
#*************   chi**2/iteration =  397.9       ****************


#********** Integration by Vegas (iteration       8) ************
#                                                               *
#  integral  =  9.7441300       accum. integral =  9.7430454    *
#  std. dev. = 0.46926608E-02   accum. std. dev = 0.29477612E-02*
#   min/max. wt. =    0.00000            0.228585E-03           *
#                                                               *
#*************   chi**2/iteration =  328.0       ****************


#********** Integration by Vegas (iteration       9) ************
#                                                               *
#  integral  =  9.7565351       accum. integral =  9.7477260    *
#  std. dev. = 0.45616696E-02   accum. std. dev = 0.24178641E-02*
#   min/max. wt. =    0.00000            0.312039E-03           *
#                                                               *
#*************   chi**2/iteration =  279.4       ****************


#********** Integration by Vegas (iteration      10) ************
#                                                               *
#  integral  =  9.7508115       accum. integral =  9.7485454    *
#  std. dev. = 0.44659984E-02   accum. std. dev = 0.20961619E-02*
#   min/max. wt. =    0.00000            0.294703E-03           *
#                                                               *
#*************   chi**2/iteration =  242.8       ****************


#********** Integration by Vegas (iteration      11) ************
#                                                               *
#  integral  =  9.7561218       accum. integral =  9.7501299    *
#  std. dev. = 0.44777905E-02   accum. std. dev = 0.18815586E-02*
#   min/max. wt. =    0.00000            0.309835E-03           *
#                                                               *
#*************   chi**2/iteration =  214.7       ****************


#********** Integration by Vegas (iteration      12) ************
#                                                               *
#  integral  =  9.7611213       accum. integral =  9.7520380    *
#  std. dev. = 0.44701876E-02   accum. std. dev = 0.17236435E-02*
#   min/max. wt. =    0.00000            0.242908E-03           *
#                                                               *
#*************   chi**2/iteration =  192.8       ****************


#********** Integration by Vegas (iteration      13) ************
#                                                               *
#  integral  =  9.7606184       accum. integral =  9.7533023    *
#  std. dev. = 0.44802143E-02   accum. std. dev = 0.16018228E-02*
#   min/max. wt. =    0.00000            0.203009E-03           *
#                                                               *
#*************   chi**2/iteration =  174.7       ****************


#********** Integration by Vegas (iteration      14) ************
#                                                               *
#  integral  =  9.7564800       accum. integral =  9.7537034    *
#  std. dev. = 0.45229698E-02   accum. std. dev = 0.15054150E-02*
#   min/max. wt. =    0.00000            0.358119E-03           *
#                                                               *
#*************   chi**2/iteration =  159.6       ****************


#********** Integration by Vegas (iteration      15) ************
#                                                               *
#  integral  =  9.7540370       accum. integral =  9.7537398    *
#  std. dev. = 0.45902714E-02   accum. std. dev = 0.14274674E-02*
#   min/max. wt. =    0.00000            0.410219E-03           *
#                                                               *
#*************   chi**2/iteration =  146.9       ****************


  Input parameters for vegas:  ndim=  9   ncall= 80707214.
                              it=    0    itmx=    2
                              acc=-1.00    
                              mds=  1     nd=  50
                              (xl,xu)= (  0.00000     ,  1.00000     )
                                       (  0.00000     ,  1.00000     )
                                       (  0.00000     ,  1.00000     )
                                       (  0.00000     ,  1.00000     )
                                       (  0.00000     ,  1.00000     )
                                       (  0.00000     ,  1.00000     )
                                       (  0.00000     ,  1.00000     )
                                       (  0.00000     ,  1.00000     )
                                       (  0.00000     ,  1.00000     )

#********** Integration by Vegas (iteration       1) ************
#                                                               *
#  integral  =  9.7502371       accum. integral =  9.7502371    *
#  std. dev. = 0.45901967E-02   accum. std. dev = 0.45901967E-02*
#   min/max. wt. =    0.00000            0.245404E-03           *
#                                                               *
#*************   chi**2/iteration =  0.000       ****************


#********** Integration by Vegas (iteration       2) ************
#                                                               *
#  integral  =  9.7656343       accum. integral =  9.7579136    *
#  std. dev. = 0.46106488E-02   accum. std. dev = 0.32529775E-02*
#   min/max. wt. =    0.00000            0.202794E-03           *
#                                                               *
#*************   chi**2/iteration =  5.595       ****************

 Done
