SLURM job running in:  /scratch/groups/lhc/park/JHUGen/JHUGenerator
LHAPDF 6.1.5 loading /work-zfs/lhc/cms/slc6_amd64_gcc493/external/lhapdf/6.1.5-kpegke3/share/LHAPDF/NNPDF30_lo_as_0130/NNPDF30_lo_as_0130_0000.dat
NNPDF30_lo_as_0130 PDF set, member #0, version 2; LHAPDF ID = 263000
 extending no. of histograms for vbf tests
 
                                                                                          
   ***************************************************************************************
   *                                JHU Generator v6.9.3                                 *
   ***************************************************************************************
   *                                                                                     *
   *   Spin and parity determination of single-produced resonances at hadron colliders   *
   *                                                                                     *
   *          I. Anderson, S. Bolognesi, F. Caola, Y. Gao, A. Gritsan, Z. Guo,           *
   *        C. Martin, K. Melnikov, R.Rontsch, H. Roskes, U. Sarica, M. Schulze,         *
   *                   N. Tran, A. Whitbeck, M. Xiao, C. You, Y. Zhou                    *
   *                Phys.Rev. D81 (2010) 075022;  arXiv:1001.3396 [hep-ph],              *
   *                Phys.Rev. D86 (2012) 095031;  arXiv:1208.4018 [hep-ph],              *
   *                Phys.Rev. D89 (2014) 035007;  arXiv:1309.4819 [hep-ph].              *
   *                                                                                     *
   ***************************************************************************************
                                                                                          
   
   Command line: ./JHUGen Unweighted=0 VegasNc0=99999999 VegasNc1=99999999 VegasNc2=99999999 LHAPDF=NNPDF30_lo_as_0130/NNPDF30_lo_as_0130.info MReso=114 ghz1=1,0 Process=60 pTjetcut=0 deltaRcut=0
   
   Input Parameter:
    Collider: P-P, sqrt(s)=13000.00
    Resonance: spin=0, mass= 114.00 width=   0.00407
    Z-boson: mass=91.188, width=2.4952
    W-boson: mass=80.399, width=2.0850
    Jet cuts:
            pT >=     0.00 GeV
        DeltaR >=     0.00
           mJJ >=     0.00 GeV
    Random seed:   589544905
    To reproduce results using this seed, JHUGen should be compiled with the same compiler:
      GNU Fortran (GCC) 4.9.3
    
    WidthScheme:   2
    LHAPDF set NNPDF30_lo_as_0130/NNPDF30_lo_as_0130.info, member=  0
    Unweighted: F
    
    spin-0-VV couplings: 
      generate_as=F
      ghg2=  0.10000000E+01  0.00000000E+00i
      ghg3=  0.00000000E+00  0.00000000E+00i
      ghg4=  0.00000000E+00  0.00000000E+00i
      ghz1=  0.10000000E+01  0.00000000E+00i
      ghz2=  0.00000000E+00  0.00000000E+00i
      ghz3=  0.00000000E+00  0.00000000E+00i
      ghz4=  0.00000000E+00  0.00000000E+00i
      Lambda=  1000.0
    
    LHE output: ./data/output.lhe
    Histogram output: ./data/output.dat
    Log file: ./data/output.log
    
  Running

  Input parameters for vegas:  ndim=  9   ncall= 80707214.
                              it=    0    itmx=   15
                              acc=-1.00    
                              mds=  1     nd=  50
                              (xl,xu)= (  0.00000     ,  1.00000     )
                                       (  0.00000     ,  1.00000     )
                                       (  0.00000     ,  1.00000     )
                                       (  0.00000     ,  1.00000     )
                                       (  0.00000     ,  1.00000     )
                                       (  0.00000     ,  1.00000     )
                                       (  0.00000     ,  1.00000     )
                                       (  0.00000     ,  1.00000     )
                                       (  0.00000     ,  1.00000     )

#********** Integration by Vegas (iteration       1) ************
#                                                               *
#  integral  =  772.58965       accum. integral =  772.58965    *
#  std. dev. =  80.624347       accum. std. dev =  80.624347    *
#   min/max. wt. =    0.00000             73.7983               *
#                                                               *
#*************   chi**2/iteration = -.3582E-10   ****************


#********** Integration by Vegas (iteration       2) ************
#                                                               *
#  integral  =  955.26853       accum. integral =  929.05085    *
#  std. dev. =  40.807178       accum. std. dev =  34.344891    *
#   min/max. wt. =    0.00000             25.5336               *
#                                                               *
#*************   chi**2/iteration =  3.474       ****************


#********** Integration by Vegas (iteration       3) ************
#                                                               *
#  integral  =  1080.4183       accum. integral =  1056.1696    *
#  std. dev. =  18.655258       accum. std. dev =  14.946522    *
#   min/max. wt. =    0.00000             11.3756               *
#                                                               *
#*************   chi**2/iteration =  8.366       ****************


#********** Integration by Vegas (iteration       4) ************
#                                                               *
#  integral  =  1065.4822       accum. integral =  1064.9168    *
#  std. dev. =  4.2863338       accum. std. dev =  3.8061398    *
#   min/max. wt. =    0.00000             1.68585               *
#                                                               *
#*************   chi**2/iteration =  5.336       ****************


#********** Integration by Vegas (iteration       5) ************
#                                                               *
#  integral  =  1065.1539       accum. integral =  1065.1301    *
#  std. dev. =  1.3881754       accum. std. dev =  1.2294117    *
#   min/max. wt. =    0.00000            0.393367               *
#                                                               *
#*************   chi**2/iteration =  3.856       ****************


#********** Integration by Vegas (iteration       6) ************
#                                                               *
#  integral  =  1065.4946       accum. integral =  1065.3836    *
#  std. dev. = 0.87105896       accum. std. dev = 0.68650061    *
#   min/max. wt. =    0.00000            0.966527E-01           *
#                                                               *
#*************   chi**2/iteration =  3.023       ****************


#********** Integration by Vegas (iteration       7) ************
#                                                               *
#  integral  =  1064.2894       accum. integral =  1064.8360    *
#  std. dev. = 0.72506059       accum. std. dev = 0.48926837    *
#   min/max. wt. =    0.00000            0.856952E-01           *
#                                                               *
#*************   chi**2/iteration =  2.686       ****************


#********** Integration by Vegas (iteration       8) ************
#                                                               *
#  integral  =  1063.5898       accum. integral =  1064.4395    *
#  std. dev. = 0.75026506       accum. std. dev = 0.40644228    *
#   min/max. wt. =    0.00000            0.316357               *
#                                                               *
#*************   chi**2/iteration =  2.566       ****************


#********** Integration by Vegas (iteration       9) ************
#                                                               *
#  integral  =  1065.4508       accum. integral =  1064.6931    *
#  std. dev. = 0.73280307       accum. std. dev = 0.35352191    *
#   min/max. wt. =    0.00000            0.600969E-01           *
#                                                               *
#*************   chi**2/iteration =  2.416       ****************


#********** Integration by Vegas (iteration      10) ************
#                                                               *
#  integral  =  1065.2261       accum. integral =  1064.8147    *
#  std. dev. = 0.67475609       accum. std. dev = 0.31177205    *
#   min/max. wt. =    0.00000            0.355237E-01           *
#                                                               *
#*************   chi**2/iteration =  2.188       ****************


#********** Integration by Vegas (iteration      11) ************
#                                                               *
#  integral  =  1064.6307       accum. integral =  1064.7802    *
#  std. dev. = 0.67006974       accum. std. dev = 0.28184797    *
#   min/max. wt. =    0.00000            0.873454E-01           *
#                                                               *
#*************   chi**2/iteration =  1.964       ****************


#********** Integration by Vegas (iteration      12) ************
#                                                               *
#  integral  =  1065.2936       accum. integral =  1064.8621    *
#  std. dev. = 0.66682822       accum. std. dev = 0.25906173    *
#   min/max. wt. =    0.00000            0.440386E-01           *
#                                                               *
#*************   chi**2/iteration =  1.824       ****************


#********** Integration by Vegas (iteration      13) ************
#                                                               *
#  integral  =  1064.4946       accum. integral =  1064.8127    *
#  std. dev. = 0.67529140       accum. std. dev = 0.24153192    *
#   min/max. wt. =    0.00000            0.433238E-01           *
#                                                               *
#*************   chi**2/iteration =  1.687       ****************


#********** Integration by Vegas (iteration      14) ************
#                                                               *
#  integral  =  1064.6961       accum. integral =  1064.7988    *
#  std. dev. = 0.67459429       accum. std. dev = 0.22715107    *
#   min/max. wt. =    0.00000            0.558944E-01           *
#                                                               *
#*************   chi**2/iteration =  1.554       ****************


#********** Integration by Vegas (iteration      15) ************
#                                                               *
#  integral  =  1064.9122       accum. integral =  1064.8106    *
#  std. dev. = 0.68396603       accum. std. dev = 0.21540551    *
#   min/max. wt. =    0.00000            0.657527E-01           *
#                                                               *
#*************   chi**2/iteration =  1.440       ****************


  Input parameters for vegas:  ndim=  9   ncall= 80707214.
                              it=    0    itmx=    2
                              acc=-1.00    
                              mds=  1     nd=  50
                              (xl,xu)= (  0.00000     ,  1.00000     )
                                       (  0.00000     ,  1.00000     )
                                       (  0.00000     ,  1.00000     )
                                       (  0.00000     ,  1.00000     )
                                       (  0.00000     ,  1.00000     )
                                       (  0.00000     ,  1.00000     )
                                       (  0.00000     ,  1.00000     )
                                       (  0.00000     ,  1.00000     )
                                       (  0.00000     ,  1.00000     )

#********** Integration by Vegas (iteration       1) ************
#                                                               *
#  integral  =  1065.3832       accum. integral =  1065.3832    *
#  std. dev. = 0.69105261       accum. std. dev = 0.69105261    *
#   min/max. wt. =    0.00000            0.701868E-01           *
#                                                               *
#*************   chi**2/iteration =  0.000       ****************


#********** Integration by Vegas (iteration       2) ************
#                                                               *
#  integral  =  1063.9645       accum. integral =  1064.6736    *
#  std. dev. = 0.68994055       accum. std. dev = 0.48825486    *
#   min/max. wt. =    0.00000            0.364804E-01           *
#                                                               *
#*************   chi**2/iteration =  2.109       ****************

 Done
