SLURM job running in:  /scratch/groups/lhc/park/JHUGen/JHUGenerator
LHAPDF 6.1.5 loading /work-zfs/lhc/cms/slc6_amd64_gcc493/external/lhapdf/6.1.5-kpegke3/share/LHAPDF/NNPDF30_lo_as_0130/NNPDF30_lo_as_0130_0000.dat
NNPDF30_lo_as_0130 PDF set, member #0, version 2; LHAPDF ID = 263000
 extending no. of histograms for vbf tests
 
                                                                                          
   ***************************************************************************************
   *                                JHU Generator v6.9.3                                 *
   ***************************************************************************************
   *                                                                                     *
   *   Spin and parity determination of single-produced resonances at hadron colliders   *
   *                                                                                     *
   *          I. Anderson, S. Bolognesi, F. Caola, Y. Gao, A. Gritsan, Z. Guo,           *
   *        C. Martin, K. Melnikov, R.Rontsch, H. Roskes, U. Sarica, M. Schulze,         *
   *                   N. Tran, A. Whitbeck, M. Xiao, C. You, Y. Zhou                    *
   *                Phys.Rev. D81 (2010) 075022;  arXiv:1001.3396 [hep-ph],              *
   *                Phys.Rev. D86 (2012) 095031;  arXiv:1208.4018 [hep-ph],              *
   *                Phys.Rev. D89 (2014) 035007;  arXiv:1309.4819 [hep-ph].              *
   *                                                                                     *
   ***************************************************************************************
                                                                                          
   
   Command line: ./JHUGen Unweighted=0 VegasNc0=99999999 VegasNc1=99999999 VegasNc2=99999999 LHAPDF=NNPDF30_lo_as_0130/NNPDF30_lo_as_0130.info MReso=116 ghz1=1,0 Process=60 pTjetcut=0 deltaRcut=0
   
   Input Parameter:
    Collider: P-P, sqrt(s)=13000.00
    Resonance: spin=0, mass= 116.00 width=   0.00407
    Z-boson: mass=91.188, width=2.4952
    W-boson: mass=80.399, width=2.0850
    Jet cuts:
            pT >=     0.00 GeV
        DeltaR >=     0.00
           mJJ >=     0.00 GeV
    Random seed:   202205586
    To reproduce results using this seed, JHUGen should be compiled with the same compiler:
      GNU Fortran (GCC) 4.9.3
    
    WidthScheme:   2
    LHAPDF set NNPDF30_lo_as_0130/NNPDF30_lo_as_0130.info, member=  0
    Unweighted: F
    
    spin-0-VV couplings: 
      generate_as=F
      ghg2=  0.10000000E+01  0.00000000E+00i
      ghg3=  0.00000000E+00  0.00000000E+00i
      ghg4=  0.00000000E+00  0.00000000E+00i
      ghz1=  0.10000000E+01  0.00000000E+00i
      ghz2=  0.00000000E+00  0.00000000E+00i
      ghz3=  0.00000000E+00  0.00000000E+00i
      ghz4=  0.00000000E+00  0.00000000E+00i
      Lambda=  1000.0
    
    LHE output: ./data/output.lhe
    Histogram output: ./data/output.dat
    Log file: ./data/output.log
    
  Running

  Input parameters for vegas:  ndim=  9   ncall= 80707214.
                              it=    0    itmx=   15
                              acc=-1.00    
                              mds=  1     nd=  50
                              (xl,xu)= (  0.00000     ,  1.00000     )
                                       (  0.00000     ,  1.00000     )
                                       (  0.00000     ,  1.00000     )
                                       (  0.00000     ,  1.00000     )
                                       (  0.00000     ,  1.00000     )
                                       (  0.00000     ,  1.00000     )
                                       (  0.00000     ,  1.00000     )
                                       (  0.00000     ,  1.00000     )
                                       (  0.00000     ,  1.00000     )

#********** Integration by Vegas (iteration       1) ************
#                                                               *
#  integral  =  705.14842       accum. integral =  705.14842    *
#  std. dev. =  29.973399       accum. std. dev =  29.973399    *
#   min/max. wt. =    0.00000             16.8583               *
#                                                               *
#*************   chi**2/iteration = -.6479E-10   ****************


#********** Integration by Vegas (iteration       2) ************
#                                                               *
#  integral  =  939.79143       accum. integral =  885.34032    *
#  std. dev. =  21.959512       accum. std. dev =  17.011756    *
#   min/max. wt. =    0.00000             12.6405               *
#                                                               *
#*************   chi**2/iteration =  33.87       ****************


#********** Integration by Vegas (iteration       3) ************
#                                                               *
#  integral  =  1049.2893       accum. integral =  982.74245    *
#  std. dev. =  17.759467       accum. std. dev =  11.864697    *
#   min/max. wt. =    0.00000             10.4725               *
#                                                               *
#*************   chi**2/iteration =  37.15       ****************


#********** Integration by Vegas (iteration       4) ************
#                                                               *
#  integral  =  1042.8646       accum. integral =  1037.3347    *
#  std. dev. =  4.3299781       accum. std. dev =  3.7372342    *
#   min/max. wt. =    0.00000             1.55704               *
#                                                               *
#*************   chi**2/iteration =  30.17       ****************


#********** Integration by Vegas (iteration       5) ************
#                                                               *
#  integral  =  1046.4307       accum. integral =  1045.5425    *
#  std. dev. =  1.3619634       accum. std. dev =  1.1940934    *
#   min/max. wt. =    0.00000            0.266837               *
#                                                               *
#*************   chi**2/iteration =  22.92       ****************


#********** Integration by Vegas (iteration       6) ************
#                                                               *
#  integral  =  1045.3243       accum. integral =  1045.3915    *
#  std. dev. = 0.86152429       accum. std. dev = 0.67172158    *
#   min/max. wt. =    0.00000            0.601797E-01           *
#                                                               *
#*************   chi**2/iteration =  17.83       ****************


#********** Integration by Vegas (iteration       7) ************
#                                                               *
#  integral  =  1046.6486       accum. integral =  1046.0167    *
#  std. dev. = 0.72162682       accum. std. dev = 0.48105245    *
#   min/max. wt. =    0.00000            0.707718E-01           *
#                                                               *
#*************   chi**2/iteration =  14.85       ****************


#********** Integration by Vegas (iteration       8) ************
#                                                               *
#  integral  =  1047.5117       accum. integral =  1046.5173    *
#  std. dev. = 0.71783660       accum. std. dev = 0.39528704    *
#   min/max. wt. =    0.00000            0.160030               *
#                                                               *
#*************   chi**2/iteration =  12.99       ****************


#********** Integration by Vegas (iteration       9) ************
#                                                               *
#  integral  =  1046.1496       accum. integral =  1046.4164    *
#  std. dev. = 0.67454508       accum. std. dev = 0.33859937    *
#   min/max. wt. =    0.00000            0.448665E-01           *
#                                                               *
#*************   chi**2/iteration =  11.27       ****************


#********** Integration by Vegas (iteration      10) ************
#                                                               *
#  integral  =  1045.7865       accum. integral =  1046.2747    *
#  std. dev. = 0.65577096       accum. std. dev = 0.29941556    *
#   min/max. wt. =    0.00000            0.403609E-01           *
#                                                               *
#*************   chi**2/iteration =  10.02       ****************


#********** Integration by Vegas (iteration      11) ************
#                                                               *
#  integral  =  1045.5533       accum. integral =  1046.1422    *
#  std. dev. = 0.65549297       accum. std. dev = 0.27148668    *
#   min/max. wt. =    0.00000            0.476524E-01           *
#                                                               *
#*************   chi**2/iteration =  9.059       ****************


#********** Integration by Vegas (iteration      12) ************
#                                                               *
#  integral  =  1045.2332       accum. integral =  1045.9994    *
#  std. dev. = 0.65043774       accum. std. dev = 0.24997309    *
#   min/max. wt. =    0.00000            0.381880E-01           *
#                                                               *
#*************   chi**2/iteration =  8.347       ****************


#********** Integration by Vegas (iteration      13) ************
#                                                               *
#  integral  =  1045.6973       accum. integral =  1045.9602    *
#  std. dev. = 0.66852498       accum. std. dev = 0.23379583    *
#   min/max. wt. =    0.00000            0.929445E-01           *
#                                                               *
#*************   chi**2/iteration =  7.629       ****************


#********** Integration by Vegas (iteration      14) ************
#                                                               *
#  integral  =  1046.6555       accum. integral =  1046.0408    *
#  std. dev. = 0.66520643       accum. std. dev = 0.22030984    *
#   min/max. wt. =    0.00000            0.428210E-01           *
#                                                               *
#*************   chi**2/iteration =  7.090       ****************


#********** Integration by Vegas (iteration      15) ************
#                                                               *
#  integral  =  1046.5646       accum. integral =  1046.0944    *
#  std. dev. = 0.67106343       accum. std. dev = 0.20913759    *
#   min/max. wt. =    0.00000            0.121954               *
#                                                               *
#*************   chi**2/iteration =  6.600       ****************


  Input parameters for vegas:  ndim=  9   ncall= 80707214.
                              it=    0    itmx=    2
                              acc=-1.00    
                              mds=  1     nd=  50
                              (xl,xu)= (  0.00000     ,  1.00000     )
                                       (  0.00000     ,  1.00000     )
                                       (  0.00000     ,  1.00000     )
                                       (  0.00000     ,  1.00000     )
                                       (  0.00000     ,  1.00000     )
                                       (  0.00000     ,  1.00000     )
                                       (  0.00000     ,  1.00000     )
                                       (  0.00000     ,  1.00000     )
                                       (  0.00000     ,  1.00000     )

#********** Integration by Vegas (iteration       1) ************
#                                                               *
#  integral  =  1045.5749       accum. integral =  1045.5749    *
#  std. dev. = 0.66592500       accum. std. dev = 0.66592500    *
#   min/max. wt. =    0.00000            0.334487E-01           *
#                                                               *
#*************   chi**2/iteration =  0.000       ****************


#********** Integration by Vegas (iteration       2) ************
#                                                               *
#  integral  =  1045.6955       accum. integral =  1045.6351    *
#  std. dev. = 0.66676372       accum. std. dev = 0.47117637    *
#   min/max. wt. =    0.00000            0.333152E-01           *
#                                                               *
#*************   chi**2/iteration = 0.1634E-01   ****************

 Done
