SLURM job running in:  /scratch/groups/lhc/park/JHUGen/JHUGenerator
LHAPDF 6.1.5 loading /work-zfs/lhc/cms/slc6_amd64_gcc493/external/lhapdf/6.1.5-kpegke3/share/LHAPDF/NNPDF30_lo_as_0130/NNPDF30_lo_as_0130_0000.dat
NNPDF30_lo_as_0130 PDF set, member #0, version 2; LHAPDF ID = 263000
 extending no. of histograms for vbf tests
 
                                                                                          
   ***************************************************************************************
   *                                JHU Generator v6.9.3                                 *
   ***************************************************************************************
   *                                                                                     *
   *   Spin and parity determination of single-produced resonances at hadron colliders   *
   *                                                                                     *
   *          I. Anderson, S. Bolognesi, F. Caola, Y. Gao, A. Gritsan, Z. Guo,           *
   *        C. Martin, K. Melnikov, R.Rontsch, H. Roskes, U. Sarica, M. Schulze,         *
   *                   N. Tran, A. Whitbeck, M. Xiao, C. You, Y. Zhou                    *
   *                Phys.Rev. D81 (2010) 075022;  arXiv:1001.3396 [hep-ph],              *
   *                Phys.Rev. D86 (2012) 095031;  arXiv:1208.4018 [hep-ph],              *
   *                Phys.Rev. D89 (2014) 035007;  arXiv:1309.4819 [hep-ph].              *
   *                                                                                     *
   ***************************************************************************************
                                                                                          
   
   Command line: ./JHUGen Unweighted=0 VegasNc0=99999999 VegasNc1=99999999 VegasNc2=99999999 LHAPDF=NNPDF30_lo_as_0130/NNPDF30_lo_as_0130.info MReso=1260 ghz1=1,0 Process=60 pTjetcut=0 deltaRcut=0
   
   Input Parameter:
    Collider: P-P, sqrt(s)=13000.00
    Resonance: spin=0, mass=1260.00 width=   0.00407
    Z-boson: mass=91.188, width=2.4952
    W-boson: mass=80.399, width=2.0850
    Jet cuts:
            pT >=     0.00 GeV
        DeltaR >=     0.00
           mJJ >=     0.00 GeV
    Random seed:   273880235
    To reproduce results using this seed, JHUGen should be compiled with the same compiler:
      GNU Fortran (GCC) 4.9.3
    
    WidthScheme:   2
    LHAPDF set NNPDF30_lo_as_0130/NNPDF30_lo_as_0130.info, member=  0
    Unweighted: F
    
    spin-0-VV couplings: 
      generate_as=F
      ghg2=  0.10000000E+01  0.00000000E+00i
      ghg3=  0.00000000E+00  0.00000000E+00i
      ghg4=  0.00000000E+00  0.00000000E+00i
      ghz1=  0.10000000E+01  0.00000000E+00i
      ghz2=  0.00000000E+00  0.00000000E+00i
      ghz3=  0.00000000E+00  0.00000000E+00i
      ghz4=  0.00000000E+00  0.00000000E+00i
      Lambda=  1000.0
    
    LHE output: ./data/output.lhe
    Histogram output: ./data/output.dat
    Log file: ./data/output.log
    
  Running

  Input parameters for vegas:  ndim=  9   ncall= 80707214.
                              it=    0    itmx=   15
                              acc=-1.00    
                              mds=  1     nd=  50
                              (xl,xu)= (  0.00000     ,  1.00000     )
                                       (  0.00000     ,  1.00000     )
                                       (  0.00000     ,  1.00000     )
                                       (  0.00000     ,  1.00000     )
                                       (  0.00000     ,  1.00000     )
                                       (  0.00000     ,  1.00000     )
                                       (  0.00000     ,  1.00000     )
                                       (  0.00000     ,  1.00000     )
                                       (  0.00000     ,  1.00000     )

#********** Integration by Vegas (iteration       1) ************
#                                                               *
#  integral  =  3.4861495       accum. integral =  3.4861495    *
#  std. dev. = 0.36532387E-01   accum. std. dev = 0.36532387E-01*
#   min/max. wt. =    0.00000            0.328839E-01           *
#                                                               *
#*************   chi**2/iteration =  0.000       ****************


#********** Integration by Vegas (iteration       2) ************
#                                                               *
#  integral  =  4.4076553       accum. integral =  3.4917746    *
#  std. dev. = 0.58937847       accum. std. dev = 0.41514335E-01*
#   min/max. wt. =    0.00000            0.567237               *
#                                                               *
#*************   chi**2/iteration =  2.986       ****************


#********** Integration by Vegas (iteration       3) ************
#                                                               *
#  integral  =  4.8580356       accum. integral =  3.5251046    *
#  std. dev. = 0.32095909       accum. std. dev = 0.44256219E-01*
#   min/max. wt. =    0.00000            0.292888               *
#                                                               *
#*************   chi**2/iteration =  12.62       ****************


#********** Integration by Vegas (iteration       4) ************
#                                                               *
#  integral  =  6.3161477       accum. integral =  4.0322721    *
#  std. dev. = 0.13830958       accum. std. dev = 0.45508796E-01*
#   min/max. wt. =    0.00000            0.638291E-01           *
#                                                               *
#*************   chi**2/iteration =  192.9       ****************


#********** Integration by Vegas (iteration       5) ************
#                                                               *
#  integral  =  6.8130592       accum. integral =  6.1438232    *
#  std. dev. = 0.35803329E-01   accum. std. dev = 0.24360161E-01*
#   min/max. wt. =  -0.564391E-18        0.115969E-01           *
#                                                               *
#*************   chi**2/iteration =  716.7       ****************


#********** Integration by Vegas (iteration       6) ************
#                                                               *
#  integral  =  6.8357253       accum. integral =  6.8062490    *
#  std. dev. = 0.66031340E-02   accum. std. dev = 0.52938164E-02*
#   min/max. wt. =    0.00000            0.539960E-03           *
#                                                               *
#*************   chi**2/iteration =  656.6       ****************


#********** Integration by Vegas (iteration       7) ************
#                                                               *
#  integral  =  6.8196749       accum. integral =  6.8163590    *
#  std. dev. = 0.36914578E-02   accum. std. dev = 0.27200194E-02*
#   min/max. wt. =    0.00000            0.406732E-03           *
#                                                               *
#*************   chi**2/iteration =  512.6       ****************


#********** Integration by Vegas (iteration       8) ************
#                                                               *
#  integral  =  6.8246206       accum. integral =  6.8204092    *
#  std. dev. = 0.32688112E-02   accum. std. dev = 0.19886626E-02*
#   min/max. wt. =    0.00000            0.184302E-03           *
#                                                               *
#*************   chi**2/iteration =  419.6       ****************


#********** Integration by Vegas (iteration       9) ************
#                                                               *
#  integral  =  6.8239493       accum. integral =  6.8216483    *
#  std. dev. = 0.31186729E-02   accum. std. dev = 0.16319322E-02*
#   min/max. wt. =    0.00000            0.180855E-03           *
#                                                               *
#*************   chi**2/iteration =  354.6       ****************


#********** Integration by Vegas (iteration      10) ************
#                                                               *
#  integral  =  6.8191309       accum. integral =  6.8209862    *
#  std. dev. = 0.30864731E-02   accum. std. dev = 0.14202290E-02*
#   min/max. wt. =    0.00000            0.293773E-03           *
#                                                               *
#*************   chi**2/iteration =  306.8       ****************


#********** Integration by Vegas (iteration      11) ************
#                                                               *
#  integral  =  6.8209414       accum. integral =  6.8209771    *
#  std. dev. = 0.31344127E-02   accum. std. dev = 0.12815958E-02*
#   min/max. wt. =    0.00000            0.652208E-03           *
#                                                               *
#*************   chi**2/iteration =  270.1       ****************


#********** Integration by Vegas (iteration      12) ************
#                                                               *
#  integral  =  6.8217129       accum. integral =  6.8211063    *
#  std. dev. = 0.30624426E-02   accum. std. dev = 0.11740831E-02*
#   min/max. wt. =    0.00000            0.134849E-03           *
#                                                               *
#*************   chi**2/iteration =  241.2       ****************


#********** Integration by Vegas (iteration      13) ************
#                                                               *
#  integral  =  6.8198405       accum. integral =  6.8209213    *
#  std. dev. = 0.31003522E-02   accum. std. dev = 0.10929344E-02*
#   min/max. wt. =    0.00000            0.189478E-03           *
#                                                               *
#*************   chi**2/iteration =  217.9       ****************


#********** Integration by Vegas (iteration      14) ************
#                                                               *
#  integral  =  6.8167867       accum. integral =  6.8203996    *
#  std. dev. = 0.31184056E-02   accum. std. dev = 0.10280457E-02*
#   min/max. wt. =    0.00000            0.175127E-03           *
#                                                               *
#*************   chi**2/iteration =  198.8       ****************


#********** Integration by Vegas (iteration      15) ************
#                                                               *
#  integral  =  6.8189123       accum. integral =  6.8202306    *
#  std. dev. = 0.30937371E-02   accum. std. dev = 0.97304620E-03*
#   min/max. wt. =    0.00000            0.166647E-03           *
#                                                               *
#*************   chi**2/iteration =  182.6       ****************


  Input parameters for vegas:  ndim=  9   ncall= 80707214.
                              it=    0    itmx=    2
                              acc=-1.00    
                              mds=  1     nd=  50
                              (xl,xu)= (  0.00000     ,  1.00000     )
                                       (  0.00000     ,  1.00000     )
                                       (  0.00000     ,  1.00000     )
                                       (  0.00000     ,  1.00000     )
                                       (  0.00000     ,  1.00000     )
                                       (  0.00000     ,  1.00000     )
                                       (  0.00000     ,  1.00000     )
                                       (  0.00000     ,  1.00000     )
                                       (  0.00000     ,  1.00000     )

#********** Integration by Vegas (iteration       1) ************
#                                                               *
#  integral  =  6.8206704       accum. integral =  6.8206704    *
#  std. dev. = 0.31415297E-02   accum. std. dev = 0.31415297E-02*
#   min/max. wt. =    0.00000            0.187680E-03           *
#                                                               *
#*************   chi**2/iteration =  0.000       ****************


#********** Integration by Vegas (iteration       2) ************
#                                                               *
#  integral  =  6.8210231       accum. integral =  6.8208451    *
#  std. dev. = 0.31708101E-02   accum. std. dev = 0.22316776E-02*
#   min/max. wt. =    0.00000            0.212935E-03           *
#                                                               *
#*************   chi**2/iteration = 0.6240E-02   ****************

 Done
