SLURM job running in:  /scratch/groups/lhc/park/JHUGen/JHUGenerator
LHAPDF 6.1.5 loading /work-zfs/lhc/cms/slc6_amd64_gcc493/external/lhapdf/6.1.5-kpegke3/share/LHAPDF/NNPDF30_lo_as_0130/NNPDF30_lo_as_0130_0000.dat
NNPDF30_lo_as_0130 PDF set, member #0, version 2; LHAPDF ID = 263000
 extending no. of histograms for vbf tests
 
                                                                                          
   ***************************************************************************************
   *                                JHU Generator v6.9.3                                 *
   ***************************************************************************************
   *                                                                                     *
   *   Spin and parity determination of single-produced resonances at hadron colliders   *
   *                                                                                     *
   *          I. Anderson, S. Bolognesi, F. Caola, Y. Gao, A. Gritsan, Z. Guo,           *
   *        C. Martin, K. Melnikov, R.Rontsch, H. Roskes, U. Sarica, M. Schulze,         *
   *                   N. Tran, A. Whitbeck, M. Xiao, C. You, Y. Zhou                    *
   *                Phys.Rev. D81 (2010) 075022;  arXiv:1001.3396 [hep-ph],              *
   *                Phys.Rev. D86 (2012) 095031;  arXiv:1208.4018 [hep-ph],              *
   *                Phys.Rev. D89 (2014) 035007;  arXiv:1309.4819 [hep-ph].              *
   *                                                                                     *
   ***************************************************************************************
                                                                                          
   
   Command line: ./JHUGen Unweighted=0 VegasNc0=99999999 VegasNc1=99999999 VegasNc2=99999999 LHAPDF=NNPDF30_lo_as_0130/NNPDF30_lo_as_0130.info MReso=132 ghz1=1,0 Process=60 pTjetcut=0 deltaRcut=0
   
   Input Parameter:
    Collider: P-P, sqrt(s)=13000.00
    Resonance: spin=0, mass= 132.00 width=   0.00407
    Z-boson: mass=91.188, width=2.4952
    W-boson: mass=80.399, width=2.0850
    Jet cuts:
            pT >=     0.00 GeV
        DeltaR >=     0.00
           mJJ >=     0.00 GeV
    Random seed:   967306431
    To reproduce results using this seed, JHUGen should be compiled with the same compiler:
      GNU Fortran (GCC) 4.9.3
    
    WidthScheme:   2
    LHAPDF set NNPDF30_lo_as_0130/NNPDF30_lo_as_0130.info, member=  0
    Unweighted: F
    
    spin-0-VV couplings: 
      generate_as=F
      ghg2=  0.10000000E+01  0.00000000E+00i
      ghg3=  0.00000000E+00  0.00000000E+00i
      ghg4=  0.00000000E+00  0.00000000E+00i
      ghz1=  0.10000000E+01  0.00000000E+00i
      ghz2=  0.00000000E+00  0.00000000E+00i
      ghz3=  0.00000000E+00  0.00000000E+00i
      ghz4=  0.00000000E+00  0.00000000E+00i
      Lambda=  1000.0
    
    LHE output: ./data/output.lhe
    Histogram output: ./data/output.dat
    Log file: ./data/output.log
    
  Running

  Input parameters for vegas:  ndim=  9   ncall= 80707214.
                              it=    0    itmx=   15
                              acc=-1.00    
                              mds=  1     nd=  50
                              (xl,xu)= (  0.00000     ,  1.00000     )
                                       (  0.00000     ,  1.00000     )
                                       (  0.00000     ,  1.00000     )
                                       (  0.00000     ,  1.00000     )
                                       (  0.00000     ,  1.00000     )
                                       (  0.00000     ,  1.00000     )
                                       (  0.00000     ,  1.00000     )
                                       (  0.00000     ,  1.00000     )
                                       (  0.00000     ,  1.00000     )

#********** Integration by Vegas (iteration       1) ************
#                                                               *
#  integral  =  608.75546       accum. integral =  608.75546    *
#  std. dev. =  26.502211       accum. std. dev =  26.502211    *
#   min/max. wt. =    0.00000             20.1159               *
#                                                               *
#*************   chi**2/iteration =  0.000       ****************


#********** Integration by Vegas (iteration       2) ************
#                                                               *
#  integral  =  1098.9272       accum. integral =  637.79745    *
#  std. dev. =  190.63669       accum. std. dev =  37.509909    *
#   min/max. wt. =    0.00000             159.393               *
#                                                               *
#*************   chi**2/iteration =  9.509       ****************


#********** Integration by Vegas (iteration       3) ************
#                                                               *
#  integral  =  871.90054       accum. integral =  857.17422    *
#  std. dev. =  9.5388346       accum. std. dev =  9.3502262    *
#   min/max. wt. =    0.00000             5.17060               *
#                                                               *
#*************   chi**2/iteration =  23.28       ****************


#********** Integration by Vegas (iteration       4) ************
#                                                               *
#  integral  =  920.83130       accum. integral =  907.41859    *
#  std. dev. =  5.0386570       accum. std. dev =  4.3388319    *
#   min/max. wt. =    0.00000             3.10022               *
#                                                               *
#*************   chi**2/iteration =  27.12       ****************


#********** Integration by Vegas (iteration       5) ************
#                                                               *
#  integral  =  914.04822       accum. integral =  912.94921    *
#  std. dev. =  1.9807882       accum. std. dev =  1.7751665    *
#   min/max. wt. =    0.00000            0.341220               *
#                                                               *
#*************   chi**2/iteration =  20.63       ****************


#********** Integration by Vegas (iteration       6) ************
#                                                               *
#  integral  =  913.20328       accum. integral =  913.14973    *
#  std. dev. = 0.93415775       accum. std. dev = 0.81752423    *
#   min/max. wt. =    0.00000            0.417118               *
#                                                               *
#*************   chi**2/iteration =  16.40       ****************


#********** Integration by Vegas (iteration       7) ************
#                                                               *
#  integral  =  913.23063       accum. integral =  913.19491    *
#  std. dev. = 0.73793797       accum. std. dev = 0.54441782    *
#   min/max. wt. =    0.00000            0.430277E-01           *
#                                                               *
#*************   chi**2/iteration =  13.61       ****************


#********** Integration by Vegas (iteration       8) ************
#                                                               *
#  integral  =  912.11364       accum. integral =  912.70722    *
#  std. dev. = 0.60765046       accum. std. dev = 0.40396545    *
#   min/max. wt. =    0.00000            0.489714E-01           *
#                                                               *
#*************   chi**2/iteration =  11.89       ****************


#********** Integration by Vegas (iteration       9) ************
#                                                               *
#  integral  =  913.61692       accum. integral =  912.99712    *
#  std. dev. = 0.59768398       accum. std. dev = 0.33388433    *
#   min/max. wt. =    0.00000            0.763835E-01           *
#                                                               *
#*************   chi**2/iteration =  10.58       ****************


#********** Integration by Vegas (iteration      10) ************
#                                                               *
#  integral  =  912.64891       accum. integral =  912.90954    *
#  std. dev. = 0.58141396       accum. std. dev = 0.28913275    *
#   min/max. wt. =    0.00000            0.688818E-01           *
#                                                               *
#*************   chi**2/iteration =  9.413       ****************


#********** Integration by Vegas (iteration      11) ************
#                                                               *
#  integral  =  913.44668       accum. integral =  913.01960    *
#  std. dev. = 0.57491072       accum. std. dev = 0.25803656    *
#   min/max. wt. =    0.00000            0.429694E-01           *
#                                                               *
#*************   chi**2/iteration =  8.528       ****************


#********** Integration by Vegas (iteration      12) ************
#                                                               *
#  integral  =  914.75084       accum. integral =  913.31566    *
#  std. dev. = 0.57378843       accum. std. dev = 0.23513546    *
#   min/max. wt. =    0.00000            0.435346E-01           *
#                                                               *
#*************   chi**2/iteration =  8.439       ****************


#********** Integration by Vegas (iteration      13) ************
#                                                               *
#  integral  =  913.71759       accum. integral =  913.37403    *
#  std. dev. = 0.57501235       accum. std. dev = 0.21752628    *
#   min/max. wt. =    0.00000            0.422872E-01           *
#                                                               *
#*************   chi**2/iteration =  7.761       ****************


#********** Integration by Vegas (iteration      14) ************
#                                                               *
#  integral  =  913.79298       accum. integral =  913.42657    *
#  std. dev. = 0.57867917       accum. std. dev = 0.20353624    *
#   min/max. wt. =    0.00000            0.578326E-01           *
#                                                               *
#*************   chi**2/iteration =  7.192       ****************


#********** Integration by Vegas (iteration      15) ************
#                                                               *
#  integral  =  913.07561       accum. integral =  913.38783    *
#  std. dev. = 0.58135761       accum. std. dev = 0.19205302    *
#   min/max. wt. =    0.00000            0.358412E-01           *
#                                                               *
#*************   chi**2/iteration =  6.697       ****************


  Input parameters for vegas:  ndim=  9   ncall= 80707214.
                              it=    0    itmx=    2
                              acc=-1.00    
                              mds=  1     nd=  50
                              (xl,xu)= (  0.00000     ,  1.00000     )
                                       (  0.00000     ,  1.00000     )
                                       (  0.00000     ,  1.00000     )
                                       (  0.00000     ,  1.00000     )
                                       (  0.00000     ,  1.00000     )
                                       (  0.00000     ,  1.00000     )
                                       (  0.00000     ,  1.00000     )
                                       (  0.00000     ,  1.00000     )
                                       (  0.00000     ,  1.00000     )

#********** Integration by Vegas (iteration       1) ************
#                                                               *
#  integral  =  912.40159       accum. integral =  912.40159    *
#  std. dev. = 0.58169683       accum. std. dev = 0.58169683    *
#   min/max. wt. =    0.00000            0.404382E-01           *
#                                                               *
#*************   chi**2/iteration = 0.3440E-06   ****************


#********** Integration by Vegas (iteration       2) ************
#                                                               *
#  integral  =  912.29227       accum. integral =  912.34703    *
#  std. dev. = 0.58270519       accum. std. dev = 0.41167778    *
#   min/max. wt. =    0.00000            0.284190E-01           *
#                                                               *
#*************   chi**2/iteration = 0.1761E-01   ****************

 Done
