SLURM job running in:  /scratch/groups/lhc/park/JHUGen/JHUGenerator
LHAPDF 6.1.5 loading /work-zfs/lhc/cms/slc6_amd64_gcc493/external/lhapdf/6.1.5-kpegke3/share/LHAPDF/NNPDF30_lo_as_0130/NNPDF30_lo_as_0130_0000.dat
NNPDF30_lo_as_0130 PDF set, member #0, version 2; LHAPDF ID = 263000
 extending no. of histograms for vbf tests
 
                                                                                          
   ***************************************************************************************
   *                                JHU Generator v6.9.3                                 *
   ***************************************************************************************
   *                                                                                     *
   *   Spin and parity determination of single-produced resonances at hadron colliders   *
   *                                                                                     *
   *          I. Anderson, S. Bolognesi, F. Caola, Y. Gao, A. Gritsan, Z. Guo,           *
   *        C. Martin, K. Melnikov, R.Rontsch, H. Roskes, U. Sarica, M. Schulze,         *
   *                   N. Tran, A. Whitbeck, M. Xiao, C. You, Y. Zhou                    *
   *                Phys.Rev. D81 (2010) 075022;  arXiv:1001.3396 [hep-ph],              *
   *                Phys.Rev. D86 (2012) 095031;  arXiv:1208.4018 [hep-ph],              *
   *                Phys.Rev. D89 (2014) 035007;  arXiv:1309.4819 [hep-ph].              *
   *                                                                                     *
   ***************************************************************************************
                                                                                          
   
   Command line: ./JHUGen Unweighted=0 VegasNc0=99999999 VegasNc1=99999999 VegasNc2=99999999 LHAPDF=NNPDF30_lo_as_0130/NNPDF30_lo_as_0130.info MReso=1330 ghz1=1,0 Process=60 pTjetcut=0 deltaRcut=0
   
   Input Parameter:
    Collider: P-P, sqrt(s)=13000.00
    Resonance: spin=0, mass=1330.00 width=   0.00407
    Z-boson: mass=91.188, width=2.4952
    W-boson: mass=80.399, width=2.0850
    Jet cuts:
            pT >=     0.00 GeV
        DeltaR >=     0.00
           mJJ >=     0.00 GeV
    Random seed:   306766784
    To reproduce results using this seed, JHUGen should be compiled with the same compiler:
      GNU Fortran (GCC) 4.9.3
    
    WidthScheme:   2
    LHAPDF set NNPDF30_lo_as_0130/NNPDF30_lo_as_0130.info, member=  0
    Unweighted: F
    
    spin-0-VV couplings: 
      generate_as=F
      ghg2=  0.10000000E+01  0.00000000E+00i
      ghg3=  0.00000000E+00  0.00000000E+00i
      ghg4=  0.00000000E+00  0.00000000E+00i
      ghz1=  0.10000000E+01  0.00000000E+00i
      ghz2=  0.00000000E+00  0.00000000E+00i
      ghz3=  0.00000000E+00  0.00000000E+00i
      ghz4=  0.00000000E+00  0.00000000E+00i
      Lambda=  1000.0
    
    LHE output: ./data/output.lhe
    Histogram output: ./data/output.dat
    Log file: ./data/output.log
    
  Running

  Input parameters for vegas:  ndim=  9   ncall= 80707214.
                              it=    0    itmx=   15
                              acc=-1.00    
                              mds=  1     nd=  50
                              (xl,xu)= (  0.00000     ,  1.00000     )
                                       (  0.00000     ,  1.00000     )
                                       (  0.00000     ,  1.00000     )
                                       (  0.00000     ,  1.00000     )
                                       (  0.00000     ,  1.00000     )
                                       (  0.00000     ,  1.00000     )
                                       (  0.00000     ,  1.00000     )
                                       (  0.00000     ,  1.00000     )
                                       (  0.00000     ,  1.00000     )

#********** Integration by Vegas (iteration       1) ************
#                                                               *
#  integral  =  2.8276474       accum. integral =  2.8276474    *
#  std. dev. = 0.15258721E-01   accum. std. dev = 0.15258721E-01*
#   min/max. wt. =    0.00000            0.911534E-02           *
#                                                               *
#*************   chi**2/iteration = -.3815E-08   ****************


#********** Integration by Vegas (iteration       2) ************
#                                                               *
#  integral  =  3.2147442       accum. integral =  2.8341275    *
#  std. dev. = 0.13295140       accum. std. dev = 0.16199263E-01*
#   min/max. wt. =    0.00000            0.113344               *
#                                                               *
#*************   chi**2/iteration =  9.390       ****************


#********** Integration by Vegas (iteration       3) ************
#                                                               *
#  integral  =  6.3295107       accum. integral =  2.8361449    *
#  std. dev. =  1.4093505       accum. std. dev = 0.23600486E-01*
#   min/max. wt. =    0.00000             1.15266               *
#                                                               *
#*************   chi**2/iteration =  8.535       ****************


#********** Integration by Vegas (iteration       4) ************
#                                                               *
#  integral  =  5.1409234       accum. integral =  2.9396481    *
#  std. dev. = 0.12682447       accum. std. dev = 0.24074009E-01*
#   min/max. wt. =    0.00000            0.538043E-01           *
#                                                               *
#*************   chi**2/iteration =  136.2       ****************


#********** Integration by Vegas (iteration       5) ************
#                                                               *
#  integral  =  5.5656669       accum. integral =  3.8800731    *
#  std. dev. = 0.38954338E-01   accum. std. dev = 0.20156655E-01*
#   min/max. wt. =    0.00000            0.253548E-01           *
#                                                               *
#*************   chi**2/iteration =  1069.       ****************


#********** Integration by Vegas (iteration       6) ************
#                                                               *
#  integral  =  5.5662626       accum. integral =  5.3946370    *
#  std. dev. = 0.78480667E-02   accum. std. dev = 0.66092204E-02*
#   min/max. wt. =    0.00000            0.204609E-02           *
#                                                               *
#*************   chi**2/iteration =  1999.       ****************


#********** Integration by Vegas (iteration       7) ************
#                                                               *
#  integral  =  5.5713214       accum. integral =  5.5404711    *
#  std. dev. = 0.34241140E-02   accum. std. dev = 0.28142556E-02*
#   min/max. wt. =    0.00000            0.229465E-03           *
#                                                               *
#*************   chi**2/iteration =  1699.       ****************


#********** Integration by Vegas (iteration       8) ************
#                                                               *
#  integral  =  5.5732490       accum. integral =  5.5588110    *
#  std. dev. = 0.27611048E-02   accum. std. dev = 0.18936031E-02*
#   min/max. wt. =    0.00000            0.253792E-03           *
#                                                               *
#*************   chi**2/iteration =  1428.       ****************


#********** Integration by Vegas (iteration       9) ************
#                                                               *
#  integral  =  5.5728894       accum. integral =  5.5643292    *
#  std. dev. = 0.25722290E-02   accum. std. dev = 0.14920355E-02*
#   min/max. wt. =    0.00000            0.993489E-04           *
#                                                               *
#*************   chi**2/iteration =  1226.       ****************


#********** Integration by Vegas (iteration      10) ************
#                                                               *
#  integral  =  5.5726946       accum. integral =  5.5667558    *
#  std. dev. = 0.25191710E-02   accum. std. dev = 0.12674581E-02*
#   min/max. wt. =    0.00000            0.359868E-03           *
#                                                               *
#*************   chi**2/iteration =  1073.       ****************


#********** Integration by Vegas (iteration      11) ************
#                                                               *
#  integral  =  5.5685599       accum. integral =  5.5671667    *
#  std. dev. = 0.24967706E-02   accum. std. dev = 0.11211128E-02*
#   min/max. wt. =    0.00000            0.109902E-03           *
#                                                               *
#*************   chi**2/iteration =  953.4       ****************


#********** Integration by Vegas (iteration      12) ************
#                                                               *
#  integral  =  5.5725058       accum. integral =  5.5681333    *
#  std. dev. = 0.25358404E-02   accum. std. dev = 0.10200865E-02*
#   min/max. wt. =    0.00000            0.152919E-03           *
#                                                               *
#*************   chi**2/iteration =  857.8       ****************


#********** Integration by Vegas (iteration      13) ************
#                                                               *
#  integral  =  5.5742154       accum. integral =  5.5690929    *
#  std. dev. = 0.24937593E-02   accum. std. dev = 0.94045807E-03*
#   min/max. wt. =    0.00000            0.113019E-03           *
#                                                               *
#*************   chi**2/iteration =  779.6       ****************


#********** Integration by Vegas (iteration      14) ************
#                                                               *
#  integral  =  5.5688068       accum. integral =  5.5690544    *
#  std. dev. = 0.25120438E-02   accum. std. dev = 0.87835557E-03*
#   min/max. wt. =    0.00000            0.154506E-03           *
#                                                               *
#*************   chi**2/iteration =  714.2       ****************


#********** Integration by Vegas (iteration      15) ************
#                                                               *
#  integral  =  5.5712597       accum. integral =  5.5693145    *
#  std. dev. = 0.25192502E-02   accum. std. dev = 0.82768118E-03*
#   min/max. wt. =    0.00000            0.210618E-03           *
#                                                               *
#*************   chi**2/iteration =  658.8       ****************


  Input parameters for vegas:  ndim=  9   ncall= 80707214.
                              it=    0    itmx=    2
                              acc=-1.00    
                              mds=  1     nd=  50
                              (xl,xu)= (  0.00000     ,  1.00000     )
                                       (  0.00000     ,  1.00000     )
                                       (  0.00000     ,  1.00000     )
                                       (  0.00000     ,  1.00000     )
                                       (  0.00000     ,  1.00000     )
                                       (  0.00000     ,  1.00000     )
                                       (  0.00000     ,  1.00000     )
                                       (  0.00000     ,  1.00000     )
                                       (  0.00000     ,  1.00000     )

#********** Integration by Vegas (iteration       1) ************
#                                                               *
#  integral  =  5.5720920       accum. integral =  5.5720920    *
#  std. dev. = 0.25416828E-02   accum. std. dev = 0.25416828E-02*
#   min/max. wt. =    0.00000            0.117358E-03           *
#                                                               *
#*************   chi**2/iteration = 0.5499E-06   ****************


#********** Integration by Vegas (iteration       2) ************
#                                                               *
#  integral  =  5.5746373       accum. integral =  5.5733639    *
#  std. dev. = 0.25442997E-02   accum. std. dev = 0.17981661E-02*
#   min/max. wt. =    0.00000            0.992209E-04           *
#                                                               *
#*************   chi**2/iteration = 0.5004       ****************

 Done
