SLURM job running in:  /scratch/groups/lhc/park/JHUGen/JHUGenerator
LHAPDF 6.1.5 loading /work-zfs/lhc/cms/slc6_amd64_gcc493/external/lhapdf/6.1.5-kpegke3/share/LHAPDF/NNPDF30_lo_as_0130/NNPDF30_lo_as_0130_0000.dat
NNPDF30_lo_as_0130 PDF set, member #0, version 2; LHAPDF ID = 263000
 extending no. of histograms for vbf tests
 
                                                                                          
   ***************************************************************************************
   *                                JHU Generator v6.9.3                                 *
   ***************************************************************************************
   *                                                                                     *
   *   Spin and parity determination of single-produced resonances at hadron colliders   *
   *                                                                                     *
   *          I. Anderson, S. Bolognesi, F. Caola, Y. Gao, A. Gritsan, Z. Guo,           *
   *        C. Martin, K. Melnikov, R.Rontsch, H. Roskes, U. Sarica, M. Schulze,         *
   *                   N. Tran, A. Whitbeck, M. Xiao, C. You, Y. Zhou                    *
   *                Phys.Rev. D81 (2010) 075022;  arXiv:1001.3396 [hep-ph],              *
   *                Phys.Rev. D86 (2012) 095031;  arXiv:1208.4018 [hep-ph],              *
   *                Phys.Rev. D89 (2014) 035007;  arXiv:1309.4819 [hep-ph].              *
   *                                                                                     *
   ***************************************************************************************
                                                                                          
   
   Command line: ./JHUGen Unweighted=0 VegasNc0=99999999 VegasNc1=99999999 VegasNc2=99999999 LHAPDF=NNPDF30_lo_as_0130/NNPDF30_lo_as_0130.info MReso=1550 ghz1=1,0 Process=60 pTjetcut=0 deltaRcut=0
   
   Input Parameter:
    Collider: P-P, sqrt(s)=13000.00
    Resonance: spin=0, mass=1550.00 width=   0.00407
    Z-boson: mass=91.188, width=2.4952
    W-boson: mass=80.399, width=2.0850
    Jet cuts:
            pT >=     0.00 GeV
        DeltaR >=     0.00
           mJJ >=     0.00 GeV
    Random seed:   825011026
    To reproduce results using this seed, JHUGen should be compiled with the same compiler:
      GNU Fortran (GCC) 4.9.3
    
    WidthScheme:   2
    LHAPDF set NNPDF30_lo_as_0130/NNPDF30_lo_as_0130.info, member=  0
    Unweighted: F
    
    spin-0-VV couplings: 
      generate_as=F
      ghg2=  0.10000000E+01  0.00000000E+00i
      ghg3=  0.00000000E+00  0.00000000E+00i
      ghg4=  0.00000000E+00  0.00000000E+00i
      ghz1=  0.10000000E+01  0.00000000E+00i
      ghz2=  0.00000000E+00  0.00000000E+00i
      ghz3=  0.00000000E+00  0.00000000E+00i
      ghz4=  0.00000000E+00  0.00000000E+00i
      Lambda=  1000.0
    
    LHE output: ./data/output.lhe
    Histogram output: ./data/output.dat
    Log file: ./data/output.log
    
  Running

  Input parameters for vegas:  ndim=  9   ncall= 80707214.
                              it=    0    itmx=   15
                              acc=-1.00    
                              mds=  1     nd=  50
                              (xl,xu)= (  0.00000     ,  1.00000     )
                                       (  0.00000     ,  1.00000     )
                                       (  0.00000     ,  1.00000     )
                                       (  0.00000     ,  1.00000     )
                                       (  0.00000     ,  1.00000     )
                                       (  0.00000     ,  1.00000     )
                                       (  0.00000     ,  1.00000     )
                                       (  0.00000     ,  1.00000     )
                                       (  0.00000     ,  1.00000     )

#********** Integration by Vegas (iteration       1) ************
#                                                               *
#  integral  =  1.7170411       accum. integral =  1.7170411    *
#  std. dev. = 0.17407132       accum. std. dev = 0.17407132    *
#   min/max. wt. =    0.00000            0.173862               *
#                                                               *
#*************   chi**2/iteration =  0.000       ****************


#********** Integration by Vegas (iteration       2) ************
#                                                               *
#  integral  =  1.6427476       accum. integral =  1.6526573    *
#  std. dev. = 0.65336945E-01   accum. std. dev = 0.62214136E-01*
#   min/max. wt. =    0.00000            0.429060E-01           *
#                                                               *
#*************   chi**2/iteration = 0.1647       ****************


#********** Integration by Vegas (iteration       3) ************
#                                                               *
#  integral  =  2.2266334       accum. integral =  1.8554447    *
#  std. dev. = 0.11153894       accum. std. dev = 0.55981034E-01*
#   min/max. wt. =    0.00000            0.890512E-01           *
#                                                               *
#*************   chi**2/iteration =  12.07       ****************


#********** Integration by Vegas (iteration       4) ************
#                                                               *
#  integral  =  2.9443378       accum. integral =  2.1309334    *
#  std. dev. = 0.15064002       accum. std. dev = 0.56489342E-01*
#   min/max. wt. =    0.00000            0.988753E-01           *
#                                                               *
#*************   chi**2/iteration =  29.30       ****************


#********** Integration by Vegas (iteration       5) ************
#                                                               *
#  integral  =  2.9971339       accum. integral =  2.9596610    *
#  std. dev. = 0.16401029E-01   accum. std. dev = 0.12724397E-01*
#   min/max. wt. =    0.00000            0.632104E-02           *
#                                                               *
#*************   chi**2/iteration =  66.68       ****************


#********** Integration by Vegas (iteration       6) ************
#                                                               *
#  integral  =  3.0236455       accum. integral =  3.0209309    *
#  std. dev. = 0.34065992E-02   accum. std. dev = 0.27525261E-02*
#   min/max. wt. =    0.00000            0.375695E-03           *
#                                                               *
#*************   chi**2/iteration =  52.76       ****************


#********** Integration by Vegas (iteration       7) ************
#                                                               *
#  integral  =  3.0311623       accum. integral =  3.0290511    *
#  std. dev. = 0.17039937E-02   accum. std. dev = 0.12919867E-02*
#   min/max. wt. =    0.00000            0.174482E-03           *
#                                                               *
#*************   chi**2/iteration =  42.89       ****************


#********** Integration by Vegas (iteration       8) ************
#                                                               *
#  integral  =  3.0304309       accum. integral =  3.0297875    *
#  std. dev. = 0.14186805E-02   accum. std. dev = 0.90297608E-03*
#   min/max. wt. =    0.00000            0.169438E-03           *
#                                                               *
#*************   chi**2/iteration =  35.18       ****************


#********** Integration by Vegas (iteration       9) ************
#                                                               *
#  integral  =  3.0301957       accum. integral =  3.0299393    *
#  std. dev. = 0.13463281E-02   accum. std. dev = 0.72804513E-03*
#   min/max. wt. =    0.00000            0.110404E-03           *
#                                                               *
#*************   chi**2/iteration =  29.74       ****************


#********** Integration by Vegas (iteration      10) ************
#                                                               *
#  integral  =  3.0293306       accum. integral =  3.0297716    *
#  std. dev. = 0.13311962E-02   accum. std. dev = 0.62803475E-03*
#   min/max. wt. =    0.00000            0.524260E-04           *
#                                                               *
#*************   chi**2/iteration =  25.76       ****************


#********** Integration by Vegas (iteration      11) ************
#                                                               *
#  integral  =  3.0337206       accum. integral =  3.0306014    *
#  std. dev. = 0.13567279E-02   accum. std. dev = 0.56425708E-03*
#   min/max. wt. =    0.00000            0.118516E-03           *
#                                                               *
#*************   chi**2/iteration =  23.50       ****************


#********** Integration by Vegas (iteration      12) ************
#                                                               *
#  integral  =  3.0299479       accum. integral =  3.0304863    *
#  std. dev. = 0.13430876E-02   accum. std. dev = 0.51663905E-03*
#   min/max. wt. =    0.00000            0.169889E-03           *
#                                                               *
#*************   chi**2/iteration =  21.01       ****************


#********** Integration by Vegas (iteration      13) ************
#                                                               *
#  integral  =  3.0316801       accum. integral =  3.0306748    *
#  std. dev. = 0.13024320E-02   accum. std. dev = 0.47757416E-03*
#   min/max. wt. =    0.00000            0.120825E-03           *
#                                                               *
#*************   chi**2/iteration =  19.05       ****************


#********** Integration by Vegas (iteration      14) ************
#                                                               *
#  integral  =  3.0326816       accum. integral =  3.0309337    *
#  std. dev. = 0.13454519E-02   accum. std. dev = 0.44849183E-03*
#   min/max. wt. =    0.00000            0.721716E-04           *
#                                                               *
#*************   chi**2/iteration =  17.54       ****************


#********** Integration by Vegas (iteration      15) ************
#                                                               *
#  integral  =  3.0295209       accum. integral =  3.0307696    *
#  std. dev. = 0.13316244E-02   accum. std. dev = 0.42386292E-03*
#   min/max. wt. =    0.00000            0.439380E-04           *
#                                                               *
#*************   chi**2/iteration =  16.20       ****************


  Input parameters for vegas:  ndim=  9   ncall= 80707214.
                              it=    0    itmx=    2
                              acc=-1.00    
                              mds=  1     nd=  50
                              (xl,xu)= (  0.00000     ,  1.00000     )
                                       (  0.00000     ,  1.00000     )
                                       (  0.00000     ,  1.00000     )
                                       (  0.00000     ,  1.00000     )
                                       (  0.00000     ,  1.00000     )
                                       (  0.00000     ,  1.00000     )
                                       (  0.00000     ,  1.00000     )
                                       (  0.00000     ,  1.00000     )
                                       (  0.00000     ,  1.00000     )

#********** Integration by Vegas (iteration       1) ************
#                                                               *
#  integral  =  3.0289801       accum. integral =  3.0289801    *
#  std. dev. = 0.13601960E-02   accum. std. dev = 0.13601960E-02*
#   min/max. wt. =    0.00000            0.932797E-04           *
#                                                               *
#*************   chi**2/iteration =  0.000       ****************


#********** Integration by Vegas (iteration       2) ************
#                                                               *
#  integral  =  3.0319161       accum. integral =  3.0304518    *
#  std. dev. = 0.13580552E-02   accum. std. dev = 0.96104530E-03*
#   min/max. wt. =    0.00000            0.691385E-04           *
#                                                               *
#*************   chi**2/iteration =  2.331       ****************

 Done
