SLURM job running in:  /scratch/groups/lhc/park/JHUGen/JHUGenerator
LHAPDF 6.1.5 loading /work-zfs/lhc/cms/slc6_amd64_gcc493/external/lhapdf/6.1.5-kpegke3/share/LHAPDF/NNPDF30_lo_as_0130/NNPDF30_lo_as_0130_0000.dat
NNPDF30_lo_as_0130 PDF set, member #0, version 2; LHAPDF ID = 263000
 extending no. of histograms for vbf tests
 
                                                                                          
   ***************************************************************************************
   *                                JHU Generator v6.9.3                                 *
   ***************************************************************************************
   *                                                                                     *
   *   Spin and parity determination of single-produced resonances at hadron colliders   *
   *                                                                                     *
   *          I. Anderson, S. Bolognesi, F. Caola, Y. Gao, A. Gritsan, Z. Guo,           *
   *        C. Martin, K. Melnikov, R.Rontsch, H. Roskes, U. Sarica, M. Schulze,         *
   *                   N. Tran, A. Whitbeck, M. Xiao, C. You, Y. Zhou                    *
   *                Phys.Rev. D81 (2010) 075022;  arXiv:1001.3396 [hep-ph],              *
   *                Phys.Rev. D86 (2012) 095031;  arXiv:1208.4018 [hep-ph],              *
   *                Phys.Rev. D89 (2014) 035007;  arXiv:1309.4819 [hep-ph].              *
   *                                                                                     *
   ***************************************************************************************
                                                                                          
   
   Command line: ./JHUGen Unweighted=0 VegasNc0=99999999 VegasNc1=99999999 VegasNc2=99999999 LHAPDF=NNPDF30_lo_as_0130/NNPDF30_lo_as_0130.info MReso=158 ghz1=1,0 Process=60 pTjetcut=0 deltaRcut=0
   
   Input Parameter:
    Collider: P-P, sqrt(s)=13000.00
    Resonance: spin=0, mass= 158.00 width=   0.00407
    Z-boson: mass=91.188, width=2.4952
    W-boson: mass=80.399, width=2.0850
    Jet cuts:
            pT >=     0.00 GeV
        DeltaR >=     0.00
           mJJ >=     0.00 GeV
    Random seed:   700008352
    To reproduce results using this seed, JHUGen should be compiled with the same compiler:
      GNU Fortran (GCC) 4.9.3
    
    WidthScheme:   2
    LHAPDF set NNPDF30_lo_as_0130/NNPDF30_lo_as_0130.info, member=  0
    Unweighted: F
    
    spin-0-VV couplings: 
      generate_as=F
      ghg2=  0.10000000E+01  0.00000000E+00i
      ghg3=  0.00000000E+00  0.00000000E+00i
      ghg4=  0.00000000E+00  0.00000000E+00i
      ghz1=  0.10000000E+01  0.00000000E+00i
      ghz2=  0.00000000E+00  0.00000000E+00i
      ghz3=  0.00000000E+00  0.00000000E+00i
      ghz4=  0.00000000E+00  0.00000000E+00i
      Lambda=  1000.0
    
    LHE output: ./data/output.lhe
    Histogram output: ./data/output.dat
    Log file: ./data/output.log
    
  Running

  Input parameters for vegas:  ndim=  9   ncall= 80707214.
                              it=    0    itmx=   15
                              acc=-1.00    
                              mds=  1     nd=  50
                              (xl,xu)= (  0.00000     ,  1.00000     )
                                       (  0.00000     ,  1.00000     )
                                       (  0.00000     ,  1.00000     )
                                       (  0.00000     ,  1.00000     )
                                       (  0.00000     ,  1.00000     )
                                       (  0.00000     ,  1.00000     )
                                       (  0.00000     ,  1.00000     )
                                       (  0.00000     ,  1.00000     )
                                       (  0.00000     ,  1.00000     )

#********** Integration by Vegas (iteration       1) ************
#                                                               *
#  integral  =  537.92436       accum. integral =  537.92436    *
#  std. dev. =  49.441575       accum. std. dev =  49.441575    *
#   min/max. wt. =    0.00000             39.5292               *
#                                                               *
#*************   chi**2/iteration = -.2381E-10   ****************


#********** Integration by Vegas (iteration       2) ************
#                                                               *
#  integral  =  669.00034       accum. integral =  650.78424    *
#  std. dev. =  24.703314       accum. std. dev =  20.798572    *
#   min/max. wt. =    0.00000             15.5100               *
#                                                               *
#*************   chi**2/iteration =  4.748       ****************


#********** Integration by Vegas (iteration       3) ************
#                                                               *
#  integral  =  766.55688       accum. integral =  704.51822    *
#  std. dev. =  28.222027       accum. std. dev =  16.666186    *
#   min/max. wt. =    0.00000             20.7221               *
#                                                               *
#*************   chi**2/iteration =  7.980       ****************


#********** Integration by Vegas (iteration       4) ************
#                                                               *
#  integral  =  740.80838       accum. integral =  737.54270    *
#  std. dev. =  5.8430582       accum. std. dev =  5.1491445    *
#   min/max. wt. =  -0.294624E-14         4.78947               *
#                                                               *
#*************   chi**2/iteration =  6.372       ****************


#********** Integration by Vegas (iteration       5) ************
#                                                               *
#  integral  =  738.14508       accum. integral =  738.09664    *
#  std. dev. =  1.6423206       accum. std. dev =  1.4837933    *
#   min/max. wt. =  -0.184281E-14        0.292997               *
#                                                               *
#*************   chi**2/iteration =  4.631       ****************


#********** Integration by Vegas (iteration       6) ************
#                                                               *
#  integral  =  739.94553       accum. integral =  739.65337    *
#  std. dev. = 0.68394580       accum. std. dev = 0.59629456    *
#   min/max. wt. =    0.00000            0.139197               *
#                                                               *
#*************   chi**2/iteration =  3.881       ****************


#********** Integration by Vegas (iteration       7) ************
#                                                               *
#  integral  =  740.93524       accum. integral =  740.41012    *
#  std. dev. = 0.52348838       accum. std. dev = 0.38465830    *
#   min/max. wt. =    0.00000            0.283660E-01           *
#                                                               *
#*************   chi**2/iteration =  3.631       ****************


#********** Integration by Vegas (iteration       8) ************
#                                                               *
#  integral  =  740.18011       accum. integral =  740.31456    *
#  std. dev. = 0.47662235       accum. std. dev = 0.29576601    *
#   min/max. wt. =    0.00000            0.599504E-01           *
#                                                               *
#*************   chi**2/iteration =  3.099       ****************


#********** Integration by Vegas (iteration       9) ************
#                                                               *
#  integral  =  740.23543       accum. integral =  740.29028    *
#  std. dev. = 0.46170739       accum. std. dev = 0.24731231    *
#   min/max. wt. =    0.00000            0.354797E-01           *
#                                                               *
#*************   chi**2/iteration =  2.690       ****************


#********** Integration by Vegas (iteration      10) ************
#                                                               *
#  integral  =  740.47493       accum. integral =  740.33475    *
#  std. dev. = 0.45425465       accum. std. dev = 0.21623831    *
#   min/max. wt. =    0.00000            0.325523E-01           *
#                                                               *
#*************   chi**2/iteration =  2.390       ****************


#********** Integration by Vegas (iteration      11) ************
#                                                               *
#  integral  =  740.23535       accum. integral =  740.31568    *
#  std. dev. = 0.45739997       accum. std. dev = 0.19494087    *
#   min/max. wt. =    0.00000            0.501410E-01           *
#                                                               *
#*************   chi**2/iteration =  2.143       ****************


#********** Integration by Vegas (iteration      12) ************
#                                                               *
#  integral  =  739.78474       accum. integral =  740.22963    *
#  std. dev. = 0.45525300       accum. std. dev = 0.17885312    *
#   min/max. wt. =    0.00000            0.178736E-01           *
#                                                               *
#*************   chi**2/iteration =  2.048       ****************


#********** Integration by Vegas (iteration      13) ************
#                                                               *
#  integral  =  740.31973       accum. integral =  740.24215    *
#  std. dev. = 0.45651103       accum. std. dev = 0.16628878    *
#   min/max. wt. =    0.00000            0.241397E-01           *
#                                                               *
#*************   chi**2/iteration =  1.873       ****************


#********** Integration by Vegas (iteration      14) ************
#                                                               *
#  integral  =  740.06738       accum. integral =  740.22131    *
#  std. dev. = 0.46232230       accum. std. dev = 0.15631794    *
#   min/max. wt. =    0.00000            0.293677E-01           *
#                                                               *
#*************   chi**2/iteration =  1.733       ****************


#********** Integration by Vegas (iteration      15) ************
#                                                               *
#  integral  =  739.81272       accum. integral =  740.17898    *
#  std. dev. = 0.46953772       accum. std. dev = 0.14821060    *
#   min/max. wt. =    0.00000            0.519145E-01           *
#                                                               *
#*************   chi**2/iteration =  1.655       ****************


  Input parameters for vegas:  ndim=  9   ncall= 80707214.
                              it=    0    itmx=    2
                              acc=-1.00    
                              mds=  1     nd=  50
                              (xl,xu)= (  0.00000     ,  1.00000     )
                                       (  0.00000     ,  1.00000     )
                                       (  0.00000     ,  1.00000     )
                                       (  0.00000     ,  1.00000     )
                                       (  0.00000     ,  1.00000     )
                                       (  0.00000     ,  1.00000     )
                                       (  0.00000     ,  1.00000     )
                                       (  0.00000     ,  1.00000     )
                                       (  0.00000     ,  1.00000     )

#********** Integration by Vegas (iteration       1) ************
#                                                               *
#  integral  =  741.10681       accum. integral =  741.10681    *
#  std. dev. = 0.47322824       accum. std. dev = 0.47322824    *
#   min/max. wt. =    0.00000            0.196788E-01           *
#                                                               *
#*************   chi**2/iteration =  0.000       ****************


#********** Integration by Vegas (iteration       2) ************
#                                                               *
#  integral  =  740.46966       accum. integral =  740.78614    *
#  std. dev. = 0.46971295       accum. std. dev = 0.33337417    *
#   min/max. wt. =    0.00000            0.301861E-01           *
#                                                               *
#*************   chi**2/iteration = 0.9122       ****************

 Done
