SLURM job running in:  /scratch/groups/lhc/park/JHUGen/JHUGenerator
LHAPDF 6.1.5 loading /work-zfs/lhc/cms/slc6_amd64_gcc493/external/lhapdf/6.1.5-kpegke3/share/LHAPDF/NNPDF30_lo_as_0130/NNPDF30_lo_as_0130_0000.dat
NNPDF30_lo_as_0130 PDF set, member #0, version 2; LHAPDF ID = 263000
 extending no. of histograms for vbf tests
 
                                                                                          
   ***************************************************************************************
   *                                JHU Generator v6.9.3                                 *
   ***************************************************************************************
   *                                                                                     *
   *   Spin and parity determination of single-produced resonances at hadron colliders   *
   *                                                                                     *
   *          I. Anderson, S. Bolognesi, F. Caola, Y. Gao, A. Gritsan, Z. Guo,           *
   *        C. Martin, K. Melnikov, R.Rontsch, H. Roskes, U. Sarica, M. Schulze,         *
   *                   N. Tran, A. Whitbeck, M. Xiao, C. You, Y. Zhou                    *
   *                Phys.Rev. D81 (2010) 075022;  arXiv:1001.3396 [hep-ph],              *
   *                Phys.Rev. D86 (2012) 095031;  arXiv:1208.4018 [hep-ph],              *
   *                Phys.Rev. D89 (2014) 035007;  arXiv:1309.4819 [hep-ph].              *
   *                                                                                     *
   ***************************************************************************************
                                                                                          
   
   Command line: ./JHUGen Unweighted=0 VegasNc0=99999999 VegasNc1=99999999 VegasNc2=99999999 LHAPDF=NNPDF30_lo_as_0130/NNPDF30_lo_as_0130.info MReso=1700 ghz1=1,0 Process=60 pTjetcut=0 deltaRcut=0
   
   Input Parameter:
    Collider: P-P, sqrt(s)=13000.00
    Resonance: spin=0, mass=1700.00 width=   0.00407
    Z-boson: mass=91.188, width=2.4952
    W-boson: mass=80.399, width=2.0850
    Jet cuts:
            pT >=     0.00 GeV
        DeltaR >=     0.00
           mJJ >=     0.00 GeV
    Random seed:   258103119
    To reproduce results using this seed, JHUGen should be compiled with the same compiler:
      GNU Fortran (GCC) 4.9.3
    
    WidthScheme:   2
    LHAPDF set NNPDF30_lo_as_0130/NNPDF30_lo_as_0130.info, member=  0
    Unweighted: F
    
    spin-0-VV couplings: 
      generate_as=F
      ghg2=  0.10000000E+01  0.00000000E+00i
      ghg3=  0.00000000E+00  0.00000000E+00i
      ghg4=  0.00000000E+00  0.00000000E+00i
      ghz1=  0.10000000E+01  0.00000000E+00i
      ghz2=  0.00000000E+00  0.00000000E+00i
      ghz3=  0.00000000E+00  0.00000000E+00i
      ghz4=  0.00000000E+00  0.00000000E+00i
      Lambda=  1000.0
    
    LHE output: ./data/output.lhe
    Histogram output: ./data/output.dat
    Log file: ./data/output.log
    
  Running

  Input parameters for vegas:  ndim=  9   ncall= 80707214.
                              it=    0    itmx=   15
                              acc=-1.00    
                              mds=  1     nd=  50
                              (xl,xu)= (  0.00000     ,  1.00000     )
                                       (  0.00000     ,  1.00000     )
                                       (  0.00000     ,  1.00000     )
                                       (  0.00000     ,  1.00000     )
                                       (  0.00000     ,  1.00000     )
                                       (  0.00000     ,  1.00000     )
                                       (  0.00000     ,  1.00000     )
                                       (  0.00000     ,  1.00000     )
                                       (  0.00000     ,  1.00000     )

#********** Integration by Vegas (iteration       1) ************
#                                                               *
#  integral  =  1.0945902       accum. integral =  1.0945902    *
#  std. dev. = 0.66822833E-01   accum. std. dev = 0.66822833E-01*
#   min/max. wt. =    0.00000            0.667041E-01           *
#                                                               *
#*************   chi**2/iteration =  0.000       ****************


#********** Integration by Vegas (iteration       2) ************
#                                                               *
#  integral  =  1.1806284       accum. integral =  1.1414965    *
#  std. dev. = 0.65831933E-01   accum. std. dev = 0.46870185E-01*
#   min/max. wt. =    0.00000            0.588559E-01           *
#                                                               *
#*************   chi**2/iteration = 0.8347       ****************


#********** Integration by Vegas (iteration       3) ************
#                                                               *
#  integral  =  1.8334901       accum. integral =  1.1729346    *
#  std. dev. = 0.34601752       accum. std. dev = 0.56666917E-01*
#   min/max. wt. =    0.00000            0.243369               *
#                                                               *
#*************   chi**2/iteration =  3.505       ****************


#********** Integration by Vegas (iteration       4) ************
#                                                               *
#  integral  =  1.9219659       accum. integral =  1.5465034    *
#  std. dev. = 0.77506935E-01   accum. std. dev = 0.44229390E-01*
#   min/max. wt. =    0.00000            0.395504E-01           *
#                                                               *
#*************   chi**2/iteration =  25.81       ****************


#********** Integration by Vegas (iteration       5) ************
#                                                               *
#  integral  =  2.0243545       accum. integral =  2.0048226    *
#  std. dev. = 0.11901585E-01   accum. std. dev = 0.95467111E-02*
#   min/max. wt. =    0.00000            0.517413E-02           *
#                                                               *
#*************   chi**2/iteration =  41.54       ****************


#********** Integration by Vegas (iteration       6) ************
#                                                               *
#  integral  =  2.0382746       accum. integral =  2.0370262    *
#  std. dev. = 0.23106763E-02   accum. std. dev = 0.19211946E-02*
#   min/max. wt. =    0.00000            0.384473E-03           *
#                                                               *
#*************   chi**2/iteration =  32.80       ****************


#********** Integration by Vegas (iteration       7) ************
#                                                               *
#  integral  =  2.0376075       accum. integral =  2.0374934    *
#  std. dev. = 0.11200842E-02   accum. std. dev = 0.87468752E-03*
#   min/max. wt. =    0.00000            0.111490E-03           *
#                                                               *
#*************   chi**2/iteration =  25.90       ****************


#********** Integration by Vegas (iteration       8) ************
#                                                               *
#  integral  =  2.0386233       accum. integral =  2.0380992    *
#  std. dev. = 0.93449439E-03   accum. std. dev = 0.60750165E-03*
#   min/max. wt. =    0.00000            0.929980E-04           *
#                                                               *
#*************   chi**2/iteration =  21.47       ****************


#********** Integration by Vegas (iteration       9) ************
#                                                               *
#  integral  =  2.0390705       accum. integral =  2.0384667    *
#  std. dev. = 0.87730230E-03   accum. std. dev = 0.48609997E-03*
#   min/max. wt. =    0.00000            0.383058E-04           *
#                                                               *
#*************   chi**2/iteration =  18.36       ****************


#********** Integration by Vegas (iteration      10) ************
#                                                               *
#  integral  =  2.0390866       accum. integral =  2.0386378    *
#  std. dev. = 0.87374737E-03   accum. std. dev = 0.41835936E-03*
#   min/max. wt. =    0.00000            0.521175E-04           *
#                                                               *
#*************   chi**2/iteration =  16.00       ****************


#********** Integration by Vegas (iteration      11) ************
#                                                               *
#  integral  =  2.0393391       accum. integral =  2.0387910    *
#  std. dev. = 0.86860554E-03   accum. std. dev = 0.37328408E-03*
#   min/max. wt. =    0.00000            0.676641E-04           *
#                                                               *
#*************   chi**2/iteration =  14.19       ****************


#********** Integration by Vegas (iteration      12) ************
#                                                               *
#  integral  =  2.0394107       accum. integral =  2.0389011    *
#  std. dev. = 0.87343601E-03   accum. std. dev = 0.34107512E-03*
#   min/max. wt. =    0.00000            0.462996E-04           *
#                                                               *
#*************   chi**2/iteration =  12.75       ****************


#********** Integration by Vegas (iteration      13) ************
#                                                               *
#  integral  =  2.0398422       accum. integral =  2.0390385    *
#  std. dev. = 0.89029938E-03   accum. std. dev = 0.31718179E-03*
#   min/max. wt. =    0.00000            0.415862E-04           *
#                                                               *
#*************   chi**2/iteration =  11.64       ****************


#********** Integration by Vegas (iteration      14) ************
#                                                               *
#  integral  =  2.0412987       accum. integral =  2.0393218    *
#  std. dev. = 0.89949900E-03   accum. std. dev = 0.29824987E-03*
#   min/max. wt. =    0.00000            0.477201E-04           *
#                                                               *
#*************   chi**2/iteration =  11.11       ****************


#********** Integration by Vegas (iteration      15) ************
#                                                               *
#  integral  =  2.0385123       accum. integral =  2.0392335    *
#  std. dev. = 0.90851594E-03   accum. std. dev = 0.28278420E-03*
#   min/max. wt. =    0.00000            0.611814E-04           *
#                                                               *
#*************   chi**2/iteration =  10.28       ****************


  Input parameters for vegas:  ndim=  9   ncall= 80707214.
                              it=    0    itmx=    2
                              acc=-1.00    
                              mds=  1     nd=  50
                              (xl,xu)= (  0.00000     ,  1.00000     )
                                       (  0.00000     ,  1.00000     )
                                       (  0.00000     ,  1.00000     )
                                       (  0.00000     ,  1.00000     )
                                       (  0.00000     ,  1.00000     )
                                       (  0.00000     ,  1.00000     )
                                       (  0.00000     ,  1.00000     )
                                       (  0.00000     ,  1.00000     )
                                       (  0.00000     ,  1.00000     )

#********** Integration by Vegas (iteration       1) ************
#                                                               *
#  integral  =  2.0397167       accum. integral =  2.0397167    *
#  std. dev. = 0.92292994E-03   accum. std. dev = 0.92292994E-03*
#   min/max. wt. =    0.00000            0.137899E-03           *
#                                                               *
#*************   chi**2/iteration =  0.000       ****************


#********** Integration by Vegas (iteration       2) ************
#                                                               *
#  integral  =  2.0388657       accum. integral =  2.0392973    *
#  std. dev. = 0.93570692E-03   accum. std. dev = 0.65707890E-03*
#   min/max. wt. =    0.00000            0.791688E-04           *
#                                                               *
#*************   chi**2/iteration = 0.4188       ****************

 Done
