SLURM job running in:  /scratch/groups/lhc/park/JHUGen/JHUGenerator
LHAPDF 6.1.5 loading /work-zfs/lhc/cms/slc6_amd64_gcc493/external/lhapdf/6.1.5-kpegke3/share/LHAPDF/NNPDF30_lo_as_0130/NNPDF30_lo_as_0130_0000.dat
NNPDF30_lo_as_0130 PDF set, member #0, version 2; LHAPDF ID = 263000
 extending no. of histograms for vbf tests
 
                                                                                          
   ***************************************************************************************
   *                                JHU Generator v6.9.3                                 *
   ***************************************************************************************
   *                                                                                     *
   *   Spin and parity determination of single-produced resonances at hadron colliders   *
   *                                                                                     *
   *          I. Anderson, S. Bolognesi, F. Caola, Y. Gao, A. Gritsan, Z. Guo,           *
   *        C. Martin, K. Melnikov, R.Rontsch, H. Roskes, U. Sarica, M. Schulze,         *
   *                   N. Tran, A. Whitbeck, M. Xiao, C. You, Y. Zhou                    *
   *                Phys.Rev. D81 (2010) 075022;  arXiv:1001.3396 [hep-ph],              *
   *                Phys.Rev. D86 (2012) 095031;  arXiv:1208.4018 [hep-ph],              *
   *                Phys.Rev. D89 (2014) 035007;  arXiv:1309.4819 [hep-ph].              *
   *                                                                                     *
   ***************************************************************************************
                                                                                          
   
   Command line: ./JHUGen Unweighted=0 VegasNc0=99999999 VegasNc1=99999999 VegasNc2=99999999 LHAPDF=NNPDF30_lo_as_0130/NNPDF30_lo_as_0130.info MReso=184 ghz1=1,0 Process=60 pTjetcut=0 deltaRcut=0
   
   Input Parameter:
    Collider: P-P, sqrt(s)=13000.00
    Resonance: spin=0, mass= 184.00 width=   0.00407
    Z-boson: mass=91.188, width=2.4952
    W-boson: mass=80.399, width=2.0850
    Jet cuts:
            pT >=     0.00 GeV
        DeltaR >=     0.00
           mJJ >=     0.00 GeV
    Random seed:   935922962
    To reproduce results using this seed, JHUGen should be compiled with the same compiler:
      GNU Fortran (GCC) 4.9.3
    
    WidthScheme:   2
    LHAPDF set NNPDF30_lo_as_0130/NNPDF30_lo_as_0130.info, member=  0
    Unweighted: F
    
    spin-0-VV couplings: 
      generate_as=F
      ghg2=  0.10000000E+01  0.00000000E+00i
      ghg3=  0.00000000E+00  0.00000000E+00i
      ghg4=  0.00000000E+00  0.00000000E+00i
      ghz1=  0.10000000E+01  0.00000000E+00i
      ghz2=  0.00000000E+00  0.00000000E+00i
      ghz3=  0.00000000E+00  0.00000000E+00i
      ghz4=  0.00000000E+00  0.00000000E+00i
      Lambda=  1000.0
    
    LHE output: ./data/output.lhe
    Histogram output: ./data/output.dat
    Log file: ./data/output.log
    
  Running

  Input parameters for vegas:  ndim=  9   ncall= 80707214.
                              it=    0    itmx=   15
                              acc=-1.00    
                              mds=  1     nd=  50
                              (xl,xu)= (  0.00000     ,  1.00000     )
                                       (  0.00000     ,  1.00000     )
                                       (  0.00000     ,  1.00000     )
                                       (  0.00000     ,  1.00000     )
                                       (  0.00000     ,  1.00000     )
                                       (  0.00000     ,  1.00000     )
                                       (  0.00000     ,  1.00000     )
                                       (  0.00000     ,  1.00000     )
                                       (  0.00000     ,  1.00000     )

#********** Integration by Vegas (iteration       1) ************
#                                                               *
#  integral  =  432.36307       accum. integral =  432.36307    *
#  std. dev. =  42.411182       accum. std. dev =  42.411182    *
#   min/max. wt. =    0.00000             30.1434               *
#                                                               *
#*************   chi**2/iteration = -.1618E-10   ****************


#********** Integration by Vegas (iteration       2) ************
#                                                               *
#  integral  =  521.60526       accum. integral =  511.86703    *
#  std. dev. =  17.906860       accum. std. dev =  15.523254    *
#   min/max. wt. =    0.00000             10.3540               *
#                                                               *
#*************   chi**2/iteration =  3.210       ****************


#********** Integration by Vegas (iteration       3) ************
#                                                               *
#  integral  =  584.03933       accum. integral =  574.48827    *
#  std. dev. =  7.3908394       accum. std. dev =  6.0875416    *
#   min/max. wt. =    0.00000             3.39281               *
#                                                               *
#*************   chi**2/iteration =  9.447       ****************


#********** Integration by Vegas (iteration       4) ************
#                                                               *
#  integral  =  606.25977       accum. integral =  598.93991    *
#  std. dev. =  3.9100608       accum. std. dev =  3.0569517    *
#   min/max. wt. =    0.00000             3.33894               *
#                                                               *
#*************   chi**2/iteration =  12.14       ****************


#********** Integration by Vegas (iteration       5) ************
#                                                               *
#  integral  =  611.67416       accum. integral =  608.59900    *
#  std. dev. =  1.9527443       accum. std. dev =  1.5439630    *
#   min/max. wt. =    0.00000             1.08224               *
#                                                               *
#*************   chi**2/iteration =  11.73       ****************


#********** Integration by Vegas (iteration       6) ************
#                                                               *
#  integral  =  607.89916       accum. integral =  607.98484    *
#  std. dev. = 0.63131527       accum. std. dev = 0.54909747    *
#   min/max. wt. =    0.00000            0.304474E-01           *
#                                                               *
#*************   chi**2/iteration =  9.121       ****************


#********** Integration by Vegas (iteration       7) ************
#                                                               *
#  integral  =  607.41884       accum. integral =  607.61067    *
#  std. dev. = 0.42312052       accum. std. dev = 0.32325909    *
#   min/max. wt. =    0.00000            0.289467E-01           *
#                                                               *
#*************   chi**2/iteration =  7.548       ****************


#********** Integration by Vegas (iteration       8) ************
#                                                               *
#  integral  =  607.92005       accum. integral =  607.74635    *
#  std. dev. = 0.38958143       accum. std. dev = 0.24424598    *
#   min/max. wt. =    0.00000            0.331795E-01           *
#                                                               *
#*************   chi**2/iteration =  6.419       ****************


#********** Integration by Vegas (iteration       9) ************
#                                                               *
#  integral  =  606.67904       accum. integral =  607.40121    *
#  std. dev. = 0.37243087       accum. std. dev = 0.20214796    *
#   min/max. wt. =    0.00000            0.228079E-01           *
#                                                               *
#*************   chi**2/iteration =  6.310       ****************


#********** Integration by Vegas (iteration      10) ************
#                                                               *
#  integral  =  608.30613       accum. integral =  607.62415    *
#  std. dev. = 0.37141242       accum. std. dev = 0.17639567    *
#   min/max. wt. =    0.00000            0.203709E-01           *
#                                                               *
#*************   chi**2/iteration =  6.095       ****************


#********** Integration by Vegas (iteration      11) ************
#                                                               *
#  integral  =  606.70138       accum. integral =  607.44677    *
#  std. dev. = 0.37690338       accum. std. dev = 0.15915944    *
#   min/max. wt. =    0.00000            0.455587E-01           *
#                                                               *
#*************   chi**2/iteration =  5.964       ****************


#********** Integration by Vegas (iteration      12) ************
#                                                               *
#  integral  =  607.60728       accum. integral =  607.47307    *
#  std. dev. = 0.37378868       accum. std. dev = 0.14602462    *
#   min/max. wt. =    0.00000            0.154434E-01           *
#                                                               *
#*************   chi**2/iteration =  5.401       ****************


#********** Integration by Vegas (iteration      13) ************
#                                                               *
#  integral  =  607.73710       accum. integral =  607.50980    *
#  std. dev. = 0.37655379       accum. std. dev = 0.13587590    *
#   min/max. wt. =    0.00000            0.530334E-01           *
#                                                               *
#*************   chi**2/iteration =  4.960       ****************


#********** Integration by Vegas (iteration      14) ************
#                                                               *
#  integral  =  607.68289       accum. integral =  607.53080    *
#  std. dev. = 0.37791405       accum. std. dev = 0.12767653    *
#   min/max. wt. =    0.00000            0.209938E-01           *
#                                                               *
#*************   chi**2/iteration =  4.572       ****************


#********** Integration by Vegas (iteration      15) ************
#                                                               *
#  integral  =  607.83238       accum. integral =  607.56323    *
#  std. dev. = 0.37930573       accum. std. dev = 0.12087131    *
#   min/max. wt. =    0.00000            0.356934E-01           *
#                                                               *
#*************   chi**2/iteration =  4.270       ****************


  Input parameters for vegas:  ndim=  9   ncall= 80707214.
                              it=    0    itmx=    2
                              acc=-1.00    
                              mds=  1     nd=  50
                              (xl,xu)= (  0.00000     ,  1.00000     )
                                       (  0.00000     ,  1.00000     )
                                       (  0.00000     ,  1.00000     )
                                       (  0.00000     ,  1.00000     )
                                       (  0.00000     ,  1.00000     )
                                       (  0.00000     ,  1.00000     )
                                       (  0.00000     ,  1.00000     )
                                       (  0.00000     ,  1.00000     )
                                       (  0.00000     ,  1.00000     )

#********** Integration by Vegas (iteration       1) ************
#                                                               *
#  integral  =  607.46922       accum. integral =  607.46922    *
#  std. dev. = 0.38055784       accum. std. dev = 0.38055784    *
#   min/max. wt. =    0.00000            0.233433E-01           *
#                                                               *
#*************   chi**2/iteration =  0.000       ****************


#********** Integration by Vegas (iteration       2) ************
#                                                               *
#  integral  =  607.31527       accum. integral =  607.39244    *
#  std. dev. = 0.38140420       accum. std. dev = 0.26939369    *
#   min/max. wt. =    0.00000            0.235202E-01           *
#                                                               *
#*************   chi**2/iteration = 0.8156E-01   ****************

 Done
