SLURM job running in:  /scratch/groups/lhc/park/JHUGen/JHUGenerator
LHAPDF 6.1.5 loading /work-zfs/lhc/cms/slc6_amd64_gcc493/external/lhapdf/6.1.5-kpegke3/share/LHAPDF/NNPDF30_lo_as_0130/NNPDF30_lo_as_0130_0000.dat
NNPDF30_lo_as_0130 PDF set, member #0, version 2; LHAPDF ID = 263000
 extending no. of histograms for vbf tests
 
                                                                                          
   ***************************************************************************************
   *                                JHU Generator v6.9.3                                 *
   ***************************************************************************************
   *                                                                                     *
   *   Spin and parity determination of single-produced resonances at hadron colliders   *
   *                                                                                     *
   *          I. Anderson, S. Bolognesi, F. Caola, Y. Gao, A. Gritsan, Z. Guo,           *
   *        C. Martin, K. Melnikov, R.Rontsch, H. Roskes, U. Sarica, M. Schulze,         *
   *                   N. Tran, A. Whitbeck, M. Xiao, C. You, Y. Zhou                    *
   *                Phys.Rev. D81 (2010) 075022;  arXiv:1001.3396 [hep-ph],              *
   *                Phys.Rev. D86 (2012) 095031;  arXiv:1208.4018 [hep-ph],              *
   *                Phys.Rev. D89 (2014) 035007;  arXiv:1309.4819 [hep-ph].              *
   *                                                                                     *
   ***************************************************************************************
                                                                                          
   
   Command line: ./JHUGen Unweighted=0 VegasNc0=99999999 VegasNc1=99999999 VegasNc2=99999999 LHAPDF=NNPDF30_lo_as_0130/NNPDF30_lo_as_0130.info MReso=198 ghz1=1,0 Process=60 pTjetcut=0 deltaRcut=0
   
   Input Parameter:
    Collider: P-P, sqrt(s)=13000.00
    Resonance: spin=0, mass= 198.00 width=   0.00407
    Z-boson: mass=91.188, width=2.4952
    W-boson: mass=80.399, width=2.0850
    Jet cuts:
            pT >=     0.00 GeV
        DeltaR >=     0.00
           mJJ >=     0.00 GeV
    Random seed:   887421325
    To reproduce results using this seed, JHUGen should be compiled with the same compiler:
      GNU Fortran (GCC) 4.9.3
    
    WidthScheme:   2
    LHAPDF set NNPDF30_lo_as_0130/NNPDF30_lo_as_0130.info, member=  0
    Unweighted: F
    
    spin-0-VV couplings: 
      generate_as=F
      ghg2=  0.10000000E+01  0.00000000E+00i
      ghg3=  0.00000000E+00  0.00000000E+00i
      ghg4=  0.00000000E+00  0.00000000E+00i
      ghz1=  0.10000000E+01  0.00000000E+00i
      ghz2=  0.00000000E+00  0.00000000E+00i
      ghz3=  0.00000000E+00  0.00000000E+00i
      ghz4=  0.00000000E+00  0.00000000E+00i
      Lambda=  1000.0
    
    LHE output: ./data/output.lhe
    Histogram output: ./data/output.dat
    Log file: ./data/output.log
    
  Running

  Input parameters for vegas:  ndim=  9   ncall= 80707214.
                              it=    0    itmx=   15
                              acc=-1.00    
                              mds=  1     nd=  50
                              (xl,xu)= (  0.00000     ,  1.00000     )
                                       (  0.00000     ,  1.00000     )
                                       (  0.00000     ,  1.00000     )
                                       (  0.00000     ,  1.00000     )
                                       (  0.00000     ,  1.00000     )
                                       (  0.00000     ,  1.00000     )
                                       (  0.00000     ,  1.00000     )
                                       (  0.00000     ,  1.00000     )
                                       (  0.00000     ,  1.00000     )

#********** Integration by Vegas (iteration       1) ************
#                                                               *
#  integral  =  401.95530       accum. integral =  401.95530    *
#  std. dev. =  45.369250       accum. std. dev =  45.369250    *
#   min/max. wt. =    0.00000             39.1965               *
#                                                               *
#*************   chi**2/iteration =  0.000       ****************


#********** Integration by Vegas (iteration       2) ************
#                                                               *
#  integral  =  650.57337       accum. integral =  438.64404    *
#  std. dev. =  176.48560       accum. std. dev =  56.351675    *
#   min/max. wt. =    0.00000             174.867               *
#                                                               *
#*************   chi**2/iteration =  2.446       ****************


#********** Integration by Vegas (iteration       3) ************
#                                                               *
#  integral  =  610.58755       accum. integral =  509.56730    *
#  std. dev. =  75.940040       accum. std. dev =  45.129737    *
#   min/max. wt. =    0.00000             67.3649               *
#                                                               *
#*************   chi**2/iteration =  2.879       ****************


#********** Integration by Vegas (iteration       4) ************
#                                                               *
#  integral  =  535.63655       accum. integral =  534.99165    *
#  std. dev. =  6.8141788       accum. std. dev =  7.0077408    *
#   min/max. wt. =    0.00000             2.93827               *
#                                                               *
#*************   chi**2/iteration =  2.081       ****************


#********** Integration by Vegas (iteration       5) ************
#                                                               *
#  integral  =  548.48480       accum. integral =  548.18708    *
#  std. dev. =  1.0350552       accum. std. dev =  1.0374940    *
#   min/max. wt. =    0.00000            0.279215               *
#                                                               *
#*************   chi**2/iteration =  2.483       ****************


#********** Integration by Vegas (iteration       6) ************
#                                                               *
#  integral  =  549.65988       accum. integral =  549.37191    *
#  std. dev. = 0.50570147       accum. std. dev = 0.45790213    *
#   min/max. wt. =    0.00000            0.133563               *
#                                                               *
#*************   chi**2/iteration =  2.320       ****************


#********** Integration by Vegas (iteration       7) ************
#                                                               *
#  integral  =  549.06985       accum. integral =  549.19202    *
#  std. dev. = 0.37337804       accum. std. dev = 0.29077060    *
#   min/max. wt. =    0.00000            0.271091E-01           *
#                                                               *
#*************   chi**2/iteration =  1.982       ****************


#********** Integration by Vegas (iteration       8) ************
#                                                               *
#  integral  =  548.53439       accum. integral =  548.92324    *
#  std. dev. = 0.34624192       accum. std. dev = 0.22331091    *
#   min/max. wt. =    0.00000            0.356259E-01           *
#                                                               *
#*************   chi**2/iteration =  2.003       ****************


#********** Integration by Vegas (iteration       9) ************
#                                                               *
#  integral  =  548.50273       accum. integral =  548.79500    *
#  std. dev. = 0.33415167       accum. std. dev = 0.18599017    *
#   min/max. wt. =    0.00000            0.170696E-01           *
#                                                               *
#*************   chi**2/iteration =  1.891       ****************


#********** Integration by Vegas (iteration      10) ************
#                                                               *
#  integral  =  548.74899       accum. integral =  548.78420    *
#  std. dev. = 0.33339557       accum. std. dev = 0.16259017    *
#   min/max. wt. =    0.00000            0.357279E-01           *
#                                                               *
#*************   chi**2/iteration =  1.685       ****************


#********** Integration by Vegas (iteration      11) ************
#                                                               *
#  integral  =  548.54031       accum. integral =  548.73740    *
#  std. dev. = 0.33130415       accum. std. dev = 0.14606672    *
#   min/max. wt. =    0.00000            0.328491E-01           *
#                                                               *
#*************   chi**2/iteration =  1.562       ****************


#********** Integration by Vegas (iteration      12) ************
#                                                               *
#  integral  =  548.25356       accum. integral =  548.65813    *
#  std. dev. = 0.32769705       accum. std. dev = 0.13348952    *
#   min/max. wt. =    0.00000            0.126802E-01           *
#                                                               *
#*************   chi**2/iteration =  1.585       ****************


#********** Integration by Vegas (iteration      13) ************
#                                                               *
#  integral  =  548.84122       accum. integral =  548.68351    *
#  std. dev. = 0.33104597       accum. std. dev = 0.12384452    *
#   min/max. wt. =    0.00000            0.294930E-01           *
#                                                               *
#*************   chi**2/iteration =  1.476       ****************


#********** Integration by Vegas (iteration      14) ************
#                                                               *
#  integral  =  549.02370       accum. integral =  548.72421    *
#  std. dev. = 0.33440960       accum. std. dev = 0.11616230    *
#   min/max. wt. =    0.00000            0.158429E-01           *
#                                                               *
#*************   chi**2/iteration =  1.433       ****************


#********** Integration by Vegas (iteration      15) ************
#                                                               *
#  integral  =  548.29320       accum. integral =  548.67859    *
#  std. dev. = 0.33576654       accum. std. dev = 0.10980281    *
#   min/max. wt. =    0.00000            0.279503E-01           *
#                                                               *
#*************   chi**2/iteration =  1.436       ****************


  Input parameters for vegas:  ndim=  9   ncall= 80707214.
                              it=    0    itmx=    2
                              acc=-1.00    
                              mds=  1     nd=  50
                              (xl,xu)= (  0.00000     ,  1.00000     )
                                       (  0.00000     ,  1.00000     )
                                       (  0.00000     ,  1.00000     )
                                       (  0.00000     ,  1.00000     )
                                       (  0.00000     ,  1.00000     )
                                       (  0.00000     ,  1.00000     )
                                       (  0.00000     ,  1.00000     )
                                       (  0.00000     ,  1.00000     )
                                       (  0.00000     ,  1.00000     )

#********** Integration by Vegas (iteration       1) ************
#                                                               *
#  integral  =  548.08735       accum. integral =  548.08735    *
#  std. dev. = 0.33751755       accum. std. dev = 0.33751755    *
#   min/max. wt. =    0.00000            0.242317E-01           *
#                                                               *
#*************   chi**2/iteration =  0.000       ****************


#********** Integration by Vegas (iteration       2) ************
#                                                               *
#  integral  =  548.66396       accum. integral =  548.37316    *
#  std. dev. = 0.34080929       accum. std. dev = 0.23981751    *
#   min/max. wt. =    0.00000            0.245285E-01           *
#                                                               *
#*************   chi**2/iteration =  1.444       ****************

 Done
