SLURM job running in:  /scratch/groups/lhc/park/JHUGen/JHUGenerator
LHAPDF 6.1.5 loading /work-zfs/lhc/cms/slc6_amd64_gcc493/external/lhapdf/6.1.5-kpegke3/share/LHAPDF/NNPDF30_lo_as_0130/NNPDF30_lo_as_0130_0000.dat
NNPDF30_lo_as_0130 PDF set, member #0, version 2; LHAPDF ID = 263000
 extending no. of histograms for vbf tests
 
                                                                                          
   ***************************************************************************************
   *                                JHU Generator v6.9.3                                 *
   ***************************************************************************************
   *                                                                                     *
   *   Spin and parity determination of single-produced resonances at hadron colliders   *
   *                                                                                     *
   *          I. Anderson, S. Bolognesi, F. Caola, Y. Gao, A. Gritsan, Z. Guo,           *
   *        C. Martin, K. Melnikov, R.Rontsch, H. Roskes, U. Sarica, M. Schulze,         *
   *                   N. Tran, A. Whitbeck, M. Xiao, C. You, Y. Zhou                    *
   *                Phys.Rev. D81 (2010) 075022;  arXiv:1001.3396 [hep-ph],              *
   *                Phys.Rev. D86 (2012) 095031;  arXiv:1208.4018 [hep-ph],              *
   *                Phys.Rev. D89 (2014) 035007;  arXiv:1309.4819 [hep-ph].              *
   *                                                                                     *
   ***************************************************************************************
                                                                                          
   
   Command line: ./JHUGen Unweighted=0 VegasNc0=99999999 VegasNc1=99999999 VegasNc2=99999999 LHAPDF=NNPDF30_lo_as_0130/NNPDF30_lo_as_0130.info MReso=218 ghz1=1,0 Process=60 pTjetcut=0 deltaRcut=0
   
   Input Parameter:
    Collider: P-P, sqrt(s)=13000.00
    Resonance: spin=0, mass= 218.00 width=   0.00407
    Z-boson: mass=91.188, width=2.4952
    W-boson: mass=80.399, width=2.0850
    Jet cuts:
            pT >=     0.00 GeV
        DeltaR >=     0.00
           mJJ >=     0.00 GeV
    Random seed:   654622080
    To reproduce results using this seed, JHUGen should be compiled with the same compiler:
      GNU Fortran (GCC) 4.9.3
    
    WidthScheme:   2
    LHAPDF set NNPDF30_lo_as_0130/NNPDF30_lo_as_0130.info, member=  0
    Unweighted: F
    
    spin-0-VV couplings: 
      generate_as=F
      ghg2=  0.10000000E+01  0.00000000E+00i
      ghg3=  0.00000000E+00  0.00000000E+00i
      ghg4=  0.00000000E+00  0.00000000E+00i
      ghz1=  0.10000000E+01  0.00000000E+00i
      ghz2=  0.00000000E+00  0.00000000E+00i
      ghz3=  0.00000000E+00  0.00000000E+00i
      ghz4=  0.00000000E+00  0.00000000E+00i
      Lambda=  1000.0
    
    LHE output: ./data/output.lhe
    Histogram output: ./data/output.dat
    Log file: ./data/output.log
    
  Running

  Input parameters for vegas:  ndim=  9   ncall= 80707214.
                              it=    0    itmx=   15
                              acc=-1.00    
                              mds=  1     nd=  50
                              (xl,xu)= (  0.00000     ,  1.00000     )
                                       (  0.00000     ,  1.00000     )
                                       (  0.00000     ,  1.00000     )
                                       (  0.00000     ,  1.00000     )
                                       (  0.00000     ,  1.00000     )
                                       (  0.00000     ,  1.00000     )
                                       (  0.00000     ,  1.00000     )
                                       (  0.00000     ,  1.00000     )
                                       (  0.00000     ,  1.00000     )

#********** Integration by Vegas (iteration       1) ************
#                                                               *
#  integral  =  972.96384       accum. integral =  972.96384    *
#  std. dev. =  645.83416       accum. std. dev =  645.83416    *
#   min/max. wt. =    0.00000             645.376               *
#                                                               *
#*************   chi**2/iteration =  0.000       ****************


#********** Integration by Vegas (iteration       2) ************
#                                                               *
#  integral  =  398.19289       accum. integral =  401.45238    *
#  std. dev. =  19.960900       accum. std. dev =  37.158683    *
#   min/max. wt. =    0.00000             10.3691               *
#                                                               *
#*************   chi**2/iteration =  1.348       ****************


#********** Integration by Vegas (iteration       3) ************
#                                                               *
#  integral  =  478.08948       accum. integral =  435.20803    *
#  std. dev. =  26.935330       accum. std. dev =  24.931549    *
#   min/max. wt. =    0.00000             26.2747               *
#                                                               *
#*************   chi**2/iteration =  2.002       ****************


#********** Integration by Vegas (iteration       4) ************
#                                                               *
#  integral  =  471.70818       accum. integral =  470.08094    *
#  std. dev. =  3.8099702       accum. std. dev =  4.9244852    *
#   min/max. wt. =    0.00000             1.60801               *
#                                                               *
#*************   chi**2/iteration =  2.305       ****************


#********** Integration by Vegas (iteration       5) ************
#                                                               *
#  integral  =  475.97076       accum. integral =  475.70940    *
#  std. dev. = 0.80974417       accum. std. dev = 0.99307700    *
#   min/max. wt. =    0.00000            0.114429               *
#                                                               *
#*************   chi**2/iteration =  2.259       ****************


#********** Integration by Vegas (iteration       6) ************
#                                                               *
#  integral  =  477.53405       accum. integral =  477.14691    *
#  std. dev. = 0.41213874       accum. std. dev = 0.44347846    *
#   min/max. wt. =    0.00000            0.721696E-01           *
#                                                               *
#*************   chi**2/iteration =  2.489       ****************


#********** Integration by Vegas (iteration       7) ************
#                                                               *
#  integral  =  477.15266       accum. integral =  477.15008    *
#  std. dev. = 0.32970128       accum. std. dev = 0.29015242    *
#   min/max. wt. =    0.00000            0.431352E-01           *
#                                                               *
#*************   chi**2/iteration =  2.174       ****************


#********** Integration by Vegas (iteration       8) ************
#                                                               *
#  integral  =  476.67228       accum. integral =  476.95927    *
#  std. dev. = 0.29994799       accum. std. dev = 0.22076684    *
#   min/max. wt. =    0.00000            0.225542E-01           *
#                                                               *
#*************   chi**2/iteration =  2.094       ****************


#********** Integration by Vegas (iteration       9) ************
#                                                               *
#  integral  =  477.00092       accum. integral =  476.97173    *
#  std. dev. = 0.29035285       accum. std. dev = 0.18211558    *
#   min/max. wt. =    0.00000            0.166694E-01           *
#                                                               *
#*************   chi**2/iteration =  1.888       ****************


#********** Integration by Vegas (iteration      10) ************
#                                                               *
#  integral  =  476.63442       accum. integral =  476.89203    *
#  std. dev. = 0.28526999       accum. std. dev = 0.15722375    *
#   min/max. wt. =    0.00000            0.260566E-01           *
#                                                               *
#*************   chi**2/iteration =  1.812       ****************


#********** Integration by Vegas (iteration      11) ************
#                                                               *
#  integral  =  476.11319       accum. integral =  476.74113    *
#  std. dev. = 0.28256374       accum. std. dev = 0.13972994    *
#   min/max. wt. =    0.00000            0.113082E-01           *
#                                                               *
#*************   chi**2/iteration =  2.150       ****************


#********** Integration by Vegas (iteration      12) ************
#                                                               *
#  integral  =  476.80799       accum. integral =  476.75184    *
#  std. dev. = 0.28518045       accum. std. dev = 0.12694855    *
#   min/max. wt. =    0.00000            0.258630E-01           *
#                                                               *
#*************   chi**2/iteration =  1.992       ****************


#********** Integration by Vegas (iteration      13) ************
#                                                               *
#  integral  =  476.59236       accum. integral =  476.72985    *
#  std. dev. = 0.28527977       accum. std. dev = 0.11699651    *
#   min/max. wt. =    0.00000            0.122421E-01           *
#                                                               *
#*************   chi**2/iteration =  1.872       ****************


#********** Integration by Vegas (iteration      14) ************
#                                                               *
#  integral  =  477.01707       accum. integral =  476.76479    *
#  std. dev. = 0.28490329       accum. std. dev = 0.10894728    *
#   min/max. wt. =    0.00000            0.164227E-01           *
#                                                               *
#*************   chi**2/iteration =  1.807       ****************


#********** Integration by Vegas (iteration      15) ************
#                                                               *
#  integral  =  476.48330       accum. integral =  476.73461    *
#  std. dev. = 0.28643769       accum. std. dev = 0.10235686    *
#   min/max. wt. =    0.00000            0.100845E-01           *
#                                                               *
#*************   chi**2/iteration =  1.749       ****************


  Input parameters for vegas:  ndim=  9   ncall= 80707214.
                              it=    0    itmx=    2
                              acc=-1.00    
                              mds=  1     nd=  50
                              (xl,xu)= (  0.00000     ,  1.00000     )
                                       (  0.00000     ,  1.00000     )
                                       (  0.00000     ,  1.00000     )
                                       (  0.00000     ,  1.00000     )
                                       (  0.00000     ,  1.00000     )
                                       (  0.00000     ,  1.00000     )
                                       (  0.00000     ,  1.00000     )
                                       (  0.00000     ,  1.00000     )
                                       (  0.00000     ,  1.00000     )

#********** Integration by Vegas (iteration       1) ************
#                                                               *
#  integral  =  476.79705       accum. integral =  476.79705    *
#  std. dev. = 0.29222034       accum. std. dev = 0.29222034    *
#   min/max. wt. =    0.00000            0.281857E-01           *
#                                                               *
#*************   chi**2/iteration = -.3408E-06   ****************


#********** Integration by Vegas (iteration       2) ************
#                                                               *
#  integral  =  477.06337       accum. integral =  476.92976    *
#  std. dev. = 0.29336839       accum. std. dev = 0.20703591    *
#   min/max. wt. =    0.00000            0.138794E-01           *
#                                                               *
#*************   chi**2/iteration = 0.4133       ****************

 Done
