SLURM job running in:  /scratch/groups/lhc/park/JHUGen/JHUGenerator
LHAPDF 6.1.5 loading /work-zfs/lhc/cms/slc6_amd64_gcc493/external/lhapdf/6.1.5-kpegke3/share/LHAPDF/NNPDF30_lo_as_0130/NNPDF30_lo_as_0130_0000.dat
NNPDF30_lo_as_0130 PDF set, member #0, version 2; LHAPDF ID = 263000
 extending no. of histograms for vbf tests
 
                                                                                          
   ***************************************************************************************
   *                                JHU Generator v6.9.3                                 *
   ***************************************************************************************
   *                                                                                     *
   *   Spin and parity determination of single-produced resonances at hadron colliders   *
   *                                                                                     *
   *          I. Anderson, S. Bolognesi, F. Caola, Y. Gao, A. Gritsan, Z. Guo,           *
   *        C. Martin, K. Melnikov, R.Rontsch, H. Roskes, U. Sarica, M. Schulze,         *
   *                   N. Tran, A. Whitbeck, M. Xiao, C. You, Y. Zhou                    *
   *                Phys.Rev. D81 (2010) 075022;  arXiv:1001.3396 [hep-ph],              *
   *                Phys.Rev. D86 (2012) 095031;  arXiv:1208.4018 [hep-ph],              *
   *                Phys.Rev. D89 (2014) 035007;  arXiv:1309.4819 [hep-ph].              *
   *                                                                                     *
   ***************************************************************************************
                                                                                          
   
   Command line: ./JHUGen Unweighted=0 VegasNc0=99999999 VegasNc1=99999999 VegasNc2=99999999 LHAPDF=NNPDF30_lo_as_0130/NNPDF30_lo_as_0130.info MReso=224 ghz1=1,0 Process=60 pTjetcut=0 deltaRcut=0
   
   Input Parameter:
    Collider: P-P, sqrt(s)=13000.00
    Resonance: spin=0, mass= 224.00 width=   0.00407
    Z-boson: mass=91.188, width=2.4952
    W-boson: mass=80.399, width=2.0850
    Jet cuts:
            pT >=     0.00 GeV
        DeltaR >=     0.00
           mJJ >=     0.00 GeV
    Random seed:   777913446
    To reproduce results using this seed, JHUGen should be compiled with the same compiler:
      GNU Fortran (GCC) 4.9.3
    
    WidthScheme:   2
    LHAPDF set NNPDF30_lo_as_0130/NNPDF30_lo_as_0130.info, member=  0
    Unweighted: F
    
    spin-0-VV couplings: 
      generate_as=F
      ghg2=  0.10000000E+01  0.00000000E+00i
      ghg3=  0.00000000E+00  0.00000000E+00i
      ghg4=  0.00000000E+00  0.00000000E+00i
      ghz1=  0.10000000E+01  0.00000000E+00i
      ghz2=  0.00000000E+00  0.00000000E+00i
      ghz3=  0.00000000E+00  0.00000000E+00i
      ghz4=  0.00000000E+00  0.00000000E+00i
      Lambda=  1000.0
    
    LHE output: ./data/output.lhe
    Histogram output: ./data/output.dat
    Log file: ./data/output.log
    
  Running

  Input parameters for vegas:  ndim=  9   ncall= 80707214.
                              it=    0    itmx=   15
                              acc=-1.00    
                              mds=  1     nd=  50
                              (xl,xu)= (  0.00000     ,  1.00000     )
                                       (  0.00000     ,  1.00000     )
                                       (  0.00000     ,  1.00000     )
                                       (  0.00000     ,  1.00000     )
                                       (  0.00000     ,  1.00000     )
                                       (  0.00000     ,  1.00000     )
                                       (  0.00000     ,  1.00000     )
                                       (  0.00000     ,  1.00000     )
                                       (  0.00000     ,  1.00000     )

#********** Integration by Vegas (iteration       1) ************
#                                                               *
#  integral  =  311.75423       accum. integral =  311.75423    *
#  std. dev. =  41.198036       accum. std. dev =  41.198036    *
#   min/max. wt. =  -0.924438E-05         39.9753               *
#                                                               *
#*************   chi**2/iteration =  0.000       ****************


#********** Integration by Vegas (iteration       2) ************
#                                                               *
#  integral  =  438.03584       accum. integral =  395.63767    *
#  std. dev. =  41.153733       accum. std. dev =  29.110605    *
#   min/max. wt. =    0.00000             26.1244               *
#                                                               *
#*************   chi**2/iteration =  4.193       ****************


#********** Integration by Vegas (iteration       3) ************
#                                                               *
#  integral  =  435.56601       accum. integral =  434.29082    *
#  std. dev. =  6.0578172       accum. std. dev =  5.4666735    *
#   min/max. wt. =    0.00000             3.54778               *
#                                                               *
#*************   chi**2/iteration =  2.724       ****************


#********** Integration by Vegas (iteration       4) ************
#                                                               *
#  integral  =  455.52303       accum. integral =  453.24659    *
#  std. dev. =  2.1601405       accum. std. dev =  1.8559533    *
#   min/max. wt. =    0.00000             1.51546               *
#                                                               *
#*************   chi**2/iteration =  5.864       ****************


#********** Integration by Vegas (iteration       5) ************
#                                                               *
#  integral  =  458.58096       accum. integral =  457.85366    *
#  std. dev. = 0.81640380       accum. std. dev = 0.70059939    *
#   min/max. wt. =  -0.264557E-13        0.151821               *
#                                                               *
#*************   chi**2/iteration =  5.914       ****************


#********** Integration by Vegas (iteration       6) ************
#                                                               *
#  integral  =  458.05834       accum. integral =  458.01379    *
#  std. dev. = 0.39976244       accum. std. dev = 0.33147650    *
#   min/max. wt. =    0.00000            0.155094               *
#                                                               *
#*************   chi**2/iteration =  4.614       ****************


#********** Integration by Vegas (iteration       7) ************
#                                                               *
#  integral  =  457.71998       accum. integral =  457.85591    *
#  std. dev. = 0.32784235       accum. std. dev = 0.22764578    *
#   min/max. wt. =    0.00000            0.289762E-01           *
#                                                               *
#*************   chi**2/iteration =  3.841       ****************


#********** Integration by Vegas (iteration       8) ************
#                                                               *
#  integral  =  457.77901       accum. integral =  457.82444    *
#  std. dev. = 0.28879267       accum. std. dev = 0.17622417    *
#   min/max. wt. =    0.00000            0.274142E-01           *
#                                                               *
#*************   chi**2/iteration =  3.252       ****************


#********** Integration by Vegas (iteration       9) ************
#                                                               *
#  integral  =  457.84075       accum. integral =  457.82937    *
#  std. dev. = 0.28087411       accum. std. dev = 0.14803522    *
#   min/max. wt. =    0.00000            0.226463E-01           *
#                                                               *
#*************   chi**2/iteration =  2.815       ****************


#********** Integration by Vegas (iteration      10) ************
#                                                               *
#  integral  =  457.29353       accum. integral =  457.70007    *
#  std. dev. = 0.27339430       accum. std. dev = 0.12948953    *
#   min/max. wt. =    0.00000            0.126526E-01           *
#                                                               *
#*************   chi**2/iteration =  2.830       ****************


#********** Integration by Vegas (iteration      11) ************
#                                                               *
#  integral  =  456.93814       accum. integral =  457.55044    *
#  std. dev. = 0.27144630       accum. std. dev = 0.11646936    *
#   min/max. wt. =    0.00000            0.195815E-01           *
#                                                               *
#*************   chi**2/iteration =  3.205       ****************


#********** Integration by Vegas (iteration      12) ************
#                                                               *
#  integral  =  457.35087       accum. integral =  457.51841    *
#  std. dev. = 0.27535021       accum. std. dev = 0.10701818    *
#   min/max. wt. =    0.00000            0.205057E-01           *
#                                                               *
#*************   chi**2/iteration =  2.940       ****************


#********** Integration by Vegas (iteration      13) ************
#                                                               *
#  integral  =  457.37982       accum. integral =  457.49928    *
#  std. dev. = 0.27569510       accum. std. dev = 0.99597628E-01*
#   min/max. wt. =    0.00000            0.160765E-01           *
#                                                               *
#*************   chi**2/iteration =  2.701       ****************


#********** Integration by Vegas (iteration      14) ************
#                                                               *
#  integral  =  457.47894       accum. integral =  457.49683    *
#  std. dev. = 0.27721909       accum. std. dev = 0.93615747E-01*
#   min/max. wt. =    0.00000            0.155123E-01           *
#                                                               *
#*************   chi**2/iteration =  2.483       ****************


#********** Integration by Vegas (iteration      15) ************
#                                                               *
#  integral  =  457.55952       accum. integral =  457.50349    *
#  std. dev. = 0.27879159       accum. std. dev = 0.88663263E-01*
#   min/max. wt. =    0.00000            0.156529E-01           *
#                                                               *
#*************   chi**2/iteration =  2.301       ****************


  Input parameters for vegas:  ndim=  9   ncall= 80707214.
                              it=    0    itmx=    2
                              acc=-1.00    
                              mds=  1     nd=  50
                              (xl,xu)= (  0.00000     ,  1.00000     )
                                       (  0.00000     ,  1.00000     )
                                       (  0.00000     ,  1.00000     )
                                       (  0.00000     ,  1.00000     )
                                       (  0.00000     ,  1.00000     )
                                       (  0.00000     ,  1.00000     )
                                       (  0.00000     ,  1.00000     )
                                       (  0.00000     ,  1.00000     )
                                       (  0.00000     ,  1.00000     )

#********** Integration by Vegas (iteration       1) ************
#                                                               *
#  integral  =  457.43744       accum. integral =  457.43744    *
#  std. dev. = 0.28183638       accum. std. dev = 0.28183638    *
#   min/max. wt. =    0.00000            0.138254E-01           *
#                                                               *
#*************   chi**2/iteration =  0.000       ****************


#********** Integration by Vegas (iteration       2) ************
#                                                               *
#  integral  =  458.09495       accum. integral =  457.76257    *
#  std. dev. = 0.28537049       accum. std. dev = 0.20052803    *
#   min/max. wt. =    0.00000            0.242119E-01           *
#                                                               *
#*************   chi**2/iteration =  2.685       ****************

 Done
