SLURM job running in:  /scratch/groups/lhc/park/JHUGen/JHUGenerator
LHAPDF 6.1.5 loading /work-zfs/lhc/cms/slc6_amd64_gcc493/external/lhapdf/6.1.5-kpegke3/share/LHAPDF/NNPDF30_lo_as_0130/NNPDF30_lo_as_0130_0000.dat
NNPDF30_lo_as_0130 PDF set, member #0, version 2; LHAPDF ID = 263000
 extending no. of histograms for vbf tests
 
                                                                                          
   ***************************************************************************************
   *                                JHU Generator v6.9.3                                 *
   ***************************************************************************************
   *                                                                                     *
   *   Spin and parity determination of single-produced resonances at hadron colliders   *
   *                                                                                     *
   *          I. Anderson, S. Bolognesi, F. Caola, Y. Gao, A. Gritsan, Z. Guo,           *
   *        C. Martin, K. Melnikov, R.Rontsch, H. Roskes, U. Sarica, M. Schulze,         *
   *                   N. Tran, A. Whitbeck, M. Xiao, C. You, Y. Zhou                    *
   *                Phys.Rev. D81 (2010) 075022;  arXiv:1001.3396 [hep-ph],              *
   *                Phys.Rev. D86 (2012) 095031;  arXiv:1208.4018 [hep-ph],              *
   *                Phys.Rev. D89 (2014) 035007;  arXiv:1309.4819 [hep-ph].              *
   *                                                                                     *
   ***************************************************************************************
                                                                                          
   
   Command line: ./JHUGen Unweighted=0 VegasNc0=99999999 VegasNc1=99999999 VegasNc2=99999999 LHAPDF=NNPDF30_lo_as_0130/NNPDF30_lo_as_0130.info MReso=234 ghz1=1,0 Process=60 pTjetcut=0 deltaRcut=0
   
   Input Parameter:
    Collider: P-P, sqrt(s)=13000.00
    Resonance: spin=0, mass= 234.00 width=   0.00407
    Z-boson: mass=91.188, width=2.4952
    W-boson: mass=80.399, width=2.0850
    Jet cuts:
            pT >=     0.00 GeV
        DeltaR >=     0.00
           mJJ >=     0.00 GeV
    Random seed:    93084566
    To reproduce results using this seed, JHUGen should be compiled with the same compiler:
      GNU Fortran (GCC) 4.9.3
    
    WidthScheme:   2
    LHAPDF set NNPDF30_lo_as_0130/NNPDF30_lo_as_0130.info, member=  0
    Unweighted: F
    
    spin-0-VV couplings: 
      generate_as=F
      ghg2=  0.10000000E+01  0.00000000E+00i
      ghg3=  0.00000000E+00  0.00000000E+00i
      ghg4=  0.00000000E+00  0.00000000E+00i
      ghz1=  0.10000000E+01  0.00000000E+00i
      ghz2=  0.00000000E+00  0.00000000E+00i
      ghz3=  0.00000000E+00  0.00000000E+00i
      ghz4=  0.00000000E+00  0.00000000E+00i
      Lambda=  1000.0
    
    LHE output: ./data/output.lhe
    Histogram output: ./data/output.dat
    Log file: ./data/output.log
    
  Running

  Input parameters for vegas:  ndim=  9   ncall= 80707214.
                              it=    0    itmx=   15
                              acc=-1.00    
                              mds=  1     nd=  50
                              (xl,xu)= (  0.00000     ,  1.00000     )
                                       (  0.00000     ,  1.00000     )
                                       (  0.00000     ,  1.00000     )
                                       (  0.00000     ,  1.00000     )
                                       (  0.00000     ,  1.00000     )
                                       (  0.00000     ,  1.00000     )
                                       (  0.00000     ,  1.00000     )
                                       (  0.00000     ,  1.00000     )
                                       (  0.00000     ,  1.00000     )

#********** Integration by Vegas (iteration       1) ************
#                                                               *
#  integral  =  534.96310       accum. integral =  534.96310    *
#  std. dev. =  241.59016       accum. std. dev =  241.59016    *
#   min/max. wt. =    0.00000             240.541               *
#                                                               *
#*************   chi**2/iteration =  0.000       ****************


#********** Integration by Vegas (iteration       2) ************
#                                                               *
#  integral  =  353.48077       accum. integral =  365.99805    *
#  std. dev. =  43.448782       accum. std. dev =  53.773696    *
#   min/max. wt. =    0.00000             42.3126               *
#                                                               *
#*************   chi**2/iteration = 0.7307       ****************


#********** Integration by Vegas (iteration       3) ************
#                                                               *
#  integral  =  404.53796       accum. integral =  402.89412    *
#  std. dev. =  10.127282       accum. std. dev =  10.721620    *
#   min/max. wt. =    0.00000             6.80153               *
#                                                               *
#*************   chi**2/iteration = 0.6559       ****************


#********** Integration by Vegas (iteration       4) ************
#                                                               *
#  integral  =  433.68145       accum. integral =  423.72510    *
#  std. dev. =  7.3440293       accum. std. dev =  6.0831168    *
#   min/max. wt. =    0.00000             7.06283               *
#                                                               *
#*************   chi**2/iteration =  2.307       ****************


#********** Integration by Vegas (iteration       5) ************
#                                                               *
#  integral  =  431.29123       accum. integral =  430.44467    *
#  std. dev. =  2.1323575       accum. std. dev =  2.0297535    *
#   min/max. wt. =  -0.553958E-15        0.575162               *
#                                                               *
#*************   chi**2/iteration =  2.084       ****************


#********** Integration by Vegas (iteration       6) ************
#                                                               *
#  integral  =  427.74886       accum. integral =  427.88928    *
#  std. dev. = 0.46719644       accum. std. dev = 0.46186237    *
#   min/max. wt. =    0.00000            0.886432E-01           *
#                                                               *
#*************   chi**2/iteration =  2.014       ****************


#********** Integration by Vegas (iteration       7) ************
#                                                               *
#  integral  =  427.73985       accum. integral =  427.78747    *
#  std. dev. = 0.31106682       accum. std. dev = 0.26015892    *
#   min/max. wt. =    0.00000            0.112987E-01           *
#                                                               *
#*************   chi**2/iteration =  1.697       ****************


#********** Integration by Vegas (iteration       8) ************
#                                                               *
#  integral  =  427.40915       accum. integral =  427.60809    *
#  std. dev. = 0.27019744       accum. std. dev = 0.18833353    *
#   min/max. wt. =    0.00000            0.205916E-01           *
#                                                               *
#*************   chi**2/iteration =  1.604       ****************


#********** Integration by Vegas (iteration       9) ************
#                                                               *
#  integral  =  427.53601       accum. integral =  427.58383    *
#  std. dev. = 0.26125228       accum. std. dev = 0.15319198    *
#   min/max. wt. =    0.00000            0.121014E-01           *
#                                                               *
#*************   chi**2/iteration =  1.413       ****************


#********** Integration by Vegas (iteration      10) ************
#                                                               *
#  integral  =  427.72335       accum. integral =  427.61969    *
#  std. dev. = 0.25782950       accum. std. dev = 0.13191291    *
#   min/max. wt. =    0.00000            0.215305E-01           *
#                                                               *
#*************   chi**2/iteration =  1.282       ****************


#********** Integration by Vegas (iteration      11) ************
#                                                               *
#  integral  =  427.83996       accum. integral =  427.66483    *
#  std. dev. = 0.25753491       accum. std. dev = 0.11752835    *
#   min/max. wt. =    0.00000            0.207859E-01           *
#                                                               *
#*************   chi**2/iteration =  1.213       ****************


#********** Integration by Vegas (iteration      12) ************
#                                                               *
#  integral  =  427.59442       accum. integral =  427.65292    *
#  std. dev. = 0.25824630       accum. std. dev = 0.10705252    *
#   min/max. wt. =    0.00000            0.143118E-01           *
#                                                               *
#*************   chi**2/iteration =  1.110       ****************


#********** Integration by Vegas (iteration      13) ************
#                                                               *
#  integral  =  427.61732       accum. integral =  427.64774    *
#  std. dev. = 0.25745251       accum. std. dev = 0.98902126E-01*
#   min/max. wt. =    0.00000            0.113948E-01           *
#                                                               *
#*************   chi**2/iteration =  1.020       ****************


#********** Integration by Vegas (iteration      14) ************
#                                                               *
#  integral  =  427.72522       accum. integral =  427.65748    *
#  std. dev. = 0.25903104       accum. std. dev = 0.92432259E-01*
#   min/max. wt. =    0.00000            0.198205E-01           *
#                                                               *
#*************   chi**2/iteration = 0.9485       ****************


#********** Integration by Vegas (iteration      15) ************
#                                                               *
#  integral  =  427.71935       accum. integral =  427.66416    *
#  std. dev. = 0.26403328       accum. std. dev = 0.87264945E-01*
#   min/max. wt. =    0.00000            0.318631E-01           *
#                                                               *
#*************   chi**2/iteration = 0.8850       ****************


  Input parameters for vegas:  ndim=  9   ncall= 80707214.
                              it=    0    itmx=    2
                              acc=-1.00    
                              mds=  1     nd=  50
                              (xl,xu)= (  0.00000     ,  1.00000     )
                                       (  0.00000     ,  1.00000     )
                                       (  0.00000     ,  1.00000     )
                                       (  0.00000     ,  1.00000     )
                                       (  0.00000     ,  1.00000     )
                                       (  0.00000     ,  1.00000     )
                                       (  0.00000     ,  1.00000     )
                                       (  0.00000     ,  1.00000     )
                                       (  0.00000     ,  1.00000     )

#********** Integration by Vegas (iteration       1) ************
#                                                               *
#  integral  =  427.20278       accum. integral =  427.20278    *
#  std. dev. = 0.26347697       accum. std. dev = 0.26347697    *
#   min/max. wt. =    0.00000            0.137425E-01           *
#                                                               *
#*************   chi**2/iteration = -.8385E-06   ****************


#********** Integration by Vegas (iteration       2) ************
#                                                               *
#  integral  =  427.49921       accum. integral =  427.35255    *
#  std. dev. = 0.26090605       accum. std. dev = 0.18539008    *
#   min/max. wt. =    0.00000            0.875473E-02           *
#                                                               *
#*************   chi**2/iteration = 0.6385       ****************

 Done
