SLURM job running in:  /scratch/groups/lhc/park/JHUGen/JHUGenerator
LHAPDF 6.1.5 loading /work-zfs/lhc/cms/slc6_amd64_gcc493/external/lhapdf/6.1.5-kpegke3/share/LHAPDF/NNPDF30_lo_as_0130/NNPDF30_lo_as_0130_0000.dat
NNPDF30_lo_as_0130 PDF set, member #0, version 2; LHAPDF ID = 263000
 extending no. of histograms for vbf tests
 
                                                                                          
   ***************************************************************************************
   *                                JHU Generator v6.9.3                                 *
   ***************************************************************************************
   *                                                                                     *
   *   Spin and parity determination of single-produced resonances at hadron colliders   *
   *                                                                                     *
   *          I. Anderson, S. Bolognesi, F. Caola, Y. Gao, A. Gritsan, Z. Guo,           *
   *        C. Martin, K. Melnikov, R.Rontsch, H. Roskes, U. Sarica, M. Schulze,         *
   *                   N. Tran, A. Whitbeck, M. Xiao, C. You, Y. Zhou                    *
   *                Phys.Rev. D81 (2010) 075022;  arXiv:1001.3396 [hep-ph],              *
   *                Phys.Rev. D86 (2012) 095031;  arXiv:1208.4018 [hep-ph],              *
   *                Phys.Rev. D89 (2014) 035007;  arXiv:1309.4819 [hep-ph].              *
   *                                                                                     *
   ***************************************************************************************
                                                                                          
   
   Command line: ./JHUGen Unweighted=0 VegasNc0=99999999 VegasNc1=99999999 VegasNc2=99999999 LHAPDF=NNPDF30_lo_as_0130/NNPDF30_lo_as_0130.info MReso=250 ghz1=1,0 Process=60 pTjetcut=0 deltaRcut=0
   
   Input Parameter:
    Collider: P-P, sqrt(s)=13000.00
    Resonance: spin=0, mass= 250.00 width=   0.00407
    Z-boson: mass=91.188, width=2.4952
    W-boson: mass=80.399, width=2.0850
    Jet cuts:
            pT >=     0.00 GeV
        DeltaR >=     0.00
           mJJ >=     0.00 GeV
    Random seed:   549053058
    To reproduce results using this seed, JHUGen should be compiled with the same compiler:
      GNU Fortran (GCC) 4.9.3
    
    WidthScheme:   2
    LHAPDF set NNPDF30_lo_as_0130/NNPDF30_lo_as_0130.info, member=  0
    Unweighted: F
    
    spin-0-VV couplings: 
      generate_as=F
      ghg2=  0.10000000E+01  0.00000000E+00i
      ghg3=  0.00000000E+00  0.00000000E+00i
      ghg4=  0.00000000E+00  0.00000000E+00i
      ghz1=  0.10000000E+01  0.00000000E+00i
      ghz2=  0.00000000E+00  0.00000000E+00i
      ghz3=  0.00000000E+00  0.00000000E+00i
      ghz4=  0.00000000E+00  0.00000000E+00i
      Lambda=  1000.0
    
    LHE output: ./data/output.lhe
    Histogram output: ./data/output.dat
    Log file: ./data/output.log
    
  Running

  Input parameters for vegas:  ndim=  9   ncall= 80707214.
                              it=    0    itmx=   15
                              acc=-1.00    
                              mds=  1     nd=  50
                              (xl,xu)= (  0.00000     ,  1.00000     )
                                       (  0.00000     ,  1.00000     )
                                       (  0.00000     ,  1.00000     )
                                       (  0.00000     ,  1.00000     )
                                       (  0.00000     ,  1.00000     )
                                       (  0.00000     ,  1.00000     )
                                       (  0.00000     ,  1.00000     )
                                       (  0.00000     ,  1.00000     )
                                       (  0.00000     ,  1.00000     )

#********** Integration by Vegas (iteration       1) ************
#                                                               *
#  integral  =  262.51718       accum. integral =  262.51718    *
#  std. dev. =  23.497907       accum. std. dev =  23.497907    *
#   min/max. wt. =    0.00000             19.8186               *
#                                                               *
#*************   chi**2/iteration =  0.000       ****************


#********** Integration by Vegas (iteration       2) ************
#                                                               *
#  integral  =  305.43484       accum. integral =  297.32187    *
#  std. dev. =  13.199610       accum. std. dev =  11.083105    *
#   min/max. wt. =    0.00000             11.2708               *
#                                                               *
#*************   chi**2/iteration =  2.296       ****************


#********** Integration by Vegas (iteration       3) ************
#                                                               *
#  integral  =  386.93287       accum. integral =  334.75838    *
#  std. dev. =  17.777081       accum. std. dev =  9.5753517    *
#   min/max. wt. =    0.00000             16.2371               *
#                                                               *
#*************   chi**2/iteration =  11.54       ****************


#********** Integration by Vegas (iteration       4) ************
#                                                               *
#  integral  =  389.11847       accum. integral =  376.95093    *
#  std. dev. =  6.2052192       accum. std. dev =  4.7815764    *
#   min/max. wt. =    0.00000             5.57087               *
#                                                               *
#*************   chi**2/iteration =  14.39       ****************


#********** Integration by Vegas (iteration       5) ************
#                                                               *
#  integral  =  380.93210       accum. integral =  380.77102    *
#  std. dev. =  1.0989907       accum. std. dev = 0.98583272    *
#   min/max. wt. =    0.00000            0.288901               *
#                                                               *
#*************   chi**2/iteration =  10.43       ****************


#********** Integration by Vegas (iteration       6) ************
#                                                               *
#  integral  =  385.56228       accum. integral =  385.09960    *
#  std. dev. = 0.35623879       accum. std. dev = 0.31195817    *
#   min/max. wt. =  -0.102263E-16        0.497853E-01           *
#                                                               *
#*************   chi**2/iteration =  12.16       ****************


#********** Integration by Vegas (iteration       7) ************
#                                                               *
#  integral  =  385.05601       accum. integral =  385.07238    *
#  std. dev. = 0.26224079       accum. std. dev = 0.19354892    *
#   min/max. wt. =    0.00000            0.315335E-01           *
#                                                               *
#*************   chi**2/iteration =  9.892       ****************


#********** Integration by Vegas (iteration       8) ************
#                                                               *
#  integral  =  384.89332       accum. integral =  384.99581    *
#  std. dev. = 0.23965744       accum. std. dev = 0.14775716    *
#   min/max. wt. =    0.00000            0.286609E-01           *
#                                                               *
#*************   chi**2/iteration =  8.379       ****************


#********** Integration by Vegas (iteration       9) ************
#                                                               *
#  integral  =  384.67437       accum. integral =  384.89509    *
#  std. dev. = 0.23185808       accum. std. dev = 0.12327655    *
#   min/max. wt. =    0.00000            0.163591E-01           *
#                                                               *
#*************   chi**2/iteration =  7.415       ****************


#********** Integration by Vegas (iteration      10) ************
#                                                               *
#  integral  =  384.92678       accum. integral =  384.90267    *
#  std. dev. = 0.23166631       accum. std. dev = 0.10812099    *
#   min/max. wt. =    0.00000            0.180752E-01           *
#                                                               *
#*************   chi**2/iteration =  6.522       ****************


#********** Integration by Vegas (iteration      11) ************
#                                                               *
#  integral  =  385.19820       accum. integral =  384.96008    *
#  std. dev. = 0.23087962       accum. std. dev = 0.97489945E-01*
#   min/max. wt. =    0.00000            0.205805E-01           *
#                                                               *
#*************   chi**2/iteration =  5.961       ****************


#********** Integration by Vegas (iteration      12) ************
#                                                               *
#  integral  =  385.12885       accum. integral =  384.98710    *
#  std. dev. = 0.23303678       accum. std. dev = 0.89677083E-01*
#   min/max. wt. =    0.00000            0.162798E-01           *
#                                                               *
#*************   chi**2/iteration =  5.422       ****************


#********** Integration by Vegas (iteration      13) ************
#                                                               *
#  integral  =  384.91927       accum. integral =  384.97769    *
#  std. dev. = 0.23220075       accum. std. dev = 0.83479943E-01*
#   min/max. wt. =    0.00000            0.132853E-01           *
#                                                               *
#*************   chi**2/iteration =  4.947       ****************


#********** Integration by Vegas (iteration      14) ************
#                                                               *
#  integral  =  385.07801       accum. integral =  384.98960    *
#  std. dev. = 0.23568718       accum. std. dev = 0.78573636E-01*
#   min/max. wt. =    0.00000            0.158589E-01           *
#                                                               *
#*************   chi**2/iteration =  4.555       ****************


#********** Integration by Vegas (iteration      15) ************
#                                                               *
#  integral  =  385.13042       accum. integral =  385.00447    *
#  std. dev. = 0.23642567       accum. std. dev = 0.74480041E-01*
#   min/max. wt. =    0.00000            0.112302E-01           *
#                                                               *
#*************   chi**2/iteration =  4.235       ****************


  Input parameters for vegas:  ndim=  9   ncall= 80707214.
                              it=    0    itmx=    2
                              acc=-1.00    
                              mds=  1     nd=  50
                              (xl,xu)= (  0.00000     ,  1.00000     )
                                       (  0.00000     ,  1.00000     )
                                       (  0.00000     ,  1.00000     )
                                       (  0.00000     ,  1.00000     )
                                       (  0.00000     ,  1.00000     )
                                       (  0.00000     ,  1.00000     )
                                       (  0.00000     ,  1.00000     )
                                       (  0.00000     ,  1.00000     )
                                       (  0.00000     ,  1.00000     )

#********** Integration by Vegas (iteration       1) ************
#                                                               *
#  integral  =  385.29470       accum. integral =  385.29470    *
#  std. dev. = 0.23744914       accum. std. dev = 0.23744914    *
#   min/max. wt. =    0.00000            0.156353E-01           *
#                                                               *
#*************   chi**2/iteration =  0.000       ****************


#********** Integration by Vegas (iteration       2) ************
#                                                               *
#  integral  =  385.04288       accum. integral =  385.16943    *
#  std. dev. = 0.23850660       accum. std. dev = 0.16827428    *
#   min/max. wt. =    0.00000            0.101148E-01           *
#                                                               *
#*************   chi**2/iteration = 0.5593       ****************

 Done
