SLURM job running in:  /scratch/groups/lhc/park/JHUGen/JHUGenerator
LHAPDF 6.1.5 loading /work-zfs/lhc/cms/slc6_amd64_gcc493/external/lhapdf/6.1.5-kpegke3/share/LHAPDF/NNPDF30_lo_as_0130/NNPDF30_lo_as_0130_0000.dat
NNPDF30_lo_as_0130 PDF set, member #0, version 2; LHAPDF ID = 263000
 extending no. of histograms for vbf tests
 
                                                                                          
   ***************************************************************************************
   *                                JHU Generator v6.9.3                                 *
   ***************************************************************************************
   *                                                                                     *
   *   Spin and parity determination of single-produced resonances at hadron colliders   *
   *                                                                                     *
   *          I. Anderson, S. Bolognesi, F. Caola, Y. Gao, A. Gritsan, Z. Guo,           *
   *        C. Martin, K. Melnikov, R.Rontsch, H. Roskes, U. Sarica, M. Schulze,         *
   *                   N. Tran, A. Whitbeck, M. Xiao, C. You, Y. Zhou                    *
   *                Phys.Rev. D81 (2010) 075022;  arXiv:1001.3396 [hep-ph],              *
   *                Phys.Rev. D86 (2012) 095031;  arXiv:1208.4018 [hep-ph],              *
   *                Phys.Rev. D89 (2014) 035007;  arXiv:1309.4819 [hep-ph].              *
   *                                                                                     *
   ***************************************************************************************
                                                                                          
   
   Command line: ./JHUGen Unweighted=0 VegasNc0=99999999 VegasNc1=99999999 VegasNc2=99999999 LHAPDF=NNPDF30_lo_as_0130/NNPDF30_lo_as_0130.info MReso=2550 ghz1=1,0 Process=60 pTjetcut=0 deltaRcut=0
   
   Input Parameter:
    Collider: P-P, sqrt(s)=13000.00
    Resonance: spin=0, mass=2550.00 width=   0.00407
    Z-boson: mass=91.188, width=2.4952
    W-boson: mass=80.399, width=2.0850
    Jet cuts:
            pT >=     0.00 GeV
        DeltaR >=     0.00
           mJJ >=     0.00 GeV
    Random seed:   438628165
    To reproduce results using this seed, JHUGen should be compiled with the same compiler:
      GNU Fortran (GCC) 4.9.3
    
    WidthScheme:   2
    LHAPDF set NNPDF30_lo_as_0130/NNPDF30_lo_as_0130.info, member=  0
    Unweighted: F
    
    spin-0-VV couplings: 
      generate_as=F
      ghg2=  0.10000000E+01  0.00000000E+00i
      ghg3=  0.00000000E+00  0.00000000E+00i
      ghg4=  0.00000000E+00  0.00000000E+00i
      ghz1=  0.10000000E+01  0.00000000E+00i
      ghz2=  0.00000000E+00  0.00000000E+00i
      ghz3=  0.00000000E+00  0.00000000E+00i
      ghz4=  0.00000000E+00  0.00000000E+00i
      Lambda=  1000.0
    
    LHE output: ./data/output.lhe
    Histogram output: ./data/output.dat
    Log file: ./data/output.log
    
  Running

  Input parameters for vegas:  ndim=  9   ncall= 80707214.
                              it=    0    itmx=   15
                              acc=-1.00    
                              mds=  1     nd=  50
                              (xl,xu)= (  0.00000     ,  1.00000     )
                                       (  0.00000     ,  1.00000     )
                                       (  0.00000     ,  1.00000     )
                                       (  0.00000     ,  1.00000     )
                                       (  0.00000     ,  1.00000     )
                                       (  0.00000     ,  1.00000     )
                                       (  0.00000     ,  1.00000     )
                                       (  0.00000     ,  1.00000     )
                                       (  0.00000     ,  1.00000     )

#********** Integration by Vegas (iteration       1) ************
#                                                               *
#  integral  = 0.12945225       accum. integral = 0.12945225    *
#  std. dev. = 0.31521549E-03   accum. std. dev = 0.31521549E-03*
#   min/max. wt. =    0.00000            0.160289E-03           *
#                                                               *
#*************   chi**2/iteration =  0.000       ****************


#********** Integration by Vegas (iteration       2) ************
#                                                               *
#  integral  = 0.13053464       accum. integral = 0.12992902    *
#  std. dev. = 0.35823811E-03   accum. std. dev = 0.23677315E-03*
#   min/max. wt. =    0.00000            0.269075E-03           *
#                                                               *
#*************   chi**2/iteration =  5.145       ****************


#********** Integration by Vegas (iteration       3) ************
#                                                               *
#  integral  = 0.16956189       accum. integral = 0.12994350    *
#  std. dev. = 0.16155814E-01   accum. std. dev = 0.26295136E-03*
#   min/max. wt. =    0.00000            0.153306E-01           *
#                                                               *
#*************   chi**2/iteration =  6.232       ****************


#********** Integration by Vegas (iteration       4) ************
#                                                               *
#  integral  =  1.0701034       accum. integral = 0.12994945    *
#  std. dev. = 0.77407083       accum. std. dev = 0.10006233E-02*
#   min/max. wt. =    0.00000            0.766508               *
#                                                               *
#*************   chi**2/iteration =  2.151       ****************


#********** Integration by Vegas (iteration       5) ************
#                                                               *
#  integral  = 0.31228471       accum. integral = 0.12996102    *
#  std. dev. = 0.71389501E-01   accum. std. dev = 0.93038959E-03*
#   min/max. wt. =    0.00000            0.657942E-01           *
#                                                               *
#*************   chi**2/iteration =  2.475       ****************


#********** Integration by Vegas (iteration       6) ************
#                                                               *
#  integral  = 0.25538102       accum. integral = 0.13305878    *
#  std. dev. = 0.29223368E-02   accum. std. dev = 0.85947219E-03*
#   min/max. wt. =    0.00000            0.159192E-02           *
#                                                               *
#*************   chi**2/iteration =  104.8       ****************


#********** Integration by Vegas (iteration       7) ************
#                                                               *
#  integral  = 0.25844322       accum. integral = 0.22183298    *
#  std. dev. = 0.29847304E-03   accum. std. dev = 0.44032331E-03*
#   min/max. wt. =    0.00000            0.431377E-04           *
#                                                               *
#*************   chi**2/iteration =  2891.       ****************


#********** Integration by Vegas (iteration       8) ************
#                                                               *
#  integral  = 0.25824662       accum. integral = 0.24978015    *
#  std. dev. = 0.13812701E-03   accum. std. dev = 0.20316298E-03*
#   min/max. wt. =    0.00000            0.673668E-05           *
#                                                               *
#*************   chi**2/iteration =  3525.       ****************


#********** Integration by Vegas (iteration       9) ************
#                                                               *
#  integral  = 0.25815796       accum. integral = 0.25425377    *
#  std. dev. = 0.11300604E-03   accum. std. dev = 0.13362387E-03*
#   min/max. wt. =    0.00000            0.714017E-05           *
#                                                               *
#*************   chi**2/iteration =  3445.       ****************


#********** Integration by Vegas (iteration      10) ************
#                                                               *
#  integral  = 0.25799158       accum. integral = 0.25565960    *
#  std. dev. = 0.10628777E-03   accum. std. dev = 0.10222863E-03*
#   min/max. wt. =    0.00000            0.611339E-05           *
#                                                               *
#*************   chi**2/iteration =  3299.       ****************


#********** Integration by Vegas (iteration      11) ************
#                                                               *
#  integral  = 0.25821093       accum. integral = 0.25637371    *
#  std. dev. = 0.10464193E-03   accum. std. dev = 0.84380326E-04*
#   min/max. wt. =    0.00000            0.124365E-04           *
#                                                               *
#*************   chi**2/iteration =  3157.       ****************


#********** Integration by Vegas (iteration      12) ************
#                                                               *
#  integral  = 0.25812674       accum. integral = 0.25677215    *
#  std. dev. = 0.10204421E-03   accum. std. dev = 0.72391335E-04*
#   min/max. wt. =    0.00000            0.687785E-05           *
#                                                               *
#*************   chi**2/iteration =  3022.       ****************


#********** Integration by Vegas (iteration      13) ************
#                                                               *
#  integral  = 0.25825465       accum. integral = 0.25704396    *
#  std. dev. = 0.10272481E-03   accum. std. dev = 0.64025831E-04*
#   min/max. wt. =    0.00000            0.476038E-05           *
#                                                               *
#*************   chi**2/iteration =  2899.       ****************


#********** Integration by Vegas (iteration      14) ************
#                                                               *
#  integral  = 0.25814054       accum. integral = 0.25721692    *
#  std. dev. = 0.10160037E-03   accum. std. dev = 0.57640419E-04*
#   min/max. wt. =    0.00000            0.453715E-05           *
#                                                               *
#*************   chi**2/iteration =  2785.       ****************


#********** Integration by Vegas (iteration      15) ************
#                                                               *
#  integral  = 0.25813032       accum. integral = 0.25734118    *
#  std. dev. = 0.10167938E-03   accum. std. dev = 0.52657658E-04*
#   min/max. wt. =    0.00000            0.539061E-05           *
#                                                               *
#*************   chi**2/iteration =  2679.       ****************


  Input parameters for vegas:  ndim=  9   ncall= 80707214.
                              it=    0    itmx=    2
                              acc=-1.00    
                              mds=  1     nd=  50
                              (xl,xu)= (  0.00000     ,  1.00000     )
                                       (  0.00000     ,  1.00000     )
                                       (  0.00000     ,  1.00000     )
                                       (  0.00000     ,  1.00000     )
                                       (  0.00000     ,  1.00000     )
                                       (  0.00000     ,  1.00000     )
                                       (  0.00000     ,  1.00000     )
                                       (  0.00000     ,  1.00000     )
                                       (  0.00000     ,  1.00000     )

#********** Integration by Vegas (iteration       1) ************
#                                                               *
#  integral  = 0.25820147       accum. integral = 0.25820147    *
#  std. dev. = 0.10149677E-03   accum. std. dev = 0.10149677E-03*
#   min/max. wt. =    0.00000            0.706894E-05           *
#                                                               *
#*************   chi**2/iteration =  0.000       ****************


#********** Integration by Vegas (iteration       2) ************
#                                                               *
#  integral  = 0.25814276       accum. integral = 0.25817290    *
#  std. dev. = 0.10421989E-03   accum. std. dev = 0.72712490E-04*
#   min/max. wt. =    0.00000            0.930345E-05           *
#                                                               *
#*************   chi**2/iteration = 0.1627       ****************

 Done
