SLURM job running in:  /scratch/groups/lhc/park/JHUGen/JHUGenerator
LHAPDF 6.1.5 loading /work-zfs/lhc/cms/slc6_amd64_gcc493/external/lhapdf/6.1.5-kpegke3/share/LHAPDF/NNPDF30_lo_as_0130/NNPDF30_lo_as_0130_0000.dat
NNPDF30_lo_as_0130 PDF set, member #0, version 2; LHAPDF ID = 263000
 extending no. of histograms for vbf tests
 
                                                                                          
   ***************************************************************************************
   *                                JHU Generator v6.9.3                                 *
   ***************************************************************************************
   *                                                                                     *
   *   Spin and parity determination of single-produced resonances at hadron colliders   *
   *                                                                                     *
   *          I. Anderson, S. Bolognesi, F. Caola, Y. Gao, A. Gritsan, Z. Guo,           *
   *        C. Martin, K. Melnikov, R.Rontsch, H. Roskes, U. Sarica, M. Schulze,         *
   *                   N. Tran, A. Whitbeck, M. Xiao, C. You, Y. Zhou                    *
   *                Phys.Rev. D81 (2010) 075022;  arXiv:1001.3396 [hep-ph],              *
   *                Phys.Rev. D86 (2012) 095031;  arXiv:1208.4018 [hep-ph],              *
   *                Phys.Rev. D89 (2014) 035007;  arXiv:1309.4819 [hep-ph].              *
   *                                                                                     *
   ***************************************************************************************
                                                                                          
   
   Command line: ./JHUGen Unweighted=0 VegasNc0=99999999 VegasNc1=99999999 VegasNc2=99999999 LHAPDF=NNPDF30_lo_as_0130/NNPDF30_lo_as_0130.info MReso=2650 ghz1=1,0 Process=60 pTjetcut=0 deltaRcut=0
   
   Input Parameter:
    Collider: P-P, sqrt(s)=13000.00
    Resonance: spin=0, mass=2650.00 width=   0.00407
    Z-boson: mass=91.188, width=2.4952
    W-boson: mass=80.399, width=2.0850
    Jet cuts:
            pT >=     0.00 GeV
        DeltaR >=     0.00
           mJJ >=     0.00 GeV
    Random seed:   650359410
    To reproduce results using this seed, JHUGen should be compiled with the same compiler:
      GNU Fortran (GCC) 4.9.3
    
    WidthScheme:   2
    LHAPDF set NNPDF30_lo_as_0130/NNPDF30_lo_as_0130.info, member=  0
    Unweighted: F
    
    spin-0-VV couplings: 
      generate_as=F
      ghg2=  0.10000000E+01  0.00000000E+00i
      ghg3=  0.00000000E+00  0.00000000E+00i
      ghg4=  0.00000000E+00  0.00000000E+00i
      ghz1=  0.10000000E+01  0.00000000E+00i
      ghz2=  0.00000000E+00  0.00000000E+00i
      ghz3=  0.00000000E+00  0.00000000E+00i
      ghz4=  0.00000000E+00  0.00000000E+00i
      Lambda=  1000.0
    
    LHE output: ./data/output.lhe
    Histogram output: ./data/output.dat
    Log file: ./data/output.log
    
  Running

  Input parameters for vegas:  ndim=  9   ncall= 80707214.
                              it=    0    itmx=   15
                              acc=-1.00    
                              mds=  1     nd=  50
                              (xl,xu)= (  0.00000     ,  1.00000     )
                                       (  0.00000     ,  1.00000     )
                                       (  0.00000     ,  1.00000     )
                                       (  0.00000     ,  1.00000     )
                                       (  0.00000     ,  1.00000     )
                                       (  0.00000     ,  1.00000     )
                                       (  0.00000     ,  1.00000     )
                                       (  0.00000     ,  1.00000     )
                                       (  0.00000     ,  1.00000     )

#********** Integration by Vegas (iteration       1) ************
#                                                               *
#  integral  = 0.10281462       accum. integral = 0.10281462    *
#  std. dev. = 0.19851905E-03   accum. std. dev = 0.19851905E-03*
#   min/max. wt. =    0.00000            0.303090E-04           *
#                                                               *
#*************   chi**2/iteration =  0.000       ****************


#********** Integration by Vegas (iteration       2) ************
#                                                               *
#  integral  = 0.10835751       accum. integral = 0.10286079    *
#  std. dev. = 0.22827895E-02   accum. std. dev = 0.20308931E-03*
#   min/max. wt. =    0.00000            0.157352E-02           *
#                                                               *
#*************   chi**2/iteration =  6.147       ****************


#********** Integration by Vegas (iteration       3) ************
#                                                               *
#  integral  = 0.10876223       accum. integral = 0.10292572    *
#  std. dev. = 0.19827979E-02   accum. std. dev = 0.20398998E-03*
#   min/max. wt. =    0.00000            0.178131E-02           *
#                                                               *
#*************   chi**2/iteration =  7.565       ****************


#********** Integration by Vegas (iteration       4) ************
#                                                               *
#  integral  = 0.14978317       accum. integral = 0.10296458    *
#  std. dev. = 0.99412390E-02   accum. std. dev = 0.22731926E-03*
#   min/max. wt. =    0.00000            0.687769E-02           *
#                                                               *
#*************   chi**2/iteration =  15.79       ****************


#********** Integration by Vegas (iteration       5) ************
#                                                               *
#  integral  = 0.19575055       accum. integral = 0.10321700    *
#  std. dev. = 0.71637974E-02   accum. std. dev = 0.26296196E-03*
#   min/max. wt. =    0.00000            0.275928E-02           *
#                                                               *
#*************   chi**2/iteration =  93.25       ****************


#********** Integration by Vegas (iteration       6) ************
#                                                               *
#  integral  = 0.20534723       accum. integral = 0.10954046    *
#  std. dev. = 0.15256899E-02   accum. std. dev = 0.27942232E-03*
#   min/max. wt. =    0.00000            0.736398E-03           *
#                                                               *
#*************   chi**2/iteration =  1614.       ****************


#********** Integration by Vegas (iteration       7) ************
#                                                               *
#  integral  = 0.20498602       accum. integral = 0.17436125    *
#  std. dev. = 0.26048426E-03   accum. std. dev = 0.16749922E-03*
#   min/max. wt. =    0.00000            0.432989E-04           *
#                                                               *
#*************   chi**2/iteration = 0.1299E+05   ****************


#********** Integration by Vegas (iteration       8) ************
#                                                               *
#  integral  = 0.20502143       accum. integral = 0.19905671    *
#  std. dev. = 0.10551698E-03   accum. std. dev = 0.76790701E-04*
#   min/max. wt. =    0.00000            0.493633E-05           *
#                                                               *
#*************   chi**2/iteration = 0.1388E+05   ****************


#********** Integration by Vegas (iteration       9) ************
#                                                               *
#  integral  = 0.20500391       accum. integral = 0.20231456    *
#  std. dev. = 0.86032968E-04   accum. std. dev = 0.53111133E-04*
#   min/max. wt. =    0.00000            0.442025E-05           *
#                                                               *
#*************   chi**2/iteration = 0.1187E+05   ****************


#********** Integration by Vegas (iteration      10) ************
#                                                               *
#  integral  = 0.20525335       accum. integral = 0.20339195    *
#  std. dev. = 0.83798266E-04   accum. std. dev = 0.43190665E-04*
#   min/max. wt. =    0.00000            0.605068E-05           *
#                                                               *
#*************   chi**2/iteration = 0.1022E+05   ****************


#********** Integration by Vegas (iteration      11) ************
#                                                               *
#  integral  = 0.20515126       accum. integral = 0.20388545    *
#  std. dev. = 0.81220064E-04   accum. std. dev = 0.37260860E-04*
#   min/max. wt. =    0.00000            0.319289E-05           *
#                                                               *
#*************   chi**2/iteration =  8938.       ****************


#********** Integration by Vegas (iteration      12) ************
#                                                               *
#  integral  = 0.20510254       accum. integral = 0.20415170    *
#  std. dev. = 0.81272010E-04   accum. std. dev = 0.33386766E-04*
#   min/max. wt. =    0.00000            0.361265E-05           *
#                                                               *
#*************   chi**2/iteration =  7927.       ****************


#********** Integration by Vegas (iteration      13) ************
#                                                               *
#  integral  = 0.20496034       accum. integral = 0.20429690    *
#  std. dev. = 0.81197834E-04   accum. std. dev = 0.30581753E-04*
#   min/max. wt. =    0.00000            0.859131E-05           *
#                                                               *
#*************   chi**2/iteration =  7114.       ****************


#********** Integration by Vegas (iteration      14) ************
#                                                               *
#  integral  = 0.20510086       accum. integral = 0.20442083    *
#  std. dev. = 0.80652803E-04   accum. std. dev = 0.28393550E-04*
#   min/max. wt. =    0.00000            0.695175E-05           *
#                                                               *
#*************   chi**2/iteration =  6452.       ****************


#********** Integration by Vegas (iteration      15) ************
#                                                               *
#  integral  = 0.20509816       accum. integral = 0.20451052    *
#  std. dev. = 0.81051401E-04   accum. std. dev = 0.26660869E-04*
#   min/max. wt. =    0.00000            0.271659E-05           *
#                                                               *
#*************   chi**2/iteration =  5901.       ****************


  Input parameters for vegas:  ndim=  9   ncall= 80707214.
                              it=    0    itmx=    2
                              acc=-1.00    
                              mds=  1     nd=  50
                              (xl,xu)= (  0.00000     ,  1.00000     )
                                       (  0.00000     ,  1.00000     )
                                       (  0.00000     ,  1.00000     )
                                       (  0.00000     ,  1.00000     )
                                       (  0.00000     ,  1.00000     )
                                       (  0.00000     ,  1.00000     )
                                       (  0.00000     ,  1.00000     )
                                       (  0.00000     ,  1.00000     )
                                       (  0.00000     ,  1.00000     )

#********** Integration by Vegas (iteration       1) ************
#                                                               *
#  integral  = 0.20505154       accum. integral = 0.20505154    *
#  std. dev. = 0.82495671E-04   accum. std. dev = 0.82495671E-04*
#   min/max. wt. =    0.00000            0.634493E-05           *
#                                                               *
#*************   chi**2/iteration =  0.000       ****************


#********** Integration by Vegas (iteration       2) ************
#                                                               *
#  integral  = 0.20509808       accum. integral = 0.20507482    *
#  std. dev. = 0.82478718E-04   accum. std. dev = 0.58327252E-04*
#   min/max. wt. =    0.00000            0.408719E-05           *
#                                                               *
#*************   chi**2/iteration = 0.1590       ****************

 Done
