SLURM job running in:  /scratch/groups/lhc/park/JHUGen/JHUGenerator
LHAPDF 6.1.5 loading /work-zfs/lhc/cms/slc6_amd64_gcc493/external/lhapdf/6.1.5-kpegke3/share/LHAPDF/NNPDF30_lo_as_0130/NNPDF30_lo_as_0130_0000.dat
NNPDF30_lo_as_0130 PDF set, member #0, version 2; LHAPDF ID = 263000
 extending no. of histograms for vbf tests
 
                                                                                          
   ***************************************************************************************
   *                                JHU Generator v6.9.3                                 *
   ***************************************************************************************
   *                                                                                     *
   *   Spin and parity determination of single-produced resonances at hadron colliders   *
   *                                                                                     *
   *          I. Anderson, S. Bolognesi, F. Caola, Y. Gao, A. Gritsan, Z. Guo,           *
   *        C. Martin, K. Melnikov, R.Rontsch, H. Roskes, U. Sarica, M. Schulze,         *
   *                   N. Tran, A. Whitbeck, M. Xiao, C. You, Y. Zhou                    *
   *                Phys.Rev. D81 (2010) 075022;  arXiv:1001.3396 [hep-ph],              *
   *                Phys.Rev. D86 (2012) 095031;  arXiv:1208.4018 [hep-ph],              *
   *                Phys.Rev. D89 (2014) 035007;  arXiv:1309.4819 [hep-ph].              *
   *                                                                                     *
   ***************************************************************************************
                                                                                          
   
   Command line: ./JHUGen Unweighted=0 VegasNc0=99999999 VegasNc1=99999999 VegasNc2=99999999 LHAPDF=NNPDF30_lo_as_0130/NNPDF30_lo_as_0130.info MReso=306 ghz1=1,0 Process=60 pTjetcut=0 deltaRcut=0
   
   Input Parameter:
    Collider: P-P, sqrt(s)=13000.00
    Resonance: spin=0, mass= 306.00 width=   0.00407
    Z-boson: mass=91.188, width=2.4952
    W-boson: mass=80.399, width=2.0850
    Jet cuts:
            pT >=     0.00 GeV
        DeltaR >=     0.00
           mJJ >=     0.00 GeV
    Random seed:   526494446
    To reproduce results using this seed, JHUGen should be compiled with the same compiler:
      GNU Fortran (GCC) 4.9.3
    
    WidthScheme:   2
    LHAPDF set NNPDF30_lo_as_0130/NNPDF30_lo_as_0130.info, member=  0
    Unweighted: F
    
    spin-0-VV couplings: 
      generate_as=F
      ghg2=  0.10000000E+01  0.00000000E+00i
      ghg3=  0.00000000E+00  0.00000000E+00i
      ghg4=  0.00000000E+00  0.00000000E+00i
      ghz1=  0.10000000E+01  0.00000000E+00i
      ghz2=  0.00000000E+00  0.00000000E+00i
      ghz3=  0.00000000E+00  0.00000000E+00i
      ghz4=  0.00000000E+00  0.00000000E+00i
      Lambda=  1000.0
    
    LHE output: ./data/output.lhe
    Histogram output: ./data/output.dat
    Log file: ./data/output.log
    
  Running

  Input parameters for vegas:  ndim=  9   ncall= 80707214.
                              it=    0    itmx=   15
                              acc=-1.00    
                              mds=  1     nd=  50
                              (xl,xu)= (  0.00000     ,  1.00000     )
                                       (  0.00000     ,  1.00000     )
                                       (  0.00000     ,  1.00000     )
                                       (  0.00000     ,  1.00000     )
                                       (  0.00000     ,  1.00000     )
                                       (  0.00000     ,  1.00000     )
                                       (  0.00000     ,  1.00000     )
                                       (  0.00000     ,  1.00000     )
                                       (  0.00000     ,  1.00000     )

#********** Integration by Vegas (iteration       1) ************
#                                                               *
#  integral  =  160.68582       accum. integral =  160.68582    *
#  std. dev. =  6.5266462       accum. std. dev =  6.5266462    *
#   min/max. wt. =    0.00000             4.17221               *
#                                                               *
#*************   chi**2/iteration =  0.000       ****************


#********** Integration by Vegas (iteration       2) ************
#                                                               *
#  integral  =  242.55130       accum. integral =  171.15655    *
#  std. dev. =  25.725326       accum. std. dev =  7.8036267    *
#   min/max. wt. =    0.00000             23.8382               *
#                                                               *
#*************   chi**2/iteration =  12.26       ****************


#********** Integration by Vegas (iteration       3) ************
#                                                               *
#  integral  =  247.37721       accum. integral =  227.69403    *
#  std. dev. =  5.5364872       accum. std. dev =  4.2500492    *
#   min/max. wt. =    0.00000             3.93493               *
#                                                               *
#*************   chi**2/iteration =  36.13       ****************


#********** Integration by Vegas (iteration       4) ************
#                                                               *
#  integral  =  269.09288       accum. integral =  266.09967    *
#  std. dev. =  1.4480381       accum. std. dev =  1.2106978    *
#   min/max. wt. =    0.00000            0.600919               *
#                                                               *
#*************   chi**2/iteration =  47.60       ****************


#********** Integration by Vegas (iteration       5) ************
#                                                               *
#  integral  =  274.18108       accum. integral =  269.66983    *
#  std. dev. =  1.5974329       accum. std. dev = 0.93811281    *
#   min/max. wt. =    0.00000             1.54385               *
#                                                               *
#*************   chi**2/iteration =  37.77       ****************


#********** Integration by Vegas (iteration       6) ************
#                                                               *
#  integral  =  273.28299       accum. integral =  271.96842    *
#  std. dev. = 0.80031418       accum. std. dev = 0.57856430    *
#   min/max. wt. =    0.00000            0.177299               *
#                                                               *
#*************   chi**2/iteration =  30.71       ****************


#********** Integration by Vegas (iteration       7) ************
#                                                               *
#  integral  =  272.46289       accum. integral =  272.40875    *
#  std. dev. = 0.22315858       accum. std. dev = 0.19429445    *
#   min/max. wt. =    0.00000            0.127460E-01           *
#                                                               *
#*************   chi**2/iteration =  24.95       ****************


#********** Integration by Vegas (iteration       8) ************
#                                                               *
#  integral  =  272.36382       accum. integral =  272.38165    *
#  std. dev. = 0.17079193       accum. std. dev = 0.12373674    *
#   min/max. wt. =    0.00000            0.110873E-01           *
#                                                               *
#*************   chi**2/iteration =  20.94       ****************


#********** Integration by Vegas (iteration       9) ************
#                                                               *
#  integral  =  272.47234       accum. integral =  272.41809    *
#  std. dev. = 0.16188845       accum. std. dev = 0.96493862E-01*
#   min/max. wt. =    0.00000            0.122115E-01           *
#                                                               *
#*************   chi**2/iteration =  18.05       ****************


#********** Integration by Vegas (iteration      10) ************
#                                                               *
#  integral  =  272.55796       accum. integral =  272.45920    *
#  std. dev. = 0.15911203       accum. std. dev = 0.81615877E-01*
#   min/max. wt. =    0.00000            0.877581E-02           *
#                                                               *
#*************   chi**2/iteration =  15.90       ****************


#********** Integration by Vegas (iteration      11) ************
#                                                               *
#  integral  =  272.66346       accum. integral =  272.50651    *
#  std. dev. = 0.15716367       accum. std. dev = 0.71923856E-01*
#   min/max. wt. =    0.00000            0.855702E-02           *
#                                                               *
#*************   chi**2/iteration =  14.30       ****************


#********** Integration by Vegas (iteration      12) ************
#                                                               *
#  integral  =  272.68526       accum. integral =  272.53993    *
#  std. dev. = 0.15774538       accum. std. dev = 0.65138773E-01*
#   min/max. wt. =    0.00000            0.760712E-02           *
#                                                               *
#*************   chi**2/iteration =  12.99       ****************


#********** Integration by Vegas (iteration      13) ************
#                                                               *
#  integral  =  272.81747       accum. integral =  272.58388    *
#  std. dev. = 0.15732184       accum. std. dev = 0.59982637E-01*
#   min/max. wt. =    0.00000            0.130351E-01           *
#                                                               *
#*************   chi**2/iteration =  12.06       ****************


#********** Integration by Vegas (iteration      14) ************
#                                                               *
#  integral  =  272.60796       accum. integral =  272.58714    *
#  std. dev. = 0.15830412       accum. std. dev = 0.55959281E-01*
#   min/max. wt. =    0.00000            0.103715E-01           *
#                                                               *
#*************   chi**2/iteration =  11.06       ****************


#********** Integration by Vegas (iteration      15) ************
#                                                               *
#  integral  =  272.35004       accum. integral =  272.55906    *
#  std. dev. = 0.15859409       accum. std. dev = 0.52679663E-01*
#   min/max. wt. =    0.00000            0.806193E-02           *
#                                                               *
#*************   chi**2/iteration =  10.37       ****************


  Input parameters for vegas:  ndim=  9   ncall= 80707214.
                              it=    0    itmx=    2
                              acc=-1.00    
                              mds=  1     nd=  50
                              (xl,xu)= (  0.00000     ,  1.00000     )
                                       (  0.00000     ,  1.00000     )
                                       (  0.00000     ,  1.00000     )
                                       (  0.00000     ,  1.00000     )
                                       (  0.00000     ,  1.00000     )
                                       (  0.00000     ,  1.00000     )
                                       (  0.00000     ,  1.00000     )
                                       (  0.00000     ,  1.00000     )
                                       (  0.00000     ,  1.00000     )

#********** Integration by Vegas (iteration       1) ************
#                                                               *
#  integral  =  272.67822       accum. integral =  272.67822    *
#  std. dev. = 0.15888462       accum. std. dev = 0.15888462    *
#   min/max. wt. =    0.00000            0.656099E-02           *
#                                                               *
#*************   chi**2/iteration =  0.000       ****************


#********** Integration by Vegas (iteration       2) ************
#                                                               *
#  integral  =  272.35342       accum. integral =  272.51787    *
#  std. dev. = 0.16071103       accum. std. dev = 0.11298782    *
#   min/max. wt. =    0.00000            0.843299E-02           *
#                                                               *
#*************   chi**2/iteration =  2.064       ****************

 Done
