SLURM job running in:  /scratch/groups/lhc/park/JHUGen/JHUGenerator
LHAPDF 6.1.5 loading /work-zfs/lhc/cms/slc6_amd64_gcc493/external/lhapdf/6.1.5-kpegke3/share/LHAPDF/NNPDF30_lo_as_0130/NNPDF30_lo_as_0130_0000.dat
NNPDF30_lo_as_0130 PDF set, member #0, version 2; LHAPDF ID = 263000
 extending no. of histograms for vbf tests
 
                                                                                          
   ***************************************************************************************
   *                                JHU Generator v6.9.3                                 *
   ***************************************************************************************
   *                                                                                     *
   *   Spin and parity determination of single-produced resonances at hadron colliders   *
   *                                                                                     *
   *          I. Anderson, S. Bolognesi, F. Caola, Y. Gao, A. Gritsan, Z. Guo,           *
   *        C. Martin, K. Melnikov, R.Rontsch, H. Roskes, U. Sarica, M. Schulze,         *
   *                   N. Tran, A. Whitbeck, M. Xiao, C. You, Y. Zhou                    *
   *                Phys.Rev. D81 (2010) 075022;  arXiv:1001.3396 [hep-ph],              *
   *                Phys.Rev. D86 (2012) 095031;  arXiv:1208.4018 [hep-ph],              *
   *                Phys.Rev. D89 (2014) 035007;  arXiv:1309.4819 [hep-ph].              *
   *                                                                                     *
   ***************************************************************************************
                                                                                          
   
   Command line: ./JHUGen Unweighted=0 VegasNc0=99999999 VegasNc1=99999999 VegasNc2=99999999 LHAPDF=NNPDF30_lo_as_0130/NNPDF30_lo_as_0130.info MReso=328 ghz1=1,0 Process=60 pTjetcut=0 deltaRcut=0
   
   Input Parameter:
    Collider: P-P, sqrt(s)=13000.00
    Resonance: spin=0, mass= 328.00 width=   0.00407
    Z-boson: mass=91.188, width=2.4952
    W-boson: mass=80.399, width=2.0850
    Jet cuts:
            pT >=     0.00 GeV
        DeltaR >=     0.00
           mJJ >=     0.00 GeV
    Random seed:   648717149
    To reproduce results using this seed, JHUGen should be compiled with the same compiler:
      GNU Fortran (GCC) 4.9.3
    
    WidthScheme:   2
    LHAPDF set NNPDF30_lo_as_0130/NNPDF30_lo_as_0130.info, member=  0
    Unweighted: F
    
    spin-0-VV couplings: 
      generate_as=F
      ghg2=  0.10000000E+01  0.00000000E+00i
      ghg3=  0.00000000E+00  0.00000000E+00i
      ghg4=  0.00000000E+00  0.00000000E+00i
      ghz1=  0.10000000E+01  0.00000000E+00i
      ghz2=  0.00000000E+00  0.00000000E+00i
      ghz3=  0.00000000E+00  0.00000000E+00i
      ghz4=  0.00000000E+00  0.00000000E+00i
      Lambda=  1000.0
    
    LHE output: ./data/output.lhe
    Histogram output: ./data/output.dat
    Log file: ./data/output.log
    
  Running

  Input parameters for vegas:  ndim=  9   ncall= 80707214.
                              it=    0    itmx=   15
                              acc=-1.00    
                              mds=  1     nd=  50
                              (xl,xu)= (  0.00000     ,  1.00000     )
                                       (  0.00000     ,  1.00000     )
                                       (  0.00000     ,  1.00000     )
                                       (  0.00000     ,  1.00000     )
                                       (  0.00000     ,  1.00000     )
                                       (  0.00000     ,  1.00000     )
                                       (  0.00000     ,  1.00000     )
                                       (  0.00000     ,  1.00000     )
                                       (  0.00000     ,  1.00000     )

#********** Integration by Vegas (iteration       1) ************
#                                                               *
#  integral  =  188.91727       accum. integral =  188.91727    *
#  std. dev. =  49.552168       accum. std. dev =  49.552168    *
#   min/max. wt. =    0.00000             49.3481               *
#                                                               *
#*************   chi**2/iteration = -.2963E-11   ****************


#********** Integration by Vegas (iteration       2) ************
#                                                               *
#  integral  =  204.07739       accum. integral =  201.62623    *
#  std. dev. =  23.508021       accum. std. dev =  20.739798    *
#   min/max. wt. =    0.00000             21.6085               *
#                                                               *
#*************   chi**2/iteration = 0.7235E-01   ****************


#********** Integration by Vegas (iteration       3) ************
#                                                               *
#  integral  =  218.81524       accum. integral =  218.11290    *
#  std. dev. =  4.7633181       accum. std. dev =  4.3555682    *
#   min/max. wt. =    0.00000             2.01497               *
#                                                               *
#*************   chi**2/iteration = 0.3386       ****************


#********** Integration by Vegas (iteration       4) ************
#                                                               *
#  integral  =  244.47127       accum. integral =  233.05998    *
#  std. dev. =  4.5539707       accum. std. dev =  3.0166011    *
#   min/max. wt. =    0.00000             4.12055               *
#                                                               *
#*************   chi**2/iteration =  6.450       ****************


#********** Integration by Vegas (iteration       5) ************
#                                                               *
#  integral  =  238.32184       accum. integral =  238.04245    *
#  std. dev. = 0.79163869       accum. std. dev = 0.71079106    *
#   min/max. wt. =    0.00000            0.141727               *
#                                                               *
#*************   chi**2/iteration =  5.315       ****************


#********** Integration by Vegas (iteration       6) ************
#                                                               *
#  integral  =  239.67325       accum. integral =  239.53460    *
#  std. dev. = 0.23615577       accum. std. dev = 0.21047805    *
#   min/max. wt. =  -0.677444E-16        0.454802E-01           *
#                                                               *
#*************   chi**2/iteration =  5.057       ****************


#********** Integration by Vegas (iteration       7) ************
#                                                               *
#  integral  =  240.12822       accum. integral =  239.91914    *
#  std. dev. = 0.16687987       accum. std. dev = 0.12629785    *
#   min/max. wt. =    0.00000            0.151636E-01           *
#                                                               *
#*************   chi**2/iteration =  4.962       ****************


#********** Integration by Vegas (iteration       8) ************
#                                                               *
#  integral  =  240.33172       accum. integral =  240.10786    *
#  std. dev. = 0.14641343       accum. std. dev = 0.93802076E-01*
#   min/max. wt. =    0.00000            0.152133E-01           *
#                                                               *
#*************   chi**2/iteration =  4.870       ****************


#********** Integration by Vegas (iteration       9) ************
#                                                               *
#  integral  =  240.02881       accum. integral =  240.08158    *
#  std. dev. = 0.14015435       accum. std. dev = 0.77116085E-01*
#   min/max. wt. =    0.00000            0.809911E-02           *
#                                                               *
#*************   chi**2/iteration =  4.238       ****************


#********** Integration by Vegas (iteration      10) ************
#                                                               *
#  integral  =  240.26228       accum. integral =  240.12803    *
#  std. dev. = 0.13750716       accum. std. dev = 0.66801432E-01*
#   min/max. wt. =    0.00000            0.778218E-02           *
#                                                               *
#*************   chi**2/iteration =  3.885       ****************


#********** Integration by Vegas (iteration      11) ************
#                                                               *
#  integral  =  240.22044       accum. integral =  240.14706    *
#  std. dev. = 0.13690837       accum. std. dev = 0.59769739E-01*
#   min/max. wt. =    0.00000            0.970161E-02           *
#                                                               *
#*************   chi**2/iteration =  3.508       ****************


#********** Integration by Vegas (iteration      12) ************
#                                                               *
#  integral  =  240.10617       accum. integral =  240.14008    *
#  std. dev. = 0.13694582       accum. std. dev = 0.54615394E-01*
#   min/max. wt. =    0.00000            0.624192E-02           *
#                                                               *
#*************   chi**2/iteration =  3.175       ****************


#********** Integration by Vegas (iteration      13) ************
#                                                               *
#  integral  =  240.04100       accum. integral =  240.12552    *
#  std. dev. = 0.13621320       accum. std. dev = 0.50581900E-01*
#   min/max. wt. =    0.00000            0.559141E-02           *
#                                                               *
#*************   chi**2/iteration =  2.935       ****************


#********** Integration by Vegas (iteration      14) ************
#                                                               *
#  integral  =  239.64689       accum. integral =  240.06392    *
#  std. dev. = 0.13563487       accum. std. dev = 0.47319505E-01*
#   min/max. wt. =    0.00000            0.450153E-02           *
#                                                               *
#*************   chi**2/iteration =  3.580       ****************


#********** Integration by Vegas (iteration      15) ************
#                                                               *
#  integral  =  240.15310       accum. integral =  240.07383    *
#  std. dev. = 0.13792520       accum. std. dev = 0.44705440E-01*
#   min/max. wt. =    0.00000            0.872682E-02           *
#                                                               *
#*************   chi**2/iteration =  3.338       ****************


  Input parameters for vegas:  ndim=  9   ncall= 80707214.
                              it=    0    itmx=    2
                              acc=-1.00    
                              mds=  1     nd=  50
                              (xl,xu)= (  0.00000     ,  1.00000     )
                                       (  0.00000     ,  1.00000     )
                                       (  0.00000     ,  1.00000     )
                                       (  0.00000     ,  1.00000     )
                                       (  0.00000     ,  1.00000     )
                                       (  0.00000     ,  1.00000     )
                                       (  0.00000     ,  1.00000     )
                                       (  0.00000     ,  1.00000     )
                                       (  0.00000     ,  1.00000     )

#********** Integration by Vegas (iteration       1) ************
#                                                               *
#  integral  =  239.95118       accum. integral =  239.95118    *
#  std. dev. = 0.13839326       accum. std. dev = 0.13839326    *
#   min/max. wt. =    0.00000            0.464071E-02           *
#                                                               *
#*************   chi**2/iteration =  0.000       ****************


#********** Integration by Vegas (iteration       2) ************
#                                                               *
#  integral  =  240.01560       accum. integral =  239.98316    *
#  std. dev. = 0.13941207       accum. std. dev = 0.98217131E-01*
#   min/max. wt. =    0.00000            0.602610E-02           *
#                                                               *
#*************   chi**2/iteration = 0.1074       ****************

 Done
