SLURM job running in:  /scratch/groups/lhc/park/JHUGen/JHUGenerator
LHAPDF 6.1.5 loading /work-zfs/lhc/cms/slc6_amd64_gcc493/external/lhapdf/6.1.5-kpegke3/share/LHAPDF/NNPDF30_lo_as_0130/NNPDF30_lo_as_0130_0000.dat
NNPDF30_lo_as_0130 PDF set, member #0, version 2; LHAPDF ID = 263000
 extending no. of histograms for vbf tests
 
                                                                                          
   ***************************************************************************************
   *                                JHU Generator v6.9.3                                 *
   ***************************************************************************************
   *                                                                                     *
   *   Spin and parity determination of single-produced resonances at hadron colliders   *
   *                                                                                     *
   *          I. Anderson, S. Bolognesi, F. Caola, Y. Gao, A. Gritsan, Z. Guo,           *
   *        C. Martin, K. Melnikov, R.Rontsch, H. Roskes, U. Sarica, M. Schulze,         *
   *                   N. Tran, A. Whitbeck, M. Xiao, C. You, Y. Zhou                    *
   *                Phys.Rev. D81 (2010) 075022;  arXiv:1001.3396 [hep-ph],              *
   *                Phys.Rev. D86 (2012) 095031;  arXiv:1208.4018 [hep-ph],              *
   *                Phys.Rev. D89 (2014) 035007;  arXiv:1309.4819 [hep-ph].              *
   *                                                                                     *
   ***************************************************************************************
                                                                                          
   
   Command line: ./JHUGen Unweighted=0 VegasNc0=99999999 VegasNc1=99999999 VegasNc2=99999999 LHAPDF=NNPDF30_lo_as_0130/NNPDF30_lo_as_0130.info MReso=342 ghz1=1,0 Process=60 pTjetcut=0 deltaRcut=0
   
   Input Parameter:
    Collider: P-P, sqrt(s)=13000.00
    Resonance: spin=0, mass= 342.00 width=   0.00407
    Z-boson: mass=91.188, width=2.4952
    W-boson: mass=80.399, width=2.0850
    Jet cuts:
            pT >=     0.00 GeV
        DeltaR >=     0.00
           mJJ >=     0.00 GeV
    Random seed:   811632003
    To reproduce results using this seed, JHUGen should be compiled with the same compiler:
      GNU Fortran (GCC) 4.9.3
    
    WidthScheme:   2
    LHAPDF set NNPDF30_lo_as_0130/NNPDF30_lo_as_0130.info, member=  0
    Unweighted: F
    
    spin-0-VV couplings: 
      generate_as=F
      ghg2=  0.10000000E+01  0.00000000E+00i
      ghg3=  0.00000000E+00  0.00000000E+00i
      ghg4=  0.00000000E+00  0.00000000E+00i
      ghz1=  0.10000000E+01  0.00000000E+00i
      ghz2=  0.00000000E+00  0.00000000E+00i
      ghz3=  0.00000000E+00  0.00000000E+00i
      ghz4=  0.00000000E+00  0.00000000E+00i
      Lambda=  1000.0
    
    LHE output: ./data/output.lhe
    Histogram output: ./data/output.dat
    Log file: ./data/output.log
    
  Running

  Input parameters for vegas:  ndim=  9   ncall= 80707214.
                              it=    0    itmx=   15
                              acc=-1.00    
                              mds=  1     nd=  50
                              (xl,xu)= (  0.00000     ,  1.00000     )
                                       (  0.00000     ,  1.00000     )
                                       (  0.00000     ,  1.00000     )
                                       (  0.00000     ,  1.00000     )
                                       (  0.00000     ,  1.00000     )
                                       (  0.00000     ,  1.00000     )
                                       (  0.00000     ,  1.00000     )
                                       (  0.00000     ,  1.00000     )
                                       (  0.00000     ,  1.00000     )

#********** Integration by Vegas (iteration       1) ************
#                                                               *
#  integral  =  142.66939       accum. integral =  142.66939    *
#  std. dev. =  16.516721       accum. std. dev =  16.516721    *
#   min/max. wt. =    0.00000             16.0899               *
#                                                               *
#*************   chi**2/iteration =  0.000       ****************


#********** Integration by Vegas (iteration       2) ************
#                                                               *
#  integral  =  174.06645       accum. integral =  168.95958    *
#  std. dev. =  8.8815484       accum. std. dev =  7.4304736    *
#   min/max. wt. =    0.00000             4.92166               *
#                                                               *
#*************   chi**2/iteration =  2.429       ****************


#********** Integration by Vegas (iteration       3) ************
#                                                               *
#  integral  =  257.32993       accum. integral =  177.01839    *
#  std. dev. =  37.928840       accum. std. dev =  8.7853073    *
#   min/max. wt. =    0.00000             32.0396               *
#                                                               *
#*************   chi**2/iteration =  4.981       ****************


#********** Integration by Vegas (iteration       4) ************
#                                                               *
#  integral  =  223.87900       accum. integral =  209.13967    *
#  std. dev. =  6.7502138       accum. std. dev =  5.1005531    *
#   min/max. wt. =    0.00000             6.04460               *
#                                                               *
#*************   chi**2/iteration =  9.163       ****************


#********** Integration by Vegas (iteration       5) ************
#                                                               *
#  integral  =  220.92471       accum. integral =  220.50649    *
#  std. dev. =  1.0578477       accum. std. dev = 0.97695711    *
#   min/max. wt. =  -0.202255E-14        0.217060               *
#                                                               *
#*************   chi**2/iteration =  7.893       ****************


#********** Integration by Vegas (iteration       6) ************
#                                                               *
#  integral  =  221.95311       accum. integral =  221.88975    *
#  std. dev. = 0.22338034       accum. std. dev = 0.20685177    *
#   min/max. wt. =    0.00000            0.237338E-01           *
#                                                               *
#*************   chi**2/iteration =  6.579       ****************


#********** Integration by Vegas (iteration       7) ************
#                                                               *
#  integral  =  221.73577       accum. integral =  221.78430    *
#  std. dev. = 0.14802566       accum. std. dev = 0.11705253    *
#   min/max. wt. =    0.00000            0.844198E-02           *
#                                                               *
#*************   chi**2/iteration =  5.458       ****************


#********** Integration by Vegas (iteration       8) ************
#                                                               *
#  integral  =  222.04229       accum. integral =  221.90271    *
#  std. dev. = 0.13318953       accum. std. dev = 0.86626028E-01*
#   min/max. wt. =    0.00000            0.100427E-01           *
#                                                               *
#*************   chi**2/iteration =  4.936       ****************


#********** Integration by Vegas (iteration       9) ************
#                                                               *
#  integral  =  221.61673       accum. integral =  221.81068    *
#  std. dev. = 0.13074582       accum. std. dev = 0.71659605E-01*
#   min/max. wt. =    0.00000            0.219037E-01           *
#                                                               *
#*************   chi**2/iteration =  4.715       ****************


#********** Integration by Vegas (iteration      10) ************
#                                                               *
#  integral  =  221.55316       accum. integral =  221.74497    *
#  std. dev. = 0.12667996       accum. std. dev = 0.62063020E-01*
#   min/max. wt. =    0.00000            0.471651E-02           *
#                                                               *
#*************   chi**2/iteration =  4.525       ****************


#********** Integration by Vegas (iteration      11) ************
#                                                               *
#  integral  =  221.63177       accum. integral =  221.72168    *
#  std. dev. = 0.12575786       accum. std. dev = 0.55470130E-01*
#   min/max. wt. =    0.00000            0.958729E-02           *
#                                                               *
#*************   chi**2/iteration =  4.117       ****************


#********** Integration by Vegas (iteration      12) ************
#                                                               *
#  integral  =  221.98637       accum. integral =  221.76687    *
#  std. dev. = 0.12592598       accum. std. dev = 0.50641643E-01*
#   min/max. wt. =    0.00000            0.664953E-02           *
#                                                               *
#*************   chi**2/iteration =  4.076       ****************


#********** Integration by Vegas (iteration      13) ************
#                                                               *
#  integral  =  221.78892       accum. integral =  221.77004    *
#  std. dev. = 0.12680166       accum. std. dev = 0.46953435E-01*
#   min/max. wt. =    0.00000            0.180229E-01           *
#                                                               *
#*************   chi**2/iteration =  3.723       ****************


#********** Integration by Vegas (iteration      14) ************
#                                                               *
#  integral  =  222.01681       accum. integral =  221.80114    *
#  std. dev. = 0.12680323       accum. std. dev = 0.43976169E-01*
#   min/max. wt. =    0.00000            0.902216E-02           *
#                                                               *
#*************   chi**2/iteration =  3.691       ****************


#********** Integration by Vegas (iteration      15) ************
#                                                               *
#  integral  =  221.73692       accum. integral =  221.79383    *
#  std. dev. = 0.12543710       accum. std. dev = 0.41459823E-01*
#   min/max. wt. =    0.00000            0.398732E-02           *
#                                                               *
#*************   chi**2/iteration =  3.434       ****************


  Input parameters for vegas:  ndim=  9   ncall= 80707214.
                              it=    0    itmx=    2
                              acc=-1.00    
                              mds=  1     nd=  50
                              (xl,xu)= (  0.00000     ,  1.00000     )
                                       (  0.00000     ,  1.00000     )
                                       (  0.00000     ,  1.00000     )
                                       (  0.00000     ,  1.00000     )
                                       (  0.00000     ,  1.00000     )
                                       (  0.00000     ,  1.00000     )
                                       (  0.00000     ,  1.00000     )
                                       (  0.00000     ,  1.00000     )
                                       (  0.00000     ,  1.00000     )

#********** Integration by Vegas (iteration       1) ************
#                                                               *
#  integral  =  221.96106       accum. integral =  221.96106    *
#  std. dev. = 0.12662800       accum. std. dev = 0.12662800    *
#   min/max. wt. =    0.00000            0.467863E-02           *
#                                                               *
#*************   chi**2/iteration = -.9075E-06   ****************


#********** Integration by Vegas (iteration       2) ************
#                                                               *
#  integral  =  221.62197       accum. integral =  221.79307    *
#  std. dev. = 0.12759780       accum. std. dev = 0.89879909E-01*
#   min/max. wt. =    0.00000            0.821688E-02           *
#                                                               *
#*************   chi**2/iteration =  3.554       ****************

 Done
