SLURM job running in:  /scratch/groups/lhc/park/JHUGen/JHUGenerator
LHAPDF 6.1.5 loading /work-zfs/lhc/cms/slc6_amd64_gcc493/external/lhapdf/6.1.5-kpegke3/share/LHAPDF/NNPDF30_lo_as_0130/NNPDF30_lo_as_0130_0000.dat
NNPDF30_lo_as_0130 PDF set, member #0, version 2; LHAPDF ID = 263000
 extending no. of histograms for vbf tests
 
                                                                                          
   ***************************************************************************************
   *                                JHU Generator v6.9.3                                 *
   ***************************************************************************************
   *                                                                                     *
   *   Spin and parity determination of single-produced resonances at hadron colliders   *
   *                                                                                     *
   *          I. Anderson, S. Bolognesi, F. Caola, Y. Gao, A. Gritsan, Z. Guo,           *
   *        C. Martin, K. Melnikov, R.Rontsch, H. Roskes, U. Sarica, M. Schulze,         *
   *                   N. Tran, A. Whitbeck, M. Xiao, C. You, Y. Zhou                    *
   *                Phys.Rev. D81 (2010) 075022;  arXiv:1001.3396 [hep-ph],              *
   *                Phys.Rev. D86 (2012) 095031;  arXiv:1208.4018 [hep-ph],              *
   *                Phys.Rev. D89 (2014) 035007;  arXiv:1309.4819 [hep-ph].              *
   *                                                                                     *
   ***************************************************************************************
                                                                                          
   
   Command line: ./JHUGen Unweighted=0 VegasNc0=99999999 VegasNc1=99999999 VegasNc2=99999999 LHAPDF=NNPDF30_lo_as_0130/NNPDF30_lo_as_0130.info MReso=348 ghz1=1,0 Process=60 pTjetcut=0 deltaRcut=0
   
   Input Parameter:
    Collider: P-P, sqrt(s)=13000.00
    Resonance: spin=0, mass= 348.00 width=   0.00407
    Z-boson: mass=91.188, width=2.4952
    W-boson: mass=80.399, width=2.0850
    Jet cuts:
            pT >=     0.00 GeV
        DeltaR >=     0.00
           mJJ >=     0.00 GeV
    Random seed:   241531872
    To reproduce results using this seed, JHUGen should be compiled with the same compiler:
      GNU Fortran (GCC) 4.9.3
    
    WidthScheme:   2
    LHAPDF set NNPDF30_lo_as_0130/NNPDF30_lo_as_0130.info, member=  0
    Unweighted: F
    
    spin-0-VV couplings: 
      generate_as=F
      ghg2=  0.10000000E+01  0.00000000E+00i
      ghg3=  0.00000000E+00  0.00000000E+00i
      ghg4=  0.00000000E+00  0.00000000E+00i
      ghz1=  0.10000000E+01  0.00000000E+00i
      ghz2=  0.00000000E+00  0.00000000E+00i
      ghz3=  0.00000000E+00  0.00000000E+00i
      ghz4=  0.00000000E+00  0.00000000E+00i
      Lambda=  1000.0
    
    LHE output: ./data/output.lhe
    Histogram output: ./data/output.dat
    Log file: ./data/output.log
    
  Running

  Input parameters for vegas:  ndim=  9   ncall= 80707214.
                              it=    0    itmx=   15
                              acc=-1.00    
                              mds=  1     nd=  50
                              (xl,xu)= (  0.00000     ,  1.00000     )
                                       (  0.00000     ,  1.00000     )
                                       (  0.00000     ,  1.00000     )
                                       (  0.00000     ,  1.00000     )
                                       (  0.00000     ,  1.00000     )
                                       (  0.00000     ,  1.00000     )
                                       (  0.00000     ,  1.00000     )
                                       (  0.00000     ,  1.00000     )
                                       (  0.00000     ,  1.00000     )

#********** Integration by Vegas (iteration       1) ************
#                                                               *
#  integral  =  117.68137       accum. integral =  117.68137    *
#  std. dev. =  2.2365339       accum. std. dev =  2.2365339    *
#   min/max. wt. =    0.00000             1.63975               *
#                                                               *
#*************   chi**2/iteration = -.7273E-09   ****************


#********** Integration by Vegas (iteration       2) ************
#                                                               *
#  integral  =  164.12304       accum. integral =  124.63905    *
#  std. dev. =  7.4304605       accum. std. dev =  2.5024252    *
#   min/max. wt. =    0.00000             5.00690               *
#                                                               *
#*************   chi**2/iteration =  43.83       ****************


#********** Integration by Vegas (iteration       3) ************
#                                                               *
#  integral  =  210.08790       accum. integral =  146.09316    *
#  std. dev. =  6.3583187       accum. std. dev =  2.5514873    *
#   min/max. wt. =    0.00000             2.88330               *
#                                                               *
#*************   chi**2/iteration =  121.2       ****************


#********** Integration by Vegas (iteration       4) ************
#                                                               *
#  integral  =  219.51368       accum. integral =  161.21757    *
#  std. dev. =  6.5356008       accum. std. dev =  2.4650589    *
#   min/max. wt. =    0.00000             6.12382               *
#                                                               *
#*************   chi**2/iteration =  117.1       ****************


#********** Integration by Vegas (iteration       5) ************
#                                                               *
#  integral  =  216.67444       accum. integral =  206.81151    *
#  std. dev. =  1.3617943       accum. std. dev =  1.0814311    *
#   min/max. wt. =    0.00000            0.417020               *
#                                                               *
#*************   chi**2/iteration =  177.3       ****************


#********** Integration by Vegas (iteration       6) ************
#                                                               *
#  integral  =  214.85846       accum. integral =  214.53332    *
#  std. dev. = 0.25125116       accum. std. dev = 0.22242818    *
#   min/max. wt. =    0.00000            0.472082E-01           *
#                                                               *
#*************   chi**2/iteration =  145.6       ****************


#********** Integration by Vegas (iteration       7) ************
#                                                               *
#  integral  =  214.51285       accum. integral =  214.51858    *
#  std. dev. = 0.15328125       accum. std. dev = 0.11956149    *
#   min/max. wt. =    0.00000            0.149104E-01           *
#                                                               *
#*************   chi**2/iteration =  117.6       ****************


#********** Integration by Vegas (iteration       8) ************
#                                                               *
#  integral  =  214.45703       accum. integral =  214.48774    *
#  std. dev. = 0.12974971       accum. std. dev = 0.85413299E-01*
#   min/max. wt. =    0.00000            0.900494E-02           *
#                                                               *
#*************   chi**2/iteration =  98.60       ****************


#********** Integration by Vegas (iteration       9) ************
#                                                               *
#  integral  =  214.54062       accum. integral =  214.50645    *
#  std. dev. = 0.12419352       accum. std. dev = 0.69262193E-01*
#   min/max. wt. =    0.00000            0.831722E-02           *
#                                                               *
#*************   chi**2/iteration =  84.81       ****************


#********** Integration by Vegas (iteration      10) ************
#                                                               *
#  integral  =  214.44468       accum. integral =  214.48980    *
#  std. dev. = 0.12153665       accum. std. dev = 0.59597811E-01*
#   min/max. wt. =    0.00000            0.630899E-02           *
#                                                               *
#*************   chi**2/iteration =  74.40       ****************


#********** Integration by Vegas (iteration      11) ************
#                                                               *
#  integral  =  214.48826       accum. integral =  214.48948    *
#  std. dev. = 0.12315545       accum. std. dev = 0.53330846E-01*
#   min/max. wt. =    0.00000            0.211746E-01           *
#                                                               *
#*************   chi**2/iteration =  66.23       ****************


#********** Integration by Vegas (iteration      12) ************
#                                                               *
#  integral  =  214.43814       accum. integral =  214.48057    *
#  std. dev. = 0.12252849       accum. std. dev = 0.48701005E-01*
#   min/max. wt. =    0.00000            0.614934E-02           *
#                                                               *
#*************   chi**2/iteration =  59.68       ****************


#********** Integration by Vegas (iteration      13) ************
#                                                               *
#  integral  =  214.58399       accum. integral =  214.49580    *
#  std. dev. = 0.12291631       accum. std. dev = 0.45144939E-01*
#   min/max. wt. =    0.00000            0.769517E-02           *
#                                                               *
#*************   chi**2/iteration =  54.35       ****************


#********** Integration by Vegas (iteration      14) ************
#                                                               *
#  integral  =  214.41746       accum. integral =  214.48567    *
#  std. dev. = 0.12230458       accum. std. dev = 0.42260242E-01*
#   min/max. wt. =    0.00000            0.789932E-02           *
#                                                               *
#*************   chi**2/iteration =  49.88       ****************


#********** Integration by Vegas (iteration      15) ************
#                                                               *
#  integral  =  214.66946       accum. integral =  214.50675    *
#  std. dev. = 0.12232231       accum. std. dev = 0.39875803E-01*
#   min/max. wt. =    0.00000            0.454329E-02           *
#                                                               *
#*************   chi**2/iteration =  46.20       ****************


  Input parameters for vegas:  ndim=  9   ncall= 80707214.
                              it=    0    itmx=    2
                              acc=-1.00    
                              mds=  1     nd=  50
                              (xl,xu)= (  0.00000     ,  1.00000     )
                                       (  0.00000     ,  1.00000     )
                                       (  0.00000     ,  1.00000     )
                                       (  0.00000     ,  1.00000     )
                                       (  0.00000     ,  1.00000     )
                                       (  0.00000     ,  1.00000     )
                                       (  0.00000     ,  1.00000     )
                                       (  0.00000     ,  1.00000     )
                                       (  0.00000     ,  1.00000     )

#********** Integration by Vegas (iteration       1) ************
#                                                               *
#  integral  =  214.65774       accum. integral =  214.65774    *
#  std. dev. = 0.12317745       accum. std. dev = 0.12317745    *
#   min/max. wt. =    0.00000            0.616395E-02           *
#                                                               *
#*************   chi**2/iteration =  0.000       ****************


#********** Integration by Vegas (iteration       2) ************
#                                                               *
#  integral  =  214.49729       accum. integral =  214.57869    *
#  std. dev. = 0.12489383       accum. std. dev = 0.87699690E-01*
#   min/max. wt. =    0.00000            0.105625E-01           *
#                                                               *
#*************   chi**2/iteration = 0.8357       ****************

 Done
