SLURM job running in:  /scratch/groups/lhc/park/JHUGen/JHUGenerator
LHAPDF 6.1.5 loading /work-zfs/lhc/cms/slc6_amd64_gcc493/external/lhapdf/6.1.5-kpegke3/share/LHAPDF/NNPDF30_lo_as_0130/NNPDF30_lo_as_0130_0000.dat
NNPDF30_lo_as_0130 PDF set, member #0, version 2; LHAPDF ID = 263000
 extending no. of histograms for vbf tests
 
                                                                                          
   ***************************************************************************************
   *                                JHU Generator v6.9.3                                 *
   ***************************************************************************************
   *                                                                                     *
   *   Spin and parity determination of single-produced resonances at hadron colliders   *
   *                                                                                     *
   *          I. Anderson, S. Bolognesi, F. Caola, Y. Gao, A. Gritsan, Z. Guo,           *
   *        C. Martin, K. Melnikov, R.Rontsch, H. Roskes, U. Sarica, M. Schulze,         *
   *                   N. Tran, A. Whitbeck, M. Xiao, C. You, Y. Zhou                    *
   *                Phys.Rev. D81 (2010) 075022;  arXiv:1001.3396 [hep-ph],              *
   *                Phys.Rev. D86 (2012) 095031;  arXiv:1208.4018 [hep-ph],              *
   *                Phys.Rev. D89 (2014) 035007;  arXiv:1309.4819 [hep-ph].              *
   *                                                                                     *
   ***************************************************************************************
                                                                                          
   
   Command line: ./JHUGen Unweighted=0 VegasNc0=99999999 VegasNc1=99999999 VegasNc2=99999999 LHAPDF=NNPDF30_lo_as_0130/NNPDF30_lo_as_0130.info MReso=378 ghz1=1,0 Process=60 pTjetcut=0 deltaRcut=0
   
   Input Parameter:
    Collider: P-P, sqrt(s)=13000.00
    Resonance: spin=0, mass= 378.00 width=   0.00407
    Z-boson: mass=91.188, width=2.4952
    W-boson: mass=80.399, width=2.0850
    Jet cuts:
            pT >=     0.00 GeV
        DeltaR >=     0.00
           mJJ >=     0.00 GeV
    Random seed:   902534392
    To reproduce results using this seed, JHUGen should be compiled with the same compiler:
      GNU Fortran (GCC) 4.9.3
    
    WidthScheme:   2
    LHAPDF set NNPDF30_lo_as_0130/NNPDF30_lo_as_0130.info, member=  0
    Unweighted: F
    
    spin-0-VV couplings: 
      generate_as=F
      ghg2=  0.10000000E+01  0.00000000E+00i
      ghg3=  0.00000000E+00  0.00000000E+00i
      ghg4=  0.00000000E+00  0.00000000E+00i
      ghz1=  0.10000000E+01  0.00000000E+00i
      ghz2=  0.00000000E+00  0.00000000E+00i
      ghz3=  0.00000000E+00  0.00000000E+00i
      ghz4=  0.00000000E+00  0.00000000E+00i
      Lambda=  1000.0
    
    LHE output: ./data/output.lhe
    Histogram output: ./data/output.dat
    Log file: ./data/output.log
    
  Running

  Input parameters for vegas:  ndim=  9   ncall= 80707214.
                              it=    0    itmx=   15
                              acc=-1.00    
                              mds=  1     nd=  50
                              (xl,xu)= (  0.00000     ,  1.00000     )
                                       (  0.00000     ,  1.00000     )
                                       (  0.00000     ,  1.00000     )
                                       (  0.00000     ,  1.00000     )
                                       (  0.00000     ,  1.00000     )
                                       (  0.00000     ,  1.00000     )
                                       (  0.00000     ,  1.00000     )
                                       (  0.00000     ,  1.00000     )
                                       (  0.00000     ,  1.00000     )

#********** Integration by Vegas (iteration       1) ************
#                                                               *
#  integral  =  130.11177       accum. integral =  130.11177    *
#  std. dev. =  13.733984       accum. std. dev =  13.733984    *
#   min/max. wt. =    0.00000             9.65552               *
#                                                               *
#*************   chi**2/iteration =  0.000       ****************


#********** Integration by Vegas (iteration       2) ************
#                                                               *
#  integral  =  158.56212       accum. integral =  143.76066    *
#  std. dev. =  17.429423       accum. std. dev =  11.042437    *
#   min/max. wt. =    0.00000             16.5913               *
#                                                               *
#*************   chi**2/iteration =  1.655       ****************


#********** Integration by Vegas (iteration       3) ************
#                                                               *
#  integral  =  177.76104       accum. integral =  163.92921    *
#  std. dev. =  11.207984       accum. std. dev =  7.6097623    *
#   min/max. wt. =    0.00000             10.8554               *
#                                                               *
#*************   chi**2/iteration =  3.117       ****************


#********** Integration by Vegas (iteration       4) ************
#                                                               *
#  integral  =  183.86934       accum. integral =  182.58832    *
#  std. dev. =  2.3395256       accum. std. dev =  2.0175748    *
#   min/max. wt. =    0.00000             1.10414               *
#                                                               *
#*************   chi**2/iteration =  3.856       ****************


#********** Integration by Vegas (iteration       5) ************
#                                                               *
#  integral  =  182.49106       accum. integral =  182.49337    *
#  std. dev. = 0.35052781       accum. std. dev = 0.31845117    *
#   min/max. wt. =    0.00000            0.998653E-01           *
#                                                               *
#*************   chi**2/iteration =  2.761       ****************


#********** Integration by Vegas (iteration       6) ************
#                                                               *
#  integral  =  182.48714       accum. integral =  182.48802    *
#  std. dev. = 0.14003069       accum. std. dev = 0.12117500    *
#   min/max. wt. =    0.00000            0.155154E-01           *
#                                                               *
#*************   chi**2/iteration =  2.143       ****************


#********** Integration by Vegas (iteration       7) ************
#                                                               *
#  integral  =  182.39778       accum. integral =  182.43553    *
#  std. dev. = 0.11002742       accum. std. dev = 0.79185470E-01*
#   min/max. wt. =    0.00000            0.672328E-02           *
#                                                               *
#*************   chi**2/iteration =  1.802       ****************


#********** Integration by Vegas (iteration       8) ************
#                                                               *
#  integral  =  182.22190       accum. integral =  182.35106    *
#  std. dev. = 0.10367805       accum. std. dev = 0.62036898E-01*
#   min/max. wt. =    0.00000            0.608883E-02           *
#                                                               *
#*************   chi**2/iteration =  1.927       ****************


#********** Integration by Vegas (iteration       9) ************
#                                                               *
#  integral  =  182.44821       accum. integral =  182.37892    *
#  std. dev. = 0.10293346       accum. std. dev = 0.52701929E-01*
#   min/max. wt. =    0.00000            0.139392E-01           *
#                                                               *
#*************   chi**2/iteration =  1.753       ****************


#********** Integration by Vegas (iteration      10) ************
#                                                               *
#  integral  =  182.55777       accum. integral =  182.41963    *
#  std. dev. = 0.10160464       accum. std. dev = 0.46537550E-01*
#   min/max. wt. =    0.00000            0.396360E-02           *
#                                                               *
#*************   chi**2/iteration =  1.832       ****************


#********** Integration by Vegas (iteration      11) ************
#                                                               *
#  integral  =  182.57294       accum. integral =  182.44765    *
#  std. dev. = 0.10250667       accum. std. dev = 0.42232527E-01*
#   min/max. wt. =    0.00000            0.106890E-01           *
#                                                               *
#*************   chi**2/iteration =  1.833       ****************


#********** Integration by Vegas (iteration      12) ************
#                                                               *
#  integral  =  182.42664       accum. integral =  182.44443    *
#  std. dev. = 0.10283358       accum. std. dev = 0.38977680E-01*
#   min/max. wt. =    0.00000            0.618422E-02           *
#                                                               *
#*************   chi**2/iteration =  1.659       ****************


#********** Integration by Vegas (iteration      13) ************
#                                                               *
#  integral  =  182.57762       accum. integral =  182.46188    *
#  std. dev. = 0.10384679       accum. std. dev = 0.36432724E-01*
#   min/max. wt. =    0.00000            0.494574E-02           *
#                                                               *
#*************   chi**2/iteration =  1.640       ****************


#********** Integration by Vegas (iteration      14) ************
#                                                               *
#  integral  =  182.68106       accum. integral =  182.48695    *
#  std. dev. = 0.10465962       accum. std. dev = 0.34366471E-01*
#   min/max. wt. =    0.00000            0.457238E-02           *
#                                                               *
#*************   chi**2/iteration =  1.823       ****************


#********** Integration by Vegas (iteration      15) ************
#                                                               *
#  integral  =  182.31861       accum. integral =  182.46986    *
#  std. dev. = 0.10508152       accum. std. dev = 0.32636499E-01*
#   min/max. wt. =    0.00000            0.570897E-02           *
#                                                               *
#*************   chi**2/iteration =  1.860       ****************


  Input parameters for vegas:  ndim=  9   ncall= 80707214.
                              it=    0    itmx=    2
                              acc=-1.00    
                              mds=  1     nd=  50
                              (xl,xu)= (  0.00000     ,  1.00000     )
                                       (  0.00000     ,  1.00000     )
                                       (  0.00000     ,  1.00000     )
                                       (  0.00000     ,  1.00000     )
                                       (  0.00000     ,  1.00000     )
                                       (  0.00000     ,  1.00000     )
                                       (  0.00000     ,  1.00000     )
                                       (  0.00000     ,  1.00000     )
                                       (  0.00000     ,  1.00000     )

#********** Integration by Vegas (iteration       1) ************
#                                                               *
#  integral  =  182.38715       accum. integral =  182.38715    *
#  std. dev. = 0.10769419       accum. std. dev = 0.10769419    *
#   min/max. wt. =    0.00000            0.135761E-01           *
#                                                               *
#*************   chi**2/iteration =  0.000       ****************


#********** Integration by Vegas (iteration       2) ************
#                                                               *
#  integral  =  182.47095       accum. integral =  182.42913    *
#  std. dev. = 0.10754762       accum. std. dev = 0.76099392E-01*
#   min/max. wt. =    0.00000            0.360988E-02           *
#                                                               *
#*************   chi**2/iteration = 0.3029       ****************

 Done
