SLURM job running in:  /scratch/groups/lhc/park/JHUGen/JHUGenerator
LHAPDF 6.1.5 loading /work-zfs/lhc/cms/slc6_amd64_gcc493/external/lhapdf/6.1.5-kpegke3/share/LHAPDF/NNPDF30_lo_as_0130/NNPDF30_lo_as_0130_0000.dat
NNPDF30_lo_as_0130 PDF set, member #0, version 2; LHAPDF ID = 263000
 extending no. of histograms for vbf tests
 
                                                                                          
   ***************************************************************************************
   *                                JHU Generator v6.9.3                                 *
   ***************************************************************************************
   *                                                                                     *
   *   Spin and parity determination of single-produced resonances at hadron colliders   *
   *                                                                                     *
   *          I. Anderson, S. Bolognesi, F. Caola, Y. Gao, A. Gritsan, Z. Guo,           *
   *        C. Martin, K. Melnikov, R.Rontsch, H. Roskes, U. Sarica, M. Schulze,         *
   *                   N. Tran, A. Whitbeck, M. Xiao, C. You, Y. Zhou                    *
   *                Phys.Rev. D81 (2010) 075022;  arXiv:1001.3396 [hep-ph],              *
   *                Phys.Rev. D86 (2012) 095031;  arXiv:1208.4018 [hep-ph],              *
   *                Phys.Rev. D89 (2014) 035007;  arXiv:1309.4819 [hep-ph].              *
   *                                                                                     *
   ***************************************************************************************
                                                                                          
   
   Command line: ./JHUGen Unweighted=0 VegasNc0=99999999 VegasNc1=99999999 VegasNc2=99999999 LHAPDF=NNPDF30_lo_as_0130/NNPDF30_lo_as_0130.info MReso=406 ghz1=1,0 Process=60 pTjetcut=0 deltaRcut=0
   
   Input Parameter:
    Collider: P-P, sqrt(s)=13000.00
    Resonance: spin=0, mass= 406.00 width=   0.00407
    Z-boson: mass=91.188, width=2.4952
    W-boson: mass=80.399, width=2.0850
    Jet cuts:
            pT >=     0.00 GeV
        DeltaR >=     0.00
           mJJ >=     0.00 GeV
    Random seed:   808941436
    To reproduce results using this seed, JHUGen should be compiled with the same compiler:
      GNU Fortran (GCC) 4.9.3
    
    WidthScheme:   2
    LHAPDF set NNPDF30_lo_as_0130/NNPDF30_lo_as_0130.info, member=  0
    Unweighted: F
    
    spin-0-VV couplings: 
      generate_as=F
      ghg2=  0.10000000E+01  0.00000000E+00i
      ghg3=  0.00000000E+00  0.00000000E+00i
      ghg4=  0.00000000E+00  0.00000000E+00i
      ghz1=  0.10000000E+01  0.00000000E+00i
      ghz2=  0.00000000E+00  0.00000000E+00i
      ghz3=  0.00000000E+00  0.00000000E+00i
      ghz4=  0.00000000E+00  0.00000000E+00i
      Lambda=  1000.0
    
    LHE output: ./data/output.lhe
    Histogram output: ./data/output.dat
    Log file: ./data/output.log
    
  Running

  Input parameters for vegas:  ndim=  9   ncall= 80707214.
                              it=    0    itmx=   15
                              acc=-1.00    
                              mds=  1     nd=  50
                              (xl,xu)= (  0.00000     ,  1.00000     )
                                       (  0.00000     ,  1.00000     )
                                       (  0.00000     ,  1.00000     )
                                       (  0.00000     ,  1.00000     )
                                       (  0.00000     ,  1.00000     )
                                       (  0.00000     ,  1.00000     )
                                       (  0.00000     ,  1.00000     )
                                       (  0.00000     ,  1.00000     )
                                       (  0.00000     ,  1.00000     )

#********** Integration by Vegas (iteration       1) ************
#                                                               *
#  integral  =  87.777787       accum. integral =  87.777787    *
#  std. dev. =  2.2521609       accum. std. dev =  2.2521609    *
#   min/max. wt. =    0.00000             1.78940               *
#                                                               *
#*************   chi**2/iteration =  0.000       ****************


#********** Integration by Vegas (iteration       2) ************
#                                                               *
#  integral  =  165.63515       accum. integral =  89.343926    *
#  std. dev. =  29.661246       accum. std. dev =  3.3665709    *
#   min/max. wt. =    0.00000             26.5171               *
#                                                               *
#*************   chi**2/iteration =  10.53       ****************


#********** Integration by Vegas (iteration       3) ************
#                                                               *
#  integral  =  157.71773       accum. integral =  100.42347    *
#  std. dev. =  9.1091380       accum. std. dev =  3.2883766    *
#   min/max. wt. =    0.00000             8.31481               *
#                                                               *
#*************   chi**2/iteration =  33.96       ****************


#********** Integration by Vegas (iteration       4) ************
#                                                               *
#  integral  =  156.39686       accum. integral =  148.63763    *
#  std. dev. =  1.4586905       accum. std. dev =  1.2579552    *
#   min/max. wt. =  -0.277344E-10        0.947583               *
#                                                               *
#*************   chi**2/iteration =  100.2       ****************


#********** Integration by Vegas (iteration       5) ************
#                                                               *
#  integral  =  158.83451       accum. integral =  157.93706    *
#  std. dev. = 0.42712368       accum. std. dev = 0.38038898    *
#   min/max. wt. =    0.00000            0.186331               *
#                                                               *
#*************   chi**2/iteration =  86.78       ****************


#********** Integration by Vegas (iteration       6) ************
#                                                               *
#  integral  =  157.81074       accum. integral =  157.82781    *
#  std. dev. = 0.16021514       accum. std. dev = 0.14141412    *
#   min/max. wt. =    0.00000            0.162990E-01           *
#                                                               *
#*************   chi**2/iteration =  67.92       ****************


#********** Integration by Vegas (iteration       7) ************
#                                                               *
#  integral  =  157.81808       accum. integral =  157.82142    *
#  std. dev. = 0.10773782       accum. std. dev = 0.83509715E-01*
#   min/max. wt. =    0.00000            0.190705E-01           *
#                                                               *
#*************   chi**2/iteration =  55.72       ****************


#********** Integration by Vegas (iteration       8) ************
#                                                               *
#  integral  =  157.74696       accum. integral =  157.78702    *
#  std. dev. = 0.94159213E-01   accum. std. dev = 0.61600693E-01*
#   min/max. wt. =    0.00000            0.409451E-02           *
#                                                               *
#*************   chi**2/iteration =  47.27       ****************


#********** Integration by Vegas (iteration       9) ************
#                                                               *
#  integral  =  157.71248       accum. integral =  157.76190    *
#  std. dev. = 0.89758671E-01   accum. std. dev = 0.50378843E-01*
#   min/max. wt. =    0.00000            0.503564E-02           *
#                                                               *
#*************   chi**2/iteration =  41.06       ****************


#********** Integration by Vegas (iteration      10) ************
#                                                               *
#  integral  =  157.93031       accum. integral =  157.80513    *
#  std. dev. = 0.88788527E-01   accum. std. dev = 0.43591759E-01*
#   min/max. wt. =    0.00000            0.448563E-02           *
#                                                               *
#*************   chi**2/iteration =  36.55       ****************


#********** Integration by Vegas (iteration      11) ************
#                                                               *
#  integral  =  157.71700       accum. integral =  157.78691    *
#  std. dev. = 0.87999213E-01   accum. std. dev = 0.38934529E-01*
#   min/max. wt. =    0.00000            0.743094E-02           *
#                                                               *
#*************   chi**2/iteration =  32.80       ****************


#********** Integration by Vegas (iteration      12) ************
#                                                               *
#  integral  =  157.68109       accum. integral =  157.76903    *
#  std. dev. = 0.88705670E-01   accum. std. dev = 0.35574650E-01*
#   min/max. wt. =    0.00000            0.122091E-01           *
#                                                               *
#*************   chi**2/iteration =  29.79       ****************


#********** Integration by Vegas (iteration      13) ************
#                                                               *
#  integral  =  157.94841       accum. integral =  157.79526    *
#  std. dev. = 0.88261966E-01   accum. std. dev = 0.32939415E-01*
#   min/max. wt. =    0.00000            0.358777E-02           *
#                                                               *
#*************   chi**2/iteration =  27.51       ****************


#********** Integration by Vegas (iteration      14) ************
#                                                               *
#  integral  =  157.86513       accum. integral =  157.80411    *
#  std. dev. = 0.88585826E-01   accum. std. dev = 0.30836622E-01*
#   min/max. wt. =    0.00000            0.538891E-02           *
#                                                               *
#*************   chi**2/iteration =  25.35       ****************


#********** Integration by Vegas (iteration      15) ************
#                                                               *
#  integral  =  158.06196       accum. integral =  157.83304    *
#  std. dev. = 0.88783001E-01   accum. std. dev = 0.29101222E-01*
#   min/max. wt. =    0.00000            0.466801E-02           *
#                                                               *
#*************   chi**2/iteration =  24.02       ****************


  Input parameters for vegas:  ndim=  9   ncall= 80707214.
                              it=    0    itmx=    2
                              acc=-1.00    
                              mds=  1     nd=  50
                              (xl,xu)= (  0.00000     ,  1.00000     )
                                       (  0.00000     ,  1.00000     )
                                       (  0.00000     ,  1.00000     )
                                       (  0.00000     ,  1.00000     )
                                       (  0.00000     ,  1.00000     )
                                       (  0.00000     ,  1.00000     )
                                       (  0.00000     ,  1.00000     )
                                       (  0.00000     ,  1.00000     )
                                       (  0.00000     ,  1.00000     )

#********** Integration by Vegas (iteration       1) ************
#                                                               *
#  integral  =  157.83385       accum. integral =  157.83385    *
#  std. dev. = 0.88723011E-01   accum. std. dev = 0.88723011E-01*
#   min/max. wt. =    0.00000            0.385867E-02           *
#                                                               *
#*************   chi**2/iteration = 0.4622E-06   ****************


#********** Integration by Vegas (iteration       2) ************
#                                                               *
#  integral  =  157.77038       accum. integral =  157.80257    *
#  std. dev. = 0.89957060E-01   accum. std. dev = 0.63168250E-01*
#   min/max. wt. =    0.00000            0.845819E-02           *
#                                                               *
#*************   chi**2/iteration = 0.2521       ****************

 Done
