SLURM job running in:  /scratch/groups/lhc/park/JHUGen/JHUGenerator
LHAPDF 6.1.5 loading /work-zfs/lhc/cms/slc6_amd64_gcc493/external/lhapdf/6.1.5-kpegke3/share/LHAPDF/NNPDF30_lo_as_0130/NNPDF30_lo_as_0130_0000.dat
NNPDF30_lo_as_0130 PDF set, member #0, version 2; LHAPDF ID = 263000
 extending no. of histograms for vbf tests
 
                                                                                          
   ***************************************************************************************
   *                                JHU Generator v6.9.3                                 *
   ***************************************************************************************
   *                                                                                     *
   *   Spin and parity determination of single-produced resonances at hadron colliders   *
   *                                                                                     *
   *          I. Anderson, S. Bolognesi, F. Caola, Y. Gao, A. Gritsan, Z. Guo,           *
   *        C. Martin, K. Melnikov, R.Rontsch, H. Roskes, U. Sarica, M. Schulze,         *
   *                   N. Tran, A. Whitbeck, M. Xiao, C. You, Y. Zhou                    *
   *                Phys.Rev. D81 (2010) 075022;  arXiv:1001.3396 [hep-ph],              *
   *                Phys.Rev. D86 (2012) 095031;  arXiv:1208.4018 [hep-ph],              *
   *                Phys.Rev. D89 (2014) 035007;  arXiv:1309.4819 [hep-ph].              *
   *                                                                                     *
   ***************************************************************************************
                                                                                          
   
   Command line: ./JHUGen Unweighted=0 VegasNc0=99999999 VegasNc1=99999999 VegasNc2=99999999 LHAPDF=NNPDF30_lo_as_0130/NNPDF30_lo_as_0130.info MReso=412 ghz1=1,0 Process=60 pTjetcut=0 deltaRcut=0
   
   Input Parameter:
    Collider: P-P, sqrt(s)=13000.00
    Resonance: spin=0, mass= 412.00 width=   0.00407
    Z-boson: mass=91.188, width=2.4952
    W-boson: mass=80.399, width=2.0850
    Jet cuts:
            pT >=     0.00 GeV
        DeltaR >=     0.00
           mJJ >=     0.00 GeV
    Random seed:   887425604
    To reproduce results using this seed, JHUGen should be compiled with the same compiler:
      GNU Fortran (GCC) 4.9.3
    
    WidthScheme:   2
    LHAPDF set NNPDF30_lo_as_0130/NNPDF30_lo_as_0130.info, member=  0
    Unweighted: F
    
    spin-0-VV couplings: 
      generate_as=F
      ghg2=  0.10000000E+01  0.00000000E+00i
      ghg3=  0.00000000E+00  0.00000000E+00i
      ghg4=  0.00000000E+00  0.00000000E+00i
      ghz1=  0.10000000E+01  0.00000000E+00i
      ghz2=  0.00000000E+00  0.00000000E+00i
      ghz3=  0.00000000E+00  0.00000000E+00i
      ghz4=  0.00000000E+00  0.00000000E+00i
      Lambda=  1000.0
    
    LHE output: ./data/output.lhe
    Histogram output: ./data/output.dat
    Log file: ./data/output.log
    
  Running

  Input parameters for vegas:  ndim=  9   ncall= 80707214.
                              it=    0    itmx=   15
                              acc=-1.00    
                              mds=  1     nd=  50
                              (xl,xu)= (  0.00000     ,  1.00000     )
                                       (  0.00000     ,  1.00000     )
                                       (  0.00000     ,  1.00000     )
                                       (  0.00000     ,  1.00000     )
                                       (  0.00000     ,  1.00000     )
                                       (  0.00000     ,  1.00000     )
                                       (  0.00000     ,  1.00000     )
                                       (  0.00000     ,  1.00000     )
                                       (  0.00000     ,  1.00000     )

#********** Integration by Vegas (iteration       1) ************
#                                                               *
#  integral  =  87.080436       accum. integral =  87.080436    *
#  std. dev. =  5.5431625       accum. std. dev =  5.5431625    *
#   min/max. wt. =    0.00000             5.48271               *
#                                                               *
#*************   chi**2/iteration =  0.000       ****************


#********** Integration by Vegas (iteration       2) ************
#                                                               *
#  integral  =  119.25959       accum. integral =  99.444694    *
#  std. dev. =  9.6104156       accum. std. dev =  5.2157543    *
#   min/max. wt. =    0.00000             7.24151               *
#                                                               *
#*************   chi**2/iteration =  8.997       ****************


#********** Integration by Vegas (iteration       3) ************
#                                                               *
#  integral  =  155.12595       accum. integral =  123.91225    *
#  std. dev. =  8.7519999       accum. std. dev =  4.6245236    *
#   min/max. wt. =    0.00000             7.18764               *
#                                                               *
#*************   chi**2/iteration =  21.06       ****************


#********** Integration by Vegas (iteration       4) ************
#                                                               *
#  integral  =  152.66395       accum. integral =  150.17562    *
#  std. dev. =  1.7574337       accum. std. dev =  1.4468858    *
#   min/max. wt. =    0.00000             1.20066               *
#                                                               *
#*************   chi**2/iteration =  22.81       ****************


#********** Integration by Vegas (iteration       5) ************
#                                                               *
#  integral  =  152.78057       accum. integral =  152.66180    *
#  std. dev. = 0.36739325       accum. std. dev = 0.31956443    *
#   min/max. wt. =    0.00000            0.833972E-01           *
#                                                               *
#*************   chi**2/iteration =  16.72       ****************


#********** Integration by Vegas (iteration       6) ************
#                                                               *
#  integral  =  152.84745       accum. integral =  152.82699    *
#  std. dev. = 0.12636156       accum. std. dev = 0.10837632    *
#   min/max. wt. =    0.00000            0.939233E-02           *
#                                                               *
#*************   chi**2/iteration =  12.87       ****************


#********** Integration by Vegas (iteration       7) ************
#                                                               *
#  integral  =  153.16553       accum. integral =  153.02822    *
#  std. dev. = 0.98666313E-01   accum. std. dev = 0.70071116E-01*
#   min/max. wt. =    0.00000            0.701984E-02           *
#                                                               *
#*************   chi**2/iteration =  11.34       ****************


#********** Integration by Vegas (iteration       8) ************
#                                                               *
#  integral  =  153.10100       accum. integral =  153.05813    *
#  std. dev. = 0.91025636E-01   accum. std. dev = 0.54370431E-01*
#   min/max. wt. =    0.00000            0.168718E-01           *
#                                                               *
#*************   chi**2/iteration =  9.575       ****************


#********** Integration by Vegas (iteration       9) ************
#                                                               *
#  integral  =  153.02400       accum. integral =  153.04757    *
#  std. dev. = 0.87114532E-01   accum. std. dev = 0.45555922E-01*
#   min/max. wt. =    0.00000            0.600432E-02           *
#                                                               *
#*************   chi**2/iteration =  8.255       ****************


#********** Integration by Vegas (iteration      10) ************
#                                                               *
#  integral  =  153.03329       accum. integral =  153.04410    *
#  std. dev. = 0.85491636E-01   accum. std. dev = 0.39890572E-01*
#   min/max. wt. =    0.00000            0.481312E-02           *
#                                                               *
#*************   chi**2/iteration =  7.245       ****************


#********** Integration by Vegas (iteration      11) ************
#                                                               *
#  integral  =  153.10022       accum. integral =  153.05521    *
#  std. dev. = 0.84879720E-01   accum. std. dev = 0.35913849E-01*
#   min/max. wt. =    0.00000            0.408030E-02           *
#                                                               *
#*************   chi**2/iteration =  6.490       ****************


#********** Integration by Vegas (iteration      12) ************
#                                                               *
#  integral  =  153.20727       accum. integral =  153.08010    *
#  std. dev. = 0.85454168E-01   accum. std. dev = 0.32991162E-01*
#   min/max. wt. =    0.00000            0.473631E-02           *
#                                                               *
#*************   chi**2/iteration =  6.112       ****************


#********** Integration by Vegas (iteration      13) ************
#                                                               *
#  integral  =  153.07572       accum. integral =  153.07950    *
#  std. dev. = 0.86687645E-01   accum. std. dev = 0.30761012E-01*
#   min/max. wt. =    0.00000            0.824198E-02           *
#                                                               *
#*************   chi**2/iteration =  5.562       ****************


#********** Integration by Vegas (iteration      14) ************
#                                                               *
#  integral  =  153.13976       accum. integral =  153.08683    *
#  std. dev. = 0.86270095E-01   accum. std. dev = 0.28921370E-01*
#   min/max. wt. =    0.00000            0.340067E-02           *
#                                                               *
#*************   chi**2/iteration =  5.137       ****************


#********** Integration by Vegas (iteration      15) ************
#                                                               *
#  integral  =  152.97152       accum. integral =  153.07443    *
#  std. dev. = 0.86586554E-01   accum. std. dev = 0.27395000E-01*
#   min/max. wt. =    0.00000            0.376542E-02           *
#                                                               *
#*************   chi**2/iteration =  4.866       ****************


  Input parameters for vegas:  ndim=  9   ncall= 80707214.
                              it=    0    itmx=    2
                              acc=-1.00    
                              mds=  1     nd=  50
                              (xl,xu)= (  0.00000     ,  1.00000     )
                                       (  0.00000     ,  1.00000     )
                                       (  0.00000     ,  1.00000     )
                                       (  0.00000     ,  1.00000     )
                                       (  0.00000     ,  1.00000     )
                                       (  0.00000     ,  1.00000     )
                                       (  0.00000     ,  1.00000     )
                                       (  0.00000     ,  1.00000     )
                                       (  0.00000     ,  1.00000     )

#********** Integration by Vegas (iteration       1) ************
#                                                               *
#  integral  =  153.12386       accum. integral =  153.12386    *
#  std. dev. = 0.87106073E-01   accum. std. dev = 0.87106073E-01*
#   min/max. wt. =    0.00000            0.583155E-02           *
#                                                               *
#*************   chi**2/iteration =  0.000       ****************


#********** Integration by Vegas (iteration       2) ************
#                                                               *
#  integral  =  153.12356       accum. integral =  153.12372    *
#  std. dev. = 0.92793396E-01   accum. std. dev = 0.63508766E-01*
#   min/max. wt. =    0.00000            0.282285E-01           *
#                                                               *
#*************   chi**2/iteration = 0.5724E-05   ****************

 Done
