SLURM job running in:  /scratch/groups/lhc/park/JHUGen/JHUGenerator
LHAPDF 6.1.5 loading /work-zfs/lhc/cms/slc6_amd64_gcc493/external/lhapdf/6.1.5-kpegke3/share/LHAPDF/NNPDF30_lo_as_0130/NNPDF30_lo_as_0130_0000.dat
NNPDF30_lo_as_0130 PDF set, member #0, version 2; LHAPDF ID = 263000
 extending no. of histograms for vbf tests
 
                                                                                          
   ***************************************************************************************
   *                                JHU Generator v6.9.3                                 *
   ***************************************************************************************
   *                                                                                     *
   *   Spin and parity determination of single-produced resonances at hadron colliders   *
   *                                                                                     *
   *          I. Anderson, S. Bolognesi, F. Caola, Y. Gao, A. Gritsan, Z. Guo,           *
   *        C. Martin, K. Melnikov, R.Rontsch, H. Roskes, U. Sarica, M. Schulze,         *
   *                   N. Tran, A. Whitbeck, M. Xiao, C. You, Y. Zhou                    *
   *                Phys.Rev. D81 (2010) 075022;  arXiv:1001.3396 [hep-ph],              *
   *                Phys.Rev. D86 (2012) 095031;  arXiv:1208.4018 [hep-ph],              *
   *                Phys.Rev. D89 (2014) 035007;  arXiv:1309.4819 [hep-ph].              *
   *                                                                                     *
   ***************************************************************************************
                                                                                          
   
   Command line: ./JHUGen Unweighted=0 VegasNc0=99999999 VegasNc1=99999999 VegasNc2=99999999 LHAPDF=NNPDF30_lo_as_0130/NNPDF30_lo_as_0130.info MReso=414 ghz1=1,0 Process=60 pTjetcut=0 deltaRcut=0
   
   Input Parameter:
    Collider: P-P, sqrt(s)=13000.00
    Resonance: spin=0, mass= 414.00 width=   0.00407
    Z-boson: mass=91.188, width=2.4952
    W-boson: mass=80.399, width=2.0850
    Jet cuts:
            pT >=     0.00 GeV
        DeltaR >=     0.00
           mJJ >=     0.00 GeV
    Random seed:   743187535
    To reproduce results using this seed, JHUGen should be compiled with the same compiler:
      GNU Fortran (GCC) 4.9.3
    
    WidthScheme:   2
    LHAPDF set NNPDF30_lo_as_0130/NNPDF30_lo_as_0130.info, member=  0
    Unweighted: F
    
    spin-0-VV couplings: 
      generate_as=F
      ghg2=  0.10000000E+01  0.00000000E+00i
      ghg3=  0.00000000E+00  0.00000000E+00i
      ghg4=  0.00000000E+00  0.00000000E+00i
      ghz1=  0.10000000E+01  0.00000000E+00i
      ghz2=  0.00000000E+00  0.00000000E+00i
      ghz3=  0.00000000E+00  0.00000000E+00i
      ghz4=  0.00000000E+00  0.00000000E+00i
      Lambda=  1000.0
    
    LHE output: ./data/output.lhe
    Histogram output: ./data/output.dat
    Log file: ./data/output.log
    
  Running

  Input parameters for vegas:  ndim=  9   ncall= 80707214.
                              it=    0    itmx=   15
                              acc=-1.00    
                              mds=  1     nd=  50
                              (xl,xu)= (  0.00000     ,  1.00000     )
                                       (  0.00000     ,  1.00000     )
                                       (  0.00000     ,  1.00000     )
                                       (  0.00000     ,  1.00000     )
                                       (  0.00000     ,  1.00000     )
                                       (  0.00000     ,  1.00000     )
                                       (  0.00000     ,  1.00000     )
                                       (  0.00000     ,  1.00000     )
                                       (  0.00000     ,  1.00000     )

#********** Integration by Vegas (iteration       1) ************
#                                                               *
#  integral  =  84.694048       accum. integral =  84.694048    *
#  std. dev. =  2.5196707       accum. std. dev =  2.5196707    *
#   min/max. wt. =    0.00000             2.01686               *
#                                                               *
#*************   chi**2/iteration =  0.000       ****************


#********** Integration by Vegas (iteration       2) ************
#                                                               *
#  integral  =  228.56006       accum. integral =  85.260914    *
#  std. dev. =  108.11179       accum. std. dev =  5.1175082    *
#   min/max. wt. =    0.00000             107.636               *
#                                                               *
#*************   chi**2/iteration =  3.099       ****************


#********** Integration by Vegas (iteration       3) ************
#                                                               *
#  integral  =  208.73799       accum. integral =  86.419527    *
#  std. dev. =  63.681276       accum. std. dev =  5.4753437    *
#   min/max. wt. =    0.00000             62.7212               *
#                                                               *
#*************   chi**2/iteration =  3.704       ****************


#********** Integration by Vegas (iteration       4) ************
#                                                               *
#  integral  =  151.07213       accum. integral =  141.83802    *
#  std. dev. =  1.8223883       accum. std. dev =  1.9806764    *
#   min/max. wt. =    0.00000            0.869367               *
#                                                               *
#*************   chi**2/iteration =  46.16       ****************


#********** Integration by Vegas (iteration       5) ************
#                                                               *
#  integral  =  151.30374       accum. integral =  150.92578    *
#  std. dev. = 0.34461918       accum. std. dev = 0.38486781    *
#   min/max. wt. =    0.00000            0.127556               *
#                                                               *
#*************   chi**2/iteration =  42.41       ****************


#********** Integration by Vegas (iteration       6) ************
#                                                               *
#  integral  =  151.51346       accum. integral =  151.41563    *
#  std. dev. = 0.15111138       accum. std. dev = 0.15401436    *
#   min/max. wt. =    0.00000            0.365327E-01           *
#                                                               *
#*************   chi**2/iteration =  35.68       ****************


#********** Integration by Vegas (iteration       7) ************
#                                                               *
#  integral  =  151.49174       accum. integral =  151.46610    *
#  std. dev. = 0.98331355E-01   accum. std. dev = 0.88127182E-01*
#   min/max. wt. =    0.00000            0.676942E-02           *
#                                                               *
#*************   chi**2/iteration =  30.62       ****************


#********** Integration by Vegas (iteration       8) ************
#                                                               *
#  integral  =  151.39693       accum. integral =  151.43503    *
#  std. dev. = 0.88614036E-01   accum. std. dev = 0.64684729E-01*
#   min/max. wt. =    0.00000            0.727658E-02           *
#                                                               *
#*************   chi**2/iteration =  26.88       ****************


#********** Integration by Vegas (iteration       9) ************
#                                                               *
#  integral  =  151.29566       accum. integral =  151.38889    *
#  std. dev. = 0.84359187E-01   accum. std. dev = 0.52436939E-01*
#   min/max. wt. =    0.00000            0.555942E-02           *
#                                                               *
#*************   chi**2/iteration =  24.14       ****************


#********** Integration by Vegas (iteration      10) ************
#                                                               *
#  integral  =  151.40295       accum. integral =  151.39248    *
#  std. dev. = 0.82862837E-01   accum. std. dev = 0.44915189E-01*
#   min/max. wt. =    0.00000            0.303777E-02           *
#                                                               *
#*************   chi**2/iteration =  21.77       ****************


#********** Integration by Vegas (iteration      11) ************
#                                                               *
#  integral  =  151.47353       accum. integral =  151.40920    *
#  std. dev. = 0.82248331E-01   accum. std. dev = 0.39781512E-01*
#   min/max. wt. =    0.00000            0.479638E-02           *
#                                                               *
#*************   chi**2/iteration =  19.89       ****************


#********** Integration by Vegas (iteration      12) ************
#                                                               *
#  integral  =  151.60721       accum. integral =  151.44258    *
#  std. dev. = 0.83017711E-01   accum. std. dev = 0.36096142E-01*
#   min/max. wt. =    0.00000            0.608739E-02           *
#                                                               *
#*************   chi**2/iteration =  18.64       ****************


#********** Integration by Vegas (iteration      13) ************
#                                                               *
#  integral  =  151.57502       accum. integral =  151.46158    *
#  std. dev. = 0.83286482E-01   accum. std. dev = 0.33267630E-01*
#   min/max. wt. =    0.00000            0.379420E-02           *
#                                                               *
#*************   chi**2/iteration =  17.40       ****************


#********** Integration by Vegas (iteration      14) ************
#                                                               *
#  integral  =  151.56238       accum. integral =  151.47404    *
#  std. dev. = 0.83993978E-01   accum. std. dev = 0.31031591E-01*
#   min/max. wt. =    0.00000            0.414281E-02           *
#                                                               *
#*************   chi**2/iteration =  16.26       ****************


#********** Integration by Vegas (iteration      15) ************
#                                                               *
#  integral  =  151.46080       accum. integral =  151.47265    *
#  std. dev. = 0.86379598E-01   accum. std. dev = 0.29271581E-01*
#   min/max. wt. =    0.00000            0.146503E-01           *
#                                                               *
#*************   chi**2/iteration =  15.20       ****************


  Input parameters for vegas:  ndim=  9   ncall= 80707214.
                              it=    0    itmx=    2
                              acc=-1.00    
                              mds=  1     nd=  50
                              (xl,xu)= (  0.00000     ,  1.00000     )
                                       (  0.00000     ,  1.00000     )
                                       (  0.00000     ,  1.00000     )
                                       (  0.00000     ,  1.00000     )
                                       (  0.00000     ,  1.00000     )
                                       (  0.00000     ,  1.00000     )
                                       (  0.00000     ,  1.00000     )
                                       (  0.00000     ,  1.00000     )
                                       (  0.00000     ,  1.00000     )

#********** Integration by Vegas (iteration       1) ************
#                                                               *
#  integral  =  151.61246       accum. integral =  151.61246    *
#  std. dev. = 0.85718845E-01   accum. std. dev = 0.85718845E-01*
#   min/max. wt. =    0.00000            0.361323E-02           *
#                                                               *
#*************   chi**2/iteration =  0.000       ****************


#********** Integration by Vegas (iteration       2) ************
#                                                               *
#  integral  =  151.43036       accum. integral =  151.52160    *
#  std. dev. = 0.85797460E-01   accum. std. dev = 0.60640118E-01*
#   min/max. wt. =    0.00000            0.809927E-02           *
#                                                               *
#*************   chi**2/iteration =  2.252       ****************

 Done
