SLURM job running in:  /scratch/groups/lhc/park/JHUGen/JHUGenerator
LHAPDF 6.1.5 loading /work-zfs/lhc/cms/slc6_amd64_gcc493/external/lhapdf/6.1.5-kpegke3/share/LHAPDF/NNPDF30_lo_as_0130/NNPDF30_lo_as_0130_0000.dat
NNPDF30_lo_as_0130 PDF set, member #0, version 2; LHAPDF ID = 263000
 extending no. of histograms for vbf tests
 
                                                                                          
   ***************************************************************************************
   *                                JHU Generator v6.9.3                                 *
   ***************************************************************************************
   *                                                                                     *
   *   Spin and parity determination of single-produced resonances at hadron colliders   *
   *                                                                                     *
   *          I. Anderson, S. Bolognesi, F. Caola, Y. Gao, A. Gritsan, Z. Guo,           *
   *        C. Martin, K. Melnikov, R.Rontsch, H. Roskes, U. Sarica, M. Schulze,         *
   *                   N. Tran, A. Whitbeck, M. Xiao, C. You, Y. Zhou                    *
   *                Phys.Rev. D81 (2010) 075022;  arXiv:1001.3396 [hep-ph],              *
   *                Phys.Rev. D86 (2012) 095031;  arXiv:1208.4018 [hep-ph],              *
   *                Phys.Rev. D89 (2014) 035007;  arXiv:1309.4819 [hep-ph].              *
   *                                                                                     *
   ***************************************************************************************
                                                                                          
   
   Command line: ./JHUGen Unweighted=0 VegasNc0=99999999 VegasNc1=99999999 VegasNc2=99999999 LHAPDF=NNPDF30_lo_as_0130/NNPDF30_lo_as_0130.info MReso=420 ghz1=1,0 Process=60 pTjetcut=0 deltaRcut=0
   
   Input Parameter:
    Collider: P-P, sqrt(s)=13000.00
    Resonance: spin=0, mass= 420.00 width=   0.00407
    Z-boson: mass=91.188, width=2.4952
    W-boson: mass=80.399, width=2.0850
    Jet cuts:
            pT >=     0.00 GeV
        DeltaR >=     0.00
           mJJ >=     0.00 GeV
    Random seed:   155936207
    To reproduce results using this seed, JHUGen should be compiled with the same compiler:
      GNU Fortran (GCC) 4.9.3
    
    WidthScheme:   2
    LHAPDF set NNPDF30_lo_as_0130/NNPDF30_lo_as_0130.info, member=  0
    Unweighted: F
    
    spin-0-VV couplings: 
      generate_as=F
      ghg2=  0.10000000E+01  0.00000000E+00i
      ghg3=  0.00000000E+00  0.00000000E+00i
      ghg4=  0.00000000E+00  0.00000000E+00i
      ghz1=  0.10000000E+01  0.00000000E+00i
      ghz2=  0.00000000E+00  0.00000000E+00i
      ghz3=  0.00000000E+00  0.00000000E+00i
      ghz4=  0.00000000E+00  0.00000000E+00i
      Lambda=  1000.0
    
    LHE output: ./data/output.lhe
    Histogram output: ./data/output.dat
    Log file: ./data/output.log
    
  Running

  Input parameters for vegas:  ndim=  9   ncall= 80707214.
                              it=    0    itmx=   15
                              acc=-1.00    
                              mds=  1     nd=  50
                              (xl,xu)= (  0.00000     ,  1.00000     )
                                       (  0.00000     ,  1.00000     )
                                       (  0.00000     ,  1.00000     )
                                       (  0.00000     ,  1.00000     )
                                       (  0.00000     ,  1.00000     )
                                       (  0.00000     ,  1.00000     )
                                       (  0.00000     ,  1.00000     )
                                       (  0.00000     ,  1.00000     )
                                       (  0.00000     ,  1.00000     )

#********** Integration by Vegas (iteration       1) ************
#                                                               *
#  integral  =  83.204990       accum. integral =  83.204990    *
#  std. dev. =  3.2386636       accum. std. dev =  3.2386636    *
#   min/max. wt. =    0.00000             2.33295               *
#                                                               *
#*************   chi**2/iteration =  0.000       ****************


#********** Integration by Vegas (iteration       2) ************
#                                                               *
#  integral  =  141.60817       accum. integral =  86.657834    *
#  std. dev. =  21.988798       accum. std. dev =  4.3848701    *
#   min/max. wt. =    0.00000             16.5699               *
#                                                               *
#*************   chi**2/iteration =  9.858       ****************


#********** Integration by Vegas (iteration       3) ************
#                                                               *
#  integral  =  142.62093       accum. integral =  112.58309    *
#  std. dev. =  5.7961490       accum. std. dev =  3.4738686    *
#   min/max. wt. =    0.00000             3.99015               *
#                                                               *
#*************   chi**2/iteration =  36.47       ****************


#********** Integration by Vegas (iteration       4) ************
#                                                               *
#  integral  =  148.47357       accum. integral =  142.55734    *
#  std. dev. =  1.8245861       accum. std. dev =  1.4788621    *
#   min/max. wt. =    0.00000             1.22970               *
#                                                               *
#*************   chi**2/iteration =  49.14       ****************


#********** Integration by Vegas (iteration       5) ************
#                                                               *
#  integral  =  147.04433       accum. integral =  146.90073    *
#  std. dev. = 0.30026463       accum. std. dev = 0.27101190    *
#   min/max. wt. =    0.00000            0.538270E-01           *
#                                                               *
#*************   chi**2/iteration =  37.24       ****************


#********** Integration by Vegas (iteration       6) ************
#                                                               *
#  integral  =  146.97409       accum. integral =  146.96391    *
#  std. dev. = 0.11850671       accum. std. dev = 0.10250295    *
#   min/max. wt. =    0.00000            0.142944E-01           *
#                                                               *
#*************   chi**2/iteration =  28.91       ****************


#********** Integration by Vegas (iteration       7) ************
#                                                               *
#  integral  =  146.87425       accum. integral =  146.91075    *
#  std. dev. = 0.91068692E-01   accum. std. dev = 0.66095936E-01*
#   min/max. wt. =    0.00000            0.731757E-02           *
#                                                               *
#*************   chi**2/iteration =  23.66       ****************


#********** Integration by Vegas (iteration       8) ************
#                                                               *
#  integral  =  147.10326       accum. integral =  146.98913    *
#  std. dev. = 0.84747983E-01   accum. std. dev = 0.51300413E-01*
#   min/max. wt. =    0.00000            0.117661E-01           *
#                                                               *
#*************   chi**2/iteration =  20.44       ****************


#********** Integration by Vegas (iteration       9) ************
#                                                               *
#  integral  =  147.09765       accum. integral =  147.02241    *
#  std. dev. = 0.81307764E-01   accum. std. dev = 0.42978949E-01*
#   min/max. wt. =    0.00000            0.422972E-02           *
#                                                               *
#*************   chi**2/iteration =  17.84       ****************


#********** Integration by Vegas (iteration      10) ************
#                                                               *
#  integral  =  147.02526       accum. integral =  147.02309    *
#  std. dev. = 0.80714943E-01   accum. std. dev = 0.37718864E-01*
#   min/max. wt. =    0.00000            0.360593E-02           *
#                                                               *
#*************   chi**2/iteration =  15.71       ****************


#********** Integration by Vegas (iteration      11) ************
#                                                               *
#  integral  =  147.04858       accum. integral =  147.02803    *
#  std. dev. = 0.80172516E-01   accum. std. dev = 0.33999015E-01*
#   min/max. wt. =    0.00000            0.378257E-02           *
#                                                               *
#*************   chi**2/iteration =  14.03       ****************


#********** Integration by Vegas (iteration      12) ************
#                                                               *
#  integral  =  146.86682       accum. integral =  147.00189    *
#  std. dev. = 0.80136326E-01   accum. std. dev = 0.31217993E-01*
#   min/max. wt. =    0.00000            0.325878E-02           *
#                                                               *
#*************   chi**2/iteration =  13.01       ****************


#********** Integration by Vegas (iteration      13) ************
#                                                               *
#  integral  =  146.88771       accum. integral =  146.98610    *
#  std. dev. = 0.80560235E-01   accum. std. dev = 0.29055554E-01*
#   min/max. wt. =    0.00000            0.286495E-02           *
#                                                               *
#*************   chi**2/iteration =  12.02       ****************


#********** Integration by Vegas (iteration      14) ************
#                                                               *
#  integral  =  146.88522       accum. integral =  146.97392    *
#  std. dev. = 0.80857342E-01   accum. std. dev = 0.27306899E-01*
#   min/max. wt. =    0.00000            0.286670E-02           *
#                                                               *
#*************   chi**2/iteration =  11.15       ****************


#********** Integration by Vegas (iteration      15) ************
#                                                               *
#  integral  =  147.02081       accum. integral =  146.97883    *
#  std. dev. = 0.82222180E-01   accum. std. dev = 0.25889684E-01*
#   min/max. wt. =    0.00000            0.535176E-02           *
#                                                               *
#*************   chi**2/iteration =  10.34       ****************


  Input parameters for vegas:  ndim=  9   ncall= 80707214.
                              it=    0    itmx=    2
                              acc=-1.00    
                              mds=  1     nd=  50
                              (xl,xu)= (  0.00000     ,  1.00000     )
                                       (  0.00000     ,  1.00000     )
                                       (  0.00000     ,  1.00000     )
                                       (  0.00000     ,  1.00000     )
                                       (  0.00000     ,  1.00000     )
                                       (  0.00000     ,  1.00000     )
                                       (  0.00000     ,  1.00000     )
                                       (  0.00000     ,  1.00000     )
                                       (  0.00000     ,  1.00000     )

#********** Integration by Vegas (iteration       1) ************
#                                                               *
#  integral  =  147.00490       accum. integral =  147.00490    *
#  std. dev. = 0.83161690E-01   accum. std. dev = 0.83161690E-01*
#   min/max. wt. =    0.00000            0.454656E-02           *
#                                                               *
#*************   chi**2/iteration =  0.000       ****************


#********** Integration by Vegas (iteration       2) ************
#                                                               *
#  integral  =  147.07580       accum. integral =  147.03994    *
#  std. dev. = 0.84180620E-01   accum. std. dev = 0.59161324E-01*
#   min/max. wt. =    0.00000            0.486933E-02           *
#                                                               *
#*************   chi**2/iteration = 0.3586       ****************

 Done
