SLURM job running in:  /scratch/groups/lhc/park/JHUGen/JHUGenerator
LHAPDF 6.1.5 loading /work-zfs/lhc/cms/slc6_amd64_gcc493/external/lhapdf/6.1.5-kpegke3/share/LHAPDF/NNPDF30_lo_as_0130/NNPDF30_lo_as_0130_0000.dat
NNPDF30_lo_as_0130 PDF set, member #0, version 2; LHAPDF ID = 263000
 extending no. of histograms for vbf tests
 
                                                                                          
   ***************************************************************************************
   *                                JHU Generator v6.9.3                                 *
   ***************************************************************************************
   *                                                                                     *
   *   Spin and parity determination of single-produced resonances at hadron colliders   *
   *                                                                                     *
   *          I. Anderson, S. Bolognesi, F. Caola, Y. Gao, A. Gritsan, Z. Guo,           *
   *        C. Martin, K. Melnikov, R.Rontsch, H. Roskes, U. Sarica, M. Schulze,         *
   *                   N. Tran, A. Whitbeck, M. Xiao, C. You, Y. Zhou                    *
   *                Phys.Rev. D81 (2010) 075022;  arXiv:1001.3396 [hep-ph],              *
   *                Phys.Rev. D86 (2012) 095031;  arXiv:1208.4018 [hep-ph],              *
   *                Phys.Rev. D89 (2014) 035007;  arXiv:1309.4819 [hep-ph].              *
   *                                                                                     *
   ***************************************************************************************
                                                                                          
   
   Command line: ./JHUGen Unweighted=0 VegasNc0=99999999 VegasNc1=99999999 VegasNc2=99999999 LHAPDF=NNPDF30_lo_as_0130/NNPDF30_lo_as_0130.info MReso=438 ghz1=1,0 Process=60 pTjetcut=0 deltaRcut=0
   
   Input Parameter:
    Collider: P-P, sqrt(s)=13000.00
    Resonance: spin=0, mass= 438.00 width=   0.00407
    Z-boson: mass=91.188, width=2.4952
    W-boson: mass=80.399, width=2.0850
    Jet cuts:
            pT >=     0.00 GeV
        DeltaR >=     0.00
           mJJ >=     0.00 GeV
    Random seed:   528914760
    To reproduce results using this seed, JHUGen should be compiled with the same compiler:
      GNU Fortran (GCC) 4.9.3
    
    WidthScheme:   2
    LHAPDF set NNPDF30_lo_as_0130/NNPDF30_lo_as_0130.info, member=  0
    Unweighted: F
    
    spin-0-VV couplings: 
      generate_as=F
      ghg2=  0.10000000E+01  0.00000000E+00i
      ghg3=  0.00000000E+00  0.00000000E+00i
      ghg4=  0.00000000E+00  0.00000000E+00i
      ghz1=  0.10000000E+01  0.00000000E+00i
      ghz2=  0.00000000E+00  0.00000000E+00i
      ghz3=  0.00000000E+00  0.00000000E+00i
      ghz4=  0.00000000E+00  0.00000000E+00i
      Lambda=  1000.0
    
    LHE output: ./data/output.lhe
    Histogram output: ./data/output.dat
    Log file: ./data/output.log
    
  Running

  Input parameters for vegas:  ndim=  9   ncall= 80707214.
                              it=    0    itmx=   15
                              acc=-1.00    
                              mds=  1     nd=  50
                              (xl,xu)= (  0.00000     ,  1.00000     )
                                       (  0.00000     ,  1.00000     )
                                       (  0.00000     ,  1.00000     )
                                       (  0.00000     ,  1.00000     )
                                       (  0.00000     ,  1.00000     )
                                       (  0.00000     ,  1.00000     )
                                       (  0.00000     ,  1.00000     )
                                       (  0.00000     ,  1.00000     )
                                       (  0.00000     ,  1.00000     )

#********** Integration by Vegas (iteration       1) ************
#                                                               *
#  integral  =  71.752318       accum. integral =  71.752318    *
#  std. dev. =  1.1557757       accum. std. dev =  1.1557757    *
#   min/max. wt. =    0.00000            0.918872               *
#                                                               *
#*************   chi**2/iteration = 0.6809E-09   ****************


#********** Integration by Vegas (iteration       2) ************
#                                                               *
#  integral  =  100.23286       accum. integral =  74.897712    *
#  std. dev. =  4.5821770       accum. std. dev =  1.3242222    *
#   min/max. wt. =    0.00000             3.36235               *
#                                                               *
#*************   chi**2/iteration =  45.40       ****************


#********** Integration by Vegas (iteration       3) ************
#                                                               *
#  integral  =  131.53351       accum. integral =  80.629908    *
#  std. dev. =  5.9549125       accum. std. dev =  1.4990249    *
#   min/max. wt. =    0.00000             4.01826               *
#                                                               *
#*************   chi**2/iteration =  80.82       ****************


#********** Integration by Vegas (iteration       4) ************
#                                                               *
#  integral  =  132.48907       accum. integral =  121.37470    *
#  std. dev. = 0.99664491       accum. std. dev = 0.74585310    *
#   min/max. wt. =    0.00000            0.404505               *
#                                                               *
#*************   chi**2/iteration =  317.9       ****************


#********** Integration by Vegas (iteration       5) ************
#                                                               *
#  integral  =  134.87649       accum. integral =  133.94566    *
#  std. dev. = 0.24472125       accum. std. dev = 0.20453232    *
#   min/max. wt. =    0.00000            0.810253E-01           *
#                                                               *
#*************   chi**2/iteration =  288.5       ****************


#********** Integration by Vegas (iteration       6) ************
#                                                               *
#  integral  =  134.59172       accum. integral =  134.47015    *
#  std. dev. = 0.11344698       accum. std. dev = 0.91112165E-01*
#   min/max. wt. =    0.00000            0.869281E-02           *
#                                                               *
#*************   chi**2/iteration =  220.4       ****************


#********** Integration by Vegas (iteration       7) ************
#                                                               *
#  integral  =  134.41614       accum. integral =  134.43857    *
#  std. dev. = 0.86050448E-01   accum. std. dev = 0.59783997E-01*
#   min/max. wt. =    0.00000            0.172372E-01           *
#                                                               *
#*************   chi**2/iteration =  177.3       ****************


#********** Integration by Vegas (iteration       8) ************
#                                                               *
#  integral  =  134.26704       accum. integral =  134.36737    *
#  std. dev. = 0.78010891E-01   accum. std. dev = 0.46313395E-01*
#   min/max. wt. =    0.00000            0.429071E-02           *
#                                                               *
#*************   chi**2/iteration =  148.6       ****************


#********** Integration by Vegas (iteration       9) ************
#                                                               *
#  integral  =  134.47877       accum. integral =  134.40132    *
#  std. dev. = 0.76032794E-01   accum. std. dev = 0.39003738E-01*
#   min/max. wt. =    0.00000            0.634307E-02           *
#                                                               *
#*************   chi**2/iteration =  127.6       ****************


#********** Integration by Vegas (iteration      10) ************
#                                                               *
#  integral  =  134.52077       accum. integral =  134.43012    *
#  std. dev. = 0.74489079E-01   accum. std. dev = 0.34246431E-01*
#   min/max. wt. =    0.00000            0.413053E-02           *
#                                                               *
#*************   chi**2/iteration =  111.9       ****************


#********** Integration by Vegas (iteration      11) ************
#                                                               *
#  integral  =  134.49425       accum. integral =  134.44278    *
#  std. dev. = 0.73728497E-01   accum. std. dev = 0.30874799E-01*
#   min/max. wt. =    0.00000            0.405951E-02           *
#                                                               *
#*************   chi**2/iteration =  99.54       ****************


#********** Integration by Vegas (iteration      12) ************
#                                                               *
#  integral  =  134.45376       accum. integral =  134.44462    *
#  std. dev. = 0.73173026E-01   accum. std. dev = 0.28327462E-01*
#   min/max. wt. =    0.00000            0.374323E-02           *
#                                                               *
#*************   chi**2/iteration =  89.56       ****************


#********** Integration by Vegas (iteration      13) ************
#                                                               *
#  integral  =  134.60036       accum. integral =  134.46695    *
#  std. dev. = 0.73148504E-01   accum. std. dev = 0.26334942E-01*
#   min/max. wt. =    0.00000            0.425678E-02           *
#                                                               *
#*************   chi**2/iteration =  81.73       ****************


#********** Integration by Vegas (iteration      14) ************
#                                                               *
#  integral  =  134.39679       accum. integral =  134.45828    *
#  std. dev. = 0.73693075E-01   accum. std. dev = 0.24746248E-01*
#   min/max. wt. =    0.00000            0.315397E-02           *
#                                                               *
#*************   chi**2/iteration =  74.96       ****************


#********** Integration by Vegas (iteration      15) ************
#                                                               *
#  integral  =  134.46100       accum. integral =  134.45857    *
#  std. dev. = 0.75335228E-01   accum. std. dev = 0.23476024E-01*
#   min/max. wt. =    0.00000            0.721424E-02           *
#                                                               *
#*************   chi**2/iteration =  69.16       ****************


  Input parameters for vegas:  ndim=  9   ncall= 80707214.
                              it=    0    itmx=    2
                              acc=-1.00    
                              mds=  1     nd=  50
                              (xl,xu)= (  0.00000     ,  1.00000     )
                                       (  0.00000     ,  1.00000     )
                                       (  0.00000     ,  1.00000     )
                                       (  0.00000     ,  1.00000     )
                                       (  0.00000     ,  1.00000     )
                                       (  0.00000     ,  1.00000     )
                                       (  0.00000     ,  1.00000     )
                                       (  0.00000     ,  1.00000     )
                                       (  0.00000     ,  1.00000     )

#********** Integration by Vegas (iteration       1) ************
#                                                               *
#  integral  =  134.49303       accum. integral =  134.49303    *
#  std. dev. = 0.74983097E-01   accum. std. dev = 0.74983097E-01*
#   min/max. wt. =    0.00000            0.444597E-02           *
#                                                               *
#*************   chi**2/iteration =  0.000       ****************


#********** Integration by Vegas (iteration       2) ************
#                                                               *
#  integral  =  134.34857       accum. integral =  134.42111    *
#  std. dev. = 0.75227878E-01   accum. std. dev = 0.53107295E-01*
#   min/max. wt. =    0.00000            0.372240E-02           *
#                                                               *
#*************   chi**2/iteration =  1.848       ****************

 Done
