SLURM job running in:  /scratch/groups/lhc/park/JHUGen/JHUGenerator
LHAPDF 6.1.5 loading /work-zfs/lhc/cms/slc6_amd64_gcc493/external/lhapdf/6.1.5-kpegke3/share/LHAPDF/NNPDF30_lo_as_0130/NNPDF30_lo_as_0130_0000.dat
NNPDF30_lo_as_0130 PDF set, member #0, version 2; LHAPDF ID = 263000
 extending no. of histograms for vbf tests
 
                                                                                          
   ***************************************************************************************
   *                                JHU Generator v6.9.3                                 *
   ***************************************************************************************
   *                                                                                     *
   *   Spin and parity determination of single-produced resonances at hadron colliders   *
   *                                                                                     *
   *          I. Anderson, S. Bolognesi, F. Caola, Y. Gao, A. Gritsan, Z. Guo,           *
   *        C. Martin, K. Melnikov, R.Rontsch, H. Roskes, U. Sarica, M. Schulze,         *
   *                   N. Tran, A. Whitbeck, M. Xiao, C. You, Y. Zhou                    *
   *                Phys.Rev. D81 (2010) 075022;  arXiv:1001.3396 [hep-ph],              *
   *                Phys.Rev. D86 (2012) 095031;  arXiv:1208.4018 [hep-ph],              *
   *                Phys.Rev. D89 (2014) 035007;  arXiv:1309.4819 [hep-ph].              *
   *                                                                                     *
   ***************************************************************************************
                                                                                          
   
   Command line: ./JHUGen Unweighted=0 VegasNc0=99999999 VegasNc1=99999999 VegasNc2=99999999 LHAPDF=NNPDF30_lo_as_0130/NNPDF30_lo_as_0130.info MReso=442 ghz1=1,0 Process=60 pTjetcut=0 deltaRcut=0
   
   Input Parameter:
    Collider: P-P, sqrt(s)=13000.00
    Resonance: spin=0, mass= 442.00 width=   0.00407
    Z-boson: mass=91.188, width=2.4952
    W-boson: mass=80.399, width=2.0850
    Jet cuts:
            pT >=     0.00 GeV
        DeltaR >=     0.00
           mJJ >=     0.00 GeV
    Random seed:   570304557
    To reproduce results using this seed, JHUGen should be compiled with the same compiler:
      GNU Fortran (GCC) 4.9.3
    
    WidthScheme:   2
    LHAPDF set NNPDF30_lo_as_0130/NNPDF30_lo_as_0130.info, member=  0
    Unweighted: F
    
    spin-0-VV couplings: 
      generate_as=F
      ghg2=  0.10000000E+01  0.00000000E+00i
      ghg3=  0.00000000E+00  0.00000000E+00i
      ghg4=  0.00000000E+00  0.00000000E+00i
      ghz1=  0.10000000E+01  0.00000000E+00i
      ghz2=  0.00000000E+00  0.00000000E+00i
      ghz3=  0.00000000E+00  0.00000000E+00i
      ghz4=  0.00000000E+00  0.00000000E+00i
      Lambda=  1000.0
    
    LHE output: ./data/output.lhe
    Histogram output: ./data/output.dat
    Log file: ./data/output.log
    
  Running

  Input parameters for vegas:  ndim=  9   ncall= 80707214.
                              it=    0    itmx=   15
                              acc=-1.00    
                              mds=  1     nd=  50
                              (xl,xu)= (  0.00000     ,  1.00000     )
                                       (  0.00000     ,  1.00000     )
                                       (  0.00000     ,  1.00000     )
                                       (  0.00000     ,  1.00000     )
                                       (  0.00000     ,  1.00000     )
                                       (  0.00000     ,  1.00000     )
                                       (  0.00000     ,  1.00000     )
                                       (  0.00000     ,  1.00000     )
                                       (  0.00000     ,  1.00000     )

#********** Integration by Vegas (iteration       1) ************
#                                                               *
#  integral  =  77.652226       accum. integral =  77.652226    *
#  std. dev. =  6.0737026       accum. std. dev =  6.0737026    *
#   min/max. wt. =    0.00000             5.85806               *
#                                                               *
#*************   chi**2/iteration =  0.000       ****************


#********** Integration by Vegas (iteration       2) ************
#                                                               *
#  integral  =  89.851332       accum. integral =  88.567661    *
#  std. dev. =  2.4100745       accum. std. dev =  2.1306162    *
#   min/max. wt. =    0.00000            0.982129               *
#                                                               *
#*************   chi**2/iteration =  3.084       ****************


#********** Integration by Vegas (iteration       3) ************
#                                                               *
#  integral  =  124.02016       accum. integral =  92.506546    *
#  std. dev. =  8.9005562       accum. std. dev =  2.3714920    *
#   min/max. wt. =    0.00000             8.65720               *
#                                                               *
#*************   chi**2/iteration =  12.14       ****************


#********** Integration by Vegas (iteration       4) ************
#                                                               *
#  integral  =  131.54863       accum. integral =  121.74416    *
#  std. dev. =  1.8222819       accum. std. dev =  1.2965115    *
#   min/max. wt. =    0.00000             1.13732               *
#                                                               *
#*************   chi**2/iteration =  63.63       ****************


#********** Integration by Vegas (iteration       5) ************
#                                                               *
#  integral  =  132.03378       accum. integral =  131.62296    *
#  std. dev. = 0.32276763       accum. std. dev = 0.27146552    *
#   min/max. wt. =    0.00000            0.119764               *
#                                                               *
#*************   chi**2/iteration =  57.23       ****************


#********** Integration by Vegas (iteration       6) ************
#                                                               *
#  integral  =  131.60477       accum. integral =  131.60681    *
#  std. dev. = 0.11192329       accum. std. dev = 0.93429182E-01*
#   min/max. wt. =    0.00000            0.150398E-01           *
#                                                               *
#*************   chi**2/iteration =  43.27       ****************


#********** Integration by Vegas (iteration       7) ************
#                                                               *
#  integral  =  131.84245       accum. integral =  131.75438    *
#  std. dev. = 0.81627495E-01   accum. std. dev = 0.58245028E-01*
#   min/max. wt. =    0.00000            0.404363E-02           *
#                                                               *
#*************   chi**2/iteration =  35.32       ****************


#********** Integration by Vegas (iteration       8) ************
#                                                               *
#  integral  =  131.82009       accum. integral =  131.78244    *
#  std. dev. = 0.74800025E-01   accum. std. dev = 0.44713390E-01*
#   min/max. wt. =    0.00000            0.442733E-02           *
#                                                               *
#*************   chi**2/iteration =  29.50       ****************


#********** Integration by Vegas (iteration       9) ************
#                                                               *
#  integral  =  131.83640       accum. integral =  131.79919    *
#  std. dev. = 0.72897182E-01   accum. std. dev = 0.37536169E-01*
#   min/max. wt. =    0.00000            0.554153E-02           *
#                                                               *
#*************   chi**2/iteration =  25.32       ****************


#********** Integration by Vegas (iteration      10) ************
#                                                               *
#  integral  =  131.70659       accum. integral =  131.77649    *
#  std. dev. = 0.71190285E-01   accum. std. dev = 0.32885947E-01*
#   min/max. wt. =    0.00000            0.275663E-02           *
#                                                               *
#*************   chi**2/iteration =  22.30       ****************


#********** Integration by Vegas (iteration      11) ************
#                                                               *
#  integral  =  131.87041       accum. integral =  131.79503    *
#  std. dev. = 0.71153023E-01   accum. std. dev = 0.29663787E-01*
#   min/max. wt. =    0.00000            0.405338E-02           *
#                                                               *
#*************   chi**2/iteration =  19.96       ****************


#********** Integration by Vegas (iteration      12) ************
#                                                               *
#  integral  =  131.83196       accum. integral =  131.80107    *
#  std. dev. = 0.71463662E-01   accum. std. dev = 0.27281521E-01*
#   min/max. wt. =    0.00000            0.373644E-02           *
#                                                               *
#*************   chi**2/iteration =  17.96       ****************


#********** Integration by Vegas (iteration      13) ************
#                                                               *
#  integral  =  131.86139       accum. integral =  131.80940    *
#  std. dev. = 0.72250415E-01   accum. std. dev = 0.25448533E-01*
#   min/max. wt. =    0.00000            0.435647E-02           *
#                                                               *
#*************   chi**2/iteration =  16.37       ****************


#********** Integration by Vegas (iteration      14) ************
#                                                               *
#  integral  =  131.86959       accum. integral =  131.81664    *
#  std. dev. = 0.72565121E-01   accum. std. dev = 0.23963641E-01*
#   min/max. wt. =    0.00000            0.296376E-02           *
#                                                               *
#*************   chi**2/iteration =  15.04       ****************


#********** Integration by Vegas (iteration      15) ************
#                                                               *
#  integral  =  131.69678       accum. integral =  131.80428    *
#  std. dev. = 0.74140262E-01   accum. std. dev = 0.22770318E-01*
#   min/max. wt. =    0.00000            0.113227E-01           *
#                                                               *
#*************   chi**2/iteration =  14.06       ****************


  Input parameters for vegas:  ndim=  9   ncall= 80707214.
                              it=    0    itmx=    2
                              acc=-1.00    
                              mds=  1     nd=  50
                              (xl,xu)= (  0.00000     ,  1.00000     )
                                       (  0.00000     ,  1.00000     )
                                       (  0.00000     ,  1.00000     )
                                       (  0.00000     ,  1.00000     )
                                       (  0.00000     ,  1.00000     )
                                       (  0.00000     ,  1.00000     )
                                       (  0.00000     ,  1.00000     )
                                       (  0.00000     ,  1.00000     )
                                       (  0.00000     ,  1.00000     )

#********** Integration by Vegas (iteration       1) ************
#                                                               *
#  integral  =  131.76042       accum. integral =  131.76042    *
#  std. dev. = 0.74164804E-01   accum. std. dev = 0.74164804E-01*
#   min/max. wt. =    0.00000            0.364110E-02           *
#                                                               *
#*************   chi**2/iteration =  0.000       ****************


#********** Integration by Vegas (iteration       2) ************
#                                                               *
#  integral  =  131.82138       accum. integral =  131.79107    *
#  std. dev. = 0.73779703E-01   accum. std. dev = 0.52305687E-01*
#   min/max. wt. =    0.00000            0.296751E-02           *
#                                                               *
#*************   chi**2/iteration = 0.3391       ****************

 Done
