SLURM job running in:  /scratch/groups/lhc/park/JHUGen/JHUGenerator
LHAPDF 6.1.5 loading /work-zfs/lhc/cms/slc6_amd64_gcc493/external/lhapdf/6.1.5-kpegke3/share/LHAPDF/NNPDF30_lo_as_0130/NNPDF30_lo_as_0130_0000.dat
NNPDF30_lo_as_0130 PDF set, member #0, version 2; LHAPDF ID = 263000
 extending no. of histograms for vbf tests
 
                                                                                          
   ***************************************************************************************
   *                                JHU Generator v6.9.3                                 *
   ***************************************************************************************
   *                                                                                     *
   *   Spin and parity determination of single-produced resonances at hadron colliders   *
   *                                                                                     *
   *          I. Anderson, S. Bolognesi, F. Caola, Y. Gao, A. Gritsan, Z. Guo,           *
   *        C. Martin, K. Melnikov, R.Rontsch, H. Roskes, U. Sarica, M. Schulze,         *
   *                   N. Tran, A. Whitbeck, M. Xiao, C. You, Y. Zhou                    *
   *                Phys.Rev. D81 (2010) 075022;  arXiv:1001.3396 [hep-ph],              *
   *                Phys.Rev. D86 (2012) 095031;  arXiv:1208.4018 [hep-ph],              *
   *                Phys.Rev. D89 (2014) 035007;  arXiv:1309.4819 [hep-ph].              *
   *                                                                                     *
   ***************************************************************************************
                                                                                          
   
   Command line: ./JHUGen Unweighted=0 VegasNc0=99999999 VegasNc1=99999999 VegasNc2=99999999 LHAPDF=NNPDF30_lo_as_0130/NNPDF30_lo_as_0130.info MReso=448 ghz1=1,0 Process=60 pTjetcut=0 deltaRcut=0
   
   Input Parameter:
    Collider: P-P, sqrt(s)=13000.00
    Resonance: spin=0, mass= 448.00 width=   0.00407
    Z-boson: mass=91.188, width=2.4952
    W-boson: mass=80.399, width=2.0850
    Jet cuts:
            pT >=     0.00 GeV
        DeltaR >=     0.00
           mJJ >=     0.00 GeV
    Random seed:   723438926
    To reproduce results using this seed, JHUGen should be compiled with the same compiler:
      GNU Fortran (GCC) 4.9.3
    
    WidthScheme:   2
    LHAPDF set NNPDF30_lo_as_0130/NNPDF30_lo_as_0130.info, member=  0
    Unweighted: F
    
    spin-0-VV couplings: 
      generate_as=F
      ghg2=  0.10000000E+01  0.00000000E+00i
      ghg3=  0.00000000E+00  0.00000000E+00i
      ghg4=  0.00000000E+00  0.00000000E+00i
      ghz1=  0.10000000E+01  0.00000000E+00i
      ghz2=  0.00000000E+00  0.00000000E+00i
      ghz3=  0.00000000E+00  0.00000000E+00i
      ghz4=  0.00000000E+00  0.00000000E+00i
      Lambda=  1000.0
    
    LHE output: ./data/output.lhe
    Histogram output: ./data/output.dat
    Log file: ./data/output.log
    
  Running

  Input parameters for vegas:  ndim=  9   ncall= 80707214.
                              it=    0    itmx=   15
                              acc=-1.00    
                              mds=  1     nd=  50
                              (xl,xu)= (  0.00000     ,  1.00000     )
                                       (  0.00000     ,  1.00000     )
                                       (  0.00000     ,  1.00000     )
                                       (  0.00000     ,  1.00000     )
                                       (  0.00000     ,  1.00000     )
                                       (  0.00000     ,  1.00000     )
                                       (  0.00000     ,  1.00000     )
                                       (  0.00000     ,  1.00000     )
                                       (  0.00000     ,  1.00000     )

#********** Integration by Vegas (iteration       1) ************
#                                                               *
#  integral  =  98.039928       accum. integral =  98.039928    *
#  std. dev. =  25.368767       accum. std. dev =  25.368767    *
#   min/max. wt. =    0.00000             25.0626               *
#                                                               *
#*************   chi**2/iteration =  0.000       ****************


#********** Integration by Vegas (iteration       2) ************
#                                                               *
#  integral  =  125.34757       accum. integral =  108.02828    *
#  std. dev. =  42.710066       accum. std. dev =  23.188307    *
#   min/max. wt. =    0.00000             42.6027               *
#                                                               *
#*************   chi**2/iteration = 0.3214       ****************


#********** Integration by Vegas (iteration       3) ************
#                                                               *
#  integral  =  127.90480       accum. integral =  122.84087    *
#  std. dev. =  15.411116       accum. std. dev =  12.260664    *
#   min/max. wt. =    0.00000             14.0873               *
#                                                               *
#*************   chi**2/iteration = 0.3959       ****************


#********** Integration by Vegas (iteration       4) ************
#                                                               *
#  integral  =  129.67594       accum. integral =  129.46938    *
#  std. dev. =  2.3810244       accum. std. dev =  2.1866861    *
#   min/max. wt. =    0.00000             1.85290               *
#                                                               *
#*************   chi**2/iteration = 0.3462       ****************


#********** Integration by Vegas (iteration       5) ************
#                                                               *
#  integral  =  128.46208       accum. integral =  128.49224    *
#  std. dev. = 0.40807914       accum. std. dev = 0.38319481    *
#   min/max. wt. =    0.00000            0.203427               *
#                                                               *
#*************   chi**2/iteration = 0.3033       ****************


#********** Integration by Vegas (iteration       6) ************
#                                                               *
#  integral  =  128.10612       accum. integral =  128.13626    *
#  std. dev. = 0.11662931       accum. std. dev = 0.10789891    *
#   min/max. wt. =    0.00000            0.957825E-02           *
#                                                               *
#*************   chi**2/iteration = 0.4232       ****************


#********** Integration by Vegas (iteration       7) ************
#                                                               *
#  integral  =  128.09889       accum. integral =  128.11162    *
#  std. dev. = 0.80508435E-01   accum. std. dev = 0.63331753E-01*
#   min/max. wt. =    0.00000            0.119086E-01           *
#                                                               *
#*************   chi**2/iteration = 0.3619       ****************


#********** Integration by Vegas (iteration       8) ************
#                                                               *
#  integral  =  128.20262       accum. integral =  128.15240    *
#  std. dev. = 0.72595986E-01   accum. std. dev = 0.47243779E-01*
#   min/max. wt. =    0.00000            0.795650E-02           *
#                                                               *
#*************   chi**2/iteration = 0.4387       ****************


#********** Integration by Vegas (iteration       9) ************
#                                                               *
#  integral  =  128.06244       accum. integral =  128.12352    *
#  std. dev. = 0.70592355E-01   accum. std. dev = 0.39048076E-01*
#   min/max. wt. =    0.00000            0.401237E-02           *
#                                                               *
#*************   chi**2/iteration = 0.5261       ****************


#********** Integration by Vegas (iteration      10) ************
#                                                               *
#  integral  =  128.12996       accum. integral =  128.12513    *
#  std. dev. = 0.69167132E-01   accum. std. dev = 0.33883272E-01*
#   min/max. wt. =    0.00000            0.413373E-02           *
#                                                               *
#*************   chi**2/iteration = 0.4661       ****************


#********** Integration by Vegas (iteration      11) ************
#                                                               *
#  integral  =  128.05798       accum. integral =  128.11158    *
#  std. dev. = 0.68846744E-01   accum. std. dev = 0.30331805E-01*
#   min/max. wt. =    0.00000            0.348840E-02           *
#                                                               *
#*************   chi**2/iteration = 0.4967       ****************


#********** Integration by Vegas (iteration      12) ************
#                                                               *
#  integral  =  128.09037       accum. integral =  128.10804    *
#  std. dev. = 0.69146312E-01   accum. std. dev = 0.27733336E-01*
#   min/max. wt. =    0.00000            0.660333E-02           *
#                                                               *
#*************   chi**2/iteration = 0.4575       ****************


#********** Integration by Vegas (iteration      13) ************
#                                                               *
#  integral  =  127.98591       accum. integral =  128.09073    *
#  std. dev. = 0.69421541E-01   accum. std. dev = 0.25726871E-01*
#   min/max. wt. =    0.00000            0.301683E-02           *
#                                                               *
#*************   chi**2/iteration = 0.6467       ****************


#********** Integration by Vegas (iteration      14) ************
#                                                               *
#  integral  =  128.08992       accum. integral =  128.09063    *
#  std. dev. = 0.69681359E-01   accum. std. dev = 0.24114584E-01*
#   min/max. wt. =    0.00000            0.340577E-02           *
#                                                               *
#*************   chi**2/iteration = 0.5955       ****************


#********** Integration by Vegas (iteration      15) ************
#                                                               *
#  integral  =  128.02348       accum. integral =  128.08326    *
#  std. dev. = 0.69758575E-01   accum. std. dev = 0.22777350E-01*
#   min/max. wt. =    0.00000            0.297743E-02           *
#                                                               *
#*************   chi**2/iteration = 0.6125       ****************


  Input parameters for vegas:  ndim=  9   ncall= 80707214.
                              it=    0    itmx=    2
                              acc=-1.00    
                              mds=  1     nd=  50
                              (xl,xu)= (  0.00000     ,  1.00000     )
                                       (  0.00000     ,  1.00000     )
                                       (  0.00000     ,  1.00000     )
                                       (  0.00000     ,  1.00000     )
                                       (  0.00000     ,  1.00000     )
                                       (  0.00000     ,  1.00000     )
                                       (  0.00000     ,  1.00000     )
                                       (  0.00000     ,  1.00000     )
                                       (  0.00000     ,  1.00000     )

#********** Integration by Vegas (iteration       1) ************
#                                                               *
#  integral  =  128.04686       accum. integral =  128.04686    *
#  std. dev. = 0.70392782E-01   accum. std. dev = 0.70392782E-01*
#   min/max. wt. =    0.00000            0.467225E-02           *
#                                                               *
#*************   chi**2/iteration =  0.000       ****************


#********** Integration by Vegas (iteration       2) ************
#                                                               *
#  integral  =  128.04493       accum. integral =  128.04591    *
#  std. dev. = 0.71284870E-01   accum. std. dev = 0.50087630E-01*
#   min/max. wt. =    0.00000            0.490136E-02           *
#                                                               *
#*************   chi**2/iteration = 0.3690E-03   ****************

 Done
