SLURM job running in:  /scratch/groups/lhc/park/JHUGen/JHUGenerator
LHAPDF 6.1.5 loading /work-zfs/lhc/cms/slc6_amd64_gcc493/external/lhapdf/6.1.5-kpegke3/share/LHAPDF/NNPDF30_lo_as_0130/NNPDF30_lo_as_0130_0000.dat
NNPDF30_lo_as_0130 PDF set, member #0, version 2; LHAPDF ID = 263000
 extending no. of histograms for vbf tests
 
                                                                                          
   ***************************************************************************************
   *                                JHU Generator v6.9.3                                 *
   ***************************************************************************************
   *                                                                                     *
   *   Spin and parity determination of single-produced resonances at hadron colliders   *
   *                                                                                     *
   *          I. Anderson, S. Bolognesi, F. Caola, Y. Gao, A. Gritsan, Z. Guo,           *
   *        C. Martin, K. Melnikov, R.Rontsch, H. Roskes, U. Sarica, M. Schulze,         *
   *                   N. Tran, A. Whitbeck, M. Xiao, C. You, Y. Zhou                    *
   *                Phys.Rev. D81 (2010) 075022;  arXiv:1001.3396 [hep-ph],              *
   *                Phys.Rev. D86 (2012) 095031;  arXiv:1208.4018 [hep-ph],              *
   *                Phys.Rev. D89 (2014) 035007;  arXiv:1309.4819 [hep-ph].              *
   *                                                                                     *
   ***************************************************************************************
                                                                                          
   
   Command line: ./JHUGen Unweighted=0 VegasNc0=99999999 VegasNc1=99999999 VegasNc2=99999999 LHAPDF=NNPDF30_lo_as_0130/NNPDF30_lo_as_0130.info MReso=458 ghz1=1,0 Process=60 pTjetcut=0 deltaRcut=0
   
   Input Parameter:
    Collider: P-P, sqrt(s)=13000.00
    Resonance: spin=0, mass= 458.00 width=   0.00407
    Z-boson: mass=91.188, width=2.4952
    W-boson: mass=80.399, width=2.0850
    Jet cuts:
            pT >=     0.00 GeV
        DeltaR >=     0.00
           mJJ >=     0.00 GeV
    Random seed:   916424003
    To reproduce results using this seed, JHUGen should be compiled with the same compiler:
      GNU Fortran (GCC) 4.9.3
    
    WidthScheme:   2
    LHAPDF set NNPDF30_lo_as_0130/NNPDF30_lo_as_0130.info, member=  0
    Unweighted: F
    
    spin-0-VV couplings: 
      generate_as=F
      ghg2=  0.10000000E+01  0.00000000E+00i
      ghg3=  0.00000000E+00  0.00000000E+00i
      ghg4=  0.00000000E+00  0.00000000E+00i
      ghz1=  0.10000000E+01  0.00000000E+00i
      ghz2=  0.00000000E+00  0.00000000E+00i
      ghz3=  0.00000000E+00  0.00000000E+00i
      ghz4=  0.00000000E+00  0.00000000E+00i
      Lambda=  1000.0
    
    LHE output: ./data/output.lhe
    Histogram output: ./data/output.dat
    Log file: ./data/output.log
    
  Running

  Input parameters for vegas:  ndim=  9   ncall= 80707214.
                              it=    0    itmx=   15
                              acc=-1.00    
                              mds=  1     nd=  50
                              (xl,xu)= (  0.00000     ,  1.00000     )
                                       (  0.00000     ,  1.00000     )
                                       (  0.00000     ,  1.00000     )
                                       (  0.00000     ,  1.00000     )
                                       (  0.00000     ,  1.00000     )
                                       (  0.00000     ,  1.00000     )
                                       (  0.00000     ,  1.00000     )
                                       (  0.00000     ,  1.00000     )
                                       (  0.00000     ,  1.00000     )

#********** Integration by Vegas (iteration       1) ************
#                                                               *
#  integral  =  70.885365       accum. integral =  70.885365    *
#  std. dev. =  3.2628698       accum. std. dev =  3.2628698    *
#   min/max. wt. =  -0.100894E-05         2.17748               *
#                                                               *
#*************   chi**2/iteration =  0.000       ****************


#********** Integration by Vegas (iteration       2) ************
#                                                               *
#  integral  =  116.52365       accum. integral =  79.800459    *
#  std. dev. =  10.885904       accum. std. dev =  3.9821657    *
#   min/max. wt. =    0.00000             5.45152               *
#                                                               *
#*************   chi**2/iteration =  20.62       ****************


#********** Integration by Vegas (iteration       3) ************
#                                                               *
#  integral  =  121.03560       accum. integral =  91.380593    *
#  std. dev. =  7.9974973       accum. std. dev =  3.6864894    *
#   min/max. wt. =    0.00000             5.63111               *
#                                                               *
#*************   chi**2/iteration =  21.29       ****************


#********** Integration by Vegas (iteration       4) ************
#                                                               *
#  integral  =  120.38930       accum. integral =  117.85069    *
#  std. dev. =  1.3054842       accum. std. dev =  1.1317082    *
#   min/max. wt. =    0.00000            0.769149               *
#                                                               *
#*************   chi**2/iteration =  30.66       ****************


#********** Integration by Vegas (iteration       5) ************
#                                                               *
#  integral  =  121.93470       accum. integral =  121.73681    *
#  std. dev. = 0.28502491       accum. std. dev = 0.25516430    *
#   min/max. wt. =    0.00000            0.139262               *
#                                                               *
#*************   chi**2/iteration =  24.87       ****************


#********** Integration by Vegas (iteration       6) ************
#                                                               *
#  integral  =  122.06285       accum. integral =  122.01652    *
#  std. dev. = 0.11326284       accum. std. dev = 0.97687863E-01*
#   min/max. wt. =    0.00000            0.118104E-01           *
#                                                               *
#*************   chi**2/iteration =  19.56       ****************


#********** Integration by Vegas (iteration       7) ************
#                                                               *
#  integral  =  121.94678       accum. integral =  121.97086    *
#  std. dev. = 0.76121861E-01   accum. std. dev = 0.58022762E-01*
#   min/max. wt. =    0.00000            0.633225E-02           *
#                                                               *
#*************   chi**2/iteration =  16.01       ****************


#********** Integration by Vegas (iteration       8) ************
#                                                               *
#  integral  =  122.02660       accum. integral =  121.99539    *
#  std. dev. = 0.69522598E-01   accum. std. dev = 0.43764954E-01*
#   min/max. wt. =    0.00000            0.693757E-02           *
#                                                               *
#*************   chi**2/iteration =  13.57       ****************


#********** Integration by Vegas (iteration       9) ************
#                                                               *
#  integral  =  121.96431       accum. integral =  121.98533    *
#  std. dev. = 0.66625730E-01   accum. std. dev = 0.36208795E-01*
#   min/max. wt. =    0.00000            0.274438E-02           *
#                                                               *
#*************   chi**2/iteration =  11.75       ****************


#********** Integration by Vegas (iteration      10) ************
#                                                               *
#  integral  =  122.03027       accum. integral =  121.99657    *
#  std. dev. = 0.65672801E-01   accum. std. dev = 0.31507377E-01*
#   min/max. wt. =    0.00000            0.477048E-02           *
#                                                               *
#*************   chi**2/iteration =  10.38       ****************


#********** Integration by Vegas (iteration      11) ************
#                                                               *
#  integral  =  122.14359       accum. integral =  122.02586    *
#  std. dev. = 0.65906202E-01   accum. std. dev = 0.28307906E-01*
#   min/max. wt. =    0.00000            0.344854E-02           *
#                                                               *
#*************   chi**2/iteration =  9.702       ****************


#********** Integration by Vegas (iteration      12) ************
#                                                               *
#  integral  =  122.04749       accum. integral =  122.02943    *
#  std. dev. = 0.66089158E-01   accum. std. dev = 0.25949140E-01*
#   min/max. wt. =    0.00000            0.293111E-02           *
#                                                               *
#*************   chi**2/iteration =  8.771       ****************


#********** Integration by Vegas (iteration      13) ************
#                                                               *
#  integral  =  121.98233       accum. integral =  122.02274    *
#  std. dev. = 0.65956570E-01   accum. std. dev = 0.24099556E-01*
#   min/max. wt. =    0.00000            0.314471E-02           *
#                                                               *
#*************   chi**2/iteration =  8.036       ****************


#********** Integration by Vegas (iteration      14) ************
#                                                               *
#  integral  =  121.87239       accum. integral =  122.00446    *
#  std. dev. = 0.66762632E-01   accum. std. dev = 0.22637081E-01*
#   min/max. wt. =    0.00000            0.747740E-02           *
#                                                               *
#*************   chi**2/iteration =  7.747       ****************


#********** Integration by Vegas (iteration      15) ************
#                                                               *
#  integral  =  121.88616       accum. integral =  121.99172    *
#  std. dev. = 0.67021148E-01   accum. std. dev = 0.21424670E-01*
#   min/max. wt. =    0.00000            0.382470E-02           *
#                                                               *
#*************   chi**2/iteration =  7.376       ****************


  Input parameters for vegas:  ndim=  9   ncall= 80707214.
                              it=    0    itmx=    2
                              acc=-1.00    
                              mds=  1     nd=  50
                              (xl,xu)= (  0.00000     ,  1.00000     )
                                       (  0.00000     ,  1.00000     )
                                       (  0.00000     ,  1.00000     )
                                       (  0.00000     ,  1.00000     )
                                       (  0.00000     ,  1.00000     )
                                       (  0.00000     ,  1.00000     )
                                       (  0.00000     ,  1.00000     )
                                       (  0.00000     ,  1.00000     )
                                       (  0.00000     ,  1.00000     )

#********** Integration by Vegas (iteration       1) ************
#                                                               *
#  integral  =  122.12475       accum. integral =  122.12475    *
#  std. dev. = 0.67344465E-01   accum. std. dev = 0.67344465E-01*
#   min/max. wt. =    0.00000            0.321072E-02           *
#                                                               *
#*************   chi**2/iteration = -.4011E-06   ****************


#********** Integration by Vegas (iteration       2) ************
#                                                               *
#  integral  =  122.01911       accum. integral =  122.07254    *
#  std. dev. = 0.68072650E-01   accum. std. dev = 0.47874881E-01*
#   min/max. wt. =    0.00000            0.484490E-02           *
#                                                               *
#*************   chi**2/iteration =  1.216       ****************

 Done
