SLURM job running in:  /scratch/groups/lhc/park/JHUGen/JHUGenerator
LHAPDF 6.1.5 loading /work-zfs/lhc/cms/slc6_amd64_gcc493/external/lhapdf/6.1.5-kpegke3/share/LHAPDF/NNPDF30_lo_as_0130/NNPDF30_lo_as_0130_0000.dat
NNPDF30_lo_as_0130 PDF set, member #0, version 2; LHAPDF ID = 263000
 extending no. of histograms for vbf tests
 
                                                                                          
   ***************************************************************************************
   *                                JHU Generator v6.9.3                                 *
   ***************************************************************************************
   *                                                                                     *
   *   Spin and parity determination of single-produced resonances at hadron colliders   *
   *                                                                                     *
   *          I. Anderson, S. Bolognesi, F. Caola, Y. Gao, A. Gritsan, Z. Guo,           *
   *        C. Martin, K. Melnikov, R.Rontsch, H. Roskes, U. Sarica, M. Schulze,         *
   *                   N. Tran, A. Whitbeck, M. Xiao, C. You, Y. Zhou                    *
   *                Phys.Rev. D81 (2010) 075022;  arXiv:1001.3396 [hep-ph],              *
   *                Phys.Rev. D86 (2012) 095031;  arXiv:1208.4018 [hep-ph],              *
   *                Phys.Rev. D89 (2014) 035007;  arXiv:1309.4819 [hep-ph].              *
   *                                                                                     *
   ***************************************************************************************
                                                                                          
   
   Command line: ./JHUGen Unweighted=0 VegasNc0=99999999 VegasNc1=99999999 VegasNc2=99999999 LHAPDF=NNPDF30_lo_as_0130/NNPDF30_lo_as_0130.info MReso=486 ghz1=1,0 Process=60 pTjetcut=0 deltaRcut=0
   
   Input Parameter:
    Collider: P-P, sqrt(s)=13000.00
    Resonance: spin=0, mass= 486.00 width=   0.00407
    Z-boson: mass=91.188, width=2.4952
    W-boson: mass=80.399, width=2.0850
    Jet cuts:
            pT >=     0.00 GeV
        DeltaR >=     0.00
           mJJ >=     0.00 GeV
    Random seed:   685843401
    To reproduce results using this seed, JHUGen should be compiled with the same compiler:
      GNU Fortran (GCC) 4.9.3
    
    WidthScheme:   2
    LHAPDF set NNPDF30_lo_as_0130/NNPDF30_lo_as_0130.info, member=  0
    Unweighted: F
    
    spin-0-VV couplings: 
      generate_as=F
      ghg2=  0.10000000E+01  0.00000000E+00i
      ghg3=  0.00000000E+00  0.00000000E+00i
      ghg4=  0.00000000E+00  0.00000000E+00i
      ghz1=  0.10000000E+01  0.00000000E+00i
      ghz2=  0.00000000E+00  0.00000000E+00i
      ghz3=  0.00000000E+00  0.00000000E+00i
      ghz4=  0.00000000E+00  0.00000000E+00i
      Lambda=  1000.0
    
    LHE output: ./data/output.lhe
    Histogram output: ./data/output.dat
    Log file: ./data/output.log
    
  Running

  Input parameters for vegas:  ndim=  9   ncall= 80707214.
                              it=    0    itmx=   15
                              acc=-1.00    
                              mds=  1     nd=  50
                              (xl,xu)= (  0.00000     ,  1.00000     )
                                       (  0.00000     ,  1.00000     )
                                       (  0.00000     ,  1.00000     )
                                       (  0.00000     ,  1.00000     )
                                       (  0.00000     ,  1.00000     )
                                       (  0.00000     ,  1.00000     )
                                       (  0.00000     ,  1.00000     )
                                       (  0.00000     ,  1.00000     )
                                       (  0.00000     ,  1.00000     )

#********** Integration by Vegas (iteration       1) ************
#                                                               *
#  integral  =  72.042595       accum. integral =  72.042595    *
#  std. dev. =  9.4191256       accum. std. dev =  9.4191256    *
#   min/max. wt. =    0.00000             7.70413               *
#                                                               *
#*************   chi**2/iteration =  0.000       ****************


#********** Integration by Vegas (iteration       2) ************
#                                                               *
#  integral  =  84.141458       accum. integral =  79.593175    *
#  std. dev. =  8.5381717       accum. std. dev =  6.2788281    *
#   min/max. wt. =    0.00000             7.11355               *
#                                                               *
#*************   chi**2/iteration = 0.8702       ****************


#********** Integration by Vegas (iteration       3) ************
#                                                               *
#  integral  =  99.757232       accum. integral =  97.022400    *
#  std. dev. =  3.1676949       accum. std. dev =  2.5408228    *
#   min/max. wt. =    0.00000             1.48813               *
#                                                               *
#*************   chi**2/iteration =  4.050       ****************


#********** Integration by Vegas (iteration       4) ************
#                                                               *
#  integral  =  105.58415       accum. integral =  105.01856    *
#  std. dev. = 0.82901087       accum. std. dev = 0.69305110    *
#   min/max. wt. =    0.00000            0.415461               *
#                                                               *
#*************   chi**2/iteration =  5.536       ****************


#********** Integration by Vegas (iteration       5) ************
#                                                               *
#  integral  =  106.52313       accum. integral =  106.43121    *
#  std. dev. = 0.20619177       accum. std. dev = 0.17737270    *
#   min/max. wt. =  -0.139624E-18        0.696411E-01           *
#                                                               *
#*************   chi**2/iteration =  4.905       ****************


#********** Integration by Vegas (iteration       6) ************
#                                                               *
#  integral  =  106.85011       accum. integral =  106.78833    *
#  std. dev. = 0.83351064E-01   accum. std. dev = 0.69666890E-01*
#   min/max. wt. =    0.00000            0.487202E-02           *
#                                                               *
#*************   chi**2/iteration =  4.660       ****************


#********** Integration by Vegas (iteration       7) ************
#                                                               *
#  integral  =  106.88884       accum. integral =  106.84681    *
#  std. dev. = 0.65265749E-01   accum. std. dev = 0.45756171E-01*
#   min/max. wt. =    0.00000            0.822143E-02           *
#                                                               *
#*************   chi**2/iteration =  3.960       ****************


#********** Integration by Vegas (iteration       8) ************
#                                                               *
#  integral  =  106.91550       accum. integral =  106.87504    *
#  std. dev. = 0.59613340E-01   accum. std. dev = 0.35518865E-01*
#   min/max. wt. =    0.00000            0.300324E-02           *
#                                                               *
#*************   chi**2/iteration =  3.447       ****************


#********** Integration by Vegas (iteration       9) ************
#                                                               *
#  integral  =  106.91572       accum. integral =  106.88723    *
#  std. dev. = 0.58440546E-01   accum. std. dev = 0.29986102E-01*
#   min/max. wt. =    0.00000            0.395337E-02           *
#                                                               *
#*************   chi**2/iteration =  3.013       ****************


#********** Integration by Vegas (iteration      10) ************
#                                                               *
#  integral  =  106.85599       accum. integral =  106.87988    *
#  std. dev. = 0.57639687E-01   accum. std. dev = 0.26401509E-01*
#   min/max. wt. =    0.00000            0.335822E-02           *
#                                                               *
#*************   chi**2/iteration =  2.670       ****************


#********** Integration by Vegas (iteration      11) ************
#                                                               *
#  integral  =  107.03924       accum. integral =  106.91025    *
#  std. dev. = 0.57711212E-01   accum. std. dev = 0.23887451E-01*
#   min/max. wt. =    0.00000            0.535537E-02           *
#                                                               *
#*************   chi**2/iteration =  3.062       ****************


#********** Integration by Vegas (iteration      12) ************
#                                                               *
#  integral  =  106.90648       accum. integral =  106.90964    *
#  std. dev. = 0.57321409E-01   accum. std. dev = 0.21972455E-01*
#   min/max. wt. =    0.00000            0.216767E-02           *
#                                                               *
#*************   chi**2/iteration =  2.759       ****************


#********** Integration by Vegas (iteration      13) ************
#                                                               *
#  integral  =  107.00215       accum. integral =  106.92245    *
#  std. dev. = 0.57529630E-01   accum. std. dev = 0.20474375E-01*
#   min/max. wt. =    0.00000            0.199219E-02           *
#                                                               *
#*************   chi**2/iteration =  2.713       ****************


#********** Integration by Vegas (iteration      14) ************
#                                                               *
#  integral  =  106.95150       accum. integral =  106.92590    *
#  std. dev. = 0.58239372E-01   accum. std. dev = 0.19281570E-01*
#   min/max. wt. =    0.00000            0.245664E-02           *
#                                                               *
#*************   chi**2/iteration =  2.506       ****************


#********** Integration by Vegas (iteration      15) ************
#                                                               *
#  integral  =  106.92989       accum. integral =  106.92632    *
#  std. dev. = 0.58681884E-01   accum. std. dev = 0.18294449E-01*
#   min/max. wt. =    0.00000            0.339152E-02           *
#                                                               *
#*************   chi**2/iteration =  2.314       ****************


  Input parameters for vegas:  ndim=  9   ncall= 80707214.
                              it=    0    itmx=    2
                              acc=-1.00    
                              mds=  1     nd=  50
                              (xl,xu)= (  0.00000     ,  1.00000     )
                                       (  0.00000     ,  1.00000     )
                                       (  0.00000     ,  1.00000     )
                                       (  0.00000     ,  1.00000     )
                                       (  0.00000     ,  1.00000     )
                                       (  0.00000     ,  1.00000     )
                                       (  0.00000     ,  1.00000     )
                                       (  0.00000     ,  1.00000     )
                                       (  0.00000     ,  1.00000     )

#********** Integration by Vegas (iteration       1) ************
#                                                               *
#  integral  =  106.94443       accum. integral =  106.94443    *
#  std. dev. = 0.59271239E-01   accum. std. dev = 0.59271239E-01*
#   min/max. wt. =    0.00000            0.277566E-02           *
#                                                               *
#*************   chi**2/iteration = -.1036E-05   ****************


#********** Integration by Vegas (iteration       2) ************
#                                                               *
#  integral  =  106.86466       accum. integral =  106.90489    *
#  std. dev. = 0.59742964E-01   accum. std. dev = 0.42076759E-01*
#   min/max. wt. =    0.00000            0.273051E-02           *
#                                                               *
#*************   chi**2/iteration = 0.8976       ****************

 Done
