SLURM job running in:  /scratch/groups/lhc/park/JHUGen/JHUGenerator
LHAPDF 6.1.5 loading /work-zfs/lhc/cms/slc6_amd64_gcc493/external/lhapdf/6.1.5-kpegke3/share/LHAPDF/NNPDF30_lo_as_0130/NNPDF30_lo_as_0130_0000.dat
NNPDF30_lo_as_0130 PDF set, member #0, version 2; LHAPDF ID = 263000
 extending no. of histograms for vbf tests
 
                                                                                          
   ***************************************************************************************
   *                                JHU Generator v6.9.3                                 *
   ***************************************************************************************
   *                                                                                     *
   *   Spin and parity determination of single-produced resonances at hadron colliders   *
   *                                                                                     *
   *          I. Anderson, S. Bolognesi, F. Caola, Y. Gao, A. Gritsan, Z. Guo,           *
   *        C. Martin, K. Melnikov, R.Rontsch, H. Roskes, U. Sarica, M. Schulze,         *
   *                   N. Tran, A. Whitbeck, M. Xiao, C. You, Y. Zhou                    *
   *                Phys.Rev. D81 (2010) 075022;  arXiv:1001.3396 [hep-ph],              *
   *                Phys.Rev. D86 (2012) 095031;  arXiv:1208.4018 [hep-ph],              *
   *                Phys.Rev. D89 (2014) 035007;  arXiv:1309.4819 [hep-ph].              *
   *                                                                                     *
   ***************************************************************************************
                                                                                          
   
   Command line: ./JHUGen Unweighted=0 VegasNc0=99999999 VegasNc1=99999999 VegasNc2=99999999 LHAPDF=NNPDF30_lo_as_0130/NNPDF30_lo_as_0130.info MReso=496 ghz1=1,0 Process=60 pTjetcut=0 deltaRcut=0
   
   Input Parameter:
    Collider: P-P, sqrt(s)=13000.00
    Resonance: spin=0, mass= 496.00 width=   0.00407
    Z-boson: mass=91.188, width=2.4952
    W-boson: mass=80.399, width=2.0850
    Jet cuts:
            pT >=     0.00 GeV
        DeltaR >=     0.00
           mJJ >=     0.00 GeV
    Random seed:   716049024
    To reproduce results using this seed, JHUGen should be compiled with the same compiler:
      GNU Fortran (GCC) 4.9.3
    
    WidthScheme:   2
    LHAPDF set NNPDF30_lo_as_0130/NNPDF30_lo_as_0130.info, member=  0
    Unweighted: F
    
    spin-0-VV couplings: 
      generate_as=F
      ghg2=  0.10000000E+01  0.00000000E+00i
      ghg3=  0.00000000E+00  0.00000000E+00i
      ghg4=  0.00000000E+00  0.00000000E+00i
      ghz1=  0.10000000E+01  0.00000000E+00i
      ghz2=  0.00000000E+00  0.00000000E+00i
      ghz3=  0.00000000E+00  0.00000000E+00i
      ghz4=  0.00000000E+00  0.00000000E+00i
      Lambda=  1000.0
    
    LHE output: ./data/output.lhe
    Histogram output: ./data/output.dat
    Log file: ./data/output.log
    
  Running

  Input parameters for vegas:  ndim=  9   ncall= 80707214.
                              it=    0    itmx=   15
                              acc=-1.00    
                              mds=  1     nd=  50
                              (xl,xu)= (  0.00000     ,  1.00000     )
                                       (  0.00000     ,  1.00000     )
                                       (  0.00000     ,  1.00000     )
                                       (  0.00000     ,  1.00000     )
                                       (  0.00000     ,  1.00000     )
                                       (  0.00000     ,  1.00000     )
                                       (  0.00000     ,  1.00000     )
                                       (  0.00000     ,  1.00000     )
                                       (  0.00000     ,  1.00000     )

#********** Integration by Vegas (iteration       1) ************
#                                                               *
#  integral  =  69.246224       accum. integral =  69.246224    *
#  std. dev. =  7.9745274       accum. std. dev =  7.9745274    *
#   min/max. wt. =    0.00000             5.71562               *
#                                                               *
#*************   chi**2/iteration =  0.000       ****************


#********** Integration by Vegas (iteration       2) ************
#                                                               *
#  integral  =  84.059844       accum. integral =  78.064857    *
#  std. dev. =  7.9816174       accum. std. dev =  5.6418274    *
#   min/max. wt. =    0.00000             5.59098               *
#                                                               *
#*************   chi**2/iteration =  1.659       ****************


#********** Integration by Vegas (iteration       3) ************
#                                                               *
#  integral  =  94.639500       accum. integral =  91.631184    *
#  std. dev. =  3.2649416       accum. std. dev =  2.5999686    *
#   min/max. wt. =    0.00000             1.71805               *
#                                                               *
#*************   chi**2/iteration =  3.727       ****************


#********** Integration by Vegas (iteration       4) ************
#                                                               *
#  integral  =  99.584647       accum. integral =  99.217543    *
#  std. dev. = 0.68372659       accum. std. dev = 0.58777901    *
#   min/max. wt. =    0.00000            0.294772               *
#                                                               *
#*************   chi**2/iteration =  4.930       ****************


#********** Integration by Vegas (iteration       5) ************
#                                                               *
#  integral  =  102.11307       accum. integral =  101.48425    *
#  std. dev. = 0.36064343       accum. std. dev = 0.28352593    *
#   min/max. wt. =    0.00000            0.279999               *
#                                                               *
#*************   chi**2/iteration =  7.883       ****************


#********** Integration by Vegas (iteration       6) ************
#                                                               *
#  integral  =  102.07203       accum. integral =  101.96677    *
#  std. dev. = 0.14897713       accum. std. dev = 0.12261092    *
#   min/max. wt. =    0.00000            0.176003E-01           *
#                                                               *
#*************   chi**2/iteration =  6.715       ****************


#********** Integration by Vegas (iteration       7) ************
#                                                               *
#  integral  =  102.14817       accum. integral =  102.10848    *
#  std. dev. = 0.71493840E-01   accum. std. dev = 0.58225145E-01*
#   min/max. wt. =    0.00000            0.938755E-02           *
#                                                               *
#*************   chi**2/iteration =  5.707       ****************


#********** Integration by Vegas (iteration       8) ************
#                                                               *
#  integral  =  102.05039       accum. integral =  102.07783    *
#  std. dev. = 0.59729645E-01   accum. std. dev = 0.40453654E-01*
#   min/max. wt. =    0.00000            0.281067E-02           *
#                                                               *
#*************   chi**2/iteration =  4.860       ****************


#********** Integration by Vegas (iteration       9) ************
#                                                               *
#  integral  =  102.03651       accum. integral =  102.06220    *
#  std. dev. = 0.55620527E-01   accum. std. dev = 0.32163254E-01*
#   min/max. wt. =    0.00000            0.366780E-02           *
#                                                               *
#*************   chi**2/iteration =  4.231       ****************


#********** Integration by Vegas (iteration      10) ************
#                                                               *
#  integral  =  102.07723       accum. integral =  102.06641    *
#  std. dev. = 0.54891816E-01   accum. std. dev = 0.27473332E-01*
#   min/max. wt. =    0.00000            0.264553E-02           *
#                                                               *
#*************   chi**2/iteration =  3.719       ****************


#********** Integration by Vegas (iteration      11) ************
#                                                               *
#  integral  =  102.03882       accum. integral =  102.06030    *
#  std. dev. = 0.54450685E-01   accum. std. dev = 0.24371294E-01*
#   min/max. wt. =    0.00000            0.515945E-02           *
#                                                               *
#*************   chi**2/iteration =  3.334       ****************


#********** Integration by Vegas (iteration      12) ************
#                                                               *
#  integral  =  102.03705       accum. integral =  102.05610    *
#  std. dev. = 0.54518584E-01   accum. std. dev = 0.22153916E-01*
#   min/max. wt. =    0.00000            0.310868E-02           *
#                                                               *
#*************   chi**2/iteration =  3.020       ****************


#********** Integration by Vegas (iteration      13) ************
#                                                               *
#  integral  =  102.09407       accum. integral =  102.06194    *
#  std. dev. = 0.54417814E-01   accum. std. dev = 0.20454978E-01*
#   min/max. wt. =    0.00000            0.225627E-02           *
#                                                               *
#*************   chi**2/iteration =  2.785       ****************


#********** Integration by Vegas (iteration      14) ************
#                                                               *
#  integral  =  102.04317       accum. integral =  102.05947    *
#  std. dev. = 0.54764889E-01   accum. std. dev = 0.19119779E-01*
#   min/max. wt. =    0.00000            0.270690E-02           *
#                                                               *
#*************   chi**2/iteration =  2.563       ****************


#********** Integration by Vegas (iteration      15) ************
#                                                               *
#  integral  =  102.13149       accum. integral =  102.06773    *
#  std. dev. = 0.55244842E-01   accum. std. dev = 0.18038525E-01*
#   min/max. wt. =    0.00000            0.518673E-02           *
#                                                               *
#*************   chi**2/iteration =  2.483       ****************


  Input parameters for vegas:  ndim=  9   ncall= 80707214.
                              it=    0    itmx=    2
                              acc=-1.00    
                              mds=  1     nd=  50
                              (xl,xu)= (  0.00000     ,  1.00000     )
                                       (  0.00000     ,  1.00000     )
                                       (  0.00000     ,  1.00000     )
                                       (  0.00000     ,  1.00000     )
                                       (  0.00000     ,  1.00000     )
                                       (  0.00000     ,  1.00000     )
                                       (  0.00000     ,  1.00000     )
                                       (  0.00000     ,  1.00000     )
                                       (  0.00000     ,  1.00000     )

#********** Integration by Vegas (iteration       1) ************
#                                                               *
#  integral  =  102.15577       accum. integral =  102.15577    *
#  std. dev. = 0.55015034E-01   accum. std. dev = 0.55015034E-01*
#   min/max. wt. =    0.00000            0.476955E-02           *
#                                                               *
#*************   chi**2/iteration =  0.000       ****************


#********** Integration by Vegas (iteration       2) ************
#                                                               *
#  integral  =  102.10393       accum. integral =  102.13008    *
#  std. dev. = 0.55475635E-01   accum. std. dev = 0.39063250E-01*
#   min/max. wt. =    0.00000            0.712888E-02           *
#                                                               *
#*************   chi**2/iteration = 0.4398       ****************

 Done
