SLURM job running in:  /scratch/groups/lhc/park/JHUGen/JHUGenerator
LHAPDF 6.1.5 loading /work-zfs/lhc/cms/slc6_amd64_gcc493/external/lhapdf/6.1.5-kpegke3/share/LHAPDF/NNPDF30_lo_as_0130/NNPDF30_lo_as_0130_0000.dat
NNPDF30_lo_as_0130 PDF set, member #0, version 2; LHAPDF ID = 263000
 extending no. of histograms for vbf tests
 
                                                                                          
   ***************************************************************************************
   *                                JHU Generator v6.9.3                                 *
   ***************************************************************************************
   *                                                                                     *
   *   Spin and parity determination of single-produced resonances at hadron colliders   *
   *                                                                                     *
   *          I. Anderson, S. Bolognesi, F. Caola, Y. Gao, A. Gritsan, Z. Guo,           *
   *        C. Martin, K. Melnikov, R.Rontsch, H. Roskes, U. Sarica, M. Schulze,         *
   *                   N. Tran, A. Whitbeck, M. Xiao, C. You, Y. Zhou                    *
   *                Phys.Rev. D81 (2010) 075022;  arXiv:1001.3396 [hep-ph],              *
   *                Phys.Rev. D86 (2012) 095031;  arXiv:1208.4018 [hep-ph],              *
   *                Phys.Rev. D89 (2014) 035007;  arXiv:1309.4819 [hep-ph].              *
   *                                                                                     *
   ***************************************************************************************
                                                                                          
   
   Command line: ./JHUGen Unweighted=0 VegasNc0=99999999 VegasNc1=99999999 VegasNc2=99999999 LHAPDF=NNPDF30_lo_as_0130/NNPDF30_lo_as_0130.info MReso=510 ghz1=1,0 Process=60 pTjetcut=0 deltaRcut=0
   
   Input Parameter:
    Collider: P-P, sqrt(s)=13000.00
    Resonance: spin=0, mass= 510.00 width=   0.00407
    Z-boson: mass=91.188, width=2.4952
    W-boson: mass=80.399, width=2.0850
    Jet cuts:
            pT >=     0.00 GeV
        DeltaR >=     0.00
           mJJ >=     0.00 GeV
    Random seed:   391143219
    To reproduce results using this seed, JHUGen should be compiled with the same compiler:
      GNU Fortran (GCC) 4.9.3
    
    WidthScheme:   2
    LHAPDF set NNPDF30_lo_as_0130/NNPDF30_lo_as_0130.info, member=  0
    Unweighted: F
    
    spin-0-VV couplings: 
      generate_as=F
      ghg2=  0.10000000E+01  0.00000000E+00i
      ghg3=  0.00000000E+00  0.00000000E+00i
      ghg4=  0.00000000E+00  0.00000000E+00i
      ghz1=  0.10000000E+01  0.00000000E+00i
      ghz2=  0.00000000E+00  0.00000000E+00i
      ghz3=  0.00000000E+00  0.00000000E+00i
      ghz4=  0.00000000E+00  0.00000000E+00i
      Lambda=  1000.0
    
    LHE output: ./data/output.lhe
    Histogram output: ./data/output.dat
    Log file: ./data/output.log
    
  Running

  Input parameters for vegas:  ndim=  9   ncall= 80707214.
                              it=    0    itmx=   15
                              acc=-1.00    
                              mds=  1     nd=  50
                              (xl,xu)= (  0.00000     ,  1.00000     )
                                       (  0.00000     ,  1.00000     )
                                       (  0.00000     ,  1.00000     )
                                       (  0.00000     ,  1.00000     )
                                       (  0.00000     ,  1.00000     )
                                       (  0.00000     ,  1.00000     )
                                       (  0.00000     ,  1.00000     )
                                       (  0.00000     ,  1.00000     )
                                       (  0.00000     ,  1.00000     )

#********** Integration by Vegas (iteration       1) ************
#                                                               *
#  integral  =  50.282877       accum. integral =  50.282877    *
#  std. dev. = 0.69025153       accum. std. dev = 0.69025153    *
#   min/max. wt. =    0.00000            0.470397               *
#                                                               *
#*************   chi**2/iteration =  0.000       ****************


#********** Integration by Vegas (iteration       2) ************
#                                                               *
#  integral  =  64.320647       accum. integral =  52.075266    *
#  std. dev. =  2.3078509       accum. std. dev = 0.74016093    *
#   min/max. wt. =    0.00000             1.61697               *
#                                                               *
#*************   chi**2/iteration =  40.02       ****************


#********** Integration by Vegas (iteration       3) ************
#                                                               *
#  integral  =  85.807380       accum. integral =  58.120458    *
#  std. dev. =  2.3544055       accum. std. dev = 0.79429835    *
#   min/max. wt. =    0.00000             1.29562               *
#                                                               *
#*************   chi**2/iteration =  146.8       ****************


#********** Integration by Vegas (iteration       4) ************
#                                                               *
#  integral  =  93.987764       accum. integral =  83.016462    *
#  std. dev. = 0.72472874       accum. std. dev = 0.48567736    *
#   min/max. wt. =    0.00000            0.381004               *
#                                                               *
#*************   chi**2/iteration =  466.0       ****************


#********** Integration by Vegas (iteration       5) ************
#                                                               *
#  integral  =  95.733508       accum. integral =  94.550852    *
#  std. dev. = 0.19693168       accum. std. dev = 0.15679387    *
#   min/max. wt. =    0.00000            0.627302E-01           *
#                                                               *
#*************   chi**2/iteration =  450.5       ****************


#********** Integration by Vegas (iteration       6) ************
#                                                               *
#  integral  =  95.762608       accum. integral =  95.569552    *
#  std. dev. = 0.81671454E-01   accum. std. dev = 0.64796223E-01*
#   min/max. wt. =    0.00000            0.193369E-01           *
#                                                               *
#*************   chi**2/iteration =  345.6       ****************


#********** Integration by Vegas (iteration       7) ************
#                                                               *
#  integral  =  95.791183       accum. integral =  95.705535    *
#  std. dev. = 0.59447336E-01   accum. std. dev = 0.41236851E-01*
#   min/max. wt. =    0.00000            0.501489E-02           *
#                                                               *
#*************   chi**2/iteration =  276.0       ****************


#********** Integration by Vegas (iteration       8) ************
#                                                               *
#  integral  =  95.803123       accum. integral =  95.747800    *
#  std. dev. = 0.53281150E-01   accum. std. dev = 0.31578349E-01*
#   min/max. wt. =    0.00000            0.264332E-02           *
#                                                               *
#*************   chi**2/iteration =  229.0       ****************


#********** Integration by Vegas (iteration       9) ************
#                                                               *
#  integral  =  95.755015       accum. integral =  95.750089    *
#  std. dev. = 0.51407272E-01   accum. std. dev = 0.26425520E-01*
#   min/max. wt. =    0.00000            0.352441E-02           *
#                                                               *
#*************   chi**2/iteration =  195.4       ****************


#********** Integration by Vegas (iteration      10) ************
#                                                               *
#  integral  =  95.619981       accum. integral =  95.718076    *
#  std. dev. = 0.50618515E-01   accum. std. dev = 0.23170764E-01*
#   min/max. wt. =    0.00000            0.313145E-02           *
#                                                               *
#*************   chi**2/iteration =  170.9       ****************


#********** Integration by Vegas (iteration      11) ************
#                                                               *
#  integral  =  95.740331       accum. integral =  95.722515    *
#  std. dev. = 0.50366331E-01   accum. std. dev = 0.20897971E-01*
#   min/max. wt. =    0.00000            0.249605E-02           *
#                                                               *
#*************   chi**2/iteration =  151.4       ****************


#********** Integration by Vegas (iteration      12) ************
#                                                               *
#  integral  =  95.736581       accum. integral =  95.724878    *
#  std. dev. = 0.50057328E-01   accum. std. dev = 0.19187447E-01*
#   min/max. wt. =    0.00000            0.245493E-02           *
#                                                               *
#*************   chi**2/iteration =  135.9       ****************


#********** Integration by Vegas (iteration      13) ************
#                                                               *
#  integral  =  95.801569       accum. integral =  95.735784    *
#  std. dev. = 0.50422709E-01   accum. std. dev = 0.17869587E-01*
#   min/max. wt. =    0.00000            0.301373E-02           *
#                                                               *
#*************   chi**2/iteration =  123.4       ****************


#********** Integration by Vegas (iteration      14) ************
#                                                               *
#  integral  =  95.781647       accum. integral =  95.741439    *
#  std. dev. = 0.50695027E-01   accum. std. dev = 0.16810372E-01*
#   min/max. wt. =    0.00000            0.253775E-02           *
#                                                               *
#*************   chi**2/iteration =  112.9       ****************


#********** Integration by Vegas (iteration      15) ************
#                                                               *
#  integral  =  95.764223       accum. integral =  95.743915    *
#  std. dev. = 0.50967891E-01   accum. std. dev = 0.15934447E-01*
#   min/max. wt. =    0.00000            0.201194E-02           *
#                                                               *
#*************   chi**2/iteration =  104.0       ****************


  Input parameters for vegas:  ndim=  9   ncall= 80707214.
                              it=    0    itmx=    2
                              acc=-1.00    
                              mds=  1     nd=  50
                              (xl,xu)= (  0.00000     ,  1.00000     )
                                       (  0.00000     ,  1.00000     )
                                       (  0.00000     ,  1.00000     )
                                       (  0.00000     ,  1.00000     )
                                       (  0.00000     ,  1.00000     )
                                       (  0.00000     ,  1.00000     )
                                       (  0.00000     ,  1.00000     )
                                       (  0.00000     ,  1.00000     )
                                       (  0.00000     ,  1.00000     )

#********** Integration by Vegas (iteration       1) ************
#                                                               *
#  integral  =  95.710260       accum. integral =  95.710260    *
#  std. dev. = 0.51985941E-01   accum. std. dev = 0.51985941E-01*
#   min/max. wt. =    0.00000            0.357316E-02           *
#                                                               *
#*************   chi**2/iteration =  0.000       ****************


#********** Integration by Vegas (iteration       2) ************
#                                                               *
#  integral  =  95.808031       accum. integral =  95.758905    *
#  std. dev. = 0.52294951E-01   accum. std. dev = 0.36868489E-01*
#   min/max. wt. =    0.00000            0.311788E-02           *
#                                                               *
#*************   chi**2/iteration =  1.756       ****************

 Done
