SLURM job running in:  /scratch/groups/lhc/park/JHUGen/JHUGenerator
LHAPDF 6.1.5 loading /work-zfs/lhc/cms/slc6_amd64_gcc493/external/lhapdf/6.1.5-kpegke3/share/LHAPDF/NNPDF30_lo_as_0130/NNPDF30_lo_as_0130_0000.dat
NNPDF30_lo_as_0130 PDF set, member #0, version 2; LHAPDF ID = 263000
 extending no. of histograms for vbf tests
 
                                                                                          
   ***************************************************************************************
   *                                JHU Generator v6.9.3                                 *
   ***************************************************************************************
   *                                                                                     *
   *   Spin and parity determination of single-produced resonances at hadron colliders   *
   *                                                                                     *
   *          I. Anderson, S. Bolognesi, F. Caola, Y. Gao, A. Gritsan, Z. Guo,           *
   *        C. Martin, K. Melnikov, R.Rontsch, H. Roskes, U. Sarica, M. Schulze,         *
   *                   N. Tran, A. Whitbeck, M. Xiao, C. You, Y. Zhou                    *
   *                Phys.Rev. D81 (2010) 075022;  arXiv:1001.3396 [hep-ph],              *
   *                Phys.Rev. D86 (2012) 095031;  arXiv:1208.4018 [hep-ph],              *
   *                Phys.Rev. D89 (2014) 035007;  arXiv:1309.4819 [hep-ph].              *
   *                                                                                     *
   ***************************************************************************************
                                                                                          
   
   Command line: ./JHUGen Unweighted=0 VegasNc0=99999999 VegasNc1=99999999 VegasNc2=99999999 LHAPDF=NNPDF30_lo_as_0130/NNPDF30_lo_as_0130.info MReso=535 ghz1=1,0 Process=60 pTjetcut=0 deltaRcut=0
   
   Input Parameter:
    Collider: P-P, sqrt(s)=13000.00
    Resonance: spin=0, mass= 535.00 width=   0.00407
    Z-boson: mass=91.188, width=2.4952
    W-boson: mass=80.399, width=2.0850
    Jet cuts:
            pT >=     0.00 GeV
        DeltaR >=     0.00
           mJJ >=     0.00 GeV
    Random seed:   508102360
    To reproduce results using this seed, JHUGen should be compiled with the same compiler:
      GNU Fortran (GCC) 4.9.3
    
    WidthScheme:   2
    LHAPDF set NNPDF30_lo_as_0130/NNPDF30_lo_as_0130.info, member=  0
    Unweighted: F
    
    spin-0-VV couplings: 
      generate_as=F
      ghg2=  0.10000000E+01  0.00000000E+00i
      ghg3=  0.00000000E+00  0.00000000E+00i
      ghg4=  0.00000000E+00  0.00000000E+00i
      ghz1=  0.10000000E+01  0.00000000E+00i
      ghz2=  0.00000000E+00  0.00000000E+00i
      ghz3=  0.00000000E+00  0.00000000E+00i
      ghz4=  0.00000000E+00  0.00000000E+00i
      Lambda=  1000.0
    
    LHE output: ./data/output.lhe
    Histogram output: ./data/output.dat
    Log file: ./data/output.log
    
  Running

  Input parameters for vegas:  ndim=  9   ncall= 80707214.
                              it=    0    itmx=   15
                              acc=-1.00    
                              mds=  1     nd=  50
                              (xl,xu)= (  0.00000     ,  1.00000     )
                                       (  0.00000     ,  1.00000     )
                                       (  0.00000     ,  1.00000     )
                                       (  0.00000     ,  1.00000     )
                                       (  0.00000     ,  1.00000     )
                                       (  0.00000     ,  1.00000     )
                                       (  0.00000     ,  1.00000     )
                                       (  0.00000     ,  1.00000     )
                                       (  0.00000     ,  1.00000     )

#********** Integration by Vegas (iteration       1) ************
#                                                               *
#  integral  =  45.785290       accum. integral =  45.785290    *
#  std. dev. =  1.3197270       accum. std. dev =  1.3197270    *
#   min/max. wt. =    0.00000             1.27014               *
#                                                               *
#*************   chi**2/iteration =  0.000       ****************


#********** Integration by Vegas (iteration       2) ************
#                                                               *
#  integral  =  60.364103       accum. integral =  50.327964    *
#  std. dev. =  2.5862138       accum. std. dev =  1.2812261    *
#   min/max. wt. =    0.00000             1.46725               *
#                                                               *
#*************   chi**2/iteration =  27.75       ****************


#********** Integration by Vegas (iteration       3) ************
#                                                               *
#  integral  =  85.570311       accum. integral =  54.900482    *
#  std. dev. =  5.3000679       accum. std. dev =  1.4721580    *
#   min/max. wt. =    0.00000             3.29358               *
#                                                               *
#*************   chi**2/iteration =  41.49       ****************


#********** Integration by Vegas (iteration       4) ************
#                                                               *
#  integral  =  84.587261       accum. integral =  81.029691    *
#  std. dev. = 0.69634141       accum. std. dev = 0.54907479    *
#   min/max. wt. =    0.00000            0.309746               *
#                                                               *
#*************   chi**2/iteration =  126.6       ****************


#********** Integration by Vegas (iteration       5) ************
#                                                               *
#  integral  =  85.567788       accum. integral =  85.346750    *
#  std. dev. = 0.14953669       accum. std. dev = 0.12649857    *
#   min/max. wt. =    0.00000            0.535692E-01           *
#                                                               *
#*************   chi**2/iteration =  102.0       ****************


#********** Integration by Vegas (iteration       6) ************
#                                                               *
#  integral  =  85.547242       accum. integral =  85.513422    *
#  std. dev. = 0.65683625E-01   accum. std. dev = 0.53358880E-01*
#   min/max. wt. =    0.00000            0.507452E-02           *
#                                                               *
#*************   chi**2/iteration =  77.78       ****************


#********** Integration by Vegas (iteration       7) ************
#                                                               *
#  integral  =  85.646364       accum. integral =  85.590274    *
#  std. dev. = 0.51222337E-01   accum. std. dev = 0.35303423E-01*
#   min/max. wt. =    0.00000            0.426090E-02           *
#                                                               *
#*************   chi**2/iteration =  63.05       ****************


#********** Integration by Vegas (iteration       8) ************
#                                                               *
#  integral  =  85.609885       accum. integral =  85.598294    *
#  std. dev. = 0.46798430E-01   accum. std. dev = 0.27504621E-01*
#   min/max. wt. =    0.00000            0.169632E-02           *
#                                                               *
#*************   chi**2/iteration =  52.64       ****************


#********** Integration by Vegas (iteration       9) ************
#                                                               *
#  integral  =  85.524937       accum. integral =  85.576252    *
#  std. dev. = 0.45619199E-01   accum. std. dev = 0.23235251E-01*
#   min/max. wt. =    0.00000            0.410637E-02           *
#                                                               *
#*************   chi**2/iteration =  45.41       ****************


#********** Integration by Vegas (iteration      10) ************
#                                                               *
#  integral  =  85.549174       accum. integral =  85.569871    *
#  std. dev. = 0.45046412E-01   accum. std. dev = 0.20474412E-01*
#   min/max. wt. =    0.00000            0.237939E-02           *
#                                                               *
#*************   chi**2/iteration =  39.77       ****************


#********** Integration by Vegas (iteration      11) ************
#                                                               *
#  integral  =  85.606335       accum. integral =  85.576986    *
#  std. dev. = 0.44442385E-01   accum. std. dev = 0.18486913E-01*
#   min/max. wt. =    0.00000            0.201076E-02           *
#                                                               *
#*************   chi**2/iteration =  35.40       ****************


#********** Integration by Vegas (iteration      12) ************
#                                                               *
#  integral  =  85.631547       accum. integral =  85.585878    *
#  std. dev. = 0.44505613E-01   accum. std. dev = 0.17003828E-01*
#   min/max. wt. =    0.00000            0.272863E-02           *
#                                                               *
#*************   chi**2/iteration =  31.97       ****************


#********** Integration by Vegas (iteration      13) ************
#                                                               *
#  integral  =  85.587279       accum. integral =  85.586071    *
#  std. dev. = 0.44943939E-01   accum. std. dev = 0.15859982E-01*
#   min/max. wt. =    0.00000            0.281432E-02           *
#                                                               *
#*************   chi**2/iteration =  29.05       ****************


#********** Integration by Vegas (iteration      14) ************
#                                                               *
#  integral  =  85.630563       accum. integral =  85.591382    *
#  std. dev. = 0.45315251E-01   accum. std. dev = 0.14939852E-01*
#   min/max. wt. =    0.00000            0.205789E-02           *
#                                                               *
#*************   chi**2/iteration =  26.68       ****************


#********** Integration by Vegas (iteration      15) ************
#                                                               *
#  integral  =  85.538154       accum. integral =  85.585877    *
#  std. dev. = 0.46049306E-01   accum. std. dev = 0.14191386E-01*
#   min/max. wt. =    0.00000            0.335436E-02           *
#                                                               *
#*************   chi**2/iteration =  24.71       ****************


  Input parameters for vegas:  ndim=  9   ncall= 80707214.
                              it=    0    itmx=    2
                              acc=-1.00    
                              mds=  1     nd=  50
                              (xl,xu)= (  0.00000     ,  1.00000     )
                                       (  0.00000     ,  1.00000     )
                                       (  0.00000     ,  1.00000     )
                                       (  0.00000     ,  1.00000     )
                                       (  0.00000     ,  1.00000     )
                                       (  0.00000     ,  1.00000     )
                                       (  0.00000     ,  1.00000     )
                                       (  0.00000     ,  1.00000     )
                                       (  0.00000     ,  1.00000     )

#********** Integration by Vegas (iteration       1) ************
#                                                               *
#  integral  =  85.659471       accum. integral =  85.659471    *
#  std. dev. = 0.46052748E-01   accum. std. dev = 0.46052748E-01*
#   min/max. wt. =    0.00000            0.175866E-02           *
#                                                               *
#*************   chi**2/iteration =  0.000       ****************


#********** Integration by Vegas (iteration       2) ************
#                                                               *
#  integral  =  85.617545       accum. integral =  85.638778    *
#  std. dev. = 0.46627672E-01   accum. std. dev = 0.32765486E-01*
#   min/max. wt. =    0.00000            0.214520E-02           *
#                                                               *
#*************   chi**2/iteration = 0.4089       ****************

 Done
