SLURM job running in:  /scratch/groups/lhc/park/JHUGen/JHUGenerator
LHAPDF 6.1.5 loading /work-zfs/lhc/cms/slc6_amd64_gcc493/external/lhapdf/6.1.5-kpegke3/share/LHAPDF/NNPDF30_lo_as_0130/NNPDF30_lo_as_0130_0000.dat
NNPDF30_lo_as_0130 PDF set, member #0, version 2; LHAPDF ID = 263000
 extending no. of histograms for vbf tests
 
                                                                                          
   ***************************************************************************************
   *                                JHU Generator v6.9.3                                 *
   ***************************************************************************************
   *                                                                                     *
   *   Spin and parity determination of single-produced resonances at hadron colliders   *
   *                                                                                     *
   *          I. Anderson, S. Bolognesi, F. Caola, Y. Gao, A. Gritsan, Z. Guo,           *
   *        C. Martin, K. Melnikov, R.Rontsch, H. Roskes, U. Sarica, M. Schulze,         *
   *                   N. Tran, A. Whitbeck, M. Xiao, C. You, Y. Zhou                    *
   *                Phys.Rev. D81 (2010) 075022;  arXiv:1001.3396 [hep-ph],              *
   *                Phys.Rev. D86 (2012) 095031;  arXiv:1208.4018 [hep-ph],              *
   *                Phys.Rev. D89 (2014) 035007;  arXiv:1309.4819 [hep-ph].              *
   *                                                                                     *
   ***************************************************************************************
                                                                                          
   
   Command line: ./JHUGen Unweighted=0 VegasNc0=99999999 VegasNc1=99999999 VegasNc2=99999999 LHAPDF=NNPDF30_lo_as_0130/NNPDF30_lo_as_0130.info MReso=545 ghz1=1,0 Process=60 pTjetcut=0 deltaRcut=0
   
   Input Parameter:
    Collider: P-P, sqrt(s)=13000.00
    Resonance: spin=0, mass= 545.00 width=   0.00407
    Z-boson: mass=91.188, width=2.4952
    W-boson: mass=80.399, width=2.0850
    Jet cuts:
            pT >=     0.00 GeV
        DeltaR >=     0.00
           mJJ >=     0.00 GeV
    Random seed:   116853476
    To reproduce results using this seed, JHUGen should be compiled with the same compiler:
      GNU Fortran (GCC) 4.9.3
    
    WidthScheme:   2
    LHAPDF set NNPDF30_lo_as_0130/NNPDF30_lo_as_0130.info, member=  0
    Unweighted: F
    
    spin-0-VV couplings: 
      generate_as=F
      ghg2=  0.10000000E+01  0.00000000E+00i
      ghg3=  0.00000000E+00  0.00000000E+00i
      ghg4=  0.00000000E+00  0.00000000E+00i
      ghz1=  0.10000000E+01  0.00000000E+00i
      ghz2=  0.00000000E+00  0.00000000E+00i
      ghz3=  0.00000000E+00  0.00000000E+00i
      ghz4=  0.00000000E+00  0.00000000E+00i
      Lambda=  1000.0
    
    LHE output: ./data/output.lhe
    Histogram output: ./data/output.dat
    Log file: ./data/output.log
    
  Running

  Input parameters for vegas:  ndim=  9   ncall= 80707214.
                              it=    0    itmx=   15
                              acc=-1.00    
                              mds=  1     nd=  50
                              (xl,xu)= (  0.00000     ,  1.00000     )
                                       (  0.00000     ,  1.00000     )
                                       (  0.00000     ,  1.00000     )
                                       (  0.00000     ,  1.00000     )
                                       (  0.00000     ,  1.00000     )
                                       (  0.00000     ,  1.00000     )
                                       (  0.00000     ,  1.00000     )
                                       (  0.00000     ,  1.00000     )
                                       (  0.00000     ,  1.00000     )

#********** Integration by Vegas (iteration       1) ************
#                                                               *
#  integral  =  46.486919       accum. integral =  46.486919    *
#  std. dev. =  4.1627447       accum. std. dev =  4.1627447    *
#   min/max. wt. =    0.00000             4.15250               *
#                                                               *
#*************   chi**2/iteration =  0.000       ****************


#********** Integration by Vegas (iteration       2) ************
#                                                               *
#  integral  =  57.270974       accum. integral =  52.906153    *
#  std. dev. =  4.2288780       accum. std. dev =  2.9714296    *
#   min/max. wt. =    0.00000             3.61919               *
#                                                               *
#*************   chi**2/iteration =  3.170       ****************


#********** Integration by Vegas (iteration       3) ************
#                                                               *
#  integral  =  73.196688       accum. integral =  66.247307    *
#  std. dev. =  3.0096012       accum. std. dev =  2.0002932    *
#   min/max. wt. =    0.00000             2.22106               *
#                                                               *
#*************   chi**2/iteration =  12.78       ****************


#********** Integration by Vegas (iteration       4) ************
#                                                               *
#  integral  =  81.627776       accum. integral =  77.965331    *
#  std. dev. =  1.5214715       accum. std. dev =  1.0749378    *
#   min/max. wt. =    0.00000             1.25895               *
#                                                               *
#*************   chi**2/iteration =  19.40       ****************


#********** Integration by Vegas (iteration       5) ************
#                                                               *
#  integral  =  81.694262       accum. integral =  81.589081    *
#  std. dev. = 0.22643760       accum. std. dev = 0.18984091    *
#   min/max. wt. =    0.00000            0.490328E-01           *
#                                                               *
#*************   chi**2/iteration =  15.80       ****************


#********** Integration by Vegas (iteration       6) ************
#                                                               *
#  integral  =  82.008835       accum. integral =  81.973944    *
#  std. dev. = 0.67469390E-01   accum. std. dev = 0.56497996E-01*
#   min/max. wt. =    0.00000            0.962503E-02           *
#                                                               *
#*************   chi**2/iteration =  12.71       ****************


#********** Integration by Vegas (iteration       7) ************
#                                                               *
#  integral  =  81.874305       accum. integral =  81.911015    *
#  std. dev. = 0.49263047E-01   accum. std. dev = 0.35028635E-01*
#   min/max. wt. =    0.00000            0.250276E-02           *
#                                                               *
#*************   chi**2/iteration =  10.46       ****************


#********** Integration by Vegas (iteration       8) ************
#                                                               *
#  integral  =  81.967685       accum. integral =  81.935513    *
#  std. dev. = 0.44917276E-01   accum. std. dev = 0.26805659E-01*
#   min/max. wt. =    0.00000            0.464876E-02           *
#                                                               *
#*************   chi**2/iteration =  8.852       ****************


#********** Integration by Vegas (iteration       9) ************
#                                                               *
#  integral  =  82.005129       accum. integral =  81.957341    *
#  std. dev. = 0.43716488E-01   accum. std. dev = 0.22472688E-01*
#   min/max. wt. =    0.00000            0.270411E-02           *
#                                                               *
#*************   chi**2/iteration =  7.823       ****************


#********** Integration by Vegas (iteration      10) ************
#                                                               *
#  integral  =  81.953070       accum. integral =  81.956296    *
#  std. dev. = 0.42974918E-01   accum. std. dev = 0.19709885E-01*
#   min/max. wt. =    0.00000            0.165463E-02           *
#                                                               *
#*************   chi**2/iteration =  6.829       ****************


#********** Integration by Vegas (iteration      11) ************
#                                                               *
#  integral  =  81.911094       accum. integral =  81.947473    *
#  std. dev. = 0.43149916E-01   accum. std. dev = 0.17812080E-01*
#   min/max. wt. =    0.00000            0.349870E-02           *
#                                                               *
#*************   chi**2/iteration =  6.158       ****************


#********** Integration by Vegas (iteration      12) ************
#                                                               *
#  integral  =  81.978308       accum. integral =  81.952490    *
#  std. dev. = 0.43282897E-01   accum. std. dev = 0.16398614E-01*
#   min/max. wt. =    0.00000            0.240861E-02           *
#                                                               *
#*************   chi**2/iteration =  5.574       ****************


#********** Integration by Vegas (iteration      13) ************
#                                                               *
#  integral  =  81.895031       accum. integral =  81.944222    *
#  std. dev. = 0.42540796E-01   accum. std. dev = 0.15249330E-01*
#   min/max. wt. =    0.00000            0.183095E-02           *
#                                                               *
#*************   chi**2/iteration =  5.204       ****************


#********** Integration by Vegas (iteration      14) ************
#                                                               *
#  integral  =  81.866062       accum. integral =  81.934813    *
#  std. dev. = 0.43605889E-01   accum. std. dev = 0.14362741E-01*
#   min/max. wt. =    0.00000            0.352583E-02           *
#                                                               *
#*************   chi**2/iteration =  5.004       ****************


#********** Integration by Vegas (iteration      15) ************
#                                                               *
#  integral  =  81.914095       accum. integral =  81.932563    *
#  std. dev. = 0.43361131E-01   accum. std. dev = 0.13610153E-01*
#   min/max. wt. =    0.00000            0.251766E-02           *
#                                                               *
#*************   chi**2/iteration =  4.629       ****************


  Input parameters for vegas:  ndim=  9   ncall= 80707214.
                              it=    0    itmx=    2
                              acc=-1.00    
                              mds=  1     nd=  50
                              (xl,xu)= (  0.00000     ,  1.00000     )
                                       (  0.00000     ,  1.00000     )
                                       (  0.00000     ,  1.00000     )
                                       (  0.00000     ,  1.00000     )
                                       (  0.00000     ,  1.00000     )
                                       (  0.00000     ,  1.00000     )
                                       (  0.00000     ,  1.00000     )
                                       (  0.00000     ,  1.00000     )
                                       (  0.00000     ,  1.00000     )

#********** Integration by Vegas (iteration       1) ************
#                                                               *
#  integral  =  82.050780       accum. integral =  82.050780    *
#  std. dev. = 0.44777631E-01   accum. std. dev = 0.44777631E-01*
#   min/max. wt. =    0.00000            0.784844E-02           *
#                                                               *
#*************   chi**2/iteration =  0.000       ****************


#********** Integration by Vegas (iteration       2) ************
#                                                               *
#  integral  =  81.881793       accum. integral =  81.964893    *
#  std. dev. = 0.43954268E-01   accum. std. dev = 0.31368012E-01*
#   min/max. wt. =    0.00000            0.279251E-02           *
#                                                               *
#*************   chi**2/iteration =  7.246       ****************

 Done
