SLURM job running in:  /scratch/groups/lhc/park/JHUGen/JHUGenerator
LHAPDF 6.1.5 loading /work-zfs/lhc/cms/slc6_amd64_gcc493/external/lhapdf/6.1.5-kpegke3/share/LHAPDF/NNPDF30_lo_as_0130/NNPDF30_lo_as_0130_0000.dat
NNPDF30_lo_as_0130 PDF set, member #0, version 2; LHAPDF ID = 263000
 extending no. of histograms for vbf tests
 
                                                                                          
   ***************************************************************************************
   *                                JHU Generator v6.9.3                                 *
   ***************************************************************************************
   *                                                                                     *
   *   Spin and parity determination of single-produced resonances at hadron colliders   *
   *                                                                                     *
   *          I. Anderson, S. Bolognesi, F. Caola, Y. Gao, A. Gritsan, Z. Guo,           *
   *        C. Martin, K. Melnikov, R.Rontsch, H. Roskes, U. Sarica, M. Schulze,         *
   *                   N. Tran, A. Whitbeck, M. Xiao, C. You, Y. Zhou                    *
   *                Phys.Rev. D81 (2010) 075022;  arXiv:1001.3396 [hep-ph],              *
   *                Phys.Rev. D86 (2012) 095031;  arXiv:1208.4018 [hep-ph],              *
   *                Phys.Rev. D89 (2014) 035007;  arXiv:1309.4819 [hep-ph].              *
   *                                                                                     *
   ***************************************************************************************
                                                                                          
   
   Command line: ./JHUGen Unweighted=0 VegasNc0=99999999 VegasNc1=99999999 VegasNc2=99999999 LHAPDF=NNPDF30_lo_as_0130/NNPDF30_lo_as_0130.info MReso=570 ghz1=1,0 Process=60 pTjetcut=0 deltaRcut=0
   
   Input Parameter:
    Collider: P-P, sqrt(s)=13000.00
    Resonance: spin=0, mass= 570.00 width=   0.00407
    Z-boson: mass=91.188, width=2.4952
    W-boson: mass=80.399, width=2.0850
    Jet cuts:
            pT >=     0.00 GeV
        DeltaR >=     0.00
           mJJ >=     0.00 GeV
    Random seed:   604076895
    To reproduce results using this seed, JHUGen should be compiled with the same compiler:
      GNU Fortran (GCC) 4.9.3
    
    WidthScheme:   2
    LHAPDF set NNPDF30_lo_as_0130/NNPDF30_lo_as_0130.info, member=  0
    Unweighted: F
    
    spin-0-VV couplings: 
      generate_as=F
      ghg2=  0.10000000E+01  0.00000000E+00i
      ghg3=  0.00000000E+00  0.00000000E+00i
      ghg4=  0.00000000E+00  0.00000000E+00i
      ghz1=  0.10000000E+01  0.00000000E+00i
      ghz2=  0.00000000E+00  0.00000000E+00i
      ghz3=  0.00000000E+00  0.00000000E+00i
      ghz4=  0.00000000E+00  0.00000000E+00i
      Lambda=  1000.0
    
    LHE output: ./data/output.lhe
    Histogram output: ./data/output.dat
    Log file: ./data/output.log
    
  Running

  Input parameters for vegas:  ndim=  9   ncall= 80707214.
                              it=    0    itmx=   15
                              acc=-1.00    
                              mds=  1     nd=  50
                              (xl,xu)= (  0.00000     ,  1.00000     )
                                       (  0.00000     ,  1.00000     )
                                       (  0.00000     ,  1.00000     )
                                       (  0.00000     ,  1.00000     )
                                       (  0.00000     ,  1.00000     )
                                       (  0.00000     ,  1.00000     )
                                       (  0.00000     ,  1.00000     )
                                       (  0.00000     ,  1.00000     )
                                       (  0.00000     ,  1.00000     )

#********** Integration by Vegas (iteration       1) ************
#                                                               *
#  integral  =  39.885101       accum. integral =  39.885101    *
#  std. dev. =  1.2554441       accum. std. dev =  1.2554441    *
#   min/max. wt. =    0.00000            0.976338               *
#                                                               *
#*************   chi**2/iteration =  0.000       ****************


#********** Integration by Vegas (iteration       2) ************
#                                                               *
#  integral  =  48.526952       accum. integral =  43.924845    *
#  std. dev. =  1.6303137       accum. std. dev =  1.0202532    *
#   min/max. wt. =    0.00000            0.899023               *
#                                                               *
#*************   chi**2/iteration =  17.84       ****************


#********** Integration by Vegas (iteration       3) ************
#                                                               *
#  integral  =  65.295020       accum. integral =  49.058639    *
#  std. dev. =  2.6672708       accum. std. dev =  1.0473458    *
#   min/max. wt. =    0.00000             1.70621               *
#                                                               *
#*************   chi**2/iteration =  44.41       ****************


#********** Integration by Vegas (iteration       4) ************
#                                                               *
#  integral  =  73.179535       accum. integral =  60.638299    *
#  std. dev. =  1.5248045       accum. std. dev = 0.84070867    *
#   min/max. wt. =    0.00000             1.29735               *
#                                                               *
#*************   chi**2/iteration =  92.36       ****************


#********** Integration by Vegas (iteration       5) ************
#                                                               *
#  integral  =  73.571433       accum. integral =  72.904531    *
#  std. dev. = 0.24766262       accum. std. dev = 0.20196921    *
#   min/max. wt. =    0.00000            0.773197E-01           *
#                                                               *
#*************   chi**2/iteration =  112.0       ****************


#********** Integration by Vegas (iteration       6) ************
#                                                               *
#  integral  =  73.591661       accum. integral =  73.538286    *
#  std. dev. = 0.70015093E-01   accum. std. dev = 0.58258599E-01*
#   min/max. wt. =    0.00000            0.108795E-01           *
#                                                               *
#*************   chi**2/iteration =  85.66       ****************


#********** Integration by Vegas (iteration       7) ************
#                                                               *
#  integral  =  73.583713       accum. integral =  73.569116    *
#  std. dev. = 0.46263451E-01   accum. std. dev = 0.33798467E-01*
#   min/max. wt. =    0.00000            0.356900E-02           *
#                                                               *
#*************   chi**2/iteration =  68.22       ****************


#********** Integration by Vegas (iteration       8) ************
#                                                               *
#  integral  =  73.594218       accum. integral =  73.580821    *
#  std. dev. = 0.40778583E-01   accum. std. dev = 0.25107219E-01*
#   min/max. wt. =    0.00000            0.166195E-02           *
#                                                               *
#*************   chi**2/iteration =  56.59       ****************


#********** Integration by Vegas (iteration       9) ************
#                                                               *
#  integral  =  73.512162       accum. integral =  73.557949    *
#  std. dev. = 0.39354536E-01   accum. std. dev = 0.20760373E-01*
#   min/max. wt. =    0.00000            0.310143E-02           *
#                                                               *
#*************   chi**2/iteration =  48.60       ****************


#********** Integration by Vegas (iteration      10) ************
#                                                               *
#  integral  =  73.531111       accum. integral =  73.551011    *
#  std. dev. = 0.38480399E-01   accum. std. dev = 0.18052695E-01*
#   min/max. wt. =    0.00000            0.259434E-02           *
#                                                               *
#*************   chi**2/iteration =  42.41       ****************


#********** Integration by Vegas (iteration      11) ************
#                                                               *
#  integral  =  73.550087       accum. integral =  73.550824    *
#  std. dev. = 0.38803181E-01   accum. std. dev = 0.16246595E-01*
#   min/max. wt. =    0.00000            0.213189E-02           *
#                                                               *
#*************   chi**2/iteration =  37.57       ****************


#********** Integration by Vegas (iteration      12) ************
#                                                               *
#  integral  =  73.551071       accum. integral =  73.550866    *
#  std. dev. = 0.38432016E-01   accum. std. dev = 0.14885991E-01*
#   min/max. wt. =    0.00000            0.156361E-02           *
#                                                               *
#*************   chi**2/iteration =  33.72       ****************


#********** Integration by Vegas (iteration      13) ************
#                                                               *
#  integral  =  73.475775       accum. integral =  73.540123    *
#  std. dev. = 0.38890051E-01   accum. std. dev = 0.13853804E-01*
#   min/max. wt. =    0.00000            0.224719E-02           *
#                                                               *
#*************   chi**2/iteration =  30.88       ****************


#********** Integration by Vegas (iteration      14) ************
#                                                               *
#  integral  =  73.537818       accum. integral =  73.539842    *
#  std. dev. = 0.39534859E-01   accum. std. dev = 0.13042659E-01*
#   min/max. wt. =    0.00000            0.571370E-02           *
#                                                               *
#*************   chi**2/iteration =  28.24       ****************


#********** Integration by Vegas (iteration      15) ************
#                                                               *
#  integral  =  73.538009       accum. integral =  73.539634    *
#  std. dev. = 0.38521674E-01   accum. std. dev = 0.12327478E-01*
#   min/max. wt. =    0.00000            0.139336E-02           *
#                                                               *
#*************   chi**2/iteration =  26.02       ****************


  Input parameters for vegas:  ndim=  9   ncall= 80707214.
                              it=    0    itmx=    2
                              acc=-1.00    
                              mds=  1     nd=  50
                              (xl,xu)= (  0.00000     ,  1.00000     )
                                       (  0.00000     ,  1.00000     )
                                       (  0.00000     ,  1.00000     )
                                       (  0.00000     ,  1.00000     )
                                       (  0.00000     ,  1.00000     )
                                       (  0.00000     ,  1.00000     )
                                       (  0.00000     ,  1.00000     )
                                       (  0.00000     ,  1.00000     )
                                       (  0.00000     ,  1.00000     )

#********** Integration by Vegas (iteration       1) ************
#                                                               *
#  integral  =  73.527785       accum. integral =  73.527785    *
#  std. dev. = 0.38680596E-01   accum. std. dev = 0.38680596E-01*
#   min/max. wt. =    0.00000            0.157905E-02           *
#                                                               *
#*************   chi**2/iteration = 0.6079E-06   ****************


#********** Integration by Vegas (iteration       2) ************
#                                                               *
#  integral  =  73.482100       accum. integral =  73.505262    *
#  std. dev. = 0.39201020E-01   accum. std. dev = 0.27533351E-01*
#   min/max. wt. =    0.00000            0.191393E-02           *
#                                                               *
#*************   chi**2/iteration = 0.6875       ****************

 Done
