SLURM job running in:  /scratch/groups/lhc/park/JHUGen/JHUGenerator
LHAPDF 6.1.5 loading /work-zfs/lhc/cms/slc6_amd64_gcc493/external/lhapdf/6.1.5-kpegke3/share/LHAPDF/NNPDF30_lo_as_0130/NNPDF30_lo_as_0130_0000.dat
NNPDF30_lo_as_0130 PDF set, member #0, version 2; LHAPDF ID = 263000
 extending no. of histograms for vbf tests
 
                                                                                          
   ***************************************************************************************
   *                                JHU Generator v6.9.3                                 *
   ***************************************************************************************
   *                                                                                     *
   *   Spin and parity determination of single-produced resonances at hadron colliders   *
   *                                                                                     *
   *          I. Anderson, S. Bolognesi, F. Caola, Y. Gao, A. Gritsan, Z. Guo,           *
   *        C. Martin, K. Melnikov, R.Rontsch, H. Roskes, U. Sarica, M. Schulze,         *
   *                   N. Tran, A. Whitbeck, M. Xiao, C. You, Y. Zhou                    *
   *                Phys.Rev. D81 (2010) 075022;  arXiv:1001.3396 [hep-ph],              *
   *                Phys.Rev. D86 (2012) 095031;  arXiv:1208.4018 [hep-ph],              *
   *                Phys.Rev. D89 (2014) 035007;  arXiv:1309.4819 [hep-ph].              *
   *                                                                                     *
   ***************************************************************************************
                                                                                          
   
   Command line: ./JHUGen Unweighted=0 VegasNc0=99999999 VegasNc1=99999999 VegasNc2=99999999 LHAPDF=NNPDF30_lo_as_0130/NNPDF30_lo_as_0130.info MReso=580 ghz1=1,0 Process=60 pTjetcut=0 deltaRcut=0
   
   Input Parameter:
    Collider: P-P, sqrt(s)=13000.00
    Resonance: spin=0, mass= 580.00 width=   0.00407
    Z-boson: mass=91.188, width=2.4952
    W-boson: mass=80.399, width=2.0850
    Jet cuts:
            pT >=     0.00 GeV
        DeltaR >=     0.00
           mJJ >=     0.00 GeV
    Random seed:   541164746
    To reproduce results using this seed, JHUGen should be compiled with the same compiler:
      GNU Fortran (GCC) 4.9.3
    
    WidthScheme:   2
    LHAPDF set NNPDF30_lo_as_0130/NNPDF30_lo_as_0130.info, member=  0
    Unweighted: F
    
    spin-0-VV couplings: 
      generate_as=F
      ghg2=  0.10000000E+01  0.00000000E+00i
      ghg3=  0.00000000E+00  0.00000000E+00i
      ghg4=  0.00000000E+00  0.00000000E+00i
      ghz1=  0.10000000E+01  0.00000000E+00i
      ghz2=  0.00000000E+00  0.00000000E+00i
      ghz3=  0.00000000E+00  0.00000000E+00i
      ghz4=  0.00000000E+00  0.00000000E+00i
      Lambda=  1000.0
    
    LHE output: ./data/output.lhe
    Histogram output: ./data/output.dat
    Log file: ./data/output.log
    
  Running

  Input parameters for vegas:  ndim=  9   ncall= 80707214.
                              it=    0    itmx=   15
                              acc=-1.00    
                              mds=  1     nd=  50
                              (xl,xu)= (  0.00000     ,  1.00000     )
                                       (  0.00000     ,  1.00000     )
                                       (  0.00000     ,  1.00000     )
                                       (  0.00000     ,  1.00000     )
                                       (  0.00000     ,  1.00000     )
                                       (  0.00000     ,  1.00000     )
                                       (  0.00000     ,  1.00000     )
                                       (  0.00000     ,  1.00000     )
                                       (  0.00000     ,  1.00000     )

#********** Integration by Vegas (iteration       1) ************
#                                                               *
#  integral  =  37.317355       accum. integral =  37.317355    *
#  std. dev. = 0.70344312       accum. std. dev = 0.70344312    *
#   min/max. wt. =    0.00000            0.612275               *
#                                                               *
#*************   chi**2/iteration =  0.000       ****************


#********** Integration by Vegas (iteration       2) ************
#                                                               *
#  integral  =  76.535877       accum. integral =  37.619711    *
#  std. dev. =  16.367746       accum. std. dev =  1.1305800    *
#   min/max. wt. =    0.00000             14.2305               *
#                                                               *
#*************   chi**2/iteration =  9.196       ****************


#********** Integration by Vegas (iteration       3) ************
#                                                               *
#  integral  =  64.161017       accum. integral =  42.546897    *
#  std. dev. =  2.5233536       accum. std. dev =  1.0430539    *
#   min/max. wt. =    0.00000             1.59970               *
#                                                               *
#*************   chi**2/iteration =  53.32       ****************


#********** Integration by Vegas (iteration       4) ************
#                                                               *
#  integral  =  69.835994       accum. integral =  61.093125    *
#  std. dev. = 0.81250061       accum. std. dev = 0.61121563    *
#   min/max. wt. =    0.00000            0.410968               *
#                                                               *
#*************   chi**2/iteration =  177.8       ****************


#********** Integration by Vegas (iteration       5) ************
#                                                               *
#  integral  =  70.338041       accum. integral =  69.833780    *
#  std. dev. = 0.16204056       accum. std. dev = 0.14583087    *
#   min/max. wt. =    0.00000            0.658369E-01           *
#                                                               *
#*************   chi**2/iteration =  179.6       ****************


#********** Integration by Vegas (iteration       6) ************
#                                                               *
#  integral  =  70.469690       accum. integral =  70.387570    *
#  std. dev. = 0.60786662E-01   accum. std. dev = 0.53149929E-01*
#   min/max. wt. =    0.00000            0.350943E-02           *
#                                                               *
#*************   chi**2/iteration =  142.9       ****************


#********** Integration by Vegas (iteration       7) ************
#                                                               *
#  integral  =  70.471620       accum. integral =  70.441740    *
#  std. dev. = 0.42130667E-01   accum. std. dev = 0.32003232E-01*
#   min/max. wt. =    0.00000            0.290046E-02           *
#                                                               *
#*************   chi**2/iteration =  117.0       ****************


#********** Integration by Vegas (iteration       8) ************
#                                                               *
#  integral  =  70.545682       accum. integral =  70.487545    *
#  std. dev. = 0.38144896E-01   accum. std. dev = 0.24112292E-01*
#   min/max. wt. =    0.00000            0.155107E-02           *
#                                                               *
#*************   chi**2/iteration =  99.49       ****************


#********** Integration by Vegas (iteration       9) ************
#                                                               *
#  integral  =  70.495052       accum. integral =  70.489955    *
#  std. dev. = 0.36804028E-01   accum. std. dev = 0.19980752E-01*
#   min/max. wt. =    0.00000            0.194100E-02           *
#                                                               *
#*************   chi**2/iteration =  86.09       ****************


#********** Integration by Vegas (iteration      10) ************
#                                                               *
#  integral  =  70.471494       accum. integral =  70.485473    *
#  std. dev. = 0.36811987E-01   accum. std. dev = 0.17463517E-01*
#   min/max. wt. =    0.00000            0.190249E-02           *
#                                                               *
#*************   chi**2/iteration =  75.88       ****************


#********** Integration by Vegas (iteration      11) ************
#                                                               *
#  integral  =  70.394352       accum. integral =  70.467445    *
#  std. dev. = 0.36482780E-01   accum. std. dev = 0.15695106E-01*
#   min/max. wt. =    0.00000            0.211498E-02           *
#                                                               *
#*************   chi**2/iteration =  68.36       ****************


#********** Integration by Vegas (iteration      12) ************
#                                                               *
#  integral  =  70.456187       accum. integral =  70.465605    *
#  std. dev. = 0.36748222E-01   accum. std. dev = 0.14397836E-01*
#   min/max. wt. =    0.00000            0.201905E-02           *
#                                                               *
#*************   chi**2/iteration =  61.79       ****************


#********** Integration by Vegas (iteration      13) ************
#                                                               *
#  integral  =  70.468162       accum. integral =  70.465963    *
#  std. dev. = 0.36810799E-01   accum. std. dev = 0.13384580E-01*
#   min/max. wt. =    0.00000            0.253391E-02           *
#                                                               *
#*************   chi**2/iteration =  56.36       ****************


#********** Integration by Vegas (iteration      14) ************
#                                                               *
#  integral  =  70.463203       accum. integral =  70.465626    *
#  std. dev. = 0.36904146E-01   accum. std. dev = 0.12565909E-01*
#   min/max. wt. =    0.00000            0.122928E-02           *
#                                                               *
#*************   chi**2/iteration =  51.80       ****************


#********** Integration by Vegas (iteration      15) ************
#                                                               *
#  integral  =  70.492625       accum. integral =  70.468490    *
#  std. dev. = 0.37480177E-01   accum. std. dev = 0.11902746E-01*
#   min/max. wt. =    0.00000            0.160455E-02           *
#                                                               *
#*************   chi**2/iteration =  47.96       ****************


  Input parameters for vegas:  ndim=  9   ncall= 80707214.
                              it=    0    itmx=    2
                              acc=-1.00    
                              mds=  1     nd=  50
                              (xl,xu)= (  0.00000     ,  1.00000     )
                                       (  0.00000     ,  1.00000     )
                                       (  0.00000     ,  1.00000     )
                                       (  0.00000     ,  1.00000     )
                                       (  0.00000     ,  1.00000     )
                                       (  0.00000     ,  1.00000     )
                                       (  0.00000     ,  1.00000     )
                                       (  0.00000     ,  1.00000     )
                                       (  0.00000     ,  1.00000     )

#********** Integration by Vegas (iteration       1) ************
#                                                               *
#  integral  =  70.418388       accum. integral =  70.418388    *
#  std. dev. = 0.38675292E-01   accum. std. dev = 0.38675292E-01*
#   min/max. wt. =    0.00000            0.556856E-02           *
#                                                               *
#*************   chi**2/iteration =  0.000       ****************


#********** Integration by Vegas (iteration       2) ************
#                                                               *
#  integral  =  70.492477       accum. integral =  70.455998    *
#  std. dev. = 0.38129499E-01   accum. std. dev = 0.27152335E-01*
#   min/max. wt. =    0.00000            0.333234E-02           *
#                                                               *
#*************   chi**2/iteration =  1.859       ****************

 Done
