SLURM job running in:  /scratch/groups/lhc/park/JHUGen/JHUGenerator
LHAPDF 6.1.5 loading /work-zfs/lhc/cms/slc6_amd64_gcc493/external/lhapdf/6.1.5-kpegke3/share/LHAPDF/NNPDF30_lo_as_0130/NNPDF30_lo_as_0130_0000.dat
NNPDF30_lo_as_0130 PDF set, member #0, version 2; LHAPDF ID = 263000
 extending no. of histograms for vbf tests
 
                                                                                          
   ***************************************************************************************
   *                                JHU Generator v6.9.3                                 *
   ***************************************************************************************
   *                                                                                     *
   *   Spin and parity determination of single-produced resonances at hadron colliders   *
   *                                                                                     *
   *          I. Anderson, S. Bolognesi, F. Caola, Y. Gao, A. Gritsan, Z. Guo,           *
   *        C. Martin, K. Melnikov, R.Rontsch, H. Roskes, U. Sarica, M. Schulze,         *
   *                   N. Tran, A. Whitbeck, M. Xiao, C. You, Y. Zhou                    *
   *                Phys.Rev. D81 (2010) 075022;  arXiv:1001.3396 [hep-ph],              *
   *                Phys.Rev. D86 (2012) 095031;  arXiv:1208.4018 [hep-ph],              *
   *                Phys.Rev. D89 (2014) 035007;  arXiv:1309.4819 [hep-ph].              *
   *                                                                                     *
   ***************************************************************************************
                                                                                          
   
   Command line: ./JHUGen Unweighted=0 VegasNc0=99999999 VegasNc1=99999999 VegasNc2=99999999 LHAPDF=NNPDF30_lo_as_0130/NNPDF30_lo_as_0130.info MReso=585 ghz1=1,0 Process=60 pTjetcut=0 deltaRcut=0
   
   Input Parameter:
    Collider: P-P, sqrt(s)=13000.00
    Resonance: spin=0, mass= 585.00 width=   0.00407
    Z-boson: mass=91.188, width=2.4952
    W-boson: mass=80.399, width=2.0850
    Jet cuts:
            pT >=     0.00 GeV
        DeltaR >=     0.00
           mJJ >=     0.00 GeV
    Random seed:   795186308
    To reproduce results using this seed, JHUGen should be compiled with the same compiler:
      GNU Fortran (GCC) 4.9.3
    
    WidthScheme:   2
    LHAPDF set NNPDF30_lo_as_0130/NNPDF30_lo_as_0130.info, member=  0
    Unweighted: F
    
    spin-0-VV couplings: 
      generate_as=F
      ghg2=  0.10000000E+01  0.00000000E+00i
      ghg3=  0.00000000E+00  0.00000000E+00i
      ghg4=  0.00000000E+00  0.00000000E+00i
      ghz1=  0.10000000E+01  0.00000000E+00i
      ghz2=  0.00000000E+00  0.00000000E+00i
      ghz3=  0.00000000E+00  0.00000000E+00i
      ghz4=  0.00000000E+00  0.00000000E+00i
      Lambda=  1000.0
    
    LHE output: ./data/output.lhe
    Histogram output: ./data/output.dat
    Log file: ./data/output.log
    
  Running

  Input parameters for vegas:  ndim=  9   ncall= 80707214.
                              it=    0    itmx=   15
                              acc=-1.00    
                              mds=  1     nd=  50
                              (xl,xu)= (  0.00000     ,  1.00000     )
                                       (  0.00000     ,  1.00000     )
                                       (  0.00000     ,  1.00000     )
                                       (  0.00000     ,  1.00000     )
                                       (  0.00000     ,  1.00000     )
                                       (  0.00000     ,  1.00000     )
                                       (  0.00000     ,  1.00000     )
                                       (  0.00000     ,  1.00000     )
                                       (  0.00000     ,  1.00000     )

#********** Integration by Vegas (iteration       1) ************
#                                                               *
#  integral  =  37.337655       accum. integral =  37.337655    *
#  std. dev. =  1.2727622       accum. std. dev =  1.2727622    *
#   min/max. wt. =    0.00000             1.21715               *
#                                                               *
#*************   chi**2/iteration = 0.1404E-09   ****************


#********** Integration by Vegas (iteration       2) ************
#                                                               *
#  integral  =  50.287973       accum. integral =  39.318670    *
#  std. dev. =  4.0337601       accum. std. dev =  1.3894490    *
#   min/max. wt. =    0.00000             3.68370               *
#                                                               *
#*************   chi**2/iteration =  11.24       ****************


#********** Integration by Vegas (iteration       3) ************
#                                                               *
#  integral  =  66.567238       accum. integral =  41.787942    *
#  std. dev. =  6.6156118       accum. std. dev =  1.5787501    *
#   min/max. wt. =    0.00000             6.40665               *
#                                                               *
#*************   chi**2/iteration =  16.23       ****************


#********** Integration by Vegas (iteration       4) ************
#                                                               *
#  integral  =  68.954135       accum. integral =  62.345940    *
#  std. dev. =  1.1695896       accum. std. dev = 0.84469808    *
#   min/max. wt. =    0.00000            0.512047               *
#                                                               *
#*************   chi**2/iteration =  72.64       ****************


#********** Integration by Vegas (iteration       5) ************
#                                                               *
#  integral  =  69.271784       accum. integral =  69.068732    *
#  std. dev. = 0.17763764       accum. std. dev = 0.15119893    *
#   min/max. wt. =    0.00000            0.517062E-01           *
#                                                               *
#*************   chi**2/iteration =  64.78       ****************


#********** Integration by Vegas (iteration       6) ************
#                                                               *
#  integral  =  68.912176       accum. integral =  68.925272    *
#  std. dev. = 0.52605013E-01   accum. std. dev = 0.44903472E-01*
#   min/max. wt. =    0.00000            0.452890E-02           *
#                                                               *
#*************   chi**2/iteration =  49.34       ****************


#********** Integration by Vegas (iteration       7) ************
#                                                               *
#  integral  =  68.931580       accum. integral =  68.929130    *
#  std. dev. = 0.40140684E-01   accum. std. dev = 0.28496339E-01*
#   min/max. wt. =    0.00000            0.549042E-02           *
#                                                               *
#*************   chi**2/iteration =  39.66       ****************


#********** Integration by Vegas (iteration       8) ************
#                                                               *
#  integral  =  69.009327       accum. integral =  68.962448    *
#  std. dev. = 0.37278494E-01   accum. std. dev = 0.22079658E-01*
#   min/max. wt. =    0.00000            0.377455E-02           *
#                                                               *
#*************   chi**2/iteration =  33.56       ****************


#********** Integration by Vegas (iteration       9) ************
#                                                               *
#  integral  =  68.990392       accum. integral =  68.970912    *
#  std. dev. = 0.36440602E-01   accum. std. dev = 0.18621822E-01*
#   min/max. wt. =    0.00000            0.153730E-02           *
#                                                               *
#*************   chi**2/iteration =  28.83       ****************


#********** Integration by Vegas (iteration      10) ************
#                                                               *
#  integral  =  68.981441       accum. integral =  68.973378    *
#  std. dev. = 0.36268566E-01   accum. std. dev = 0.16426231E-01*
#   min/max. wt. =    0.00000            0.216400E-02           *
#                                                               *
#*************   chi**2/iteration =  25.24       ****************


#********** Integration by Vegas (iteration      11) ************
#                                                               *
#  integral  =  69.064894       accum. integral =  68.990850    *
#  std. dev. = 0.36170563E-01   accum. std. dev = 0.14871717E-01*
#   min/max. wt. =    0.00000            0.234626E-02           *
#                                                               *
#*************   chi**2/iteration =  23.00       ****************


#********** Integration by Vegas (iteration      12) ************
#                                                               *
#  integral  =  68.986213       accum. integral =  68.990104    *
#  std. dev. = 0.36043906E-01   accum. std. dev = 0.13694213E-01*
#   min/max. wt. =    0.00000            0.241076E-02           *
#                                                               *
#*************   chi**2/iteration =  20.70       ****************


#********** Integration by Vegas (iteration      13) ************
#                                                               *
#  integral  =  68.976149       accum. integral =  68.988178    *
#  std. dev. = 0.36135082E-01   accum. std. dev = 0.12770207E-01*
#   min/max. wt. =    0.00000            0.198817E-02           *
#                                                               *
#*************   chi**2/iteration =  18.82       ****************


#********** Integration by Vegas (iteration      14) ************
#                                                               *
#  integral  =  68.920153       accum. integral =  68.980184    *
#  std. dev. = 0.36755165E-01   accum. std. dev = 0.12040515E-01*
#   min/max. wt. =    0.00000            0.298504E-02           *
#                                                               *
#*************   chi**2/iteration =  17.50       ****************


#********** Integration by Vegas (iteration      15) ************
#                                                               *
#  integral  =  68.963638       accum. integral =  68.978416    *
#  std. dev. = 0.36456577E-01   accum. std. dev = 0.11415776E-01*
#   min/max. wt. =    0.00000            0.141962E-02           *
#                                                               *
#*************   chi**2/iteration =  16.16       ****************


  Input parameters for vegas:  ndim=  9   ncall= 80707214.
                              it=    0    itmx=    2
                              acc=-1.00    
                              mds=  1     nd=  50
                              (xl,xu)= (  0.00000     ,  1.00000     )
                                       (  0.00000     ,  1.00000     )
                                       (  0.00000     ,  1.00000     )
                                       (  0.00000     ,  1.00000     )
                                       (  0.00000     ,  1.00000     )
                                       (  0.00000     ,  1.00000     )
                                       (  0.00000     ,  1.00000     )
                                       (  0.00000     ,  1.00000     )
                                       (  0.00000     ,  1.00000     )

#********** Integration by Vegas (iteration       1) ************
#                                                               *
#  integral  =  69.001740       accum. integral =  69.001740    *
#  std. dev. = 0.36874681E-01   accum. std. dev = 0.36874681E-01*
#   min/max. wt. =    0.00000            0.192179E-02           *
#                                                               *
#*************   chi**2/iteration =  0.000       ****************


#********** Integration by Vegas (iteration       2) ************
#                                                               *
#  integral  =  69.008417       accum. integral =  69.005038    *
#  std. dev. = 0.37336029E-01   accum. std. dev = 0.26235943E-01*
#   min/max. wt. =    0.00000            0.287579E-02           *
#                                                               *
#*************   chi**2/iteration = 0.1617E-01   ****************

 Done
