SLURM job running in:  /scratch/groups/lhc/park/JHUGen/JHUGenerator
LHAPDF 6.1.5 loading /work-zfs/lhc/cms/slc6_amd64_gcc493/external/lhapdf/6.1.5-kpegke3/share/LHAPDF/NNPDF30_lo_as_0130/NNPDF30_lo_as_0130_0000.dat
NNPDF30_lo_as_0130 PDF set, member #0, version 2; LHAPDF ID = 263000
 extending no. of histograms for vbf tests
 
                                                                                          
   ***************************************************************************************
   *                                JHU Generator v6.9.3                                 *
   ***************************************************************************************
   *                                                                                     *
   *   Spin and parity determination of single-produced resonances at hadron colliders   *
   *                                                                                     *
   *          I. Anderson, S. Bolognesi, F. Caola, Y. Gao, A. Gritsan, Z. Guo,           *
   *        C. Martin, K. Melnikov, R.Rontsch, H. Roskes, U. Sarica, M. Schulze,         *
   *                   N. Tran, A. Whitbeck, M. Xiao, C. You, Y. Zhou                    *
   *                Phys.Rev. D81 (2010) 075022;  arXiv:1001.3396 [hep-ph],              *
   *                Phys.Rev. D86 (2012) 095031;  arXiv:1208.4018 [hep-ph],              *
   *                Phys.Rev. D89 (2014) 035007;  arXiv:1309.4819 [hep-ph].              *
   *                                                                                     *
   ***************************************************************************************
                                                                                          
   
   Command line: ./JHUGen Unweighted=0 VegasNc0=99999999 VegasNc1=99999999 VegasNc2=99999999 LHAPDF=NNPDF30_lo_as_0130/NNPDF30_lo_as_0130.info MReso=650 ghz1=1,0 Process=60 pTjetcut=0 deltaRcut=0
   
   Input Parameter:
    Collider: P-P, sqrt(s)=13000.00
    Resonance: spin=0, mass= 650.00 width=   0.00407
    Z-boson: mass=91.188, width=2.4952
    W-boson: mass=80.399, width=2.0850
    Jet cuts:
            pT >=     0.00 GeV
        DeltaR >=     0.00
           mJJ >=     0.00 GeV
    Random seed:   861828135
    To reproduce results using this seed, JHUGen should be compiled with the same compiler:
      GNU Fortran (GCC) 4.9.3
    
    WidthScheme:   2
    LHAPDF set NNPDF30_lo_as_0130/NNPDF30_lo_as_0130.info, member=  0
    Unweighted: F
    
    spin-0-VV couplings: 
      generate_as=F
      ghg2=  0.10000000E+01  0.00000000E+00i
      ghg3=  0.00000000E+00  0.00000000E+00i
      ghg4=  0.00000000E+00  0.00000000E+00i
      ghz1=  0.10000000E+01  0.00000000E+00i
      ghz2=  0.00000000E+00  0.00000000E+00i
      ghz3=  0.00000000E+00  0.00000000E+00i
      ghz4=  0.00000000E+00  0.00000000E+00i
      Lambda=  1000.0
    
    LHE output: ./data/output.lhe
    Histogram output: ./data/output.dat
    Log file: ./data/output.log
    
  Running

  Input parameters for vegas:  ndim=  9   ncall= 80707214.
                              it=    0    itmx=   15
                              acc=-1.00    
                              mds=  1     nd=  50
                              (xl,xu)= (  0.00000     ,  1.00000     )
                                       (  0.00000     ,  1.00000     )
                                       (  0.00000     ,  1.00000     )
                                       (  0.00000     ,  1.00000     )
                                       (  0.00000     ,  1.00000     )
                                       (  0.00000     ,  1.00000     )
                                       (  0.00000     ,  1.00000     )
                                       (  0.00000     ,  1.00000     )
                                       (  0.00000     ,  1.00000     )

#********** Integration by Vegas (iteration       1) ************
#                                                               *
#  integral  =  28.708732       accum. integral =  28.708732    *
#  std. dev. = 0.81269782       accum. std. dev = 0.81269782    *
#   min/max. wt. =    0.00000            0.621246               *
#                                                               *
#*************   chi**2/iteration = -.3443E-09   ****************


#********** Integration by Vegas (iteration       2) ************
#                                                               *
#  integral  =  42.225593       accum. integral =  29.133311    *
#  std. dev. =  6.6377238       accum. std. dev =  1.0059036    *
#   min/max. wt. =    0.00000             6.37806               *
#                                                               *
#*************   chi**2/iteration =  5.488       ****************


#********** Integration by Vegas (iteration       3) ************
#                                                               *
#  integral  =  43.096937       accum. integral =  34.489780    *
#  std. dev. =  1.5220250       accum. std. dev = 0.84380718    *
#   min/max. wt. =    0.00000            0.913051               *
#                                                               *
#*************   chi**2/iteration =  34.76       ****************


#********** Integration by Vegas (iteration       4) ************
#                                                               *
#  integral  =  51.254782       accum. integral =  46.177198    *
#  std. dev. = 0.73895711       accum. std. dev = 0.50685550    *
#   min/max. wt. =    0.00000            0.338553               *
#                                                               *
#*************   chi**2/iteration =  96.43       ****************


#********** Integration by Vegas (iteration       5) ************
#                                                               *
#  integral  =  52.634919       accum. integral =  52.417943    *
#  std. dev. = 0.11814212       accum. std. dev = 0.97995785E-01*
#   min/max. wt. =    0.00000            0.203803E-01           *
#                                                               *
#*************   chi**2/iteration =  100.3       ****************


#********** Integration by Vegas (iteration       6) ************
#                                                               *
#  integral  =  52.809382       accum. integral =  52.762614    *
#  std. dev. = 0.42923534E-01   accum. std. dev = 0.35021818E-01*
#   min/max. wt. =    0.00000            0.498888E-02           *
#                                                               *
#*************   chi**2/iteration =  77.66       ****************


#********** Integration by Vegas (iteration       7) ************
#                                                               *
#  integral  =  52.834141       accum. integral =  52.807693    *
#  std. dev. = 0.30865371E-01   accum. std. dev = 0.21783040E-01*
#   min/max. wt. =    0.00000            0.206123E-02           *
#                                                               *
#*************   chi**2/iteration =  62.28       ****************


#********** Integration by Vegas (iteration       8) ************
#                                                               *
#  integral  =  52.811920       accum. integral =  52.809500    *
#  std. dev. = 0.28349312E-01   accum. std. dev = 0.16753217E-01*
#   min/max. wt. =    0.00000            0.464884E-02           *
#                                                               *
#*************   chi**2/iteration =  51.68       ****************


#********** Integration by Vegas (iteration       9) ************
#                                                               *
#  integral  =  52.771946       accum. integral =  52.797623    *
#  std. dev. = 0.27230551E-01   accum. std. dev = 0.14022786E-01*
#   min/max. wt. =    0.00000            0.263249E-02           *
#                                                               *
#*************   chi**2/iteration =  44.32       ****************


#********** Integration by Vegas (iteration      10) ************
#                                                               *
#  integral  =  52.828420       accum. integral =  52.804966    *
#  std. dev. = 0.27398692E-01   accum. std. dev = 0.12356299E-01*
#   min/max. wt. =    0.00000            0.112009E-02           *
#                                                               *
#*************   chi**2/iteration =  38.77       ****************


#********** Integration by Vegas (iteration      11) ************
#                                                               *
#  integral  =  52.762451       accum. integral =  52.796475    *
#  std. dev. = 0.26747288E-01   accum. std. dev = 0.11138555E-01*
#   min/max. wt. =    0.00000            0.112648E-02           *
#                                                               *
#*************   chi**2/iteration =  34.60       ****************


#********** Integration by Vegas (iteration      12) ************
#                                                               *
#  integral  =  52.851336       accum. integral =  52.805401    *
#  std. dev. = 0.27161005E-01   accum. std. dev = 0.10258002E-01*
#   min/max. wt. =    0.00000            0.149334E-02           *
#                                                               *
#*************   chi**2/iteration =  31.40       ****************


#********** Integration by Vegas (iteration      13) ************
#                                                               *
#  integral  =  52.795972       accum. integral =  52.804069    *
#  std. dev. = 0.26982775E-01   accum. std. dev = 0.95562520E-02*
#   min/max. wt. =    0.00000            0.135199E-02           *
#                                                               *
#*************   chi**2/iteration =  28.49       ****************


#********** Integration by Vegas (iteration      14) ************
#                                                               *
#  integral  =  52.808624       accum. integral =  52.804611    *
#  std. dev. = 0.27595631E-01   accum. std. dev = 0.90099556E-02*
#   min/max. wt. =    0.00000            0.236516E-02           *
#                                                               *
#*************   chi**2/iteration =  26.07       ****************


#********** Integration by Vegas (iteration      15) ************
#                                                               *
#  integral  =  52.792528       accum. integral =  52.803316    *
#  std. dev. = 0.27462729E-01   accum. std. dev = 0.85459882E-02*
#   min/max. wt. =    0.00000            0.269553E-02           *
#                                                               *
#*************   chi**2/iteration =  24.03       ****************


  Input parameters for vegas:  ndim=  9   ncall= 80707214.
                              it=    0    itmx=    2
                              acc=-1.00    
                              mds=  1     nd=  50
                              (xl,xu)= (  0.00000     ,  1.00000     )
                                       (  0.00000     ,  1.00000     )
                                       (  0.00000     ,  1.00000     )
                                       (  0.00000     ,  1.00000     )
                                       (  0.00000     ,  1.00000     )
                                       (  0.00000     ,  1.00000     )
                                       (  0.00000     ,  1.00000     )
                                       (  0.00000     ,  1.00000     )
                                       (  0.00000     ,  1.00000     )

#********** Integration by Vegas (iteration       1) ************
#                                                               *
#  integral  =  52.817290       accum. integral =  52.817290    *
#  std. dev. = 0.27488846E-01   accum. std. dev = 0.27488846E-01*
#   min/max. wt. =    0.00000            0.945764E-03           *
#                                                               *
#*************   chi**2/iteration =  0.000       ****************


#********** Integration by Vegas (iteration       2) ************
#                                                               *
#  integral  =  52.800358       accum. integral =  52.808954    *
#  std. dev. = 0.27905025E-01   accum. std. dev = 0.19582986E-01*
#   min/max. wt. =    0.00000            0.127221E-02           *
#                                                               *
#*************   chi**2/iteration = 0.1867       ****************

 Done
