SLURM job running in:  /scratch/groups/lhc/park/JHUGen/JHUGenerator
LHAPDF 6.1.5 loading /work-zfs/lhc/cms/slc6_amd64_gcc493/external/lhapdf/6.1.5-kpegke3/share/LHAPDF/NNPDF30_lo_as_0130/NNPDF30_lo_as_0130_0000.dat
NNPDF30_lo_as_0130 PDF set, member #0, version 2; LHAPDF ID = 263000
 extending no. of histograms for vbf tests
 
                                                                                          
   ***************************************************************************************
   *                                JHU Generator v6.9.3                                 *
   ***************************************************************************************
   *                                                                                     *
   *   Spin and parity determination of single-produced resonances at hadron colliders   *
   *                                                                                     *
   *          I. Anderson, S. Bolognesi, F. Caola, Y. Gao, A. Gritsan, Z. Guo,           *
   *        C. Martin, K. Melnikov, R.Rontsch, H. Roskes, U. Sarica, M. Schulze,         *
   *                   N. Tran, A. Whitbeck, M. Xiao, C. You, Y. Zhou                    *
   *                Phys.Rev. D81 (2010) 075022;  arXiv:1001.3396 [hep-ph],              *
   *                Phys.Rev. D86 (2012) 095031;  arXiv:1208.4018 [hep-ph],              *
   *                Phys.Rev. D89 (2014) 035007;  arXiv:1309.4819 [hep-ph].              *
   *                                                                                     *
   ***************************************************************************************
                                                                                          
   
   Command line: ./JHUGen Unweighted=0 VegasNc0=99999999 VegasNc1=99999999 VegasNc2=99999999 LHAPDF=NNPDF30_lo_as_0130/NNPDF30_lo_as_0130.info MReso=730 ghz1=1,0 Process=60 pTjetcut=0 deltaRcut=0
   
   Input Parameter:
    Collider: P-P, sqrt(s)=13000.00
    Resonance: spin=0, mass= 730.00 width=   0.00407
    Z-boson: mass=91.188, width=2.4952
    W-boson: mass=80.399, width=2.0850
    Jet cuts:
            pT >=     0.00 GeV
        DeltaR >=     0.00
           mJJ >=     0.00 GeV
    Random seed:   430174300
    To reproduce results using this seed, JHUGen should be compiled with the same compiler:
      GNU Fortran (GCC) 4.9.3
    
    WidthScheme:   2
    LHAPDF set NNPDF30_lo_as_0130/NNPDF30_lo_as_0130.info, member=  0
    Unweighted: F
    
    spin-0-VV couplings: 
      generate_as=F
      ghg2=  0.10000000E+01  0.00000000E+00i
      ghg3=  0.00000000E+00  0.00000000E+00i
      ghg4=  0.00000000E+00  0.00000000E+00i
      ghz1=  0.10000000E+01  0.00000000E+00i
      ghz2=  0.00000000E+00  0.00000000E+00i
      ghz3=  0.00000000E+00  0.00000000E+00i
      ghz4=  0.00000000E+00  0.00000000E+00i
      Lambda=  1000.0
    
    LHE output: ./data/output.lhe
    Histogram output: ./data/output.dat
    Log file: ./data/output.log
    
  Running

  Input parameters for vegas:  ndim=  9   ncall= 80707214.
                              it=    0    itmx=   15
                              acc=-1.00    
                              mds=  1     nd=  50
                              (xl,xu)= (  0.00000     ,  1.00000     )
                                       (  0.00000     ,  1.00000     )
                                       (  0.00000     ,  1.00000     )
                                       (  0.00000     ,  1.00000     )
                                       (  0.00000     ,  1.00000     )
                                       (  0.00000     ,  1.00000     )
                                       (  0.00000     ,  1.00000     )
                                       (  0.00000     ,  1.00000     )
                                       (  0.00000     ,  1.00000     )

#********** Integration by Vegas (iteration       1) ************
#                                                               *
#  integral  =  20.976309       accum. integral =  20.976309    *
#  std. dev. = 0.46248079       accum. std. dev = 0.46248079    *
#   min/max. wt. =    0.00000            0.305483               *
#                                                               *
#*************   chi**2/iteration =  0.000       ****************


#********** Integration by Vegas (iteration       2) ************
#                                                               *
#  integral  =  43.147234       accum. integral =  21.104047    *
#  std. dev. =  12.496679       accum. std. dev = 0.74579295    *
#   min/max. wt. =    0.00000             10.4267               *
#                                                               *
#*************   chi**2/iteration =  5.057       ****************


#********** Integration by Vegas (iteration       3) ************
#                                                               *
#  integral  =  44.977125       accum. integral =  21.287024    *
#  std. dev. =  11.250887       accum. std. dev = 0.83148242    *
#   min/max. wt. =    0.00000             11.0878               *
#                                                               *
#*************   chi**2/iteration =  5.153       ****************


#********** Integration by Vegas (iteration       4) ************
#                                                               *
#  integral  =  39.382879       accum. integral =  26.955224    *
#  std. dev. =  1.2770814       accum. std. dev = 0.69557164    *
#   min/max. wt. =    0.00000            0.931900               *
#                                                               *
#*************   chi**2/iteration =  51.89       ****************


#********** Integration by Vegas (iteration       5) ************
#                                                               *
#  integral  =  38.750163       accum. integral =  38.277914    *
#  std. dev. = 0.14362439       accum. std. dev = 0.13948995    *
#   min/max. wt. =    0.00000            0.562891E-01           *
#                                                               *
#*************   chi**2/iteration =  107.4       ****************


#********** Integration by Vegas (iteration       6) ************
#                                                               *
#  integral  =  38.741091       accum. integral =  38.712263    *
#  std. dev. = 0.36244296E-01   accum. std. dev = 0.34849615E-01*
#   min/max. wt. =    0.00000            0.628591E-02           *
#                                                               *
#*************   chi**2/iteration =  87.77       ****************


#********** Integration by Vegas (iteration       7) ************
#                                                               *
#  integral  =  38.725767       accum. integral =  38.721647    *
#  std. dev. = 0.23244615E-01   accum. std. dev = 0.19266476E-01*
#   min/max. wt. =    0.00000            0.204506E-02           *
#                                                               *
#*************   chi**2/iteration =  73.02       ****************


#********** Integration by Vegas (iteration       8) ************
#                                                               *
#  integral  =  38.689890       accum. integral =  38.706457    *
#  std. dev. = 0.20217630E-01   accum. std. dev = 0.13923963E-01*
#   min/max. wt. =    0.00000            0.739677E-03           *
#                                                               *
#*************   chi**2/iteration =  62.70       ****************


#********** Integration by Vegas (iteration       9) ************
#                                                               *
#  integral  =  38.691298       accum. integral =  38.701334    *
#  std. dev. = 0.19571934E-01   accum. std. dev = 0.11334850E-01*
#   min/max. wt. =    0.00000            0.696266E-03           *
#                                                               *
#*************   chi**2/iteration =  54.86       ****************


#********** Integration by Vegas (iteration      10) ************
#                                                               *
#  integral  =  38.716802       accum. integral =  38.705323    *
#  std. dev. = 0.19314053E-01   accum. std. dev = 0.97689270E-02*
#   min/max. wt. =    0.00000            0.659221E-03           *
#                                                               *
#*************   chi**2/iteration =  48.77       ****************


#********** Integration by Vegas (iteration      11) ************
#                                                               *
#  integral  =  38.737899       accum. integral =  38.712025    *
#  std. dev. = 0.19282656E-01   accum. std. dev = 0.87099115E-02*
#   min/max. wt. =    0.00000            0.125799E-02           *
#                                                               *
#*************   chi**2/iteration =  44.09       ****************


#********** Integration by Vegas (iteration      12) ************
#                                                               *
#  integral  =  38.691011       accum. integral =  38.708462    *
#  std. dev. = 0.19333657E-01   accum. std. dev = 0.79392754E-02*
#   min/max. wt. =    0.00000            0.141523E-02           *
#                                                               *
#*************   chi**2/iteration =  40.15       ****************


#********** Integration by Vegas (iteration      13) ************
#                                                               *
#  integral  =  38.665654       accum. integral =  38.702323    *
#  std. dev. = 0.19441708E-01   accum. std. dev = 0.73490675E-02*
#   min/max. wt. =    0.00000            0.172858E-02           *
#                                                               *
#*************   chi**2/iteration =  37.14       ****************


#********** Integration by Vegas (iteration      14) ************
#                                                               *
#  integral  =  38.727880       accum. integral =  38.705467    *
#  std. dev. = 0.19690240E-01   accum. std. dev = 0.68839189E-02*
#   min/max. wt. =    0.00000            0.124441E-02           *
#                                                               *
#*************   chi**2/iteration =  34.38       ****************


#********** Integration by Vegas (iteration      15) ************
#                                                               *
#  integral  =  38.734837       accum. integral =  38.708664    *
#  std. dev. = 0.19764000E-01   accum. std. dev = 0.64999512E-02*
#   min/max. wt. =    0.00000            0.634057E-03           *
#                                                               *
#*************   chi**2/iteration =  32.05       ****************


  Input parameters for vegas:  ndim=  9   ncall= 80707214.
                              it=    0    itmx=    2
                              acc=-1.00    
                              mds=  1     nd=  50
                              (xl,xu)= (  0.00000     ,  1.00000     )
                                       (  0.00000     ,  1.00000     )
                                       (  0.00000     ,  1.00000     )
                                       (  0.00000     ,  1.00000     )
                                       (  0.00000     ,  1.00000     )
                                       (  0.00000     ,  1.00000     )
                                       (  0.00000     ,  1.00000     )
                                       (  0.00000     ,  1.00000     )
                                       (  0.00000     ,  1.00000     )

#********** Integration by Vegas (iteration       1) ************
#                                                               *
#  integral  =  38.719392       accum. integral =  38.719392    *
#  std. dev. = 0.19852498E-01   accum. std. dev = 0.19852498E-01*
#   min/max. wt. =    0.00000            0.103653E-02           *
#                                                               *
#*************   chi**2/iteration =  0.000       ****************


#********** Integration by Vegas (iteration       2) ************
#                                                               *
#  integral  =  38.703615       accum. integral =  38.711709    *
#  std. dev. = 0.20368341E-01   accum. std. dev = 0.14216632E-01*
#   min/max. wt. =    0.00000            0.336013E-02           *
#                                                               *
#*************   chi**2/iteration = 0.3074       ****************

 Done
