SLURM job running in:  /scratch/groups/lhc/park/JHUGen/JHUGenerator
LHAPDF 6.1.5 loading /work-zfs/lhc/cms/slc6_amd64_gcc493/external/lhapdf/6.1.5-kpegke3/share/LHAPDF/NNPDF30_lo_as_0130/NNPDF30_lo_as_0130_0000.dat
NNPDF30_lo_as_0130 PDF set, member #0, version 2; LHAPDF ID = 263000
 extending no. of histograms for vbf tests
 
                                                                                          
   ***************************************************************************************
   *                                JHU Generator v6.9.3                                 *
   ***************************************************************************************
   *                                                                                     *
   *   Spin and parity determination of single-produced resonances at hadron colliders   *
   *                                                                                     *
   *          I. Anderson, S. Bolognesi, F. Caola, Y. Gao, A. Gritsan, Z. Guo,           *
   *        C. Martin, K. Melnikov, R.Rontsch, H. Roskes, U. Sarica, M. Schulze,         *
   *                   N. Tran, A. Whitbeck, M. Xiao, C. You, Y. Zhou                    *
   *                Phys.Rev. D81 (2010) 075022;  arXiv:1001.3396 [hep-ph],              *
   *                Phys.Rev. D86 (2012) 095031;  arXiv:1208.4018 [hep-ph],              *
   *                Phys.Rev. D89 (2014) 035007;  arXiv:1309.4819 [hep-ph].              *
   *                                                                                     *
   ***************************************************************************************
                                                                                          
   
   Command line: ./JHUGen Unweighted=0 VegasNc0=99999999 VegasNc1=99999999 VegasNc2=99999999 LHAPDF=NNPDF30_lo_as_0130/NNPDF30_lo_as_0130.info MReso=735 ghz1=1,0 Process=60 pTjetcut=0 deltaRcut=0
   
   Input Parameter:
    Collider: P-P, sqrt(s)=13000.00
    Resonance: spin=0, mass= 735.00 width=   0.00407
    Z-boson: mass=91.188, width=2.4952
    W-boson: mass=80.399, width=2.0850
    Jet cuts:
            pT >=     0.00 GeV
        DeltaR >=     0.00
           mJJ >=     0.00 GeV
    Random seed:   974927018
    To reproduce results using this seed, JHUGen should be compiled with the same compiler:
      GNU Fortran (GCC) 4.9.3
    
    WidthScheme:   2
    LHAPDF set NNPDF30_lo_as_0130/NNPDF30_lo_as_0130.info, member=  0
    Unweighted: F
    
    spin-0-VV couplings: 
      generate_as=F
      ghg2=  0.10000000E+01  0.00000000E+00i
      ghg3=  0.00000000E+00  0.00000000E+00i
      ghg4=  0.00000000E+00  0.00000000E+00i
      ghz1=  0.10000000E+01  0.00000000E+00i
      ghz2=  0.00000000E+00  0.00000000E+00i
      ghz3=  0.00000000E+00  0.00000000E+00i
      ghz4=  0.00000000E+00  0.00000000E+00i
      Lambda=  1000.0
    
    LHE output: ./data/output.lhe
    Histogram output: ./data/output.dat
    Log file: ./data/output.log
    
  Running

  Input parameters for vegas:  ndim=  9   ncall= 80707214.
                              it=    0    itmx=   15
                              acc=-1.00    
                              mds=  1     nd=  50
                              (xl,xu)= (  0.00000     ,  1.00000     )
                                       (  0.00000     ,  1.00000     )
                                       (  0.00000     ,  1.00000     )
                                       (  0.00000     ,  1.00000     )
                                       (  0.00000     ,  1.00000     )
                                       (  0.00000     ,  1.00000     )
                                       (  0.00000     ,  1.00000     )
                                       (  0.00000     ,  1.00000     )
                                       (  0.00000     ,  1.00000     )

#********** Integration by Vegas (iteration       1) ************
#                                                               *
#  integral  =  19.837407       accum. integral =  19.837407    *
#  std. dev. = 0.25251877       accum. std. dev = 0.25251877    *
#   min/max. wt. =    0.00000            0.203204               *
#                                                               *
#*************   chi**2/iteration =  0.000       ****************


#********** Integration by Vegas (iteration       2) ************
#                                                               *
#  integral  =  25.058696       accum. integral =  20.005820    *
#  std. dev. =  1.7472272       accum. std. dev = 0.28299915    *
#   min/max. wt. =    0.00000             1.57244               *
#                                                               *
#*************   chi**2/iteration =  10.61       ****************


#********** Integration by Vegas (iteration       3) ************
#                                                               *
#  integral  =  37.973847       accum. integral =  20.139413    *
#  std. dev. =  5.4942810       accum. std. dev = 0.35750496    *
#   min/max. wt. =    0.00000             5.14191               *
#                                                               *
#*************   chi**2/iteration =  12.62       ****************


#********** Integration by Vegas (iteration       4) ************
#                                                               *
#  integral  =  38.115047       accum. integral =  21.348209    *
#  std. dev. =  1.7709821       accum. std. dev = 0.37701300    *
#   min/max. wt. =    0.00000             1.57921               *
#                                                               *
#*************   chi**2/iteration =  54.57       ****************


#********** Integration by Vegas (iteration       5) ************
#                                                               *
#  integral  =  38.129191       accum. integral =  35.537623    *
#  std. dev. = 0.19634000       accum. std. dev = 0.15517779    *
#   min/max. wt. =    0.00000            0.597268E-01           *
#                                                               *
#*************   chi**2/iteration =  419.0       ****************


#********** Integration by Vegas (iteration       6) ************
#                                                               *
#  integral  =  37.926913       accum. integral =  37.812029    *
#  std. dev. = 0.40361722E-01   accum. std. dev = 0.34976174E-01*
#   min/max. wt. =  -0.539577E-16        0.142519E-01           *
#                                                               *
#*************   chi**2/iteration =  360.0       ****************


#********** Integration by Vegas (iteration       7) ************
#                                                               *
#  integral  =  37.974499       accum. integral =  37.931613    *
#  std. dev. = 0.23611783E-01   accum. std. dev = 0.18313929E-01*
#   min/max. wt. =    0.00000            0.218724E-02           *
#                                                               *
#*************   chi**2/iteration =  291.4       ****************


#********** Integration by Vegas (iteration       8) ************
#                                                               *
#  integral  =  38.020498       accum. integral =  37.975823    *
#  std. dev. = 0.20388218E-01   accum. std. dev = 0.13166226E-01*
#   min/max. wt. =    0.00000            0.121531E-02           *
#                                                               *
#*************   chi**2/iteration =  244.5       ****************


#********** Integration by Vegas (iteration       9) ************
#                                                               *
#  integral  =  38.039534       accum. integral =  37.998343    *
#  std. dev. = 0.19456391E-01   accum. std. dev = 0.10700021E-01*
#   min/max. wt. =    0.00000            0.101622E-02           *
#                                                               *
#*************   chi**2/iteration =  210.4       ****************


#********** Integration by Vegas (iteration      10) ************
#                                                               *
#  integral  =  38.025670       accum. integral =  38.005533    *
#  std. dev. = 0.19351551E-01   accum. std. dev = 0.92619348E-02*
#   min/max. wt. =    0.00000            0.219700E-02           *
#                                                               *
#*************   chi**2/iteration =  184.2       ****************


#********** Integration by Vegas (iteration      11) ************
#                                                               *
#  integral  =  37.985585       accum. integral =  38.001252    *
#  std. dev. = 0.18969218E-01   accum. std. dev = 0.82625176E-02*
#   min/max. wt. =    0.00000            0.110419E-02           *
#                                                               *
#*************   chi**2/iteration =  163.7       ****************


#********** Integration by Vegas (iteration      12) ************
#                                                               *
#  integral  =  38.001041       accum. integral =  38.001215    *
#  std. dev. = 0.19179563E-01   accum. std. dev = 0.75523035E-02*
#   min/max. wt. =    0.00000            0.181824E-02           *
#                                                               *
#*************   chi**2/iteration =  147.2       ****************


#********** Integration by Vegas (iteration      13) ************
#                                                               *
#  integral  =  37.973055       accum. integral =  37.996995    *
#  std. dev. = 0.19019996E-01   accum. std. dev = 0.69949884E-02*
#   min/max. wt. =    0.00000            0.803462E-03           *
#                                                               *
#*************   chi**2/iteration =  133.9       ****************


#********** Integration by Vegas (iteration      14) ************
#                                                               *
#  integral  =  37.987602       accum. integral =  37.995778    *
#  std. dev. = 0.19095262E-01   accum. std. dev = 0.65515935E-02*
#   min/max. wt. =    0.00000            0.811445E-03           *
#                                                               *
#*************   chi**2/iteration =  122.6       ****************


#********** Integration by Vegas (iteration      15) ************
#                                                               *
#  integral  =  37.988575       accum. integral =  37.994952    *
#  std. dev. = 0.19095784E-01   accum. std. dev = 0.61851042E-02*
#   min/max. wt. =    0.00000            0.966368E-03           *
#                                                               *
#*************   chi**2/iteration =  113.1       ****************


  Input parameters for vegas:  ndim=  9   ncall= 80707214.
                              it=    0    itmx=    2
                              acc=-1.00    
                              mds=  1     nd=  50
                              (xl,xu)= (  0.00000     ,  1.00000     )
                                       (  0.00000     ,  1.00000     )
                                       (  0.00000     ,  1.00000     )
                                       (  0.00000     ,  1.00000     )
                                       (  0.00000     ,  1.00000     )
                                       (  0.00000     ,  1.00000     )
                                       (  0.00000     ,  1.00000     )
                                       (  0.00000     ,  1.00000     )
                                       (  0.00000     ,  1.00000     )

#********** Integration by Vegas (iteration       1) ************
#                                                               *
#  integral  =  37.984431       accum. integral =  37.984431    *
#  std. dev. = 0.19154639E-01   accum. std. dev = 0.19154639E-01*
#   min/max. wt. =    0.00000            0.112130E-02           *
#                                                               *
#*************   chi**2/iteration =  0.000       ****************


#********** Integration by Vegas (iteration       2) ************
#                                                               *
#  integral  =  38.017366       accum. integral =  38.000874    *
#  std. dev. = 0.19199769E-01   accum. std. dev = 0.13560316E-01*
#   min/max. wt. =    0.00000            0.984172E-03           *
#                                                               *
#*************   chi**2/iteration =  1.473       ****************

 Done
