SLURM job running in:  /scratch/groups/lhc/park/JHUGen/JHUGenerator
LHAPDF 6.1.5 loading /work-zfs/lhc/cms/slc6_amd64_gcc493/external/lhapdf/6.1.5-kpegke3/share/LHAPDF/NNPDF30_lo_as_0130/NNPDF30_lo_as_0130_0000.dat
NNPDF30_lo_as_0130 PDF set, member #0, version 2; LHAPDF ID = 263000
 extending no. of histograms for vbf tests
 
                                                                                          
   ***************************************************************************************
   *                                JHU Generator v6.9.3                                 *
   ***************************************************************************************
   *                                                                                     *
   *   Spin and parity determination of single-produced resonances at hadron colliders   *
   *                                                                                     *
   *          I. Anderson, S. Bolognesi, F. Caola, Y. Gao, A. Gritsan, Z. Guo,           *
   *        C. Martin, K. Melnikov, R.Rontsch, H. Roskes, U. Sarica, M. Schulze,         *
   *                   N. Tran, A. Whitbeck, M. Xiao, C. You, Y. Zhou                    *
   *                Phys.Rev. D81 (2010) 075022;  arXiv:1001.3396 [hep-ph],              *
   *                Phys.Rev. D86 (2012) 095031;  arXiv:1208.4018 [hep-ph],              *
   *                Phys.Rev. D89 (2014) 035007;  arXiv:1309.4819 [hep-ph].              *
   *                                                                                     *
   ***************************************************************************************
                                                                                          
   
   Command line: ./JHUGen Unweighted=0 VegasNc0=99999999 VegasNc1=99999999 VegasNc2=99999999 LHAPDF=NNPDF30_lo_as_0130/NNPDF30_lo_as_0130.info MReso=765 ghz1=1,0 Process=60 pTjetcut=0 deltaRcut=0
   
   Input Parameter:
    Collider: P-P, sqrt(s)=13000.00
    Resonance: spin=0, mass= 765.00 width=   0.00407
    Z-boson: mass=91.188, width=2.4952
    W-boson: mass=80.399, width=2.0850
    Jet cuts:
            pT >=     0.00 GeV
        DeltaR >=     0.00
           mJJ >=     0.00 GeV
    Random seed:   788192839
    To reproduce results using this seed, JHUGen should be compiled with the same compiler:
      GNU Fortran (GCC) 4.9.3
    
    WidthScheme:   2
    LHAPDF set NNPDF30_lo_as_0130/NNPDF30_lo_as_0130.info, member=  0
    Unweighted: F
    
    spin-0-VV couplings: 
      generate_as=F
      ghg2=  0.10000000E+01  0.00000000E+00i
      ghg3=  0.00000000E+00  0.00000000E+00i
      ghg4=  0.00000000E+00  0.00000000E+00i
      ghz1=  0.10000000E+01  0.00000000E+00i
      ghz2=  0.00000000E+00  0.00000000E+00i
      ghz3=  0.00000000E+00  0.00000000E+00i
      ghz4=  0.00000000E+00  0.00000000E+00i
      Lambda=  1000.0
    
    LHE output: ./data/output.lhe
    Histogram output: ./data/output.dat
    Log file: ./data/output.log
    
  Running

  Input parameters for vegas:  ndim=  9   ncall= 80707214.
                              it=    0    itmx=   15
                              acc=-1.00    
                              mds=  1     nd=  50
                              (xl,xu)= (  0.00000     ,  1.00000     )
                                       (  0.00000     ,  1.00000     )
                                       (  0.00000     ,  1.00000     )
                                       (  0.00000     ,  1.00000     )
                                       (  0.00000     ,  1.00000     )
                                       (  0.00000     ,  1.00000     )
                                       (  0.00000     ,  1.00000     )
                                       (  0.00000     ,  1.00000     )
                                       (  0.00000     ,  1.00000     )

#********** Integration by Vegas (iteration       1) ************
#                                                               *
#  integral  =  18.053607       accum. integral =  18.053607    *
#  std. dev. = 0.57786149       accum. std. dev = 0.57786149    *
#   min/max. wt. =    0.00000            0.568023               *
#                                                               *
#*************   chi**2/iteration =  0.000       ****************


#********** Integration by Vegas (iteration       2) ************
#                                                               *
#  integral  =  20.717400       accum. integral =  19.407280    *
#  std. dev. = 0.65236953       accum. std. dev = 0.43617903    *
#   min/max. wt. =    0.00000            0.398435               *
#                                                               *
#*************   chi**2/iteration =  9.312       ****************


#********** Integration by Vegas (iteration       3) ************
#                                                               *
#  integral  =  26.624621       accum. integral =  23.513346    *
#  std. dev. = 0.52024124       accum. std. dev = 0.32557994    *
#   min/max. wt. =    0.00000            0.221339               *
#                                                               *
#*************   chi**2/iteration =  63.83       ****************


#********** Integration by Vegas (iteration       4) ************
#                                                               *
#  integral  =  34.490499       accum. integral =  24.939488    *
#  std. dev. =  1.3154926       accum. std. dev = 0.35409020    *
#   min/max. wt. =    0.00000             1.22827               *
#                                                               *
#*************   chi**2/iteration =  67.51       ****************


#********** Integration by Vegas (iteration       5) ************
#                                                               *
#  integral  =  33.965108       accum. integral =  33.065712    *
#  std. dev. = 0.15534222       accum. std. dev = 0.11975188    *
#   min/max. wt. =    0.00000            0.776699E-01           *
#                                                               *
#*************   chi**2/iteration =  171.5       ****************


#********** Integration by Vegas (iteration       6) ************
#                                                               *
#  integral  =  33.990285       accum. integral =  33.948255    *
#  std. dev. = 0.32190618E-01   accum. std. dev = 0.26610302E-01*
#   min/max. wt. =    0.00000            0.483941E-02           *
#                                                               *
#*************   chi**2/iteration =  136.8       ****************


#********** Integration by Vegas (iteration       7) ************
#                                                               *
#  integral  =  33.982079       accum. integral =  33.972335    *
#  std. dev. = 0.20002102E-01   accum. std. dev = 0.14681502E-01*
#   min/max. wt. =    0.00000            0.735486E-03           *
#                                                               *
#*************   chi**2/iteration =  108.1       ****************


#********** Integration by Vegas (iteration       8) ************
#                                                               *
#  integral  =  34.012092       accum. integral =  33.991271    *
#  std. dev. = 0.17712371E-01   accum. std. dev = 0.10837477E-01*
#   min/max. wt. =    0.00000            0.814266E-03           *
#                                                               *
#*************   chi**2/iteration =  89.51       ****************


#********** Integration by Vegas (iteration       9) ************
#                                                               *
#  integral  =  33.978383       accum. integral =  33.986906    *
#  std. dev. = 0.17065305E-01   accum. std. dev = 0.89444323E-02*
#   min/max. wt. =    0.00000            0.177803E-02           *
#                                                               *
#*************   chi**2/iteration =  76.10       ****************


#********** Integration by Vegas (iteration      10) ************
#                                                               *
#  integral  =  33.951864       accum. integral =  33.977813    *
#  std. dev. = 0.16763840E-01   accum. std. dev = 0.77853339E-02*
#   min/max. wt. =    0.00000            0.128136E-02           *
#                                                               *
#*************   chi**2/iteration =  66.55       ****************


#********** Integration by Vegas (iteration      11) ************
#                                                               *
#  integral  =  33.993780       accum. integral =  33.981141    *
#  std. dev. = 0.16664360E-01   accum. std. dev = 0.69914149E-02*
#   min/max. wt. =    0.00000            0.787971E-03           *
#                                                               *
#*************   chi**2/iteration =  58.88       ****************


#********** Integration by Vegas (iteration      12) ************
#                                                               *
#  integral  =  34.023272       accum. integral =  33.988320    *
#  std. dev. = 0.16799689E-01   accum. std. dev = 0.64171071E-02*
#   min/max. wt. =    0.00000            0.823317E-03           *
#                                                               *
#*************   chi**2/iteration =  53.27       ****************


#********** Integration by Vegas (iteration      13) ************
#                                                               *
#  integral  =  34.015694       accum. integral =  33.992249    *
#  std. dev. = 0.16934625E-01   accum. std. dev = 0.59767646E-02*
#   min/max. wt. =    0.00000            0.149570E-02           *
#                                                               *
#*************   chi**2/iteration =  48.42       ****************


#********** Integration by Vegas (iteration      14) ************
#                                                               *
#  integral  =  33.955333       accum. integral =  33.987565    *
#  std. dev. = 0.16801693E-01   accum. std. dev = 0.56142630E-02*
#   min/max. wt. =    0.00000            0.913065E-03           *
#                                                               *
#*************   chi**2/iteration =  44.60       ****************


#********** Integration by Vegas (iteration      15) ************
#                                                               *
#  integral  =  34.015837       accum. integral =  33.990651    *
#  std. dev. = 0.17129037E-01   accum. std. dev = 0.53237830E-02*
#   min/max. wt. =    0.00000            0.149719E-02           *
#                                                               *
#*************   chi**2/iteration =  41.23       ****************


  Input parameters for vegas:  ndim=  9   ncall= 80707214.
                              it=    0    itmx=    2
                              acc=-1.00    
                              mds=  1     nd=  50
                              (xl,xu)= (  0.00000     ,  1.00000     )
                                       (  0.00000     ,  1.00000     )
                                       (  0.00000     ,  1.00000     )
                                       (  0.00000     ,  1.00000     )
                                       (  0.00000     ,  1.00000     )
                                       (  0.00000     ,  1.00000     )
                                       (  0.00000     ,  1.00000     )
                                       (  0.00000     ,  1.00000     )
                                       (  0.00000     ,  1.00000     )

#********** Integration by Vegas (iteration       1) ************
#                                                               *
#  integral  =  33.978292       accum. integral =  33.978292    *
#  std. dev. = 0.17050162E-01   accum. std. dev = 0.17050162E-01*
#   min/max. wt. =    0.00000            0.132967E-02           *
#                                                               *
#*************   chi**2/iteration =  0.000       ****************


#********** Integration by Vegas (iteration       2) ************
#                                                               *
#  integral  =  33.961822       accum. integral =  33.970232    *
#  std. dev. = 0.17408749E-01   accum. std. dev = 0.12181025E-01*
#   min/max. wt. =    0.00000            0.233383E-02           *
#                                                               *
#*************   chi**2/iteration = 0.4564       ****************

 Done
