SLURM job running in:  /scratch/groups/lhc/park/JHUGen/JHUGenerator
LHAPDF 6.1.5 loading /work-zfs/lhc/cms/slc6_amd64_gcc493/external/lhapdf/6.1.5-kpegke3/share/LHAPDF/NNPDF30_lo_as_0130/NNPDF30_lo_as_0130_0000.dat
NNPDF30_lo_as_0130 PDF set, member #0, version 2; LHAPDF ID = 263000
 extending no. of histograms for vbf tests
 
                                                                                          
   ***************************************************************************************
   *                                JHU Generator v6.9.3                                 *
   ***************************************************************************************
   *                                                                                     *
   *   Spin and parity determination of single-produced resonances at hadron colliders   *
   *                                                                                     *
   *          I. Anderson, S. Bolognesi, F. Caola, Y. Gao, A. Gritsan, Z. Guo,           *
   *        C. Martin, K. Melnikov, R.Rontsch, H. Roskes, U. Sarica, M. Schulze,         *
   *                   N. Tran, A. Whitbeck, M. Xiao, C. You, Y. Zhou                    *
   *                Phys.Rev. D81 (2010) 075022;  arXiv:1001.3396 [hep-ph],              *
   *                Phys.Rev. D86 (2012) 095031;  arXiv:1208.4018 [hep-ph],              *
   *                Phys.Rev. D89 (2014) 035007;  arXiv:1309.4819 [hep-ph].              *
   *                                                                                     *
   ***************************************************************************************
                                                                                          
   
   Command line: ./JHUGen Unweighted=0 VegasNc0=99999999 VegasNc1=99999999 VegasNc2=99999999 LHAPDF=NNPDF30_lo_as_0130/NNPDF30_lo_as_0130.info MReso=875 ghz1=1,0 Process=60 pTjetcut=0 deltaRcut=0
   
   Input Parameter:
    Collider: P-P, sqrt(s)=13000.00
    Resonance: spin=0, mass= 875.00 width=   0.00407
    Z-boson: mass=91.188, width=2.4952
    W-boson: mass=80.399, width=2.0850
    Jet cuts:
            pT >=     0.00 GeV
        DeltaR >=     0.00
           mJJ >=     0.00 GeV
    Random seed:   642194145
    To reproduce results using this seed, JHUGen should be compiled with the same compiler:
      GNU Fortran (GCC) 4.9.3
    
    WidthScheme:   2
    LHAPDF set NNPDF30_lo_as_0130/NNPDF30_lo_as_0130.info, member=  0
    Unweighted: F
    
    spin-0-VV couplings: 
      generate_as=F
      ghg2=  0.10000000E+01  0.00000000E+00i
      ghg3=  0.00000000E+00  0.00000000E+00i
      ghg4=  0.00000000E+00  0.00000000E+00i
      ghz1=  0.10000000E+01  0.00000000E+00i
      ghz2=  0.00000000E+00  0.00000000E+00i
      ghz3=  0.00000000E+00  0.00000000E+00i
      ghz4=  0.00000000E+00  0.00000000E+00i
      Lambda=  1000.0
    
    LHE output: ./data/output.lhe
    Histogram output: ./data/output.dat
    Log file: ./data/output.log
    
  Running

  Input parameters for vegas:  ndim=  9   ncall= 80707214.
                              it=    0    itmx=   15
                              acc=-1.00    
                              mds=  1     nd=  50
                              (xl,xu)= (  0.00000     ,  1.00000     )
                                       (  0.00000     ,  1.00000     )
                                       (  0.00000     ,  1.00000     )
                                       (  0.00000     ,  1.00000     )
                                       (  0.00000     ,  1.00000     )
                                       (  0.00000     ,  1.00000     )
                                       (  0.00000     ,  1.00000     )
                                       (  0.00000     ,  1.00000     )
                                       (  0.00000     ,  1.00000     )

#********** Integration by Vegas (iteration       1) ************
#                                                               *
#  integral  =  11.922706       accum. integral =  11.922706    *
#  std. dev. = 0.21935288       accum. std. dev = 0.21935288    *
#   min/max. wt. =    0.00000            0.161507               *
#                                                               *
#*************   chi**2/iteration =  0.000       ****************


#********** Integration by Vegas (iteration       2) ************
#                                                               *
#  integral  =  15.563176       accum. integral =  12.080209    *
#  std. dev. =  1.3464672       accum. std. dev = 0.24947120    *
#   min/max. wt. =    0.00000             1.05243               *
#                                                               *
#*************   chi**2/iteration =  8.806       ****************


#********** Integration by Vegas (iteration       3) ************
#                                                               *
#  integral  =  19.377560       accum. integral =  13.357896    *
#  std. dev. = 0.75689801       accum. std. dev = 0.26011903    *
#   min/max. wt. =    0.00000            0.486499               *
#                                                               *
#*************   chi**2/iteration =  60.15       ****************


#********** Integration by Vegas (iteration       4) ************
#                                                               *
#  integral  =  22.780423       accum. integral =  18.141329    *
#  std. dev. = 0.36667093       accum. std. dev = 0.20505591    *
#   min/max. wt. =    0.00000            0.169423               *
#                                                               *
#*************   chi**2/iteration =  207.6       ****************


#********** Integration by Vegas (iteration       5) ************
#                                                               *
#  integral  =  23.001907       accum. integral =  22.757111    *
#  std. dev. = 0.60749715E-01   accum. std. dev = 0.48939544E-01*
#   min/max. wt. =    0.00000            0.270879E-01           *
#                                                               *
#*************   chi**2/iteration =  255.6       ****************


#********** Integration by Vegas (iteration       6) ************
#                                                               *
#  integral  =  22.953228       accum. integral =  22.932129    *
#  std. dev. = 0.20511526E-01   accum. std. dev = 0.16652556E-01*
#   min/max. wt. =    0.00000            0.289943E-02           *
#                                                               *
#*************   chi**2/iteration =  192.7       ****************


#********** Integration by Vegas (iteration       7) ************
#                                                               *
#  integral  =  22.990680       accum. integral =  22.972765    *
#  std. dev. = 0.12886722E-01   accum. std. dev = 0.94441756E-02*
#   min/max. wt. =    0.00000            0.115752E-02           *
#                                                               *
#*************   chi**2/iteration =  154.1       ****************


#********** Integration by Vegas (iteration       8) ************
#                                                               *
#  integral  =  22.969362       accum. integral =  22.971199    *
#  std. dev. = 0.11613783E-01   accum. std. dev = 0.70625768E-02*
#   min/max. wt. =    0.00000            0.812361E-03           *
#                                                               *
#*************   chi**2/iteration =  127.5       ****************


#********** Integration by Vegas (iteration       9) ************
#                                                               *
#  integral  =  22.964273       accum. integral =  22.968896    *
#  std. dev. = 0.11161529E-01   accum. std. dev = 0.58478799E-02*
#   min/max. wt. =    0.00000            0.479197E-03           *
#                                                               *
#*************   chi**2/iteration =  108.7       ****************


#********** Integration by Vegas (iteration      10) ************
#                                                               *
#  integral  =  22.975073       accum. integral =  22.970456    *
#  std. dev. = 0.11078009E-01   accum. std. dev = 0.51092608E-02*
#   min/max. wt. =    0.00000            0.106697E-02           *
#                                                               *
#*************   chi**2/iteration =  94.60       ****************


#********** Integration by Vegas (iteration      11) ************
#                                                               *
#  integral  =  22.972483       accum. integral =  22.970868    *
#  std. dev. = 0.11013758E-01   accum. std. dev = 0.45985469E-02*
#   min/max. wt. =    0.00000            0.971225E-03           *
#                                                               *
#*************   chi**2/iteration =  83.72       ****************


#********** Integration by Vegas (iteration      12) ************
#                                                               *
#  integral  =  22.963104       accum. integral =  22.969545    *
#  std. dev. = 0.10956792E-01   accum. std. dev = 0.42173371E-02*
#   min/max. wt. =    0.00000            0.658090E-03           *
#                                                               *
#*************   chi**2/iteration =  75.12       ****************


#********** Integration by Vegas (iteration      13) ************
#                                                               *
#  integral  =  22.976622       accum. integral =  22.970564    *
#  std. dev. = 0.11034538E-01   accum. std. dev = 0.39245893E-02*
#   min/max. wt. =    0.00000            0.840658E-03           *
#                                                               *
#*************   chi**2/iteration =  68.10       ****************


#********** Integration by Vegas (iteration      14) ************
#                                                               *
#  integral  =  22.982894       accum. integral =  22.972084    *
#  std. dev. = 0.11169381E-01   accum. std. dev = 0.36929132E-02*
#   min/max. wt. =    0.00000            0.725971E-03           *
#                                                               *
#*************   chi**2/iteration =  62.33       ****************


#********** Integration by Vegas (iteration      15) ************
#                                                               *
#  integral  =  22.968042       accum. integral =  22.971640    *
#  std. dev. = 0.11154317E-01   accum. std. dev = 0.34987440E-02*
#   min/max. wt. =    0.00000            0.573881E-03           *
#                                                               *
#*************   chi**2/iteration =  57.41       ****************


  Input parameters for vegas:  ndim=  9   ncall= 80707214.
                              it=    0    itmx=    2
                              acc=-1.00    
                              mds=  1     nd=  50
                              (xl,xu)= (  0.00000     ,  1.00000     )
                                       (  0.00000     ,  1.00000     )
                                       (  0.00000     ,  1.00000     )
                                       (  0.00000     ,  1.00000     )
                                       (  0.00000     ,  1.00000     )
                                       (  0.00000     ,  1.00000     )
                                       (  0.00000     ,  1.00000     )
                                       (  0.00000     ,  1.00000     )
                                       (  0.00000     ,  1.00000     )

#********** Integration by Vegas (iteration       1) ************
#                                                               *
#  integral  =  22.967292       accum. integral =  22.967292    *
#  std. dev. = 0.11250363E-01   accum. std. dev = 0.11250363E-01*
#   min/max. wt. =    0.00000            0.622944E-03           *
#                                                               *
#*************   chi**2/iteration =  0.000       ****************


#********** Integration by Vegas (iteration       2) ************
#                                                               *
#  integral  =  22.979401       accum. integral =  22.973271    *
#  std. dev. = 0.11397306E-01   accum. std. dev = 0.80066819E-02*
#   min/max. wt. =    0.00000            0.129965E-02           *
#                                                               *
#*************   chi**2/iteration = 0.5712       ****************

 Done
