SLURM job running in:  /scratch/groups/lhc/park/JHUGen/JHUGenerator
LHAPDF 6.1.5 loading /work-zfs/lhc/cms/slc6_amd64_gcc493/external/lhapdf/6.1.5-kpegke3/share/LHAPDF/NNPDF30_lo_as_0130/NNPDF30_lo_as_0130_0000.dat
NNPDF30_lo_as_0130 PDF set, member #0, version 2; LHAPDF ID = 263000
 extending no. of histograms for vbf tests
 
                                                                                          
   ***************************************************************************************
   *                                JHU Generator v6.9.3                                 *
   ***************************************************************************************
   *                                                                                     *
   *   Spin and parity determination of single-produced resonances at hadron colliders   *
   *                                                                                     *
   *          I. Anderson, S. Bolognesi, F. Caola, Y. Gao, A. Gritsan, Z. Guo,           *
   *        C. Martin, K. Melnikov, R.Rontsch, H. Roskes, U. Sarica, M. Schulze,         *
   *                   N. Tran, A. Whitbeck, M. Xiao, C. You, Y. Zhou                    *
   *                Phys.Rev. D81 (2010) 075022;  arXiv:1001.3396 [hep-ph],              *
   *                Phys.Rev. D86 (2012) 095031;  arXiv:1208.4018 [hep-ph],              *
   *                Phys.Rev. D89 (2014) 035007;  arXiv:1309.4819 [hep-ph].              *
   *                                                                                     *
   ***************************************************************************************
                                                                                          
   
   Command line: ./JHUGen Unweighted=0 VegasNc0=99999999 VegasNc1=99999999 VegasNc2=99999999 LHAPDF=NNPDF30_lo_as_0130/NNPDF30_lo_as_0130.info MReso=890 ghz1=1,0 Process=60 pTjetcut=0 deltaRcut=0
   
   Input Parameter:
    Collider: P-P, sqrt(s)=13000.00
    Resonance: spin=0, mass= 890.00 width=   0.00407
    Z-boson: mass=91.188, width=2.4952
    W-boson: mass=80.399, width=2.0850
    Jet cuts:
            pT >=     0.00 GeV
        DeltaR >=     0.00
           mJJ >=     0.00 GeV
    Random seed:   449119981
    To reproduce results using this seed, JHUGen should be compiled with the same compiler:
      GNU Fortran (GCC) 4.9.3
    
    WidthScheme:   2
    LHAPDF set NNPDF30_lo_as_0130/NNPDF30_lo_as_0130.info, member=  0
    Unweighted: F
    
    spin-0-VV couplings: 
      generate_as=F
      ghg2=  0.10000000E+01  0.00000000E+00i
      ghg3=  0.00000000E+00  0.00000000E+00i
      ghg4=  0.00000000E+00  0.00000000E+00i
      ghz1=  0.10000000E+01  0.00000000E+00i
      ghz2=  0.00000000E+00  0.00000000E+00i
      ghz3=  0.00000000E+00  0.00000000E+00i
      ghz4=  0.00000000E+00  0.00000000E+00i
      Lambda=  1000.0
    
    LHE output: ./data/output.lhe
    Histogram output: ./data/output.dat
    Log file: ./data/output.log
    
  Running

  Input parameters for vegas:  ndim=  9   ncall= 80707214.
                              it=    0    itmx=   15
                              acc=-1.00    
                              mds=  1     nd=  50
                              (xl,xu)= (  0.00000     ,  1.00000     )
                                       (  0.00000     ,  1.00000     )
                                       (  0.00000     ,  1.00000     )
                                       (  0.00000     ,  1.00000     )
                                       (  0.00000     ,  1.00000     )
                                       (  0.00000     ,  1.00000     )
                                       (  0.00000     ,  1.00000     )
                                       (  0.00000     ,  1.00000     )
                                       (  0.00000     ,  1.00000     )

#********** Integration by Vegas (iteration       1) ************
#                                                               *
#  integral  =  11.256010       accum. integral =  11.256010    *
#  std. dev. = 0.16893530       accum. std. dev = 0.16893530    *
#   min/max. wt. =    0.00000            0.158591               *
#                                                               *
#*************   chi**2/iteration =  0.000       ****************


#********** Integration by Vegas (iteration       2) ************
#                                                               *
#  integral  =  13.133058       accum. integral =  11.567341    *
#  std. dev. = 0.44202604       accum. std. dev = 0.16764964    *
#   min/max. wt. =    0.00000            0.374032               *
#                                                               *
#*************   chi**2/iteration =  17.33       ****************


#********** Integration by Vegas (iteration       3) ************
#                                                               *
#  integral  =  17.117066       accum. integral =  12.180823    *
#  std. dev. = 0.66555110       accum. std. dev = 0.18162669    *
#   min/max. wt. =    0.00000            0.496736               *
#                                                               *
#*************   chi**2/iteration =  52.45       ****************


#********** Integration by Vegas (iteration       4) ************
#                                                               *
#  integral  =  21.860829       accum. integral =  14.479586    *
#  std. dev. = 0.50640940       accum. std. dev = 0.18463731    *
#   min/max. wt. =    0.00000            0.376994               *
#                                                               *
#*************   chi**2/iteration =  191.7       ****************


#********** Integration by Vegas (iteration       5) ************
#                                                               *
#  integral  =  21.978990       accum. integral =  19.919770    *
#  std. dev. = 0.15264994       accum. std. dev = 0.10425641    *
#   min/max. wt. =    0.00000            0.136531               *
#                                                               *
#*************   chi**2/iteration =  381.4       ****************


#********** Integration by Vegas (iteration       6) ************
#                                                               *
#  integral  =  21.794033       accum. integral =  21.623626    *
#  std. dev. = 0.40770690E-01   accum. std. dev = 0.32793127E-01*
#   min/max. wt. =    0.00000            0.632450E-02           *
#                                                               *
#*************   chi**2/iteration =  334.4       ****************


#********** Integration by Vegas (iteration       7) ************
#                                                               *
#  integral  =  21.815147       accum. integral =  21.792202    *
#  std. dev. = 0.14355412E-01   accum. std. dev = 0.11676621E-01*
#   min/max. wt. =  -0.206996E-18        0.122227E-02           *
#                                                               *
#*************   chi**2/iteration =  268.1       ****************


#********** Integration by Vegas (iteration       8) ************
#                                                               *
#  integral  =  21.839670       accum. integral =  21.819823    *
#  std. dev. = 0.11429034E-01   accum. std. dev = 0.77058924E-02*
#   min/max. wt. =    0.00000            0.671854E-03           *
#                                                               *
#*************   chi**2/iteration =  221.9       ****************


#********** Integration by Vegas (iteration       9) ************
#                                                               *
#  integral  =  21.829831       accum. integral =  21.823762    *
#  std. dev. = 0.10816932E-01   accum. std. dev = 0.60930487E-02*
#   min/max. wt. =    0.00000            0.598200E-03           *
#                                                               *
#*************   chi**2/iteration =  188.4       ****************


#********** Integration by Vegas (iteration      10) ************
#                                                               *
#  integral  =  21.824229       accum. integral =  21.823898    *
#  std. dev. = 0.10560980E-01   accum. std. dev = 0.51875038E-02*
#   min/max. wt. =    0.00000            0.536978E-03           *
#                                                               *
#*************   chi**2/iteration =  163.6       ****************


#********** Integration by Vegas (iteration      11) ************
#                                                               *
#  integral  =  21.827897       accum. integral =  21.824818    *
#  std. dev. = 0.10447563E-01   accum. std. dev = 0.45956763E-02*
#   min/max. wt. =    0.00000            0.470938E-03           *
#                                                               *
#*************   chi**2/iteration =  144.4       ****************


#********** Integration by Vegas (iteration      12) ************
#                                                               *
#  integral  =  21.825870       accum. integral =  21.825012    *
#  std. dev. = 0.10533416E-01   accum. std. dev = 0.41826620E-02*
#   min/max. wt. =    0.00000            0.131134E-02           *
#                                                               *
#*************   chi**2/iteration =  129.3       ****************


#********** Integration by Vegas (iteration      13) ************
#                                                               *
#  integral  =  21.824195       accum. integral =  21.824882    *
#  std. dev. = 0.10403495E-01   accum. std. dev = 0.38607032E-02*
#   min/max. wt. =    0.00000            0.430159E-03           *
#                                                               *
#*************   chi**2/iteration =  117.0       ****************


#********** Integration by Vegas (iteration      14) ************
#                                                               *
#  integral  =  21.824444       accum. integral =  21.824822    *
#  std. dev. = 0.10432566E-01   accum. std. dev = 0.36072389E-02*
#   min/max. wt. =    0.00000            0.574055E-03           *
#                                                               *
#*************   chi**2/iteration =  106.8       ****************


#********** Integration by Vegas (iteration      15) ************
#                                                               *
#  integral  =  21.808125       accum. integral =  21.822881    *
#  std. dev. = 0.10620928E-01   accum. std. dev = 0.34069253E-02*
#   min/max. wt. =    0.00000            0.502259E-03           *
#                                                               *
#*************   chi**2/iteration =  98.44       ****************


  Input parameters for vegas:  ndim=  9   ncall= 80707214.
                              it=    0    itmx=    2
                              acc=-1.00    
                              mds=  1     nd=  50
                              (xl,xu)= (  0.00000     ,  1.00000     )
                                       (  0.00000     ,  1.00000     )
                                       (  0.00000     ,  1.00000     )
                                       (  0.00000     ,  1.00000     )
                                       (  0.00000     ,  1.00000     )
                                       (  0.00000     ,  1.00000     )
                                       (  0.00000     ,  1.00000     )
                                       (  0.00000     ,  1.00000     )
                                       (  0.00000     ,  1.00000     )

#********** Integration by Vegas (iteration       1) ************
#                                                               *
#  integral  =  21.825568       accum. integral =  21.825568    *
#  std. dev. = 0.10600495E-01   accum. std. dev = 0.10600495E-01*
#   min/max. wt. =    0.00000            0.664512E-03           *
#                                                               *
#*************   chi**2/iteration =  0.000       ****************


#********** Integration by Vegas (iteration       2) ************
#                                                               *
#  integral  =  21.821829       accum. integral =  21.823757    *
#  std. dev. = 0.10936982E-01   accum. std. dev = 0.76118401E-02*
#   min/max. wt. =    0.00000            0.223300E-02           *
#                                                               *
#*************   chi**2/iteration = 0.6021E-01   ****************

 Done
