SLURM job running in:  /scratch/groups/lhc/park/JHUGen/JHUGenerator
LHAPDF 6.1.5 loading /work-zfs/lhc/cms/slc6_amd64_gcc493/external/lhapdf/6.1.5-kpegke3/share/LHAPDF/NNPDF30_lo_as_0130/NNPDF30_lo_as_0130_0000.dat
NNPDF30_lo_as_0130 PDF set, member #0, version 2; LHAPDF ID = 263000
 extending no. of histograms for vbf tests
 
                                                                                          
   ***************************************************************************************
   *                                JHU Generator v6.9.3                                 *
   ***************************************************************************************
   *                                                                                     *
   *   Spin and parity determination of single-produced resonances at hadron colliders   *
   *                                                                                     *
   *          I. Anderson, S. Bolognesi, F. Caola, Y. Gao, A. Gritsan, Z. Guo,           *
   *        C. Martin, K. Melnikov, R.Rontsch, H. Roskes, U. Sarica, M. Schulze,         *
   *                   N. Tran, A. Whitbeck, M. Xiao, C. You, Y. Zhou                    *
   *                Phys.Rev. D81 (2010) 075022;  arXiv:1001.3396 [hep-ph],              *
   *                Phys.Rev. D86 (2012) 095031;  arXiv:1208.4018 [hep-ph],              *
   *                Phys.Rev. D89 (2014) 035007;  arXiv:1309.4819 [hep-ph].              *
   *                                                                                     *
   ***************************************************************************************
                                                                                          
   
   Command line: ./JHUGen Unweighted=0 VegasNc0=99999999 VegasNc1=99999999 VegasNc2=99999999 LHAPDF=NNPDF30_lo_as_0130/NNPDF30_lo_as_0130.info MReso=930 ghz1=1,0 Process=60 pTjetcut=0 deltaRcut=0
   
   Input Parameter:
    Collider: P-P, sqrt(s)=13000.00
    Resonance: spin=0, mass= 930.00 width=   0.00407
    Z-boson: mass=91.188, width=2.4952
    W-boson: mass=80.399, width=2.0850
    Jet cuts:
            pT >=     0.00 GeV
        DeltaR >=     0.00
           mJJ >=     0.00 GeV
    Random seed:   989543391
    To reproduce results using this seed, JHUGen should be compiled with the same compiler:
      GNU Fortran (GCC) 4.9.3
    
    WidthScheme:   2
    LHAPDF set NNPDF30_lo_as_0130/NNPDF30_lo_as_0130.info, member=  0
    Unweighted: F
    
    spin-0-VV couplings: 
      generate_as=F
      ghg2=  0.10000000E+01  0.00000000E+00i
      ghg3=  0.00000000E+00  0.00000000E+00i
      ghg4=  0.00000000E+00  0.00000000E+00i
      ghz1=  0.10000000E+01  0.00000000E+00i
      ghz2=  0.00000000E+00  0.00000000E+00i
      ghz3=  0.00000000E+00  0.00000000E+00i
      ghz4=  0.00000000E+00  0.00000000E+00i
      Lambda=  1000.0
    
    LHE output: ./data/output.lhe
    Histogram output: ./data/output.dat
    Log file: ./data/output.log
    
  Running

  Input parameters for vegas:  ndim=  9   ncall= 80707214.
                              it=    0    itmx=   15
                              acc=-1.00    
                              mds=  1     nd=  50
                              (xl,xu)= (  0.00000     ,  1.00000     )
                                       (  0.00000     ,  1.00000     )
                                       (  0.00000     ,  1.00000     )
                                       (  0.00000     ,  1.00000     )
                                       (  0.00000     ,  1.00000     )
                                       (  0.00000     ,  1.00000     )
                                       (  0.00000     ,  1.00000     )
                                       (  0.00000     ,  1.00000     )
                                       (  0.00000     ,  1.00000     )

#********** Integration by Vegas (iteration       1) ************
#                                                               *
#  integral  =  9.7000604       accum. integral =  9.7000604    *
#  std. dev. = 0.44531898E-01   accum. std. dev = 0.44531898E-01*
#   min/max. wt. =    0.00000            0.325858E-01           *
#                                                               *
#*************   chi**2/iteration =  0.000       ****************


#********** Integration by Vegas (iteration       2) ************
#                                                               *
#  integral  =  16.758572       accum. integral =  9.7012229    *
#  std. dev. =  5.9946198       accum. std. dev = 0.62853202E-01*
#   min/max. wt. =    0.00000             5.98956               *
#                                                               *
#*************   chi**2/iteration =  2.075       ****************


#********** Integration by Vegas (iteration       3) ************
#                                                               *
#  integral  =  13.807464       accum. integral =  9.7100503    *
#  std. dev. =  1.3655687       accum. std. dev = 0.62962614E-01*
#   min/max. wt. =    0.00000             1.15205               *
#                                                               *
#*************   chi**2/iteration =  5.592       ****************


#********** Integration by Vegas (iteration       4) ************
#                                                               *
#  integral  =  17.470024       accum. integral =  10.136959    *
#  std. dev. = 0.33201871       accum. std. dev = 0.65770740E-01*
#   min/max. wt. =    0.00000            0.189558               *
#                                                               *
#*************   chi**2/iteration =  244.4       ****************


#********** Integration by Vegas (iteration       5) ************
#                                                               *
#  integral  =  18.974287       accum. integral =  14.207206    *
#  std. dev. = 0.91535099E-01   accum. std. dev = 0.51366858E-01*
#   min/max. wt. =    0.00000            0.462558E-01           *
#                                                               *
#*************   chi**2/iteration =  2000.       ****************


#********** Integration by Vegas (iteration       6) ************
#                                                               *
#  integral  =  19.051731       accum. integral =  18.541475    *
#  std. dev. = 0.21401432E-01   accum. std. dev = 0.17317267E-01*
#   min/max. wt. =    0.00000            0.361671E-02           *
#                                                               *
#*************   chi**2/iteration =  2958.       ****************


#********** Integration by Vegas (iteration       7) ************
#                                                               *
#  integral  =  19.055758       accum. integral =  18.931294    *
#  std. dev. = 0.11440858E-01   accum. std. dev = 0.87397309E-02*
#   min/max. wt. =    0.00000            0.849115E-03           *
#                                                               *
#*************   chi**2/iteration =  2448.       ****************


#********** Integration by Vegas (iteration       8) ************
#                                                               *
#  integral  =  19.070705       accum. integral =  19.002062    *
#  std. dev. = 0.98175994E-02   accum. std. dev = 0.62469048E-02*
#   min/max. wt. =    0.00000            0.950403E-03           *
#                                                               *
#*************   chi**2/iteration =  2040.       ****************


#********** Integration by Vegas (iteration       9) ************
#                                                               *
#  integral  =  19.060036       accum. integral =  19.023123    *
#  std. dev. = 0.92551395E-02   accum. std. dev = 0.50540917E-02*
#   min/max. wt. =    0.00000            0.661847E-03           *
#                                                               *
#*************   chi**2/iteration =  1740.       ****************


#********** Integration by Vegas (iteration      10) ************
#                                                               *
#  integral  =  19.064009       accum. integral =  19.034295    *
#  std. dev. = 0.90997172E-02   accum. std. dev = 0.43555112E-02*
#   min/max. wt. =    0.00000            0.620191E-03           *
#                                                               *
#*************   chi**2/iteration =  1516.       ****************


#********** Integration by Vegas (iteration      11) ************
#                                                               *
#  integral  =  19.058799       accum. integral =  19.039557    *
#  std. dev. = 0.90932560E-02   accum. std. dev = 0.38931558E-02*
#   min/max. wt. =    0.00000            0.812216E-03           *
#                                                               *
#*************   chi**2/iteration =  1341.       ****************


#********** Integration by Vegas (iteration      12) ************
#                                                               *
#  integral  =  19.042353       accum. integral =  19.040048    *
#  std. dev. = 0.91189714E-02   accum. std. dev = 0.35594884E-02*
#   min/max. wt. =    0.00000            0.825817E-03           *
#                                                               *
#*************   chi**2/iteration =  1202.       ****************


#********** Integration by Vegas (iteration      13) ************
#                                                               *
#  integral  =  19.064464       accum. integral =  19.043675    *
#  std. dev. = 0.91623489E-02   accum. std. dev = 0.33041365E-02*
#   min/max. wt. =    0.00000            0.484222E-03           *
#                                                               *
#*************   chi**2/iteration =  1090.       ****************


#********** Integration by Vegas (iteration      14) ************
#                                                               *
#  integral  =  19.037008       accum. integral =  19.042814    *
#  std. dev. = 0.91587440E-02   accum. std. dev = 0.30987569E-02*
#   min/max. wt. =    0.00000            0.547731E-03           *
#                                                               *
#*************   chi**2/iteration =  996.0       ****************


#********** Integration by Vegas (iteration      15) ************
#                                                               *
#  integral  =  19.063327       accum. integral =  19.045170    *
#  std. dev. = 0.91493756E-02   accum. std. dev = 0.29281186E-02*
#   min/max. wt. =    0.00000            0.610962E-03           *
#                                                               *
#*************   chi**2/iteration =  917.2       ****************


  Input parameters for vegas:  ndim=  9   ncall= 80707214.
                              it=    0    itmx=    2
                              acc=-1.00    
                              mds=  1     nd=  50
                              (xl,xu)= (  0.00000     ,  1.00000     )
                                       (  0.00000     ,  1.00000     )
                                       (  0.00000     ,  1.00000     )
                                       (  0.00000     ,  1.00000     )
                                       (  0.00000     ,  1.00000     )
                                       (  0.00000     ,  1.00000     )
                                       (  0.00000     ,  1.00000     )
                                       (  0.00000     ,  1.00000     )
                                       (  0.00000     ,  1.00000     )

#********** Integration by Vegas (iteration       1) ************
#                                                               *
#  integral  =  19.057472       accum. integral =  19.057472    *
#  std. dev. = 0.93092954E-02   accum. std. dev = 0.93092954E-02*
#   min/max. wt. =    0.00000            0.822638E-03           *
#                                                               *
#*************   chi**2/iteration =  0.000       ****************


#********** Integration by Vegas (iteration       2) ************
#                                                               *
#  integral  =  19.072868       accum. integral =  19.065199    *
#  std. dev. = 0.92809220E-02   accum. std. dev = 0.65726033E-02*
#   min/max. wt. =    0.00000            0.103756E-02           *
#                                                               *
#*************   chi**2/iteration =  1.370       ****************

 Done
