SLURM job running in:  /scratch/groups/lhc/park/JHUGen/JHUGenerator
LHAPDF 6.1.5 loading /work-zfs/lhc/cms/slc6_amd64_gcc493/external/lhapdf/6.1.5-kpegke3/share/LHAPDF/NNPDF30_lo_as_0130/NNPDF30_lo_as_0130_0000.dat
NNPDF30_lo_as_0130 PDF set, member #0, version 2; LHAPDF ID = 263000
 extending no. of histograms for vbf tests
 
                                                                                          
   ***************************************************************************************
   *                                JHU Generator v6.9.3                                 *
   ***************************************************************************************
   *                                                                                     *
   *   Spin and parity determination of single-produced resonances at hadron colliders   *
   *                                                                                     *
   *          I. Anderson, S. Bolognesi, F. Caola, Y. Gao, A. Gritsan, Z. Guo,           *
   *        C. Martin, K. Melnikov, R.Rontsch, H. Roskes, U. Sarica, M. Schulze,         *
   *                   N. Tran, A. Whitbeck, M. Xiao, C. You, Y. Zhou                    *
   *                Phys.Rev. D81 (2010) 075022;  arXiv:1001.3396 [hep-ph],              *
   *                Phys.Rev. D86 (2012) 095031;  arXiv:1208.4018 [hep-ph],              *
   *                Phys.Rev. D89 (2014) 035007;  arXiv:1309.4819 [hep-ph].              *
   *                                                                                     *
   ***************************************************************************************
                                                                                          
   
   Command line: ./JHUGen Unweighted=0 VegasNc0=99999999 VegasNc1=99999999 VegasNc2=99999999 LHAPDF=NNPDF30_lo_as_0130/NNPDF30_lo_as_0130.info MReso=955 ghz1=1,0 Process=60 pTjetcut=0 deltaRcut=0
   
   Input Parameter:
    Collider: P-P, sqrt(s)=13000.00
    Resonance: spin=0, mass= 955.00 width=   0.00407
    Z-boson: mass=91.188, width=2.4952
    W-boson: mass=80.399, width=2.0850
    Jet cuts:
            pT >=     0.00 GeV
        DeltaR >=     0.00
           mJJ >=     0.00 GeV
    Random seed:   982233458
    To reproduce results using this seed, JHUGen should be compiled with the same compiler:
      GNU Fortran (GCC) 4.9.3
    
    WidthScheme:   2
    LHAPDF set NNPDF30_lo_as_0130/NNPDF30_lo_as_0130.info, member=  0
    Unweighted: F
    
    spin-0-VV couplings: 
      generate_as=F
      ghg2=  0.10000000E+01  0.00000000E+00i
      ghg3=  0.00000000E+00  0.00000000E+00i
      ghg4=  0.00000000E+00  0.00000000E+00i
      ghz1=  0.10000000E+01  0.00000000E+00i
      ghz2=  0.00000000E+00  0.00000000E+00i
      ghz3=  0.00000000E+00  0.00000000E+00i
      ghz4=  0.00000000E+00  0.00000000E+00i
      Lambda=  1000.0
    
    LHE output: ./data/output.lhe
    Histogram output: ./data/output.dat
    Log file: ./data/output.log
    
  Running

  Input parameters for vegas:  ndim=  9   ncall= 80707214.
                              it=    0    itmx=   15
                              acc=-1.00    
                              mds=  1     nd=  50
                              (xl,xu)= (  0.00000     ,  1.00000     )
                                       (  0.00000     ,  1.00000     )
                                       (  0.00000     ,  1.00000     )
                                       (  0.00000     ,  1.00000     )
                                       (  0.00000     ,  1.00000     )
                                       (  0.00000     ,  1.00000     )
                                       (  0.00000     ,  1.00000     )
                                       (  0.00000     ,  1.00000     )
                                       (  0.00000     ,  1.00000     )

#********** Integration by Vegas (iteration       1) ************
#                                                               *
#  integral  =  8.9048393       accum. integral =  8.9048393    *
#  std. dev. = 0.30224528E-01   accum. std. dev = 0.30224528E-01*
#   min/max. wt. =    0.00000            0.147165E-01           *
#                                                               *
#*************   chi**2/iteration =  0.000       ****************


#********** Integration by Vegas (iteration       2) ************
#                                                               *
#  integral  =  10.214662       accum. integral =  8.9200201    *
#  std. dev. = 0.32017350       accum. std. dev = 0.32334439E-01*
#   min/max. wt. =    0.00000            0.206081               *
#                                                               *
#*************   chi**2/iteration =  18.78       ****************


#********** Integration by Vegas (iteration       3) ************
#                                                               *
#  integral  =  16.434312       accum. integral =  8.9236236    *
#  std. dev. =  2.5318092       accum. std. dev = 0.41488927E-01*
#   min/max. wt. =    0.00000             2.13652               *
#                                                               *
#*************   chi**2/iteration =  13.56       ****************


#********** Integration by Vegas (iteration       4) ************
#                                                               *
#  integral  =  17.158747       accum. integral =  8.9901592    *
#  std. dev. = 0.64140137       accum. std. dev = 0.45951437E-01*
#   min/max. wt. =    0.00000            0.404472               *
#                                                               *
#*************   chi**2/iteration =  93.08       ****************


#********** Integration by Vegas (iteration       5) ************
#                                                               *
#  integral  =  17.448381       accum. integral =  11.434518    *
#  std. dev. = 0.91957201E-01   accum. std. dev = 0.41107238E-01*
#   min/max. wt. =    0.00000            0.362806E-01           *
#                                                               *
#*************   chi**2/iteration =  2236.       ****************


#********** Integration by Vegas (iteration       6) ************
#                                                               *
#  integral  =  17.529476       accum. integral =  16.688963    *
#  std. dev. = 0.19863285E-01   accum. std. dev = 0.15839221E-01*
#   min/max. wt. =    0.00000            0.513913E-02           *
#                                                               *
#*************   chi**2/iteration =  5182.       ****************


#********** Integration by Vegas (iteration       7) ************
#                                                               *
#  integral  =  17.503366       accum. integral =  17.303351    *
#  std. dev. = 0.10507308E-01   accum. std. dev = 0.80443607E-02*
#   min/max. wt. =    0.00000            0.989541E-03           *
#                                                               *
#*************   chi**2/iteration =  4428.       ****************


#********** Integration by Vegas (iteration       8) ************
#                                                               *
#  integral  =  17.535195       accum. integral =  17.420945    *
#  std. dev. = 0.90119895E-02   accum. std. dev = 0.57491219E-02*
#   min/max. wt. =    0.00000            0.419363E-03           *
#                                                               *
#*************   chi**2/iteration =  3720.       ****************


#********** Integration by Vegas (iteration       9) ************
#                                                               *
#  integral  =  17.544698       accum. integral =  17.465148    *
#  std. dev. = 0.86147010E-02   accum. std. dev = 0.46723698E-02*
#   min/max. wt. =    0.00000            0.378555E-03           *
#                                                               *
#*************   chi**2/iteration =  3188.       ****************


#********** Integration by Vegas (iteration      10) ************
#                                                               *
#  integral  =  17.534540       accum. integral =  17.483989    *
#  std. dev. = 0.84284906E-02   accum. std. dev = 0.40301399E-02*
#   min/max. wt. =    0.00000            0.398713E-03           *
#                                                               *
#*************   chi**2/iteration =  2781.       ****************


#********** Integration by Vegas (iteration      11) ************
#                                                               *
#  integral  =  17.530818       accum. integral =  17.493995    *
#  std. dev. = 0.84237758E-02   accum. std. dev = 0.36040302E-02*
#   min/max. wt. =    0.00000            0.411809E-03           *
#                                                               *
#*************   chi**2/iteration =  2464.       ****************


#********** Integration by Vegas (iteration      12) ************
#                                                               *
#  integral  =  17.533574       accum. integral =  17.500953    *
#  std. dev. = 0.84321486E-02   accum. std. dev = 0.32947024E-02*
#   min/max. wt. =    0.00000            0.369077E-03           *
#                                                               *
#*************   chi**2/iteration =  2211.       ****************


#********** Integration by Vegas (iteration      13) ************
#                                                               *
#  integral  =  17.538714       accum. integral =  17.506488    *
#  std. dev. = 0.85334366E-02   accum. std. dev = 0.30614376E-02*
#   min/max. wt. =    0.00000            0.459643E-03           *
#                                                               *
#*************   chi**2/iteration =  2005.       ****************


#********** Integration by Vegas (iteration      14) ************
#                                                               *
#  integral  =  17.520049       accum. integral =  17.508251    *
#  std. dev. = 0.84408034E-02   accum. std. dev = 0.28693127E-02*
#   min/max. wt. =    0.00000            0.404281E-03           *
#                                                               *
#*************   chi**2/iteration =  1833.       ****************


#********** Integration by Vegas (iteration      15) ************
#                                                               *
#  integral  =  17.533228       accum. integral =  17.511024    *
#  std. dev. = 0.86209053E-02   accum. std. dev = 0.27168217E-02*
#   min/max. wt. =    0.00000            0.459649E-03           *
#                                                               *
#*************   chi**2/iteration =  1689.       ****************


  Input parameters for vegas:  ndim=  9   ncall= 80707214.
                              it=    0    itmx=    2
                              acc=-1.00    
                              mds=  1     nd=  50
                              (xl,xu)= (  0.00000     ,  1.00000     )
                                       (  0.00000     ,  1.00000     )
                                       (  0.00000     ,  1.00000     )
                                       (  0.00000     ,  1.00000     )
                                       (  0.00000     ,  1.00000     )
                                       (  0.00000     ,  1.00000     )
                                       (  0.00000     ,  1.00000     )
                                       (  0.00000     ,  1.00000     )
                                       (  0.00000     ,  1.00000     )

#********** Integration by Vegas (iteration       1) ************
#                                                               *
#  integral  =  17.541464       accum. integral =  17.541464    *
#  std. dev. = 0.86040354E-02   accum. std. dev = 0.86040354E-02*
#   min/max. wt. =    0.00000            0.578981E-03           *
#                                                               *
#*************   chi**2/iteration =  0.000       ****************


#********** Integration by Vegas (iteration       2) ************
#                                                               *
#  integral  =  17.542785       accum. integral =  17.542131    *
#  std. dev. = 0.85151440E-02   accum. std. dev = 0.60522968E-02*
#   min/max. wt. =    0.00000            0.398167E-03           *
#                                                               *
#*************   chi**2/iteration = 0.1189E-01   ****************

 Done
