SLURM job running in:  /scratch/groups/lhc/park/JHUGen/JHUGenerator
LHAPDF 6.1.5 loading /work-zfs/lhc/cms/slc6_amd64_gcc493/external/lhapdf/6.1.5-kpegke3/share/LHAPDF/NNPDF30_lo_as_0130/NNPDF30_lo_as_0130_0000.dat
NNPDF30_lo_as_0130 PDF set, member #0, version 2; LHAPDF ID = 263000
 
                                                                                          
   ***************************************************************************************
   *                                JHU Generator v6.9.3                                 *
   ***************************************************************************************
   *                                                                                     *
   *   Spin and parity determination of single-produced resonances at hadron colliders   *
   *                                                                                     *
   *          I. Anderson, S. Bolognesi, F. Caola, Y. Gao, A. Gritsan, Z. Guo,           *
   *        C. Martin, K. Melnikov, R.Rontsch, H. Roskes, U. Sarica, M. Schulze,         *
   *                   N. Tran, A. Whitbeck, M. Xiao, C. You, Y. Zhou                    *
   *                Phys.Rev. D81 (2010) 075022;  arXiv:1001.3396 [hep-ph],              *
   *                Phys.Rev. D86 (2012) 095031;  arXiv:1208.4018 [hep-ph],              *
   *                Phys.Rev. D89 (2014) 035007;  arXiv:1309.4819 [hep-ph].              *
   *                                                                                     *
   ***************************************************************************************
                                                                                          
   
   Command line: ./JHUGen Unweighted=0 VegasNc0=99999999 VegasNc1=99999999 VegasNc2=99999999 LHAPDF=NNPDF30_lo_as_0130/NNPDF30_lo_as_0130.info MReso=1050 Process=61 ghg2=1,0
   
   Input Parameter:
    Collider: P-P, sqrt(s)=13000.00
    Resonance: spin=0, mass=1050.00 width=   0.00407
    Jet cuts:
            pT >=    15.00 GeV
        DeltaR >=     0.30
           mJJ >=     0.00 GeV
    Random seed:   200964518
    To reproduce results using this seed, JHUGen should be compiled with the same compiler:
      GNU Fortran (GCC) 4.9.3
    
    WidthScheme:   2
    LHAPDF set NNPDF30_lo_as_0130/NNPDF30_lo_as_0130.info, member=  0
    Unweighted: F
    
    spin-0-VV couplings: 
      generate_as=F
      ghg2=  0.10000000E+01  0.00000000E+00i
      ghg3=  0.00000000E+00  0.00000000E+00i
      ghg4=  0.00000000E+00  0.00000000E+00i
      ghz1=  0.20000000E+01  0.00000000E+00i
      ghz2=  0.00000000E+00  0.00000000E+00i
      ghz3=  0.00000000E+00  0.00000000E+00i
      ghz4=  0.00000000E+00  0.00000000E+00i
      Lambda=  1000.0
    
    LHE output: ./data/output.lhe
    Histogram output: ./data/output.dat
    Log file: ./data/output.log
    
  Running

  Input parameters for vegas:  ndim=  9   ncall= 80707214.
                              it=    0    itmx=   15
                              acc=-1.00    
                              mds=  1     nd=  50
                              (xl,xu)= (  0.00000     ,  1.00000     )
                                       (  0.00000     ,  1.00000     )
                                       (  0.00000     ,  1.00000     )
                                       (  0.00000     ,  1.00000     )
                                       (  0.00000     ,  1.00000     )
                                       (  0.00000     ,  1.00000     )
                                       (  0.00000     ,  1.00000     )
                                       (  0.00000     ,  1.00000     )
                                       (  0.00000     ,  1.00000     )

#********** Integration by Vegas (iteration       1) ************
#                                                               *
#  integral  =  98.386003       accum. integral =  98.386003    *
#  std. dev. =  10.513320       accum. std. dev =  10.513320    *
#   min/max. wt. =    0.00000             9.68176               *
#                                                               *
#*************   chi**2/iteration = -.3291E-10   ****************


#********** Integration by Vegas (iteration       2) ************
#                                                               *
#  integral  =  111.72297       accum. integral =  110.67179    *
#  std. dev. =  3.4921085       accum. std. dev =  3.1579545    *
#   min/max. wt. =    0.00000             2.67230               *
#                                                               *
#*************   chi**2/iteration =  1.294       ****************


#********** Integration by Vegas (iteration       3) ************
#                                                               *
#  integral  =  113.88927       accum. integral =  113.28161    *
#  std. dev. =  1.6486402       accum. std. dev =  1.4108633    *
#   min/max. wt. =    0.00000             1.35044               *
#                                                               *
#*************   chi**2/iteration =  1.011       ****************


#********** Integration by Vegas (iteration       4) ************
#                                                               *
#  integral  =  113.26207       accum. integral =  113.26439    *
#  std. dev. = 0.54191475       accum. std. dev = 0.49183890    *
#   min/max. wt. =    0.00000            0.343575               *
#                                                               *
#*************   chi**2/iteration = 0.6582       ****************


#********** Integration by Vegas (iteration       5) ************
#                                                               *
#  integral  =  113.26401       accum. integral =  113.26406    *
#  std. dev. = 0.19533860       accum. std. dev = 0.17752664    *
#   min/max. wt. =    0.00000            0.682091E-01           *
#                                                               *
#*************   chi**2/iteration = 0.4868       ****************


#********** Integration by Vegas (iteration       6) ************
#                                                               *
#  integral  =  113.45743       accum. integral =  113.40937    *
#  std. dev. = 0.10504906       accum. std. dev = 0.88933183E-01*
#   min/max. wt. =    0.00000            0.315014E-01           *
#                                                               *
#*************   chi**2/iteration = 0.5623       ****************


#********** Integration by Vegas (iteration       7) ************
#                                                               *
#  integral  =  113.51722       accum. integral =  113.46927    *
#  std. dev. = 0.81531383E-01   accum. std. dev = 0.59513828E-01*
#   min/max. wt. =    0.00000            0.127077E-01           *
#                                                               *
#*************   chi**2/iteration = 0.6004       ****************


#********** Integration by Vegas (iteration       8) ************
#                                                               *
#  integral  =  113.53595       accum. integral =  113.49790    *
#  std. dev. = 0.70055266E-01   accum. std. dev = 0.45076617E-01*
#   min/max. wt. =    0.00000            0.788541E-02           *
#                                                               *
#*************   chi**2/iteration = 0.5885       ****************


#********** Integration by Vegas (iteration       9) ************
#                                                               *
#  integral  =  113.56706       accum. integral =  113.51682    *
#  std. dev. = 0.74806287E-01   accum. std. dev = 0.38497093E-01*
#   min/max. wt. =    0.00000            0.331307E-01           *
#                                                               *
#*************   chi**2/iteration = 0.5930       ****************


#********** Integration by Vegas (iteration      10) ************
#                                                               *
#  integral  =  113.53370       accum. integral =  113.52067    *
#  std. dev. = 0.71967524E-01   accum. std. dev = 0.33878044E-01*
#   min/max. wt. =    0.00000            0.646839E-02           *
#                                                               *
#*************   chi**2/iteration = 0.5303       ****************


#********** Integration by Vegas (iteration      11) ************
#                                                               *
#  integral  =  113.65071       accum. integral =  113.54909    *
#  std. dev. = 0.65069467E-01   accum. std. dev = 0.29991753E-01*
#   min/max. wt. =    0.00000            0.501746E-02           *
#                                                               *
#*************   chi**2/iteration = 0.7968       ****************


#********** Integration by Vegas (iteration      12) ************
#                                                               *
#  integral  =  113.61685       accum. integral =  113.55218    *
#  std. dev. = 0.13914345       accum. std. dev = 0.29334320E-01*
#   min/max. wt. =    0.00000            0.123126               *
#                                                               *
#*************   chi**2/iteration = 0.7438       ****************


#********** Integration by Vegas (iteration      13) ************
#                                                               *
#  integral  =  113.59580       accum. integral =  113.55422    *
#  std. dev. = 0.13388627       accum. std. dev = 0.28665800E-01*
#   min/max. wt. =    0.00000            0.954285E-02           *
#                                                               *
#*************   chi**2/iteration = 0.6892       ****************


#********** Integration by Vegas (iteration      14) ************
#                                                               *
#  integral  =  113.42433       accum. integral =  113.53745    *
#  std. dev. = 0.75178908E-01   accum. std. dev = 0.26769845E-01*
#   min/max. wt. =    0.00000            0.145762E-01           *
#                                                               *
#*************   chi**2/iteration = 0.8389       ****************


#********** Integration by Vegas (iteration      15) ************
#                                                               *
#  integral  =  113.52218       accum. integral =  113.53524    *
#  std. dev. = 0.65754873E-01   accum. std. dev = 0.24774856E-01*
#   min/max. wt. =    0.00000            0.470883E-02           *
#                                                               *
#*************   chi**2/iteration = 0.7813       ****************


  Input parameters for vegas:  ndim=  9   ncall= 80707214.
                              it=    0    itmx=    2
                              acc=-1.00    
                              mds=  1     nd=  50
                              (xl,xu)= (  0.00000     ,  1.00000     )
                                       (  0.00000     ,  1.00000     )
                                       (  0.00000     ,  1.00000     )
                                       (  0.00000     ,  1.00000     )
                                       (  0.00000     ,  1.00000     )
                                       (  0.00000     ,  1.00000     )
                                       (  0.00000     ,  1.00000     )
                                       (  0.00000     ,  1.00000     )
                                       (  0.00000     ,  1.00000     )

#********** Integration by Vegas (iteration       1) ************
#                                                               *
#  integral  =  113.60937       accum. integral =  113.60937    *
#  std. dev. = 0.64871411E-01   accum. std. dev = 0.64871411E-01*
#   min/max. wt. =    0.00000            0.840463E-02           *
#                                                               *
#*************   chi**2/iteration =  0.000       ****************


#********** Integration by Vegas (iteration       2) ************
#                                                               *
#  integral  =  113.60519       accum. integral =  113.60725    *
#  std. dev. = 0.64129046E-01   accum. std. dev = 0.45606293E-01*
#   min/max. wt. =    0.00000            0.493038E-02           *
#                                                               *
#*************   chi**2/iteration = 0.2096E-02   ****************

 Done
