SLURM job running in:  /scratch/groups/lhc/park/JHUGen/JHUGenerator
LHAPDF 6.1.5 loading /work-zfs/lhc/cms/slc6_amd64_gcc493/external/lhapdf/6.1.5-kpegke3/share/LHAPDF/NNPDF30_lo_as_0130/NNPDF30_lo_as_0130_0000.dat
NNPDF30_lo_as_0130 PDF set, member #0, version 2; LHAPDF ID = 263000
 
                                                                                          
   ***************************************************************************************
   *                                JHU Generator v6.9.3                                 *
   ***************************************************************************************
   *                                                                                     *
   *   Spin and parity determination of single-produced resonances at hadron colliders   *
   *                                                                                     *
   *          I. Anderson, S. Bolognesi, F. Caola, Y. Gao, A. Gritsan, Z. Guo,           *
   *        C. Martin, K. Melnikov, R.Rontsch, H. Roskes, U. Sarica, M. Schulze,         *
   *                   N. Tran, A. Whitbeck, M. Xiao, C. You, Y. Zhou                    *
   *                Phys.Rev. D81 (2010) 075022;  arXiv:1001.3396 [hep-ph],              *
   *                Phys.Rev. D86 (2012) 095031;  arXiv:1208.4018 [hep-ph],              *
   *                Phys.Rev. D89 (2014) 035007;  arXiv:1309.4819 [hep-ph].              *
   *                                                                                     *
   ***************************************************************************************
                                                                                          
   
   Command line: ./JHUGen Unweighted=0 VegasNc0=99999999 VegasNc1=99999999 VegasNc2=99999999 LHAPDF=NNPDF30_lo_as_0130/NNPDF30_lo_as_0130.info MReso=1070 Process=61 ghg2=1,0
   
   Input Parameter:
    Collider: P-P, sqrt(s)=13000.00
    Resonance: spin=0, mass=1070.00 width=   0.00407
    Jet cuts:
            pT >=    15.00 GeV
        DeltaR >=     0.30
           mJJ >=     0.00 GeV
    Random seed:   927480378
    To reproduce results using this seed, JHUGen should be compiled with the same compiler:
      GNU Fortran (GCC) 4.9.3
    
    WidthScheme:   2
    LHAPDF set NNPDF30_lo_as_0130/NNPDF30_lo_as_0130.info, member=  0
    Unweighted: F
    
    spin-0-VV couplings: 
      generate_as=F
      ghg2=  0.10000000E+01  0.00000000E+00i
      ghg3=  0.00000000E+00  0.00000000E+00i
      ghg4=  0.00000000E+00  0.00000000E+00i
      ghz1=  0.20000000E+01  0.00000000E+00i
      ghz2=  0.00000000E+00  0.00000000E+00i
      ghz3=  0.00000000E+00  0.00000000E+00i
      ghz4=  0.00000000E+00  0.00000000E+00i
      Lambda=  1000.0
    
    LHE output: ./data/output.lhe
    Histogram output: ./data/output.dat
    Log file: ./data/output.log
    
  Running

  Input parameters for vegas:  ndim=  9   ncall= 80707214.
                              it=    0    itmx=   15
                              acc=-1.00    
                              mds=  1     nd=  50
                              (xl,xu)= (  0.00000     ,  1.00000     )
                                       (  0.00000     ,  1.00000     )
                                       (  0.00000     ,  1.00000     )
                                       (  0.00000     ,  1.00000     )
                                       (  0.00000     ,  1.00000     )
                                       (  0.00000     ,  1.00000     )
                                       (  0.00000     ,  1.00000     )
                                       (  0.00000     ,  1.00000     )
                                       (  0.00000     ,  1.00000     )

#********** Integration by Vegas (iteration       1) ************
#                                                               *
#  integral  =  84.420769       accum. integral =  84.420769    *
#  std. dev. =  5.6957478       accum. std. dev =  5.6957478    *
#   min/max. wt. =    0.00000             3.67574               *
#                                                               *
#*************   chi**2/iteration =  0.000       ****************


#********** Integration by Vegas (iteration       2) ************
#                                                               *
#  integral  =  105.03779       accum. integral =  103.64724    *
#  std. dev. =  1.9058583       accum. std. dev =  1.6696384    *
#   min/max. wt. =    0.00000            0.978465               *
#                                                               *
#*************   chi**2/iteration =  9.581       ****************


#********** Integration by Vegas (iteration       3) ************
#                                                               *
#  integral  =  105.05523       accum. integral =  104.90317    *
#  std. dev. = 0.64051362       accum. std. dev = 0.56806397    *
#   min/max. wt. =    0.00000            0.478802               *
#                                                               *
#*************   chi**2/iteration =  4.767       ****************


#********** Integration by Vegas (iteration       4) ************
#                                                               *
#  integral  =  106.78008       accum. integral =  105.63868    *
#  std. dev. = 0.76596443       accum. std. dev = 0.45239210    *
#   min/max. wt. =    0.00000            0.687191               *
#                                                               *
#*************   chi**2/iteration =  4.415       ****************


#********** Integration by Vegas (iteration       5) ************
#                                                               *
#  integral  =  106.25228       accum. integral =  106.06467    *
#  std. dev. = 0.31663996       accum. std. dev = 0.25294731    *
#   min/max. wt. =    0.00000            0.515364E-01           *
#                                                               *
#*************   chi**2/iteration =  3.551       ****************


#********** Integration by Vegas (iteration       6) ************
#                                                               *
#  integral  =  106.25394       accum. integral =  106.23165    *
#  std. dev. = 0.96386630E-01   accum. std. dev = 0.87432666E-01*
#   min/max. wt. =    0.00000            0.194677E-01           *
#                                                               *
#*************   chi**2/iteration =  2.897       ****************


#********** Integration by Vegas (iteration       7) ************
#                                                               *
#  integral  =  106.51595       accum. integral =  106.30524    *
#  std. dev. = 0.15357514       accum. std. dev = 0.75686820E-01*
#   min/max. wt. =    0.00000            0.134310               *
#                                                               *
#*************   chi**2/iteration =  2.839       ****************


#********** Integration by Vegas (iteration       8) ************
#                                                               *
#  integral  =  106.32274       accum. integral =  106.30968    *
#  std. dev. = 0.13371934       accum. std. dev = 0.65631238E-01*
#   min/max. wt. =    0.00000            0.107724E-01           *
#                                                               *
#*************   chi**2/iteration =  2.417       ****************


#********** Integration by Vegas (iteration       9) ************
#                                                               *
#  integral  =  106.52830       accum. integral =  106.41186    *
#  std. dev. = 0.72061169E-01   accum. std. dev = 0.48052808E-01*
#   min/max. wt. =    0.00000            0.873899E-02           *
#                                                               *
#*************   chi**2/iteration =  2.745       ****************


#********** Integration by Vegas (iteration      10) ************
#                                                               *
#  integral  =  106.28588       accum. integral =  106.36395    *
#  std. dev. = 0.62751750E-01   accum. std. dev = 0.37917116E-01*
#   min/max. wt. =    0.00000            0.585780E-02           *
#                                                               *
#*************   chi**2/iteration =  2.718       ****************


#********** Integration by Vegas (iteration      11) ************
#                                                               *
#  integral  =  106.36436       accum. integral =  106.36407    *
#  std. dev. = 0.61876640E-01   accum. std. dev = 0.32204627E-01*
#   min/max. wt. =    0.00000            0.766847E-02           *
#                                                               *
#*************   chi**2/iteration =  2.437       ****************


#********** Integration by Vegas (iteration      12) ************
#                                                               *
#  integral  =  106.44657       accum. integral =  106.38246    *
#  std. dev. = 0.61327319E-01   accum. std. dev = 0.28436267E-01*
#   min/max. wt. =    0.00000            0.475244E-02           *
#                                                               *
#*************   chi**2/iteration =  2.340       ****************


#********** Integration by Vegas (iteration      13) ************
#                                                               *
#  integral  =  106.32614       accum. integral =  106.37192    *
#  std. dev. = 0.60283610E-01   accum. std. dev = 0.25671961E-01*
#   min/max. wt. =    0.00000            0.395088E-02           *
#                                                               *
#*************   chi**2/iteration =  2.201       ****************


#********** Integration by Vegas (iteration      14) ************
#                                                               *
#  integral  =  106.42694       accum. integral =  106.38016    *
#  std. dev. = 0.62202445E-01   accum. std. dev = 0.23700681E-01*
#   min/max. wt. =    0.00000            0.100039E-01           *
#                                                               *
#*************   chi**2/iteration =  2.079       ****************


#********** Integration by Vegas (iteration      15) ************
#                                                               *
#  integral  =  106.46220       accum. integral =  106.39154    *
#  std. dev. = 0.59992465E-01   accum. std. dev = 0.22018813E-01*
#   min/max. wt. =    0.00000            0.289384E-02           *
#                                                               *
#*************   chi**2/iteration =  2.045       ****************


  Input parameters for vegas:  ndim=  9   ncall= 80707214.
                              it=    0    itmx=    2
                              acc=-1.00    
                              mds=  1     nd=  50
                              (xl,xu)= (  0.00000     ,  1.00000     )
                                       (  0.00000     ,  1.00000     )
                                       (  0.00000     ,  1.00000     )
                                       (  0.00000     ,  1.00000     )
                                       (  0.00000     ,  1.00000     )
                                       (  0.00000     ,  1.00000     )
                                       (  0.00000     ,  1.00000     )
                                       (  0.00000     ,  1.00000     )
                                       (  0.00000     ,  1.00000     )

#********** Integration by Vegas (iteration       1) ************
#                                                               *
#  integral  =  106.41578       accum. integral =  106.41578    *
#  std. dev. = 0.61227025E-01   accum. std. dev = 0.61227025E-01*
#   min/max. wt. =    0.00000            0.497218E-02           *
#                                                               *
#*************   chi**2/iteration = -.4852E-06   ****************


#********** Integration by Vegas (iteration       2) ************
#                                                               *
#  integral  =  106.36458       accum. integral =  106.39079    *
#  std. dev. = 0.62672138E-01   accum. std. dev = 0.43795785E-01*
#   min/max. wt. =    0.00000            0.143544E-01           *
#                                                               *
#*************   chi**2/iteration = 0.3412       ****************

 Done
