SLURM job running in:  /scratch/groups/lhc/park/JHUGen/JHUGenerator
LHAPDF 6.1.5 loading /work-zfs/lhc/cms/slc6_amd64_gcc493/external/lhapdf/6.1.5-kpegke3/share/LHAPDF/NNPDF30_lo_as_0130/NNPDF30_lo_as_0130_0000.dat
NNPDF30_lo_as_0130 PDF set, member #0, version 2; LHAPDF ID = 263000
 
                                                                                          
   ***************************************************************************************
   *                                JHU Generator v6.9.3                                 *
   ***************************************************************************************
   *                                                                                     *
   *   Spin and parity determination of single-produced resonances at hadron colliders   *
   *                                                                                     *
   *          I. Anderson, S. Bolognesi, F. Caola, Y. Gao, A. Gritsan, Z. Guo,           *
   *        C. Martin, K. Melnikov, R.Rontsch, H. Roskes, U. Sarica, M. Schulze,         *
   *                   N. Tran, A. Whitbeck, M. Xiao, C. You, Y. Zhou                    *
   *                Phys.Rev. D81 (2010) 075022;  arXiv:1001.3396 [hep-ph],              *
   *                Phys.Rev. D86 (2012) 095031;  arXiv:1208.4018 [hep-ph],              *
   *                Phys.Rev. D89 (2014) 035007;  arXiv:1309.4819 [hep-ph].              *
   *                                                                                     *
   ***************************************************************************************
                                                                                          
   
   Command line: ./JHUGen Unweighted=0 VegasNc0=99999999 VegasNc1=99999999 VegasNc2=99999999 LHAPDF=NNPDF30_lo_as_0130/NNPDF30_lo_as_0130.info MReso=1110 Process=61 ghg2=1,0
   
   Input Parameter:
    Collider: P-P, sqrt(s)=13000.00
    Resonance: spin=0, mass=1110.00 width=   0.00407
    Jet cuts:
            pT >=    15.00 GeV
        DeltaR >=     0.30
           mJJ >=     0.00 GeV
    Random seed:   292509660
    To reproduce results using this seed, JHUGen should be compiled with the same compiler:
      GNU Fortran (GCC) 4.9.3
    
    WidthScheme:   2
    LHAPDF set NNPDF30_lo_as_0130/NNPDF30_lo_as_0130.info, member=  0
    Unweighted: F
    
    spin-0-VV couplings: 
      generate_as=F
      ghg2=  0.10000000E+01  0.00000000E+00i
      ghg3=  0.00000000E+00  0.00000000E+00i
      ghg4=  0.00000000E+00  0.00000000E+00i
      ghz1=  0.20000000E+01  0.00000000E+00i
      ghz2=  0.00000000E+00  0.00000000E+00i
      ghz3=  0.00000000E+00  0.00000000E+00i
      ghz4=  0.00000000E+00  0.00000000E+00i
      Lambda=  1000.0
    
    LHE output: ./data/output.lhe
    Histogram output: ./data/output.dat
    Log file: ./data/output.log
    
  Running

  Input parameters for vegas:  ndim=  9   ncall= 80707214.
                              it=    0    itmx=   15
                              acc=-1.00    
                              mds=  1     nd=  50
                              (xl,xu)= (  0.00000     ,  1.00000     )
                                       (  0.00000     ,  1.00000     )
                                       (  0.00000     ,  1.00000     )
                                       (  0.00000     ,  1.00000     )
                                       (  0.00000     ,  1.00000     )
                                       (  0.00000     ,  1.00000     )
                                       (  0.00000     ,  1.00000     )
                                       (  0.00000     ,  1.00000     )
                                       (  0.00000     ,  1.00000     )

#********** Integration by Vegas (iteration       1) ************
#                                                               *
#  integral  =  83.910696       accum. integral =  83.910696    *
#  std. dev. =  8.9766375       accum. std. dev =  8.9766375    *
#   min/max. wt. =    0.00000             8.34042               *
#                                                               *
#*************   chi**2/iteration =  0.000       ****************


#********** Integration by Vegas (iteration       2) ************
#                                                               *
#  integral  =  85.865603       accum. integral =  85.833579    *
#  std. dev. =  1.1854292       accum. std. dev =  1.1623734    *
#   min/max. wt. =    0.00000            0.414057               *
#                                                               *
#*************   chi**2/iteration = 0.4553E-01   ****************


#********** Integration by Vegas (iteration       3) ************
#                                                               *
#  integral  =  98.752922       accum. integral =  86.513059    *
#  std. dev. =  5.7387791       accum. std. dev =  1.1961345    *
#   min/max. wt. =    0.00000             5.49677               *
#                                                               *
#*************   chi**2/iteration =  2.925       ****************


#********** Integration by Vegas (iteration       4) ************
#                                                               *
#  integral  =  92.662517       accum. integral =  89.640609    *
#  std. dev. =  1.2138930       accum. std. dev = 0.84537915    *
#   min/max. wt. =    0.00000            0.621497               *
#                                                               *
#*************   chi**2/iteration =  6.326       ****************


#********** Integration by Vegas (iteration       5) ************
#                                                               *
#  integral  =  93.738048       accum. integral =  92.868894    *
#  std. dev. = 0.45440000       accum. std. dev = 0.39218974    *
#   min/max. wt. =    0.00000            0.364506               *
#                                                               *
#*************   chi**2/iteration =  9.236       ****************


#********** Integration by Vegas (iteration       6) ************
#                                                               *
#  integral  =  93.523242       accum. integral =  93.378431    *
#  std. dev. = 0.21452813       accum. std. dev = 0.18530850    *
#   min/max. wt. =    0.00000            0.484024E-01           *
#                                                               *
#*************   chi**2/iteration =  7.754       ****************


#********** Integration by Vegas (iteration       7) ************
#                                                               *
#  integral  =  93.521385       accum. integral =  93.489262    *
#  std. dev. = 0.10191506       accum. std. dev = 0.88115933E-01*
#   min/max. wt. =    0.00000            0.395588E-01           *
#                                                               *
#*************   chi**2/iteration =  6.498       ****************


#********** Integration by Vegas (iteration       8) ************
#                                                               *
#  integral  =  93.603260       accum. integral =  93.553660    *
#  std. dev. = 0.78823189E-01   accum. std. dev = 0.58264032E-01*
#   min/max. wt. =    0.00000            0.314753E-01           *
#                                                               *
#*************   chi**2/iteration =  5.678       ****************


#********** Integration by Vegas (iteration       9) ************
#                                                               *
#  integral  =  93.596259       accum. integral =  93.572686    *
#  std. dev. = 0.65940885E-01   accum. std. dev = 0.43423650E-01*
#   min/max. wt. =    0.00000            0.168889E-01           *
#                                                               *
#*************   chi**2/iteration =  4.979       ****************


#********** Integration by Vegas (iteration      10) ************
#                                                               *
#  integral  =  93.602803       accum. integral =  93.584014    *
#  std. dev. = 0.56757074E-01   accum. std. dev = 0.34349511E-01*
#   min/max. wt. =    0.00000            0.429262E-02           *
#                                                               *
#*************   chi**2/iteration =  4.433       ****************


#********** Integration by Vegas (iteration      11) ************
#                                                               *
#  integral  =  93.657658       accum. integral =  93.605475    *
#  std. dev. = 0.54311535E-01   accum. std. dev = 0.28951575E-01*
#   min/max. wt. =    0.00000            0.490157E-02           *
#                                                               *
#*************   chi**2/iteration =  4.113       ****************


#********** Integration by Vegas (iteration      12) ************
#                                                               *
#  integral  =  93.602767       accum. integral =  93.604915    *
#  std. dev. = 0.57357890E-01   accum. std. dev = 0.25808269E-01*
#   min/max. wt. =    0.00000            0.999809E-02           *
#                                                               *
#*************   chi**2/iteration =  3.732       ****************


#********** Integration by Vegas (iteration      13) ************
#                                                               *
#  integral  =  93.563071       accum. integral =  93.596970    *
#  std. dev. = 0.53876985E-01   accum. std. dev = 0.23248402E-01*
#   min/max. wt. =    0.00000            0.345061E-02           *
#                                                               *
#*************   chi**2/iteration =  3.457       ****************


#********** Integration by Vegas (iteration      14) ************
#                                                               *
#  integral  =  93.677322       accum. integral =  93.609787    *
#  std. dev. = 0.53954523E-01   accum. std. dev = 0.21330571E-01*
#   min/max. wt. =    0.00000            0.837248E-02           *
#                                                               *
#*************   chi**2/iteration =  3.332       ****************


#********** Integration by Vegas (iteration      15) ************
#                                                               *
#  integral  =  93.650888       accum. integral =  93.614980    *
#  std. dev. = 0.56649987E-01   accum. std. dev = 0.19950899E-01*
#   min/max. wt. =    0.00000            0.176928E-01           *
#                                                               *
#*************   chi**2/iteration =  3.123       ****************


  Input parameters for vegas:  ndim=  9   ncall= 80707214.
                              it=    0    itmx=    2
                              acc=-1.00    
                              mds=  1     nd=  50
                              (xl,xu)= (  0.00000     ,  1.00000     )
                                       (  0.00000     ,  1.00000     )
                                       (  0.00000     ,  1.00000     )
                                       (  0.00000     ,  1.00000     )
                                       (  0.00000     ,  1.00000     )
                                       (  0.00000     ,  1.00000     )
                                       (  0.00000     ,  1.00000     )
                                       (  0.00000     ,  1.00000     )
                                       (  0.00000     ,  1.00000     )

#********** Integration by Vegas (iteration       1) ************
#                                                               *
#  integral  =  93.669940       accum. integral =  93.669940    *
#  std. dev. = 0.56016466E-01   accum. std. dev = 0.56016466E-01*
#   min/max. wt. =    0.00000            0.544544E-02           *
#                                                               *
#*************   chi**2/iteration =  0.000       ****************


#********** Integration by Vegas (iteration       2) ************
#                                                               *
#  integral  =  93.545981       accum. integral =  93.605853    *
#  std. dev. = 0.54071629E-01   accum. std. dev = 0.38904711E-01*
#   min/max. wt. =    0.00000            0.609623E-02           *
#                                                               *
#*************   chi**2/iteration =  2.533       ****************

 Done
