SLURM job running in:  /scratch/groups/lhc/park/JHUGen/JHUGenerator
LHAPDF 6.1.5 loading /work-zfs/lhc/cms/slc6_amd64_gcc493/external/lhapdf/6.1.5-kpegke3/share/LHAPDF/NNPDF30_lo_as_0130/NNPDF30_lo_as_0130_0000.dat
NNPDF30_lo_as_0130 PDF set, member #0, version 2; LHAPDF ID = 263000
 
                                                                                          
   ***************************************************************************************
   *                                JHU Generator v6.9.3                                 *
   ***************************************************************************************
   *                                                                                     *
   *   Spin and parity determination of single-produced resonances at hadron colliders   *
   *                                                                                     *
   *          I. Anderson, S. Bolognesi, F. Caola, Y. Gao, A. Gritsan, Z. Guo,           *
   *        C. Martin, K. Melnikov, R.Rontsch, H. Roskes, U. Sarica, M. Schulze,         *
   *                   N. Tran, A. Whitbeck, M. Xiao, C. You, Y. Zhou                    *
   *                Phys.Rev. D81 (2010) 075022;  arXiv:1001.3396 [hep-ph],              *
   *                Phys.Rev. D86 (2012) 095031;  arXiv:1208.4018 [hep-ph],              *
   *                Phys.Rev. D89 (2014) 035007;  arXiv:1309.4819 [hep-ph].              *
   *                                                                                     *
   ***************************************************************************************
                                                                                          
   
   Command line: ./JHUGen Unweighted=0 VegasNc0=99999999 VegasNc1=99999999 VegasNc2=99999999 LHAPDF=NNPDF30_lo_as_0130/NNPDF30_lo_as_0130.info MReso=1130 Process=61 ghg2=1,0
   
   Input Parameter:
    Collider: P-P, sqrt(s)=13000.00
    Resonance: spin=0, mass=1130.00 width=   0.00407
    Jet cuts:
            pT >=    15.00 GeV
        DeltaR >=     0.30
           mJJ >=     0.00 GeV
    Random seed:   420658852
    To reproduce results using this seed, JHUGen should be compiled with the same compiler:
      GNU Fortran (GCC) 4.9.3
    
    WidthScheme:   2
    LHAPDF set NNPDF30_lo_as_0130/NNPDF30_lo_as_0130.info, member=  0
    Unweighted: F
    
    spin-0-VV couplings: 
      generate_as=F
      ghg2=  0.10000000E+01  0.00000000E+00i
      ghg3=  0.00000000E+00  0.00000000E+00i
      ghg4=  0.00000000E+00  0.00000000E+00i
      ghz1=  0.20000000E+01  0.00000000E+00i
      ghz2=  0.00000000E+00  0.00000000E+00i
      ghz3=  0.00000000E+00  0.00000000E+00i
      ghz4=  0.00000000E+00  0.00000000E+00i
      Lambda=  1000.0
    
    LHE output: ./data/output.lhe
    Histogram output: ./data/output.dat
    Log file: ./data/output.log
    
  Running

  Input parameters for vegas:  ndim=  9   ncall= 80707214.
                              it=    0    itmx=   15
                              acc=-1.00    
                              mds=  1     nd=  50
                              (xl,xu)= (  0.00000     ,  1.00000     )
                                       (  0.00000     ,  1.00000     )
                                       (  0.00000     ,  1.00000     )
                                       (  0.00000     ,  1.00000     )
                                       (  0.00000     ,  1.00000     )
                                       (  0.00000     ,  1.00000     )
                                       (  0.00000     ,  1.00000     )
                                       (  0.00000     ,  1.00000     )
                                       (  0.00000     ,  1.00000     )

#********** Integration by Vegas (iteration       1) ************
#                                                               *
#  integral  =  84.972639       accum. integral =  84.972639    *
#  std. dev. =  12.885209       accum. std. dev =  12.885209    *
#   min/max. wt. =    0.00000             11.9219               *
#                                                               *
#*************   chi**2/iteration =  0.000       ****************


#********** Integration by Vegas (iteration       2) ************
#                                                               *
#  integral  =  86.080737       accum. integral =  86.030529    *
#  std. dev. =  2.8437055       accum. std. dev =  2.7607087    *
#   min/max. wt. =    0.00000             2.64253               *
#                                                               *
#*************   chi**2/iteration = 0.6962E-02   ****************


#********** Integration by Vegas (iteration       3) ************
#                                                               *
#  integral  =  86.295665       accum. integral =  86.286377    *
#  std. dev. = 0.53072790       accum. std. dev = 0.51826361    *
#   min/max. wt. =    0.00000            0.162973               *
#                                                               *
#*************   chi**2/iteration = 0.7883E-02   ****************


#********** Integration by Vegas (iteration       4) ************
#                                                               *
#  integral  =  87.968379       accum. integral =  87.577384    *
#  std. dev. = 0.29247436       accum. std. dev = 0.25148037    *
#   min/max. wt. =    0.00000            0.180813               *
#                                                               *
#*************   chi**2/iteration =  2.665       ****************


#********** Integration by Vegas (iteration       5) ************
#                                                               *
#  integral  =  87.613401       accum. integral =  87.605840    *
#  std. dev. = 0.13154502       accum. std. dev = 0.11556387    *
#   min/max. wt. =    0.00000            0.189533E-01           *
#                                                               *
#*************   chi**2/iteration =  1.991       ****************


#********** Integration by Vegas (iteration       6) ************
#                                                               *
#  integral  =  87.866136       accum. integral =  87.788648    *
#  std. dev. = 0.76345222E-01   accum. std. dev = 0.63208561E-01*
#   min/max. wt. =    0.00000            0.164373E-01           *
#                                                               *
#*************   chi**2/iteration =  2.294       ****************


#********** Integration by Vegas (iteration       7) ************
#                                                               *
#  integral  =  87.728167       accum. integral =  87.756223    *
#  std. dev. = 0.59421059E-01   accum. std. dev = 0.43116455E-01*
#   min/max. wt. =    0.00000            0.642118E-02           *
#                                                               *
#*************   chi**2/iteration =  1.987       ****************


#********** Integration by Vegas (iteration       8) ************
#                                                               *
#  integral  =  87.929170       accum. integral =  87.819531    *
#  std. dev. = 0.57387542E-01   accum. std. dev = 0.34378805E-01*
#   min/max. wt. =    0.00000            0.118894E-01           *
#                                                               *
#*************   chi**2/iteration =  2.538       ****************


#********** Integration by Vegas (iteration       9) ************
#                                                               *
#  integral  =  87.948899       accum. integral =  87.857402    *
#  std. dev. = 0.53980616E-01   accum. std. dev = 0.28945026E-01*
#   min/max. wt. =    0.00000            0.712295E-02           *
#                                                               *
#*************   chi**2/iteration =  2.732       ****************


#********** Integration by Vegas (iteration      10) ************
#                                                               *
#  integral  =  87.882169       accum. integral =  87.863335    *
#  std. dev. = 0.51998660E-01   accum. std. dev = 0.25262194E-01*
#   min/max. wt. =    0.00000            0.562274E-02           *
#                                                               *
#*************   chi**2/iteration =  2.444       ****************


#********** Integration by Vegas (iteration      11) ************
#                                                               *
#  integral  =  87.752082       accum. integral =  87.841332    *
#  std. dev. = 0.51180545E-01   accum. std. dev = 0.22638849E-01*
#   min/max. wt. =    0.00000            0.921220E-02           *
#                                                               *
#*************   chi**2/iteration =  2.581       ****************


#********** Integration by Vegas (iteration      12) ************
#                                                               *
#  integral  =  87.898080       accum. integral =  87.850177    *
#  std. dev. = 0.53057733E-01   accum. std. dev = 0.20812180E-01*
#   min/max. wt. =    0.00000            0.165111E-01           *
#                                                               *
#*************   chi**2/iteration =  2.432       ****************


#********** Integration by Vegas (iteration      13) ************
#                                                               *
#  integral  =  87.860164       accum. integral =  87.851505    *
#  std. dev. = 0.53460574E-01   accum. std. dev = 0.19387945E-01*
#   min/max. wt. =    0.00000            0.922940E-02           *
#                                                               *
#*************   chi**2/iteration =  2.230       ****************


#********** Integration by Vegas (iteration      14) ************
#                                                               *
#  integral  =  87.900814       accum. integral =  87.858083    *
#  std. dev. = 0.49710564E-01   accum. std. dev = 0.18056152E-01*
#   min/max. wt. =    0.00000            0.442973E-02           *
#                                                               *
#*************   chi**2/iteration =  2.123       ****************


#********** Integration by Vegas (iteration      15) ************
#                                                               *
#  integral  =  87.841277       accum. integral =  87.856139    *
#  std. dev. = 0.50161250E-01   accum. std. dev = 0.16984992E-01*
#   min/max. wt. =    0.00000            0.450079E-02           *
#                                                               *
#*************   chi**2/iteration =  1.977       ****************


  Input parameters for vegas:  ndim=  9   ncall= 80707214.
                              it=    0    itmx=    2
                              acc=-1.00    
                              mds=  1     nd=  50
                              (xl,xu)= (  0.00000     ,  1.00000     )
                                       (  0.00000     ,  1.00000     )
                                       (  0.00000     ,  1.00000     )
                                       (  0.00000     ,  1.00000     )
                                       (  0.00000     ,  1.00000     )
                                       (  0.00000     ,  1.00000     )
                                       (  0.00000     ,  1.00000     )
                                       (  0.00000     ,  1.00000     )
                                       (  0.00000     ,  1.00000     )

#********** Integration by Vegas (iteration       1) ************
#                                                               *
#  integral  =  87.779849       accum. integral =  87.779849    *
#  std. dev. = 0.50196757E-01   accum. std. dev = 0.50196757E-01*
#   min/max. wt. =    0.00000            0.491060E-02           *
#                                                               *
#*************   chi**2/iteration =  0.000       ****************


#********** Integration by Vegas (iteration       2) ************
#                                                               *
#  integral  =  87.827651       accum. integral =  87.798499    *
#  std. dev. = 0.62791895E-01   accum. std. dev = 0.39210626E-01*
#   min/max. wt. =    0.00000            0.375409E-01           *
#                                                               *
#*************   chi**2/iteration = 0.3533       ****************

 Done
