SLURM job running in:  /scratch/groups/lhc/park/JHUGen/JHUGenerator
LHAPDF 6.1.5 loading /work-zfs/lhc/cms/slc6_amd64_gcc493/external/lhapdf/6.1.5-kpegke3/share/LHAPDF/NNPDF30_lo_as_0130/NNPDF30_lo_as_0130_0000.dat
NNPDF30_lo_as_0130 PDF set, member #0, version 2; LHAPDF ID = 263000
 
                                                                                          
   ***************************************************************************************
   *                                JHU Generator v6.9.3                                 *
   ***************************************************************************************
   *                                                                                     *
   *   Spin and parity determination of single-produced resonances at hadron colliders   *
   *                                                                                     *
   *          I. Anderson, S. Bolognesi, F. Caola, Y. Gao, A. Gritsan, Z. Guo,           *
   *        C. Martin, K. Melnikov, R.Rontsch, H. Roskes, U. Sarica, M. Schulze,         *
   *                   N. Tran, A. Whitbeck, M. Xiao, C. You, Y. Zhou                    *
   *                Phys.Rev. D81 (2010) 075022;  arXiv:1001.3396 [hep-ph],              *
   *                Phys.Rev. D86 (2012) 095031;  arXiv:1208.4018 [hep-ph],              *
   *                Phys.Rev. D89 (2014) 035007;  arXiv:1309.4819 [hep-ph].              *
   *                                                                                     *
   ***************************************************************************************
                                                                                          
   
   Command line: ./JHUGen Unweighted=0 VegasNc0=99999999 VegasNc1=99999999 VegasNc2=99999999 LHAPDF=NNPDF30_lo_as_0130/NNPDF30_lo_as_0130.info MReso=1210 Process=61 ghg2=1,0
   
   Input Parameter:
    Collider: P-P, sqrt(s)=13000.00
    Resonance: spin=0, mass=1210.00 width=   0.00407
    Jet cuts:
            pT >=    15.00 GeV
        DeltaR >=     0.30
           mJJ >=     0.00 GeV
    Random seed:   241270584
    To reproduce results using this seed, JHUGen should be compiled with the same compiler:
      GNU Fortran (GCC) 4.9.3
    
    WidthScheme:   2
    LHAPDF set NNPDF30_lo_as_0130/NNPDF30_lo_as_0130.info, member=  0
    Unweighted: F
    
    spin-0-VV couplings: 
      generate_as=F
      ghg2=  0.10000000E+01  0.00000000E+00i
      ghg3=  0.00000000E+00  0.00000000E+00i
      ghg4=  0.00000000E+00  0.00000000E+00i
      ghz1=  0.20000000E+01  0.00000000E+00i
      ghz2=  0.00000000E+00  0.00000000E+00i
      ghz3=  0.00000000E+00  0.00000000E+00i
      ghz4=  0.00000000E+00  0.00000000E+00i
      Lambda=  1000.0
    
    LHE output: ./data/output.lhe
    Histogram output: ./data/output.dat
    Log file: ./data/output.log
    
  Running

  Input parameters for vegas:  ndim=  9   ncall= 80707214.
                              it=    0    itmx=   15
                              acc=-1.00    
                              mds=  1     nd=  50
                              (xl,xu)= (  0.00000     ,  1.00000     )
                                       (  0.00000     ,  1.00000     )
                                       (  0.00000     ,  1.00000     )
                                       (  0.00000     ,  1.00000     )
                                       (  0.00000     ,  1.00000     )
                                       (  0.00000     ,  1.00000     )
                                       (  0.00000     ,  1.00000     )
                                       (  0.00000     ,  1.00000     )
                                       (  0.00000     ,  1.00000     )

#********** Integration by Vegas (iteration       1) ************
#                                                               *
#  integral  =  69.533936       accum. integral =  69.533936    *
#  std. dev. =  7.1189457       accum. std. dev =  7.1189457    *
#   min/max. wt. =    0.00000             3.60934               *
#                                                               *
#*************   chi**2/iteration =  0.000       ****************


#********** Integration by Vegas (iteration       2) ************
#                                                               *
#  integral  =  70.910811       accum. integral =  70.368918    *
#  std. dev. =  5.8485675       accum. std. dev =  4.5105005    *
#   min/max. wt. =    0.00000             5.77624               *
#                                                               *
#*************   chi**2/iteration = 0.2222E-01   ****************


#********** Integration by Vegas (iteration       3) ************
#                                                               *
#  integral  =  67.439407       accum. integral =  67.524021    *
#  std. dev. = 0.74701703       accum. std. dev = 0.75656228    *
#   min/max. wt. =    0.00000            0.253372               *
#                                                               *
#*************   chi**2/iteration = 0.2216       ****************


#********** Integration by Vegas (iteration       4) ************
#                                                               *
#  integral  =  68.270052       accum. integral =  68.193082    *
#  std. dev. = 0.25276176       accum. std. dev = 0.24210609    *
#   min/max. wt. =    0.00000            0.181910               *
#                                                               *
#*************   chi**2/iteration = 0.4416       ****************


#********** Integration by Vegas (iteration       5) ************
#                                                               *
#  integral  =  68.622957       accum. integral =  68.534964    *
#  std. dev. = 0.12206484       accum. std. dev = 0.10940092    *
#   min/max. wt. =    0.00000            0.402198E-01           *
#                                                               *
#*************   chi**2/iteration = 0.9603       ****************


#********** Integration by Vegas (iteration       6) ************
#                                                               *
#  integral  =  68.492785       accum. integral =  68.503437    *
#  std. dev. = 0.63156643E-01   accum. std. dev = 0.54916399E-01*
#   min/max. wt. =    0.00000            0.168157E-01           *
#                                                               *
#*************   chi**2/iteration = 0.7923       ****************


#********** Integration by Vegas (iteration       7) ************
#                                                               *
#  integral  =  68.677775       accum. integral =  68.580845    *
#  std. dev. = 0.61265532E-01   accum. std. dev = 0.40930454E-01*
#   min/max. wt. =    0.00000            0.368053E-01           *
#                                                               *
#*************   chi**2/iteration =  1.407       ****************


#********** Integration by Vegas (iteration       8) ************
#                                                               *
#  integral  =  68.569087       accum. integral =  68.576400    *
#  std. dev. = 0.52279448E-01   accum. std. dev = 0.32262526E-01*
#   min/max. wt. =    0.00000            0.395302E-02           *
#                                                               *
#*************   chi**2/iteration =  1.212       ****************


#********** Integration by Vegas (iteration       9) ************
#                                                               *
#  integral  =  68.548554       accum. integral =  68.566242    *
#  std. dev. = 0.42405161E-01   accum. std. dev = 0.25702113E-01*
#   min/max. wt. =    0.00000            0.457102E-02           *
#                                                               *
#*************   chi**2/iteration =  1.095       ****************


#********** Integration by Vegas (iteration      10) ************
#                                                               *
#  integral  =  68.518423       accum. integral =  68.552635    *
#  std. dev. = 0.40593282E-01   accum. std. dev = 0.21731337E-01*
#   min/max. wt. =    0.00000            0.745450E-02           *
#                                                               *
#*************   chi**2/iteration =  1.084       ****************


#********** Integration by Vegas (iteration      11) ************
#                                                               *
#  integral  =  68.572564       accum. integral =  68.557144    *
#  std. dev. = 0.40075438E-01   accum. std. dev = 0.19110675E-01*
#   min/max. wt. =    0.00000            0.540322E-02           *
#                                                               *
#*************   chi**2/iteration = 0.9951       ****************


#********** Integration by Vegas (iteration      12) ************
#                                                               *
#  integral  =  68.510404       accum. integral =  68.549398    *
#  std. dev. = 0.42729804E-01   accum. std. dev = 0.17450367E-01*
#   min/max. wt. =    0.00000            0.156123E-01           *
#                                                               *
#*************   chi**2/iteration = 0.9953       ****************


#********** Integration by Vegas (iteration      13) ************
#                                                               *
#  integral  =  68.611712       accum. integral =  68.558378    *
#  std. dev. = 0.42454846E-01   accum. std. dev = 0.16141950E-01*
#   min/max. wt. =    0.00000            0.723234E-02           *
#                                                               *
#*************   chi**2/iteration =  1.066       ****************


#********** Integration by Vegas (iteration      14) ************
#                                                               *
#  integral  =  68.544187       accum. integral =  68.556415    *
#  std. dev. = 0.40185802E-01   accum. std. dev = 0.14981271E-01*
#   min/max. wt. =    0.00000            0.403063E-02           *
#                                                               *
#*************   chi**2/iteration = 0.9924       ****************


#********** Integration by Vegas (iteration      15) ************
#                                                               *
#  integral  =  68.556237       accum. integral =  68.556393    *
#  std. dev. = 0.39321843E-01   accum. std. dev = 0.14001461E-01*
#   min/max. wt. =    0.00000            0.229821E-02           *
#                                                               *
#*************   chi**2/iteration = 0.9218       ****************


  Input parameters for vegas:  ndim=  9   ncall= 80707214.
                              it=    0    itmx=    2
                              acc=-1.00    
                              mds=  1     nd=  50
                              (xl,xu)= (  0.00000     ,  1.00000     )
                                       (  0.00000     ,  1.00000     )
                                       (  0.00000     ,  1.00000     )
                                       (  0.00000     ,  1.00000     )
                                       (  0.00000     ,  1.00000     )
                                       (  0.00000     ,  1.00000     )
                                       (  0.00000     ,  1.00000     )
                                       (  0.00000     ,  1.00000     )
                                       (  0.00000     ,  1.00000     )

#********** Integration by Vegas (iteration       1) ************
#                                                               *
#  integral  =  68.591765       accum. integral =  68.591765    *
#  std. dev. = 0.40241604E-01   accum. std. dev = 0.40241604E-01*
#   min/max. wt. =    0.00000            0.656408E-02           *
#                                                               *
#*************   chi**2/iteration =  0.000       ****************


#********** Integration by Vegas (iteration       2) ************
#                                                               *
#  integral  =  68.598250       accum. integral =  68.595002    *
#  std. dev. = 0.40321207E-01   accum. std. dev = 0.28483216E-01*
#   min/max. wt. =    0.00000            0.549832E-02           *
#                                                               *
#*************   chi**2/iteration = 0.1295E-01   ****************

 Done
