SLURM job running in:  /scratch/groups/lhc/park/JHUGen/JHUGenerator
LHAPDF 6.1.5 loading /work-zfs/lhc/cms/slc6_amd64_gcc493/external/lhapdf/6.1.5-kpegke3/share/LHAPDF/NNPDF30_lo_as_0130/NNPDF30_lo_as_0130_0000.dat
NNPDF30_lo_as_0130 PDF set, member #0, version 2; LHAPDF ID = 263000
 
                                                                                          
   ***************************************************************************************
   *                                JHU Generator v6.9.3                                 *
   ***************************************************************************************
   *                                                                                     *
   *   Spin and parity determination of single-produced resonances at hadron colliders   *
   *                                                                                     *
   *          I. Anderson, S. Bolognesi, F. Caola, Y. Gao, A. Gritsan, Z. Guo,           *
   *        C. Martin, K. Melnikov, R.Rontsch, H. Roskes, U. Sarica, M. Schulze,         *
   *                   N. Tran, A. Whitbeck, M. Xiao, C. You, Y. Zhou                    *
   *                Phys.Rev. D81 (2010) 075022;  arXiv:1001.3396 [hep-ph],              *
   *                Phys.Rev. D86 (2012) 095031;  arXiv:1208.4018 [hep-ph],              *
   *                Phys.Rev. D89 (2014) 035007;  arXiv:1309.4819 [hep-ph].              *
   *                                                                                     *
   ***************************************************************************************
                                                                                          
   
   Command line: ./JHUGen Unweighted=0 VegasNc0=99999999 VegasNc1=99999999 VegasNc2=99999999 LHAPDF=NNPDF30_lo_as_0130/NNPDF30_lo_as_0130.info MReso=142 Process=61 ghg2=1,0
   
   Input Parameter:
    Collider: P-P, sqrt(s)=13000.00
    Resonance: spin=0, mass= 142.00 width=   0.00407
    Jet cuts:
            pT >=    15.00 GeV
        DeltaR >=     0.30
           mJJ >=     0.00 GeV
    Random seed:   474199922
    To reproduce results using this seed, JHUGen should be compiled with the same compiler:
      GNU Fortran (GCC) 4.9.3
    
    WidthScheme:   2
    LHAPDF set NNPDF30_lo_as_0130/NNPDF30_lo_as_0130.info, member=  0
    Unweighted: F
    
    spin-0-VV couplings: 
      generate_as=F
      ghg2=  0.10000000E+01  0.00000000E+00i
      ghg3=  0.00000000E+00  0.00000000E+00i
      ghg4=  0.00000000E+00  0.00000000E+00i
      ghz1=  0.20000000E+01  0.00000000E+00i
      ghz2=  0.00000000E+00  0.00000000E+00i
      ghz3=  0.00000000E+00  0.00000000E+00i
      ghz4=  0.00000000E+00  0.00000000E+00i
      Lambda=  1000.0
    
    LHE output: ./data/output.lhe
    Histogram output: ./data/output.dat
    Log file: ./data/output.log
    
  Running

  Input parameters for vegas:  ndim=  9   ncall= 80707214.
                              it=    0    itmx=   15
                              acc=-1.00    
                              mds=  1     nd=  50
                              (xl,xu)= (  0.00000     ,  1.00000     )
                                       (  0.00000     ,  1.00000     )
                                       (  0.00000     ,  1.00000     )
                                       (  0.00000     ,  1.00000     )
                                       (  0.00000     ,  1.00000     )
                                       (  0.00000     ,  1.00000     )
                                       (  0.00000     ,  1.00000     )
                                       (  0.00000     ,  1.00000     )
                                       (  0.00000     ,  1.00000     )

#********** Integration by Vegas (iteration       1) ************
#                                                               *
#  integral  =  11927.329       accum. integral =  11927.329    *
#  std. dev. =  939.42022       accum. std. dev =  939.42022    *
#   min/max. wt. =    0.00000             774.212               *
#                                                               *
#*************   chi**2/iteration =  0.000       ****************


#********** Integration by Vegas (iteration       2) ************
#                                                               *
#  integral  =  11914.287       accum. integral =  11914.833    *
#  std. dev. =  196.11707       accum. std. dev =  192.07456    *
#   min/max. wt. =    0.00000             158.747               *
#                                                               *
#*************   chi**2/iteration = 0.1847E-03   ****************


#********** Integration by Vegas (iteration       3) ************
#                                                               *
#  integral  =  11921.358       accum. integral =  11921.019    *
#  std. dev. =  44.980864       accum. std. dev =  43.794720    *
#   min/max. wt. =    0.00000             16.1704               *
#                                                               *
#*************   chi**2/iteration = 0.6390E-03   ****************


#********** Integration by Vegas (iteration       4) ************
#                                                               *
#  integral  =  11957.126       accum. integral =  11949.637    *
#  std. dev. =  22.471130       accum. std. dev =  19.960184    *
#   min/max. wt. =    0.00000             11.5552               *
#                                                               *
#*************   chi**2/iteration = 0.1797       ****************


#********** Integration by Vegas (iteration       5) ************
#                                                               *
#  integral  =  11900.526       accum. integral =  11914.334    *
#  std. dev. =  12.452718       accum. std. dev =  10.578817    *
#   min/max. wt. =    0.00000             1.20943               *
#                                                               *
#*************   chi**2/iteration =  1.224       ****************


#********** Integration by Vegas (iteration       6) ************
#                                                               *
#  integral  =  11919.573       accum. integral =  11917.639    *
#  std. dev. =  8.0904302       accum. std. dev =  6.4276206    *
#   min/max. wt. =    0.00000             3.18102               *
#                                                               *
#*************   chi**2/iteration =  1.010       ****************


#********** Integration by Vegas (iteration       7) ************
#                                                               *
#  integral  =  11907.546       accum. integral =  11913.009    *
#  std. dev. =  6.9721314       accum. std. dev =  4.7277919    *
#   min/max. wt. =    0.00000             1.18364               *
#                                                               *
#*************   chi**2/iteration =  1.031       ****************


#********** Integration by Vegas (iteration       8) ************
#                                                               *
#  integral  =  11925.970       accum. integral =  11916.967    *
#  std. dev. =  7.1334075       accum. std. dev =  3.9405490    *
#   min/max. wt. =    0.00000             3.43528               *
#                                                               *
#*************   chi**2/iteration =  1.211       ****************


#********** Integration by Vegas (iteration       9) ************
#                                                               *
#  integral  =  11914.422       accum. integral =  11916.311    *
#  std. dev. =  6.6825487       accum. std. dev =  3.3946580    *
#   min/max. wt. =    0.00000            0.623300               *
#                                                               *
#*************   chi**2/iteration =  1.073       ****************


#********** Integration by Vegas (iteration      10) ************
#                                                               *
#  integral  =  11920.481       accum. integral =  11917.306    *
#  std. dev. =  6.0614323       accum. std. dev =  2.9618211    *
#   min/max. wt. =    0.00000             1.28292               *
#                                                               *
#*************   chi**2/iteration = 0.9941       ****************


#********** Integration by Vegas (iteration      11) ************
#                                                               *
#  integral  =  11925.846       accum. integral =  11919.048    *
#  std. dev. =  5.8534566       accum. std. dev =  2.6426409    *
#   min/max. wt. =    0.00000             1.18542               *
#                                                               *
#*************   chi**2/iteration =  1.064       ****************


#********** Integration by Vegas (iteration      12) ************
#                                                               *
#  integral  =  11925.740       accum. integral =  11920.231    *
#  std. dev. =  5.7052752       accum. std. dev =  2.3978163    *
#   min/max. wt. =    0.00000            0.784346               *
#                                                               *
#*************   chi**2/iteration =  1.070       ****************


#********** Integration by Vegas (iteration      13) ************
#                                                               *
#  integral  =  11917.501       accum. integral =  11919.805    *
#  std. dev. =  5.5773904       accum. std. dev =  2.2029273    *
#   min/max. wt. =    0.00000            0.555617               *
#                                                               *
#*************   chi**2/iteration = 0.9981       ****************


#********** Integration by Vegas (iteration      14) ************
#                                                               *
#  integral  =  11925.274       accum. integral =  11920.516    *
#  std. dev. =  5.7032843       accum. std. dev =  2.0549216    *
#   min/max. wt. =    0.00000            0.887832               *
#                                                               *
#*************   chi**2/iteration = 0.9829       ****************


#********** Integration by Vegas (iteration      15) ************
#                                                               *
#  integral  =  11914.090       accum. integral =  11919.752    *
#  std. dev. =  5.5901682       accum. std. dev =  1.9288015    *
#   min/max. wt. =    0.00000            0.415367               *
#                                                               *
#*************   chi**2/iteration = 0.9958       ****************


  Input parameters for vegas:  ndim=  9   ncall= 80707214.
                              it=    0    itmx=    2
                              acc=-1.00    
                              mds=  1     nd=  50
                              (xl,xu)= (  0.00000     ,  1.00000     )
                                       (  0.00000     ,  1.00000     )
                                       (  0.00000     ,  1.00000     )
                                       (  0.00000     ,  1.00000     )
                                       (  0.00000     ,  1.00000     )
                                       (  0.00000     ,  1.00000     )
                                       (  0.00000     ,  1.00000     )
                                       (  0.00000     ,  1.00000     )
                                       (  0.00000     ,  1.00000     )

#********** Integration by Vegas (iteration       1) ************
#                                                               *
#  integral  =  11916.721       accum. integral =  11916.721    *
#  std. dev. =  5.7633904       accum. std. dev =  5.7633904    *
#   min/max. wt. =    0.00000             1.26632               *
#                                                               *
#*************   chi**2/iteration =  0.000       ****************


#********** Integration by Vegas (iteration       2) ************
#                                                               *
#  integral  =  11917.719       accum. integral =  11917.208    *
#  std. dev. =  5.9036545       accum. std. dev =  4.1240332    *
#   min/max. wt. =    0.00000             1.12268               *
#                                                               *
#*************   chi**2/iteration = 0.1459E-01   ****************

 Done
