SLURM job running in:  /scratch/groups/lhc/park/JHUGen/JHUGenerator
LHAPDF 6.1.5 loading /work-zfs/lhc/cms/slc6_amd64_gcc493/external/lhapdf/6.1.5-kpegke3/share/LHAPDF/NNPDF30_lo_as_0130/NNPDF30_lo_as_0130_0000.dat
NNPDF30_lo_as_0130 PDF set, member #0, version 2; LHAPDF ID = 263000
 
                                                                                          
   ***************************************************************************************
   *                                JHU Generator v6.9.3                                 *
   ***************************************************************************************
   *                                                                                     *
   *   Spin and parity determination of single-produced resonances at hadron colliders   *
   *                                                                                     *
   *          I. Anderson, S. Bolognesi, F. Caola, Y. Gao, A. Gritsan, Z. Guo,           *
   *        C. Martin, K. Melnikov, R.Rontsch, H. Roskes, U. Sarica, M. Schulze,         *
   *                   N. Tran, A. Whitbeck, M. Xiao, C. You, Y. Zhou                    *
   *                Phys.Rev. D81 (2010) 075022;  arXiv:1001.3396 [hep-ph],              *
   *                Phys.Rev. D86 (2012) 095031;  arXiv:1208.4018 [hep-ph],              *
   *                Phys.Rev. D89 (2014) 035007;  arXiv:1309.4819 [hep-ph].              *
   *                                                                                     *
   ***************************************************************************************
                                                                                          
   
   Command line: ./JHUGen Unweighted=0 VegasNc0=99999999 VegasNc1=99999999 VegasNc2=99999999 LHAPDF=NNPDF30_lo_as_0130/NNPDF30_lo_as_0130.info MReso=1440 Process=61 ghg2=1,0
   
   Input Parameter:
    Collider: P-P, sqrt(s)=13000.00
    Resonance: spin=0, mass=1440.00 width=   0.00407
    Jet cuts:
            pT >=    15.00 GeV
        DeltaR >=     0.30
           mJJ >=     0.00 GeV
    Random seed:    37160663
    To reproduce results using this seed, JHUGen should be compiled with the same compiler:
      GNU Fortran (GCC) 4.9.3
    
    WidthScheme:   2
    LHAPDF set NNPDF30_lo_as_0130/NNPDF30_lo_as_0130.info, member=  0
    Unweighted: F
    
    spin-0-VV couplings: 
      generate_as=F
      ghg2=  0.10000000E+01  0.00000000E+00i
      ghg3=  0.00000000E+00  0.00000000E+00i
      ghg4=  0.00000000E+00  0.00000000E+00i
      ghz1=  0.20000000E+01  0.00000000E+00i
      ghz2=  0.00000000E+00  0.00000000E+00i
      ghz3=  0.00000000E+00  0.00000000E+00i
      ghz4=  0.00000000E+00  0.00000000E+00i
      Lambda=  1000.0
    
    LHE output: ./data/output.lhe
    Histogram output: ./data/output.dat
    Log file: ./data/output.log
    
  Running

  Input parameters for vegas:  ndim=  9   ncall= 80707214.
                              it=    0    itmx=   15
                              acc=-1.00    
                              mds=  1     nd=  50
                              (xl,xu)= (  0.00000     ,  1.00000     )
                                       (  0.00000     ,  1.00000     )
                                       (  0.00000     ,  1.00000     )
                                       (  0.00000     ,  1.00000     )
                                       (  0.00000     ,  1.00000     )
                                       (  0.00000     ,  1.00000     )
                                       (  0.00000     ,  1.00000     )
                                       (  0.00000     ,  1.00000     )
                                       (  0.00000     ,  1.00000     )

#********** Integration by Vegas (iteration       1) ************
#                                                               *
#  integral  =  44.571401       accum. integral =  44.571401    *
#  std. dev. =  11.917185       accum. std. dev =  11.917185    *
#   min/max. wt. =    0.00000             10.6640               *
#                                                               *
#*************   chi**2/iteration =  0.000       ****************


#********** Integration by Vegas (iteration       2) ************
#                                                               *
#  integral  =  33.811761       accum. integral =  33.935322    *
#  std. dev. = 0.97439510       accum. std. dev =  1.1334585    *
#   min/max. wt. =    0.00000            0.506579               *
#                                                               *
#*************   chi**2/iteration =  1.022       ****************


#********** Integration by Vegas (iteration       3) ************
#                                                               *
#  integral  =  34.629075       accum. integral =  34.580116    *
#  std. dev. = 0.27340540       accum. std. dev = 0.28914004    *
#   min/max. wt. =    0.00000            0.136598               *
#                                                               *
#*************   chi**2/iteration = 0.7431       ****************


#********** Integration by Vegas (iteration       4) ************
#                                                               *
#  integral  =  34.774467       accum. integral =  34.746517    *
#  std. dev. = 0.10847956       accum. std. dev = 0.10740623    *
#   min/max. wt. =    0.00000            0.450678E-01           *
#                                                               *
#*************   chi**2/iteration = 0.6507       ****************


#********** Integration by Vegas (iteration       5) ************
#                                                               *
#  integral  =  34.907150       accum. integral =  34.878053    *
#  std. dev. = 0.47390243E-01   accum. std. dev = 0.45161104E-01*
#   min/max. wt. =    0.00000            0.859541E-02           *
#                                                               *
#*************   chi**2/iteration = 0.9691       ****************


#********** Integration by Vegas (iteration       6) ************
#                                                               *
#  integral  =  34.902655       accum. integral =  34.894384    *
#  std. dev. = 0.30514857E-01   accum. std. dev = 0.25969470E-01*
#   min/max. wt. =    0.00000            0.601339E-02           *
#                                                               *
#*************   chi**2/iteration = 0.8283       ****************


#********** Integration by Vegas (iteration       7) ************
#                                                               *
#  integral  =  34.937278       accum. integral =  34.915231    *
#  std. dev. = 0.25592894E-01   accum. std. dev = 0.18509427E-01*
#   min/max. wt. =    0.00000            0.437747E-02           *
#                                                               *
#*************   chi**2/iteration = 0.9220       ****************


#********** Integration by Vegas (iteration       8) ************
#                                                               *
#  integral  =  34.933890       accum. integral =  34.922327    *
#  std. dev. = 0.22772775E-01   accum. std. dev = 0.14505867E-01*
#   min/max. wt. =    0.00000            0.259064E-02           *
#                                                               *
#*************   chi**2/iteration = 0.8531       ****************


#********** Integration by Vegas (iteration       9) ************
#                                                               *
#  integral  =  34.918114       accum. integral =  34.921029    *
#  std. dev. = 0.21031266E-01   accum. std. dev = 0.12022540E-01*
#   min/max. wt. =    0.00000            0.167140E-02           *
#                                                               *
#*************   chi**2/iteration = 0.7550       ****************


#********** Integration by Vegas (iteration      10) ************
#                                                               *
#  integral  =  34.880829       accum. integral =  34.911257    *
#  std. dev. = 0.20581429E-01   accum. std. dev = 0.10428954E-01*
#   min/max. wt. =    0.00000            0.228330E-02           *
#                                                               *
#*************   chi**2/iteration = 0.9789       ****************


#********** Integration by Vegas (iteration      11) ************
#                                                               *
#  integral  =  34.909701       accum. integral =  34.910939    *
#  std. dev. = 0.20033239E-01   accum. std. dev = 0.92800911E-02*
#   min/max. wt. =    0.00000            0.136388E-02           *
#                                                               *
#*************   chi**2/iteration = 0.8856       ****************


#********** Integration by Vegas (iteration      12) ************
#                                                               *
#  integral  =  34.925776       accum. integral =  34.913369    *
#  std. dev. = 0.20475427E-01   accum. std. dev = 0.84696553E-02*
#   min/max. wt. =    0.00000            0.220520E-02           *
#                                                               *
#*************   chi**2/iteration = 0.8464       ****************


#********** Integration by Vegas (iteration      13) ************
#                                                               *
#  integral  =  34.922362       accum. integral =  34.914591    *
#  std. dev. = 0.20897789E-01   accum. std. dev = 0.78603335E-02*
#   min/max. wt. =    0.00000            0.361816E-02           *
#                                                               *
#*************   chi**2/iteration = 0.7913       ****************


#********** Integration by Vegas (iteration      14) ************
#                                                               *
#  integral  =  34.894834       accum. integral =  34.912275    *
#  std. dev. = 0.21120172E-01   accum. std. dev = 0.73743476E-02*
#   min/max. wt. =    0.00000            0.329941E-02           *
#                                                               *
#*************   chi**2/iteration = 0.7897       ****************


#********** Integration by Vegas (iteration      15) ************
#                                                               *
#  integral  =  34.920810       accum. integral =  34.913175    *
#  std. dev. = 0.21072870E-01   accum. std. dev = 0.69659365E-02*
#   min/max. wt. =    0.00000            0.404803E-02           *
#                                                               *
#*************   chi**2/iteration = 0.7452       ****************


  Input parameters for vegas:  ndim=  9   ncall= 80707214.
                              it=    0    itmx=    2
                              acc=-1.00    
                              mds=  1     nd=  50
                              (xl,xu)= (  0.00000     ,  1.00000     )
                                       (  0.00000     ,  1.00000     )
                                       (  0.00000     ,  1.00000     )
                                       (  0.00000     ,  1.00000     )
                                       (  0.00000     ,  1.00000     )
                                       (  0.00000     ,  1.00000     )
                                       (  0.00000     ,  1.00000     )
                                       (  0.00000     ,  1.00000     )
                                       (  0.00000     ,  1.00000     )

#********** Integration by Vegas (iteration       1) ************
#                                                               *
#  integral  =  34.908910       accum. integral =  34.908910    *
#  std. dev. = 0.20703734E-01   accum. std. dev = 0.20703734E-01*
#   min/max. wt. =    0.00000            0.173517E-02           *
#                                                               *
#*************   chi**2/iteration =  0.000       ****************


#********** Integration by Vegas (iteration       2) ************
#                                                               *
#  integral  =  34.925520       accum. integral =  34.917205    *
#  std. dev. = 0.20737633E-01   accum. std. dev = 0.14651727E-01*
#   min/max. wt. =    0.00000            0.271823E-02           *
#                                                               *
#*************   chi**2/iteration = 0.3210       ****************

 Done
