SLURM job running in:  /scratch/groups/lhc/park/JHUGen/JHUGenerator
LHAPDF 6.1.5 loading /work-zfs/lhc/cms/slc6_amd64_gcc493/external/lhapdf/6.1.5-kpegke3/share/LHAPDF/NNPDF30_lo_as_0130/NNPDF30_lo_as_0130_0000.dat
NNPDF30_lo_as_0130 PDF set, member #0, version 2; LHAPDF ID = 263000
 
                                                                                          
   ***************************************************************************************
   *                                JHU Generator v6.9.3                                 *
   ***************************************************************************************
   *                                                                                     *
   *   Spin and parity determination of single-produced resonances at hadron colliders   *
   *                                                                                     *
   *          I. Anderson, S. Bolognesi, F. Caola, Y. Gao, A. Gritsan, Z. Guo,           *
   *        C. Martin, K. Melnikov, R.Rontsch, H. Roskes, U. Sarica, M. Schulze,         *
   *                   N. Tran, A. Whitbeck, M. Xiao, C. You, Y. Zhou                    *
   *                Phys.Rev. D81 (2010) 075022;  arXiv:1001.3396 [hep-ph],              *
   *                Phys.Rev. D86 (2012) 095031;  arXiv:1208.4018 [hep-ph],              *
   *                Phys.Rev. D89 (2014) 035007;  arXiv:1309.4819 [hep-ph].              *
   *                                                                                     *
   ***************************************************************************************
                                                                                          
   
   Command line: ./JHUGen Unweighted=0 VegasNc0=99999999 VegasNc1=99999999 VegasNc2=99999999 LHAPDF=NNPDF30_lo_as_0130/NNPDF30_lo_as_0130.info MReso=1480 Process=61 ghg2=1,0
   
   Input Parameter:
    Collider: P-P, sqrt(s)=13000.00
    Resonance: spin=0, mass=1480.00 width=   0.00407
    Jet cuts:
            pT >=    15.00 GeV
        DeltaR >=     0.30
           mJJ >=     0.00 GeV
    Random seed:   158423591
    To reproduce results using this seed, JHUGen should be compiled with the same compiler:
      GNU Fortran (GCC) 4.9.3
    
    WidthScheme:   2
    LHAPDF set NNPDF30_lo_as_0130/NNPDF30_lo_as_0130.info, member=  0
    Unweighted: F
    
    spin-0-VV couplings: 
      generate_as=F
      ghg2=  0.10000000E+01  0.00000000E+00i
      ghg3=  0.00000000E+00  0.00000000E+00i
      ghg4=  0.00000000E+00  0.00000000E+00i
      ghz1=  0.20000000E+01  0.00000000E+00i
      ghz2=  0.00000000E+00  0.00000000E+00i
      ghz3=  0.00000000E+00  0.00000000E+00i
      ghz4=  0.00000000E+00  0.00000000E+00i
      Lambda=  1000.0
    
    LHE output: ./data/output.lhe
    Histogram output: ./data/output.dat
    Log file: ./data/output.log
    
  Running

  Input parameters for vegas:  ndim=  9   ncall= 80707214.
                              it=    0    itmx=   15
                              acc=-1.00    
                              mds=  1     nd=  50
                              (xl,xu)= (  0.00000     ,  1.00000     )
                                       (  0.00000     ,  1.00000     )
                                       (  0.00000     ,  1.00000     )
                                       (  0.00000     ,  1.00000     )
                                       (  0.00000     ,  1.00000     )
                                       (  0.00000     ,  1.00000     )
                                       (  0.00000     ,  1.00000     )
                                       (  0.00000     ,  1.00000     )
                                       (  0.00000     ,  1.00000     )

#********** Integration by Vegas (iteration       1) ************
#                                                               *
#  integral  =  26.527817       accum. integral =  26.527817    *
#  std. dev. =  2.7051848       accum. std. dev =  2.7051848    *
#   min/max. wt. =    0.00000             1.74850               *
#                                                               *
#*************   chi**2/iteration =  0.000       ****************


#********** Integration by Vegas (iteration       2) ************
#                                                               *
#  integral  =  30.773908       accum. integral =  30.542761    *
#  std. dev. = 0.75297816       accum. std. dev = 0.68355206    *
#   min/max. wt. =    0.00000            0.273460               *
#                                                               *
#*************   chi**2/iteration =  1.984       ****************


#********** Integration by Vegas (iteration       3) ************
#                                                               *
#  integral  =  31.393638       accum. integral =  31.217552    *
#  std. dev. = 0.38156131       accum. std. dev = 0.32085755    *
#   min/max. wt. =    0.00000            0.192316               *
#                                                               *
#*************   chi**2/iteration =  1.509       ****************


#********** Integration by Vegas (iteration       4) ************
#                                                               *
#  integral  =  31.008608       accum. integral =  31.040205    *
#  std. dev. = 0.14166692       accum. std. dev = 0.12623351    *
#   min/max. wt. =    0.00000            0.808137E-01           *
#                                                               *
#*************   chi**2/iteration =  1.100       ****************


#********** Integration by Vegas (iteration       5) ************
#                                                               *
#  integral  =  31.250058       accum. integral =  31.213312    *
#  std. dev. = 0.60601638E-01   accum. std. dev = 0.53274051E-01*
#   min/max. wt. =    0.00000            0.146300E-01           *
#                                                               *
#*************   chi**2/iteration =  1.372       ****************


#********** Integration by Vegas (iteration       6) ************
#                                                               *
#  integral  =  31.214546       accum. integral =  31.214183    *
#  std. dev. = 0.35496920E-01   accum. std. dev = 0.29053007E-01*
#   min/max. wt. =    0.00000            0.936396E-02           *
#                                                               *
#*************   chi**2/iteration =  1.086       ****************


#********** Integration by Vegas (iteration       7) ************
#                                                               *
#  integral  =  31.198239       accum. integral =  31.205039    *
#  std. dev. = 0.25701561E-01   accum. std. dev = 0.19043831E-01*
#   min/max. wt. =    0.00000            0.907984E-02           *
#                                                               *
#*************   chi**2/iteration = 0.9265       ****************


#********** Integration by Vegas (iteration       8) ************
#                                                               *
#  integral  =  31.257441       accum. integral =  31.225110    *
#  std. dev. = 0.24750655E-01   accum. std. dev = 0.15003931E-01*
#   min/max. wt. =    0.00000            0.119523E-01           *
#                                                               *
#*************   chi**2/iteration =  1.201       ****************


#********** Integration by Vegas (iteration       9) ************
#                                                               *
#  integral  =  31.194440       accum. integral =  31.215070    *
#  std. dev. = 0.21913258E-01   accum. std. dev = 0.12331489E-01*
#   min/max. wt. =    0.00000            0.288806E-02           *
#                                                               *
#*************   chi**2/iteration =  1.217       ****************


#********** Integration by Vegas (iteration      10) ************
#                                                               *
#  integral  =  31.219139       accum. integral =  31.216275    *
#  std. dev. = 0.19346414E-01   accum. std. dev = 0.10364271E-01*
#   min/max. wt. =    0.00000            0.261076E-02           *
#                                                               *
#*************   chi**2/iteration =  1.081       ****************


#********** Integration by Vegas (iteration      11) ************
#                                                               *
#  integral  =  31.192352       accum. integral =  31.210252    *
#  std. dev. = 0.18133248E-01   accum. std. dev = 0.89774013E-02*
#   min/max. wt. =    0.00000            0.153384E-02           *
#                                                               *
#*************   chi**2/iteration =  1.104       ****************


#********** Integration by Vegas (iteration      12) ************
#                                                               *
#  integral  =  31.194094       accum. integral =  31.207038    *
#  std. dev. = 0.18259657E-01   accum. std. dev = 0.80441857E-02*
#   min/max. wt. =    0.00000            0.233594E-02           *
#                                                               *
#*************   chi**2/iteration =  1.060       ****************


#********** Integration by Vegas (iteration      13) ************
#                                                               *
#  integral  =  31.203973       accum. integral =  31.206524    *
#  std. dev. = 0.18147743E-01   accum. std. dev = 0.73459173E-02*
#   min/max. wt. =    0.00000            0.141300E-02           *
#                                                               *
#*************   chi**2/iteration = 0.9719       ****************


#********** Integration by Vegas (iteration      14) ************
#                                                               *
#  integral  =  31.220962       accum. integral =  31.208583    *
#  std. dev. = 0.18233897E-01   accum. std. dev = 0.68080282E-02*
#   min/max. wt. =    0.00000            0.275116E-02           *
#                                                               *
#*************   chi**2/iteration = 0.9379       ****************


#********** Integration by Vegas (iteration      15) ************
#                                                               *
#  integral  =  31.200225       accum. integral =  31.207528    *
#  std. dev. = 0.18106245E-01   accum. std. dev = 0.63685367E-02*
#   min/max. wt. =    0.00000            0.238925E-02           *
#                                                               *
#*************   chi**2/iteration = 0.8832       ****************


  Input parameters for vegas:  ndim=  9   ncall= 80707214.
                              it=    0    itmx=    2
                              acc=-1.00    
                              mds=  1     nd=  50
                              (xl,xu)= (  0.00000     ,  1.00000     )
                                       (  0.00000     ,  1.00000     )
                                       (  0.00000     ,  1.00000     )
                                       (  0.00000     ,  1.00000     )
                                       (  0.00000     ,  1.00000     )
                                       (  0.00000     ,  1.00000     )
                                       (  0.00000     ,  1.00000     )
                                       (  0.00000     ,  1.00000     )
                                       (  0.00000     ,  1.00000     )

#********** Integration by Vegas (iteration       1) ************
#                                                               *
#  integral  =  31.256737       accum. integral =  31.256737    *
#  std. dev. = 0.18598541E-01   accum. std. dev = 0.18598541E-01*
#   min/max. wt. =    0.00000            0.327104E-02           *
#                                                               *
#*************   chi**2/iteration = 0.6573E-06   ****************


#********** Integration by Vegas (iteration       2) ************
#                                                               *
#  integral  =  31.206593       accum. integral =  31.231754    *
#  std. dev. = 0.18635079E-01   accum. std. dev = 0.13164033E-01*
#   min/max. wt. =    0.00000            0.212322E-02           *
#                                                               *
#*************   chi**2/iteration =  3.624       ****************

 Done
