SLURM job running in:  /scratch/groups/lhc/park/JHUGen/JHUGenerator
LHAPDF 6.1.5 loading /work-zfs/lhc/cms/slc6_amd64_gcc493/external/lhapdf/6.1.5-kpegke3/share/LHAPDF/NNPDF30_lo_as_0130/NNPDF30_lo_as_0130_0000.dat
NNPDF30_lo_as_0130 PDF set, member #0, version 2; LHAPDF ID = 263000
 
                                                                                          
   ***************************************************************************************
   *                                JHU Generator v6.9.3                                 *
   ***************************************************************************************
   *                                                                                     *
   *   Spin and parity determination of single-produced resonances at hadron colliders   *
   *                                                                                     *
   *          I. Anderson, S. Bolognesi, F. Caola, Y. Gao, A. Gritsan, Z. Guo,           *
   *        C. Martin, K. Melnikov, R.Rontsch, H. Roskes, U. Sarica, M. Schulze,         *
   *                   N. Tran, A. Whitbeck, M. Xiao, C. You, Y. Zhou                    *
   *                Phys.Rev. D81 (2010) 075022;  arXiv:1001.3396 [hep-ph],              *
   *                Phys.Rev. D86 (2012) 095031;  arXiv:1208.4018 [hep-ph],              *
   *                Phys.Rev. D89 (2014) 035007;  arXiv:1309.4819 [hep-ph].              *
   *                                                                                     *
   ***************************************************************************************
                                                                                          
   
   Command line: ./JHUGen Unweighted=0 VegasNc0=99999999 VegasNc1=99999999 VegasNc2=99999999 LHAPDF=NNPDF30_lo_as_0130/NNPDF30_lo_as_0130.info MReso=1500 Process=61 ghg2=1,0
   
   Input Parameter:
    Collider: P-P, sqrt(s)=13000.00
    Resonance: spin=0, mass=1500.00 width=   0.00407
    Jet cuts:
            pT >=    15.00 GeV
        DeltaR >=     0.30
           mJJ >=     0.00 GeV
    Random seed:   710832609
    To reproduce results using this seed, JHUGen should be compiled with the same compiler:
      GNU Fortran (GCC) 4.9.3
    
    WidthScheme:   2
    LHAPDF set NNPDF30_lo_as_0130/NNPDF30_lo_as_0130.info, member=  0
    Unweighted: F
    
    spin-0-VV couplings: 
      generate_as=F
      ghg2=  0.10000000E+01  0.00000000E+00i
      ghg3=  0.00000000E+00  0.00000000E+00i
      ghg4=  0.00000000E+00  0.00000000E+00i
      ghz1=  0.20000000E+01  0.00000000E+00i
      ghz2=  0.00000000E+00  0.00000000E+00i
      ghz3=  0.00000000E+00  0.00000000E+00i
      ghz4=  0.00000000E+00  0.00000000E+00i
      Lambda=  1000.0
    
    LHE output: ./data/output.lhe
    Histogram output: ./data/output.dat
    Log file: ./data/output.log
    
  Running

  Input parameters for vegas:  ndim=  9   ncall= 80707214.
                              it=    0    itmx=   15
                              acc=-1.00    
                              mds=  1     nd=  50
                              (xl,xu)= (  0.00000     ,  1.00000     )
                                       (  0.00000     ,  1.00000     )
                                       (  0.00000     ,  1.00000     )
                                       (  0.00000     ,  1.00000     )
                                       (  0.00000     ,  1.00000     )
                                       (  0.00000     ,  1.00000     )
                                       (  0.00000     ,  1.00000     )
                                       (  0.00000     ,  1.00000     )
                                       (  0.00000     ,  1.00000     )

#********** Integration by Vegas (iteration       1) ************
#                                                               *
#  integral  =  47.669575       accum. integral =  47.669575    *
#  std. dev. =  24.839268       accum. std. dev =  24.839268    *
#   min/max. wt. =    0.00000             24.7534               *
#                                                               *
#*************   chi**2/iteration = 0.7370E-12   ****************


#********** Integration by Vegas (iteration       2) ************
#                                                               *
#  integral  =  29.712052       accum. integral =  30.269389    *
#  std. dev. =  2.7708455       accum. std. dev =  3.6461242    *
#   min/max. wt. =    0.00000             2.72058               *
#                                                               *
#*************   chi**2/iteration = 0.7287       ****************


#********** Integration by Vegas (iteration       3) ************
#                                                               *
#  integral  =  28.502519       accum. integral =  28.525086    *
#  std. dev. = 0.29760512       accum. std. dev = 0.37728410    *
#   min/max. wt. =    0.00000            0.109467               *
#                                                               *
#*************   chi**2/iteration = 0.5731       ****************


#********** Integration by Vegas (iteration       4) ************
#                                                               *
#  integral  =  29.578846       accum. integral =  29.489666    *
#  std. dev. = 0.93306599E-01   accum. std. dev = 0.10501081    *
#   min/max. wt. =    0.00000            0.555537E-01           *
#                                                               *
#*************   chi**2/iteration =  3.017       ****************


#********** Integration by Vegas (iteration       5) ************
#                                                               *
#  integral  =  29.531051       accum. integral =  29.518971    *
#  std. dev. = 0.57222819E-01   accum. std. dev = 0.55124837E-01*
#   min/max. wt. =    0.00000            0.366360E-01           *
#                                                               *
#*************   chi**2/iteration =  2.426       ****************


#********** Integration by Vegas (iteration       6) ************
#                                                               *
#  integral  =  29.479406       accum. integral =  29.491988    *
#  std. dev. = 0.32824159E-01   accum. std. dev = 0.30459264E-01*
#   min/max. wt. =    0.00000            0.503040E-02           *
#                                                               *
#*************   chi**2/iteration =  2.095       ****************


#********** Integration by Vegas (iteration       7) ************
#                                                               *
#  integral  =  29.520244       accum. integral =  29.508619    *
#  std. dev. = 0.22694610E-01   accum. std. dev = 0.19247843E-01*
#   min/max. wt. =    0.00000            0.741060E-02           *
#                                                               *
#*************   chi**2/iteration =  1.886       ****************


#********** Integration by Vegas (iteration       8) ************
#                                                               *
#  integral  =  29.512661       accum. integral =  29.510350    *
#  std. dev. = 0.20115192E-01   accum. std. dev = 0.14388225E-01*
#   min/max. wt. =    0.00000            0.482155E-02           *
#                                                               *
#*************   chi**2/iteration =  1.657       ****************


#********** Integration by Vegas (iteration       9) ************
#                                                               *
#  integral  =  29.516026       accum. integral =  29.512360    *
#  std. dev. = 0.17776642E-01   accum. std. dev = 0.11457810E-01*
#   min/max. wt. =    0.00000            0.127657E-02           *
#                                                               *
#*************   chi**2/iteration =  1.483       ****************


#********** Integration by Vegas (iteration      10) ************
#                                                               *
#  integral  =  29.501318       accum. integral =  29.509395    *
#  std. dev. = 0.17451696E-01   accum. std. dev = 0.97264591E-02*
#   min/max. wt. =    0.00000            0.205739E-02           *
#                                                               *
#*************   chi**2/iteration =  1.367       ****************


#********** Integration by Vegas (iteration      11) ************
#                                                               *
#  integral  =  29.512487       accum. integral =  29.510060    *
#  std. dev. = 0.17281320E-01   accum. std. dev = 0.85640958E-02*
#   min/max. wt. =    0.00000            0.163663E-02           *
#                                                               *
#*************   chi**2/iteration =  1.247       ****************


#********** Integration by Vegas (iteration      12) ************
#                                                               *
#  integral  =  29.529667       accum. integral =  29.513477    *
#  std. dev. = 0.17457614E-01   accum. std. dev = 0.77422127E-02*
#   min/max. wt. =    0.00000            0.353575E-02           *
#                                                               *
#*************   chi**2/iteration =  1.230       ****************


#********** Integration by Vegas (iteration      13) ************
#                                                               *
#  integral  =  29.530122       accum. integral =  29.515788    *
#  std. dev. = 0.18146789E-01   accum. std. dev = 0.71529450E-02*
#   min/max. wt. =    0.00000            0.356586E-02           *
#                                                               *
#*************   chi**2/iteration =  1.191       ****************


#********** Integration by Vegas (iteration      14) ************
#                                                               *
#  integral  =  29.541669       accum. integral =  29.519191    *
#  std. dev. = 0.17388766E-01   accum. std. dev = 0.66410359E-02*
#   min/max. wt. =    0.00000            0.231664E-02           *
#                                                               *
#*************   chi**2/iteration =  1.241       ****************


#********** Integration by Vegas (iteration      15) ************
#                                                               *
#  integral  =  29.492333       accum. integral =  29.516010    *
#  std. dev. = 0.17173043E-01   accum. std. dev = 0.62142237E-02*
#   min/max. wt. =    0.00000            0.184635E-02           *
#                                                               *
#*************   chi**2/iteration =  1.300       ****************


  Input parameters for vegas:  ndim=  9   ncall= 80707214.
                              it=    0    itmx=    2
                              acc=-1.00    
                              mds=  1     nd=  50
                              (xl,xu)= (  0.00000     ,  1.00000     )
                                       (  0.00000     ,  1.00000     )
                                       (  0.00000     ,  1.00000     )
                                       (  0.00000     ,  1.00000     )
                                       (  0.00000     ,  1.00000     )
                                       (  0.00000     ,  1.00000     )
                                       (  0.00000     ,  1.00000     )
                                       (  0.00000     ,  1.00000     )
                                       (  0.00000     ,  1.00000     )

#********** Integration by Vegas (iteration       1) ************
#                                                               *
#  integral  =  29.535190       accum. integral =  29.535190    *
#  std. dev. = 0.17178301E-01   accum. std. dev = 0.17178301E-01*
#   min/max. wt. =    0.00000            0.208252E-02           *
#                                                               *
#*************   chi**2/iteration =  0.000       ****************


#********** Integration by Vegas (iteration       2) ************
#                                                               *
#  integral  =  29.511767       accum. integral =  29.523763    *
#  std. dev. = 0.17586898E-01   accum. std. dev = 0.12288693E-01*
#   min/max. wt. =    0.00000            0.281262E-02           *
#                                                               *
#*************   chi**2/iteration = 0.9069       ****************

 Done
