SLURM job running in:  /scratch/groups/lhc/park/JHUGen/JHUGenerator
LHAPDF 6.1.5 loading /work-zfs/lhc/cms/slc6_amd64_gcc493/external/lhapdf/6.1.5-kpegke3/share/LHAPDF/NNPDF30_lo_as_0130/NNPDF30_lo_as_0130_0000.dat
NNPDF30_lo_as_0130 PDF set, member #0, version 2; LHAPDF ID = 263000
 
                                                                                          
   ***************************************************************************************
   *                                JHU Generator v6.9.3                                 *
   ***************************************************************************************
   *                                                                                     *
   *   Spin and parity determination of single-produced resonances at hadron colliders   *
   *                                                                                     *
   *          I. Anderson, S. Bolognesi, F. Caola, Y. Gao, A. Gritsan, Z. Guo,           *
   *        C. Martin, K. Melnikov, R.Rontsch, H. Roskes, U. Sarica, M. Schulze,         *
   *                   N. Tran, A. Whitbeck, M. Xiao, C. You, Y. Zhou                    *
   *                Phys.Rev. D81 (2010) 075022;  arXiv:1001.3396 [hep-ph],              *
   *                Phys.Rev. D86 (2012) 095031;  arXiv:1208.4018 [hep-ph],              *
   *                Phys.Rev. D89 (2014) 035007;  arXiv:1309.4819 [hep-ph].              *
   *                                                                                     *
   ***************************************************************************************
                                                                                          
   
   Command line: ./JHUGen Unweighted=0 VegasNc0=99999999 VegasNc1=99999999 VegasNc2=99999999 LHAPDF=NNPDF30_lo_as_0130/NNPDF30_lo_as_0130.info MReso=182 Process=61 ghg2=1,0
   
   Input Parameter:
    Collider: P-P, sqrt(s)=13000.00
    Resonance: spin=0, mass= 182.00 width=   0.00407
    Jet cuts:
            pT >=    15.00 GeV
        DeltaR >=     0.30
           mJJ >=     0.00 GeV
    Random seed:   172740544
    To reproduce results using this seed, JHUGen should be compiled with the same compiler:
      GNU Fortran (GCC) 4.9.3
    
    WidthScheme:   2
    LHAPDF set NNPDF30_lo_as_0130/NNPDF30_lo_as_0130.info, member=  0
    Unweighted: F
    
    spin-0-VV couplings: 
      generate_as=F
      ghg2=  0.10000000E+01  0.00000000E+00i
      ghg3=  0.00000000E+00  0.00000000E+00i
      ghg4=  0.00000000E+00  0.00000000E+00i
      ghz1=  0.20000000E+01  0.00000000E+00i
      ghz2=  0.00000000E+00  0.00000000E+00i
      ghz3=  0.00000000E+00  0.00000000E+00i
      ghz4=  0.00000000E+00  0.00000000E+00i
      Lambda=  1000.0
    
    LHE output: ./data/output.lhe
    Histogram output: ./data/output.dat
    Log file: ./data/output.log
    
  Running

  Input parameters for vegas:  ndim=  9   ncall= 80707214.
                              it=    0    itmx=   15
                              acc=-1.00    
                              mds=  1     nd=  50
                              (xl,xu)= (  0.00000     ,  1.00000     )
                                       (  0.00000     ,  1.00000     )
                                       (  0.00000     ,  1.00000     )
                                       (  0.00000     ,  1.00000     )
                                       (  0.00000     ,  1.00000     )
                                       (  0.00000     ,  1.00000     )
                                       (  0.00000     ,  1.00000     )
                                       (  0.00000     ,  1.00000     )
                                       (  0.00000     ,  1.00000     )

#********** Integration by Vegas (iteration       1) ************
#                                                               *
#  integral  =  6948.6841       accum. integral =  6948.6841    *
#  std. dev. =  350.45212       accum. std. dev =  350.45212    *
#   min/max. wt. =    0.00000             178.591               *
#                                                               *
#*************   chi**2/iteration =  0.000       ****************


#********** Integration by Vegas (iteration       2) ************
#                                                               *
#  integral  =  7726.4622       accum. integral =  7705.0023    *
#  std. dev. =  65.639880       accum. std. dev =  61.556381    *
#   min/max. wt. =    0.00000             34.6030               *
#                                                               *
#*************   chi**2/iteration =  4.279       ****************


#********** Integration by Vegas (iteration       3) ************
#                                                               *
#  integral  =  7883.4629       accum. integral =  7851.0905    *
#  std. dev. =  31.089130       accum. std. dev =  26.869497    *
#   min/max. wt. =    0.00000             21.1452               *
#                                                               *
#*************   chi**2/iteration =  5.312       ****************


#********** Integration by Vegas (iteration       4) ************
#                                                               *
#  integral  =  7843.0589       accum. integral =  7844.2493    *
#  std. dev. =  11.673417       accum. std. dev =  10.453421    *
#   min/max. wt. =    0.00000             2.78148               *
#                                                               *
#*************   chi**2/iteration =  3.493       ****************


#********** Integration by Vegas (iteration       5) ************
#                                                               *
#  integral  =  7855.9275       accum. integral =  7853.0588    *
#  std. dev. =  6.1581405       accum. std. dev =  5.2149922    *
#   min/max. wt. =    0.00000             1.68000               *
#                                                               *
#*************   chi**2/iteration =  2.818       ****************


#********** Integration by Vegas (iteration       6) ************
#                                                               *
#  integral  =  7863.6029       accum. integral =  7858.7053    *
#  std. dev. =  4.9860351       accum. std. dev =  3.5701000    *
#   min/max. wt. =    0.00000            0.762429               *
#                                                               *
#*************   chi**2/iteration =  2.668       ****************


#********** Integration by Vegas (iteration       7) ************
#                                                               *
#  integral  =  7865.0887       accum. integral =  7861.3686    *
#  std. dev. =  4.3131105       accum. std. dev =  2.7341378    *
#   min/max. wt. =    0.00000            0.807162               *
#                                                               *
#*************   chi**2/iteration =  2.430       ****************


#********** Integration by Vegas (iteration       8) ************
#                                                               *
#  integral  =  7866.6952       accum. integral =  7862.9964    *
#  std. dev. =  4.2003743       accum. std. dev =  2.2838714    *
#   min/max. wt. =    0.00000            0.848739               *
#                                                               *
#*************   chi**2/iteration =  2.238       ****************


#********** Integration by Vegas (iteration       9) ************
#                                                               *
#  integral  =  7861.7595       accum. integral =  7862.6847    *
#  std. dev. =  3.9973889       accum. std. dev =  1.9787241    *
#   min/max. wt. =    0.00000            0.644849               *
#                                                               *
#*************   chi**2/iteration =  1.961       ****************


#********** Integration by Vegas (iteration      10) ************
#                                                               *
#  integral  =  7861.5708       accum. integral =  7862.4475    *
#  std. dev. =  3.8589332       accum. std. dev =  1.7580290    *
#   min/max. wt. =    0.00000            0.379535               *
#                                                               *
#*************   chi**2/iteration =  1.745       ****************


#********** Integration by Vegas (iteration      11) ************
#                                                               *
#  integral  =  7862.5295       accum. integral =  7862.4620    *
#  std. dev. =  3.8489950       accum. std. dev =  1.5974309    *
#   min/max. wt. =    0.00000            0.485920               *
#                                                               *
#*************   chi**2/iteration =  1.567       ****************


#********** Integration by Vegas (iteration      12) ************
#                                                               *
#  integral  =  7863.7825       accum. integral =  7862.6508    *
#  std. dev. =  3.9568231       accum. std. dev =  1.4802706    *
#   min/max. wt. =    0.00000             1.06305               *
#                                                               *
#*************   chi**2/iteration =  1.431       ****************


#********** Integration by Vegas (iteration      13) ************
#                                                               *
#  integral  =  7859.9024       accum. integral =  7862.3002    *
#  std. dev. =  3.9112973       accum. std. dev =  1.3837436    *
#   min/max. wt. =    0.00000            0.625450               *
#                                                               *
#*************   chi**2/iteration =  1.346       ****************


#********** Integration by Vegas (iteration      14) ************
#                                                               *
#  integral  =  7859.9342       accum. integral =  7862.0238    *
#  std. dev. =  3.8407285       accum. std. dev =  1.3012879    *
#   min/max. wt. =    0.00000            0.451509               *
#                                                               *
#*************   chi**2/iteration =  1.267       ****************


#********** Integration by Vegas (iteration      15) ************
#                                                               *
#  integral  =  7859.5657       accum. integral =  7861.7638    *
#  std. dev. =  3.8172076       accum. std. dev =  1.2312777    *
#   min/max. wt. =    0.00000            0.403138               *
#                                                               *
#*************   chi**2/iteration =  1.202       ****************


  Input parameters for vegas:  ndim=  9   ncall= 80707214.
                              it=    0    itmx=    2
                              acc=-1.00    
                              mds=  1     nd=  50
                              (xl,xu)= (  0.00000     ,  1.00000     )
                                       (  0.00000     ,  1.00000     )
                                       (  0.00000     ,  1.00000     )
                                       (  0.00000     ,  1.00000     )
                                       (  0.00000     ,  1.00000     )
                                       (  0.00000     ,  1.00000     )
                                       (  0.00000     ,  1.00000     )
                                       (  0.00000     ,  1.00000     )
                                       (  0.00000     ,  1.00000     )

#********** Integration by Vegas (iteration       1) ************
#                                                               *
#  integral  =  7865.8809       accum. integral =  7865.8809    *
#  std. dev. =  3.7821666       accum. std. dev =  3.7821666    *
#   min/max. wt. =    0.00000            0.293171               *
#                                                               *
#*************   chi**2/iteration =  0.000       ****************


#********** Integration by Vegas (iteration       2) ************
#                                                               *
#  integral  =  7866.0618       accum. integral =  7865.9604    *
#  std. dev. =  4.2723300       accum. std. dev =  2.8319132    *
#   min/max. wt. =    0.00000             1.69998               *
#                                                               *
#*************   chi**2/iteration = 0.1004E-02   ****************

 Done
