SLURM job running in:  /scratch/groups/lhc/park/JHUGen/JHUGenerator
LHAPDF 6.1.5 loading /work-zfs/lhc/cms/slc6_amd64_gcc493/external/lhapdf/6.1.5-kpegke3/share/LHAPDF/NNPDF30_lo_as_0130/NNPDF30_lo_as_0130_0000.dat
NNPDF30_lo_as_0130 PDF set, member #0, version 2; LHAPDF ID = 263000
 
                                                                                          
   ***************************************************************************************
   *                                JHU Generator v6.9.3                                 *
   ***************************************************************************************
   *                                                                                     *
   *   Spin and parity determination of single-produced resonances at hadron colliders   *
   *                                                                                     *
   *          I. Anderson, S. Bolognesi, F. Caola, Y. Gao, A. Gritsan, Z. Guo,           *
   *        C. Martin, K. Melnikov, R.Rontsch, H. Roskes, U. Sarica, M. Schulze,         *
   *                   N. Tran, A. Whitbeck, M. Xiao, C. You, Y. Zhou                    *
   *                Phys.Rev. D81 (2010) 075022;  arXiv:1001.3396 [hep-ph],              *
   *                Phys.Rev. D86 (2012) 095031;  arXiv:1208.4018 [hep-ph],              *
   *                Phys.Rev. D89 (2014) 035007;  arXiv:1309.4819 [hep-ph].              *
   *                                                                                     *
   ***************************************************************************************
                                                                                          
   
   Command line: ./JHUGen Unweighted=0 VegasNc0=99999999 VegasNc1=99999999 VegasNc2=99999999 LHAPDF=NNPDF30_lo_as_0130/NNPDF30_lo_as_0130.info MReso=204 Process=61 ghg2=1,0
   
   Input Parameter:
    Collider: P-P, sqrt(s)=13000.00
    Resonance: spin=0, mass= 204.00 width=   0.00407
    Jet cuts:
            pT >=    15.00 GeV
        DeltaR >=     0.30
           mJJ >=     0.00 GeV
    Random seed:   125091873
    To reproduce results using this seed, JHUGen should be compiled with the same compiler:
      GNU Fortran (GCC) 4.9.3
    
    WidthScheme:   2
    LHAPDF set NNPDF30_lo_as_0130/NNPDF30_lo_as_0130.info, member=  0
    Unweighted: F
    
    spin-0-VV couplings: 
      generate_as=F
      ghg2=  0.10000000E+01  0.00000000E+00i
      ghg3=  0.00000000E+00  0.00000000E+00i
      ghg4=  0.00000000E+00  0.00000000E+00i
      ghz1=  0.20000000E+01  0.00000000E+00i
      ghz2=  0.00000000E+00  0.00000000E+00i
      ghz3=  0.00000000E+00  0.00000000E+00i
      ghz4=  0.00000000E+00  0.00000000E+00i
      Lambda=  1000.0
    
    LHE output: ./data/output.lhe
    Histogram output: ./data/output.dat
    Log file: ./data/output.log
    
  Running

  Input parameters for vegas:  ndim=  9   ncall= 80707214.
                              it=    0    itmx=   15
                              acc=-1.00    
                              mds=  1     nd=  50
                              (xl,xu)= (  0.00000     ,  1.00000     )
                                       (  0.00000     ,  1.00000     )
                                       (  0.00000     ,  1.00000     )
                                       (  0.00000     ,  1.00000     )
                                       (  0.00000     ,  1.00000     )
                                       (  0.00000     ,  1.00000     )
                                       (  0.00000     ,  1.00000     )
                                       (  0.00000     ,  1.00000     )
                                       (  0.00000     ,  1.00000     )

#********** Integration by Vegas (iteration       1) ************
#                                                               *
#  integral  =  6168.7107       accum. integral =  6168.7107    *
#  std. dev. =  315.48293       accum. std. dev =  315.48293    *
#   min/max. wt. =    0.00000             164.301               *
#                                                               *
#*************   chi**2/iteration =  0.000       ****************


#********** Integration by Vegas (iteration       2) ************
#                                                               *
#  integral  =  6319.0557       accum. integral =  6316.0159    *
#  std. dev. =  46.424268       accum. std. dev =  45.409185    *
#   min/max. wt. =    0.00000             19.6206               *
#                                                               *
#*************   chi**2/iteration = 0.2169       ****************


#********** Integration by Vegas (iteration       3) ************
#                                                               *
#  integral  =  6390.5215       accum. integral =  6378.4296    *
#  std. dev. =  20.455103       accum. std. dev =  18.437371    *
#   min/max. wt. =    0.00000             10.6444               *
#                                                               *
#*************   chi**2/iteration =  1.216       ****************


#********** Integration by Vegas (iteration       4) ************
#                                                               *
#  integral  =  6427.1325       accum. integral =  6410.1946    *
#  std. dev. =  13.749364       accum. std. dev =  10.931238    *
#   min/max. wt. =    0.00000             9.66731               *
#                                                               *
#*************   chi**2/iteration =  2.303       ****************


#********** Integration by Vegas (iteration       5) ************
#                                                               *
#  integral  =  6408.3885       accum. integral =  6408.9655    *
#  std. dev. =  7.5858059       accum. std. dev =  6.1944593    *
#   min/max. wt. =    0.00000             1.16667               *
#                                                               *
#*************   chi**2/iteration =  1.723       ****************


#********** Integration by Vegas (iteration       6) ************
#                                                               *
#  integral  =  6424.0177       accum. integral =  6419.5945    *
#  std. dev. =  4.0467555       accum. std. dev =  3.3650817    *
#   min/max. wt. =    0.00000            0.744453               *
#                                                               *
#*************   chi**2/iteration =  2.203       ****************


#********** Integration by Vegas (iteration       7) ************
#                                                               *
#  integral  =  6430.2429       accum. integral =  6424.1603    *
#  std. dev. =  3.9288342       accum. std. dev =  2.5475220    *
#   min/max. wt. =    0.00000             1.71343               *
#                                                               *
#*************   chi**2/iteration =  2.543       ****************


#********** Integration by Vegas (iteration       8) ************
#                                                               *
#  integral  =  6429.0875       accum. integral =  6425.8202    *
#  std. dev. =  3.6086236       accum. std. dev =  2.0769957    *
#   min/max. wt. =    0.00000            0.468500               *
#                                                               *
#*************   chi**2/iteration =  2.354       ****************


#********** Integration by Vegas (iteration       9) ************
#                                                               *
#  integral  =  6427.6118       accum. integral =  6426.3221    *
#  std. dev. =  3.3567744       accum. std. dev =  1.7638277    *
#   min/max. wt. =    0.00000            0.832666               *
#                                                               *
#*************   chi**2/iteration =  2.082       ****************


#********** Integration by Vegas (iteration      10) ************
#                                                               *
#  integral  =  6418.8711       accum. integral =  6424.5343    *
#  std. dev. =  3.1577972       accum. std. dev =  1.5386348    *
#   min/max. wt. =    0.00000            0.212589               *
#                                                               *
#*************   chi**2/iteration =  2.324       ****************


#********** Integration by Vegas (iteration      11) ************
#                                                               *
#  integral  =  6424.0200       accum. integral =  6424.4348    *
#  std. dev. =  3.1611884       accum. std. dev =  1.3826087    *
#   min/max. wt. =    0.00000            0.367366               *
#                                                               *
#*************   chi**2/iteration =  2.091       ****************


#********** Integration by Vegas (iteration      12) ************
#                                                               *
#  integral  =  6427.5785       accum. integral =  6424.9476    *
#  std. dev. =  3.1508215       accum. std. dev =  1.2654707    *
#   min/max. wt. =    0.00000            0.388582               *
#                                                               *
#*************   chi**2/iteration =  1.976       ****************


#********** Integration by Vegas (iteration      13) ************
#                                                               *
#  integral  =  6425.4254       accum. integral =  6425.0090    *
#  std. dev. =  3.3113146       accum. std. dev =  1.1817735    *
#   min/max. wt. =    0.00000             1.04040               *
#                                                               *
#*************   chi**2/iteration =  1.811       ****************


#********** Integration by Vegas (iteration      14) ************
#                                                               *
#  integral  =  6420.7153       accum. integral =  6424.4980    *
#  std. dev. =  3.2285589       accum. std. dev =  1.1095501    *
#   min/max. wt. =    0.00000            0.372598               *
#                                                               *
#*************   chi**2/iteration =  1.792       ****************


#********** Integration by Vegas (iteration      15) ************
#                                                               *
#  integral  =  6428.2099       accum. integral =  6424.5883    *
#  std. dev. =  7.0615449       accum. std. dev =  1.0963362    *
#   min/max. wt. =    0.00000             6.31096               *
#                                                               *
#*************   chi**2/iteration =  1.682       ****************


  Input parameters for vegas:  ndim=  9   ncall= 80707214.
                              it=    0    itmx=    2
                              acc=-1.00    
                              mds=  1     nd=  50
                              (xl,xu)= (  0.00000     ,  1.00000     )
                                       (  0.00000     ,  1.00000     )
                                       (  0.00000     ,  1.00000     )
                                       (  0.00000     ,  1.00000     )
                                       (  0.00000     ,  1.00000     )
                                       (  0.00000     ,  1.00000     )
                                       (  0.00000     ,  1.00000     )
                                       (  0.00000     ,  1.00000     )
                                       (  0.00000     ,  1.00000     )

#********** Integration by Vegas (iteration       1) ************
#                                                               *
#  integral  =  6416.4501       accum. integral =  6416.4501    *
#  std. dev. =  6.8090187       accum. std. dev =  6.8090187    *
#   min/max. wt. =    0.00000            0.562969               *
#                                                               *
#*************   chi**2/iteration =  0.000       ****************


#********** Integration by Vegas (iteration       2) ************
#                                                               *
#  integral  =  6427.1944       accum. integral =  6424.8760    *
#  std. dev. =  3.5776541       accum. std. dev =  3.1655864    *
#   min/max. wt. =    0.00000            0.300165               *
#                                                               *
#*************   chi**2/iteration =  1.947       ****************

 Done
