SLURM job running in:  /scratch/groups/lhc/park/JHUGen/JHUGenerator
LHAPDF 6.1.5 loading /work-zfs/lhc/cms/slc6_amd64_gcc493/external/lhapdf/6.1.5-kpegke3/share/LHAPDF/NNPDF30_lo_as_0130/NNPDF30_lo_as_0130_0000.dat
NNPDF30_lo_as_0130 PDF set, member #0, version 2; LHAPDF ID = 263000
 
                                                                                          
   ***************************************************************************************
   *                                JHU Generator v6.9.3                                 *
   ***************************************************************************************
   *                                                                                     *
   *   Spin and parity determination of single-produced resonances at hadron colliders   *
   *                                                                                     *
   *          I. Anderson, S. Bolognesi, F. Caola, Y. Gao, A. Gritsan, Z. Guo,           *
   *        C. Martin, K. Melnikov, R.Rontsch, H. Roskes, U. Sarica, M. Schulze,         *
   *                   N. Tran, A. Whitbeck, M. Xiao, C. You, Y. Zhou                    *
   *                Phys.Rev. D81 (2010) 075022;  arXiv:1001.3396 [hep-ph],              *
   *                Phys.Rev. D86 (2012) 095031;  arXiv:1208.4018 [hep-ph],              *
   *                Phys.Rev. D89 (2014) 035007;  arXiv:1309.4819 [hep-ph].              *
   *                                                                                     *
   ***************************************************************************************
                                                                                          
   
   Command line: ./JHUGen Unweighted=0 VegasNc0=99999999 VegasNc1=99999999 VegasNc2=99999999 LHAPDF=NNPDF30_lo_as_0130/NNPDF30_lo_as_0130.info MReso=218 Process=61 ghg2=1,0
   
   Input Parameter:
    Collider: P-P, sqrt(s)=13000.00
    Resonance: spin=0, mass= 218.00 width=   0.00407
    Jet cuts:
            pT >=    15.00 GeV
        DeltaR >=     0.30
           mJJ >=     0.00 GeV
    Random seed:   893287752
    To reproduce results using this seed, JHUGen should be compiled with the same compiler:
      GNU Fortran (GCC) 4.9.3
    
    WidthScheme:   2
    LHAPDF set NNPDF30_lo_as_0130/NNPDF30_lo_as_0130.info, member=  0
    Unweighted: F
    
    spin-0-VV couplings: 
      generate_as=F
      ghg2=  0.10000000E+01  0.00000000E+00i
      ghg3=  0.00000000E+00  0.00000000E+00i
      ghg4=  0.00000000E+00  0.00000000E+00i
      ghz1=  0.20000000E+01  0.00000000E+00i
      ghz2=  0.00000000E+00  0.00000000E+00i
      ghz3=  0.00000000E+00  0.00000000E+00i
      ghz4=  0.00000000E+00  0.00000000E+00i
      Lambda=  1000.0
    
    LHE output: ./data/output.lhe
    Histogram output: ./data/output.dat
    Log file: ./data/output.log
    
  Running

  Input parameters for vegas:  ndim=  9   ncall= 80707214.
                              it=    0    itmx=   15
                              acc=-1.00    
                              mds=  1     nd=  50
                              (xl,xu)= (  0.00000     ,  1.00000     )
                                       (  0.00000     ,  1.00000     )
                                       (  0.00000     ,  1.00000     )
                                       (  0.00000     ,  1.00000     )
                                       (  0.00000     ,  1.00000     )
                                       (  0.00000     ,  1.00000     )
                                       (  0.00000     ,  1.00000     )
                                       (  0.00000     ,  1.00000     )
                                       (  0.00000     ,  1.00000     )

#********** Integration by Vegas (iteration       1) ************
#                                                               *
#  integral  =  5415.3638       accum. integral =  5415.3638    *
#  std. dev. =  273.37906       accum. std. dev =  273.37906    *
#   min/max. wt. =    0.00000             129.351               *
#                                                               *
#*************   chi**2/iteration =  0.000       ****************


#********** Integration by Vegas (iteration       2) ************
#                                                               *
#  integral  =  5736.2768       accum. integral =  5707.6236    *
#  std. dev. =  90.671242       accum. std. dev =  84.143174    *
#   min/max. wt. =    0.00000             54.3409               *
#                                                               *
#*************   chi**2/iteration =  1.182       ****************


#********** Integration by Vegas (iteration       3) ************
#                                                               *
#  integral  =  5640.4985       accum. integral =  5643.2878    *
#  std. dev. =  17.715950       accum. std. dev =  17.216354    *
#   min/max. wt. =    0.00000             7.18385               *
#                                                               *
#*************   chi**2/iteration = 0.8893       ****************


#********** Integration by Vegas (iteration       4) ************
#                                                               *
#  integral  =  5702.8873       accum. integral =  5693.1848    *
#  std. dev. =  7.7327006       accum. std. dev =  6.9788873    *
#   min/max. wt. =    0.00000             2.22204               *
#                                                               *
#*************   chi**2/iteration =  3.900       ****************


#********** Integration by Vegas (iteration       5) ************
#                                                               *
#  integral  =  5689.5415       accum. integral =  5691.0348    *
#  std. dev. =  5.8828384       accum. std. dev =  4.4782859    *
#   min/max. wt. =    0.00000             3.70056               *
#                                                               *
#*************   chi**2/iteration =  2.952       ****************


#********** Integration by Vegas (iteration       6) ************
#                                                               *
#  integral  =  5689.5413       accum. integral =  5690.2787    *
#  std. dev. =  4.4630429       accum. std. dev =  3.1515870    *
#   min/max. wt. =    0.00000            0.859363               *
#                                                               *
#*************   chi**2/iteration =  2.365       ****************


#********** Integration by Vegas (iteration       7) ************
#                                                               *
#  integral  =  5696.5362       accum. integral =  5693.1881    *
#  std. dev. =  3.4106381       accum. std. dev =  2.3082021    *
#   min/max. wt. =    0.00000            0.582503               *
#                                                               *
#*************   chi**2/iteration =  2.271       ****************


#********** Integration by Vegas (iteration       8) ************
#                                                               *
#  integral  =  5695.1688       accum. integral =  5693.9263    *
#  std. dev. =  3.0166679       accum. std. dev =  1.8298757    *
#   min/max. wt. =    0.00000            0.373837               *
#                                                               *
#*************   chi**2/iteration =  1.982       ****************


#********** Integration by Vegas (iteration       9) ************
#                                                               *
#  integral  =  5692.2876       accum. integral =  5693.4543    *
#  std. dev. =  2.8938843       accum. std. dev =  1.5450316    *
#   min/max. wt. =    0.00000            0.453176               *
#                                                               *
#*************   chi**2/iteration =  1.761       ****************


#********** Integration by Vegas (iteration      10) ************
#                                                               *
#  integral  =  5691.3810       accum. integral =  5692.9804    *
#  std. dev. =  2.8526346       accum. std. dev =  1.3576908    *
#   min/max. wt. =    0.00000            0.370428               *
#                                                               *
#*************   chi**2/iteration =  1.609       ****************


#********** Integration by Vegas (iteration      11) ************
#                                                               *
#  integral  =  5687.2624       accum. integral =  5691.9571    *
#  std. dev. =  2.9191922       accum. std. dev =  1.2306492    *
#   min/max. wt. =    0.00000            0.850380               *
#                                                               *
#*************   chi**2/iteration =  1.765       ****************


#********** Integration by Vegas (iteration      12) ************
#                                                               *
#  integral  =  5697.6854       accum. integral =  5692.8282    *
#  std. dev. =  2.9213600       accum. std. dev =  1.1337196    *
#   min/max. wt. =    0.00000            0.646283               *
#                                                               *
#*************   chi**2/iteration =  1.902       ****************


#********** Integration by Vegas (iteration      13) ************
#                                                               *
#  integral  =  5694.3574       accum. integral =  5693.0444    *
#  std. dev. =  2.8056637       accum. std. dev =  1.0508602    *
#   min/max. wt. =    0.00000            0.294633               *
#                                                               *
#*************   chi**2/iteration =  1.764       ****************


#********** Integration by Vegas (iteration      14) ************
#                                                               *
#  integral  =  5689.3765       accum. integral =  5692.5886    *
#  std. dev. =  2.7983146       accum. std. dev = 0.98362080    *
#   min/max. wt. =    0.00000            0.366755               *
#                                                               *
#*************   chi**2/iteration =  1.744       ****************


#********** Integration by Vegas (iteration      15) ************
#                                                               *
#  integral  =  5693.0145       accum. integral =  5692.6158    *
#  std. dev. =  3.7822485       accum. std. dev = 0.95196691    *
#   min/max. wt. =    0.00000             1.85937               *
#                                                               *
#*************   chi**2/iteration =  1.619       ****************


  Input parameters for vegas:  ndim=  9   ncall= 80707214.
                              it=    0    itmx=    2
                              acc=-1.00    
                              mds=  1     nd=  50
                              (xl,xu)= (  0.00000     ,  1.00000     )
                                       (  0.00000     ,  1.00000     )
                                       (  0.00000     ,  1.00000     )
                                       (  0.00000     ,  1.00000     )
                                       (  0.00000     ,  1.00000     )
                                       (  0.00000     ,  1.00000     )
                                       (  0.00000     ,  1.00000     )
                                       (  0.00000     ,  1.00000     )
                                       (  0.00000     ,  1.00000     )

#********** Integration by Vegas (iteration       1) ************
#                                                               *
#  integral  =  5691.1480       accum. integral =  5691.1480    *
#  std. dev. =  3.6397696       accum. std. dev =  3.6397696    *
#   min/max. wt. =    0.00000            0.339258               *
#                                                               *
#*************   chi**2/iteration =  0.000       ****************


#********** Integration by Vegas (iteration       2) ************
#                                                               *
#  integral  =  5689.1360       accum. integral =  5689.9242    *
#  std. dev. =  2.9199235       accum. std. dev =  2.2776875    *
#   min/max. wt. =    0.00000            0.196854               *
#                                                               *
#*************   chi**2/iteration = 0.1857       ****************

 Done
