SLURM job running in:  /scratch/groups/lhc/park/JHUGen/JHUGenerator
LHAPDF 6.1.5 loading /work-zfs/lhc/cms/slc6_amd64_gcc493/external/lhapdf/6.1.5-kpegke3/share/LHAPDF/NNPDF30_lo_as_0130/NNPDF30_lo_as_0130_0000.dat
NNPDF30_lo_as_0130 PDF set, member #0, version 2; LHAPDF ID = 263000
 
                                                                                          
   ***************************************************************************************
   *                                JHU Generator v6.9.3                                 *
   ***************************************************************************************
   *                                                                                     *
   *   Spin and parity determination of single-produced resonances at hadron colliders   *
   *                                                                                     *
   *          I. Anderson, S. Bolognesi, F. Caola, Y. Gao, A. Gritsan, Z. Guo,           *
   *        C. Martin, K. Melnikov, R.Rontsch, H. Roskes, U. Sarica, M. Schulze,         *
   *                   N. Tran, A. Whitbeck, M. Xiao, C. You, Y. Zhou                    *
   *                Phys.Rev. D81 (2010) 075022;  arXiv:1001.3396 [hep-ph],              *
   *                Phys.Rev. D86 (2012) 095031;  arXiv:1208.4018 [hep-ph],              *
   *                Phys.Rev. D89 (2014) 035007;  arXiv:1309.4819 [hep-ph].              *
   *                                                                                     *
   ***************************************************************************************
                                                                                          
   
   Command line: ./JHUGen Unweighted=0 VegasNc0=99999999 VegasNc1=99999999 VegasNc2=99999999 LHAPDF=NNPDF30_lo_as_0130/NNPDF30_lo_as_0130.info MReso=2250 Process=61 ghg2=1,0
   
   Input Parameter:
    Collider: P-P, sqrt(s)=13000.00
    Resonance: spin=0, mass=2250.00 width=   0.00407
    Jet cuts:
            pT >=    15.00 GeV
        DeltaR >=     0.30
           mJJ >=     0.00 GeV
    Random seed:    19513644
    To reproduce results using this seed, JHUGen should be compiled with the same compiler:
      GNU Fortran (GCC) 4.9.3
    
    WidthScheme:   2
    LHAPDF set NNPDF30_lo_as_0130/NNPDF30_lo_as_0130.info, member=  0
    Unweighted: F
    
    spin-0-VV couplings: 
      generate_as=F
      ghg2=  0.10000000E+01  0.00000000E+00i
      ghg3=  0.00000000E+00  0.00000000E+00i
      ghg4=  0.00000000E+00  0.00000000E+00i
      ghz1=  0.20000000E+01  0.00000000E+00i
      ghz2=  0.00000000E+00  0.00000000E+00i
      ghz3=  0.00000000E+00  0.00000000E+00i
      ghz4=  0.00000000E+00  0.00000000E+00i
      Lambda=  1000.0
    
    LHE output: ./data/output.lhe
    Histogram output: ./data/output.dat
    Log file: ./data/output.log
    
  Running

  Input parameters for vegas:  ndim=  9   ncall= 80707214.
                              it=    0    itmx=   15
                              acc=-1.00    
                              mds=  1     nd=  50
                              (xl,xu)= (  0.00000     ,  1.00000     )
                                       (  0.00000     ,  1.00000     )
                                       (  0.00000     ,  1.00000     )
                                       (  0.00000     ,  1.00000     )
                                       (  0.00000     ,  1.00000     )
                                       (  0.00000     ,  1.00000     )
                                       (  0.00000     ,  1.00000     )
                                       (  0.00000     ,  1.00000     )
                                       (  0.00000     ,  1.00000     )

#********** Integration by Vegas (iteration       1) ************
#                                                               *
#  integral  =  3.3482665       accum. integral =  3.3482665    *
#  std. dev. = 0.27711108       accum. std. dev = 0.27711108    *
#   min/max. wt. =    0.00000            0.182228               *
#                                                               *
#*************   chi**2/iteration =  0.000       ****************


#********** Integration by Vegas (iteration       2) ************
#                                                               *
#  integral  =  3.9286824       accum. integral =  3.9061441    *
#  std. dev. = 0.65353923E-01   accum. std. dev = 0.59527955E-01*
#   min/max. wt. =    0.00000            0.309495E-01           *
#                                                               *
#*************   chi**2/iteration =  3.545       ****************


#********** Integration by Vegas (iteration       3) ************
#                                                               *
#  integral  =  4.2089816       accum. integral =  4.1437444    *
#  std. dev. = 0.35968795E-01   accum. std. dev = 0.29107663E-01*
#   min/max. wt. =    0.00000            0.159707E-01           *
#                                                               *
#*************   chi**2/iteration =  10.74       ****************


#********** Integration by Vegas (iteration       4) ************
#                                                               *
#  integral  =  4.2986509       accum. integral =  4.2426542    *
#  std. dev. = 0.24482819E-01   accum. std. dev = 0.18038478E-01*
#   min/max. wt. =    0.00000            0.132618E-01           *
#                                                               *
#*************   chi**2/iteration =  12.41       ****************


#********** Integration by Vegas (iteration       5) ************
#                                                               *
#  integral  =  4.2839909       accum. integral =  4.2709468    *
#  std. dev. = 0.13238343E-01   accum. std. dev = 0.10302080E-01*
#   min/max. wt. =    0.00000            0.772923E-02           *
#                                                               *
#*************   chi**2/iteration =  9.876       ****************


#********** Integration by Vegas (iteration       6) ************
#                                                               *
#  integral  =  4.2691487       accum. integral =  4.2695441    *
#  std. dev. = 0.57952543E-02   accum. std. dev = 0.48803778E-02*
#   min/max. wt. =    0.00000            0.101527E-02           *
#                                                               *
#*************   chi**2/iteration =  7.748       ****************


#********** Integration by Vegas (iteration       7) ************
#                                                               *
#  integral  =  4.2745214       accum. integral =  4.2729014    *
#  std. dev. = 0.35599103E-02   accum. std. dev = 0.28046041E-02*
#   min/max. wt. =    0.00000            0.609087E-03           *
#                                                               *
#*************   chi**2/iteration =  6.479       ****************


#********** Integration by Vegas (iteration       8) ************
#                                                               *
#  integral  =  4.2691590       accum. integral =  4.2710392    *
#  std. dev. = 0.29341096E-02   accum. std. dev = 0.19983159E-02*
#   min/max. wt. =    0.00000            0.257322E-03           *
#                                                               *
#*************   chi**2/iteration =  5.621       ****************


#********** Integration by Vegas (iteration       9) ************
#                                                               *
#  integral  =  4.2717280       accum. integral =  4.2712875    *
#  std. dev. = 0.27581416E-02   accum. std. dev = 0.16045496E-02*
#   min/max. wt. =    0.00000            0.361747E-03           *
#                                                               *
#*************   chi**2/iteration =  4.884       ****************


#********** Integration by Vegas (iteration      10) ************
#                                                               *
#  integral  =  4.2764536       accum. integral =  4.2727046    *
#  std. dev. = 0.26967063E-02   accum. std. dev = 0.13714995E-02*
#   min/max. wt. =    0.00000            0.507227E-03           *
#                                                               *
#*************   chi**2/iteration =  4.626       ****************


#********** Integration by Vegas (iteration      11) ************
#                                                               *
#  integral  =  4.2725419       accum. integral =  4.2726680    *
#  std. dev. = 0.26204926E-02   accum. std. dev = 0.12107672E-02*
#   min/max. wt. =    0.00000            0.220794E-03           *
#                                                               *
#*************   chi**2/iteration =  4.141       ****************


#********** Integration by Vegas (iteration      12) ************
#                                                               *
#  integral  =  4.2731077       accum. integral =  4.2727489    *
#  std. dev. = 0.26160698E-02   accum. std. dev = 0.10960920E-02*
#   min/max. wt. =    0.00000            0.262063E-03           *
#                                                               *
#*************   chi**2/iteration =  3.751       ****************


#********** Integration by Vegas (iteration      13) ************
#                                                               *
#  integral  =  4.2747806       accum. integral =  4.2730632    *
#  std. dev. = 0.26249272E-02   accum. std. dev = 0.10096766E-02*
#   min/max. wt. =    0.00000            0.261932E-03           *
#                                                               *
#*************   chi**2/iteration =  3.469       ****************


#********** Integration by Vegas (iteration      14) ************
#                                                               *
#  integral  =  4.2725112       accum. integral =  4.2729915    *
#  std. dev. = 0.26708532E-02   accum. std. dev = 0.94332772E-03*
#   min/max. wt. =    0.00000            0.583912E-03           *
#                                                               *
#*************   chi**2/iteration =  3.195       ****************


#********** Integration by Vegas (iteration      15) ************
#                                                               *
#  integral  =  4.2721202       accum. integral =  4.2728870    *
#  std. dev. = 0.26068268E-02   accum. std. dev = 0.88615025E-03*
#   min/max. wt. =    0.00000            0.321554E-03           *
#                                                               *
#*************   chi**2/iteration =  2.966       ****************


  Input parameters for vegas:  ndim=  9   ncall= 80707214.
                              it=    0    itmx=    2
                              acc=-1.00    
                              mds=  1     nd=  50
                              (xl,xu)= (  0.00000     ,  1.00000     )
                                       (  0.00000     ,  1.00000     )
                                       (  0.00000     ,  1.00000     )
                                       (  0.00000     ,  1.00000     )
                                       (  0.00000     ,  1.00000     )
                                       (  0.00000     ,  1.00000     )
                                       (  0.00000     ,  1.00000     )
                                       (  0.00000     ,  1.00000     )
                                       (  0.00000     ,  1.00000     )

#********** Integration by Vegas (iteration       1) ************
#                                                               *
#  integral  =  4.2752327       accum. integral =  4.2752327    *
#  std. dev. = 0.25980054E-02   accum. std. dev = 0.25980054E-02*
#   min/max. wt. =    0.00000            0.485003E-03           *
#                                                               *
#*************   chi**2/iteration =  0.000       ****************


#********** Integration by Vegas (iteration       2) ************
#                                                               *
#  integral  =  4.2794890       accum. integral =  4.2773577    *
#  std. dev. = 0.26044667E-02   accum. std. dev = 0.18393497E-02*
#   min/max. wt. =    0.00000            0.147912E-03           *
#                                                               *
#*************   chi**2/iteration =  1.337       ****************

 Done
