SLURM job running in:  /scratch/groups/lhc/park/JHUGen/JHUGenerator
LHAPDF 6.1.5 loading /work-zfs/lhc/cms/slc6_amd64_gcc493/external/lhapdf/6.1.5-kpegke3/share/LHAPDF/NNPDF30_lo_as_0130/NNPDF30_lo_as_0130_0000.dat
NNPDF30_lo_as_0130 PDF set, member #0, version 2; LHAPDF ID = 263000
 
                                                                                          
   ***************************************************************************************
   *                                JHU Generator v6.9.3                                 *
   ***************************************************************************************
   *                                                                                     *
   *   Spin and parity determination of single-produced resonances at hadron colliders   *
   *                                                                                     *
   *          I. Anderson, S. Bolognesi, F. Caola, Y. Gao, A. Gritsan, Z. Guo,           *
   *        C. Martin, K. Melnikov, R.Rontsch, H. Roskes, U. Sarica, M. Schulze,         *
   *                   N. Tran, A. Whitbeck, M. Xiao, C. You, Y. Zhou                    *
   *                Phys.Rev. D81 (2010) 075022;  arXiv:1001.3396 [hep-ph],              *
   *                Phys.Rev. D86 (2012) 095031;  arXiv:1208.4018 [hep-ph],              *
   *                Phys.Rev. D89 (2014) 035007;  arXiv:1309.4819 [hep-ph].              *
   *                                                                                     *
   ***************************************************************************************
                                                                                          
   
   Command line: ./JHUGen Unweighted=0 VegasNc0=99999999 VegasNc1=99999999 VegasNc2=99999999 LHAPDF=NNPDF30_lo_as_0130/NNPDF30_lo_as_0130.info MReso=230 Process=61 ghg2=1,0
   
   Input Parameter:
    Collider: P-P, sqrt(s)=13000.00
    Resonance: spin=0, mass= 230.00 width=   0.00407
    Jet cuts:
            pT >=    15.00 GeV
        DeltaR >=     0.30
           mJJ >=     0.00 GeV
    Random seed:   226155233
    To reproduce results using this seed, JHUGen should be compiled with the same compiler:
      GNU Fortran (GCC) 4.9.3
    
    WidthScheme:   2
    LHAPDF set NNPDF30_lo_as_0130/NNPDF30_lo_as_0130.info, member=  0
    Unweighted: F
    
    spin-0-VV couplings: 
      generate_as=F
      ghg2=  0.10000000E+01  0.00000000E+00i
      ghg3=  0.00000000E+00  0.00000000E+00i
      ghg4=  0.00000000E+00  0.00000000E+00i
      ghz1=  0.20000000E+01  0.00000000E+00i
      ghz2=  0.00000000E+00  0.00000000E+00i
      ghz3=  0.00000000E+00  0.00000000E+00i
      ghz4=  0.00000000E+00  0.00000000E+00i
      Lambda=  1000.0
    
    LHE output: ./data/output.lhe
    Histogram output: ./data/output.dat
    Log file: ./data/output.log
    
  Running

  Input parameters for vegas:  ndim=  9   ncall= 80707214.
                              it=    0    itmx=   15
                              acc=-1.00    
                              mds=  1     nd=  50
                              (xl,xu)= (  0.00000     ,  1.00000     )
                                       (  0.00000     ,  1.00000     )
                                       (  0.00000     ,  1.00000     )
                                       (  0.00000     ,  1.00000     )
                                       (  0.00000     ,  1.00000     )
                                       (  0.00000     ,  1.00000     )
                                       (  0.00000     ,  1.00000     )
                                       (  0.00000     ,  1.00000     )
                                       (  0.00000     ,  1.00000     )

#********** Integration by Vegas (iteration       1) ************
#                                                               *
#  integral  =  4483.8908       accum. integral =  4483.8908    *
#  std. dev. =  233.42259       accum. std. dev =  233.42259    *
#   min/max. wt. =    0.00000             128.926               *
#                                                               *
#*************   chi**2/iteration =  0.000       ****************


#********** Integration by Vegas (iteration       2) ************
#                                                               *
#  integral  =  5068.9420       accum. integral =  5047.4224    *
#  std. dev. =  51.565846       accum. std. dev =  47.777365    *
#   min/max. wt. =    0.00000             36.4370               *
#                                                               *
#*************   chi**2/iteration =  5.307       ****************


#********** Integration by Vegas (iteration       3) ************
#                                                               *
#  integral  =  5164.7433       accum. integral =  5137.0937    *
#  std. dev. =  28.633458       accum. std. dev =  23.822898    *
#   min/max. wt. =    0.00000             18.9891               *
#                                                               *
#*************   chi**2/iteration =  4.700       ****************


#********** Integration by Vegas (iteration       4) ************
#                                                               *
#  integral  =  5155.3900       accum. integral =  5152.7744    *
#  std. dev. =  10.205477       accum. std. dev =  9.1195618    *
#   min/max. wt. =    0.00000             3.55302               *
#                                                               *
#*************   chi**2/iteration =  3.222       ****************


#********** Integration by Vegas (iteration       5) ************
#                                                               *
#  integral  =  5153.9512       accum. integral =  5153.6944    *
#  std. dev. =  4.9891528       accum. std. dev =  4.2902718    *
#   min/max. wt. =    0.00000             2.49351               *
#                                                               *
#*************   chi**2/iteration =  2.385       ****************


#********** Integration by Vegas (iteration       6) ************
#                                                               *
#  integral  =  5154.7335       accum. integral =  5154.3283    *
#  std. dev. =  3.5277302       accum. std. dev =  2.6920123    *
#   min/max. wt. =    0.00000            0.364965               *
#                                                               *
#*************   chi**2/iteration =  1.897       ****************


#********** Integration by Vegas (iteration       7) ************
#                                                               *
#  integral  =  5154.6067       accum. integral =  5154.4558    *
#  std. dev. =  2.9977660       accum. std. dev =  1.9887423    *
#   min/max. wt. =    0.00000            0.633566               *
#                                                               *
#*************   chi**2/iteration =  1.571       ****************


#********** Integration by Vegas (iteration       8) ************
#                                                               *
#  integral  =  5153.5243       accum. integral =  5154.1261    *
#  std. dev. =  2.7402538       accum. std. dev =  1.6025264    *
#   min/max. wt. =    0.00000            0.478585               *
#                                                               *
#*************   chi**2/iteration =  1.351       ****************


#********** Integration by Vegas (iteration       9) ************
#                                                               *
#  integral  =  5149.4492       accum. integral =  5152.8259    *
#  std. dev. =  2.6250843       accum. std. dev =  1.3641835    *
#   min/max. wt. =    0.00000            0.419177               *
#                                                               *
#*************   chi**2/iteration =  1.473       ****************


#********** Integration by Vegas (iteration      10) ************
#                                                               *
#  integral  =  5151.8414       accum. integral =  5152.6068    *
#  std. dev. =  2.5878587       accum. std. dev =  1.2046366    *
#   min/max. wt. =    0.00000            0.271533               *
#                                                               *
#*************   chi**2/iteration =  1.318       ****************


#********** Integration by Vegas (iteration      11) ************
#                                                               *
#  integral  =  5151.4507       accum. integral =  5152.3969    *
#  std. dev. =  2.5920088       accum. std. dev =  1.0911443    *
#   min/max. wt. =    0.00000            0.603024               *
#                                                               *
#*************   chi**2/iteration =  1.200       ****************


#********** Integration by Vegas (iteration      12) ************
#                                                               *
#  integral  =  5159.1296       accum. integral =  5153.4080    *
#  std. dev. =  2.6312033       accum. std. dev =  1.0070349    *
#   min/max. wt. =    0.00000            0.384128               *
#                                                               *
#*************   chi**2/iteration =  1.607       ****************


#********** Integration by Vegas (iteration      13) ************
#                                                               *
#  integral  =  5153.1415       accum. integral =  5153.3716    *
#  std. dev. =  2.5623254       accum. std. dev = 0.93664021    *
#   min/max. wt. =    0.00000            0.323208               *
#                                                               *
#*************   chi**2/iteration =  1.471       ****************


#********** Integration by Vegas (iteration      14) ************
#                                                               *
#  integral  =  5153.3107       accum. integral =  5153.3643    *
#  std. dev. =  2.5612262       accum. std. dev = 0.87923179    *
#   min/max. wt. =    0.00000            0.242096               *
#                                                               *
#*************   chi**2/iteration =  1.356       ****************


#********** Integration by Vegas (iteration      15) ************
#                                                               *
#  integral  =  5153.3731       accum. integral =  5153.3653    *
#  std. dev. =  2.5343274       accum. std. dev = 0.83033063    *
#   min/max. wt. =    0.00000            0.257082               *
#                                                               *
#*************   chi**2/iteration =  1.258       ****************


  Input parameters for vegas:  ndim=  9   ncall= 80707214.
                              it=    0    itmx=    2
                              acc=-1.00    
                              mds=  1     nd=  50
                              (xl,xu)= (  0.00000     ,  1.00000     )
                                       (  0.00000     ,  1.00000     )
                                       (  0.00000     ,  1.00000     )
                                       (  0.00000     ,  1.00000     )
                                       (  0.00000     ,  1.00000     )
                                       (  0.00000     ,  1.00000     )
                                       (  0.00000     ,  1.00000     )
                                       (  0.00000     ,  1.00000     )
                                       (  0.00000     ,  1.00000     )

#********** Integration by Vegas (iteration       1) ************
#                                                               *
#  integral  =  5151.1832       accum. integral =  5151.1832    *
#  std. dev. =  2.5693912       accum. std. dev =  2.5693912    *
#   min/max. wt. =    0.00000            0.494619               *
#                                                               *
#*************   chi**2/iteration =  0.000       ****************


#********** Integration by Vegas (iteration       2) ************
#                                                               *
#  integral  =  5149.5240       accum. integral =  5150.3530    *
#  std. dev. =  2.5666943       accum. std. dev =  1.8158800    *
#   min/max. wt. =    0.00000            0.230179               *
#                                                               *
#*************   chi**2/iteration = 0.2085       ****************

 Done
