SLURM job running in:  /scratch/groups/lhc/park/JHUGen/JHUGenerator
LHAPDF 6.1.5 loading /work-zfs/lhc/cms/slc6_amd64_gcc493/external/lhapdf/6.1.5-kpegke3/share/LHAPDF/NNPDF30_lo_as_0130/NNPDF30_lo_as_0130_0000.dat
NNPDF30_lo_as_0130 PDF set, member #0, version 2; LHAPDF ID = 263000
 
                                                                                          
   ***************************************************************************************
   *                                JHU Generator v6.9.3                                 *
   ***************************************************************************************
   *                                                                                     *
   *   Spin and parity determination of single-produced resonances at hadron colliders   *
   *                                                                                     *
   *          I. Anderson, S. Bolognesi, F. Caola, Y. Gao, A. Gritsan, Z. Guo,           *
   *        C. Martin, K. Melnikov, R.Rontsch, H. Roskes, U. Sarica, M. Schulze,         *
   *                   N. Tran, A. Whitbeck, M. Xiao, C. You, Y. Zhou                    *
   *                Phys.Rev. D81 (2010) 075022;  arXiv:1001.3396 [hep-ph],              *
   *                Phys.Rev. D86 (2012) 095031;  arXiv:1208.4018 [hep-ph],              *
   *                Phys.Rev. D89 (2014) 035007;  arXiv:1309.4819 [hep-ph].              *
   *                                                                                     *
   ***************************************************************************************
                                                                                          
   
   Command line: ./JHUGen Unweighted=0 VegasNc0=99999999 VegasNc1=99999999 VegasNc2=99999999 LHAPDF=NNPDF30_lo_as_0130/NNPDF30_lo_as_0130.info MReso=2350 Process=61 ghg2=1,0
   
   Input Parameter:
    Collider: P-P, sqrt(s)=13000.00
    Resonance: spin=0, mass=2350.00 width=   0.00407
    Jet cuts:
            pT >=    15.00 GeV
        DeltaR >=     0.30
           mJJ >=     0.00 GeV
    Random seed:   527047909
    To reproduce results using this seed, JHUGen should be compiled with the same compiler:
      GNU Fortran (GCC) 4.9.3
    
    WidthScheme:   2
    LHAPDF set NNPDF30_lo_as_0130/NNPDF30_lo_as_0130.info, member=  0
    Unweighted: F
    
    spin-0-VV couplings: 
      generate_as=F
      ghg2=  0.10000000E+01  0.00000000E+00i
      ghg3=  0.00000000E+00  0.00000000E+00i
      ghg4=  0.00000000E+00  0.00000000E+00i
      ghz1=  0.20000000E+01  0.00000000E+00i
      ghz2=  0.00000000E+00  0.00000000E+00i
      ghz3=  0.00000000E+00  0.00000000E+00i
      ghz4=  0.00000000E+00  0.00000000E+00i
      Lambda=  1000.0
    
    LHE output: ./data/output.lhe
    Histogram output: ./data/output.dat
    Log file: ./data/output.log
    
  Running

  Input parameters for vegas:  ndim=  9   ncall= 80707214.
                              it=    0    itmx=   15
                              acc=-1.00    
                              mds=  1     nd=  50
                              (xl,xu)= (  0.00000     ,  1.00000     )
                                       (  0.00000     ,  1.00000     )
                                       (  0.00000     ,  1.00000     )
                                       (  0.00000     ,  1.00000     )
                                       (  0.00000     ,  1.00000     )
                                       (  0.00000     ,  1.00000     )
                                       (  0.00000     ,  1.00000     )
                                       (  0.00000     ,  1.00000     )
                                       (  0.00000     ,  1.00000     )

#********** Integration by Vegas (iteration       1) ************
#                                                               *
#  integral  =  2.2823376       accum. integral =  2.2823376    *
#  std. dev. = 0.13441163       accum. std. dev = 0.13441163    *
#   min/max. wt. =    0.00000            0.726459E-01           *
#                                                               *
#*************   chi**2/iteration =  0.000       ****************


#********** Integration by Vegas (iteration       2) ************
#                                                               *
#  integral  =  3.3036824       accum. integral =  3.1638770    *
#  std. dev. = 0.77481205E-01   accum. std. dev = 0.61865115E-01*
#   min/max. wt. =    0.00000            0.398109E-01           *
#                                                               *
#*************   chi**2/iteration =  32.17       ****************


#********** Integration by Vegas (iteration       3) ************
#                                                               *
#  integral  =  3.3016054       accum. integral =  3.2794264    *
#  std. dev. = 0.31516975E-01   accum. std. dev = 0.26242523E-01*
#   min/max. wt. =    0.00000            0.161034E-01           *
#                                                               *
#*************   chi**2/iteration =  16.26       ****************


#********** Integration by Vegas (iteration       4) ************
#                                                               *
#  integral  =  3.3325533       accum. integral =  3.3197240    *
#  std. dev. = 0.16441131E-01   accum. std. dev = 0.13265983E-01*
#   min/max. wt. =    0.00000            0.719157E-02           *
#                                                               *
#*************   chi**2/iteration =  11.23       ****************


#********** Integration by Vegas (iteration       5) ************
#                                                               *
#  integral  =  3.3595311       accum. integral =  3.3459989    *
#  std. dev. = 0.10359300E-01   accum. std. dev = 0.78757480E-02*
#   min/max. wt. =    0.00000            0.725109E-02           *
#                                                               *
#*************   chi**2/iteration =  9.554       ****************


#********** Integration by Vegas (iteration       6) ************
#                                                               *
#  integral  =  3.3579057       accum. integral =  3.3546461    *
#  std. dev. = 0.51648202E-02   accum. std. dev = 0.41688508E-02*
#   min/max. wt. =    0.00000            0.101087E-02           *
#                                                               *
#*************   chi**2/iteration =  7.792       ****************


#********** Integration by Vegas (iteration       7) ************
#                                                               *
#  integral  =  3.3605804       accum. integral =  3.3585277    *
#  std. dev. = 0.32033504E-02   accum. std. dev = 0.24721897E-02*
#   min/max. wt. =    0.00000            0.150608E-02           *
#                                                               *
#*************   chi**2/iteration =  6.605       ****************


#********** Integration by Vegas (iteration       8) ************
#                                                               *
#  integral  =  3.3582700       accum. integral =  3.3583975    *
#  std. dev. = 0.25630187E-02   accum. std. dev = 0.17497595E-02*
#   min/max. wt. =    0.00000            0.225339E-03           *
#                                                               *
#*************   chi**2/iteration =  5.594       ****************


#********** Integration by Vegas (iteration       9) ************
#                                                               *
#  integral  =  3.3582609       accum. integral =  3.3583513    *
#  std. dev. = 0.25489468E-02   accum. std. dev = 0.14302365E-02*
#   min/max. wt. =    0.00000            0.830116E-03           *
#                                                               *
#*************   chi**2/iteration =  4.850       ****************


#********** Integration by Vegas (iteration      10) ************
#                                                               *
#  integral  =  3.3600557       accum. integral =  3.3588347    *
#  std. dev. = 0.23567246E-02   accum. std. dev = 0.12150905E-02*
#   min/max. wt. =    0.00000            0.131886E-03           *
#                                                               *
#*************   chi**2/iteration =  4.324       ****************


#********** Integration by Vegas (iteration      11) ************
#                                                               *
#  integral  =  3.3624774       accum. integral =  3.3597899    *
#  std. dev. = 0.21065933E-02   accum. std. dev = 0.10469209E-02*
#   min/max. wt. =    0.00000            0.192114E-03           *
#                                                               *
#*************   chi**2/iteration =  4.102       ****************


#********** Integration by Vegas (iteration      12) ************
#                                                               *
#  integral  =  3.3567060       accum. integral =  3.3592689    *
#  std. dev. = 0.23884921E-02   accum. std. dev = 0.95670589E-03*
#   min/max. wt. =    0.00000            0.117259E-02           *
#                                                               *
#*************   chi**2/iteration =  3.844       ****************


#********** Integration by Vegas (iteration      13) ************
#                                                               *
#  integral  =  3.3575315       accum. integral =  3.3590003    *
#  std. dev. = 0.22962823E-02   accum. std. dev = 0.88145813E-03*
#   min/max. wt. =    0.00000            0.125441E-03           *
#                                                               *
#*************   chi**2/iteration =  3.551       ****************


#********** Integration by Vegas (iteration      14) ************
#                                                               *
#  integral  =  3.3618646       accum. integral =  3.3594515    *
#  std. dev. = 0.20906829E-02   accum. std. dev = 0.81055584E-03*
#   min/max. wt. =    0.00000            0.203813E-03           *
#                                                               *
#*************   chi**2/iteration =  3.393       ****************


#********** Integration by Vegas (iteration      15) ************
#                                                               *
#  integral  =  3.3595509       accum. integral =  3.3594647    *
#  std. dev. = 0.21171247E-02   accum. std. dev = 0.75590106E-03*
#   min/max. wt. =    0.00000            0.444747E-03           *
#                                                               *
#*************   chi**2/iteration =  3.141       ****************


  Input parameters for vegas:  ndim=  9   ncall= 80707214.
                              it=    0    itmx=    2
                              acc=-1.00    
                              mds=  1     nd=  50
                              (xl,xu)= (  0.00000     ,  1.00000     )
                                       (  0.00000     ,  1.00000     )
                                       (  0.00000     ,  1.00000     )
                                       (  0.00000     ,  1.00000     )
                                       (  0.00000     ,  1.00000     )
                                       (  0.00000     ,  1.00000     )
                                       (  0.00000     ,  1.00000     )
                                       (  0.00000     ,  1.00000     )
                                       (  0.00000     ,  1.00000     )

#********** Integration by Vegas (iteration       1) ************
#                                                               *
#  integral  =  3.3579510       accum. integral =  3.3579510    *
#  std. dev. = 0.20206795E-02   accum. std. dev = 0.20206795E-02*
#   min/max. wt. =    0.00000            0.963697E-04           *
#                                                               *
#*************   chi**2/iteration = 0.4350E-06   ****************


#********** Integration by Vegas (iteration       2) ************
#                                                               *
#  integral  =  3.3606188       accum. integral =  3.3592605    *
#  std. dev. = 0.20596684E-02   accum. std. dev = 0.14424342E-02*
#   min/max. wt. =    0.00000            0.209795E-03           *
#                                                               *
#*************   chi**2/iteration = 0.8540       ****************

 Done
