SLURM job running in:  /scratch/groups/lhc/park/JHUGen/JHUGenerator
LHAPDF 6.1.5 loading /work-zfs/lhc/cms/slc6_amd64_gcc493/external/lhapdf/6.1.5-kpegke3/share/LHAPDF/NNPDF30_lo_as_0130/NNPDF30_lo_as_0130_0000.dat
NNPDF30_lo_as_0130 PDF set, member #0, version 2; LHAPDF ID = 263000
 
                                                                                          
   ***************************************************************************************
   *                                JHU Generator v6.9.3                                 *
   ***************************************************************************************
   *                                                                                     *
   *   Spin and parity determination of single-produced resonances at hadron colliders   *
   *                                                                                     *
   *          I. Anderson, S. Bolognesi, F. Caola, Y. Gao, A. Gritsan, Z. Guo,           *
   *        C. Martin, K. Melnikov, R.Rontsch, H. Roskes, U. Sarica, M. Schulze,         *
   *                   N. Tran, A. Whitbeck, M. Xiao, C. You, Y. Zhou                    *
   *                Phys.Rev. D81 (2010) 075022;  arXiv:1001.3396 [hep-ph],              *
   *                Phys.Rev. D86 (2012) 095031;  arXiv:1208.4018 [hep-ph],              *
   *                Phys.Rev. D89 (2014) 035007;  arXiv:1309.4819 [hep-ph].              *
   *                                                                                     *
   ***************************************************************************************
                                                                                          
   
   Command line: ./JHUGen Unweighted=0 VegasNc0=99999999 VegasNc1=99999999 VegasNc2=99999999 LHAPDF=NNPDF30_lo_as_0130/NNPDF30_lo_as_0130.info MReso=274 Process=61 ghg2=1,0
   
   Input Parameter:
    Collider: P-P, sqrt(s)=13000.00
    Resonance: spin=0, mass= 274.00 width=   0.00407
    Jet cuts:
            pT >=    15.00 GeV
        DeltaR >=     0.30
           mJJ >=     0.00 GeV
    Random seed:   573460498
    To reproduce results using this seed, JHUGen should be compiled with the same compiler:
      GNU Fortran (GCC) 4.9.3
    
    WidthScheme:   2
    LHAPDF set NNPDF30_lo_as_0130/NNPDF30_lo_as_0130.info, member=  0
    Unweighted: F
    
    spin-0-VV couplings: 
      generate_as=F
      ghg2=  0.10000000E+01  0.00000000E+00i
      ghg3=  0.00000000E+00  0.00000000E+00i
      ghg4=  0.00000000E+00  0.00000000E+00i
      ghz1=  0.20000000E+01  0.00000000E+00i
      ghz2=  0.00000000E+00  0.00000000E+00i
      ghz3=  0.00000000E+00  0.00000000E+00i
      ghz4=  0.00000000E+00  0.00000000E+00i
      Lambda=  1000.0
    
    LHE output: ./data/output.lhe
    Histogram output: ./data/output.dat
    Log file: ./data/output.log
    
  Running

  Input parameters for vegas:  ndim=  9   ncall= 80707214.
                              it=    0    itmx=   15
                              acc=-1.00    
                              mds=  1     nd=  50
                              (xl,xu)= (  0.00000     ,  1.00000     )
                                       (  0.00000     ,  1.00000     )
                                       (  0.00000     ,  1.00000     )
                                       (  0.00000     ,  1.00000     )
                                       (  0.00000     ,  1.00000     )
                                       (  0.00000     ,  1.00000     )
                                       (  0.00000     ,  1.00000     )
                                       (  0.00000     ,  1.00000     )
                                       (  0.00000     ,  1.00000     )

#********** Integration by Vegas (iteration       1) ************
#                                                               *
#  integral  =  3364.2943       accum. integral =  3364.2943    *
#  std. dev. =  243.86126       accum. std. dev =  243.86126    *
#   min/max. wt. =    0.00000             203.129               *
#                                                               *
#*************   chi**2/iteration =  0.000       ****************


#********** Integration by Vegas (iteration       2) ************
#                                                               *
#  integral  =  3659.7477       accum. integral =  3655.5235    *
#  std. dev. =  31.948802       accum. std. dev =  30.466135    *
#   min/max. wt. =    0.00000             16.6146               *
#                                                               *
#*************   chi**2/iteration =  1.324       ****************


#********** Integration by Vegas (iteration       3) ************
#                                                               *
#  integral  =  3658.6666       accum. integral =  3658.4706    *
#  std. dev. =  8.1760477       accum. std. dev =  7.7114344    *
#   min/max. wt. =    0.00000             2.26646               *
#                                                               *
#*************   chi**2/iteration = 0.6493       ****************


#********** Integration by Vegas (iteration       4) ************
#                                                               *
#  integral  =  3678.8190       accum. integral =  3673.2944    *
#  std. dev. =  4.8598505       accum. std. dev =  4.0509586    *
#   min/max. wt. =    0.00000             2.18903               *
#                                                               *
#*************   chi**2/iteration =  2.089       ****************


#********** Integration by Vegas (iteration       5) ************
#                                                               *
#  integral  =  3677.1834       accum. integral =  3675.4107    *
#  std. dev. =  3.7946451       accum. std. dev =  2.7479596    *
#   min/max. wt. =    0.00000             1.41891               *
#                                                               *
#*************   chi**2/iteration =  1.676       ****************


#********** Integration by Vegas (iteration       6) ************
#                                                               *
#  integral  =  3676.1780       accum. integral =  3675.8406    *
#  std. dev. =  2.4790373       accum. std. dev =  1.8277765    *
#   min/max. wt. =    0.00000            0.408163               *
#                                                               *
#*************   chi**2/iteration =  1.341       ****************


#********** Integration by Vegas (iteration       7) ************
#                                                               *
#  integral  =  3674.4923       accum. integral =  3675.2275    *
#  std. dev. =  2.0310462       accum. std. dev =  1.3525332    *
#   min/max. wt. =    0.00000            0.235059               *
#                                                               *
#*************   chi**2/iteration =  1.154       ****************


#********** Integration by Vegas (iteration       8) ************
#                                                               *
#  integral  =  3677.2967       accum. integral =  3675.5101    *
#  std. dev. =  3.4460893       accum. std. dev =  1.2588887    *
#   min/max. wt. =    0.00000             2.85102               *
#                                                               *
#*************   chi**2/iteration =  1.032       ****************


#********** Integration by Vegas (iteration       9) ************
#                                                               *
#  integral  =  3676.7965       accum. integral =  3675.6747    *
#  std. dev. =  3.3246811       accum. std. dev =  1.1771206    *
#   min/max. wt. =    0.00000            0.138755               *
#                                                               *
#*************   chi**2/iteration = 0.9170       ****************


#********** Integration by Vegas (iteration      10) ************
#                                                               *
#  integral  =  3675.4085       accum. integral =  3675.6069    *
#  std. dev. =  2.0326861       accum. std. dev =  1.0171237    *
#   min/max. wt. =    0.00000            0.139242               *
#                                                               *
#*************   chi**2/iteration = 0.8149       ****************


#********** Integration by Vegas (iteration      11) ************
#                                                               *
#  integral  =  3678.9997       accum. integral =  3676.1648    *
#  std. dev. =  2.3152179       accum. std. dev = 0.93056932    *
#   min/max. wt. =    0.00000             1.37967               *
#                                                               *
#*************   chi**2/iteration = 0.9148       ****************


#********** Integration by Vegas (iteration      12) ************
#                                                               *
#  integral  =  3680.2124       accum. integral =  3676.7606    *
#  std. dev. =  2.2608143       accum. std. dev = 0.86003164    *
#   min/max. wt. =    0.00000            0.112845               *
#                                                               *
#*************   chi**2/iteration =  1.083       ****************


#********** Integration by Vegas (iteration      13) ************
#                                                               *
#  integral  =  3677.8868       accum. integral =  3676.9573    *
#  std. dev. =  1.8841622       accum. std. dev = 0.78179214    *
#   min/max. wt. =    0.00000            0.185816               *
#                                                               *
#*************   chi**2/iteration =  1.017       ****************


#********** Integration by Vegas (iteration      14) ************
#                                                               *
#  integral  =  3675.1904       accum. integral =  3676.6929    *
#  std. dev. =  1.8760223       accum. std. dev = 0.72127800    *
#   min/max. wt. =    0.00000            0.468356               *
#                                                               *
#*************   chi**2/iteration = 0.9962       ****************


#********** Integration by Vegas (iteration      15) ************
#                                                               *
#  integral  =  3676.3325       accum. integral =  3676.6497    *
#  std. dev. =  1.9656361       accum. std. dev = 0.67690586    *
#   min/max. wt. =    0.00000            0.607752               *
#                                                               *
#*************   chi**2/iteration = 0.9264       ****************


  Input parameters for vegas:  ndim=  9   ncall= 80707214.
                              it=    0    itmx=    2
                              acc=-1.00    
                              mds=  1     nd=  50
                              (xl,xu)= (  0.00000     ,  1.00000     )
                                       (  0.00000     ,  1.00000     )
                                       (  0.00000     ,  1.00000     )
                                       (  0.00000     ,  1.00000     )
                                       (  0.00000     ,  1.00000     )
                                       (  0.00000     ,  1.00000     )
                                       (  0.00000     ,  1.00000     )
                                       (  0.00000     ,  1.00000     )
                                       (  0.00000     ,  1.00000     )

#********** Integration by Vegas (iteration       1) ************
#                                                               *
#  integral  =  3677.3897       accum. integral =  3677.3897    *
#  std. dev. =  1.9136335       accum. std. dev =  1.9136335    *
#   min/max. wt. =    0.00000            0.887619E-01           *
#                                                               *
#*************   chi**2/iteration =  0.000       ****************


#********** Integration by Vegas (iteration       2) ************
#                                                               *
#  integral  =  3678.8938       accum. integral =  3678.1561    *
#  std. dev. =  1.8783900       accum. std. dev =  1.3405040    *
#   min/max. wt. =    0.00000            0.213841               *
#                                                               *
#*************   chi**2/iteration = 0.3143       ****************

 Done
