SLURM job running in:  /scratch/groups/lhc/park/JHUGen/JHUGenerator
LHAPDF 6.1.5 loading /work-zfs/lhc/cms/slc6_amd64_gcc493/external/lhapdf/6.1.5-kpegke3/share/LHAPDF/NNPDF30_lo_as_0130/NNPDF30_lo_as_0130_0000.dat
NNPDF30_lo_as_0130 PDF set, member #0, version 2; LHAPDF ID = 263000
 
                                                                                          
   ***************************************************************************************
   *                                JHU Generator v6.9.3                                 *
   ***************************************************************************************
   *                                                                                     *
   *   Spin and parity determination of single-produced resonances at hadron colliders   *
   *                                                                                     *
   *          I. Anderson, S. Bolognesi, F. Caola, Y. Gao, A. Gritsan, Z. Guo,           *
   *        C. Martin, K. Melnikov, R.Rontsch, H. Roskes, U. Sarica, M. Schulze,         *
   *                   N. Tran, A. Whitbeck, M. Xiao, C. You, Y. Zhou                    *
   *                Phys.Rev. D81 (2010) 075022;  arXiv:1001.3396 [hep-ph],              *
   *                Phys.Rev. D86 (2012) 095031;  arXiv:1208.4018 [hep-ph],              *
   *                Phys.Rev. D89 (2014) 035007;  arXiv:1309.4819 [hep-ph].              *
   *                                                                                     *
   ***************************************************************************************
                                                                                          
   
   Command line: ./JHUGen Unweighted=0 VegasNc0=99999999 VegasNc1=99999999 VegasNc2=99999999 LHAPDF=NNPDF30_lo_as_0130/NNPDF30_lo_as_0130.info MReso=276 Process=61 ghg2=1,0
   
   Input Parameter:
    Collider: P-P, sqrt(s)=13000.00
    Resonance: spin=0, mass= 276.00 width=   0.00407
    Jet cuts:
            pT >=    15.00 GeV
        DeltaR >=     0.30
           mJJ >=     0.00 GeV
    Random seed:   812652447
    To reproduce results using this seed, JHUGen should be compiled with the same compiler:
      GNU Fortran (GCC) 4.9.3
    
    WidthScheme:   2
    LHAPDF set NNPDF30_lo_as_0130/NNPDF30_lo_as_0130.info, member=  0
    Unweighted: F
    
    spin-0-VV couplings: 
      generate_as=F
      ghg2=  0.10000000E+01  0.00000000E+00i
      ghg3=  0.00000000E+00  0.00000000E+00i
      ghg4=  0.00000000E+00  0.00000000E+00i
      ghz1=  0.20000000E+01  0.00000000E+00i
      ghz2=  0.00000000E+00  0.00000000E+00i
      ghz3=  0.00000000E+00  0.00000000E+00i
      ghz4=  0.00000000E+00  0.00000000E+00i
      Lambda=  1000.0
    
    LHE output: ./data/output.lhe
    Histogram output: ./data/output.dat
    Log file: ./data/output.log
    
  Running

  Input parameters for vegas:  ndim=  9   ncall= 80707214.
                              it=    0    itmx=   15
                              acc=-1.00    
                              mds=  1     nd=  50
                              (xl,xu)= (  0.00000     ,  1.00000     )
                                       (  0.00000     ,  1.00000     )
                                       (  0.00000     ,  1.00000     )
                                       (  0.00000     ,  1.00000     )
                                       (  0.00000     ,  1.00000     )
                                       (  0.00000     ,  1.00000     )
                                       (  0.00000     ,  1.00000     )
                                       (  0.00000     ,  1.00000     )
                                       (  0.00000     ,  1.00000     )

#********** Integration by Vegas (iteration       1) ************
#                                                               *
#  integral  =  3175.6948       accum. integral =  3175.6948    *
#  std. dev. =  157.03806       accum. std. dev =  157.03806    *
#   min/max. wt. =    0.00000             116.550               *
#                                                               *
#*************   chi**2/iteration =  0.000       ****************


#********** Integration by Vegas (iteration       2) ************
#                                                               *
#  integral  =  3685.7393       accum. integral =  3571.7795    *
#  std. dev. =  97.762572       accum. std. dev =  80.411744    *
#   min/max. wt. =    0.00000             76.1998               *
#                                                               *
#*************   chi**2/iteration =  6.974       ****************


#********** Integration by Vegas (iteration       3) ************
#                                                               *
#  integral  =  3615.2708       accum. integral =  3613.6420    *
#  std. dev. =  16.668620       accum. std. dev =  15.829913    *
#   min/max. wt. =    0.00000             3.52635               *
#                                                               *
#*************   chi**2/iteration =  3.507       ****************


#********** Integration by Vegas (iteration       4) ************
#                                                               *
#  integral  =  3616.5569       accum. integral =  3616.0661    *
#  std. dev. =  7.3611498       accum. std. dev =  6.5506202    *
#   min/max. wt. =    0.00000             5.55786               *
#                                                               *
#*************   chi**2/iteration =  2.309       ****************


#********** Integration by Vegas (iteration       5) ************
#                                                               *
#  integral  =  3619.4699       accum. integral =  3618.4587    *
#  std. dev. =  4.3674786       accum. std. dev =  3.5888164    *
#   min/max. wt. =    0.00000            0.954013               *
#                                                               *
#*************   chi**2/iteration =  1.761       ****************


#********** Integration by Vegas (iteration       6) ************
#                                                               *
#  integral  =  3622.1916       accum. integral =  3621.1302    *
#  std. dev. =  2.3097232       accum. std. dev =  1.9204074    *
#   min/max. wt. =    0.00000            0.270088               *
#                                                               *
#*************   chi**2/iteration =  1.553       ****************


#********** Integration by Vegas (iteration       7) ************
#                                                               *
#  integral  =  3626.4472       accum. integral =  3623.5355    *
#  std. dev. =  2.1523929       accum. std. dev =  1.4249562    *
#   min/max. wt. =    0.00000            0.516891               *
#                                                               *
#*************   chi**2/iteration =  1.862       ****************


#********** Integration by Vegas (iteration       8) ************
#                                                               *
#  integral  =  3623.3987       accum. integral =  3623.4863    *
#  std. dev. =  1.9298573       accum. std. dev =  1.1423952    *
#   min/max. wt. =    0.00000            0.180868               *
#                                                               *
#*************   chi**2/iteration =  1.590       ****************


#********** Integration by Vegas (iteration       9) ************
#                                                               *
#  integral  =  3626.2511       accum. integral =  3624.1843    *
#  std. dev. =  1.9932042       accum. std. dev = 0.98925700    *
#   min/max. wt. =    0.00000            0.418168               *
#                                                               *
#*************   chi**2/iteration =  1.571       ****************


#********** Integration by Vegas (iteration      10) ************
#                                                               *
#  integral  =  3628.3383       accum. integral =  3625.0292    *
#  std. dev. =  1.9831864       accum. std. dev = 0.88409387    *
#   min/max. wt. =    0.00000            0.405003               *
#                                                               *
#*************   chi**2/iteration =  1.791       ****************


#********** Integration by Vegas (iteration      11) ************
#                                                               *
#  integral  =  3624.2678       accum. integral =  3624.8848    *
#  std. dev. =  1.8469808       accum. std. dev = 0.79664244    *
#   min/max. wt. =    0.00000            0.284134               *
#                                                               *
#*************   chi**2/iteration =  1.622       ****************


#********** Integration by Vegas (iteration      12) ************
#                                                               *
#  integral  =  3628.2176       accum. integral =  3625.3818    *
#  std. dev. =  1.9232509       accum. std. dev = 0.73550527    *
#   min/max. wt. =    0.00000            0.457905               *
#                                                               *
#*************   chi**2/iteration =  1.709       ****************


#********** Integration by Vegas (iteration      13) ************
#                                                               *
#  integral  =  3623.0685       accum. integral =  3625.0549    *
#  std. dev. =  1.8282477       accum. std. dev = 0.68200243    *
#   min/max. wt. =    0.00000            0.879966E-01           *
#                                                               *
#*************   chi**2/iteration =  1.681       ****************


#********** Integration by Vegas (iteration      14) ************
#                                                               *
#  integral  =  3623.8160       accum. integral =  3624.8970    *
#  std. dev. =  1.7985030       accum. std. dev = 0.63741967    *
#   min/max. wt. =    0.00000            0.228626               *
#                                                               *
#*************   chi**2/iteration =  1.582       ****************


#********** Integration by Vegas (iteration      15) ************
#                                                               *
#  integral  =  3627.0356       accum. integral =  3625.1333    *
#  std. dev. =  1.8236883       accum. std. dev = 0.60151481    *
#   min/max. wt. =    0.00000            0.185632               *
#                                                               *
#*************   chi**2/iteration =  1.556       ****************


  Input parameters for vegas:  ndim=  9   ncall= 80707214.
                              it=    0    itmx=    2
                              acc=-1.00    
                              mds=  1     nd=  50
                              (xl,xu)= (  0.00000     ,  1.00000     )
                                       (  0.00000     ,  1.00000     )
                                       (  0.00000     ,  1.00000     )
                                       (  0.00000     ,  1.00000     )
                                       (  0.00000     ,  1.00000     )
                                       (  0.00000     ,  1.00000     )
                                       (  0.00000     ,  1.00000     )
                                       (  0.00000     ,  1.00000     )
                                       (  0.00000     ,  1.00000     )

#********** Integration by Vegas (iteration       1) ************
#                                                               *
#  integral  =  3622.8008       accum. integral =  3622.8008    *
#  std. dev. =  1.8155596       accum. std. dev =  1.8155596    *
#   min/max. wt. =    0.00000            0.260619               *
#                                                               *
#*************   chi**2/iteration = 0.1130E-05   ****************


#********** Integration by Vegas (iteration       2) ************
#                                                               *
#  integral  =  3625.7869       accum. integral =  3624.1313    *
#  std. dev. =  2.0270103       accum. std. dev =  1.3524548    *
#   min/max. wt. =    0.00000            0.913226               *
#                                                               *
#*************   chi**2/iteration =  1.203       ****************

 Done
