SLURM job running in:  /scratch/groups/lhc/park/JHUGen/JHUGenerator
LHAPDF 6.1.5 loading /work-zfs/lhc/cms/slc6_amd64_gcc493/external/lhapdf/6.1.5-kpegke3/share/LHAPDF/NNPDF30_lo_as_0130/NNPDF30_lo_as_0130_0000.dat
NNPDF30_lo_as_0130 PDF set, member #0, version 2; LHAPDF ID = 263000
 
                                                                                          
   ***************************************************************************************
   *                                JHU Generator v6.9.3                                 *
   ***************************************************************************************
   *                                                                                     *
   *   Spin and parity determination of single-produced resonances at hadron colliders   *
   *                                                                                     *
   *          I. Anderson, S. Bolognesi, F. Caola, Y. Gao, A. Gritsan, Z. Guo,           *
   *        C. Martin, K. Melnikov, R.Rontsch, H. Roskes, U. Sarica, M. Schulze,         *
   *                   N. Tran, A. Whitbeck, M. Xiao, C. You, Y. Zhou                    *
   *                Phys.Rev. D81 (2010) 075022;  arXiv:1001.3396 [hep-ph],              *
   *                Phys.Rev. D86 (2012) 095031;  arXiv:1208.4018 [hep-ph],              *
   *                Phys.Rev. D89 (2014) 035007;  arXiv:1309.4819 [hep-ph].              *
   *                                                                                     *
   ***************************************************************************************
                                                                                          
   
   Command line: ./JHUGen Unweighted=0 VegasNc0=99999999 VegasNc1=99999999 VegasNc2=99999999 LHAPDF=NNPDF30_lo_as_0130/NNPDF30_lo_as_0130.info MReso=280 Process=61 ghg2=1,0
   
   Input Parameter:
    Collider: P-P, sqrt(s)=13000.00
    Resonance: spin=0, mass= 280.00 width=   0.00407
    Jet cuts:
            pT >=    15.00 GeV
        DeltaR >=     0.30
           mJJ >=     0.00 GeV
    Random seed:   355932145
    To reproduce results using this seed, JHUGen should be compiled with the same compiler:
      GNU Fortran (GCC) 4.9.3
    
    WidthScheme:   2
    LHAPDF set NNPDF30_lo_as_0130/NNPDF30_lo_as_0130.info, member=  0
    Unweighted: F
    
    spin-0-VV couplings: 
      generate_as=F
      ghg2=  0.10000000E+01  0.00000000E+00i
      ghg3=  0.00000000E+00  0.00000000E+00i
      ghg4=  0.00000000E+00  0.00000000E+00i
      ghz1=  0.20000000E+01  0.00000000E+00i
      ghz2=  0.00000000E+00  0.00000000E+00i
      ghz3=  0.00000000E+00  0.00000000E+00i
      ghz4=  0.00000000E+00  0.00000000E+00i
      Lambda=  1000.0
    
    LHE output: ./data/output.lhe
    Histogram output: ./data/output.dat
    Log file: ./data/output.log
    
  Running

  Input parameters for vegas:  ndim=  9   ncall= 80707214.
                              it=    0    itmx=   15
                              acc=-1.00    
                              mds=  1     nd=  50
                              (xl,xu)= (  0.00000     ,  1.00000     )
                                       (  0.00000     ,  1.00000     )
                                       (  0.00000     ,  1.00000     )
                                       (  0.00000     ,  1.00000     )
                                       (  0.00000     ,  1.00000     )
                                       (  0.00000     ,  1.00000     )
                                       (  0.00000     ,  1.00000     )
                                       (  0.00000     ,  1.00000     )
                                       (  0.00000     ,  1.00000     )

#********** Integration by Vegas (iteration       1) ************
#                                                               *
#  integral  =  3227.7436       accum. integral =  3227.7436    *
#  std. dev. =  153.46740       accum. std. dev =  153.46740    *
#   min/max. wt. =    0.00000             84.6219               *
#                                                               *
#*************   chi**2/iteration = -.7909E-10   ****************


#********** Integration by Vegas (iteration       2) ************
#                                                               *
#  integral  =  3491.7160       accum. integral =  3469.1123    *
#  std. dev. =  50.804850       accum. std. dev =  46.780699    *
#   min/max. wt. =    0.00000             38.8250               *
#                                                               *
#*************   chi**2/iteration =  2.491       ****************


#********** Integration by Vegas (iteration       3) ************
#                                                               *
#  integral  =  3484.8201       accum. integral =  3483.6884    *
#  std. dev. =  13.509684       accum. std. dev =  12.710789    *
#   min/max. wt. =    0.00000             6.24441               *
#                                                               *
#*************   chi**2/iteration =  1.267       ****************


#********** Integration by Vegas (iteration       4) ************
#                                                               *
#  integral  =  3510.0184       accum. integral =  3505.6380    *
#  std. dev. =  5.8557499       accum. std. dev =  5.2254557    *
#   min/max. wt. =    0.00000             2.75524               *
#                                                               *
#*************   chi**2/iteration =  2.005       ****************


#********** Integration by Vegas (iteration       5) ************
#                                                               *
#  integral  =  3530.5421       accum. integral =  3509.3874    *
#  std. dev. =  12.773877       accum. std. dev =  4.8444614    *
#   min/max. wt. =    0.00000             12.2716               *
#                                                               *
#*************   chi**2/iteration =  2.331       ****************


#********** Integration by Vegas (iteration       6) ************
#                                                               *
#  integral  =  3528.2770       accum. integral =  3514.8721    *
#  std. dev. =  7.7436085       accum. std. dev =  4.0964029    *
#   min/max. wt. =    0.00000            0.737103               *
#                                                               *
#*************   chi**2/iteration =  2.727       ****************


#********** Integration by Vegas (iteration       7) ************
#                                                               *
#  integral  =  3519.7339       accum. integral =  3518.5069    *
#  std. dev. =  2.4184663       accum. std. dev =  2.0626896    *
#   min/max. wt. =    0.00000            0.681116               *
#                                                               *
#*************   chi**2/iteration =  2.437       ****************


#********** Integration by Vegas (iteration       8) ************
#                                                               *
#  integral  =  3522.4737       accum. integral =  3520.5233    *
#  std. dev. =  2.0582073       accum. std. dev =  1.4490029    *
#   min/max. wt. =    0.00000            0.547780               *
#                                                               *
#*************   chi**2/iteration =  2.349       ****************


#********** Integration by Vegas (iteration       9) ************
#                                                               *
#  integral  =  3521.3717       accum. integral =  3520.8492    *
#  std. dev. =  1.8576490       accum. std. dev =  1.1387507    *
#   min/max. wt. =    0.00000            0.171000               *
#                                                               *
#*************   chi**2/iteration =  2.066       ****************


#********** Integration by Vegas (iteration      10) ************
#                                                               *
#  integral  =  3524.9697       accum. integral =  3522.0057    *
#  std. dev. =  1.8449998       accum. std. dev = 0.96698446    *
#   min/max. wt. =    0.00000            0.209841               *
#                                                               *
#*************   chi**2/iteration =  2.239       ****************


#********** Integration by Vegas (iteration      11) ************
#                                                               *
#  integral  =  3521.3827       accum. integral =  3521.8610    *
#  std. dev. =  1.7755540       accum. std. dev = 0.84806611    *
#   min/max. wt. =    0.00000            0.161880               *
#                                                               *
#*************   chi**2/iteration =  2.021       ****************


#********** Integration by Vegas (iteration      12) ************
#                                                               *
#  integral  =  3519.8872       accum. integral =  3521.4934    *
#  std. dev. =  1.7876073       accum. std. dev = 0.76556162    *
#   min/max. wt. =    0.00000            0.331454               *
#                                                               *
#*************   chi**2/iteration =  1.926       ****************


#********** Integration by Vegas (iteration      13) ************
#                                                               *
#  integral  =  3519.9260       accum. integral =  3521.2436    *
#  std. dev. =  1.7718578       accum. std. dev = 0.70233081    *
#   min/max. wt. =    0.00000            0.151166               *
#                                                               *
#*************   chi**2/iteration =  1.819       ****************


#********** Integration by Vegas (iteration      14) ************
#                                                               *
#  integral  =  3520.7198       accum. integral =  3521.1703    *
#  std. dev. =  1.7537618       accum. std. dev = 0.65167000    *
#   min/max. wt. =    0.00000            0.195542               *
#                                                               *
#*************   chi**2/iteration =  1.684       ****************


#********** Integration by Vegas (iteration      15) ************
#                                                               *
#  integral  =  3523.6280       accum. integral =  3521.4388    *
#  std. dev. =  1.8749398       accum. std. dev = 0.61535466    *
#   min/max. wt. =    0.00000            0.406061               *
#                                                               *
#*************   chi**2/iteration =  1.673       ****************


  Input parameters for vegas:  ndim=  9   ncall= 80707214.
                              it=    0    itmx=    2
                              acc=-1.00    
                              mds=  1     nd=  50
                              (xl,xu)= (  0.00000     ,  1.00000     )
                                       (  0.00000     ,  1.00000     )
                                       (  0.00000     ,  1.00000     )
                                       (  0.00000     ,  1.00000     )
                                       (  0.00000     ,  1.00000     )
                                       (  0.00000     ,  1.00000     )
                                       (  0.00000     ,  1.00000     )
                                       (  0.00000     ,  1.00000     )
                                       (  0.00000     ,  1.00000     )

#********** Integration by Vegas (iteration       1) ************
#                                                               *
#  integral  =  3519.1300       accum. integral =  3519.1300    *
#  std. dev. =  1.7927540       accum. std. dev =  1.7927540    *
#   min/max. wt. =    0.00000            0.154003               *
#                                                               *
#*************   chi**2/iteration = 0.5795E-06   ****************


#********** Integration by Vegas (iteration       2) ************
#                                                               *
#  integral  =  3526.3852       accum. integral =  3521.9133    *
#  std. dev. =  2.2770930       accum. std. dev =  1.4089305    *
#   min/max. wt. =    0.00000             1.29977               *
#                                                               *
#*************   chi**2/iteration =  6.264       ****************

 Done
