SLURM job running in:  /scratch/groups/lhc/park/JHUGen/JHUGenerator
LHAPDF 6.1.5 loading /work-zfs/lhc/cms/slc6_amd64_gcc493/external/lhapdf/6.1.5-kpegke3/share/LHAPDF/NNPDF30_lo_as_0130/NNPDF30_lo_as_0130_0000.dat
NNPDF30_lo_as_0130 PDF set, member #0, version 2; LHAPDF ID = 263000
 
                                                                                          
   ***************************************************************************************
   *                                JHU Generator v6.9.3                                 *
   ***************************************************************************************
   *                                                                                     *
   *   Spin and parity determination of single-produced resonances at hadron colliders   *
   *                                                                                     *
   *          I. Anderson, S. Bolognesi, F. Caola, Y. Gao, A. Gritsan, Z. Guo,           *
   *        C. Martin, K. Melnikov, R.Rontsch, H. Roskes, U. Sarica, M. Schulze,         *
   *                   N. Tran, A. Whitbeck, M. Xiao, C. You, Y. Zhou                    *
   *                Phys.Rev. D81 (2010) 075022;  arXiv:1001.3396 [hep-ph],              *
   *                Phys.Rev. D86 (2012) 095031;  arXiv:1208.4018 [hep-ph],              *
   *                Phys.Rev. D89 (2014) 035007;  arXiv:1309.4819 [hep-ph].              *
   *                                                                                     *
   ***************************************************************************************
                                                                                          
   
   Command line: ./JHUGen Unweighted=0 VegasNc0=99999999 VegasNc1=99999999 VegasNc2=99999999 LHAPDF=NNPDF30_lo_as_0130/NNPDF30_lo_as_0130.info MReso=3000 Process=61 ghg2=1,0
   
   Input Parameter:
    Collider: P-P, sqrt(s)=13000.00
    Resonance: spin=0, mass=3000.00 width=   0.00407
    Jet cuts:
            pT >=    15.00 GeV
        DeltaR >=     0.30
           mJJ >=     0.00 GeV
    Random seed:   647511169
    To reproduce results using this seed, JHUGen should be compiled with the same compiler:
      GNU Fortran (GCC) 4.9.3
    
    WidthScheme:   2
    LHAPDF set NNPDF30_lo_as_0130/NNPDF30_lo_as_0130.info, member=  0
    Unweighted: F
    
    spin-0-VV couplings: 
      generate_as=F
      ghg2=  0.10000000E+01  0.00000000E+00i
      ghg3=  0.00000000E+00  0.00000000E+00i
      ghg4=  0.00000000E+00  0.00000000E+00i
      ghz1=  0.20000000E+01  0.00000000E+00i
      ghz2=  0.00000000E+00  0.00000000E+00i
      ghz3=  0.00000000E+00  0.00000000E+00i
      ghz4=  0.00000000E+00  0.00000000E+00i
      Lambda=  1000.0
    
    LHE output: ./data/output.lhe
    Histogram output: ./data/output.dat
    Log file: ./data/output.log
    
  Running

  Input parameters for vegas:  ndim=  9   ncall= 80707214.
                              it=    0    itmx=   15
                              acc=-1.00    
                              mds=  1     nd=  50
                              (xl,xu)= (  0.00000     ,  1.00000     )
                                       (  0.00000     ,  1.00000     )
                                       (  0.00000     ,  1.00000     )
                                       (  0.00000     ,  1.00000     )
                                       (  0.00000     ,  1.00000     )
                                       (  0.00000     ,  1.00000     )
                                       (  0.00000     ,  1.00000     )
                                       (  0.00000     ,  1.00000     )
                                       (  0.00000     ,  1.00000     )

#********** Integration by Vegas (iteration       1) ************
#                                                               *
#  integral  = 0.93865581       accum. integral = 0.93865581    *
#  std. dev. = 0.28512097       accum. std. dev = 0.28512097    *
#   min/max. wt. =    0.00000            0.208327               *
#                                                               *
#*************   chi**2/iteration =  0.000       ****************


#********** Integration by Vegas (iteration       2) ************
#                                                               *
#  integral  = 0.70814092       accum. integral = 0.71361163    *
#  std. dev. = 0.33537492E-01   accum. std. dev = 0.38906205E-01*
#   min/max. wt. =    0.00000            0.251630E-01           *
#                                                               *
#*************   chi**2/iteration = 0.8125       ****************


#********** Integration by Vegas (iteration       3) ************
#                                                               *
#  integral  = 0.76695834       accum. integral = 0.72592527    *
#  std. dev. = 0.65515044E-01   accum. std. dev = 0.33263285E-01*
#   min/max. wt. =    0.00000            0.650908E-01           *
#                                                               *
#*************   chi**2/iteration = 0.6559       ****************


#********** Integration by Vegas (iteration       4) ************
#                                                               *
#  integral  = 0.76285143       accum. integral = 0.75014764    *
#  std. dev. = 0.22672880E-01   accum. std. dev = 0.19229960E-01*
#   min/max. wt. =    0.00000            0.176759E-01           *
#                                                               *
#*************   chi**2/iteration = 0.7275       ****************


#********** Integration by Vegas (iteration       5) ************
#                                                               *
#  integral  = 0.73895543       accum. integral = 0.73993842    *
#  std. dev. = 0.55195803E-02   accum. std. dev = 0.56161029E-02*
#   min/max. wt. =    0.00000            0.244166E-02           *
#                                                               *
#*************   chi**2/iteration = 0.6414       ****************


#********** Integration by Vegas (iteration       6) ************
#                                                               *
#  integral  = 0.73233299       accum. integral = 0.73281826    *
#  std. dev. = 0.13638863E-02   accum. std. dev = 0.14025995E-02*
#   min/max. wt. =    0.00000            0.330988E-03           *
#                                                               *
#*************   chi**2/iteration = 0.8761       ****************


#********** Integration by Vegas (iteration       7) ************
#                                                               *
#  integral  = 0.73186143       accum. integral = 0.73212579    *
#  std. dev. = 0.81485367E-03   accum. std. dev = 0.73112025E-03*
#   min/max. wt. =    0.00000            0.406921E-03           *
#                                                               *
#*************   chi**2/iteration = 0.7995       ****************


#********** Integration by Vegas (iteration       8) ************
#                                                               *
#  integral  = 0.73275762       accum. integral = 0.73244872    *
#  std. dev. = 0.67881597E-03   accum. std. dev = 0.50804272E-03*
#   min/max. wt. =    0.00000            0.253252E-03           *
#                                                               *
#*************   chi**2/iteration = 0.7491       ****************


#********** Integration by Vegas (iteration       9) ************
#                                                               *
#  integral  = 0.73212183       accum. integral = 0.73230047    *
#  std. dev. = 0.53226900E-03   accum. std. dev = 0.37370830E-03*
#   min/max. wt. =    0.00000            0.779082E-04           *
#                                                               *
#*************   chi**2/iteration = 0.6857       ****************


#********** Integration by Vegas (iteration      10) ************
#                                                               *
#  integral  = 0.73172318       accum. integral = 0.73209240    *
#  std. dev. = 0.47721727E-03   accum. std. dev = 0.29765241E-03*
#   min/max. wt. =    0.00000            0.752921E-04           *
#                                                               *
#*************   chi**2/iteration = 0.7108       ****************


#********** Integration by Vegas (iteration      11) ************
#                                                               *
#  integral  = 0.73245909       accum. integral = 0.73219111    *
#  std. dev. = 0.47253533E-03   accum. std. dev = 0.25362480E-03*
#   min/max. wt. =    0.00000            0.583709E-04           *
#                                                               *
#*************   chi**2/iteration = 0.6851       ****************


#********** Integration by Vegas (iteration      12) ************
#                                                               *
#  integral  = 0.73259190       accum. integral = 0.73227740    *
#  std. dev. = 0.46814312E-03   accum. std. dev = 0.22405821E-03*
#   min/max. wt. =    0.00000            0.584874E-04           *
#                                                               *
#*************   chi**2/iteration = 0.6753       ****************


#********** Integration by Vegas (iteration      13) ************
#                                                               *
#  integral  = 0.73218753       accum. integral = 0.73226061    *
#  std. dev. = 0.45293267E-03   accum. std. dev = 0.20157154E-03*
#   min/max. wt. =    0.00000            0.426909E-04           *
#                                                               *
#*************   chi**2/iteration = 0.6245       ****************


#********** Integration by Vegas (iteration      14) ************
#                                                               *
#  integral  = 0.73183022       accum. integral = 0.73219292    *
#  std. dev. = 0.45293895E-03   accum. std. dev = 0.18466072E-03*
#   min/max. wt. =    0.00000            0.243111E-04           *
#                                                               *
#*************   chi**2/iteration = 0.6342       ****************


#********** Integration by Vegas (iteration      15) ************
#                                                               *
#  integral  = 0.73260739       accum. integral = 0.73224941    *
#  std. dev. = 0.45267811E-03   accum. std. dev = 0.17131996E-03*
#   min/max. wt. =    0.00000            0.438321E-04           *
#                                                               *
#*************   chi**2/iteration = 0.6402       ****************


  Input parameters for vegas:  ndim=  9   ncall= 80707214.
                              it=    0    itmx=    2
                              acc=-1.00    
                              mds=  1     nd=  50
                              (xl,xu)= (  0.00000     ,  1.00000     )
                                       (  0.00000     ,  1.00000     )
                                       (  0.00000     ,  1.00000     )
                                       (  0.00000     ,  1.00000     )
                                       (  0.00000     ,  1.00000     )
                                       (  0.00000     ,  1.00000     )
                                       (  0.00000     ,  1.00000     )
                                       (  0.00000     ,  1.00000     )
                                       (  0.00000     ,  1.00000     )

#********** Integration by Vegas (iteration       1) ************
#                                                               *
#  integral  = 0.73269376       accum. integral = 0.73269376    *
#  std. dev. = 0.46363627E-03   accum. std. dev = 0.46363627E-03*
#   min/max. wt. =    0.00000            0.591619E-04           *
#                                                               *
#*************   chi**2/iteration =  0.000       ****************


#********** Integration by Vegas (iteration       2) ************
#                                                               *
#  integral  = 0.73277141       accum. integral = 0.73273264    *
#  std. dev. = 0.46310095E-03   accum. std. dev = 0.32765090E-03*
#   min/max. wt. =    0.00000            0.443550E-04           *
#                                                               *
#*************   chi**2/iteration = 0.1403E-01   ****************

 Done
