SLURM job running in:  /scratch/groups/lhc/park/JHUGen/JHUGenerator
LHAPDF 6.1.5 loading /work-zfs/lhc/cms/slc6_amd64_gcc493/external/lhapdf/6.1.5-kpegke3/share/LHAPDF/NNPDF30_lo_as_0130/NNPDF30_lo_as_0130_0000.dat
NNPDF30_lo_as_0130 PDF set, member #0, version 2; LHAPDF ID = 263000
 
                                                                                          
   ***************************************************************************************
   *                                JHU Generator v6.9.3                                 *
   ***************************************************************************************
   *                                                                                     *
   *   Spin and parity determination of single-produced resonances at hadron colliders   *
   *                                                                                     *
   *          I. Anderson, S. Bolognesi, F. Caola, Y. Gao, A. Gritsan, Z. Guo,           *
   *        C. Martin, K. Melnikov, R.Rontsch, H. Roskes, U. Sarica, M. Schulze,         *
   *                   N. Tran, A. Whitbeck, M. Xiao, C. You, Y. Zhou                    *
   *                Phys.Rev. D81 (2010) 075022;  arXiv:1001.3396 [hep-ph],              *
   *                Phys.Rev. D86 (2012) 095031;  arXiv:1208.4018 [hep-ph],              *
   *                Phys.Rev. D89 (2014) 035007;  arXiv:1309.4819 [hep-ph].              *
   *                                                                                     *
   ***************************************************************************************
                                                                                          
   
   Command line: ./JHUGen Unweighted=0 VegasNc0=99999999 VegasNc1=99999999 VegasNc2=99999999 LHAPDF=NNPDF30_lo_as_0130/NNPDF30_lo_as_0130.info MReso=302 Process=61 ghg2=1,0
   
   Input Parameter:
    Collider: P-P, sqrt(s)=13000.00
    Resonance: spin=0, mass= 302.00 width=   0.00407
    Jet cuts:
            pT >=    15.00 GeV
        DeltaR >=     0.30
           mJJ >=     0.00 GeV
    Random seed:      824424
    To reproduce results using this seed, JHUGen should be compiled with the same compiler:
      GNU Fortran (GCC) 4.9.3
    
    WidthScheme:   2
    LHAPDF set NNPDF30_lo_as_0130/NNPDF30_lo_as_0130.info, member=  0
    Unweighted: F
    
    spin-0-VV couplings: 
      generate_as=F
      ghg2=  0.10000000E+01  0.00000000E+00i
      ghg3=  0.00000000E+00  0.00000000E+00i
      ghg4=  0.00000000E+00  0.00000000E+00i
      ghz1=  0.20000000E+01  0.00000000E+00i
      ghz2=  0.00000000E+00  0.00000000E+00i
      ghz3=  0.00000000E+00  0.00000000E+00i
      ghz4=  0.00000000E+00  0.00000000E+00i
      Lambda=  1000.0
    
    LHE output: ./data/output.lhe
    Histogram output: ./data/output.dat
    Log file: ./data/output.log
    
  Running

  Input parameters for vegas:  ndim=  9   ncall= 80707214.
                              it=    0    itmx=   15
                              acc=-1.00    
                              mds=  1     nd=  50
                              (xl,xu)= (  0.00000     ,  1.00000     )
                                       (  0.00000     ,  1.00000     )
                                       (  0.00000     ,  1.00000     )
                                       (  0.00000     ,  1.00000     )
                                       (  0.00000     ,  1.00000     )
                                       (  0.00000     ,  1.00000     )
                                       (  0.00000     ,  1.00000     )
                                       (  0.00000     ,  1.00000     )
                                       (  0.00000     ,  1.00000     )

#********** Integration by Vegas (iteration       1) ************
#                                                               *
#  integral  =  2976.8872       accum. integral =  2976.8872    *
#  std. dev. =  217.28492       accum. std. dev =  217.28492    *
#   min/max. wt. =    0.00000             176.507               *
#                                                               *
#*************   chi**2/iteration =  0.000       ****************


#********** Integration by Vegas (iteration       2) ************
#                                                               *
#  integral  =  3002.0711       accum. integral =  3000.4746    *
#  std. dev. =  57.009162       accum. std. dev =  54.941541    *
#   min/max. wt. =    0.00000             49.5687               *
#                                                               *
#*************   chi**2/iteration = 0.1246E-01   ****************


#********** Integration by Vegas (iteration       3) ************
#                                                               *
#  integral  =  3028.7675       accum. integral =  3025.2032    *
#  std. dev. =  21.132688       accum. std. dev =  19.586397    *
#   min/max. wt. =    0.00000             13.6516               *
#                                                               *
#*************   chi**2/iteration = 0.1210       ****************


#********** Integration by Vegas (iteration       4) ************
#                                                               *
#  integral  =  3021.2204       accum. integral =  3021.6467    *
#  std. dev. =  6.8230604       accum. std. dev =  6.4178731    *
#   min/max. wt. =    0.00000             1.70307               *
#                                                               *
#*************   chi**2/iteration = 0.9270E-01   ****************


#********** Integration by Vegas (iteration       5) ************
#                                                               *
#  integral  =  3022.2359       accum. integral =  3022.1485    *
#  std. dev. =  2.6922917       accum. std. dev =  2.4747059    *
#   min/max. wt. =    0.00000            0.991063               *
#                                                               *
#*************   chi**2/iteration = 0.7118E-01   ****************


#********** Integration by Vegas (iteration       6) ************
#                                                               *
#  integral  =  3023.8372       accum. integral =  3023.1740    *
#  std. dev. =  1.9990871       accum. std. dev =  1.5520239    *
#   min/max. wt. =    0.00000            0.257023               *
#                                                               *
#*************   chi**2/iteration = 0.1133       ****************


#********** Integration by Vegas (iteration       7) ************
#                                                               *
#  integral  =  3023.5490       accum. integral =  3023.3471    *
#  std. dev. =  1.6819981       accum. std. dev =  1.1393137    *
#   min/max. wt. =    0.00000            0.167531               *
#                                                               *
#*************   chi**2/iteration = 0.9883E-01   ****************


#********** Integration by Vegas (iteration       8) ************
#                                                               *
#  integral  =  3021.5537       accum. integral =  3022.7434    *
#  std. dev. =  1.6032015       accum. std. dev = 0.92821079    *
#   min/max. wt. =    0.00000            0.154657               *
#                                                               *
#*************   chi**2/iteration = 0.2037       ****************


#********** Integration by Vegas (iteration       9) ************
#                                                               *
#  integral  =  3023.3126       accum. integral =  3022.8953    *
#  std. dev. =  1.5422048       accum. std. dev = 0.79493933    *
#   min/max. wt. =    0.00000            0.162912               *
#                                                               *
#*************   chi**2/iteration = 0.1907       ****************


#********** Integration by Vegas (iteration      10) ************
#                                                               *
#  integral  =  3022.6905       accum. integral =  3022.8558    *
#  std. dev. =  1.6299073       accum. std. dev = 0.71434349    *
#   min/max. wt. =    0.00000            0.506273               *
#                                                               *
#*************   chi**2/iteration = 0.1709       ****************


#********** Integration by Vegas (iteration      11) ************
#                                                               *
#  integral  =  3022.3409       accum. integral =  3022.7687    *
#  std. dev. =  1.5861693       accum. std. dev = 0.65124244    *
#   min/max. wt. =    0.00000            0.127776               *
#                                                               *
#*************   chi**2/iteration = 0.1625       ****************


#********** Integration by Vegas (iteration      12) ************
#                                                               *
#  integral  =  3022.2641       accum. integral =  3022.6925    *
#  std. dev. =  1.5458641       accum. std. dev = 0.60009078    *
#   min/max. wt. =    0.00000            0.161495               *
#                                                               *
#*************   chi**2/iteration = 0.1559       ****************


#********** Integration by Vegas (iteration      13) ************
#                                                               *
#  integral  =  3021.3094       accum. integral =  3022.5070    *
#  std. dev. =  1.5270012       accum. std. dev = 0.55847168    *
#   min/max. wt. =    0.00000            0.140098               *
#                                                               *
#*************   chi**2/iteration = 0.2023       ****************


#********** Integration by Vegas (iteration      14) ************
#                                                               *
#  integral  =  3019.9971       accum. integral =  3022.2074    *
#  std. dev. =  1.5177998       accum. std. dev = 0.52410081    *
#   min/max. wt. =    0.00000            0.196226               *
#                                                               *
#*************   chi**2/iteration = 0.3721       ****************


#********** Integration by Vegas (iteration      15) ************
#                                                               *
#  integral  =  3022.7527       accum. integral =  3022.2650    *
#  std. dev. =  1.5279253       accum. std. dev = 0.49571710    *
#   min/max. wt. =    0.00000            0.141819               *
#                                                               *
#*************   chi**2/iteration = 0.3537       ****************


  Input parameters for vegas:  ndim=  9   ncall= 80707214.
                              it=    0    itmx=    2
                              acc=-1.00    
                              mds=  1     nd=  50
                              (xl,xu)= (  0.00000     ,  1.00000     )
                                       (  0.00000     ,  1.00000     )
                                       (  0.00000     ,  1.00000     )
                                       (  0.00000     ,  1.00000     )
                                       (  0.00000     ,  1.00000     )
                                       (  0.00000     ,  1.00000     )
                                       (  0.00000     ,  1.00000     )
                                       (  0.00000     ,  1.00000     )
                                       (  0.00000     ,  1.00000     )

#********** Integration by Vegas (iteration       1) ************
#                                                               *
#  integral  =  3019.7214       accum. integral =  3019.7214    *
#  std. dev. =  1.5323907       accum. std. dev =  1.5323907    *
#   min/max. wt. =    0.00000            0.124418               *
#                                                               *
#*************   chi**2/iteration =  0.000       ****************


#********** Integration by Vegas (iteration       2) ************
#                                                               *
#  integral  =  3020.3994       accum. integral =  3020.0578    *
#  std. dev. =  1.5446364       accum. std. dev =  1.0878685    *
#   min/max. wt. =    0.00000            0.256056               *
#                                                               *
#*************   chi**2/iteration = 0.9702E-01   ****************

 Done
