SLURM job running in:  /scratch/groups/lhc/park/JHUGen/JHUGenerator
LHAPDF 6.1.5 loading /work-zfs/lhc/cms/slc6_amd64_gcc493/external/lhapdf/6.1.5-kpegke3/share/LHAPDF/NNPDF30_lo_as_0130/NNPDF30_lo_as_0130_0000.dat
NNPDF30_lo_as_0130 PDF set, member #0, version 2; LHAPDF ID = 263000
 
                                                                                          
   ***************************************************************************************
   *                                JHU Generator v6.9.3                                 *
   ***************************************************************************************
   *                                                                                     *
   *   Spin and parity determination of single-produced resonances at hadron colliders   *
   *                                                                                     *
   *          I. Anderson, S. Bolognesi, F. Caola, Y. Gao, A. Gritsan, Z. Guo,           *
   *        C. Martin, K. Melnikov, R.Rontsch, H. Roskes, U. Sarica, M. Schulze,         *
   *                   N. Tran, A. Whitbeck, M. Xiao, C. You, Y. Zhou                    *
   *                Phys.Rev. D81 (2010) 075022;  arXiv:1001.3396 [hep-ph],              *
   *                Phys.Rev. D86 (2012) 095031;  arXiv:1208.4018 [hep-ph],              *
   *                Phys.Rev. D89 (2014) 035007;  arXiv:1309.4819 [hep-ph].              *
   *                                                                                     *
   ***************************************************************************************
                                                                                          
   
   Command line: ./JHUGen Unweighted=0 VegasNc0=99999999 VegasNc1=99999999 VegasNc2=99999999 LHAPDF=NNPDF30_lo_as_0130/NNPDF30_lo_as_0130.info MReso=312 Process=61 ghg2=1,0
   
   Input Parameter:
    Collider: P-P, sqrt(s)=13000.00
    Resonance: spin=0, mass= 312.00 width=   0.00407
    Jet cuts:
            pT >=    15.00 GeV
        DeltaR >=     0.30
           mJJ >=     0.00 GeV
    Random seed:   874643786
    To reproduce results using this seed, JHUGen should be compiled with the same compiler:
      GNU Fortran (GCC) 4.9.3
    
    WidthScheme:   2
    LHAPDF set NNPDF30_lo_as_0130/NNPDF30_lo_as_0130.info, member=  0
    Unweighted: F
    
    spin-0-VV couplings: 
      generate_as=F
      ghg2=  0.10000000E+01  0.00000000E+00i
      ghg3=  0.00000000E+00  0.00000000E+00i
      ghg4=  0.00000000E+00  0.00000000E+00i
      ghz1=  0.20000000E+01  0.00000000E+00i
      ghz2=  0.00000000E+00  0.00000000E+00i
      ghz3=  0.00000000E+00  0.00000000E+00i
      ghz4=  0.00000000E+00  0.00000000E+00i
      Lambda=  1000.0
    
    LHE output: ./data/output.lhe
    Histogram output: ./data/output.dat
    Log file: ./data/output.log
    
  Running

  Input parameters for vegas:  ndim=  9   ncall= 80707214.
                              it=    0    itmx=   15
                              acc=-1.00    
                              mds=  1     nd=  50
                              (xl,xu)= (  0.00000     ,  1.00000     )
                                       (  0.00000     ,  1.00000     )
                                       (  0.00000     ,  1.00000     )
                                       (  0.00000     ,  1.00000     )
                                       (  0.00000     ,  1.00000     )
                                       (  0.00000     ,  1.00000     )
                                       (  0.00000     ,  1.00000     )
                                       (  0.00000     ,  1.00000     )
                                       (  0.00000     ,  1.00000     )

#********** Integration by Vegas (iteration       1) ************
#                                                               *
#  integral  =  2530.5304       accum. integral =  2530.5304    *
#  std. dev. =  121.77234       accum. std. dev =  121.77234    *
#   min/max. wt. =    0.00000             64.4790               *
#                                                               *
#*************   chi**2/iteration = -.1884E-09   ****************


#********** Integration by Vegas (iteration       2) ************
#                                                               *
#  integral  =  2815.1281       accum. integral =  2798.0334    *
#  std. dev. =  34.245430       accum. std. dev =  31.567404    *
#   min/max. wt. =    0.00000             15.6574               *
#                                                               *
#*************   chi**2/iteration =  4.584       ****************


#********** Integration by Vegas (iteration       3) ************
#                                                               *
#  integral  =  2811.2604       accum. integral =  2810.4171    *
#  std. dev. =  8.6521771       accum. std. dev =  8.1067049    *
#   min/max. wt. =    0.00000             3.18895               *
#                                                               *
#*************   chi**2/iteration =  2.297       ****************


#********** Integration by Vegas (iteration       4) ************
#                                                               *
#  integral  =  2827.5292       accum. integral =  2821.2746    *
#  std. dev. =  6.3909036       accum. std. dev =  4.9491736    *
#   min/max. wt. =    0.00000             4.46620               *
#                                                               *
#*************   chi**2/iteration =  2.426       ****************


#********** Integration by Vegas (iteration       5) ************
#                                                               *
#  integral  =  2819.5684       accum. integral =  2820.1929    *
#  std. dev. =  3.8572079       accum. std. dev =  3.0098087    *
#   min/max. wt. =    0.00000             1.18527               *
#                                                               *
#*************   chi**2/iteration =  1.819       ****************


#********** Integration by Vegas (iteration       6) ************
#                                                               *
#  integral  =  2829.4020       accum. integral =  2826.4014    *
#  std. dev. =  2.1425654       accum. std. dev =  1.7249811    *
#   min/max. wt. =    0.00000            0.404077               *
#                                                               *
#*************   chi**2/iteration =  2.696       ****************


#********** Integration by Vegas (iteration       7) ************
#                                                               *
#  integral  =  2827.4418       accum. integral =  2826.9343    *
#  std. dev. =  1.7156348       accum. std. dev =  1.2081036    *
#   min/max. wt. =    0.00000            0.532401               *
#                                                               *
#*************   chi**2/iteration =  2.265       ****************


#********** Integration by Vegas (iteration       8) ************
#                                                               *
#  integral  =  2825.7882       accum. integral =  2826.4898    *
#  std. dev. =  1.5416678       accum. std. dev = 0.94709865    *
#   min/max. wt. =    0.00000            0.210855               *
#                                                               *
#*************   chi**2/iteration =  1.983       ****************


#********** Integration by Vegas (iteration       9) ************
#                                                               *
#  integral  =  2824.5640       accum. integral =  2825.9140    *
#  std. dev. =  1.4695052       accum. std. dev = 0.79415298    *
#   min/max. wt. =    0.00000            0.193130               *
#                                                               *
#*************   chi**2/iteration =  1.884       ****************


#********** Integration by Vegas (iteration      10) ************
#                                                               *
#  integral  =  2824.3073       accum. integral =  2825.5344    *
#  std. dev. =  1.4445527       accum. std. dev = 0.69484429    *
#   min/max. wt. =    0.00000            0.179305               *
#                                                               *
#*************   chi**2/iteration =  1.778       ****************


#********** Integration by Vegas (iteration      11) ************
#                                                               *
#  integral  =  2823.0859       accum. integral =  2825.0680    *
#  std. dev. =  1.4468246       accum. std. dev = 0.62574596    *
#   min/max. wt. =    0.00000            0.282175               *
#                                                               *
#*************   chi**2/iteration =  1.834       ****************


#********** Integration by Vegas (iteration      12) ************
#                                                               *
#  integral  =  2825.3558       accum. integral =  2825.1069    *
#  std. dev. =  1.5998902       accum. std. dev = 0.58247122    *
#   min/max. wt. =    0.00000            0.730650               *
#                                                               *
#*************   chi**2/iteration =  1.667       ****************


#********** Integration by Vegas (iteration      13) ************
#                                                               *
#  integral  =  2824.5474       accum. integral =  2825.0393    *
#  std. dev. =  1.5860979       accum. std. dev = 0.54656509    *
#   min/max. wt. =    0.00000            0.243502               *
#                                                               *
#*************   chi**2/iteration =  1.535       ****************


#********** Integration by Vegas (iteration      14) ************
#                                                               *
#  integral  =  2824.8923       accum. integral =  2825.0206    *
#  std. dev. =  1.4442246       accum. std. dev = 0.51095495    *
#   min/max. wt. =    0.00000            0.188396               *
#                                                               *
#*************   chi**2/iteration =  1.416       ****************


#********** Integration by Vegas (iteration      15) ************
#                                                               *
#  integral  =  2824.9663       accum. integral =  2825.0146    *
#  std. dev. =  1.4557011       accum. std. dev = 0.48195827    *
#   min/max. wt. =    0.00000            0.202107               *
#                                                               *
#*************   chi**2/iteration =  1.314       ****************


  Input parameters for vegas:  ndim=  9   ncall= 80707214.
                              it=    0    itmx=    2
                              acc=-1.00    
                              mds=  1     nd=  50
                              (xl,xu)= (  0.00000     ,  1.00000     )
                                       (  0.00000     ,  1.00000     )
                                       (  0.00000     ,  1.00000     )
                                       (  0.00000     ,  1.00000     )
                                       (  0.00000     ,  1.00000     )
                                       (  0.00000     ,  1.00000     )
                                       (  0.00000     ,  1.00000     )
                                       (  0.00000     ,  1.00000     )
                                       (  0.00000     ,  1.00000     )

#********** Integration by Vegas (iteration       1) ************
#                                                               *
#  integral  =  2824.4596       accum. integral =  2824.4596    *
#  std. dev. =  1.4176613       accum. std. dev =  1.4176613    *
#   min/max. wt. =    0.00000            0.124295               *
#                                                               *
#*************   chi**2/iteration =  0.000       ****************


#********** Integration by Vegas (iteration       2) ************
#                                                               *
#  integral  =  2827.7261       accum. integral =  2826.0665    *
#  std. dev. =  1.4423885       accum. std. dev =  1.0110771    *
#   min/max. wt. =    0.00000            0.155916               *
#                                                               *
#*************   chi**2/iteration =  2.606       ****************

 Done
