SLURM job running in:  /scratch/groups/lhc/park/JHUGen/JHUGenerator
LHAPDF 6.1.5 loading /work-zfs/lhc/cms/slc6_amd64_gcc493/external/lhapdf/6.1.5-kpegke3/share/LHAPDF/NNPDF30_lo_as_0130/NNPDF30_lo_as_0130_0000.dat
NNPDF30_lo_as_0130 PDF set, member #0, version 2; LHAPDF ID = 263000
 
                                                                                          
   ***************************************************************************************
   *                                JHU Generator v6.9.3                                 *
   ***************************************************************************************
   *                                                                                     *
   *   Spin and parity determination of single-produced resonances at hadron colliders   *
   *                                                                                     *
   *          I. Anderson, S. Bolognesi, F. Caola, Y. Gao, A. Gritsan, Z. Guo,           *
   *        C. Martin, K. Melnikov, R.Rontsch, H. Roskes, U. Sarica, M. Schulze,         *
   *                   N. Tran, A. Whitbeck, M. Xiao, C. You, Y. Zhou                    *
   *                Phys.Rev. D81 (2010) 075022;  arXiv:1001.3396 [hep-ph],              *
   *                Phys.Rev. D86 (2012) 095031;  arXiv:1208.4018 [hep-ph],              *
   *                Phys.Rev. D89 (2014) 035007;  arXiv:1309.4819 [hep-ph].              *
   *                                                                                     *
   ***************************************************************************************
                                                                                          
   
   Command line: ./JHUGen Unweighted=0 VegasNc0=99999999 VegasNc1=99999999 VegasNc2=99999999 LHAPDF=NNPDF30_lo_as_0130/NNPDF30_lo_as_0130.info MReso=324 Process=61 ghg2=1,0
   
   Input Parameter:
    Collider: P-P, sqrt(s)=13000.00
    Resonance: spin=0, mass= 324.00 width=   0.00407
    Jet cuts:
            pT >=    15.00 GeV
        DeltaR >=     0.30
           mJJ >=     0.00 GeV
    Random seed:   199696503
    To reproduce results using this seed, JHUGen should be compiled with the same compiler:
      GNU Fortran (GCC) 4.9.3
    
    WidthScheme:   2
    LHAPDF set NNPDF30_lo_as_0130/NNPDF30_lo_as_0130.info, member=  0
    Unweighted: F
    
    spin-0-VV couplings: 
      generate_as=F
      ghg2=  0.10000000E+01  0.00000000E+00i
      ghg3=  0.00000000E+00  0.00000000E+00i
      ghg4=  0.00000000E+00  0.00000000E+00i
      ghz1=  0.20000000E+01  0.00000000E+00i
      ghz2=  0.00000000E+00  0.00000000E+00i
      ghz3=  0.00000000E+00  0.00000000E+00i
      ghz4=  0.00000000E+00  0.00000000E+00i
      Lambda=  1000.0
    
    LHE output: ./data/output.lhe
    Histogram output: ./data/output.dat
    Log file: ./data/output.log
    
  Running

  Input parameters for vegas:  ndim=  9   ncall= 80707214.
                              it=    0    itmx=   15
                              acc=-1.00    
                              mds=  1     nd=  50
                              (xl,xu)= (  0.00000     ,  1.00000     )
                                       (  0.00000     ,  1.00000     )
                                       (  0.00000     ,  1.00000     )
                                       (  0.00000     ,  1.00000     )
                                       (  0.00000     ,  1.00000     )
                                       (  0.00000     ,  1.00000     )
                                       (  0.00000     ,  1.00000     )
                                       (  0.00000     ,  1.00000     )
                                       (  0.00000     ,  1.00000     )

#********** Integration by Vegas (iteration       1) ************
#                                                               *
#  integral  =  2705.3697       accum. integral =  2705.3697    *
#  std. dev. =  244.62056       accum. std. dev =  244.62056    *
#   min/max. wt. =    0.00000             198.038               *
#                                                               *
#*************   chi**2/iteration =  0.000       ****************


#********** Integration by Vegas (iteration       2) ************
#                                                               *
#  integral  =  2588.7095       accum. integral =  2592.9128    *
#  std. dev. =  45.253967       accum. std. dev =  45.443390    *
#   min/max. wt. =    0.00000             34.3974               *
#                                                               *
#*************   chi**2/iteration = 0.2287       ****************


#********** Integration by Vegas (iteration       3) ************
#                                                               *
#  integral  =  2652.0623       accum. integral =  2632.1144    *
#  std. dev. =  32.470220       accum. std. dev =  26.404825    *
#   min/max. wt. =    0.00000             28.4261               *
#                                                               *
#*************   chi**2/iteration = 0.6748       ****************


#********** Integration by Vegas (iteration       4) ************
#                                                               *
#  integral  =  2611.5439       accum. integral =  2613.1230    *
#  std. dev. =  7.5057519       accum. std. dev =  7.2899315    *
#   min/max. wt. =    0.00000             1.09186               *
#                                                               *
#*************   chi**2/iteration = 0.6412       ****************


#********** Integration by Vegas (iteration       5) ************
#                                                               *
#  integral  =  2612.5651       accum. integral =  2612.6970    *
#  std. dev. =  4.0155849       accum. std. dev =  3.5380094    *
#   min/max. wt. =    0.00000             2.56522               *
#                                                               *
#*************   chi**2/iteration = 0.4840       ****************


#********** Integration by Vegas (iteration       6) ************
#                                                               *
#  integral  =  2609.0990       accum. integral =  2610.5253    *
#  std. dev. =  2.8397521       accum. std. dev =  2.2240423    *
#   min/max. wt. =    0.00000            0.532150               *
#                                                               *
#*************   chi**2/iteration = 0.5137       ****************


#********** Integration by Vegas (iteration       7) ************
#                                                               *
#  integral  =  2611.3075       accum. integral =  2611.0223    *
#  std. dev. =  1.6729822       accum. std. dev =  1.3417289    *
#   min/max. wt. =    0.00000            0.414171               *
#                                                               *
#*************   chi**2/iteration = 0.4421       ****************


#********** Integration by Vegas (iteration       8) ************
#                                                               *
#  integral  =  2610.4718       accum. integral =  2610.7799    *
#  std. dev. =  1.5030780       accum. std. dev =  1.0030145    *
#   min/max. wt. =    0.00000            0.364920               *
#                                                               *
#*************   chi**2/iteration = 0.3901       ****************


#********** Integration by Vegas (iteration       9) ************
#                                                               *
#  integral  =  2611.2420       accum. integral =  2610.9374    *
#  std. dev. =  1.3875290       accum. std. dev = 0.81388528    *
#   min/max. wt. =    0.00000            0.137070               *
#                                                               *
#*************   chi**2/iteration = 0.3508       ****************


#********** Integration by Vegas (iteration      10) ************
#                                                               *
#  integral  =  2611.4754       accum. integral =  2611.0789    *
#  std. dev. =  1.3561742       accum. std. dev = 0.69839995    *
#   min/max. wt. =    0.00000            0.190956               *
#                                                               *
#*************   chi**2/iteration = 0.3249       ****************


#********** Integration by Vegas (iteration      11) ************
#                                                               *
#  integral  =  2609.7342       accum. integral =  2610.7889    *
#  std. dev. =  1.3254347       accum. std. dev = 0.61825459    *
#   min/max. wt. =    0.00000            0.177325               *
#                                                               *
#*************   chi**2/iteration = 0.3727       ****************


#********** Integration by Vegas (iteration      12) ************
#                                                               *
#  integral  =  2610.7233       accum. integral =  2610.7781    *
#  std. dev. =  1.3873667       accum. std. dev = 0.56490844    *
#   min/max. wt. =    0.00000            0.284037               *
#                                                               *
#*************   chi**2/iteration = 0.3392       ****************


#********** Integration by Vegas (iteration      13) ************
#                                                               *
#  integral  =  2612.2528       accum. integral =  2610.9899    *
#  std. dev. =  1.3748769       accum. std. dev = 0.52263239    *
#   min/max. wt. =    0.00000            0.197814               *
#                                                               *
#*************   chi**2/iteration = 0.3927       ****************


#********** Integration by Vegas (iteration      14) ************
#                                                               *
#  integral  =  2612.3575       accum. integral =  2611.1736    *
#  std. dev. =  1.3232684       accum. std. dev = 0.48618152    *
#   min/max. wt. =    0.00000            0.840003E-01           *
#                                                               *
#*************   chi**2/iteration = 0.4334       ****************


#********** Integration by Vegas (iteration      15) ************
#                                                               *
#  integral  =  2610.9505       accum. integral =  2611.1478    *
#  std. dev. =  1.3415950       accum. std. dev = 0.45716513    *
#   min/max. wt. =    0.00000            0.146562               *
#                                                               *
#*************   chi**2/iteration = 0.4044       ****************


  Input parameters for vegas:  ndim=  9   ncall= 80707214.
                              it=    0    itmx=    2
                              acc=-1.00    
                              mds=  1     nd=  50
                              (xl,xu)= (  0.00000     ,  1.00000     )
                                       (  0.00000     ,  1.00000     )
                                       (  0.00000     ,  1.00000     )
                                       (  0.00000     ,  1.00000     )
                                       (  0.00000     ,  1.00000     )
                                       (  0.00000     ,  1.00000     )
                                       (  0.00000     ,  1.00000     )
                                       (  0.00000     ,  1.00000     )
                                       (  0.00000     ,  1.00000     )

#********** Integration by Vegas (iteration       1) ************
#                                                               *
#  integral  =  2614.5766       accum. integral =  2614.5766    *
#  std. dev. =  1.3648744       accum. std. dev =  1.3648744    *
#   min/max. wt. =    0.00000            0.283805               *
#                                                               *
#*************   chi**2/iteration =  0.000       ****************


#********** Integration by Vegas (iteration       2) ************
#                                                               *
#  integral  =  2610.9633       accum. integral =  2612.7280    *
#  std. dev. =  1.3316803       accum. std. dev = 0.95317557    *
#   min/max. wt. =    0.00000            0.166262               *
#                                                               *
#*************   chi**2/iteration =  3.587       ****************

 Done
