SLURM job running in:  /scratch/groups/lhc/park/JHUGen/JHUGenerator
LHAPDF 6.1.5 loading /work-zfs/lhc/cms/slc6_amd64_gcc493/external/lhapdf/6.1.5-kpegke3/share/LHAPDF/NNPDF30_lo_as_0130/NNPDF30_lo_as_0130_0000.dat
NNPDF30_lo_as_0130 PDF set, member #0, version 2; LHAPDF ID = 263000
 
                                                                                          
   ***************************************************************************************
   *                                JHU Generator v6.9.3                                 *
   ***************************************************************************************
   *                                                                                     *
   *   Spin and parity determination of single-produced resonances at hadron colliders   *
   *                                                                                     *
   *          I. Anderson, S. Bolognesi, F. Caola, Y. Gao, A. Gritsan, Z. Guo,           *
   *        C. Martin, K. Melnikov, R.Rontsch, H. Roskes, U. Sarica, M. Schulze,         *
   *                   N. Tran, A. Whitbeck, M. Xiao, C. You, Y. Zhou                    *
   *                Phys.Rev. D81 (2010) 075022;  arXiv:1001.3396 [hep-ph],              *
   *                Phys.Rev. D86 (2012) 095031;  arXiv:1208.4018 [hep-ph],              *
   *                Phys.Rev. D89 (2014) 035007;  arXiv:1309.4819 [hep-ph].              *
   *                                                                                     *
   ***************************************************************************************
                                                                                          
   
   Command line: ./JHUGen Unweighted=0 VegasNc0=99999999 VegasNc1=99999999 VegasNc2=99999999 LHAPDF=NNPDF30_lo_as_0130/NNPDF30_lo_as_0130.info MReso=326 Process=61 ghg2=1,0
   
   Input Parameter:
    Collider: P-P, sqrt(s)=13000.00
    Resonance: spin=0, mass= 326.00 width=   0.00407
    Jet cuts:
            pT >=    15.00 GeV
        DeltaR >=     0.30
           mJJ >=     0.00 GeV
    Random seed:    18485861
    To reproduce results using this seed, JHUGen should be compiled with the same compiler:
      GNU Fortran (GCC) 4.9.3
    
    WidthScheme:   2
    LHAPDF set NNPDF30_lo_as_0130/NNPDF30_lo_as_0130.info, member=  0
    Unweighted: F
    
    spin-0-VV couplings: 
      generate_as=F
      ghg2=  0.10000000E+01  0.00000000E+00i
      ghg3=  0.00000000E+00  0.00000000E+00i
      ghg4=  0.00000000E+00  0.00000000E+00i
      ghz1=  0.20000000E+01  0.00000000E+00i
      ghz2=  0.00000000E+00  0.00000000E+00i
      ghz3=  0.00000000E+00  0.00000000E+00i
      ghz4=  0.00000000E+00  0.00000000E+00i
      Lambda=  1000.0
    
    LHE output: ./data/output.lhe
    Histogram output: ./data/output.dat
    Log file: ./data/output.log
    
  Running

  Input parameters for vegas:  ndim=  9   ncall= 80707214.
                              it=    0    itmx=   15
                              acc=-1.00    
                              mds=  1     nd=  50
                              (xl,xu)= (  0.00000     ,  1.00000     )
                                       (  0.00000     ,  1.00000     )
                                       (  0.00000     ,  1.00000     )
                                       (  0.00000     ,  1.00000     )
                                       (  0.00000     ,  1.00000     )
                                       (  0.00000     ,  1.00000     )
                                       (  0.00000     ,  1.00000     )
                                       (  0.00000     ,  1.00000     )
                                       (  0.00000     ,  1.00000     )

#********** Integration by Vegas (iteration       1) ************
#                                                               *
#  integral  =  2363.0771       accum. integral =  2363.0771    *
#  std. dev. =  156.27020       accum. std. dev =  156.27020    *
#   min/max. wt. =    0.00000             69.9511               *
#                                                               *
#*************   chi**2/iteration = 0.3814E-10   ****************


#********** Integration by Vegas (iteration       2) ************
#                                                               *
#  integral  =  2534.4802       accum. integral =  2529.0051    *
#  std. dev. =  30.445533       accum. std. dev =  28.960130    *
#   min/max. wt. =    0.00000             26.0962               *
#                                                               *
#*************   chi**2/iteration =  1.082       ****************


#********** Integration by Vegas (iteration       3) ************
#                                                               *
#  integral  =  2574.0790       accum. integral =  2563.3301    *
#  std. dev. =  17.024818       accum. std. dev =  14.384390    *
#   min/max. wt. =    0.00000             14.6816               *
#                                                               *
#*************   chi**2/iteration =  1.414       ****************


#********** Integration by Vegas (iteration       4) ************
#                                                               *
#  integral  =  2576.4797       accum. integral =  2574.8226    *
#  std. dev. =  5.6467141       accum. std. dev =  5.1500189    *
#   min/max. wt. =    0.00000             1.32274               *
#                                                               *
#*************   chi**2/iteration =  1.166       ****************


#********** Integration by Vegas (iteration       5) ************
#                                                               *
#  integral  =  2576.0042       accum. integral =  2575.8168    *
#  std. dev. =  2.2911348       accum. std. dev =  2.0610014    *
#   min/max. wt. =    0.00000            0.690511               *
#                                                               *
#*************   chi**2/iteration = 0.8771       ****************


#********** Integration by Vegas (iteration       6) ************
#                                                               *
#  integral  =  2583.3464       accum. integral =  2577.6759    *
#  std. dev. =  3.6809260       accum. std. dev =  1.7953676    *
#   min/max. wt. =    0.00000             3.07374               *
#                                                               *
#*************   chi**2/iteration =  1.350       ****************


#********** Integration by Vegas (iteration       7) ************
#                                                               *
#  integral  =  2575.6848       accum. integral =  2577.1099    *
#  std. dev. =  2.8935179       accum. std. dev =  1.5223168    *
#   min/max. wt. =    0.00000            0.309990               *
#                                                               *
#*************   chi**2/iteration =  1.178       ****************


#********** Integration by Vegas (iteration       8) ************
#                                                               *
#  integral  =  2577.4745       accum. integral =  2577.2886    *
#  std. dev. =  1.5741750       accum. std. dev =  1.0887920    *
#   min/max. wt. =    0.00000            0.344443               *
#                                                               *
#*************   chi**2/iteration =  1.010       ****************


#********** Integration by Vegas (iteration       9) ************
#                                                               *
#  integral  =  2576.2282       accum. integral =  2576.8684    *
#  std. dev. =  1.3599406       accum. std. dev = 0.84713650    *
#   min/max. wt. =    0.00000            0.112817               *
#                                                               *
#*************   chi**2/iteration = 0.9286       ****************


#********** Integration by Vegas (iteration      10) ************
#                                                               *
#  integral  =  2577.8132       accum. integral =  2577.1505    *
#  std. dev. =  1.3131015       accum. std. dev = 0.71031498    *
#   min/max. wt. =    0.00000            0.150522               *
#                                                               *
#*************   chi**2/iteration = 0.8648       ****************


#********** Integration by Vegas (iteration      11) ************
#                                                               *
#  integral  =  2577.9478       accum. integral =  2577.3027    *
#  std. dev. =  1.4769275       accum. std. dev = 0.63950480    *
#   min/max. wt. =    0.00000            0.606016               *
#                                                               *
#*************   chi**2/iteration = 0.8009       ****************


#********** Integration by Vegas (iteration      12) ************
#                                                               *
#  integral  =  2577.6746       accum. integral =  2577.3664    *
#  std. dev. =  1.4189610       accum. std. dev = 0.58257786    *
#   min/max. wt. =    0.00000            0.136716               *
#                                                               *
#*************   chi**2/iteration = 0.7323       ****************


#********** Integration by Vegas (iteration      13) ************
#                                                               *
#  integral  =  2575.2209       accum. integral =  2577.0170    *
#  std. dev. =  1.3304354       accum. std. dev = 0.53332963    *
#   min/max. wt. =    0.00000            0.143737               *
#                                                               *
#*************   chi**2/iteration = 0.8543       ****************


#********** Integration by Vegas (iteration      14) ************
#                                                               *
#  integral  =  2576.3774       accum. integral =  2576.9238    *
#  std. dev. =  1.3007396       accum. std. dev = 0.49320311    *
#   min/max. wt. =    0.00000            0.704410E-01           *
#                                                               *
#*************   chi**2/iteration = 0.8039       ****************


#********** Integration by Vegas (iteration      15) ************
#                                                               *
#  integral  =  2577.0550       accum. integral =  2576.9399    *
#  std. dev. =  1.3268630       accum. std. dev = 0.46212336    *
#   min/max. wt. =    0.00000            0.189800               *
#                                                               *
#*************   chi**2/iteration = 0.7464       ****************


  Input parameters for vegas:  ndim=  9   ncall= 80707214.
                              it=    0    itmx=    2
                              acc=-1.00    
                              mds=  1     nd=  50
                              (xl,xu)= (  0.00000     ,  1.00000     )
                                       (  0.00000     ,  1.00000     )
                                       (  0.00000     ,  1.00000     )
                                       (  0.00000     ,  1.00000     )
                                       (  0.00000     ,  1.00000     )
                                       (  0.00000     ,  1.00000     )
                                       (  0.00000     ,  1.00000     )
                                       (  0.00000     ,  1.00000     )
                                       (  0.00000     ,  1.00000     )

#********** Integration by Vegas (iteration       1) ************
#                                                               *
#  integral  =  2577.7995       accum. integral =  2577.7995    *
#  std. dev. =  1.2907254       accum. std. dev =  1.2907254    *
#   min/max. wt. =    0.00000            0.125671               *
#                                                               *
#*************   chi**2/iteration =  0.000       ****************


#********** Integration by Vegas (iteration       2) ************
#                                                               *
#  integral  =  2577.6740       accum. integral =  2577.7374    *
#  std. dev. =  1.3035277       accum. std. dev = 0.91717323    *
#   min/max. wt. =    0.00000            0.114359               *
#                                                               *
#*************   chi**2/iteration = 0.4678E-02   ****************

 Done
