SLURM job running in:  /scratch/groups/lhc/park/JHUGen/JHUGenerator
LHAPDF 6.1.5 loading /work-zfs/lhc/cms/slc6_amd64_gcc493/external/lhapdf/6.1.5-kpegke3/share/LHAPDF/NNPDF30_lo_as_0130/NNPDF30_lo_as_0130_0000.dat
NNPDF30_lo_as_0130 PDF set, member #0, version 2; LHAPDF ID = 263000
 
                                                                                          
   ***************************************************************************************
   *                                JHU Generator v6.9.3                                 *
   ***************************************************************************************
   *                                                                                     *
   *   Spin and parity determination of single-produced resonances at hadron colliders   *
   *                                                                                     *
   *          I. Anderson, S. Bolognesi, F. Caola, Y. Gao, A. Gritsan, Z. Guo,           *
   *        C. Martin, K. Melnikov, R.Rontsch, H. Roskes, U. Sarica, M. Schulze,         *
   *                   N. Tran, A. Whitbeck, M. Xiao, C. You, Y. Zhou                    *
   *                Phys.Rev. D81 (2010) 075022;  arXiv:1001.3396 [hep-ph],              *
   *                Phys.Rev. D86 (2012) 095031;  arXiv:1208.4018 [hep-ph],              *
   *                Phys.Rev. D89 (2014) 035007;  arXiv:1309.4819 [hep-ph].              *
   *                                                                                     *
   ***************************************************************************************
                                                                                          
   
   Command line: ./JHUGen Unweighted=0 VegasNc0=99999999 VegasNc1=99999999 VegasNc2=99999999 LHAPDF=NNPDF30_lo_as_0130/NNPDF30_lo_as_0130.info MReso=336 Process=61 ghg2=1,0
   
   Input Parameter:
    Collider: P-P, sqrt(s)=13000.00
    Resonance: spin=0, mass= 336.00 width=   0.00407
    Jet cuts:
            pT >=    15.00 GeV
        DeltaR >=     0.30
           mJJ >=     0.00 GeV
    Random seed:   574080087
    To reproduce results using this seed, JHUGen should be compiled with the same compiler:
      GNU Fortran (GCC) 4.9.3
    
    WidthScheme:   2
    LHAPDF set NNPDF30_lo_as_0130/NNPDF30_lo_as_0130.info, member=  0
    Unweighted: F
    
    spin-0-VV couplings: 
      generate_as=F
      ghg2=  0.10000000E+01  0.00000000E+00i
      ghg3=  0.00000000E+00  0.00000000E+00i
      ghg4=  0.00000000E+00  0.00000000E+00i
      ghz1=  0.20000000E+01  0.00000000E+00i
      ghz2=  0.00000000E+00  0.00000000E+00i
      ghz3=  0.00000000E+00  0.00000000E+00i
      ghz4=  0.00000000E+00  0.00000000E+00i
      Lambda=  1000.0
    
    LHE output: ./data/output.lhe
    Histogram output: ./data/output.dat
    Log file: ./data/output.log
    
  Running

  Input parameters for vegas:  ndim=  9   ncall= 80707214.
                              it=    0    itmx=   15
                              acc=-1.00    
                              mds=  1     nd=  50
                              (xl,xu)= (  0.00000     ,  1.00000     )
                                       (  0.00000     ,  1.00000     )
                                       (  0.00000     ,  1.00000     )
                                       (  0.00000     ,  1.00000     )
                                       (  0.00000     ,  1.00000     )
                                       (  0.00000     ,  1.00000     )
                                       (  0.00000     ,  1.00000     )
                                       (  0.00000     ,  1.00000     )
                                       (  0.00000     ,  1.00000     )

#********** Integration by Vegas (iteration       1) ************
#                                                               *
#  integral  =  1998.3397       accum. integral =  1998.3397    *
#  std. dev. =  80.864220       accum. std. dev =  80.864220    *
#   min/max. wt. =    0.00000             43.8727               *
#                                                               *
#*************   chi**2/iteration =  0.000       ****************


#********** Integration by Vegas (iteration       2) ************
#                                                               *
#  integral  =  2382.1024       accum. integral =  2348.6917    *
#  std. dev. =  29.767245       accum. std. dev =  26.251088    *
#   min/max. wt. =    0.00000             24.7933               *
#                                                               *
#*************   chi**2/iteration =  16.97       ****************


#********** Integration by Vegas (iteration       3) ************
#                                                               *
#  integral  =  2399.0222       accum. integral =  2394.3837    *
#  std. dev. =  9.1264712       accum. std. dev =  8.2186020    *
#   min/max. wt. =    0.00000             4.99915               *
#                                                               *
#*************   chi**2/iteration =  9.550       ****************


#********** Integration by Vegas (iteration       4) ************
#                                                               *
#  integral  =  2419.6435       accum. integral =  2413.7481    *
#  std. dev. =  4.8392807       accum. std. dev =  4.0387688    *
#   min/max. wt. =    0.00000             2.41780               *
#                                                               *
#*************   chi**2/iteration =  8.486       ****************


#********** Integration by Vegas (iteration       5) ************
#                                                               *
#  integral  =  2416.4744       accum. integral =  2415.7592    *
#  std. dev. =  2.5233823       accum. std. dev =  2.0886742    *
#   min/max. wt. =    0.00000            0.628066               *
#                                                               *
#*************   chi**2/iteration =  6.326       ****************


#********** Integration by Vegas (iteration       6) ************
#                                                               *
#  integral  =  2419.0351       accum. integral =  2417.7694    *
#  std. dev. =  1.7215715       accum. std. dev =  1.3068093    *
#   min/max. wt. =    0.00000            0.427852               *
#                                                               *
#*************   chi**2/iteration =  5.293       ****************


#********** Integration by Vegas (iteration       7) ************
#                                                               *
#  integral  =  2418.9037       accum. integral =  2418.2895    *
#  std. dev. =  1.4653245       accum. std. dev = 0.96602981    *
#   min/max. wt. =    0.00000            0.350501               *
#                                                               *
#*************   chi**2/iteration =  4.427       ****************


#********** Integration by Vegas (iteration       8) ************
#                                                               *
#  integral  =  2415.6502       accum. integral =  2417.3500    *
#  std. dev. =  1.3328433       accum. std. dev = 0.77777131    *
#   min/max. wt. =    0.00000            0.108852               *
#                                                               *
#*************   chi**2/iteration =  4.148       ****************


#********** Integration by Vegas (iteration       9) ************
#                                                               *
#  integral  =  2419.6973       accum. integral =  2417.9713    *
#  std. dev. =  1.3276223       accum. std. dev = 0.66874499    *
#   min/max. wt. =    0.00000            0.261211               *
#                                                               *
#*************   chi**2/iteration =  3.909       ****************


#********** Integration by Vegas (iteration      10) ************
#                                                               *
#  integral  =  2417.2609       accum. integral =  2417.8201    *
#  std. dev. =  1.3124873       accum. std. dev = 0.59456520    *
#   min/max. wt. =    0.00000            0.265491               *
#                                                               *
#*************   chi**2/iteration =  3.487       ****************


#********** Integration by Vegas (iteration      11) ************
#                                                               *
#  integral  =  2418.9795       accum. integral =  2417.9840    *
#  std. dev. =  1.4931596       accum. std. dev = 0.55189914    *
#   min/max. wt. =    0.00000            0.633659               *
#                                                               *
#*************   chi**2/iteration =  3.181       ****************


#********** Integration by Vegas (iteration      12) ************
#                                                               *
#  integral  =  2417.0562       accum. integral =  2417.8605    *
#  std. dev. =  1.4315192       accum. std. dev = 0.51456292    *
#   min/max. wt. =    0.00000            0.262160               *
#                                                               *
#*************   chi**2/iteration =  2.918       ****************


#********** Integration by Vegas (iteration      13) ************
#                                                               *
#  integral  =  2419.8432       accum. integral =  2418.1391    *
#  std. dev. =  1.2932655       accum. std. dev = 0.47764431    *
#   min/max. wt. =    0.00000            0.254841               *
#                                                               *
#*************   chi**2/iteration =  2.842       ****************


#********** Integration by Vegas (iteration      14) ************
#                                                               *
#  integral  =  2418.5985       accum. integral =  2418.1940    *
#  std. dev. =  1.3148051       accum. std. dev = 0.44864517    *
#   min/max. wt. =    0.00000            0.444626               *
#                                                               *
#*************   chi**2/iteration =  2.626       ****************


#********** Integration by Vegas (iteration      15) ************
#                                                               *
#  integral  =  2418.9115       accum. integral =  2418.2759    *
#  std. dev. =  1.2664828       accum. std. dev = 0.42263826    *
#   min/max. wt. =    0.00000            0.168434               *
#                                                               *
#*************   chi**2/iteration =  2.455       ****************


  Input parameters for vegas:  ndim=  9   ncall= 80707214.
                              it=    0    itmx=    2
                              acc=-1.00    
                              mds=  1     nd=  50
                              (xl,xu)= (  0.00000     ,  1.00000     )
                                       (  0.00000     ,  1.00000     )
                                       (  0.00000     ,  1.00000     )
                                       (  0.00000     ,  1.00000     )
                                       (  0.00000     ,  1.00000     )
                                       (  0.00000     ,  1.00000     )
                                       (  0.00000     ,  1.00000     )
                                       (  0.00000     ,  1.00000     )
                                       (  0.00000     ,  1.00000     )

#********** Integration by Vegas (iteration       1) ************
#                                                               *
#  integral  =  2416.6926       accum. integral =  2416.6926    *
#  std. dev. =  1.2180653       accum. std. dev =  1.2180653    *
#   min/max. wt. =    0.00000            0.623857E-01           *
#                                                               *
#*************   chi**2/iteration =  0.000       ****************


#********** Integration by Vegas (iteration       2) ************
#                                                               *
#  integral  =  2420.2559       accum. integral =  2418.4294    *
#  std. dev. =  1.2509328       accum. std. dev = 0.87270776    *
#   min/max. wt. =    0.00000            0.219255               *
#                                                               *
#*************   chi**2/iteration =  4.161       ****************

 Done
