SLURM job running in:  /scratch/groups/lhc/park/JHUGen/JHUGenerator
LHAPDF 6.1.5 loading /work-zfs/lhc/cms/slc6_amd64_gcc493/external/lhapdf/6.1.5-kpegke3/share/LHAPDF/NNPDF30_lo_as_0130/NNPDF30_lo_as_0130_0000.dat
NNPDF30_lo_as_0130 PDF set, member #0, version 2; LHAPDF ID = 263000
 
                                                                                          
   ***************************************************************************************
   *                                JHU Generator v6.9.3                                 *
   ***************************************************************************************
   *                                                                                     *
   *   Spin and parity determination of single-produced resonances at hadron colliders   *
   *                                                                                     *
   *          I. Anderson, S. Bolognesi, F. Caola, Y. Gao, A. Gritsan, Z. Guo,           *
   *        C. Martin, K. Melnikov, R.Rontsch, H. Roskes, U. Sarica, M. Schulze,         *
   *                   N. Tran, A. Whitbeck, M. Xiao, C. You, Y. Zhou                    *
   *                Phys.Rev. D81 (2010) 075022;  arXiv:1001.3396 [hep-ph],              *
   *                Phys.Rev. D86 (2012) 095031;  arXiv:1208.4018 [hep-ph],              *
   *                Phys.Rev. D89 (2014) 035007;  arXiv:1309.4819 [hep-ph].              *
   *                                                                                     *
   ***************************************************************************************
                                                                                          
   
   Command line: ./JHUGen Unweighted=0 VegasNc0=99999999 VegasNc1=99999999 VegasNc2=99999999 LHAPDF=NNPDF30_lo_as_0130/NNPDF30_lo_as_0130.info MReso=362 Process=61 ghg2=1,0
   
   Input Parameter:
    Collider: P-P, sqrt(s)=13000.00
    Resonance: spin=0, mass= 362.00 width=   0.00407
    Jet cuts:
            pT >=    15.00 GeV
        DeltaR >=     0.30
           mJJ >=     0.00 GeV
    Random seed:   250105172
    To reproduce results using this seed, JHUGen should be compiled with the same compiler:
      GNU Fortran (GCC) 4.9.3
    
    WidthScheme:   2
    LHAPDF set NNPDF30_lo_as_0130/NNPDF30_lo_as_0130.info, member=  0
    Unweighted: F
    
    spin-0-VV couplings: 
      generate_as=F
      ghg2=  0.10000000E+01  0.00000000E+00i
      ghg3=  0.00000000E+00  0.00000000E+00i
      ghg4=  0.00000000E+00  0.00000000E+00i
      ghz1=  0.20000000E+01  0.00000000E+00i
      ghz2=  0.00000000E+00  0.00000000E+00i
      ghz3=  0.00000000E+00  0.00000000E+00i
      ghz4=  0.00000000E+00  0.00000000E+00i
      Lambda=  1000.0
    
    LHE output: ./data/output.lhe
    Histogram output: ./data/output.dat
    Log file: ./data/output.log
    
  Running

  Input parameters for vegas:  ndim=  9   ncall= 80707214.
                              it=    0    itmx=   15
                              acc=-1.00    
                              mds=  1     nd=  50
                              (xl,xu)= (  0.00000     ,  1.00000     )
                                       (  0.00000     ,  1.00000     )
                                       (  0.00000     ,  1.00000     )
                                       (  0.00000     ,  1.00000     )
                                       (  0.00000     ,  1.00000     )
                                       (  0.00000     ,  1.00000     )
                                       (  0.00000     ,  1.00000     )
                                       (  0.00000     ,  1.00000     )
                                       (  0.00000     ,  1.00000     )

#********** Integration by Vegas (iteration       1) ************
#                                                               *
#  integral  =  1723.5310       accum. integral =  1723.5310    *
#  std. dev. =  108.54466       accum. std. dev =  108.54466    *
#   min/max. wt. =    0.00000             87.0662               *
#                                                               *
#*************   chi**2/iteration =  0.000       ****************


#********** Integration by Vegas (iteration       2) ************
#                                                               *
#  integral  =  1950.3154       accum. integral =  1947.1564    *
#  std. dev. =  14.598565       accum. std. dev =  13.679686    *
#   min/max. wt. =    0.00000             4.57545               *
#                                                               *
#*************   chi**2/iteration =  3.771       ****************


#********** Integration by Vegas (iteration       3) ************
#                                                               *
#  integral  =  2046.7505       accum. integral =  2018.1076    *
#  std. dev. =  9.6661175       accum. std. dev =  7.6201578    *
#   min/max. wt. =    0.00000             5.24821               *
#                                                               *
#*************   chi**2/iteration =  19.24       ****************


#********** Integration by Vegas (iteration       4) ************
#                                                               *
#  integral  =  2054.8976       accum. integral =  2047.2252    *
#  std. dev. =  4.2046456       accum. std. dev =  3.5468659    *
#   min/max. wt. =    0.00000             1.61021               *
#                                                               *
#*************   chi**2/iteration =  18.27       ****************


#********** Integration by Vegas (iteration       5) ************
#                                                               *
#  integral  =  2059.2796       accum. integral =  2055.4914    *
#  std. dev. =  2.5376286       accum. std. dev =  2.0114461    *
#   min/max. wt. =    0.00000             1.03962               *
#                                                               *
#*************   chi**2/iteration =  15.32       ****************


#********** Integration by Vegas (iteration       6) ************
#                                                               *
#  integral  =  2058.4692       accum. integral =  2057.3627    *
#  std. dev. =  1.6153267       accum. std. dev =  1.2353832    *
#   min/max. wt. =    0.00000            0.437336               *
#                                                               *
#*************   chi**2/iteration =  12.35       ****************


#********** Integration by Vegas (iteration       7) ************
#                                                               *
#  integral  =  2061.3072       accum. integral =  2059.4314    *
#  std. dev. =  1.2210121       accum. std. dev = 0.85661255    *
#   min/max. wt. =    0.00000            0.155684               *
#                                                               *
#*************   chi**2/iteration =  11.06       ****************


#********** Integration by Vegas (iteration       8) ************
#                                                               *
#  integral  =  2059.8657       accum. integral =  2059.5918    *
#  std. dev. =  1.1548745       accum. std. dev = 0.68303688    *
#   min/max. wt. =    0.00000            0.154932               *
#                                                               *
#*************   chi**2/iteration =  9.417       ****************


#********** Integration by Vegas (iteration       9) ************
#                                                               *
#  integral  =  2060.3161       accum. integral =  2059.7896    *
#  std. dev. =  1.1451476       accum. std. dev = 0.58415544    *
#   min/max. wt. =    0.00000            0.305118               *
#                                                               *
#*************   chi**2/iteration =  8.227       ****************


#********** Integration by Vegas (iteration      10) ************
#                                                               *
#  integral  =  2058.8176       accum. integral =  2059.5819    *
#  std. dev. =  1.1472065       accum. std. dev = 0.51924322    *
#   min/max. wt. =    0.00000            0.319011               *
#                                                               *
#*************   chi**2/iteration =  7.343       ****************


#********** Integration by Vegas (iteration      11) ************
#                                                               *
#  integral  =  2059.9912       accum. integral =  2059.6598    *
#  std. dev. =  1.0945892       accum. std. dev = 0.46817968    *
#   min/max. wt. =    0.00000            0.100213               *
#                                                               *
#*************   chi**2/iteration =  6.595       ****************


#********** Integration by Vegas (iteration      12) ************
#                                                               *
#  integral  =  2059.7015       accum. integral =  2059.6668    *
#  std. dev. =  1.0643626       accum. std. dev = 0.42788586    *
#   min/max. wt. =    0.00000            0.122555               *
#                                                               *
#*************   chi**2/iteration =  5.975       ****************


#********** Integration by Vegas (iteration      13) ************
#                                                               *
#  integral  =  2058.3329       accum. integral =  2059.4719    *
#  std. dev. =  1.0523971       accum. std. dev = 0.39592866    *
#   min/max. wt. =    0.00000            0.124399               *
#                                                               *
#*************   chi**2/iteration =  5.581       ****************


#********** Integration by Vegas (iteration      14) ************
#                                                               *
#  integral  =  2060.0792       accum. integral =  2059.5419    *
#  std. dev. =  1.1153820       accum. std. dev = 0.37286349    *
#   min/max. wt. =    0.00000            0.323395               *
#                                                               *
#*************   chi**2/iteration =  5.160       ****************


#********** Integration by Vegas (iteration      15) ************
#                                                               *
#  integral  =  2060.4704       accum. integral =  2059.6430    *
#  std. dev. =  1.0835372       accum. std. dev = 0.35235314    *
#   min/max. wt. =    0.00000            0.840483E-01           *
#                                                               *
#*************   chi**2/iteration =  4.829       ****************


  Input parameters for vegas:  ndim=  9   ncall= 80707214.
                              it=    0    itmx=    2
                              acc=-1.00    
                              mds=  1     nd=  50
                              (xl,xu)= (  0.00000     ,  1.00000     )
                                       (  0.00000     ,  1.00000     )
                                       (  0.00000     ,  1.00000     )
                                       (  0.00000     ,  1.00000     )
                                       (  0.00000     ,  1.00000     )
                                       (  0.00000     ,  1.00000     )
                                       (  0.00000     ,  1.00000     )
                                       (  0.00000     ,  1.00000     )
                                       (  0.00000     ,  1.00000     )

#********** Integration by Vegas (iteration       1) ************
#                                                               *
#  integral  =  2058.3645       accum. integral =  2058.3645    *
#  std. dev. =  1.0958660       accum. std. dev =  1.0958660    *
#   min/max. wt. =    0.00000            0.224052               *
#                                                               *
#*************   chi**2/iteration =  0.000       ****************


#********** Integration by Vegas (iteration       2) ************
#                                                               *
#  integral  =  2059.0783       accum. integral =  2058.7333    *
#  std. dev. =  1.0603408       accum. std. dev = 0.76201950    *
#   min/max. wt. =    0.00000            0.708274E-01           *
#                                                               *
#*************   chi**2/iteration = 0.2189       ****************

 Done
