SLURM job running in:  /scratch/groups/lhc/park/JHUGen/JHUGenerator
LHAPDF 6.1.5 loading /work-zfs/lhc/cms/slc6_amd64_gcc493/external/lhapdf/6.1.5-kpegke3/share/LHAPDF/NNPDF30_lo_as_0130/NNPDF30_lo_as_0130_0000.dat
NNPDF30_lo_as_0130 PDF set, member #0, version 2; LHAPDF ID = 263000
 
                                                                                          
   ***************************************************************************************
   *                                JHU Generator v6.9.3                                 *
   ***************************************************************************************
   *                                                                                     *
   *   Spin and parity determination of single-produced resonances at hadron colliders   *
   *                                                                                     *
   *          I. Anderson, S. Bolognesi, F. Caola, Y. Gao, A. Gritsan, Z. Guo,           *
   *        C. Martin, K. Melnikov, R.Rontsch, H. Roskes, U. Sarica, M. Schulze,         *
   *                   N. Tran, A. Whitbeck, M. Xiao, C. You, Y. Zhou                    *
   *                Phys.Rev. D81 (2010) 075022;  arXiv:1001.3396 [hep-ph],              *
   *                Phys.Rev. D86 (2012) 095031;  arXiv:1208.4018 [hep-ph],              *
   *                Phys.Rev. D89 (2014) 035007;  arXiv:1309.4819 [hep-ph].              *
   *                                                                                     *
   ***************************************************************************************
                                                                                          
   
   Command line: ./JHUGen Unweighted=0 VegasNc0=99999999 VegasNc1=99999999 VegasNc2=99999999 LHAPDF=NNPDF30_lo_as_0130/NNPDF30_lo_as_0130.info MReso=370 Process=61 ghg2=1,0
   
   Input Parameter:
    Collider: P-P, sqrt(s)=13000.00
    Resonance: spin=0, mass= 370.00 width=   0.00407
    Jet cuts:
            pT >=    15.00 GeV
        DeltaR >=     0.30
           mJJ >=     0.00 GeV
    Random seed:   254368392
    To reproduce results using this seed, JHUGen should be compiled with the same compiler:
      GNU Fortran (GCC) 4.9.3
    
    WidthScheme:   2
    LHAPDF set NNPDF30_lo_as_0130/NNPDF30_lo_as_0130.info, member=  0
    Unweighted: F
    
    spin-0-VV couplings: 
      generate_as=F
      ghg2=  0.10000000E+01  0.00000000E+00i
      ghg3=  0.00000000E+00  0.00000000E+00i
      ghg4=  0.00000000E+00  0.00000000E+00i
      ghz1=  0.20000000E+01  0.00000000E+00i
      ghz2=  0.00000000E+00  0.00000000E+00i
      ghz3=  0.00000000E+00  0.00000000E+00i
      ghz4=  0.00000000E+00  0.00000000E+00i
      Lambda=  1000.0
    
    LHE output: ./data/output.lhe
    Histogram output: ./data/output.dat
    Log file: ./data/output.log
    
  Running

  Input parameters for vegas:  ndim=  9   ncall= 80707214.
                              it=    0    itmx=   15
                              acc=-1.00    
                              mds=  1     nd=  50
                              (xl,xu)= (  0.00000     ,  1.00000     )
                                       (  0.00000     ,  1.00000     )
                                       (  0.00000     ,  1.00000     )
                                       (  0.00000     ,  1.00000     )
                                       (  0.00000     ,  1.00000     )
                                       (  0.00000     ,  1.00000     )
                                       (  0.00000     ,  1.00000     )
                                       (  0.00000     ,  1.00000     )
                                       (  0.00000     ,  1.00000     )

#********** Integration by Vegas (iteration       1) ************
#                                                               *
#  integral  =  1915.8817       accum. integral =  1915.8817    *
#  std. dev. =  146.76350       accum. std. dev =  146.76350    *
#   min/max. wt. =    0.00000             114.770               *
#                                                               *
#*************   chi**2/iteration = 0.4324E-10   ****************


#********** Integration by Vegas (iteration       2) ************
#                                                               *
#  integral  =  2030.2503       accum. integral =  2017.7366    *
#  std. dev. =  54.513240       accum. std. dev =  50.016555    *
#   min/max. wt. =    0.00000             38.9446               *
#                                                               *
#*************   chi**2/iteration = 0.5090       ****************


#********** Integration by Vegas (iteration       3) ************
#                                                               *
#  integral  =  1978.0715       accum. integral =  1981.1502    *
#  std. dev. =  14.539771       accum. std. dev =  13.944449    *
#   min/max. wt. =    0.00000             9.29245               *
#                                                               *
#*************   chi**2/iteration = 0.5438       ****************


#********** Integration by Vegas (iteration       4) ************
#                                                               *
#  integral  =  1970.8200       accum. integral =  1972.4009    *
#  std. dev. =  5.9138949       accum. std. dev =  5.4518687    *
#   min/max. wt. =    0.00000             4.05117               *
#                                                               *
#*************   chi**2/iteration = 0.5180       ****************


#********** Integration by Vegas (iteration       5) ************
#                                                               *
#  integral  =  1964.2270       accum. integral =  1965.3897    *
#  std. dev. =  2.2089725       accum. std. dev =  2.0541311    *
#   min/max. wt. =    0.00000            0.308276               *
#                                                               *
#*************   chi**2/iteration = 0.8722       ****************


#********** Integration by Vegas (iteration       6) ************
#                                                               *
#  integral  =  1962.3596       accum. integral =  1963.2299    *
#  std. dev. =  1.2975131       accum. std. dev =  1.0999986    *
#   min/max. wt. =    0.00000            0.278799               *
#                                                               *
#*************   chi**2/iteration =  1.010       ****************


#********** Integration by Vegas (iteration       7) ************
#                                                               *
#  integral  =  1961.8091       accum. integral =  1962.5727    *
#  std. dev. =  1.1804098       accum. std. dev = 0.80589434    *
#   min/max. wt. =    0.00000            0.328027               *
#                                                               *
#*************   chi**2/iteration = 0.9712       ****************


#********** Integration by Vegas (iteration       8) ************
#                                                               *
#  integral  =  1964.1769       accum. integral =  1963.1446    *
#  std. dev. =  1.0799266       accum. std. dev = 0.64626795    *
#   min/max. wt. =    0.00000            0.890641E-01           *
#                                                               *
#*************   chi**2/iteration =  1.035       ****************


#********** Integration by Vegas (iteration       9) ************
#                                                               *
#  integral  =  1962.2217       accum. integral =  1962.9199    *
#  std. dev. =  1.1354281       accum. std. dev = 0.56190539    *
#   min/max. wt. =    0.00000            0.367913               *
#                                                               *
#*************   chi**2/iteration = 0.9683       ****************


#********** Integration by Vegas (iteration      10) ************
#                                                               *
#  integral  =  1963.6837       accum. integral =  1963.0838    *
#  std. dev. =  1.0726316       accum. std. dev = 0.49786826    *
#   min/max. wt. =    0.00000            0.512387E-01           *
#                                                               *
#*************   chi**2/iteration = 0.9052       ****************


#********** Integration by Vegas (iteration      11) ************
#                                                               *
#  integral  =  1961.4278       accum. integral =  1962.7593    *
#  std. dev. =  1.0054465       accum. std. dev = 0.44631181    *
#   min/max. wt. =    0.00000            0.753607E-01           *
#                                                               *
#*************   chi**2/iteration =  1.032       ****************


#********** Integration by Vegas (iteration      12) ************
#                                                               *
#  integral  =  1962.8210       accum. integral =  1962.7692    *
#  std. dev. =  1.0178597       accum. std. dev = 0.40881167    *
#   min/max. wt. =    0.00000            0.894317E-01           *
#                                                               *
#*************   chi**2/iteration = 0.9388       ****************


#********** Integration by Vegas (iteration      13) ************
#                                                               *
#  integral  =  1962.8956       accum. integral =  1962.7876    *
#  std. dev. = 0.99040371       accum. std. dev = 0.37793413    *
#   min/max. wt. =    0.00000            0.888758E-01           *
#                                                               *
#*************   chi**2/iteration = 0.8620       ****************


#********** Integration by Vegas (iteration      14) ************
#                                                               *
#  integral  =  1963.2936       accum. integral =  1962.8500    *
#  std. dev. =  1.0055924       accum. std. dev = 0.35380251    *
#   min/max. wt. =    0.00000            0.823550E-01           *
#                                                               *
#*************   chi**2/iteration = 0.8129       ****************


#********** Integration by Vegas (iteration      15) ************
#                                                               *
#  integral  =  1961.8414       accum. integral =  1962.7412    *
#  std. dev. =  1.0151844       accum. std. dev = 0.33412458    *
#   min/max. wt. =    0.00000            0.131165               *
#                                                               *
#*************   chi**2/iteration = 0.8177       ****************


  Input parameters for vegas:  ndim=  9   ncall= 80707214.
                              it=    0    itmx=    2
                              acc=-1.00    
                              mds=  1     nd=  50
                              (xl,xu)= (  0.00000     ,  1.00000     )
                                       (  0.00000     ,  1.00000     )
                                       (  0.00000     ,  1.00000     )
                                       (  0.00000     ,  1.00000     )
                                       (  0.00000     ,  1.00000     )
                                       (  0.00000     ,  1.00000     )
                                       (  0.00000     ,  1.00000     )
                                       (  0.00000     ,  1.00000     )
                                       (  0.00000     ,  1.00000     )

#********** Integration by Vegas (iteration       1) ************
#                                                               *
#  integral  =  1963.3580       accum. integral =  1963.3580    *
#  std. dev. =  1.0270920       accum. std. dev =  1.0270920    *
#   min/max. wt. =    0.00000            0.231327               *
#                                                               *
#*************   chi**2/iteration =  0.000       ****************


#********** Integration by Vegas (iteration       2) ************
#                                                               *
#  integral  =  1961.3642       accum. integral =  1962.3434    *
#  std. dev. =  1.0080164       accum. std. dev = 0.71943151    *
#   min/max. wt. =    0.00000            0.706894E-01           *
#                                                               *
#*************   chi**2/iteration =  1.918       ****************

 Done
