SLURM job running in:  /scratch/groups/lhc/park/JHUGen/JHUGenerator
LHAPDF 6.1.5 loading /work-zfs/lhc/cms/slc6_amd64_gcc493/external/lhapdf/6.1.5-kpegke3/share/LHAPDF/NNPDF30_lo_as_0130/NNPDF30_lo_as_0130_0000.dat
NNPDF30_lo_as_0130 PDF set, member #0, version 2; LHAPDF ID = 263000
 
                                                                                          
   ***************************************************************************************
   *                                JHU Generator v6.9.3                                 *
   ***************************************************************************************
   *                                                                                     *
   *   Spin and parity determination of single-produced resonances at hadron colliders   *
   *                                                                                     *
   *          I. Anderson, S. Bolognesi, F. Caola, Y. Gao, A. Gritsan, Z. Guo,           *
   *        C. Martin, K. Melnikov, R.Rontsch, H. Roskes, U. Sarica, M. Schulze,         *
   *                   N. Tran, A. Whitbeck, M. Xiao, C. You, Y. Zhou                    *
   *                Phys.Rev. D81 (2010) 075022;  arXiv:1001.3396 [hep-ph],              *
   *                Phys.Rev. D86 (2012) 095031;  arXiv:1208.4018 [hep-ph],              *
   *                Phys.Rev. D89 (2014) 035007;  arXiv:1309.4819 [hep-ph].              *
   *                                                                                     *
   ***************************************************************************************
                                                                                          
   
   Command line: ./JHUGen Unweighted=0 VegasNc0=99999999 VegasNc1=99999999 VegasNc2=99999999 LHAPDF=NNPDF30_lo_as_0130/NNPDF30_lo_as_0130.info MReso=378 Process=61 ghg2=1,0
   
   Input Parameter:
    Collider: P-P, sqrt(s)=13000.00
    Resonance: spin=0, mass= 378.00 width=   0.00407
    Jet cuts:
            pT >=    15.00 GeV
        DeltaR >=     0.30
           mJJ >=     0.00 GeV
    Random seed:   222231201
    To reproduce results using this seed, JHUGen should be compiled with the same compiler:
      GNU Fortran (GCC) 4.9.3
    
    WidthScheme:   2
    LHAPDF set NNPDF30_lo_as_0130/NNPDF30_lo_as_0130.info, member=  0
    Unweighted: F
    
    spin-0-VV couplings: 
      generate_as=F
      ghg2=  0.10000000E+01  0.00000000E+00i
      ghg3=  0.00000000E+00  0.00000000E+00i
      ghg4=  0.00000000E+00  0.00000000E+00i
      ghz1=  0.20000000E+01  0.00000000E+00i
      ghz2=  0.00000000E+00  0.00000000E+00i
      ghz3=  0.00000000E+00  0.00000000E+00i
      ghz4=  0.00000000E+00  0.00000000E+00i
      Lambda=  1000.0
    
    LHE output: ./data/output.lhe
    Histogram output: ./data/output.dat
    Log file: ./data/output.log
    
  Running

  Input parameters for vegas:  ndim=  9   ncall= 80707214.
                              it=    0    itmx=   15
                              acc=-1.00    
                              mds=  1     nd=  50
                              (xl,xu)= (  0.00000     ,  1.00000     )
                                       (  0.00000     ,  1.00000     )
                                       (  0.00000     ,  1.00000     )
                                       (  0.00000     ,  1.00000     )
                                       (  0.00000     ,  1.00000     )
                                       (  0.00000     ,  1.00000     )
                                       (  0.00000     ,  1.00000     )
                                       (  0.00000     ,  1.00000     )
                                       (  0.00000     ,  1.00000     )

#********** Integration by Vegas (iteration       1) ************
#                                                               *
#  integral  =  1706.6917       accum. integral =  1706.6917    *
#  std. dev. =  117.72191       accum. std. dev =  117.72191    *
#   min/max. wt. =    0.00000             77.6048               *
#                                                               *
#*************   chi**2/iteration = -.3360E-10   ****************


#********** Integration by Vegas (iteration       2) ************
#                                                               *
#  integral  =  1871.9569       accum. integral =  1855.8805    *
#  std. dev. =  42.386120       accum. std. dev =  38.535142    *
#   min/max. wt. =    0.00000             34.9661               *
#                                                               *
#*************   chi**2/iteration =  1.614       ****************


#********** Integration by Vegas (iteration       3) ************
#                                                               *
#  integral  =  1826.2135       accum. integral =  1827.0980    *
#  std. dev. =  6.8869921       accum. std. dev =  6.6972069    *
#   min/max. wt. =    0.00000             2.49113               *
#                                                               *
#*************   chi**2/iteration =  1.080       ****************


#********** Integration by Vegas (iteration       4) ************
#                                                               *
#  integral  =  1871.4873       accum. integral =  1859.8058    *
#  std. dev. =  4.1544829       accum. std. dev =  3.4687163    *
#   min/max. wt. =    0.00000             2.82322               *
#                                                               *
#*************   chi**2/iteration =  11.29       ****************


#********** Integration by Vegas (iteration       5) ************
#                                                               *
#  integral  =  1873.7330       accum. integral =  1869.4288    *
#  std. dev. =  2.3878835       accum. std. dev =  1.9397758    *
#   min/max. wt. =    0.00000            0.620240               *
#                                                               *
#*************   chi**2/iteration =  11.12       ****************


#********** Integration by Vegas (iteration       6) ************
#                                                               *
#  integral  =  1871.6673       accum. integral =  1870.9599    *
#  std. dev. =  1.3477362       accum. std. dev =  1.0945362    *
#   min/max. wt. =    0.00000            0.239800               *
#                                                               *
#*************   chi**2/iteration =  9.010       ****************


#********** Integration by Vegas (iteration       7) ************
#                                                               *
#  integral  =  1872.8522       accum. integral =  1871.8687    *
#  std. dev. =  1.1602275       accum. std. dev = 0.79123300    *
#   min/max. wt. =    0.00000            0.326088               *
#                                                               *
#*************   chi**2/iteration =  7.706       ****************


#********** Integration by Vegas (iteration       8) ************
#                                                               *
#  integral  =  1872.6410       accum. integral =  1872.1534    *
#  std. dev. =  1.0519563       accum. std. dev = 0.62993157    *
#   min/max. wt. =    0.00000            0.144335               *
#                                                               *
#*************   chi**2/iteration =  6.628       ****************


#********** Integration by Vegas (iteration       9) ************
#                                                               *
#  integral  =  1871.1060       accum. integral =  1871.8530    *
#  std. dev. =  1.0064825       accum. std. dev = 0.53276933    *
#   min/max. wt. =    0.00000            0.139763               *
#                                                               *
#*************   chi**2/iteration =  5.882       ****************


#********** Integration by Vegas (iteration      10) ************
#                                                               *
#  integral  =  1872.8387       accum. integral =  1872.0710    *
#  std. dev. =  1.0125779       accum. std. dev = 0.47079142    *
#   min/max. wt. =    0.00000            0.174781               *
#                                                               *
#*************   chi**2/iteration =  5.299       ****************


#********** Integration by Vegas (iteration      11) ************
#                                                               *
#  integral  =  1873.0126       accum. integral =  1872.2441    *
#  std. dev. =  1.0032263       accum. std. dev = 0.42575761    *
#   min/max. wt. =    0.00000            0.250894               *
#                                                               *
#*************   chi**2/iteration =  4.832       ****************


#********** Integration by Vegas (iteration      12) ************
#                                                               *
#  integral  =  1872.6731       accum. integral =  1872.3134    *
#  std. dev. = 0.98015071       accum. std. dev = 0.39020557    *
#   min/max. wt. =    0.00000            0.933243E-01           *
#                                                               *
#*************   chi**2/iteration =  4.400       ****************


#********** Integration by Vegas (iteration      13) ************
#                                                               *
#  integral  =  1873.9935       accum. integral =  1872.5553    *
#  std. dev. = 0.96096725       accum. std. dev = 0.36130127    *
#   min/max. wt. =    0.00000            0.623888E-01           *
#                                                               *
#*************   chi**2/iteration =  4.250       ****************


#********** Integration by Vegas (iteration      14) ************
#                                                               *
#  integral  =  1872.7804       accum. integral =  1872.5826    *
#  std. dev. = 0.98049883       accum. std. dev = 0.33887621    *
#   min/max. wt. =    0.00000            0.162846               *
#                                                               *
#*************   chi**2/iteration =  3.922       ****************


#********** Integration by Vegas (iteration      15) ************
#                                                               *
#  integral  =  1872.0900       accum. integral =  1872.5269    *
#  std. dev. = 0.95643584       accum. std. dev = 0.31930976    *
#   min/max. wt. =    0.00000            0.104261               *
#                                                               *
#*************   chi**2/iteration =  3.655       ****************


  Input parameters for vegas:  ndim=  9   ncall= 80707214.
                              it=    0    itmx=    2
                              acc=-1.00    
                              mds=  1     nd=  50
                              (xl,xu)= (  0.00000     ,  1.00000     )
                                       (  0.00000     ,  1.00000     )
                                       (  0.00000     ,  1.00000     )
                                       (  0.00000     ,  1.00000     )
                                       (  0.00000     ,  1.00000     )
                                       (  0.00000     ,  1.00000     )
                                       (  0.00000     ,  1.00000     )
                                       (  0.00000     ,  1.00000     )
                                       (  0.00000     ,  1.00000     )

#********** Integration by Vegas (iteration       1) ************
#                                                               *
#  integral  =  1872.3747       accum. integral =  1872.3747    *
#  std. dev. = 0.96860618       accum. std. dev = 0.96860618    *
#   min/max. wt. =    0.00000            0.800914E-01           *
#                                                               *
#*************   chi**2/iteration = 0.9927E-06   ****************


#********** Integration by Vegas (iteration       2) ************
#                                                               *
#  integral  =  1873.7539       accum. integral =  1873.0112    *
#  std. dev. =  1.0470781       accum. std. dev = 0.71105366    *
#   min/max. wt. =    0.00000            0.347220               *
#                                                               *
#*************   chi**2/iteration = 0.9341       ****************

 Done
