SLURM job running in:  /scratch/groups/lhc/park/JHUGen/JHUGenerator
LHAPDF 6.1.5 loading /work-zfs/lhc/cms/slc6_amd64_gcc493/external/lhapdf/6.1.5-kpegke3/share/LHAPDF/NNPDF30_lo_as_0130/NNPDF30_lo_as_0130_0000.dat
NNPDF30_lo_as_0130 PDF set, member #0, version 2; LHAPDF ID = 263000
 
                                                                                          
   ***************************************************************************************
   *                                JHU Generator v6.9.3                                 *
   ***************************************************************************************
   *                                                                                     *
   *   Spin and parity determination of single-produced resonances at hadron colliders   *
   *                                                                                     *
   *          I. Anderson, S. Bolognesi, F. Caola, Y. Gao, A. Gritsan, Z. Guo,           *
   *        C. Martin, K. Melnikov, R.Rontsch, H. Roskes, U. Sarica, M. Schulze,         *
   *                   N. Tran, A. Whitbeck, M. Xiao, C. You, Y. Zhou                    *
   *                Phys.Rev. D81 (2010) 075022;  arXiv:1001.3396 [hep-ph],              *
   *                Phys.Rev. D86 (2012) 095031;  arXiv:1208.4018 [hep-ph],              *
   *                Phys.Rev. D89 (2014) 035007;  arXiv:1309.4819 [hep-ph].              *
   *                                                                                     *
   ***************************************************************************************
                                                                                          
   
   Command line: ./JHUGen Unweighted=0 VegasNc0=99999999 VegasNc1=99999999 VegasNc2=99999999 LHAPDF=NNPDF30_lo_as_0130/NNPDF30_lo_as_0130.info MReso=380 Process=61 ghg2=1,0
   
   Input Parameter:
    Collider: P-P, sqrt(s)=13000.00
    Resonance: spin=0, mass= 380.00 width=   0.00407
    Jet cuts:
            pT >=    15.00 GeV
        DeltaR >=     0.30
           mJJ >=     0.00 GeV
    Random seed:   521129177
    To reproduce results using this seed, JHUGen should be compiled with the same compiler:
      GNU Fortran (GCC) 4.9.3
    
    WidthScheme:   2
    LHAPDF set NNPDF30_lo_as_0130/NNPDF30_lo_as_0130.info, member=  0
    Unweighted: F
    
    spin-0-VV couplings: 
      generate_as=F
      ghg2=  0.10000000E+01  0.00000000E+00i
      ghg3=  0.00000000E+00  0.00000000E+00i
      ghg4=  0.00000000E+00  0.00000000E+00i
      ghz1=  0.20000000E+01  0.00000000E+00i
      ghz2=  0.00000000E+00  0.00000000E+00i
      ghz3=  0.00000000E+00  0.00000000E+00i
      ghz4=  0.00000000E+00  0.00000000E+00i
      Lambda=  1000.0
    
    LHE output: ./data/output.lhe
    Histogram output: ./data/output.dat
    Log file: ./data/output.log
    
  Running

  Input parameters for vegas:  ndim=  9   ncall= 80707214.
                              it=    0    itmx=   15
                              acc=-1.00    
                              mds=  1     nd=  50
                              (xl,xu)= (  0.00000     ,  1.00000     )
                                       (  0.00000     ,  1.00000     )
                                       (  0.00000     ,  1.00000     )
                                       (  0.00000     ,  1.00000     )
                                       (  0.00000     ,  1.00000     )
                                       (  0.00000     ,  1.00000     )
                                       (  0.00000     ,  1.00000     )
                                       (  0.00000     ,  1.00000     )
                                       (  0.00000     ,  1.00000     )

#********** Integration by Vegas (iteration       1) ************
#                                                               *
#  integral  =  1980.7373       accum. integral =  1980.7373    *
#  std. dev. =  258.93749       accum. std. dev =  258.93749    *
#   min/max. wt. =    0.00000             214.841               *
#                                                               *
#*************   chi**2/iteration =  0.000       ****************


#********** Integration by Vegas (iteration       2) ************
#                                                               *
#  integral  =  1879.4396       accum. integral =  1881.0964    *
#  std. dev. =  31.681819       accum. std. dev =  32.279552    *
#   min/max. wt. =    0.00000             19.6050               *
#                                                               *
#*************   chi**2/iteration = 0.1583       ****************


#********** Integration by Vegas (iteration       3) ************
#                                                               *
#  integral  =  1850.5782       accum. integral =  1853.1519    *
#  std. dev. =  9.3895128       accum. std. dev =  9.2461913    *
#   min/max. wt. =    0.00000             4.78067               *
#                                                               *
#*************   chi**2/iteration = 0.5018       ****************


#********** Integration by Vegas (iteration       4) ************
#                                                               *
#  integral  =  1848.6732       accum. integral =  1849.3176    *
#  std. dev. =  3.6795869       accum. std. dev =  3.4818597    *
#   min/max. wt. =    0.00000            0.727298               *
#                                                               *
#*************   chi**2/iteration = 0.4074       ****************


#********** Integration by Vegas (iteration       5) ************
#                                                               *
#  integral  =  1853.7900       accum. integral =  1851.2722    *
#  std. dev. =  3.8748350       accum. std. dev =  2.6023847    *
#   min/max. wt. =    0.00000             2.78758               *
#                                                               *
#*************   chi**2/iteration = 0.4896       ****************


#********** Integration by Vegas (iteration       6) ************
#                                                               *
#  integral  =  1850.4070       accum. integral =  1850.8688    *
#  std. dev. =  2.7356786       accum. std. dev =  1.8957381    *
#   min/max. wt. =    0.00000            0.220265               *
#                                                               *
#*************   chi**2/iteration = 0.4043       ****************


#********** Integration by Vegas (iteration       7) ************
#                                                               *
#  integral  =  1848.8627       accum. integral =  1849.4366    *
#  std. dev. =  1.1815845       accum. std. dev =  1.0117876    *
#   min/max. wt. =    0.00000            0.861854E-01           *
#                                                               *
#*************   chi**2/iteration = 0.4722       ****************


#********** Integration by Vegas (iteration       8) ************
#                                                               *
#  integral  =  1851.5156       accum. integral =  1850.4552    *
#  std. dev. =  1.0200763       accum. std. dev = 0.72152829    *
#   min/max. wt. =    0.00000            0.117511               *
#                                                               *
#*************   chi**2/iteration = 0.7023       ****************


#********** Integration by Vegas (iteration       9) ************
#                                                               *
#  integral  =  1850.2032       accum. integral =  1850.3779    *
#  std. dev. =  1.0722055       accum. std. dev = 0.59994366    *
#   min/max. wt. =    0.00000            0.203815               *
#                                                               *
#*************   chi**2/iteration = 0.6207       ****************


#********** Integration by Vegas (iteration      10) ************
#                                                               *
#  integral  =  1850.3817       accum. integral =  1850.3789    *
#  std. dev. =  1.0058760       accum. std. dev = 0.51607451    *
#   min/max. wt. =    0.00000            0.106042               *
#                                                               *
#*************   chi**2/iteration = 0.5529       ****************


#********** Integration by Vegas (iteration      11) ************
#                                                               *
#  integral  =  1850.7735       accum. integral =  1850.4636    *
#  std. dev. = 0.97823001       accum. std. dev = 0.45694802    *
#   min/max. wt. =    0.00000            0.152136               *
#                                                               *
#*************   chi**2/iteration = 0.5109       ****************


#********** Integration by Vegas (iteration      12) ************
#                                                               *
#  integral  =  1851.4674       accum. integral =  1850.6447    *
#  std. dev. = 0.96656636       accum. std. dev = 0.41341609    *
#   min/max. wt. =    0.00000            0.112064               *
#                                                               *
#*************   chi**2/iteration = 0.5443       ****************


#********** Integration by Vegas (iteration      13) ************
#                                                               *
#  integral  =  1851.7195       accum. integral =  1850.7455    *
#  std. dev. =  1.2764440       accum. std. dev = 0.39334947    *
#   min/max. wt. =    0.00000            0.845316               *
#                                                               *
#*************   chi**2/iteration = 0.5523       ****************


#********** Integration by Vegas (iteration      14) ************
#                                                               *
#  integral  =  1848.5210       accum. integral =  1850.5469    *
#  std. dev. =  1.2463366       accum. std. dev = 0.37516797    *
#   min/max. wt. =    0.00000            0.636444E-01           *
#                                                               *
#*************   chi**2/iteration = 0.7303       ****************


#********** Integration by Vegas (iteration      15) ************
#                                                               *
#  integral  =  1849.7406       accum. integral =  1850.4474    *
#  std. dev. = 0.99299106       accum. std. dev = 0.35109167    *
#   min/max. wt. =    0.00000            0.163526               *
#                                                               *
#*************   chi**2/iteration = 0.7195       ****************


  Input parameters for vegas:  ndim=  9   ncall= 80707214.
                              it=    0    itmx=    2
                              acc=-1.00    
                              mds=  1     nd=  50
                              (xl,xu)= (  0.00000     ,  1.00000     )
                                       (  0.00000     ,  1.00000     )
                                       (  0.00000     ,  1.00000     )
                                       (  0.00000     ,  1.00000     )
                                       (  0.00000     ,  1.00000     )
                                       (  0.00000     ,  1.00000     )
                                       (  0.00000     ,  1.00000     )
                                       (  0.00000     ,  1.00000     )
                                       (  0.00000     ,  1.00000     )

#********** Integration by Vegas (iteration       1) ************
#                                                               *
#  integral  =  1849.8593       accum. integral =  1849.8593    *
#  std. dev. = 0.95934469       accum. std. dev = 0.95934469    *
#   min/max. wt. =    0.00000            0.102156               *
#                                                               *
#*************   chi**2/iteration = 0.5060E-06   ****************


#********** Integration by Vegas (iteration       2) ************
#                                                               *
#  integral  =  1851.3086       accum. integral =  1850.5723    *
#  std. dev. = 0.97566446       accum. std. dev = 0.68406057    *
#   min/max. wt. =    0.00000            0.128206               *
#                                                               *
#*************   chi**2/iteration =  1.121       ****************

 Done
