SLURM job running in:  /scratch/groups/lhc/park/JHUGen/JHUGenerator
LHAPDF 6.1.5 loading /work-zfs/lhc/cms/slc6_amd64_gcc493/external/lhapdf/6.1.5-kpegke3/share/LHAPDF/NNPDF30_lo_as_0130/NNPDF30_lo_as_0130_0000.dat
NNPDF30_lo_as_0130 PDF set, member #0, version 2; LHAPDF ID = 263000
 
                                                                                          
   ***************************************************************************************
   *                                JHU Generator v6.9.3                                 *
   ***************************************************************************************
   *                                                                                     *
   *   Spin and parity determination of single-produced resonances at hadron colliders   *
   *                                                                                     *
   *          I. Anderson, S. Bolognesi, F. Caola, Y. Gao, A. Gritsan, Z. Guo,           *
   *        C. Martin, K. Melnikov, R.Rontsch, H. Roskes, U. Sarica, M. Schulze,         *
   *                   N. Tran, A. Whitbeck, M. Xiao, C. You, Y. Zhou                    *
   *                Phys.Rev. D81 (2010) 075022;  arXiv:1001.3396 [hep-ph],              *
   *                Phys.Rev. D86 (2012) 095031;  arXiv:1208.4018 [hep-ph],              *
   *                Phys.Rev. D89 (2014) 035007;  arXiv:1309.4819 [hep-ph].              *
   *                                                                                     *
   ***************************************************************************************
                                                                                          
   
   Command line: ./JHUGen Unweighted=0 VegasNc0=99999999 VegasNc1=99999999 VegasNc2=99999999 LHAPDF=NNPDF30_lo_as_0130/NNPDF30_lo_as_0130.info MReso=390 Process=61 ghg2=1,0
   
   Input Parameter:
    Collider: P-P, sqrt(s)=13000.00
    Resonance: spin=0, mass= 390.00 width=   0.00407
    Jet cuts:
            pT >=    15.00 GeV
        DeltaR >=     0.30
           mJJ >=     0.00 GeV
    Random seed:   182979983
    To reproduce results using this seed, JHUGen should be compiled with the same compiler:
      GNU Fortran (GCC) 4.9.3
    
    WidthScheme:   2
    LHAPDF set NNPDF30_lo_as_0130/NNPDF30_lo_as_0130.info, member=  0
    Unweighted: F
    
    spin-0-VV couplings: 
      generate_as=F
      ghg2=  0.10000000E+01  0.00000000E+00i
      ghg3=  0.00000000E+00  0.00000000E+00i
      ghg4=  0.00000000E+00  0.00000000E+00i
      ghz1=  0.20000000E+01  0.00000000E+00i
      ghz2=  0.00000000E+00  0.00000000E+00i
      ghz3=  0.00000000E+00  0.00000000E+00i
      ghz4=  0.00000000E+00  0.00000000E+00i
      Lambda=  1000.0
    
    LHE output: ./data/output.lhe
    Histogram output: ./data/output.dat
    Log file: ./data/output.log
    
  Running

  Input parameters for vegas:  ndim=  9   ncall= 80707214.
                              it=    0    itmx=   15
                              acc=-1.00    
                              mds=  1     nd=  50
                              (xl,xu)= (  0.00000     ,  1.00000     )
                                       (  0.00000     ,  1.00000     )
                                       (  0.00000     ,  1.00000     )
                                       (  0.00000     ,  1.00000     )
                                       (  0.00000     ,  1.00000     )
                                       (  0.00000     ,  1.00000     )
                                       (  0.00000     ,  1.00000     )
                                       (  0.00000     ,  1.00000     )
                                       (  0.00000     ,  1.00000     )

#********** Integration by Vegas (iteration       1) ************
#                                                               *
#  integral  =  1519.2796       accum. integral =  1519.2796    *
#  std. dev. =  96.908684       accum. std. dev =  96.908684    *
#   min/max. wt. =    0.00000             62.3122               *
#                                                               *
#*************   chi**2/iteration =  0.000       ****************


#********** Integration by Vegas (iteration       2) ************
#                                                               *
#  integral  =  1718.6902       accum. integral =  1712.4417    *
#  std. dev. =  19.717309       accum. std. dev =  18.314783    *
#   min/max. wt. =    0.00000             9.56888               *
#                                                               *
#*************   chi**2/iteration =  3.595       ****************


#********** Integration by Vegas (iteration       3) ************
#                                                               *
#  integral  =  1742.3420       accum. integral =  1739.2354    *
#  std. dev. =  6.6987872       accum. std. dev =  6.0529053    *
#   min/max. wt. =    0.00000             3.45710               *
#                                                               *
#*************   chi**2/iteration =  2.846       ****************


#********** Integration by Vegas (iteration       4) ************
#                                                               *
#  integral  =  1741.4348       accum. integral =  1741.0786    *
#  std. dev. =  2.7861347       accum. std. dev =  2.4650396    *
#   min/max. wt. =    0.00000            0.681585               *
#                                                               *
#*************   chi**2/iteration =  1.889       ****************


#********** Integration by Vegas (iteration       5) ************
#                                                               *
#  integral  =  1743.1690       accum. integral =  1742.6391    *
#  std. dev. =  1.4878125       accum. std. dev =  1.2501214    *
#   min/max. wt. =    0.00000            0.256491               *
#                                                               *
#*************   chi**2/iteration =  1.529       ****************


#********** Integration by Vegas (iteration       6) ************
#                                                               *
#  integral  =  1747.4627       accum. integral =  1744.9183    *
#  std. dev. =  1.3615286       accum. std. dev = 0.91266102    *
#   min/max. wt. =    0.00000            0.596841               *
#                                                               *
#*************   chi**2/iteration =  2.603       ****************


#********** Integration by Vegas (iteration       7) ************
#                                                               *
#  integral  =  1748.2286       accum. integral =  1746.1837    *
#  std. dev. =  1.1902709       accum. std. dev = 0.72000327    *
#   min/max. wt. =    0.00000            0.242418               *
#                                                               *
#*************   chi**2/iteration =  2.985       ****************


#********** Integration by Vegas (iteration       8) ************
#                                                               *
#  integral  =  1748.4024       accum. integral =  1746.9461    *
#  std. dev. =  1.0172382       accum. std. dev = 0.58496792    *
#   min/max. wt. =    0.00000            0.249233               *
#                                                               *
#*************   chi**2/iteration =  3.007       ****************


#********** Integration by Vegas (iteration       9) ************
#                                                               *
#  integral  =  1746.3326       accum. integral =  1746.7868    *
#  std. dev. =  1.0055355       accum. std. dev = 0.50433022    *
#   min/max. wt. =    0.00000            0.361351               *
#                                                               *
#*************   chi**2/iteration =  2.656       ****************


#********** Integration by Vegas (iteration      10) ************
#                                                               *
#  integral  =  1745.3481       accum. integral =  1746.4679    *
#  std. dev. = 0.95975179       accum. std. dev = 0.44563786    *
#   min/max. wt. =    0.00000            0.512435E-01           *
#                                                               *
#*************   chi**2/iteration =  2.554       ****************


#********** Integration by Vegas (iteration      11) ************
#                                                               *
#  integral  =  1746.4168       accum. integral =  1746.4578    *
#  std. dev. = 0.91073908       accum. std. dev = 0.39969028    *
#   min/max. wt. =    0.00000            0.798518E-01           *
#                                                               *
#*************   chi**2/iteration =  2.293       ****************


#********** Integration by Vegas (iteration      12) ************
#                                                               *
#  integral  =  1745.8580       accum. integral =  1746.3575    *
#  std. dev. = 0.90370688       accum. std. dev = 0.36515626    *
#   min/max. wt. =    0.00000            0.688718E-01           *
#                                                               *
#*************   chi**2/iteration =  2.114       ****************


#********** Integration by Vegas (iteration      13) ************
#                                                               *
#  integral  =  1746.3451       accum. integral =  1746.3558    *
#  std. dev. = 0.90890146       accum. std. dev = 0.33857928    *
#   min/max. wt. =    0.00000            0.868336E-01           *
#                                                               *
#*************   chi**2/iteration =  1.934       ****************


#********** Integration by Vegas (iteration      14) ************
#                                                               *
#  integral  =  1746.0980       accum. integral =  1746.3237    *
#  std. dev. = 0.90711384       accum. std. dev = 0.31702639    *
#   min/max. wt. =    0.00000            0.141306               *
#                                                               *
#*************   chi**2/iteration =  1.788       ****************


#********** Integration by Vegas (iteration      15) ************
#                                                               *
#  integral  =  1748.2524       accum. integral =  1746.5345    *
#  std. dev. = 0.91539745       accum. std. dev = 0.29943071    *
#   min/max. wt. =    0.00000            0.140981               *
#                                                               *
#*************   chi**2/iteration =  1.946       ****************


  Input parameters for vegas:  ndim=  9   ncall= 80707214.
                              it=    0    itmx=    2
                              acc=-1.00    
                              mds=  1     nd=  50
                              (xl,xu)= (  0.00000     ,  1.00000     )
                                       (  0.00000     ,  1.00000     )
                                       (  0.00000     ,  1.00000     )
                                       (  0.00000     ,  1.00000     )
                                       (  0.00000     ,  1.00000     )
                                       (  0.00000     ,  1.00000     )
                                       (  0.00000     ,  1.00000     )
                                       (  0.00000     ,  1.00000     )
                                       (  0.00000     ,  1.00000     )

#********** Integration by Vegas (iteration       1) ************
#                                                               *
#  integral  =  1746.0468       accum. integral =  1746.0468    *
#  std. dev. = 0.91028491       accum. std. dev = 0.91028491    *
#   min/max. wt. =    0.00000            0.889676E-01           *
#                                                               *
#*************   chi**2/iteration =  0.000       ****************


#********** Integration by Vegas (iteration       2) ************
#                                                               *
#  integral  =  1744.6309       accum. integral =  1745.3654    *
#  std. dev. = 0.94425773       accum. std. dev = 0.65534012    *
#   min/max. wt. =    0.00000            0.260546               *
#                                                               *
#*************   chi**2/iteration =  1.164       ****************

 Done
