SLURM job running in:  /scratch/groups/lhc/park/JHUGen/JHUGenerator
LHAPDF 6.1.5 loading /work-zfs/lhc/cms/slc6_amd64_gcc493/external/lhapdf/6.1.5-kpegke3/share/LHAPDF/NNPDF30_lo_as_0130/NNPDF30_lo_as_0130_0000.dat
NNPDF30_lo_as_0130 PDF set, member #0, version 2; LHAPDF ID = 263000
 
                                                                                          
   ***************************************************************************************
   *                                JHU Generator v6.9.3                                 *
   ***************************************************************************************
   *                                                                                     *
   *   Spin and parity determination of single-produced resonances at hadron colliders   *
   *                                                                                     *
   *          I. Anderson, S. Bolognesi, F. Caola, Y. Gao, A. Gritsan, Z. Guo,           *
   *        C. Martin, K. Melnikov, R.Rontsch, H. Roskes, U. Sarica, M. Schulze,         *
   *                   N. Tran, A. Whitbeck, M. Xiao, C. You, Y. Zhou                    *
   *                Phys.Rev. D81 (2010) 075022;  arXiv:1001.3396 [hep-ph],              *
   *                Phys.Rev. D86 (2012) 095031;  arXiv:1208.4018 [hep-ph],              *
   *                Phys.Rev. D89 (2014) 035007;  arXiv:1309.4819 [hep-ph].              *
   *                                                                                     *
   ***************************************************************************************
                                                                                          
   
   Command line: ./JHUGen Unweighted=0 VegasNc0=99999999 VegasNc1=99999999 VegasNc2=99999999 LHAPDF=NNPDF30_lo_as_0130/NNPDF30_lo_as_0130.info MReso=404 Process=61 ghg2=1,0
   
   Input Parameter:
    Collider: P-P, sqrt(s)=13000.00
    Resonance: spin=0, mass= 404.00 width=   0.00407
    Jet cuts:
            pT >=    15.00 GeV
        DeltaR >=     0.30
           mJJ >=     0.00 GeV
    Random seed:   769558013
    To reproduce results using this seed, JHUGen should be compiled with the same compiler:
      GNU Fortran (GCC) 4.9.3
    
    WidthScheme:   2
    LHAPDF set NNPDF30_lo_as_0130/NNPDF30_lo_as_0130.info, member=  0
    Unweighted: F
    
    spin-0-VV couplings: 
      generate_as=F
      ghg2=  0.10000000E+01  0.00000000E+00i
      ghg3=  0.00000000E+00  0.00000000E+00i
      ghg4=  0.00000000E+00  0.00000000E+00i
      ghz1=  0.20000000E+01  0.00000000E+00i
      ghz2=  0.00000000E+00  0.00000000E+00i
      ghz3=  0.00000000E+00  0.00000000E+00i
      ghz4=  0.00000000E+00  0.00000000E+00i
      Lambda=  1000.0
    
    LHE output: ./data/output.lhe
    Histogram output: ./data/output.dat
    Log file: ./data/output.log
    
  Running

  Input parameters for vegas:  ndim=  9   ncall= 80707214.
                              it=    0    itmx=   15
                              acc=-1.00    
                              mds=  1     nd=  50
                              (xl,xu)= (  0.00000     ,  1.00000     )
                                       (  0.00000     ,  1.00000     )
                                       (  0.00000     ,  1.00000     )
                                       (  0.00000     ,  1.00000     )
                                       (  0.00000     ,  1.00000     )
                                       (  0.00000     ,  1.00000     )
                                       (  0.00000     ,  1.00000     )
                                       (  0.00000     ,  1.00000     )
                                       (  0.00000     ,  1.00000     )

#********** Integration by Vegas (iteration       1) ************
#                                                               *
#  integral  =  1409.3912       accum. integral =  1409.3912    *
#  std. dev. =  94.661163       accum. std. dev =  94.661163    *
#   min/max. wt. =    0.00000             79.6558               *
#                                                               *
#*************   chi**2/iteration = -.2598E-10   ****************


#********** Integration by Vegas (iteration       2) ************
#                                                               *
#  integral  =  1592.6119       accum. integral =  1589.5552    *
#  std. dev. =  13.933029       accum. std. dev =  13.045802    *
#   min/max. wt. =    0.00000             3.91692               *
#                                                               *
#*************   chi**2/iteration =  3.233       ****************


#********** Integration by Vegas (iteration       3) ************
#                                                               *
#  integral  =  1596.5338       accum. integral =  1596.0250    *
#  std. dev. =  3.8838659       accum. std. dev =  3.5962589    *
#   min/max. wt. =    0.00000             1.46628               *
#                                                               *
#*************   chi**2/iteration =  1.679       ****************


#********** Integration by Vegas (iteration       4) ************
#                                                               *
#  integral  =  1612.0990       accum. integral =  1605.4081    *
#  std. dev. =  3.1886580       accum. std. dev =  2.3497655    *
#   min/max. wt. =    0.00000             2.29619               *
#                                                               *
#*************   chi**2/iteration =  4.880       ****************


#********** Integration by Vegas (iteration       5) ************
#                                                               *
#  integral  =  1612.2014       accum. integral =  1609.6323    *
#  std. dev. =  1.9000667       accum. std. dev =  1.4558395    *
#   min/max. wt. =    0.00000            0.238713               *
#                                                               *
#*************   chi**2/iteration =  4.886       ****************


#********** Integration by Vegas (iteration       6) ************
#                                                               *
#  integral  =  1612.8633       accum. integral =  1611.6776    *
#  std. dev. =  1.1412641       accum. std. dev = 0.88632861    *
#   min/max. wt. =    0.00000            0.200854               *
#                                                               *
#*************   chi**2/iteration =  4.488       ****************


#********** Integration by Vegas (iteration       7) ************
#                                                               *
#  integral  =  1613.2681       accum. integral =  1612.4186    *
#  std. dev. = 0.97248020       accum. std. dev = 0.65006809    *
#   min/max. wt. =    0.00000            0.202488               *
#                                                               *
#*************   chi**2/iteration =  3.961       ****************


#********** Integration by Vegas (iteration       8) ************
#                                                               *
#  integral  =  1613.6661       accum. integral =  1612.5574    *
#  std. dev. =  1.8760761       accum. std. dev = 0.61447349    *
#   min/max. wt. =    0.00000             1.63453               *
#                                                               *
#*************   chi**2/iteration =  3.436       ****************


#********** Integration by Vegas (iteration       9) ************
#                                                               *
#  integral  =  1612.6399       accum. integral =  1612.5673    *
#  std. dev. =  1.6994885       accum. std. dev = 0.57781490    *
#   min/max. wt. =    0.00000            0.115654               *
#                                                               *
#*************   chi**2/iteration =  2.994       ****************


#********** Integration by Vegas (iteration      10) ************
#                                                               *
#  integral  =  1613.7946       accum. integral =  1612.9012    *
#  std. dev. = 0.96079742       accum. std. dev = 0.49380293    *
#   min/max. wt. =    0.00000            0.828353E-01           *
#                                                               *
#*************   chi**2/iteration =  2.789       ****************


#********** Integration by Vegas (iteration      11) ************
#                                                               *
#  integral  =  1612.2340       accum. integral =  1612.7295    *
#  std. dev. = 0.85033637       accum. std. dev = 0.42606058    *
#   min/max. wt. =    0.00000            0.728560E-01           *
#                                                               *
#*************   chi**2/iteration =  2.550       ****************


#********** Integration by Vegas (iteration      12) ************
#                                                               *
#  integral  =  1612.4589       accum. integral =  1612.6724    *
#  std. dev. = 0.83471536       accum. std. dev = 0.37888409    *
#   min/max. wt. =    0.00000            0.838684E-01           *
#                                                               *
#*************   chi**2/iteration =  2.321       ****************


#********** Integration by Vegas (iteration      13) ************
#                                                               *
#  integral  =  1614.1339       accum. integral =  1612.9266    *
#  std. dev. = 0.83617974       accum. std. dev = 0.34469670    *
#   min/max. wt. =    0.00000            0.125939               *
#                                                               *
#*************   chi**2/iteration =  2.339       ****************


#********** Integration by Vegas (iteration      14) ************
#                                                               *
#  integral  =  1612.6712       accum. integral =  1612.8900    *
#  std. dev. = 0.85158539       accum. std. dev = 0.31927350    *
#   min/max. wt. =    0.00000            0.167729               *
#                                                               *
#*************   chi**2/iteration =  2.162       ****************


#********** Integration by Vegas (iteration      15) ************
#                                                               *
#  integral  =  1615.3154       accum. integral =  1613.1142    *
#  std. dev. =  1.0121126       accum. std. dev = 0.30439773    *
#   min/max. wt. =    0.00000            0.414168               *
#                                                               *
#*************   chi**2/iteration =  2.385       ****************


  Input parameters for vegas:  ndim=  9   ncall= 80707214.
                              it=    0    itmx=    2
                              acc=-1.00    
                              mds=  1     nd=  50
                              (xl,xu)= (  0.00000     ,  1.00000     )
                                       (  0.00000     ,  1.00000     )
                                       (  0.00000     ,  1.00000     )
                                       (  0.00000     ,  1.00000     )
                                       (  0.00000     ,  1.00000     )
                                       (  0.00000     ,  1.00000     )
                                       (  0.00000     ,  1.00000     )
                                       (  0.00000     ,  1.00000     )
                                       (  0.00000     ,  1.00000     )

#********** Integration by Vegas (iteration       1) ************
#                                                               *
#  integral  =  1612.2496       accum. integral =  1612.2496    *
#  std. dev. =  1.0174075       accum. std. dev =  1.0174075    *
#   min/max. wt. =    0.00000            0.349455               *
#                                                               *
#*************   chi**2/iteration =  0.000       ****************


#********** Integration by Vegas (iteration       2) ************
#                                                               *
#  integral  =  1614.0373       accum. integral =  1613.2052    *
#  std. dev. = 0.95045457       accum. std. dev = 0.69451089    *
#   min/max. wt. =    0.00000            0.207759               *
#                                                               *
#*************   chi**2/iteration =  1.647       ****************

 Done
