SLURM job running in:  /scratch/groups/lhc/park/JHUGen/JHUGenerator
LHAPDF 6.1.5 loading /work-zfs/lhc/cms/slc6_amd64_gcc493/external/lhapdf/6.1.5-kpegke3/share/LHAPDF/NNPDF30_lo_as_0130/NNPDF30_lo_as_0130_0000.dat
NNPDF30_lo_as_0130 PDF set, member #0, version 2; LHAPDF ID = 263000
 
                                                                                          
   ***************************************************************************************
   *                                JHU Generator v6.9.3                                 *
   ***************************************************************************************
   *                                                                                     *
   *   Spin and parity determination of single-produced resonances at hadron colliders   *
   *                                                                                     *
   *          I. Anderson, S. Bolognesi, F. Caola, Y. Gao, A. Gritsan, Z. Guo,           *
   *        C. Martin, K. Melnikov, R.Rontsch, H. Roskes, U. Sarica, M. Schulze,         *
   *                   N. Tran, A. Whitbeck, M. Xiao, C. You, Y. Zhou                    *
   *                Phys.Rev. D81 (2010) 075022;  arXiv:1001.3396 [hep-ph],              *
   *                Phys.Rev. D86 (2012) 095031;  arXiv:1208.4018 [hep-ph],              *
   *                Phys.Rev. D89 (2014) 035007;  arXiv:1309.4819 [hep-ph].              *
   *                                                                                     *
   ***************************************************************************************
                                                                                          
   
   Command line: ./JHUGen Unweighted=0 VegasNc0=99999999 VegasNc1=99999999 VegasNc2=99999999 LHAPDF=NNPDF30_lo_as_0130/NNPDF30_lo_as_0130.info MReso=420 Process=61 ghg2=1,0
   
   Input Parameter:
    Collider: P-P, sqrt(s)=13000.00
    Resonance: spin=0, mass= 420.00 width=   0.00407
    Jet cuts:
            pT >=    15.00 GeV
        DeltaR >=     0.30
           mJJ >=     0.00 GeV
    Random seed:   162339182
    To reproduce results using this seed, JHUGen should be compiled with the same compiler:
      GNU Fortran (GCC) 4.9.3
    
    WidthScheme:   2
    LHAPDF set NNPDF30_lo_as_0130/NNPDF30_lo_as_0130.info, member=  0
    Unweighted: F
    
    spin-0-VV couplings: 
      generate_as=F
      ghg2=  0.10000000E+01  0.00000000E+00i
      ghg3=  0.00000000E+00  0.00000000E+00i
      ghg4=  0.00000000E+00  0.00000000E+00i
      ghz1=  0.20000000E+01  0.00000000E+00i
      ghz2=  0.00000000E+00  0.00000000E+00i
      ghz3=  0.00000000E+00  0.00000000E+00i
      ghz4=  0.00000000E+00  0.00000000E+00i
      Lambda=  1000.0
    
    LHE output: ./data/output.lhe
    Histogram output: ./data/output.dat
    Log file: ./data/output.log
    
  Running

  Input parameters for vegas:  ndim=  9   ncall= 80707214.
                              it=    0    itmx=   15
                              acc=-1.00    
                              mds=  1     nd=  50
                              (xl,xu)= (  0.00000     ,  1.00000     )
                                       (  0.00000     ,  1.00000     )
                                       (  0.00000     ,  1.00000     )
                                       (  0.00000     ,  1.00000     )
                                       (  0.00000     ,  1.00000     )
                                       (  0.00000     ,  1.00000     )
                                       (  0.00000     ,  1.00000     )
                                       (  0.00000     ,  1.00000     )
                                       (  0.00000     ,  1.00000     )

#********** Integration by Vegas (iteration       1) ************
#                                                               *
#  integral  =  1257.3127       accum. integral =  1257.3127    *
#  std. dev. =  64.962597       accum. std. dev =  64.962597    *
#   min/max. wt. =    0.00000             30.5759               *
#                                                               *
#*************   chi**2/iteration =  0.000       ****************


#********** Integration by Vegas (iteration       2) ************
#                                                               *
#  integral  =  1496.4505       accum. integral =  1435.9449    *
#  std. dev. =  44.998724       accum. std. dev =  35.918786    *
#   min/max. wt. =    0.00000             41.7612               *
#                                                               *
#*************   chi**2/iteration =  8.369       ****************


#********** Integration by Vegas (iteration       3) ************
#                                                               *
#  integral  =  1460.5035       accum. integral =  1458.6364    *
#  std. dev. =  10.887848       accum. std. dev =  10.094548    *
#   min/max. wt. =    0.00000             3.75117               *
#                                                               *
#*************   chi**2/iteration =  4.238       ****************


#********** Integration by Vegas (iteration       4) ************
#                                                               *
#  integral  =  1472.6243       accum. integral =  1471.2886    *
#  std. dev. =  3.4287146       accum. std. dev =  3.1553310    *
#   min/max. wt. =    0.00000             1.95073               *
#                                                               *
#*************   chi**2/iteration =  3.327       ****************


#********** Integration by Vegas (iteration       5) ************
#                                                               *
#  integral  =  1480.1517       accum. integral =  1477.2769    *
#  std. dev. =  2.2709284       accum. std. dev =  1.8111674    *
#   min/max. wt. =    0.00000            0.871067               *
#                                                               *
#*************   chi**2/iteration =  3.768       ****************


#********** Integration by Vegas (iteration       6) ************
#                                                               *
#  integral  =  1477.7624       accum. integral =  1477.5659    *
#  std. dev. =  1.5368516       accum. std. dev =  1.1579373    *
#   min/max. wt. =    0.00000            0.876766               *
#                                                               *
#*************   chi**2/iteration =  2.994       ****************


#********** Integration by Vegas (iteration       7) ************
#                                                               *
#  integral  =  1476.1676       accum. integral =  1476.8040    *
#  std. dev. =  1.0825044       accum. std. dev = 0.78376568    *
#   min/max. wt. =    0.00000            0.207943               *
#                                                               *
#*************   chi**2/iteration =  2.610       ****************


#********** Integration by Vegas (iteration       8) ************
#                                                               *
#  integral  =  1477.8869       accum. integral =  1477.2926    *
#  std. dev. = 0.88233920       accum. std. dev = 0.58215750    *
#   min/max. wt. =    0.00000            0.144692               *
#                                                               *
#*************   chi**2/iteration =  2.348       ****************


#********** Integration by Vegas (iteration       9) ************
#                                                               *
#  integral  =  1475.4085       accum. integral =  1476.6452    *
#  std. dev. = 0.81772687       accum. std. dev = 0.47250887    *
#   min/max. wt. =    0.00000            0.107780               *
#                                                               *
#*************   chi**2/iteration =  2.495       ****************


#********** Integration by Vegas (iteration      10) ************
#                                                               *
#  integral  =  1476.3584       accum. integral =  1476.5749    *
#  std. dev. = 0.84196174       accum. std. dev = 0.41118536    *
#   min/max. wt. =    0.00000            0.186971               *
#                                                               *
#*************   chi**2/iteration =  2.221       ****************


#********** Integration by Vegas (iteration      11) ************
#                                                               *
#  integral  =  1477.1593       accum. integral =  1476.6913    *
#  std. dev. = 0.83590290       accum. std. dev = 0.36841923    *
#   min/max. wt. =    0.00000            0.159291               *
#                                                               *
#*************   chi**2/iteration =  2.034       ****************


#********** Integration by Vegas (iteration      12) ************
#                                                               *
#  integral  =  1475.4506       accum. integral =  1476.4575    *
#  std. dev. = 0.77342705       accum. std. dev = 0.33221654    *
#   min/max. wt. =    0.00000            0.576322E-01           *
#                                                               *
#*************   chi**2/iteration =  2.040       ****************


#********** Integration by Vegas (iteration      13) ************
#                                                               *
#  integral  =  1475.5684       accum. integral =  1476.3147    *
#  std. dev. = 0.76765913       accum. std. dev = 0.30462490    *
#   min/max. wt. =    0.00000            0.126471               *
#                                                               *
#*************   chi**2/iteration =  1.962       ****************


#********** Integration by Vegas (iteration      14) ************
#                                                               *
#  integral  =  1475.0336       accum. integral =  1476.1351    *
#  std. dev. = 0.76159088       accum. std. dev = 0.28265876    *
#   min/max. wt. =    0.00000            0.515444E-01           *
#                                                               *
#*************   chi**2/iteration =  1.999       ****************


#********** Integration by Vegas (iteration      15) ************
#                                                               *
#  integral  =  1476.2043       accum. integral =  1476.1432    *
#  std. dev. = 0.78501517       accum. std. dev = 0.26582054    *
#   min/max. wt. =    0.00000            0.188387               *
#                                                               *
#*************   chi**2/iteration =  1.855       ****************


  Input parameters for vegas:  ndim=  9   ncall= 80707214.
                              it=    0    itmx=    2
                              acc=-1.00    
                              mds=  1     nd=  50
                              (xl,xu)= (  0.00000     ,  1.00000     )
                                       (  0.00000     ,  1.00000     )
                                       (  0.00000     ,  1.00000     )
                                       (  0.00000     ,  1.00000     )
                                       (  0.00000     ,  1.00000     )
                                       (  0.00000     ,  1.00000     )
                                       (  0.00000     ,  1.00000     )
                                       (  0.00000     ,  1.00000     )
                                       (  0.00000     ,  1.00000     )

#********** Integration by Vegas (iteration       1) ************
#                                                               *
#  integral  =  1475.5439       accum. integral =  1475.5439    *
#  std. dev. = 0.76649820       accum. std. dev = 0.76649820    *
#   min/max. wt. =    0.00000            0.572993E-01           *
#                                                               *
#*************   chi**2/iteration =  0.000       ****************


#********** Integration by Vegas (iteration       2) ************
#                                                               *
#  integral  =  1475.2253       accum. integral =  1475.3932    *
#  std. dev. = 0.80863744       accum. std. dev = 0.55629372    *
#   min/max. wt. =    0.00000            0.170468               *
#                                                               *
#*************   chi**2/iteration = 0.8171E-01   ****************

 Done
