SLURM job running in:  /scratch/groups/lhc/park/JHUGen/JHUGenerator
LHAPDF 6.1.5 loading /work-zfs/lhc/cms/slc6_amd64_gcc493/external/lhapdf/6.1.5-kpegke3/share/LHAPDF/NNPDF30_lo_as_0130/NNPDF30_lo_as_0130_0000.dat
NNPDF30_lo_as_0130 PDF set, member #0, version 2; LHAPDF ID = 263000
 
                                                                                          
   ***************************************************************************************
   *                                JHU Generator v6.9.3                                 *
   ***************************************************************************************
   *                                                                                     *
   *   Spin and parity determination of single-produced resonances at hadron colliders   *
   *                                                                                     *
   *          I. Anderson, S. Bolognesi, F. Caola, Y. Gao, A. Gritsan, Z. Guo,           *
   *        C. Martin, K. Melnikov, R.Rontsch, H. Roskes, U. Sarica, M. Schulze,         *
   *                   N. Tran, A. Whitbeck, M. Xiao, C. You, Y. Zhou                    *
   *                Phys.Rev. D81 (2010) 075022;  arXiv:1001.3396 [hep-ph],              *
   *                Phys.Rev. D86 (2012) 095031;  arXiv:1208.4018 [hep-ph],              *
   *                Phys.Rev. D89 (2014) 035007;  arXiv:1309.4819 [hep-ph].              *
   *                                                                                     *
   ***************************************************************************************
                                                                                          
   
   Command line: ./JHUGen Unweighted=0 VegasNc0=99999999 VegasNc1=99999999 VegasNc2=99999999 LHAPDF=NNPDF30_lo_as_0130/NNPDF30_lo_as_0130.info MReso=422 Process=61 ghg2=1,0
   
   Input Parameter:
    Collider: P-P, sqrt(s)=13000.00
    Resonance: spin=0, mass= 422.00 width=   0.00407
    Jet cuts:
            pT >=    15.00 GeV
        DeltaR >=     0.30
           mJJ >=     0.00 GeV
    Random seed:   967456078
    To reproduce results using this seed, JHUGen should be compiled with the same compiler:
      GNU Fortran (GCC) 4.9.3
    
    WidthScheme:   2
    LHAPDF set NNPDF30_lo_as_0130/NNPDF30_lo_as_0130.info, member=  0
    Unweighted: F
    
    spin-0-VV couplings: 
      generate_as=F
      ghg2=  0.10000000E+01  0.00000000E+00i
      ghg3=  0.00000000E+00  0.00000000E+00i
      ghg4=  0.00000000E+00  0.00000000E+00i
      ghz1=  0.20000000E+01  0.00000000E+00i
      ghz2=  0.00000000E+00  0.00000000E+00i
      ghz3=  0.00000000E+00  0.00000000E+00i
      ghz4=  0.00000000E+00  0.00000000E+00i
      Lambda=  1000.0
    
    LHE output: ./data/output.lhe
    Histogram output: ./data/output.dat
    Log file: ./data/output.log
    
  Running

  Input parameters for vegas:  ndim=  9   ncall= 80707214.
                              it=    0    itmx=   15
                              acc=-1.00    
                              mds=  1     nd=  50
                              (xl,xu)= (  0.00000     ,  1.00000     )
                                       (  0.00000     ,  1.00000     )
                                       (  0.00000     ,  1.00000     )
                                       (  0.00000     ,  1.00000     )
                                       (  0.00000     ,  1.00000     )
                                       (  0.00000     ,  1.00000     )
                                       (  0.00000     ,  1.00000     )
                                       (  0.00000     ,  1.00000     )
                                       (  0.00000     ,  1.00000     )

#********** Integration by Vegas (iteration       1) ************
#                                                               *
#  integral  =  2285.8460       accum. integral =  2285.8460    *
#  std. dev. =  1050.2282       accum. std. dev =  1050.2282    *
#   min/max. wt. =    0.00000             1048.59               *
#                                                               *
#*************   chi**2/iteration =  0.000       ****************


#********** Integration by Vegas (iteration       2) ************
#                                                               *
#  integral  =  1495.0148       accum. integral =  1497.9516    *
#  std. dev. =  41.936342       accum. std. dev =  54.074966    *
#   min/max. wt. =    0.00000             29.9449               *
#                                                               *
#*************   chi**2/iteration = 0.7905       ****************


#********** Integration by Vegas (iteration       3) ************
#                                                               *
#  integral  =  1450.0075       accum. integral =  1451.0631    *
#  std. dev. =  6.0914806       accum. std. dev =  7.4173278    *
#   min/max. wt. =    0.00000             2.11686               *
#                                                               *
#*************   chi**2/iteration = 0.9124       ****************


#********** Integration by Vegas (iteration       4) ************
#                                                               *
#  integral  =  1454.4661       accum. integral =  1454.0263    *
#  std. dev. =  2.3278878       accum. std. dev =  2.5519136    *
#   min/max. wt. =    0.00000            0.840291               *
#                                                               *
#*************   chi**2/iteration = 0.7309       ****************


#********** Integration by Vegas (iteration       5) ************
#                                                               *
#  integral  =  1458.0327       accum. integral =  1456.9919    *
#  std. dev. =  1.2900067       accum. std. dev =  1.2648077    *
#   min/max. wt. =    0.00000            0.374676               *
#                                                               *
#*************   chi**2/iteration =  1.062       ****************


#********** Integration by Vegas (iteration       6) ************
#                                                               *
#  integral  =  1460.8947       accum. integral =  1459.0922    *
#  std. dev. =  1.0302062       accum. std. dev = 0.84314344    *
#   min/max. wt. =    0.00000            0.247950               *
#                                                               *
#*************   chi**2/iteration =  1.948       ****************


#********** Integration by Vegas (iteration       7) ************
#                                                               *
#  integral  =  1458.8387       accum. integral =  1458.9840    *
#  std. dev. = 0.87463414       accum. std. dev = 0.62922570    *
#   min/max. wt. =    0.00000            0.151240               *
#                                                               *
#*************   chi**2/iteration =  1.677       ****************


#********** Integration by Vegas (iteration       8) ************
#                                                               *
#  integral  =  1459.5009       accum. integral =  1459.1496    *
#  std. dev. = 0.83259938       accum. std. dev = 0.51303867    *
#   min/max. wt. =    0.00000            0.172394               *
#                                                               *
#*************   chi**2/iteration =  1.501       ****************


#********** Integration by Vegas (iteration       9) ************
#                                                               *
#  integral  =  1459.7621       accum. integral =  1459.3093    *
#  std. dev. = 0.79377171       accum. std. dev = 0.43729020    *
#   min/max. wt. =    0.00000            0.925876E-01           *
#                                                               *
#*************   chi**2/iteration =  1.384       ****************


#********** Integration by Vegas (iteration      10) ************
#                                                               *
#  integral  =  1459.5785       accum. integral =  1459.3669    *
#  std. dev. = 0.77710760       accum. std. dev = 0.38499142    *
#   min/max. wt. =    0.00000            0.115444               *
#                                                               *
#*************   chi**2/iteration =  1.257       ****************


#********** Integration by Vegas (iteration      11) ************
#                                                               *
#  integral  =  1459.6235       accum. integral =  1459.4119    *
#  std. dev. = 0.77836781       accum. std. dev = 0.34748966    *
#   min/max. wt. =    0.00000            0.974386E-01           *
#                                                               *
#*************   chi**2/iteration =  1.153       ****************


#********** Integration by Vegas (iteration      12) ************
#                                                               *
#  integral  =  1460.5767       accum. integral =  1459.5827    *
#  std. dev. = 0.78762578       accum. std. dev = 0.31943455    *
#   min/max. wt. =    0.00000            0.215960               *
#                                                               *
#*************   chi**2/iteration =  1.210       ****************


#********** Integration by Vegas (iteration      13) ************
#                                                               *
#  integral  =  1458.8686       accum. integral =  1459.4870    *
#  std. dev. = 0.76580801       accum. std. dev = 0.29599627    *
#   min/max. wt. =    0.00000            0.750963E-01           *
#                                                               *
#*************   chi**2/iteration =  1.175       ****************


#********** Integration by Vegas (iteration      14) ************
#                                                               *
#  integral  =  1461.5544       accum. integral =  1459.7258    *
#  std. dev. = 0.77714851       accum. std. dev = 0.27738377    *
#   min/max. wt. =    0.00000            0.967453E-01           *
#                                                               *
#*************   chi**2/iteration =  1.529       ****************


#********** Integration by Vegas (iteration      15) ************
#                                                               *
#  integral  =  1459.3693       accum. integral =  1459.6871    *
#  std. dev. = 0.75512160       accum. std. dev = 0.26103264    *
#   min/max. wt. =    0.00000            0.819458E-01           *
#                                                               *
#*************   chi**2/iteration =  1.441       ****************


  Input parameters for vegas:  ndim=  9   ncall= 80707214.
                              it=    0    itmx=    2
                              acc=-1.00    
                              mds=  1     nd=  50
                              (xl,xu)= (  0.00000     ,  1.00000     )
                                       (  0.00000     ,  1.00000     )
                                       (  0.00000     ,  1.00000     )
                                       (  0.00000     ,  1.00000     )
                                       (  0.00000     ,  1.00000     )
                                       (  0.00000     ,  1.00000     )
                                       (  0.00000     ,  1.00000     )
                                       (  0.00000     ,  1.00000     )
                                       (  0.00000     ,  1.00000     )

#********** Integration by Vegas (iteration       1) ************
#                                                               *
#  integral  =  1457.7334       accum. integral =  1457.7334    *
#  std. dev. = 0.75170606       accum. std. dev = 0.75170606    *
#   min/max. wt. =    0.00000            0.388078E-01           *
#                                                               *
#*************   chi**2/iteration = -.8241E-06   ****************


#********** Integration by Vegas (iteration       2) ************
#                                                               *
#  integral  =  1460.1533       accum. integral =  1458.8033    *
#  std. dev. = 0.84575021       accum. std. dev = 0.56191052    *
#   min/max. wt. =    0.00000            0.354986               *
#                                                               *
#*************   chi**2/iteration =  4.570       ****************

 Done
