SLURM job running in:  /scratch/groups/lhc/park/JHUGen/JHUGenerator
LHAPDF 6.1.5 loading /work-zfs/lhc/cms/slc6_amd64_gcc493/external/lhapdf/6.1.5-kpegke3/share/LHAPDF/NNPDF30_lo_as_0130/NNPDF30_lo_as_0130_0000.dat
NNPDF30_lo_as_0130 PDF set, member #0, version 2; LHAPDF ID = 263000
 
                                                                                          
   ***************************************************************************************
   *                                JHU Generator v6.9.3                                 *
   ***************************************************************************************
   *                                                                                     *
   *   Spin and parity determination of single-produced resonances at hadron colliders   *
   *                                                                                     *
   *          I. Anderson, S. Bolognesi, F. Caola, Y. Gao, A. Gritsan, Z. Guo,           *
   *        C. Martin, K. Melnikov, R.Rontsch, H. Roskes, U. Sarica, M. Schulze,         *
   *                   N. Tran, A. Whitbeck, M. Xiao, C. You, Y. Zhou                    *
   *                Phys.Rev. D81 (2010) 075022;  arXiv:1001.3396 [hep-ph],              *
   *                Phys.Rev. D86 (2012) 095031;  arXiv:1208.4018 [hep-ph],              *
   *                Phys.Rev. D89 (2014) 035007;  arXiv:1309.4819 [hep-ph].              *
   *                                                                                     *
   ***************************************************************************************
                                                                                          
   
   Command line: ./JHUGen Unweighted=0 VegasNc0=99999999 VegasNc1=99999999 VegasNc2=99999999 LHAPDF=NNPDF30_lo_as_0130/NNPDF30_lo_as_0130.info MReso=424 Process=61 ghg2=1,0
   
   Input Parameter:
    Collider: P-P, sqrt(s)=13000.00
    Resonance: spin=0, mass= 424.00 width=   0.00407
    Jet cuts:
            pT >=    15.00 GeV
        DeltaR >=     0.30
           mJJ >=     0.00 GeV
    Random seed:   212702319
    To reproduce results using this seed, JHUGen should be compiled with the same compiler:
      GNU Fortran (GCC) 4.9.3
    
    WidthScheme:   2
    LHAPDF set NNPDF30_lo_as_0130/NNPDF30_lo_as_0130.info, member=  0
    Unweighted: F
    
    spin-0-VV couplings: 
      generate_as=F
      ghg2=  0.10000000E+01  0.00000000E+00i
      ghg3=  0.00000000E+00  0.00000000E+00i
      ghg4=  0.00000000E+00  0.00000000E+00i
      ghz1=  0.20000000E+01  0.00000000E+00i
      ghz2=  0.00000000E+00  0.00000000E+00i
      ghz3=  0.00000000E+00  0.00000000E+00i
      ghz4=  0.00000000E+00  0.00000000E+00i
      Lambda=  1000.0
    
    LHE output: ./data/output.lhe
    Histogram output: ./data/output.dat
    Log file: ./data/output.log
    
  Running

  Input parameters for vegas:  ndim=  9   ncall= 80707214.
                              it=    0    itmx=   15
                              acc=-1.00    
                              mds=  1     nd=  50
                              (xl,xu)= (  0.00000     ,  1.00000     )
                                       (  0.00000     ,  1.00000     )
                                       (  0.00000     ,  1.00000     )
                                       (  0.00000     ,  1.00000     )
                                       (  0.00000     ,  1.00000     )
                                       (  0.00000     ,  1.00000     )
                                       (  0.00000     ,  1.00000     )
                                       (  0.00000     ,  1.00000     )
                                       (  0.00000     ,  1.00000     )

#********** Integration by Vegas (iteration       1) ************
#                                                               *
#  integral  =  1430.5356       accum. integral =  1430.5356    *
#  std. dev. =  113.92937       accum. std. dev =  113.92937    *
#   min/max. wt. =    0.00000             86.5138               *
#                                                               *
#*************   chi**2/iteration =  0.000       ****************


#********** Integration by Vegas (iteration       2) ************
#                                                               *
#  integral  =  1456.7189       accum. integral =  1454.1496    *
#  std. dev. =  38.267810       accum. std. dev =  36.016670    *
#   min/max. wt. =    0.00000             35.1049               *
#                                                               *
#*************   chi**2/iteration = 0.4672E-01   ****************


#********** Integration by Vegas (iteration       3) ************
#                                                               *
#  integral  =  1442.4158       accum. integral =  1443.1036    *
#  std. dev. =  8.9796240       accum. std. dev =  8.7175789    *
#   min/max. wt. =    0.00000             4.44046               *
#                                                               *
#*************   chi**2/iteration = 0.7335E-01   ****************


#********** Integration by Vegas (iteration       4) ************
#                                                               *
#  integral  =  1440.3284       accum. integral =  1440.5753    *
#  std. dev. =  2.7184116       accum. std. dev =  2.5986603    *
#   min/max. wt. =    0.00000             1.02350               *
#                                                               *
#*************   chi**2/iteration = 0.7976E-01   ****************


#********** Integration by Vegas (iteration       5) ************
#                                                               *
#  integral  =  1449.3766       accum. integral =  1441.5960    *
#  std. dev. =  7.2086638       accum. std. dev =  2.4456510    *
#   min/max. wt. =    0.00000             7.06298               *
#                                                               *
#*************   chi**2/iteration = 0.3916       ****************


#********** Integration by Vegas (iteration       6) ************
#                                                               *
#  integral  =  1443.9587       accum. integral =  1442.2090    *
#  std. dev. =  4.1320344       accum. std. dev =  2.1046266    *
#   min/max. wt. =    0.00000            0.486699               *
#                                                               *
#*************   chi**2/iteration = 0.3617       ****************


#********** Integration by Vegas (iteration       7) ************
#                                                               *
#  integral  =  1443.9584       accum. integral =  1443.4946    *
#  std. dev. =  1.2641409       accum. std. dev =  1.0836608    *
#   min/max. wt. =    0.00000            0.541011               *
#                                                               *
#*************   chi**2/iteration = 0.3860       ****************


#********** Integration by Vegas (iteration       8) ************
#                                                               *
#  integral  =  1445.1470       accum. integral =  1444.4489    *
#  std. dev. = 0.92767025       accum. std. dev = 0.70444833    *
#   min/max. wt. =    0.00000            0.960502E-01           *
#                                                               *
#*************   chi**2/iteration = 0.5226       ****************


#********** Integration by Vegas (iteration       9) ************
#                                                               *
#  integral  =  1443.7444       accum. integral =  1444.1496    *
#  std. dev. = 0.81965685       accum. std. dev = 0.53428739    *
#   min/max. wt. =    0.00000            0.129578               *
#                                                               *
#*************   chi**2/iteration = 0.5104       ****************


#********** Integration by Vegas (iteration      10) ************
#                                                               *
#  integral  =  1443.2725       accum. integral =  1443.8641    *
#  std. dev. = 0.76855239       accum. std. dev = 0.43874734    *
#   min/max. wt. =    0.00000            0.574141E-01           *
#                                                               *
#*************   chi**2/iteration = 0.5512       ****************


#********** Integration by Vegas (iteration      11) ************
#                                                               *
#  integral  =  1442.8354       accum. integral =  1443.6064    *
#  std. dev. = 0.75832734       accum. std. dev = 0.37981245    *
#   min/max. wt. =    0.00000            0.986073E-01           *
#                                                               *
#*************   chi**2/iteration = 0.6339       ****************


#********** Integration by Vegas (iteration      12) ************
#                                                               *
#  integral  =  1443.1036       accum. integral =  1443.5109    *
#  std. dev. = 0.78423437       accum. std. dev = 0.34185186    *
#   min/max. wt. =    0.00000            0.224756               *
#                                                               *
#*************   chi**2/iteration = 0.6065       ****************


#********** Integration by Vegas (iteration      13) ************
#                                                               *
#  integral  =  1443.0434       accum. integral =  1443.4342    *
#  std. dev. = 0.77125293       accum. std. dev = 0.31254165    *
#   min/max. wt. =    0.00000            0.137009               *
#                                                               *
#*************   chi**2/iteration = 0.5816       ****************


#********** Integration by Vegas (iteration      14) ************
#                                                               *
#  integral  =  1442.8165       accum. integral =  1443.3468    *
#  std. dev. = 0.76895265       accum. std. dev = 0.28955207    *
#   min/max. wt. =    0.00000            0.138470               *
#                                                               *
#*************   chi**2/iteration = 0.5795       ****************


#********** Integration by Vegas (iteration      15) ************
#                                                               *
#  integral  =  1443.5906       accum. integral =  1443.3783    *
#  std. dev. = 0.75122734       accum. std. dev = 0.27017849    *
#   min/max. wt. =    0.00000            0.378714E-01           *
#                                                               *
#*************   chi**2/iteration = 0.5447       ****************


  Input parameters for vegas:  ndim=  9   ncall= 80707214.
                              it=    0    itmx=    2
                              acc=-1.00    
                              mds=  1     nd=  50
                              (xl,xu)= (  0.00000     ,  1.00000     )
                                       (  0.00000     ,  1.00000     )
                                       (  0.00000     ,  1.00000     )
                                       (  0.00000     ,  1.00000     )
                                       (  0.00000     ,  1.00000     )
                                       (  0.00000     ,  1.00000     )
                                       (  0.00000     ,  1.00000     )
                                       (  0.00000     ,  1.00000     )
                                       (  0.00000     ,  1.00000     )

#********** Integration by Vegas (iteration       1) ************
#                                                               *
#  integral  =  1444.2328       accum. integral =  1444.2328    *
#  std. dev. = 0.75511247       accum. std. dev = 0.75511247    *
#   min/max. wt. =    0.00000            0.743754E-01           *
#                                                               *
#*************   chi**2/iteration =  0.000       ****************


#********** Integration by Vegas (iteration       2) ************
#                                                               *
#  integral  =  1443.3299       accum. integral =  1443.7858    *
#  std. dev. = 0.76200847       accum. std. dev = 0.53636510    *
#   min/max. wt. =    0.00000            0.867769E-01           *
#                                                               *
#*************   chi**2/iteration = 0.7077       ****************

 Done
