SLURM job running in:  /scratch/groups/lhc/park/JHUGen/JHUGenerator
LHAPDF 6.1.5 loading /work-zfs/lhc/cms/slc6_amd64_gcc493/external/lhapdf/6.1.5-kpegke3/share/LHAPDF/NNPDF30_lo_as_0130/NNPDF30_lo_as_0130_0000.dat
NNPDF30_lo_as_0130 PDF set, member #0, version 2; LHAPDF ID = 263000
 
                                                                                          
   ***************************************************************************************
   *                                JHU Generator v6.9.3                                 *
   ***************************************************************************************
   *                                                                                     *
   *   Spin and parity determination of single-produced resonances at hadron colliders   *
   *                                                                                     *
   *          I. Anderson, S. Bolognesi, F. Caola, Y. Gao, A. Gritsan, Z. Guo,           *
   *        C. Martin, K. Melnikov, R.Rontsch, H. Roskes, U. Sarica, M. Schulze,         *
   *                   N. Tran, A. Whitbeck, M. Xiao, C. You, Y. Zhou                    *
   *                Phys.Rev. D81 (2010) 075022;  arXiv:1001.3396 [hep-ph],              *
   *                Phys.Rev. D86 (2012) 095031;  arXiv:1208.4018 [hep-ph],              *
   *                Phys.Rev. D89 (2014) 035007;  arXiv:1309.4819 [hep-ph].              *
   *                                                                                     *
   ***************************************************************************************
                                                                                          
   
   Command line: ./JHUGen Unweighted=0 VegasNc0=99999999 VegasNc1=99999999 VegasNc2=99999999 LHAPDF=NNPDF30_lo_as_0130/NNPDF30_lo_as_0130.info MReso=426 Process=61 ghg2=1,0
   
   Input Parameter:
    Collider: P-P, sqrt(s)=13000.00
    Resonance: spin=0, mass= 426.00 width=   0.00407
    Jet cuts:
            pT >=    15.00 GeV
        DeltaR >=     0.30
           mJJ >=     0.00 GeV
    Random seed:   840143684
    To reproduce results using this seed, JHUGen should be compiled with the same compiler:
      GNU Fortran (GCC) 4.9.3
    
    WidthScheme:   2
    LHAPDF set NNPDF30_lo_as_0130/NNPDF30_lo_as_0130.info, member=  0
    Unweighted: F
    
    spin-0-VV couplings: 
      generate_as=F
      ghg2=  0.10000000E+01  0.00000000E+00i
      ghg3=  0.00000000E+00  0.00000000E+00i
      ghg4=  0.00000000E+00  0.00000000E+00i
      ghz1=  0.20000000E+01  0.00000000E+00i
      ghz2=  0.00000000E+00  0.00000000E+00i
      ghz3=  0.00000000E+00  0.00000000E+00i
      ghz4=  0.00000000E+00  0.00000000E+00i
      Lambda=  1000.0
    
    LHE output: ./data/output.lhe
    Histogram output: ./data/output.dat
    Log file: ./data/output.log
    
  Running

  Input parameters for vegas:  ndim=  9   ncall= 80707214.
                              it=    0    itmx=   15
                              acc=-1.00    
                              mds=  1     nd=  50
                              (xl,xu)= (  0.00000     ,  1.00000     )
                                       (  0.00000     ,  1.00000     )
                                       (  0.00000     ,  1.00000     )
                                       (  0.00000     ,  1.00000     )
                                       (  0.00000     ,  1.00000     )
                                       (  0.00000     ,  1.00000     )
                                       (  0.00000     ,  1.00000     )
                                       (  0.00000     ,  1.00000     )
                                       (  0.00000     ,  1.00000     )

#********** Integration by Vegas (iteration       1) ************
#                                                               *
#  integral  =  1184.4051       accum. integral =  1184.4051    *
#  std. dev. =  66.701319       accum. std. dev =  66.701319    *
#   min/max. wt. =    0.00000             54.9238               *
#                                                               *
#*************   chi**2/iteration =  0.000       ****************


#********** Integration by Vegas (iteration       2) ************
#                                                               *
#  integral  =  1393.5754       accum. integral =  1387.5742    *
#  std. dev. =  13.488214       accum. std. dev =  12.336083    *
#   min/max. wt. =    0.00000             7.08883               *
#                                                               *
#*************   chi**2/iteration =  8.004       ****************


#********** Integration by Vegas (iteration       3) ************
#                                                               *
#  integral  =  1412.4365       accum. integral =  1410.3837    *
#  std. dev. =  4.0419019       accum. std. dev =  3.6568561    *
#   min/max. wt. =    0.00000             1.39211               *
#                                                               *
#*************   chi**2/iteration =  5.512       ****************


#********** Integration by Vegas (iteration       4) ************
#                                                               *
#  integral  =  1436.0856       accum. integral =  1414.4640    *
#  std. dev. =  9.0611607       accum. std. dev =  3.4199183    *
#   min/max. wt. =    0.00000             8.80374               *
#                                                               *
#*************   chi**2/iteration =  6.049       ****************


#********** Integration by Vegas (iteration       5) ************
#                                                               *
#  integral  =  1434.0684       accum. integral =  1422.8323    *
#  std. dev. =  4.1775505       accum. std. dev =  2.6177432    *
#   min/max. wt. =    0.00000            0.597892               *
#                                                               *
#*************   chi**2/iteration =  7.868       ****************


#********** Integration by Vegas (iteration       6) ************
#                                                               *
#  integral  =  1428.1654       accum. integral =  1427.3806    *
#  std. dev. =  1.1291136       accum. std. dev =  1.0107309    *
#   min/max. wt. =    0.00000            0.129219               *
#                                                               *
#*************   chi**2/iteration =  6.912       ****************


#********** Integration by Vegas (iteration       7) ************
#                                                               *
#  integral  =  1429.2709       accum. integral =  1428.4618    *
#  std. dev. = 0.90266369       accum. std. dev = 0.66434137    *
#   min/max. wt. =    0.00000            0.145727               *
#                                                               *
#*************   chi**2/iteration =  6.037       ****************


#********** Integration by Vegas (iteration       8) ************
#                                                               *
#  integral  =  1427.3162       accum. integral =  1427.9887    *
#  std. dev. = 0.81282148       accum. std. dev = 0.51068798    *
#   min/max. wt. =    0.00000            0.960282E-01           *
#                                                               *
#*************   chi**2/iteration =  5.315       ****************


#********** Integration by Vegas (iteration       9) ************
#                                                               *
#  integral  =  1427.4405       accum. integral =  1427.8217    *
#  std. dev. = 0.78935417       accum. std. dev = 0.42696835    *
#   min/max. wt. =    0.00000            0.167277               *
#                                                               *
#*************   chi**2/iteration =  4.670       ****************


#********** Integration by Vegas (iteration      10) ************
#                                                               *
#  integral  =  1428.4579       accum. integral =  1427.9618    *
#  std. dev. = 0.82042934       accum. std. dev = 0.37784528    *
#   min/max. wt. =    0.00000            0.224713               *
#                                                               *
#*************   chi**2/iteration =  4.188       ****************


#********** Integration by Vegas (iteration      11) ************
#                                                               *
#  integral  =  1427.2324       accum. integral =  1427.8182    *
#  std. dev. = 0.77680715       accum. std. dev = 0.33916676    *
#   min/max. wt. =    0.00000            0.420226E-01           *
#                                                               *
#*************   chi**2/iteration =  3.830       ****************


#********** Integration by Vegas (iteration      12) ************
#                                                               *
#  integral  =  1428.4561       accum. integral =  1427.9192    *
#  std. dev. = 0.79554134       accum. std. dev = 0.31161635    *
#   min/max. wt. =    0.00000            0.237253               *
#                                                               *
#*************   chi**2/iteration =  3.522       ****************


#********** Integration by Vegas (iteration      13) ************
#                                                               *
#  integral  =  1428.0827       accum. integral =  1427.9435    *
#  std. dev. = 0.75630195       accum. std. dev = 0.28781353    *
#   min/max. wt. =    0.00000            0.429042E-01           *
#                                                               *
#*************   chi**2/iteration =  3.225       ****************


#********** Integration by Vegas (iteration      14) ************
#                                                               *
#  integral  =  1427.9789       accum. integral =  1427.9481    *
#  std. dev. = 0.75950633       accum. std. dev = 0.26893008    *
#   min/max. wt. =    0.00000            0.100237               *
#                                                               *
#*************   chi**2/iteration =  2.971       ****************


#********** Integration by Vegas (iteration      15) ************
#                                                               *
#  integral  =  1427.2641       accum. integral =  1427.8654    *
#  std. dev. = 0.73419660       accum. std. dev = 0.25235750    *
#   min/max. wt. =    0.00000            0.800275E-01           *
#                                                               *
#*************   chi**2/iteration =  2.810       ****************


  Input parameters for vegas:  ndim=  9   ncall= 80707214.
                              it=    0    itmx=    2
                              acc=-1.00    
                              mds=  1     nd=  50
                              (xl,xu)= (  0.00000     ,  1.00000     )
                                       (  0.00000     ,  1.00000     )
                                       (  0.00000     ,  1.00000     )
                                       (  0.00000     ,  1.00000     )
                                       (  0.00000     ,  1.00000     )
                                       (  0.00000     ,  1.00000     )
                                       (  0.00000     ,  1.00000     )
                                       (  0.00000     ,  1.00000     )
                                       (  0.00000     ,  1.00000     )

#********** Integration by Vegas (iteration       1) ************
#                                                               *
#  integral  =  1428.5958       accum. integral =  1428.5958    *
#  std. dev. = 0.75487587       accum. std. dev = 0.75487587    *
#   min/max. wt. =    0.00000            0.102182               *
#                                                               *
#*************   chi**2/iteration =  0.000       ****************


#********** Integration by Vegas (iteration       2) ************
#                                                               *
#  integral  =  1427.0488       accum. integral =  1427.8384    *
#  std. dev. = 0.76988955       accum. std. dev = 0.53900184    *
#   min/max. wt. =    0.00000            0.202847               *
#                                                               *
#*************   chi**2/iteration =  2.057       ****************

 Done
