SLURM job running in:  /scratch/groups/lhc/park/JHUGen/JHUGenerator
LHAPDF 6.1.5 loading /work-zfs/lhc/cms/slc6_amd64_gcc493/external/lhapdf/6.1.5-kpegke3/share/LHAPDF/NNPDF30_lo_as_0130/NNPDF30_lo_as_0130_0000.dat
NNPDF30_lo_as_0130 PDF set, member #0, version 2; LHAPDF ID = 263000
 
                                                                                          
   ***************************************************************************************
   *                                JHU Generator v6.9.3                                 *
   ***************************************************************************************
   *                                                                                     *
   *   Spin and parity determination of single-produced resonances at hadron colliders   *
   *                                                                                     *
   *          I. Anderson, S. Bolognesi, F. Caola, Y. Gao, A. Gritsan, Z. Guo,           *
   *        C. Martin, K. Melnikov, R.Rontsch, H. Roskes, U. Sarica, M. Schulze,         *
   *                   N. Tran, A. Whitbeck, M. Xiao, C. You, Y. Zhou                    *
   *                Phys.Rev. D81 (2010) 075022;  arXiv:1001.3396 [hep-ph],              *
   *                Phys.Rev. D86 (2012) 095031;  arXiv:1208.4018 [hep-ph],              *
   *                Phys.Rev. D89 (2014) 035007;  arXiv:1309.4819 [hep-ph].              *
   *                                                                                     *
   ***************************************************************************************
                                                                                          
   
   Command line: ./JHUGen Unweighted=0 VegasNc0=99999999 VegasNc1=99999999 VegasNc2=99999999 LHAPDF=NNPDF30_lo_as_0130/NNPDF30_lo_as_0130.info MReso=438 Process=61 ghg2=1,0
   
   Input Parameter:
    Collider: P-P, sqrt(s)=13000.00
    Resonance: spin=0, mass= 438.00 width=   0.00407
    Jet cuts:
            pT >=    15.00 GeV
        DeltaR >=     0.30
           mJJ >=     0.00 GeV
    Random seed:   633181930
    To reproduce results using this seed, JHUGen should be compiled with the same compiler:
      GNU Fortran (GCC) 4.9.3
    
    WidthScheme:   2
    LHAPDF set NNPDF30_lo_as_0130/NNPDF30_lo_as_0130.info, member=  0
    Unweighted: F
    
    spin-0-VV couplings: 
      generate_as=F
      ghg2=  0.10000000E+01  0.00000000E+00i
      ghg3=  0.00000000E+00  0.00000000E+00i
      ghg4=  0.00000000E+00  0.00000000E+00i
      ghz1=  0.20000000E+01  0.00000000E+00i
      ghz2=  0.00000000E+00  0.00000000E+00i
      ghz3=  0.00000000E+00  0.00000000E+00i
      ghz4=  0.00000000E+00  0.00000000E+00i
      Lambda=  1000.0
    
    LHE output: ./data/output.lhe
    Histogram output: ./data/output.dat
    Log file: ./data/output.log
    
  Running

  Input parameters for vegas:  ndim=  9   ncall= 80707214.
                              it=    0    itmx=   15
                              acc=-1.00    
                              mds=  1     nd=  50
                              (xl,xu)= (  0.00000     ,  1.00000     )
                                       (  0.00000     ,  1.00000     )
                                       (  0.00000     ,  1.00000     )
                                       (  0.00000     ,  1.00000     )
                                       (  0.00000     ,  1.00000     )
                                       (  0.00000     ,  1.00000     )
                                       (  0.00000     ,  1.00000     )
                                       (  0.00000     ,  1.00000     )
                                       (  0.00000     ,  1.00000     )

#********** Integration by Vegas (iteration       1) ************
#                                                               *
#  integral  =  2061.8355       accum. integral =  2061.8355    *
#  std. dev. =  642.99621       accum. std. dev =  642.99621    *
#   min/max. wt. =    0.00000             611.032               *
#                                                               *
#*************   chi**2/iteration =  0.000       ****************


#********** Integration by Vegas (iteration       2) ************
#                                                               *
#  integral  =  1320.6885       accum. integral =  1322.3768    *
#  std. dev. =  19.680036       accum. std. dev =  25.770555    *
#   min/max. wt. =    0.00000             9.20779               *
#                                                               *
#*************   chi**2/iteration =  1.878       ****************


#********** Integration by Vegas (iteration       3) ************
#                                                               *
#  integral  =  1332.6267       accum. integral =  1330.1785    *
#  std. dev. =  11.111226       accum. std. dev =  11.707798    *
#   min/max. wt. =    0.00000             10.5192               *
#                                                               *
#*************   chi**2/iteration =  1.157       ****************


#********** Integration by Vegas (iteration       4) ************
#                                                               *
#  integral  =  1334.4898       accum. integral =  1333.7356    *
#  std. dev. =  4.4699274       accum. std. dev =  4.7016405    *
#   min/max. wt. =    0.00000             1.82614               *
#                                                               *
#*************   chi**2/iteration = 0.8771       ****************


#********** Integration by Vegas (iteration       5) ************
#                                                               *
#  integral  =  1335.8686       accum. integral =  1335.6656    *
#  std. dev. =  1.3180309       accum. std. dev =  1.4132097    *
#   min/max. wt. =    0.00000            0.251936               *
#                                                               *
#*************   chi**2/iteration = 0.7419       ****************


#********** Integration by Vegas (iteration       6) ************
#                                                               *
#  integral  =  1339.2419       accum. integral =  1337.7094    *
#  std. dev. =  1.0883610       accum. std. dev = 0.90883245    *
#   min/max. wt. =    0.00000            0.511282               *
#                                                               *
#*************   chi**2/iteration =  1.373       ****************


#********** Integration by Vegas (iteration       7) ************
#                                                               *
#  integral  =  1338.2751       accum. integral =  1337.9720    *
#  std. dev. = 0.88322910       accum. std. dev = 0.65653413    *
#   min/max. wt. =    0.00000            0.117559               *
#                                                               *
#*************   chi**2/iteration =  1.206       ****************


#********** Integration by Vegas (iteration       8) ************
#                                                               *
#  integral  =  1338.1079       accum. integral =  1338.0256    *
#  std. dev. = 0.74606985       accum. std. dev = 0.50590102    *
#   min/max. wt. =    0.00000            0.104738               *
#                                                               *
#*************   chi**2/iteration =  1.057       ****************


#********** Integration by Vegas (iteration       9) ************
#                                                               *
#  integral  =  1338.4219       accum. integral =  1338.1426    *
#  std. dev. = 0.72396011       accum. std. dev = 0.42135465    *
#   min/max. wt. =    0.00000            0.928510E-01           *
#                                                               *
#*************   chi**2/iteration = 0.9628       ****************


#********** Integration by Vegas (iteration      10) ************
#                                                               *
#  integral  =  1339.3774       accum. integral =  1338.4315    *
#  std. dev. = 0.71209272       accum. std. dev = 0.36641472    *
#   min/max. wt. =    0.00000            0.787060E-01           *
#                                                               *
#*************   chi**2/iteration =  1.093       ****************


#********** Integration by Vegas (iteration      11) ************
#                                                               *
#  integral  =  1338.5648       accum. integral =  1338.4565    *
#  std. dev. = 0.71780567       accum. std. dev = 0.32861623    *
#   min/max. wt. =    0.00000            0.165481               *
#                                                               *
#*************   chi**2/iteration = 0.9968       ****************


#********** Integration by Vegas (iteration      12) ************
#                                                               *
#  integral  =  1337.4065       accum. integral =  1338.2879    *
#  std. dev. = 0.70932669       accum. std. dev = 0.29971936    *
#   min/max. wt. =    0.00000            0.110465               *
#                                                               *
#*************   chi**2/iteration =  1.065       ****************


#********** Integration by Vegas (iteration      13) ************
#                                                               *
#  integral  =  1337.6411       accum. integral =  1338.1964    *
#  std. dev. = 0.70005946       accum. std. dev = 0.27662671    *
#   min/max. wt. =    0.00000            0.803537E-01           *
#                                                               *
#*************   chi**2/iteration =  1.039       ****************


#********** Integration by Vegas (iteration      14) ************
#                                                               *
#  integral  =  1339.3738       accum. integral =  1338.3376    *
#  std. dev. = 0.71445884       accum. std. dev = 0.25866791    *
#   min/max. wt. =    0.00000            0.114210               *
#                                                               *
#*************   chi**2/iteration =  1.134       ****************


#********** Integration by Vegas (iteration      15) ************
#                                                               *
#  integral  =  1339.4749       accum. integral =  1338.4607    *
#  std. dev. = 0.71007141       accum. std. dev = 0.24357176    *
#   min/max. wt. =    0.00000            0.855288E-01           *
#                                                               *
#*************   chi**2/iteration =  1.209       ****************


  Input parameters for vegas:  ndim=  9   ncall= 80707214.
                              it=    0    itmx=    2
                              acc=-1.00    
                              mds=  1     nd=  50
                              (xl,xu)= (  0.00000     ,  1.00000     )
                                       (  0.00000     ,  1.00000     )
                                       (  0.00000     ,  1.00000     )
                                       (  0.00000     ,  1.00000     )
                                       (  0.00000     ,  1.00000     )
                                       (  0.00000     ,  1.00000     )
                                       (  0.00000     ,  1.00000     )
                                       (  0.00000     ,  1.00000     )
                                       (  0.00000     ,  1.00000     )

#********** Integration by Vegas (iteration       1) ************
#                                                               *
#  integral  =  1338.4082       accum. integral =  1338.4082    *
#  std. dev. = 0.70746834       accum. std. dev = 0.70746834    *
#   min/max. wt. =    0.00000            0.782932E-01           *
#                                                               *
#*************   chi**2/iteration =  0.000       ****************


#********** Integration by Vegas (iteration       2) ************
#                                                               *
#  integral  =  1338.9171       accum. integral =  1338.6424    *
#  std. dev. = 0.76644471       accum. std. dev = 0.51986452    *
#   min/max. wt. =    0.00000            0.281476               *
#                                                               *
#*************   chi**2/iteration = 0.2378       ****************

 Done
