SLURM job running in:  /scratch/groups/lhc/park/JHUGen/JHUGenerator
LHAPDF 6.1.5 loading /work-zfs/lhc/cms/slc6_amd64_gcc493/external/lhapdf/6.1.5-kpegke3/share/LHAPDF/NNPDF30_lo_as_0130/NNPDF30_lo_as_0130_0000.dat
NNPDF30_lo_as_0130 PDF set, member #0, version 2; LHAPDF ID = 263000
 
                                                                                          
   ***************************************************************************************
   *                                JHU Generator v6.9.3                                 *
   ***************************************************************************************
   *                                                                                     *
   *   Spin and parity determination of single-produced resonances at hadron colliders   *
   *                                                                                     *
   *          I. Anderson, S. Bolognesi, F. Caola, Y. Gao, A. Gritsan, Z. Guo,           *
   *        C. Martin, K. Melnikov, R.Rontsch, H. Roskes, U. Sarica, M. Schulze,         *
   *                   N. Tran, A. Whitbeck, M. Xiao, C. You, Y. Zhou                    *
   *                Phys.Rev. D81 (2010) 075022;  arXiv:1001.3396 [hep-ph],              *
   *                Phys.Rev. D86 (2012) 095031;  arXiv:1208.4018 [hep-ph],              *
   *                Phys.Rev. D89 (2014) 035007;  arXiv:1309.4819 [hep-ph].              *
   *                                                                                     *
   ***************************************************************************************
                                                                                          
   
   Command line: ./JHUGen Unweighted=0 VegasNc0=99999999 VegasNc1=99999999 VegasNc2=99999999 LHAPDF=NNPDF30_lo_as_0130/NNPDF30_lo_as_0130.info MReso=454 Process=61 ghg2=1,0
   
   Input Parameter:
    Collider: P-P, sqrt(s)=13000.00
    Resonance: spin=0, mass= 454.00 width=   0.00407
    Jet cuts:
            pT >=    15.00 GeV
        DeltaR >=     0.30
           mJJ >=     0.00 GeV
    Random seed:   741196300
    To reproduce results using this seed, JHUGen should be compiled with the same compiler:
      GNU Fortran (GCC) 4.9.3
    
    WidthScheme:   2
    LHAPDF set NNPDF30_lo_as_0130/NNPDF30_lo_as_0130.info, member=  0
    Unweighted: F
    
    spin-0-VV couplings: 
      generate_as=F
      ghg2=  0.10000000E+01  0.00000000E+00i
      ghg3=  0.00000000E+00  0.00000000E+00i
      ghg4=  0.00000000E+00  0.00000000E+00i
      ghz1=  0.20000000E+01  0.00000000E+00i
      ghz2=  0.00000000E+00  0.00000000E+00i
      ghz3=  0.00000000E+00  0.00000000E+00i
      ghz4=  0.00000000E+00  0.00000000E+00i
      Lambda=  1000.0
    
    LHE output: ./data/output.lhe
    Histogram output: ./data/output.dat
    Log file: ./data/output.log
    
  Running

  Input parameters for vegas:  ndim=  9   ncall= 80707214.
                              it=    0    itmx=   15
                              acc=-1.00    
                              mds=  1     nd=  50
                              (xl,xu)= (  0.00000     ,  1.00000     )
                                       (  0.00000     ,  1.00000     )
                                       (  0.00000     ,  1.00000     )
                                       (  0.00000     ,  1.00000     )
                                       (  0.00000     ,  1.00000     )
                                       (  0.00000     ,  1.00000     )
                                       (  0.00000     ,  1.00000     )
                                       (  0.00000     ,  1.00000     )
                                       (  0.00000     ,  1.00000     )

#********** Integration by Vegas (iteration       1) ************
#                                                               *
#  integral  =  1072.3922       accum. integral =  1072.3922    *
#  std. dev. =  64.716497       accum. std. dev =  64.716497    *
#   min/max. wt. =    0.00000             33.5055               *
#                                                               *
#*************   chi**2/iteration =  0.000       ****************


#********** Integration by Vegas (iteration       2) ************
#                                                               *
#  integral  =  1221.2447       accum. integral =  1213.9637    *
#  std. dev. =  16.713644       accum. std. dev =  15.338597    *
#   min/max. wt. =    0.00000             9.82356               *
#                                                               *
#*************   chi**2/iteration =  4.377       ****************


#********** Integration by Vegas (iteration       3) ************
#                                                               *
#  integral  =  1235.5873       accum. integral =  1231.3490    *
#  std. dev. =  8.1425003       accum. std. dev =  6.9650092    *
#   min/max. wt. =    0.00000             4.31188               *
#                                                               *
#*************   chi**2/iteration =  2.840       ****************


#********** Integration by Vegas (iteration       4) ************
#                                                               *
#  integral  =  1226.8830       accum. integral =  1227.3412    *
#  std. dev. =  2.4512129       accum. std. dev =  2.2540490    *
#   min/max. wt. =    0.00000             1.22174               *
#                                                               *
#*************   chi**2/iteration =  1.976       ****************


#********** Integration by Vegas (iteration       5) ************
#                                                               *
#  integral  =  1230.0677       accum. integral =  1229.4373    *
#  std. dev. =  1.2766680       accum. std. dev =  1.0910138    *
#   min/max. wt. =    0.00000            0.319854               *
#                                                               *
#*************   chi**2/iteration =  1.740       ****************


#********** Integration by Vegas (iteration       6) ************
#                                                               *
#  integral  =  1231.9050       accum. integral =  1230.9737    *
#  std. dev. = 0.87281152       accum. std. dev = 0.67334372    *
#   min/max. wt. =    0.00000            0.148183               *
#                                                               *
#*************   chi**2/iteration =  2.010       ****************


#********** Integration by Vegas (iteration       7) ************
#                                                               *
#  integral  =  1228.6197       accum. integral =  1229.8466    *
#  std. dev. = 0.71664061       accum. std. dev = 0.48752480    *
#   min/max. wt. =    0.00000            0.893156E-01           *
#                                                               *
#*************   chi**2/iteration =  2.635       ****************


#********** Integration by Vegas (iteration       8) ************
#                                                               *
#  integral  =  1231.0727       accum. integral =  1230.2148    *
#  std. dev. = 0.75841409       accum. std. dev = 0.40878652    *
#   min/max. wt. =    0.00000            0.181424               *
#                                                               *
#*************   chi**2/iteration =  2.518       ****************


#********** Integration by Vegas (iteration       9) ************
#                                                               *
#  integral  =  1229.6473       accum. integral =  1230.0700    *
#  std. dev. = 0.70919429       accum. std. dev = 0.35340223    *
#   min/max. wt. =    0.00000            0.156909               *
#                                                               *
#*************   chi**2/iteration =  2.257       ****************


#********** Integration by Vegas (iteration      10) ************
#                                                               *
#  integral  =  1230.2795       accum. integral =  1230.1169    *
#  std. dev. = 0.66771821       accum. std. dev = 0.31181979    *
#   min/max. wt. =    0.00000            0.468075E-01           *
#                                                               *
#*************   chi**2/iteration =  2.009       ****************


#********** Integration by Vegas (iteration      11) ************
#                                                               *
#  integral  =  1231.0091       accum. integral =  1230.2843    *
#  std. dev. = 0.65759090       accum. std. dev = 0.28139712    *
#   min/max. wt. =    0.00000            0.609966E-01           *
#                                                               *
#*************   chi**2/iteration =  1.957       ****************


#********** Integration by Vegas (iteration      12) ************
#                                                               *
#  integral  =  1230.0785       accum. integral =  1230.2519    *
#  std. dev. = 0.65870481       accum. std. dev = 0.25856284    *
#   min/max. wt. =    0.00000            0.100107               *
#                                                               *
#*************   chi**2/iteration =  1.783       ****************


#********** Integration by Vegas (iteration      13) ************
#                                                               *
#  integral  =  1229.4247       accum. integral =  1230.1337    *
#  std. dev. = 0.63965918       accum. std. dev = 0.23956771    *
#   min/max. wt. =    0.00000            0.566390E-01           *
#                                                               *
#*************   chi**2/iteration =  1.754       ****************


#********** Integration by Vegas (iteration      14) ************
#                                                               *
#  integral  =  1231.1271       accum. integral =  1230.1967    *
#  std. dev. = 0.93028788       accum. std. dev = 0.23202121    *
#   min/max. wt. =    0.00000            0.652421               *
#                                                               *
#*************   chi**2/iteration =  1.700       ****************


#********** Integration by Vegas (iteration      15) ************
#                                                               *
#  integral  =  1230.2138       accum. integral =  1230.1978    *
#  std. dev. = 0.89982086       accum. std. dev = 0.22468119    *
#   min/max. wt. =    0.00000            0.939779E-01           *
#                                                               *
#*************   chi**2/iteration =  1.577       ****************


  Input parameters for vegas:  ndim=  9   ncall= 80707214.
                              it=    0    itmx=    2
                              acc=-1.00    
                              mds=  1     nd=  50
                              (xl,xu)= (  0.00000     ,  1.00000     )
                                       (  0.00000     ,  1.00000     )
                                       (  0.00000     ,  1.00000     )
                                       (  0.00000     ,  1.00000     )
                                       (  0.00000     ,  1.00000     )
                                       (  0.00000     ,  1.00000     )
                                       (  0.00000     ,  1.00000     )
                                       (  0.00000     ,  1.00000     )
                                       (  0.00000     ,  1.00000     )

#********** Integration by Vegas (iteration       1) ************
#                                                               *
#  integral  =  1230.6074       accum. integral =  1230.6074    *
#  std. dev. = 0.80644092       accum. std. dev = 0.80644092    *
#   min/max. wt. =    0.00000            0.425914               *
#                                                               *
#*************   chi**2/iteration =  0.000       ****************


#********** Integration by Vegas (iteration       2) ************
#                                                               *
#  integral  =  1229.1122       accum. integral =  1229.8125    *
#  std. dev. = 0.75594190       accum. std. dev = 0.55154231    *
#   min/max. wt. =    0.00000            0.378333E-01           *
#                                                               *
#*************   chi**2/iteration =  1.828       ****************

 Done
