SLURM job running in:  /scratch/groups/lhc/park/JHUGen/JHUGenerator
LHAPDF 6.1.5 loading /work-zfs/lhc/cms/slc6_amd64_gcc493/external/lhapdf/6.1.5-kpegke3/share/LHAPDF/NNPDF30_lo_as_0130/NNPDF30_lo_as_0130_0000.dat
NNPDF30_lo_as_0130 PDF set, member #0, version 2; LHAPDF ID = 263000
 
                                                                                          
   ***************************************************************************************
   *                                JHU Generator v6.9.3                                 *
   ***************************************************************************************
   *                                                                                     *
   *   Spin and parity determination of single-produced resonances at hadron colliders   *
   *                                                                                     *
   *          I. Anderson, S. Bolognesi, F. Caola, Y. Gao, A. Gritsan, Z. Guo,           *
   *        C. Martin, K. Melnikov, R.Rontsch, H. Roskes, U. Sarica, M. Schulze,         *
   *                   N. Tran, A. Whitbeck, M. Xiao, C. You, Y. Zhou                    *
   *                Phys.Rev. D81 (2010) 075022;  arXiv:1001.3396 [hep-ph],              *
   *                Phys.Rev. D86 (2012) 095031;  arXiv:1208.4018 [hep-ph],              *
   *                Phys.Rev. D89 (2014) 035007;  arXiv:1309.4819 [hep-ph].              *
   *                                                                                     *
   ***************************************************************************************
                                                                                          
   
   Command line: ./JHUGen Unweighted=0 VegasNc0=99999999 VegasNc1=99999999 VegasNc2=99999999 LHAPDF=NNPDF30_lo_as_0130/NNPDF30_lo_as_0130.info MReso=470 Process=61 ghg2=1,0
   
   Input Parameter:
    Collider: P-P, sqrt(s)=13000.00
    Resonance: spin=0, mass= 470.00 width=   0.00407
    Jet cuts:
            pT >=    15.00 GeV
        DeltaR >=     0.30
           mJJ >=     0.00 GeV
    Random seed:   793187516
    To reproduce results using this seed, JHUGen should be compiled with the same compiler:
      GNU Fortran (GCC) 4.9.3
    
    WidthScheme:   2
    LHAPDF set NNPDF30_lo_as_0130/NNPDF30_lo_as_0130.info, member=  0
    Unweighted: F
    
    spin-0-VV couplings: 
      generate_as=F
      ghg2=  0.10000000E+01  0.00000000E+00i
      ghg3=  0.00000000E+00  0.00000000E+00i
      ghg4=  0.00000000E+00  0.00000000E+00i
      ghz1=  0.20000000E+01  0.00000000E+00i
      ghz2=  0.00000000E+00  0.00000000E+00i
      ghz3=  0.00000000E+00  0.00000000E+00i
      ghz4=  0.00000000E+00  0.00000000E+00i
      Lambda=  1000.0
    
    LHE output: ./data/output.lhe
    Histogram output: ./data/output.dat
    Log file: ./data/output.log
    
  Running

  Input parameters for vegas:  ndim=  9   ncall= 80707214.
                              it=    0    itmx=   15
                              acc=-1.00    
                              mds=  1     nd=  50
                              (xl,xu)= (  0.00000     ,  1.00000     )
                                       (  0.00000     ,  1.00000     )
                                       (  0.00000     ,  1.00000     )
                                       (  0.00000     ,  1.00000     )
                                       (  0.00000     ,  1.00000     )
                                       (  0.00000     ,  1.00000     )
                                       (  0.00000     ,  1.00000     )
                                       (  0.00000     ,  1.00000     )
                                       (  0.00000     ,  1.00000     )

#********** Integration by Vegas (iteration       1) ************
#                                                               *
#  integral  =  1508.7467       accum. integral =  1508.7467    *
#  std. dev. =  407.30663       accum. std. dev =  407.30663    *
#   min/max. wt. =    0.00000             386.675               *
#                                                               *
#*************   chi**2/iteration =  0.000       ****************


#********** Integration by Vegas (iteration       2) ************
#                                                               *
#  integral  =  1123.7662       accum. integral =  1125.9833    *
#  std. dev. =  23.089482       accum. std. dev =  27.253330    *
#   min/max. wt. =    0.00000             14.3286               *
#                                                               *
#*************   chi**2/iteration =  1.141       ****************


#********** Integration by Vegas (iteration       3) ************
#                                                               *
#  integral  =  1121.6648       accum. integral =  1121.7686    *
#  std. dev. =  3.6073947       accum. std. dev =  4.0177422    *
#   min/max. wt. =    0.00000             1.26550               *
#                                                               *
#*************   chi**2/iteration = 0.6454       ****************


#********** Integration by Vegas (iteration       4) ************
#                                                               *
#  integral  =  1133.7498       accum. integral =  1131.7506    *
#  std. dev. =  1.6120602       accum. std. dev =  1.6004435    *
#   min/max. wt. =    0.00000            0.554477               *
#                                                               *
#*************   chi**2/iteration =  3.049       ****************


#********** Integration by Vegas (iteration       5) ************
#                                                               *
#  integral  =  1131.5573       accum. integral =  1131.6368    *
#  std. dev. =  1.2278446       accum. std. dev =  1.0102142    *
#   min/max. wt. =    0.00000            0.781392               *
#                                                               *
#*************   chi**2/iteration =  2.364       ****************


#********** Integration by Vegas (iteration       6) ************
#                                                               *
#  integral  =  1133.5276       accum. integral =  1132.3865    *
#  std. dev. =  1.1642541       accum. std. dev = 0.77642722    *
#   min/max. wt. =    0.00000            0.713480               *
#                                                               *
#*************   chi**2/iteration =  2.216       ****************


#********** Integration by Vegas (iteration       7) ************
#                                                               *
#  integral  =  1131.0645       accum. integral =  1131.8086    *
#  std. dev. = 0.83003978       accum. std. dev = 0.57781224    *
#   min/max. wt. =    0.00000            0.646199E-01           *
#                                                               *
#*************   chi**2/iteration =  2.091       ****************


#********** Integration by Vegas (iteration       8) ************
#                                                               *
#  integral  =  1132.8115       accum. integral =  1132.2266    *
#  std. dev. = 0.65017939       accum. std. dev = 0.43863371    *
#   min/max. wt. =    0.00000            0.721758E-01           *
#                                                               *
#*************   chi**2/iteration =  1.996       ****************


#********** Integration by Vegas (iteration       9) ************
#                                                               *
#  integral  =  1132.4757       accum. integral =  1132.3057    *
#  std. dev. = 0.61519843       accum. std. dev = 0.36065293    *
#   min/max. wt. =    0.00000            0.693722E-01           *
#                                                               *
#*************   chi**2/iteration =  1.776       ****************


#********** Integration by Vegas (iteration      10) ************
#                                                               *
#  integral  =  1131.9593       accum. integral =  1132.2215    *
#  std. dev. = 0.61164492       accum. std. dev = 0.31258779    *
#   min/max. wt. =    0.00000            0.858750E-01           *
#                                                               *
#*************   chi**2/iteration =  1.616       ****************


#********** Integration by Vegas (iteration      11) ************
#                                                               *
#  integral  =  1132.6680       accum. integral =  1132.3034    *
#  std. dev. = 0.63639621       accum. std. dev = 0.28157679    *
#   min/max. wt. =    0.00000            0.213357               *
#                                                               *
#*************   chi**2/iteration =  1.501       ****************


#********** Integration by Vegas (iteration      12) ************
#                                                               *
#  integral  =  1131.9711       accum. integral =  1132.2494    *
#  std. dev. = 0.61836904       accum. std. dev = 0.25699094    *
#   min/max. wt. =    0.00000            0.581576E-01           *
#                                                               *
#*************   chi**2/iteration =  1.393       ****************


#********** Integration by Vegas (iteration      13) ************
#                                                               *
#  integral  =  1132.8459       accum. integral =  1132.3334    *
#  std. dev. = 0.61621446       accum. std. dev = 0.23767928    *
#   min/max. wt. =    0.00000            0.139892               *
#                                                               *
#*************   chi**2/iteration =  1.346       ****************


#********** Integration by Vegas (iteration      14) ************
#                                                               *
#  integral  =  1131.3534       accum. integral =  1132.2060    *
#  std. dev. = 0.59734127       accum. std. dev = 0.22124404    *
#   min/max. wt. =    0.00000            0.684137E-01           *
#                                                               *
#*************   chi**2/iteration =  1.418       ****************


#********** Integration by Vegas (iteration      15) ************
#                                                               *
#  integral  =  1131.0930       accum. integral =  1132.0758    *
#  std. dev. = 0.59180330       accum. std. dev = 0.20754135    *
#   min/max. wt. =    0.00000            0.402266E-01           *
#                                                               *
#*************   chi**2/iteration =  1.533       ****************


  Input parameters for vegas:  ndim=  9   ncall= 80707214.
                              it=    0    itmx=    2
                              acc=-1.00    
                              mds=  1     nd=  50
                              (xl,xu)= (  0.00000     ,  1.00000     )
                                       (  0.00000     ,  1.00000     )
                                       (  0.00000     ,  1.00000     )
                                       (  0.00000     ,  1.00000     )
                                       (  0.00000     ,  1.00000     )
                                       (  0.00000     ,  1.00000     )
                                       (  0.00000     ,  1.00000     )
                                       (  0.00000     ,  1.00000     )
                                       (  0.00000     ,  1.00000     )

#********** Integration by Vegas (iteration       1) ************
#                                                               *
#  integral  =  1132.6832       accum. integral =  1132.6832    *
#  std. dev. = 0.60367205       accum. std. dev = 0.60367205    *
#   min/max. wt. =    0.00000            0.114384               *
#                                                               *
#*************   chi**2/iteration = -.6389E-06   ****************


#********** Integration by Vegas (iteration       2) ************
#                                                               *
#  integral  =  1133.1013       accum. integral =  1132.8951    *
#  std. dev. = 0.59566070       accum. std. dev = 0.42399874    *
#   min/max. wt. =    0.00000            0.397685E-01           *
#                                                               *
#*************   chi**2/iteration = 0.2428       ****************

 Done
