SLURM job running in:  /scratch/groups/lhc/park/JHUGen/JHUGenerator
LHAPDF 6.1.5 loading /work-zfs/lhc/cms/slc6_amd64_gcc493/external/lhapdf/6.1.5-kpegke3/share/LHAPDF/NNPDF30_lo_as_0130/NNPDF30_lo_as_0130_0000.dat
NNPDF30_lo_as_0130 PDF set, member #0, version 2; LHAPDF ID = 263000
 
                                                                                          
   ***************************************************************************************
   *                                JHU Generator v6.9.3                                 *
   ***************************************************************************************
   *                                                                                     *
   *   Spin and parity determination of single-produced resonances at hadron colliders   *
   *                                                                                     *
   *          I. Anderson, S. Bolognesi, F. Caola, Y. Gao, A. Gritsan, Z. Guo,           *
   *        C. Martin, K. Melnikov, R.Rontsch, H. Roskes, U. Sarica, M. Schulze,         *
   *                   N. Tran, A. Whitbeck, M. Xiao, C. You, Y. Zhou                    *
   *                Phys.Rev. D81 (2010) 075022;  arXiv:1001.3396 [hep-ph],              *
   *                Phys.Rev. D86 (2012) 095031;  arXiv:1208.4018 [hep-ph],              *
   *                Phys.Rev. D89 (2014) 035007;  arXiv:1309.4819 [hep-ph].              *
   *                                                                                     *
   ***************************************************************************************
                                                                                          
   
   Command line: ./JHUGen Unweighted=0 VegasNc0=99999999 VegasNc1=99999999 VegasNc2=99999999 LHAPDF=NNPDF30_lo_as_0130/NNPDF30_lo_as_0130.info MReso=474 Process=61 ghg2=1,0
   
   Input Parameter:
    Collider: P-P, sqrt(s)=13000.00
    Resonance: spin=0, mass= 474.00 width=   0.00407
    Jet cuts:
            pT >=    15.00 GeV
        DeltaR >=     0.30
           mJJ >=     0.00 GeV
    Random seed:   413777889
    To reproduce results using this seed, JHUGen should be compiled with the same compiler:
      GNU Fortran (GCC) 4.9.3
    
    WidthScheme:   2
    LHAPDF set NNPDF30_lo_as_0130/NNPDF30_lo_as_0130.info, member=  0
    Unweighted: F
    
    spin-0-VV couplings: 
      generate_as=F
      ghg2=  0.10000000E+01  0.00000000E+00i
      ghg3=  0.00000000E+00  0.00000000E+00i
      ghg4=  0.00000000E+00  0.00000000E+00i
      ghz1=  0.20000000E+01  0.00000000E+00i
      ghz2=  0.00000000E+00  0.00000000E+00i
      ghz3=  0.00000000E+00  0.00000000E+00i
      ghz4=  0.00000000E+00  0.00000000E+00i
      Lambda=  1000.0
    
    LHE output: ./data/output.lhe
    Histogram output: ./data/output.dat
    Log file: ./data/output.log
    
  Running

  Input parameters for vegas:  ndim=  9   ncall= 80707214.
                              it=    0    itmx=   15
                              acc=-1.00    
                              mds=  1     nd=  50
                              (xl,xu)= (  0.00000     ,  1.00000     )
                                       (  0.00000     ,  1.00000     )
                                       (  0.00000     ,  1.00000     )
                                       (  0.00000     ,  1.00000     )
                                       (  0.00000     ,  1.00000     )
                                       (  0.00000     ,  1.00000     )
                                       (  0.00000     ,  1.00000     )
                                       (  0.00000     ,  1.00000     )
                                       (  0.00000     ,  1.00000     )

#********** Integration by Vegas (iteration       1) ************
#                                                               *
#  integral  =  1085.0640       accum. integral =  1085.0640    *
#  std. dev. =  77.508249       accum. std. dev =  77.508249    *
#   min/max. wt. =    0.00000             50.1842               *
#                                                               *
#*************   chi**2/iteration =  0.000       ****************


#********** Integration by Vegas (iteration       2) ************
#                                                               *
#  integral  =  1078.4058       accum. integral =  1078.6250    *
#  std. dev. =  14.213499       accum. std. dev =  14.020774    *
#   min/max. wt. =    0.00000             9.04949               *
#                                                               *
#*************   chi**2/iteration = 0.7173E-02   ****************


#********** Integration by Vegas (iteration       3) ************
#                                                               *
#  integral  =  1099.4862       accum. integral =  1097.0830    *
#  std. dev. =  5.1421092       accum. std. dev =  4.7849608    *
#   min/max. wt. =    0.00000             2.24150               *
#                                                               *
#*************   chi**2/iteration = 0.9718       ****************


#********** Integration by Vegas (iteration       4) ************
#                                                               *
#  integral  =  1113.9233       accum. integral =  1102.2629    *
#  std. dev. =  7.3523835       accum. std. dev =  4.0058567    *
#   min/max. wt. =    0.00000             7.18674               *
#                                                               *
#*************   chi**2/iteration =  1.894       ****************


#********** Integration by Vegas (iteration       5) ************
#                                                               *
#  integral  =  1111.5955       accum. integral =  1107.7368    *
#  std. dev. =  3.4164406       accum. std. dev =  2.5839990    *
#   min/max. wt. =    0.00000            0.342648               *
#                                                               *
#*************   chi**2/iteration =  2.203       ****************


#********** Integration by Vegas (iteration       6) ************
#                                                               *
#  integral  =  1109.2120       accum. integral =  1109.0360    *
#  std. dev. = 0.96100078       accum. std. dev = 0.89411477    *
#   min/max. wt. =    0.00000            0.201018               *
#                                                               *
#*************   chi**2/iteration =  1.813       ****************


#********** Integration by Vegas (iteration       7) ************
#                                                               *
#  integral  =  1108.8785       accum. integral =  1108.9382    *
#  std. dev. = 0.70417062       accum. std. dev = 0.55102390    *
#   min/max. wt. =    0.00000            0.109722               *
#                                                               *
#*************   chi**2/iteration =  1.511       ****************


#********** Integration by Vegas (iteration       8) ************
#                                                               *
#  integral  =  1108.6753       accum. integral =  1108.8231    *
#  std. dev. = 0.62880950       accum. std. dev = 0.41353051    *
#   min/max. wt. =    0.00000            0.523654E-01           *
#                                                               *
#*************   chi**2/iteration =  1.307       ****************


#********** Integration by Vegas (iteration       9) ************
#                                                               *
#  integral  =  1109.6688       accum. integral =  1109.0854    *
#  std. dev. = 0.62111591       accum. std. dev = 0.34374693    *
#   min/max. wt. =    0.00000            0.119197               *
#                                                               *
#*************   chi**2/iteration =  1.304       ****************


#********** Integration by Vegas (iteration      10) ************
#                                                               *
#  integral  =  1109.9271       accum. integral =  1109.2973    *
#  std. dev. = 0.59634867       accum. std. dev = 0.29752718    *
#   min/max. wt. =    0.00000            0.413827E-01           *
#                                                               *
#*************   chi**2/iteration =  1.325       ****************


#********** Integration by Vegas (iteration      11) ************
#                                                               *
#  integral  =  1109.0167       accum. integral =  1109.2399    *
#  std. dev. = 0.58954851       accum. std. dev = 0.26547067    *
#   min/max. wt. =    0.00000            0.528842E-01           *
#                                                               *
#*************   chi**2/iteration =  1.209       ****************


#********** Integration by Vegas (iteration      12) ************
#                                                               *
#  integral  =  1108.7999       accum. integral =  1109.1743    *
#  std. dev. = 0.63678670       accum. std. dev = 0.24496191    *
#   min/max. wt. =    0.00000            0.248543               *
#                                                               *
#*************   chi**2/iteration =  1.136       ****************


#********** Integration by Vegas (iteration      13) ************
#                                                               *
#  integral  =  1108.0315       accum. integral =  1109.0206    *
#  std. dev. = 0.62349246       accum. std. dev = 0.22795422    *
#   min/max. wt. =    0.00000            0.727844E-01           *
#                                                               *
#*************   chi**2/iteration =  1.284       ****************


#********** Integration by Vegas (iteration      14) ************
#                                                               *
#  integral  =  1109.6947       accum. integral =  1109.1068    *
#  std. dev. = 0.59804942       accum. std. dev = 0.21295223    *
#   min/max. wt. =    0.00000            0.907776E-01           *
#                                                               *
#*************   chi**2/iteration =  1.271       ****************


#********** Integration by Vegas (iteration      15) ************
#                                                               *
#  integral  =  1110.0362       accum. integral =  1109.2083    *
#  std. dev. = 0.61105746       accum. std. dev = 0.20105310    *
#   min/max. wt. =    0.00000            0.159705               *
#                                                               *
#*************   chi**2/iteration =  1.328       ****************


  Input parameters for vegas:  ndim=  9   ncall= 80707214.
                              it=    0    itmx=    2
                              acc=-1.00    
                              mds=  1     nd=  50
                              (xl,xu)= (  0.00000     ,  1.00000     )
                                       (  0.00000     ,  1.00000     )
                                       (  0.00000     ,  1.00000     )
                                       (  0.00000     ,  1.00000     )
                                       (  0.00000     ,  1.00000     )
                                       (  0.00000     ,  1.00000     )
                                       (  0.00000     ,  1.00000     )
                                       (  0.00000     ,  1.00000     )
                                       (  0.00000     ,  1.00000     )

#********** Integration by Vegas (iteration       1) ************
#                                                               *
#  integral  =  1109.1905       accum. integral =  1109.1905    *
#  std. dev. = 0.59616049       accum. std. dev = 0.59616049    *
#   min/max. wt. =    0.00000            0.500348E-01           *
#                                                               *
#*************   chi**2/iteration =  0.000       ****************


#********** Integration by Vegas (iteration       2) ************
#                                                               *
#  integral  =  1109.1162       accum. integral =  1109.1558    *
#  std. dev. = 0.63550405       accum. std. dev = 0.43479214    *
#   min/max. wt. =    0.00000            0.243968               *
#                                                               *
#*************   chi**2/iteration = 0.7270E-02   ****************

 Done
