SLURM job running in:  /scratch/groups/lhc/park/JHUGen/JHUGenerator
LHAPDF 6.1.5 loading /work-zfs/lhc/cms/slc6_amd64_gcc493/external/lhapdf/6.1.5-kpegke3/share/LHAPDF/NNPDF30_lo_as_0130/NNPDF30_lo_as_0130_0000.dat
NNPDF30_lo_as_0130 PDF set, member #0, version 2; LHAPDF ID = 263000
 
                                                                                          
   ***************************************************************************************
   *                                JHU Generator v6.9.3                                 *
   ***************************************************************************************
   *                                                                                     *
   *   Spin and parity determination of single-produced resonances at hadron colliders   *
   *                                                                                     *
   *          I. Anderson, S. Bolognesi, F. Caola, Y. Gao, A. Gritsan, Z. Guo,           *
   *        C. Martin, K. Melnikov, R.Rontsch, H. Roskes, U. Sarica, M. Schulze,         *
   *                   N. Tran, A. Whitbeck, M. Xiao, C. You, Y. Zhou                    *
   *                Phys.Rev. D81 (2010) 075022;  arXiv:1001.3396 [hep-ph],              *
   *                Phys.Rev. D86 (2012) 095031;  arXiv:1208.4018 [hep-ph],              *
   *                Phys.Rev. D89 (2014) 035007;  arXiv:1309.4819 [hep-ph].              *
   *                                                                                     *
   ***************************************************************************************
                                                                                          
   
   Command line: ./JHUGen Unweighted=0 VegasNc0=99999999 VegasNc1=99999999 VegasNc2=99999999 LHAPDF=NNPDF30_lo_as_0130/NNPDF30_lo_as_0130.info MReso=478 Process=61 ghg2=1,0
   
   Input Parameter:
    Collider: P-P, sqrt(s)=13000.00
    Resonance: spin=0, mass= 478.00 width=   0.00407
    Jet cuts:
            pT >=    15.00 GeV
        DeltaR >=     0.30
           mJJ >=     0.00 GeV
    Random seed:   419812878
    To reproduce results using this seed, JHUGen should be compiled with the same compiler:
      GNU Fortran (GCC) 4.9.3
    
    WidthScheme:   2
    LHAPDF set NNPDF30_lo_as_0130/NNPDF30_lo_as_0130.info, member=  0
    Unweighted: F
    
    spin-0-VV couplings: 
      generate_as=F
      ghg2=  0.10000000E+01  0.00000000E+00i
      ghg3=  0.00000000E+00  0.00000000E+00i
      ghg4=  0.00000000E+00  0.00000000E+00i
      ghz1=  0.20000000E+01  0.00000000E+00i
      ghz2=  0.00000000E+00  0.00000000E+00i
      ghz3=  0.00000000E+00  0.00000000E+00i
      ghz4=  0.00000000E+00  0.00000000E+00i
      Lambda=  1000.0
    
    LHE output: ./data/output.lhe
    Histogram output: ./data/output.dat
    Log file: ./data/output.log
    
  Running

  Input parameters for vegas:  ndim=  9   ncall= 80707214.
                              it=    0    itmx=   15
                              acc=-1.00    
                              mds=  1     nd=  50
                              (xl,xu)= (  0.00000     ,  1.00000     )
                                       (  0.00000     ,  1.00000     )
                                       (  0.00000     ,  1.00000     )
                                       (  0.00000     ,  1.00000     )
                                       (  0.00000     ,  1.00000     )
                                       (  0.00000     ,  1.00000     )
                                       (  0.00000     ,  1.00000     )
                                       (  0.00000     ,  1.00000     )
                                       (  0.00000     ,  1.00000     )

#********** Integration by Vegas (iteration       1) ************
#                                                               *
#  integral  =  1956.9250       accum. integral =  1956.9250    *
#  std. dev. =  1018.1859       accum. std. dev =  1018.1859    *
#   min/max. wt. =    0.00000             1015.70               *
#                                                               *
#*************   chi**2/iteration = 0.4492E-12   ****************


#********** Integration by Vegas (iteration       2) ************
#                                                               *
#  integral  =  1098.4011       accum. integral =  1103.5352    *
#  std. dev. =  44.327360       accum. std. dev =  63.846637    *
#   min/max. wt. =    0.00000             40.4674               *
#                                                               *
#*************   chi**2/iteration =  1.074       ****************


#********** Integration by Vegas (iteration       3) ************
#                                                               *
#  integral  =  1081.2203       accum. integral =  1081.7087    *
#  std. dev. =  6.5074148       accum. std. dev =  8.5605580    *
#   min/max. wt. =    0.00000             3.95406               *
#                                                               *
#*************   chi**2/iteration = 0.7266       ****************


#********** Integration by Vegas (iteration       4) ************
#                                                               *
#  integral  =  1087.2576       accum. integral =  1086.3385    *
#  std. dev. =  2.8835305       accum. std. dev =  3.2921486    *
#   min/max. wt. =    0.00000             1.69992               *
#                                                               *
#*************   chi**2/iteration = 0.6734       ****************


#********** Integration by Vegas (iteration       5) ************
#                                                               *
#  integral  =  1086.9120       accum. integral =  1086.7742    *
#  std. dev. =  1.4803806       accum. std. dev =  1.5541922    *
#   min/max. wt. =    0.00000            0.508185               *
#                                                               *
#*************   chi**2/iteration = 0.5506       ****************


#********** Integration by Vegas (iteration       6) ************
#                                                               *
#  integral  =  1085.8518       accum. integral =  1086.1022    *
#  std. dev. = 0.78690233       accum. std. dev = 0.78841438    *
#   min/max. wt. =    0.00000            0.205633               *
#                                                               *
#*************   chi**2/iteration = 0.5188       ****************


#********** Integration by Vegas (iteration       7) ************
#                                                               *
#  integral  =  1087.0140       accum. integral =  1086.5493    *
#  std. dev. = 0.68547921       accum. std. dev = 0.55177305    *
#   min/max. wt. =    0.00000            0.209259               *
#                                                               *
#*************   chi**2/iteration = 0.5636       ****************


#********** Integration by Vegas (iteration       8) ************
#                                                               *
#  integral  =  1086.8972       accum. integral =  1086.6752    *
#  std. dev. = 0.63734869       accum. std. dev = 0.43401552    *
#   min/max. wt. =    0.00000            0.108051               *
#                                                               *
#*************   chi**2/iteration = 0.5194       ****************


#********** Integration by Vegas (iteration       9) ************
#                                                               *
#  integral  =  1088.6038       accum. integral =  1087.2169    *
#  std. dev. = 0.61444150       accum. std. dev = 0.36358221    *
#   min/max. wt. =    0.00000            0.156964               *
#                                                               *
#*************   chi**2/iteration =  1.176       ****************


#********** Integration by Vegas (iteration      10) ************
#                                                               *
#  integral  =  1086.6749       accum. integral =  1087.0886    *
#  std. dev. = 0.58366540       accum. std. dev = 0.31443879    *
#   min/max. wt. =    0.00000            0.513096E-01           *
#                                                               *
#*************   chi**2/iteration =  1.127       ****************


#********** Integration by Vegas (iteration      11) ************
#                                                               *
#  integral  =  1087.3179       accum. integral =  1087.1344    *
#  std. dev. = 0.56899574       accum. std. dev = 0.27895570    *
#   min/max. wt. =    0.00000            0.324576E-01           *
#                                                               *
#*************   chi**2/iteration =  1.042       ****************


#********** Integration by Vegas (iteration      12) ************
#                                                               *
#  integral  =  1087.4496       accum. integral =  1087.1867    *
#  std. dev. = 0.57006036       accum. std. dev = 0.25296170    *
#   min/max. wt. =    0.00000            0.691031E-01           *
#                                                               *
#*************   chi**2/iteration = 0.9802       ****************


#********** Integration by Vegas (iteration      13) ************
#                                                               *
#  integral  =  1087.3424       accum. integral =  1087.2085    *
#  std. dev. = 0.57552857       accum. std. dev = 0.23316545    *
#   min/max. wt. =    0.00000            0.752362E-01           *
#                                                               *
#*************   chi**2/iteration = 0.9140       ****************


#********** Integration by Vegas (iteration      14) ************
#                                                               *
#  integral  =  1087.5155       accum. integral =  1087.2454    *
#  std. dev. = 0.58196205       accum. std. dev = 0.21752300    *
#   min/max. wt. =    0.00000            0.108251               *
#                                                               *
#*************   chi**2/iteration = 0.8689       ****************


#********** Integration by Vegas (iteration      15) ************
#                                                               *
#  integral  =  1087.9627       accum. integral =  1087.3212    *
#  std. dev. = 0.58800946       accum. std. dev = 0.20477395    *
#   min/max. wt. =    0.00000            0.882860E-01           *
#                                                               *
#*************   chi**2/iteration = 0.8971       ****************


  Input parameters for vegas:  ndim=  9   ncall= 80707214.
                              it=    0    itmx=    2
                              acc=-1.00    
                              mds=  1     nd=  50
                              (xl,xu)= (  0.00000     ,  1.00000     )
                                       (  0.00000     ,  1.00000     )
                                       (  0.00000     ,  1.00000     )
                                       (  0.00000     ,  1.00000     )
                                       (  0.00000     ,  1.00000     )
                                       (  0.00000     ,  1.00000     )
                                       (  0.00000     ,  1.00000     )
                                       (  0.00000     ,  1.00000     )
                                       (  0.00000     ,  1.00000     )

#********** Integration by Vegas (iteration       1) ************
#                                                               *
#  integral  =  1086.8442       accum. integral =  1086.8442    *
#  std. dev. = 0.58270662       accum. std. dev = 0.58270662    *
#   min/max. wt. =    0.00000            0.767601E-01           *
#                                                               *
#*************   chi**2/iteration =  0.000       ****************


#********** Integration by Vegas (iteration       2) ************
#                                                               *
#  integral  =  1087.9206       accum. integral =  1087.3873    *
#  std. dev. = 0.57795747       accum. std. dev = 0.41034476    *
#   min/max. wt. =    0.00000            0.370690E-01           *
#                                                               *
#*************   chi**2/iteration =  1.719       ****************

 Done
