SLURM job running in:  /scratch/groups/lhc/park/JHUGen/JHUGenerator
LHAPDF 6.1.5 loading /work-zfs/lhc/cms/slc6_amd64_gcc493/external/lhapdf/6.1.5-kpegke3/share/LHAPDF/NNPDF30_lo_as_0130/NNPDF30_lo_as_0130_0000.dat
NNPDF30_lo_as_0130 PDF set, member #0, version 2; LHAPDF ID = 263000
 
                                                                                          
   ***************************************************************************************
   *                                JHU Generator v6.9.3                                 *
   ***************************************************************************************
   *                                                                                     *
   *   Spin and parity determination of single-produced resonances at hadron colliders   *
   *                                                                                     *
   *          I. Anderson, S. Bolognesi, F. Caola, Y. Gao, A. Gritsan, Z. Guo,           *
   *        C. Martin, K. Melnikov, R.Rontsch, H. Roskes, U. Sarica, M. Schulze,         *
   *                   N. Tran, A. Whitbeck, M. Xiao, C. You, Y. Zhou                    *
   *                Phys.Rev. D81 (2010) 075022;  arXiv:1001.3396 [hep-ph],              *
   *                Phys.Rev. D86 (2012) 095031;  arXiv:1208.4018 [hep-ph],              *
   *                Phys.Rev. D89 (2014) 035007;  arXiv:1309.4819 [hep-ph].              *
   *                                                                                     *
   ***************************************************************************************
                                                                                          
   
   Command line: ./JHUGen Unweighted=0 VegasNc0=99999999 VegasNc1=99999999 VegasNc2=99999999 LHAPDF=NNPDF30_lo_as_0130/NNPDF30_lo_as_0130.info MReso=560 Process=61 ghg2=1,0
   
   Input Parameter:
    Collider: P-P, sqrt(s)=13000.00
    Resonance: spin=0, mass= 560.00 width=   0.00407
    Jet cuts:
            pT >=    15.00 GeV
        DeltaR >=     0.30
           mJJ >=     0.00 GeV
    Random seed:   471387500
    To reproduce results using this seed, JHUGen should be compiled with the same compiler:
      GNU Fortran (GCC) 4.9.3
    
    WidthScheme:   2
    LHAPDF set NNPDF30_lo_as_0130/NNPDF30_lo_as_0130.info, member=  0
    Unweighted: F
    
    spin-0-VV couplings: 
      generate_as=F
      ghg2=  0.10000000E+01  0.00000000E+00i
      ghg3=  0.00000000E+00  0.00000000E+00i
      ghg4=  0.00000000E+00  0.00000000E+00i
      ghz1=  0.20000000E+01  0.00000000E+00i
      ghz2=  0.00000000E+00  0.00000000E+00i
      ghz3=  0.00000000E+00  0.00000000E+00i
      ghz4=  0.00000000E+00  0.00000000E+00i
      Lambda=  1000.0
    
    LHE output: ./data/output.lhe
    Histogram output: ./data/output.dat
    Log file: ./data/output.log
    
  Running

  Input parameters for vegas:  ndim=  9   ncall= 80707214.
                              it=    0    itmx=   15
                              acc=-1.00    
                              mds=  1     nd=  50
                              (xl,xu)= (  0.00000     ,  1.00000     )
                                       (  0.00000     ,  1.00000     )
                                       (  0.00000     ,  1.00000     )
                                       (  0.00000     ,  1.00000     )
                                       (  0.00000     ,  1.00000     )
                                       (  0.00000     ,  1.00000     )
                                       (  0.00000     ,  1.00000     )
                                       (  0.00000     ,  1.00000     )
                                       (  0.00000     ,  1.00000     )

#********** Integration by Vegas (iteration       1) ************
#                                                               *
#  integral  =  704.01501       accum. integral =  704.01501    *
#  std. dev. =  75.554641       accum. std. dev =  75.554641    *
#   min/max. wt. =    0.00000             66.7410               *
#                                                               *
#*************   chi**2/iteration = -.1020E-10   ****************


#********** Integration by Vegas (iteration       2) ************
#                                                               *
#  integral  =  735.07098       accum. integral =  729.20207    *
#  std. dev. =  38.080143       accum. std. dev =  33.577111    *
#   min/max. wt. =    0.00000             37.5111               *
#                                                               *
#*************   chi**2/iteration = 0.1310       ****************


#********** Integration by Vegas (iteration       3) ************
#                                                               *
#  integral  =  717.50673       accum. integral =  718.38542    *
#  std. dev. =  9.5407509       accum. std. dev =  9.1941454    *
#   min/max. wt. =    0.00000             6.43156               *
#                                                               *
#*************   chi**2/iteration = 0.1218       ****************


#********** Integration by Vegas (iteration       4) ************
#                                                               *
#  integral  =  734.55830       accum. integral =  731.41491    *
#  std. dev. =  4.6138006       accum. std. dev =  4.0755182    *
#   min/max. wt. =    0.00000             3.69100               *
#                                                               *
#*************   chi**2/iteration = 0.9020       ****************


#********** Integration by Vegas (iteration       5) ************
#                                                               *
#  integral  =  731.43770       accum. integral =  731.43421    *
#  std. dev. =  1.7554652       accum. std. dev =  1.6001380    *
#   min/max. wt. =    0.00000            0.544683               *
#                                                               *
#*************   chi**2/iteration = 0.6734       ****************


#********** Integration by Vegas (iteration       6) ************
#                                                               *
#  integral  =  731.90394       accum. integral =  731.82294    *
#  std. dev. = 0.73781298       accum. std. dev = 0.66562131    *
#   min/max. wt. =    0.00000            0.317948               *
#                                                               *
#*************   chi**2/iteration = 0.5511       ****************


#********** Integration by Vegas (iteration       7) ************
#                                                               *
#  integral  =  731.47078       accum. integral =  731.64395    *
#  std. dev. = 0.65980475       accum. std. dev = 0.46728394    *
#   min/max. wt. =    0.00000            0.342527               *
#                                                               *
#*************   chi**2/iteration = 0.4819       ****************


#********** Integration by Vegas (iteration       8) ************
#                                                               *
#  integral  =  732.36142       accum. integral =  731.95513    *
#  std. dev. = 0.53813446       accum. std. dev = 0.35198410    *
#   min/max. wt. =    0.00000            0.299911E-01           *
#                                                               *
#*************   chi**2/iteration = 0.5580       ****************


#********** Integration by Vegas (iteration       9) ************
#                                                               *
#  integral  =  732.01801       accum. integral =  731.98053    *
#  std. dev. = 0.43028479       accum. std. dev = 0.27193663    *
#   min/max. wt. =    0.00000            0.682142E-01           *
#                                                               *
#*************   chi**2/iteration = 0.4892       ****************


#********** Integration by Vegas (iteration      10) ************
#                                                               *
#  integral  =  732.02772       accum. integral =  731.99182    *
#  std. dev. = 0.48767973       accum. std. dev = 0.23732190    *
#   min/max. wt. =    0.00000            0.266378               *
#                                                               *
#*************   chi**2/iteration = 0.4352       ****************


#********** Integration by Vegas (iteration      11) ************
#                                                               *
#  integral  =  732.01466       accum. integral =  731.99641    *
#  std. dev. = 0.47549019       accum. std. dev = 0.21222497    *
#   min/max. wt. =    0.00000            0.810397E-01           *
#                                                               *
#*************   chi**2/iteration = 0.3915       ****************


#********** Integration by Vegas (iteration      12) ************
#                                                               *
#  integral  =  732.50545       accum. integral =  732.10556    *
#  std. dev. = 0.40838017       accum. std. dev = 0.18818518    *
#   min/max. wt. =    0.00000            0.459199E-01           *
#                                                               *
#*************   chi**2/iteration = 0.4676       ****************


#********** Integration by Vegas (iteration      13) ************
#                                                               *
#  integral  =  732.34779       accum. integral =  732.14815    *
#  std. dev. = 0.40932372       accum. std. dev = 0.17090326    *
#   min/max. wt. =    0.00000            0.934465E-01           *
#                                                               *
#*************   chi**2/iteration = 0.4526       ****************


#********** Integration by Vegas (iteration      14) ************
#                                                               *
#  integral  =  732.45913       accum. integral =  732.19727    *
#  std. dev. = 0.39635499       accum. std. dev = 0.15687630    *
#   min/max. wt. =    0.00000            0.290784E-01           *
#                                                               *
#*************   chi**2/iteration = 0.4577       ****************


#********** Integration by Vegas (iteration      15) ************
#                                                               *
#  integral  =  732.27459       accum. integral =  732.20798    *
#  std. dev. = 0.39281792       accum. std. dev = 0.14564805    *
#   min/max. wt. =    0.00000            0.400433E-01           *
#                                                               *
#*************   chi**2/iteration = 0.4272       ****************


  Input parameters for vegas:  ndim=  9   ncall= 80707214.
                              it=    0    itmx=    2
                              acc=-1.00    
                              mds=  1     nd=  50
                              (xl,xu)= (  0.00000     ,  1.00000     )
                                       (  0.00000     ,  1.00000     )
                                       (  0.00000     ,  1.00000     )
                                       (  0.00000     ,  1.00000     )
                                       (  0.00000     ,  1.00000     )
                                       (  0.00000     ,  1.00000     )
                                       (  0.00000     ,  1.00000     )
                                       (  0.00000     ,  1.00000     )
                                       (  0.00000     ,  1.00000     )

#********** Integration by Vegas (iteration       1) ************
#                                                               *
#  integral  =  732.65106       accum. integral =  732.65106    *
#  std. dev. = 0.50196692       accum. std. dev = 0.50196692    *
#   min/max. wt. =    0.00000            0.290416               *
#                                                               *
#*************   chi**2/iteration =  0.000       ****************


#********** Integration by Vegas (iteration       2) ************
#                                                               *
#  integral  =  732.29022       accum. integral =  732.46238    *
#  std. dev. = 0.47925116       accum. std. dev = 0.34663813    *
#   min/max. wt. =    0.00000            0.234297E-01           *
#                                                               *
#*************   chi**2/iteration = 0.2701       ****************

 Done
