SLURM job running in:  /scratch/groups/lhc/park/JHUGen/JHUGenerator
LHAPDF 6.1.5 loading /work-zfs/lhc/cms/slc6_amd64_gcc493/external/lhapdf/6.1.5-kpegke3/share/LHAPDF/NNPDF30_lo_as_0130/NNPDF30_lo_as_0130_0000.dat
NNPDF30_lo_as_0130 PDF set, member #0, version 2; LHAPDF ID = 263000
 
                                                                                          
   ***************************************************************************************
   *                                JHU Generator v6.9.3                                 *
   ***************************************************************************************
   *                                                                                     *
   *   Spin and parity determination of single-produced resonances at hadron colliders   *
   *                                                                                     *
   *          I. Anderson, S. Bolognesi, F. Caola, Y. Gao, A. Gritsan, Z. Guo,           *
   *        C. Martin, K. Melnikov, R.Rontsch, H. Roskes, U. Sarica, M. Schulze,         *
   *                   N. Tran, A. Whitbeck, M. Xiao, C. You, Y. Zhou                    *
   *                Phys.Rev. D81 (2010) 075022;  arXiv:1001.3396 [hep-ph],              *
   *                Phys.Rev. D86 (2012) 095031;  arXiv:1208.4018 [hep-ph],              *
   *                Phys.Rev. D89 (2014) 035007;  arXiv:1309.4819 [hep-ph].              *
   *                                                                                     *
   ***************************************************************************************
                                                                                          
   
   Command line: ./JHUGen Unweighted=0 VegasNc0=99999999 VegasNc1=99999999 VegasNc2=99999999 LHAPDF=NNPDF30_lo_as_0130/NNPDF30_lo_as_0130.info MReso=600 Process=61 ghg2=1,0
   
   Input Parameter:
    Collider: P-P, sqrt(s)=13000.00
    Resonance: spin=0, mass= 600.00 width=   0.00407
    Jet cuts:
            pT >=    15.00 GeV
        DeltaR >=     0.30
           mJJ >=     0.00 GeV
    Random seed:   830466826
    To reproduce results using this seed, JHUGen should be compiled with the same compiler:
      GNU Fortran (GCC) 4.9.3
    
    WidthScheme:   2
    LHAPDF set NNPDF30_lo_as_0130/NNPDF30_lo_as_0130.info, member=  0
    Unweighted: F
    
    spin-0-VV couplings: 
      generate_as=F
      ghg2=  0.10000000E+01  0.00000000E+00i
      ghg3=  0.00000000E+00  0.00000000E+00i
      ghg4=  0.00000000E+00  0.00000000E+00i
      ghz1=  0.20000000E+01  0.00000000E+00i
      ghz2=  0.00000000E+00  0.00000000E+00i
      ghz3=  0.00000000E+00  0.00000000E+00i
      ghz4=  0.00000000E+00  0.00000000E+00i
      Lambda=  1000.0
    
    LHE output: ./data/output.lhe
    Histogram output: ./data/output.dat
    Log file: ./data/output.log
    
  Running

  Input parameters for vegas:  ndim=  9   ncall= 80707214.
                              it=    0    itmx=   15
                              acc=-1.00    
                              mds=  1     nd=  50
                              (xl,xu)= (  0.00000     ,  1.00000     )
                                       (  0.00000     ,  1.00000     )
                                       (  0.00000     ,  1.00000     )
                                       (  0.00000     ,  1.00000     )
                                       (  0.00000     ,  1.00000     )
                                       (  0.00000     ,  1.00000     )
                                       (  0.00000     ,  1.00000     )
                                       (  0.00000     ,  1.00000     )
                                       (  0.00000     ,  1.00000     )

#********** Integration by Vegas (iteration       1) ************
#                                                               *
#  integral  =  532.76122       accum. integral =  532.76122    *
#  std. dev. =  55.080884       accum. std. dev =  55.080884    *
#   min/max. wt. =    0.00000             51.8232               *
#                                                               *
#*************   chi**2/iteration =  0.000       ****************


#********** Integration by Vegas (iteration       2) ************
#                                                               *
#  integral  =  598.94965       accum. integral =  597.92237    *
#  std. dev. =  7.7751581       accum. std. dev =  7.3007792    *
#   min/max. wt. =    0.00000             3.15425               *
#                                                               *
#*************   chi**2/iteration =  1.255       ****************


#********** Integration by Vegas (iteration       3) ************
#                                                               *
#  integral  =  606.41090       accum. integral =  605.75204    *
#  std. dev. =  2.2657594       accum. std. dev =  2.0824226    *
#   min/max. wt. =    0.00000             1.08654               *
#                                                               *
#*************   chi**2/iteration =  1.193       ****************


#********** Integration by Vegas (iteration       4) ************
#                                                               *
#  integral  =  612.01152       accum. integral =  610.73464    *
#  std. dev. =  1.1117553       accum. std. dev = 0.95363579    *
#   min/max. wt. =    0.00000            0.382348               *
#                                                               *
#*************   chi**2/iteration =  3.105       ****************


#********** Integration by Vegas (iteration       5) ************
#                                                               *
#  integral  =  610.48436       accum. integral =  610.55084    *
#  std. dev. = 0.59501192       accum. std. dev = 0.49520919    *
#   min/max. wt. =    0.00000            0.878795E-01           *
#                                                               *
#*************   chi**2/iteration =  2.306       ****************


#********** Integration by Vegas (iteration       6) ************
#                                                               *
#  integral  =  611.16151       accum. integral =  610.89424    *
#  std. dev. = 0.45034623       accum. std. dev = 0.32931593    *
#   min/max. wt. =    0.00000            0.164418               *
#                                                               *
#*************   chi**2/iteration =  1.995       ****************


#********** Integration by Vegas (iteration       7) ************
#                                                               *
#  integral  =  611.66313       accum. integral =  611.15018    *
#  std. dev. = 0.47848655       accum. std. dev = 0.27000215    *
#   min/max. wt. =    0.00000            0.261306               *
#                                                               *
#*************   chi**2/iteration =  1.950       ****************


#********** Integration by Vegas (iteration       8) ************
#                                                               *
#  integral  =  612.02798       accum. integral =  611.41504    *
#  std. dev. = 0.42020868       accum. std. dev = 0.22627692    *
#   min/max. wt. =    0.00000            0.655294E-01           *
#                                                               *
#*************   chi**2/iteration =  2.115       ****************


#********** Integration by Vegas (iteration       9) ************
#                                                               *
#  integral  =  611.34779       accum. integral =  611.39450    *
#  std. dev. = 0.34762370       accum. std. dev = 0.18897011    *
#   min/max. wt. =    0.00000            0.457428E-01           *
#                                                               *
#*************   chi**2/iteration =  1.846       ****************


#********** Integration by Vegas (iteration      10) ************
#                                                               *
#  integral  =  611.89093       accum. integral =  611.51041    *
#  std. dev. = 0.34843717       accum. std. dev = 0.16573848    *
#   min/max. wt. =    0.00000            0.588551E-01           *
#                                                               *
#*************   chi**2/iteration =  1.814       ****************


#********** Integration by Vegas (iteration      11) ************
#                                                               *
#  integral  =  611.60864       accum. integral =  611.53020    *
#  std. dev. = 0.33508881       accum. std. dev = 0.14831737    *
#   min/max. wt. =    0.00000            0.314077E-01           *
#                                                               *
#*************   chi**2/iteration =  1.635       ****************


#********** Integration by Vegas (iteration      12) ************
#                                                               *
#  integral  =  611.52012       accum. integral =  611.52854    *
#  std. dev. = 0.33889553       accum. std. dev = 0.13572862    *
#   min/max. wt. =    0.00000            0.469638E-01           *
#                                                               *
#*************   chi**2/iteration =  1.483       ****************


#********** Integration by Vegas (iteration      13) ************
#                                                               *
#  integral  =  611.04319       accum. integral =  611.45534    *
#  std. dev. = 0.32588140       accum. std. dev = 0.12518974    *
#   min/max. wt. =    0.00000            0.228435E-01           *
#                                                               *
#*************   chi**2/iteration =  1.517       ****************


#********** Integration by Vegas (iteration      14) ************
#                                                               *
#  integral  =  611.51947       accum. integral =  611.46338    *
#  std. dev. = 0.33441672       accum. std. dev = 0.11717270    *
#   min/max. wt. =    0.00000            0.561761E-01           *
#                                                               *
#*************   chi**2/iteration =  1.401       ****************


#********** Integration by Vegas (iteration      15) ************
#                                                               *
#  integral  =  611.86896       accum. integral =  611.50964    *
#  std. dev. = 0.33030276       accum. std. dev = 0.11037285    *
#   min/max. wt. =    0.00000            0.250558E-01           *
#                                                               *
#*************   chi**2/iteration =  1.396       ****************


  Input parameters for vegas:  ndim=  9   ncall= 80707214.
                              it=    0    itmx=    2
                              acc=-1.00    
                              mds=  1     nd=  50
                              (xl,xu)= (  0.00000     ,  1.00000     )
                                       (  0.00000     ,  1.00000     )
                                       (  0.00000     ,  1.00000     )
                                       (  0.00000     ,  1.00000     )
                                       (  0.00000     ,  1.00000     )
                                       (  0.00000     ,  1.00000     )
                                       (  0.00000     ,  1.00000     )
                                       (  0.00000     ,  1.00000     )
                                       (  0.00000     ,  1.00000     )

#********** Integration by Vegas (iteration       1) ************
#                                                               *
#  integral  =  611.39685       accum. integral =  611.39685    *
#  std. dev. = 0.33436310       accum. std. dev = 0.33436310    *
#   min/max. wt. =    0.00000            0.424960E-01           *
#                                                               *
#*************   chi**2/iteration =  0.000       ****************


#********** Integration by Vegas (iteration       2) ************
#                                                               *
#  integral  =  611.63280       accum. integral =  611.51743    *
#  std. dev. = 0.32719244       accum. std. dev = 0.23385301    *
#   min/max. wt. =    0.00000            0.325896E-01           *
#                                                               *
#*************   chi**2/iteration = 0.2541       ****************

 Done
