SLURM job running in:  /scratch/groups/lhc/park/JHUGen/JHUGenerator
LHAPDF 6.1.5 loading /work-zfs/lhc/cms/slc6_amd64_gcc493/external/lhapdf/6.1.5-kpegke3/share/LHAPDF/NNPDF30_lo_as_0130/NNPDF30_lo_as_0130_0000.dat
NNPDF30_lo_as_0130 PDF set, member #0, version 2; LHAPDF ID = 263000
 
                                                                                          
   ***************************************************************************************
   *                                JHU Generator v6.9.3                                 *
   ***************************************************************************************
   *                                                                                     *
   *   Spin and parity determination of single-produced resonances at hadron colliders   *
   *                                                                                     *
   *          I. Anderson, S. Bolognesi, F. Caola, Y. Gao, A. Gritsan, Z. Guo,           *
   *        C. Martin, K. Melnikov, R.Rontsch, H. Roskes, U. Sarica, M. Schulze,         *
   *                   N. Tran, A. Whitbeck, M. Xiao, C. You, Y. Zhou                    *
   *                Phys.Rev. D81 (2010) 075022;  arXiv:1001.3396 [hep-ph],              *
   *                Phys.Rev. D86 (2012) 095031;  arXiv:1208.4018 [hep-ph],              *
   *                Phys.Rev. D89 (2014) 035007;  arXiv:1309.4819 [hep-ph].              *
   *                                                                                     *
   ***************************************************************************************
                                                                                          
   
   Command line: ./JHUGen Unweighted=0 VegasNc0=99999999 VegasNc1=99999999 VegasNc2=99999999 LHAPDF=NNPDF30_lo_as_0130/NNPDF30_lo_as_0130.info MReso=630 Process=61 ghg2=1,0
   
   Input Parameter:
    Collider: P-P, sqrt(s)=13000.00
    Resonance: spin=0, mass= 630.00 width=   0.00407
    Jet cuts:
            pT >=    15.00 GeV
        DeltaR >=     0.30
           mJJ >=     0.00 GeV
    Random seed:   115490058
    To reproduce results using this seed, JHUGen should be compiled with the same compiler:
      GNU Fortran (GCC) 4.9.3
    
    WidthScheme:   2
    LHAPDF set NNPDF30_lo_as_0130/NNPDF30_lo_as_0130.info, member=  0
    Unweighted: F
    
    spin-0-VV couplings: 
      generate_as=F
      ghg2=  0.10000000E+01  0.00000000E+00i
      ghg3=  0.00000000E+00  0.00000000E+00i
      ghg4=  0.00000000E+00  0.00000000E+00i
      ghz1=  0.20000000E+01  0.00000000E+00i
      ghz2=  0.00000000E+00  0.00000000E+00i
      ghz3=  0.00000000E+00  0.00000000E+00i
      ghz4=  0.00000000E+00  0.00000000E+00i
      Lambda=  1000.0
    
    LHE output: ./data/output.lhe
    Histogram output: ./data/output.dat
    Log file: ./data/output.log
    
  Running

  Input parameters for vegas:  ndim=  9   ncall= 80707214.
                              it=    0    itmx=   15
                              acc=-1.00    
                              mds=  1     nd=  50
                              (xl,xu)= (  0.00000     ,  1.00000     )
                                       (  0.00000     ,  1.00000     )
                                       (  0.00000     ,  1.00000     )
                                       (  0.00000     ,  1.00000     )
                                       (  0.00000     ,  1.00000     )
                                       (  0.00000     ,  1.00000     )
                                       (  0.00000     ,  1.00000     )
                                       (  0.00000     ,  1.00000     )
                                       (  0.00000     ,  1.00000     )

#********** Integration by Vegas (iteration       1) ************
#                                                               *
#  integral  =  465.29620       accum. integral =  465.29620    *
#  std. dev. =  33.103516       accum. std. dev =  33.103516    *
#   min/max. wt. =    0.00000             18.1427               *
#                                                               *
#*************   chi**2/iteration =  0.000       ****************


#********** Integration by Vegas (iteration       2) ************
#                                                               *
#  integral  =  524.29192       accum. integral =  521.66169    *
#  std. dev. =  8.0576411       accum. std. dev =  7.4460514    *
#   min/max. wt. =    0.00000             6.11364               *
#                                                               *
#*************   chi**2/iteration =  2.671       ****************


#********** Integration by Vegas (iteration       3) ************
#                                                               *
#  integral  =  587.88802       accum. integral =  523.66312    *
#  std. dev. =  50.027405       accum. std. dev =  7.8139085    *
#   min/max. wt. =    0.00000             49.8128               *
#                                                               *
#*************   chi**2/iteration =  2.229       ****************


#********** Integration by Vegas (iteration       4) ************
#                                                               *
#  integral  =  537.07655       accum. integral =  533.13009    *
#  std. dev. =  5.1298183       accum. std. dev =  4.2563149    *
#   min/max. wt. =    0.00000             1.25239               *
#                                                               *
#*************   chi**2/iteration =  2.161       ****************


#********** Integration by Vegas (iteration       5) ************
#                                                               *
#  integral  =  534.39765       accum. integral =  534.35836    *
#  std. dev. = 0.76694683       accum. std. dev = 0.75049166    *
#   min/max. wt. =    0.00000            0.206436               *
#                                                               *
#*************   chi**2/iteration =  1.637       ****************


#********** Integration by Vegas (iteration       6) ************
#                                                               *
#  integral  =  535.90033       accum. integral =  535.53329    *
#  std. dev. = 0.42315392       accum. std. dev = 0.36669344    *
#   min/max. wt. =    0.00000            0.648098E-01           *
#                                                               *
#*************   chi**2/iteration =  1.947       ****************


#********** Integration by Vegas (iteration       7) ************
#                                                               *
#  integral  =  536.83149       accum. integral =  536.02467    *
#  std. dev. = 0.47413242       accum. std. dev = 0.28945731    *
#   min/max. wt. =    0.00000            0.298573               *
#                                                               *
#*************   chi**2/iteration =  2.407       ****************


#********** Integration by Vegas (iteration       8) ************
#                                                               *
#  integral  =  536.37333       accum. integral =  536.13805    *
#  std. dev. = 0.41983767       accum. std. dev = 0.23798404    *
#   min/max. wt. =    0.00000            0.591950E-01           *
#                                                               *
#*************   chi**2/iteration =  2.127       ****************


#********** Integration by Vegas (iteration       9) ************
#                                                               *
#  integral  =  536.56662       accum. integral =  536.29173    *
#  std. dev. = 0.32033025       accum. std. dev = 0.19073518    *
#   min/max. wt. =    0.00000            0.449691E-01           *
#                                                               *
#*************   chi**2/iteration =  2.004       ****************


#********** Integration by Vegas (iteration      10) ************
#                                                               *
#  integral  =  536.64163       accum. integral =  536.39369    *
#  std. dev. = 0.29915843       accum. std. dev = 0.16065119    *
#   min/max. wt. =    0.00000            0.277063E-01           *
#                                                               *
#*************   chi**2/iteration =  1.888       ****************


#********** Integration by Vegas (iteration      11) ************
#                                                               *
#  integral  =  536.56837       accum. integral =  536.42372    *
#  std. dev. = 0.35440474       accum. std. dev = 0.14626084    *
#   min/max. wt. =    0.00000            0.182044               *
#                                                               *
#*************   chi**2/iteration =  1.718       ****************


#********** Integration by Vegas (iteration      12) ************
#                                                               *
#  integral  =  536.72041       accum. integral =  536.46920    *
#  std. dev. = 0.34539633       accum. std. dev = 0.13463757    *
#   min/max. wt. =    0.00000            0.375830E-01           *
#                                                               *
#*************   chi**2/iteration =  1.618       ****************


#********** Integration by Vegas (iteration      13) ************
#                                                               *
#  integral  =  536.29953       accum. integral =  536.43961    *
#  std. dev. = 0.29403231       accum. std. dev = 0.12237056    *
#   min/max. wt. =    0.00000            0.178937E-01           *
#                                                               *
#*************   chi**2/iteration =  1.505       ****************


#********** Integration by Vegas (iteration      14) ************
#                                                               *
#  integral  =  536.31498       accum. integral =  536.42093    *
#  std. dev. = 0.29243952       accum. std. dev = 0.11285571    *
#   min/max. wt. =    0.00000            0.348071E-01           *
#                                                               *
#*************   chi**2/iteration =  1.401       ****************


#********** Integration by Vegas (iteration      15) ************
#                                                               *
#  integral  =  537.01957       accum. integral =  536.48838    *
#  std. dev. = 0.31814585       accum. std. dev = 0.10634031    *
#   min/max. wt. =    0.00000            0.821708E-01           *
#                                                               *
#*************   chi**2/iteration =  1.526       ****************


  Input parameters for vegas:  ndim=  9   ncall= 80707214.
                              it=    0    itmx=    2
                              acc=-1.00    
                              mds=  1     nd=  50
                              (xl,xu)= (  0.00000     ,  1.00000     )
                                       (  0.00000     ,  1.00000     )
                                       (  0.00000     ,  1.00000     )
                                       (  0.00000     ,  1.00000     )
                                       (  0.00000     ,  1.00000     )
                                       (  0.00000     ,  1.00000     )
                                       (  0.00000     ,  1.00000     )
                                       (  0.00000     ,  1.00000     )
                                       (  0.00000     ,  1.00000     )

#********** Integration by Vegas (iteration       1) ************
#                                                               *
#  integral  =  536.59705       accum. integral =  536.59705    *
#  std. dev. = 0.29833001       accum. std. dev = 0.29833001    *
#   min/max. wt. =    0.00000            0.227949E-01           *
#                                                               *
#*************   chi**2/iteration =  0.000       ****************


#********** Integration by Vegas (iteration       2) ************
#                                                               *
#  integral  =  536.65706       accum. integral =  536.62696    *
#  std. dev. = 0.29931132       accum. std. dev = 0.21129730    *
#   min/max. wt. =    0.00000            0.480095E-01           *
#                                                               *
#*************   chi**2/iteration = 0.2015E-01   ****************

 Done
