SLURM job running in:  /scratch/groups/lhc/park/JHUGen/JHUGenerator
LHAPDF 6.1.5 loading /work-zfs/lhc/cms/slc6_amd64_gcc493/external/lhapdf/6.1.5-kpegke3/share/LHAPDF/NNPDF30_lo_as_0130/NNPDF30_lo_as_0130_0000.dat
NNPDF30_lo_as_0130 PDF set, member #0, version 2; LHAPDF ID = 263000
 
                                                                                          
   ***************************************************************************************
   *                                JHU Generator v6.9.3                                 *
   ***************************************************************************************
   *                                                                                     *
   *   Spin and parity determination of single-produced resonances at hadron colliders   *
   *                                                                                     *
   *          I. Anderson, S. Bolognesi, F. Caola, Y. Gao, A. Gritsan, Z. Guo,           *
   *        C. Martin, K. Melnikov, R.Rontsch, H. Roskes, U. Sarica, M. Schulze,         *
   *                   N. Tran, A. Whitbeck, M. Xiao, C. You, Y. Zhou                    *
   *                Phys.Rev. D81 (2010) 075022;  arXiv:1001.3396 [hep-ph],              *
   *                Phys.Rev. D86 (2012) 095031;  arXiv:1208.4018 [hep-ph],              *
   *                Phys.Rev. D89 (2014) 035007;  arXiv:1309.4819 [hep-ph].              *
   *                                                                                     *
   ***************************************************************************************
                                                                                          
   
   Command line: ./JHUGen Unweighted=0 VegasNc0=99999999 VegasNc1=99999999 VegasNc2=99999999 LHAPDF=NNPDF30_lo_as_0130/NNPDF30_lo_as_0130.info MReso=765 Process=61 ghg2=1,0
   
   Input Parameter:
    Collider: P-P, sqrt(s)=13000.00
    Resonance: spin=0, mass= 765.00 width=   0.00407
    Jet cuts:
            pT >=    15.00 GeV
        DeltaR >=     0.30
           mJJ >=     0.00 GeV
    Random seed:    17442422
    To reproduce results using this seed, JHUGen should be compiled with the same compiler:
      GNU Fortran (GCC) 4.9.3
    
    WidthScheme:   2
    LHAPDF set NNPDF30_lo_as_0130/NNPDF30_lo_as_0130.info, member=  0
    Unweighted: F
    
    spin-0-VV couplings: 
      generate_as=F
      ghg2=  0.10000000E+01  0.00000000E+00i
      ghg3=  0.00000000E+00  0.00000000E+00i
      ghg4=  0.00000000E+00  0.00000000E+00i
      ghz1=  0.20000000E+01  0.00000000E+00i
      ghz2=  0.00000000E+00  0.00000000E+00i
      ghz3=  0.00000000E+00  0.00000000E+00i
      ghz4=  0.00000000E+00  0.00000000E+00i
      Lambda=  1000.0
    
    LHE output: ./data/output.lhe
    Histogram output: ./data/output.dat
    Log file: ./data/output.log
    
  Running

  Input parameters for vegas:  ndim=  9   ncall= 80707214.
                              it=    0    itmx=   15
                              acc=-1.00    
                              mds=  1     nd=  50
                              (xl,xu)= (  0.00000     ,  1.00000     )
                                       (  0.00000     ,  1.00000     )
                                       (  0.00000     ,  1.00000     )
                                       (  0.00000     ,  1.00000     )
                                       (  0.00000     ,  1.00000     )
                                       (  0.00000     ,  1.00000     )
                                       (  0.00000     ,  1.00000     )
                                       (  0.00000     ,  1.00000     )
                                       (  0.00000     ,  1.00000     )

#********** Integration by Vegas (iteration       1) ************
#                                                               *
#  integral  =  282.30702       accum. integral =  282.30702    *
#  std. dev. =  23.805385       accum. std. dev =  23.805385    *
#   min/max. wt. =    0.00000             16.7285               *
#                                                               *
#*************   chi**2/iteration =  0.000       ****************


#********** Integration by Vegas (iteration       2) ************
#                                                               *
#  integral  =  296.86981       accum. integral =  296.27213    *
#  std. dev. =  5.1788491       accum. std. dev =  4.9486356    *
#   min/max. wt. =    0.00000             3.47685               *
#                                                               *
#*************   chi**2/iteration = 0.3405       ****************


#********** Integration by Vegas (iteration       3) ************
#                                                               *
#  integral  =  306.90653       accum. integral =  305.86313    *
#  std. dev. =  1.7292894       accum. std. dev =  1.5814081    *
#   min/max. wt. =    0.00000            0.930528               *
#                                                               *
#*************   chi**2/iteration =  2.163       ****************


#********** Integration by Vegas (iteration       4) ************
#                                                               *
#  integral  =  308.82966       accum. integral =  307.91318    *
#  std. dev. =  1.1049301       accum. std. dev = 0.88903490    *
#   min/max. wt. =    0.00000            0.731423               *
#                                                               *
#*************   chi**2/iteration =  2.202       ****************


#********** Integration by Vegas (iteration       5) ************
#                                                               *
#  integral  =  309.66953       accum. integral =  309.21905    *
#  std. dev. = 0.54095255       accum. std. dev = 0.45353328    *
#   min/max. wt. =    0.00000            0.163782               *
#                                                               *
#*************   chi**2/iteration =  2.343       ****************


#********** Integration by Vegas (iteration       6) ************
#                                                               *
#  integral  =  310.23195       accum. integral =  309.87684    *
#  std. dev. = 0.34334526       accum. std. dev = 0.26991475    *
#   min/max. wt. =    0.00000            0.145426               *
#                                                               *
#*************   chi**2/iteration =  2.496       ****************


#********** Integration by Vegas (iteration       7) ************
#                                                               *
#  integral  =  310.06548       accum. integral =  309.97960    *
#  std. dev. = 0.25280972       accum. std. dev = 0.18276495    *
#   min/max. wt. =    0.00000            0.465369E-01           *
#                                                               *
#*************   chi**2/iteration =  2.110       ****************


#********** Integration by Vegas (iteration       8) ************
#                                                               *
#  integral  =  310.18150       accum. integral =  310.07618    *
#  std. dev. = 0.19491556       accum. std. dev = 0.13235448    *
#   min/max. wt. =    0.00000            0.237262E-01           *
#                                                               *
#*************   chi**2/iteration =  1.882       ****************


#********** Integration by Vegas (iteration       9) ************
#                                                               *
#  integral  =  310.11261       accum. integral =  310.08913    *
#  std. dev. = 0.18155318       accum. std. dev = 0.10648908    *
#   min/max. wt. =    0.00000            0.255782E-01           *
#                                                               *
#*************   chi**2/iteration =  1.643       ****************


#********** Integration by Vegas (iteration      10) ************
#                                                               *
#  integral  =  310.19552       accum. integral =  310.11853    *
#  std. dev. = 0.17518259       accum. std. dev = 0.90740398E-01*
#   min/max. wt. =    0.00000            0.162985E-01           *
#                                                               *
#*************   chi**2/iteration =  1.486       ****************


#********** Integration by Vegas (iteration      11) ************
#                                                               *
#  integral  =  310.27520       accum. integral =  310.15219    *
#  std. dev. = 0.17608787       accum. std. dev = 0.80515462E-01*
#   min/max. wt. =    0.00000            0.243747E-01           *
#                                                               *
#*************   chi**2/iteration =  1.398       ****************


#********** Integration by Vegas (iteration      12) ************
#                                                               *
#  integral  =  310.46596       accum. integral =  310.20594    *
#  std. dev. = 0.17962927       accum. std. dev = 0.73383721E-01*
#   min/max. wt. =    0.00000            0.386823E-01           *
#                                                               *
#*************   chi**2/iteration =  1.504       ****************


#********** Integration by Vegas (iteration      13) ************
#                                                               *
#  integral  =  310.41277       accum. integral =  310.23743    *
#  std. dev. = 0.17539152       accum. std. dev = 0.67633829E-01*
#   min/max. wt. =    0.00000            0.158266E-01           *
#                                                               *
#*************   chi**2/iteration =  1.476       ****************


#********** Integration by Vegas (iteration      14) ************
#                                                               *
#  integral  =  310.18568       accum. integral =  310.23080    *
#  std. dev. = 0.17842670       accum. std. dev = 0.63204344E-01*
#   min/max. wt. =    0.00000            0.437206E-01           *
#                                                               *
#*************   chi**2/iteration =  1.366       ****************


#********** Integration by Vegas (iteration      15) ************
#                                                               *
#  integral  =  310.31876       accum. integral =  310.24129    *
#  std. dev. = 0.17359236       accum. std. dev = 0.59357829E-01*
#   min/max. wt. =    0.00000            0.178532E-01           *
#                                                               *
#*************   chi**2/iteration =  1.283       ****************


  Input parameters for vegas:  ndim=  9   ncall= 80707214.
                              it=    0    itmx=    2
                              acc=-1.00    
                              mds=  1     nd=  50
                              (xl,xu)= (  0.00000     ,  1.00000     )
                                       (  0.00000     ,  1.00000     )
                                       (  0.00000     ,  1.00000     )
                                       (  0.00000     ,  1.00000     )
                                       (  0.00000     ,  1.00000     )
                                       (  0.00000     ,  1.00000     )
                                       (  0.00000     ,  1.00000     )
                                       (  0.00000     ,  1.00000     )
                                       (  0.00000     ,  1.00000     )

#********** Integration by Vegas (iteration       1) ************
#                                                               *
#  integral  =  310.45286       accum. integral =  310.45286    *
#  std. dev. = 0.17105199       accum. std. dev = 0.17105199    *
#   min/max. wt. =    0.00000            0.150302E-01           *
#                                                               *
#*************   chi**2/iteration =  0.000       ****************


#********** Integration by Vegas (iteration       2) ************
#                                                               *
#  integral  =  310.30717       accum. integral =  310.38063    *
#  std. dev. = 0.17241655       accum. std. dev = 0.12143137    *
#   min/max. wt. =    0.00000            0.143081E-01           *
#                                                               *
#*************   chi**2/iteration = 0.3595       ****************

 Done
