SLURM job running in:  /scratch/groups/lhc/park/JHUGen/JHUGenerator
LHAPDF 6.1.5 loading /work-zfs/lhc/cms/slc6_amd64_gcc493/external/lhapdf/6.1.5-kpegke3/share/LHAPDF/NNPDF30_lo_as_0130/NNPDF30_lo_as_0130_0000.dat
NNPDF30_lo_as_0130 PDF set, member #0, version 2; LHAPDF ID = 263000
 
                                                                                          
   ***************************************************************************************
   *                                JHU Generator v6.9.3                                 *
   ***************************************************************************************
   *                                                                                     *
   *   Spin and parity determination of single-produced resonances at hadron colliders   *
   *                                                                                     *
   *          I. Anderson, S. Bolognesi, F. Caola, Y. Gao, A. Gritsan, Z. Guo,           *
   *        C. Martin, K. Melnikov, R.Rontsch, H. Roskes, U. Sarica, M. Schulze,         *
   *                   N. Tran, A. Whitbeck, M. Xiao, C. You, Y. Zhou                    *
   *                Phys.Rev. D81 (2010) 075022;  arXiv:1001.3396 [hep-ph],              *
   *                Phys.Rev. D86 (2012) 095031;  arXiv:1208.4018 [hep-ph],              *
   *                Phys.Rev. D89 (2014) 035007;  arXiv:1309.4819 [hep-ph].              *
   *                                                                                     *
   ***************************************************************************************
                                                                                          
   
   Command line: ./JHUGen Unweighted=0 VegasNc0=99999999 VegasNc1=99999999 VegasNc2=99999999 LHAPDF=NNPDF30_lo_as_0130/NNPDF30_lo_as_0130.info MReso=825 Process=61 ghg2=1,0
   
   Input Parameter:
    Collider: P-P, sqrt(s)=13000.00
    Resonance: spin=0, mass= 825.00 width=   0.00407
    Jet cuts:
            pT >=    15.00 GeV
        DeltaR >=     0.30
           mJJ >=     0.00 GeV
    Random seed:   310997750
    To reproduce results using this seed, JHUGen should be compiled with the same compiler:
      GNU Fortran (GCC) 4.9.3
    
    WidthScheme:   2
    LHAPDF set NNPDF30_lo_as_0130/NNPDF30_lo_as_0130.info, member=  0
    Unweighted: F
    
    spin-0-VV couplings: 
      generate_as=F
      ghg2=  0.10000000E+01  0.00000000E+00i
      ghg3=  0.00000000E+00  0.00000000E+00i
      ghg4=  0.00000000E+00  0.00000000E+00i
      ghz1=  0.20000000E+01  0.00000000E+00i
      ghz2=  0.00000000E+00  0.00000000E+00i
      ghz3=  0.00000000E+00  0.00000000E+00i
      ghz4=  0.00000000E+00  0.00000000E+00i
      Lambda=  1000.0
    
    LHE output: ./data/output.lhe
    Histogram output: ./data/output.dat
    Log file: ./data/output.log
    
  Running

  Input parameters for vegas:  ndim=  9   ncall= 80707214.
                              it=    0    itmx=   15
                              acc=-1.00    
                              mds=  1     nd=  50
                              (xl,xu)= (  0.00000     ,  1.00000     )
                                       (  0.00000     ,  1.00000     )
                                       (  0.00000     ,  1.00000     )
                                       (  0.00000     ,  1.00000     )
                                       (  0.00000     ,  1.00000     )
                                       (  0.00000     ,  1.00000     )
                                       (  0.00000     ,  1.00000     )
                                       (  0.00000     ,  1.00000     )
                                       (  0.00000     ,  1.00000     )

#********** Integration by Vegas (iteration       1) ************
#                                                               *
#  integral  =  195.79532       accum. integral =  195.79532    *
#  std. dev. =  9.5375262       accum. std. dev =  9.5375262    *
#   min/max. wt. =    0.00000             4.05990               *
#                                                               *
#*************   chi**2/iteration =  0.000       ****************


#********** Integration by Vegas (iteration       2) ************
#                                                               *
#  integral  =  245.76907       accum. integral =  241.92187    *
#  std. dev. =  3.4574588       accum. std. dev =  3.0030464    *
#   min/max. wt. =    0.00000             1.72018               *
#                                                               *
#*************   chi**2/iteration =  19.66       ****************


#********** Integration by Vegas (iteration       3) ************
#                                                               *
#  integral  =  249.30035       accum. integral =  246.50122    *
#  std. dev. =  2.6343072       accum. std. dev =  1.9278116    *
#   min/max. wt. =    0.00000             1.73811               *
#                                                               *
#*************   chi**2/iteration =  10.78       ****************


#********** Integration by Vegas (iteration       4) ************
#                                                               *
#  integral  =  247.77046       accum. integral =  247.46014    *
#  std. dev. =  1.1733425       accum. std. dev = 0.97031794    *
#   min/max. wt. =    0.00000            0.982212               *
#                                                               *
#*************   chi**2/iteration =  7.040       ****************


#********** Integration by Vegas (iteration       5) ************
#                                                               *
#  integral  =  247.23873       accum. integral =  247.28780    *
#  std. dev. = 0.54301236       accum. std. dev = 0.46132913    *
#   min/max. wt. =    0.00000            0.265096               *
#                                                               *
#*************   chi**2/iteration =  5.187       ****************


#********** Integration by Vegas (iteration       6) ************
#                                                               *
#  integral  =  247.20205       accum. integral =  247.22019    *
#  std. dev. = 0.24812740       accum. std. dev = 0.21356772    *
#   min/max. wt. =    0.00000            0.621098E-01           *
#                                                               *
#*************   chi**2/iteration =  4.102       ****************


#********** Integration by Vegas (iteration       7) ************
#                                                               *
#  integral  =  247.49853       accum. integral =  247.39671    *
#  std. dev. = 0.16752939       accum. std. dev = 0.12978419    *
#   min/max. wt. =    0.00000            0.240183E-01           *
#                                                               *
#*************   chi**2/iteration =  3.564       ****************


#********** Integration by Vegas (iteration       8) ************
#                                                               *
#  integral  =  247.15888       accum. integral =  247.28967    *
#  std. dev. = 0.14727256       accum. std. dev = 0.96567794E-01*
#   min/max. wt. =    0.00000            0.149363E-01           *
#                                                               *
#*************   chi**2/iteration =  3.249       ****************


#********** Integration by Vegas (iteration       9) ************
#                                                               *
#  integral  =  247.17220       accum. integral =  247.25066    *
#  std. dev. = 0.14013650       accum. std. dev = 0.79128279E-01*
#   min/max. wt. =    0.00000            0.117538E-01           *
#                                                               *
#*************   chi**2/iteration =  2.889       ****************


#********** Integration by Vegas (iteration      10) ************
#                                                               *
#  integral  =  247.25306       accum. integral =  247.25127    *
#  std. dev. = 0.13848053       accum. std. dev = 0.68493567E-01*
#   min/max. wt. =    0.00000            0.135116E-01           *
#                                                               *
#*************   chi**2/iteration =  2.557       ****************


#********** Integration by Vegas (iteration      11) ************
#                                                               *
#  integral  =  247.47138       accum. integral =  247.29189    *
#  std. dev. = 0.14680728       accum. std. dev = 0.61963053E-01*
#   min/max. wt. =    0.00000            0.383323E-01           *
#                                                               *
#*************   chi**2/iteration =  2.483       ****************


#********** Integration by Vegas (iteration      12) ************
#                                                               *
#  integral  =  247.49976       accum. integral =  247.32609    *
#  std. dev. = 0.14212524       accum. std. dev = 0.56721711E-01*
#   min/max. wt. =    0.00000            0.162782E-01           *
#                                                               *
#*************   chi**2/iteration =  2.418       ****************


#********** Integration by Vegas (iteration      13) ************
#                                                               *
#  integral  =  247.52077       accum. integral =  247.35431    *
#  std. dev. = 0.14002351       accum. std. dev = 0.52516430E-01*
#   min/max. wt. =    0.00000            0.226083E-01           *
#                                                               *
#*************   chi**2/iteration =  2.353       ****************


#********** Integration by Vegas (iteration      14) ************
#                                                               *
#  integral  =  247.54386       accum. integral =  247.37851    *
#  std. dev. = 0.13936535       accum. std. dev = 0.49103268E-01*
#   min/max. wt. =    0.00000            0.205274E-01           *
#                                                               *
#*************   chi**2/iteration =  2.295       ****************


#********** Integration by Vegas (iteration      15) ************
#                                                               *
#  integral  =  247.57048       accum. integral =  247.39756    *
#  std. dev. = 0.15005530       accum. std. dev = 0.46648048E-01*
#   min/max. wt. =    0.00000            0.412021E-01           *
#                                                               *
#*************   chi**2/iteration =  2.235       ****************


  Input parameters for vegas:  ndim=  9   ncall= 80707214.
                              it=    0    itmx=    2
                              acc=-1.00    
                              mds=  1     nd=  50
                              (xl,xu)= (  0.00000     ,  1.00000     )
                                       (  0.00000     ,  1.00000     )
                                       (  0.00000     ,  1.00000     )
                                       (  0.00000     ,  1.00000     )
                                       (  0.00000     ,  1.00000     )
                                       (  0.00000     ,  1.00000     )
                                       (  0.00000     ,  1.00000     )
                                       (  0.00000     ,  1.00000     )
                                       (  0.00000     ,  1.00000     )

#********** Integration by Vegas (iteration       1) ************
#                                                               *
#  integral  =  247.51298       accum. integral =  247.51298    *
#  std. dev. = 0.14369399       accum. std. dev = 0.14369399    *
#   min/max. wt. =    0.00000            0.139570E-01           *
#                                                               *
#*************   chi**2/iteration = -.3524E-06   ****************


#********** Integration by Vegas (iteration       2) ************
#                                                               *
#  integral  =  247.44054       accum. integral =  247.47573    *
#  std. dev. = 0.13962623       accum. std. dev = 0.10013828    *
#   min/max. wt. =    0.00000            0.159754E-01           *
#                                                               *
#*************   chi**2/iteration = 0.1306       ****************

 Done
