SLURM job running in:  /scratch/groups/lhc/park/JHUGen/JHUGenerator
LHAPDF 6.1.5 loading /work-zfs/lhc/cms/slc6_amd64_gcc493/external/lhapdf/6.1.5-kpegke3/share/LHAPDF/NNPDF30_lo_as_0130/NNPDF30_lo_as_0130_0000.dat
NNPDF30_lo_as_0130 PDF set, member #0, version 2; LHAPDF ID = 263000
 
                                                                                          
   ***************************************************************************************
   *                                JHU Generator v6.9.3                                 *
   ***************************************************************************************
   *                                                                                     *
   *   Spin and parity determination of single-produced resonances at hadron colliders   *
   *                                                                                     *
   *          I. Anderson, S. Bolognesi, F. Caola, Y. Gao, A. Gritsan, Z. Guo,           *
   *        C. Martin, K. Melnikov, R.Rontsch, H. Roskes, U. Sarica, M. Schulze,         *
   *                   N. Tran, A. Whitbeck, M. Xiao, C. You, Y. Zhou                    *
   *                Phys.Rev. D81 (2010) 075022;  arXiv:1001.3396 [hep-ph],              *
   *                Phys.Rev. D86 (2012) 095031;  arXiv:1208.4018 [hep-ph],              *
   *                Phys.Rev. D89 (2014) 035007;  arXiv:1309.4819 [hep-ph].              *
   *                                                                                     *
   ***************************************************************************************
                                                                                          
   
   Command line: ./JHUGen Unweighted=0 VegasNc0=99999999 VegasNc1=99999999 VegasNc2=99999999 LHAPDF=NNPDF30_lo_as_0130/NNPDF30_lo_as_0130.info MReso=835 Process=61 ghg2=1,0
   
   Input Parameter:
    Collider: P-P, sqrt(s)=13000.00
    Resonance: spin=0, mass= 835.00 width=   0.00407
    Jet cuts:
            pT >=    15.00 GeV
        DeltaR >=     0.30
           mJJ >=     0.00 GeV
    Random seed:   748242738
    To reproduce results using this seed, JHUGen should be compiled with the same compiler:
      GNU Fortran (GCC) 4.9.3
    
    WidthScheme:   2
    LHAPDF set NNPDF30_lo_as_0130/NNPDF30_lo_as_0130.info, member=  0
    Unweighted: F
    
    spin-0-VV couplings: 
      generate_as=F
      ghg2=  0.10000000E+01  0.00000000E+00i
      ghg3=  0.00000000E+00  0.00000000E+00i
      ghg4=  0.00000000E+00  0.00000000E+00i
      ghz1=  0.20000000E+01  0.00000000E+00i
      ghz2=  0.00000000E+00  0.00000000E+00i
      ghz3=  0.00000000E+00  0.00000000E+00i
      ghz4=  0.00000000E+00  0.00000000E+00i
      Lambda=  1000.0
    
    LHE output: ./data/output.lhe
    Histogram output: ./data/output.dat
    Log file: ./data/output.log
    
  Running

  Input parameters for vegas:  ndim=  9   ncall= 80707214.
                              it=    0    itmx=   15
                              acc=-1.00    
                              mds=  1     nd=  50
                              (xl,xu)= (  0.00000     ,  1.00000     )
                                       (  0.00000     ,  1.00000     )
                                       (  0.00000     ,  1.00000     )
                                       (  0.00000     ,  1.00000     )
                                       (  0.00000     ,  1.00000     )
                                       (  0.00000     ,  1.00000     )
                                       (  0.00000     ,  1.00000     )
                                       (  0.00000     ,  1.00000     )
                                       (  0.00000     ,  1.00000     )

#********** Integration by Vegas (iteration       1) ************
#                                                               *
#  integral  =  213.64590       accum. integral =  213.64590    *
#  std. dev. =  23.112249       accum. std. dev =  23.112249    *
#   min/max. wt. =    0.00000             19.4515               *
#                                                               *
#*************   chi**2/iteration =  0.000       ****************


#********** Integration by Vegas (iteration       2) ************
#                                                               *
#  integral  =  231.68068       accum. integral =  231.14925    *
#  std. dev. =  4.3671684       accum. std. dev =  4.1382788    *
#   min/max. wt. =    0.00000             2.87973               *
#                                                               *
#*************   chi**2/iteration = 0.5426       ****************


#********** Integration by Vegas (iteration       3) ************
#                                                               *
#  integral  =  239.85659       accum. integral =  237.58283    *
#  std. dev. =  2.6479642       accum. std. dev =  2.1698427    *
#   min/max. wt. =    0.00000             1.78829               *
#                                                               *
#*************   chi**2/iteration =  1.811       ****************


#********** Integration by Vegas (iteration       4) ************
#                                                               *
#  integral  =  282.39506       accum. integral =  237.73924    *
#  std. dev. =  45.280285       accum. std. dev =  2.3038870    *
#   min/max. wt. =    0.00000             45.2733               *
#                                                               *
#*************   chi**2/iteration =  1.506       ****************


#********** Integration by Vegas (iteration       5) ************
#                                                               *
#  integral  =  223.39348       accum. integral =  235.28655    *
#  std. dev. =  4.6599434       accum. std. dev =  2.0646667    *
#   min/max. wt. =    0.00000             1.39429               *
#                                                               *
#*************   chi**2/iteration =  2.876       ****************


#********** Integration by Vegas (iteration       6) ************
#                                                               *
#  integral  =  238.61307       accum. integral =  238.50125    *
#  std. dev. = 0.38384120       accum. std. dev = 0.37833986    *
#   min/max. wt. =    0.00000            0.880228E-01           *
#                                                               *
#*************   chi**2/iteration =  2.806       ****************


#********** Integration by Vegas (iteration       7) ************
#                                                               *
#  integral  =  238.59680       accum. integral =  238.57857    *
#  std. dev. = 0.18319940       accum. std. dev = 0.16518650    *
#   min/max. wt. =    0.00000            0.285428E-01           *
#                                                               *
#*************   chi**2/iteration =  2.348       ****************


#********** Integration by Vegas (iteration       8) ************
#                                                               *
#  integral  =  238.47574       accum. integral =  238.52539    *
#  std. dev. = 0.15914826       accum. std. dev = 0.11473842    *
#   min/max. wt. =    0.00000            0.502068E-01           *
#                                                               *
#*************   chi**2/iteration =  2.043       ****************


#********** Integration by Vegas (iteration       9) ************
#                                                               *
#  integral  =  238.39567       accum. integral =  238.47487    *
#  std. dev. = 0.14326307       accum. std. dev = 0.89627374E-01*
#   min/max. wt. =    0.00000            0.137709E-01           *
#                                                               *
#*************   chi**2/iteration =  1.851       ****************


#********** Integration by Vegas (iteration      10) ************
#                                                               *
#  integral  =  238.39516       accum. integral =  238.45325    *
#  std. dev. = 0.14654970       accum. std. dev = 0.76494427E-01*
#   min/max. wt. =    0.00000            0.360913E-01           *
#                                                               *
#*************   chi**2/iteration =  1.670       ****************


#********** Integration by Vegas (iteration      11) ************
#                                                               *
#  integral  =  238.46149       accum. integral =  238.45511    *
#  std. dev. = 0.14129893       accum. std. dev = 0.67287529E-01*
#   min/max. wt. =    0.00000            0.157009E-01           *
#                                                               *
#*************   chi**2/iteration =  1.504       ****************


#********** Integration by Vegas (iteration      12) ************
#                                                               *
#  integral  =  238.07629       accum. integral =  238.38086    *
#  std. dev. = 0.13581376       accum. std. dev = 0.60316803E-01*
#   min/max. wt. =    0.00000            0.167140E-01           *
#                                                               *
#*************   chi**2/iteration =  1.933       ****************


#********** Integration by Vegas (iteration      13) ************
#                                                               *
#  integral  =  238.37437       accum. integral =  238.37977    *
#  std. dev. = 0.13417918       accum. std. dev = 0.55023436E-01*
#   min/max. wt. =    0.00000            0.222256E-01           *
#                                                               *
#*************   chi**2/iteration =  1.773       ****************


#********** Integration by Vegas (iteration      14) ************
#                                                               *
#  integral  =  238.47627       accum. integral =  238.39352    *
#  std. dev. = 0.13482934       accum. std. dev = 0.50949278E-01*
#   min/max. wt. =    0.00000            0.162309E-01           *
#                                                               *
#*************   chi**2/iteration =  1.670       ****************


#********** Integration by Vegas (iteration      15) ************
#                                                               *
#  integral  =  238.37309       accum. integral =  238.39092    *
#  std. dev. = 0.13314250       accum. std. dev = 0.47589076E-01*
#   min/max. wt. =    0.00000            0.141466E-01           *
#                                                               *
#*************   chi**2/iteration =  1.553       ****************


  Input parameters for vegas:  ndim=  9   ncall= 80707214.
                              it=    0    itmx=    2
                              acc=-1.00    
                              mds=  1     nd=  50
                              (xl,xu)= (  0.00000     ,  1.00000     )
                                       (  0.00000     ,  1.00000     )
                                       (  0.00000     ,  1.00000     )
                                       (  0.00000     ,  1.00000     )
                                       (  0.00000     ,  1.00000     )
                                       (  0.00000     ,  1.00000     )
                                       (  0.00000     ,  1.00000     )
                                       (  0.00000     ,  1.00000     )
                                       (  0.00000     ,  1.00000     )

#********** Integration by Vegas (iteration       1) ************
#                                                               *
#  integral  =  238.44242       accum. integral =  238.44242    *
#  std. dev. = 0.13392625       accum. std. dev = 0.13392625    *
#   min/max. wt. =    0.00000            0.123301E-01           *
#                                                               *
#*************   chi**2/iteration = 0.8113E-06   ****************


#********** Integration by Vegas (iteration       2) ************
#                                                               *
#  integral  =  238.54113       accum. integral =  238.49068    *
#  std. dev. = 0.13697853       accum. std. dev = 0.95761512E-01*
#   min/max. wt. =    0.00000            0.322663E-01           *
#                                                               *
#*************   chi**2/iteration = 0.2653       ****************

 Done
