SLURM job running in:  /scratch/groups/lhc/park/JHUGen/JHUGenerator
LHAPDF 6.1.5 loading /work-zfs/lhc/cms/slc6_amd64_gcc493/external/lhapdf/6.1.5-kpegke3/share/LHAPDF/NNPDF30_lo_as_0130/NNPDF30_lo_as_0130_0000.dat
NNPDF30_lo_as_0130 PDF set, member #0, version 2; LHAPDF ID = 263000
 
                                                                                          
   ***************************************************************************************
   *                                JHU Generator v6.9.3                                 *
   ***************************************************************************************
   *                                                                                     *
   *   Spin and parity determination of single-produced resonances at hadron colliders   *
   *                                                                                     *
   *          I. Anderson, S. Bolognesi, F. Caola, Y. Gao, A. Gritsan, Z. Guo,           *
   *        C. Martin, K. Melnikov, R.Rontsch, H. Roskes, U. Sarica, M. Schulze,         *
   *                   N. Tran, A. Whitbeck, M. Xiao, C. You, Y. Zhou                    *
   *                Phys.Rev. D81 (2010) 075022;  arXiv:1001.3396 [hep-ph],              *
   *                Phys.Rev. D86 (2012) 095031;  arXiv:1208.4018 [hep-ph],              *
   *                Phys.Rev. D89 (2014) 035007;  arXiv:1309.4819 [hep-ph].              *
   *                                                                                     *
   ***************************************************************************************
                                                                                          
   
   Command line: ./JHUGen Unweighted=0 VegasNc0=99999999 VegasNc1=99999999 VegasNc2=99999999 LHAPDF=NNPDF30_lo_as_0130/NNPDF30_lo_as_0130.info MReso=870 Process=61 ghg2=1,0
   
   Input Parameter:
    Collider: P-P, sqrt(s)=13000.00
    Resonance: spin=0, mass= 870.00 width=   0.00407
    Jet cuts:
            pT >=    15.00 GeV
        DeltaR >=     0.30
           mJJ >=     0.00 GeV
    Random seed:   825736655
    To reproduce results using this seed, JHUGen should be compiled with the same compiler:
      GNU Fortran (GCC) 4.9.3
    
    WidthScheme:   2
    LHAPDF set NNPDF30_lo_as_0130/NNPDF30_lo_as_0130.info, member=  0
    Unweighted: F
    
    spin-0-VV couplings: 
      generate_as=F
      ghg2=  0.10000000E+01  0.00000000E+00i
      ghg3=  0.00000000E+00  0.00000000E+00i
      ghg4=  0.00000000E+00  0.00000000E+00i
      ghz1=  0.20000000E+01  0.00000000E+00i
      ghz2=  0.00000000E+00  0.00000000E+00i
      ghz3=  0.00000000E+00  0.00000000E+00i
      ghz4=  0.00000000E+00  0.00000000E+00i
      Lambda=  1000.0
    
    LHE output: ./data/output.lhe
    Histogram output: ./data/output.dat
    Log file: ./data/output.log
    
  Running

  Input parameters for vegas:  ndim=  9   ncall= 80707214.
                              it=    0    itmx=   15
                              acc=-1.00    
                              mds=  1     nd=  50
                              (xl,xu)= (  0.00000     ,  1.00000     )
                                       (  0.00000     ,  1.00000     )
                                       (  0.00000     ,  1.00000     )
                                       (  0.00000     ,  1.00000     )
                                       (  0.00000     ,  1.00000     )
                                       (  0.00000     ,  1.00000     )
                                       (  0.00000     ,  1.00000     )
                                       (  0.00000     ,  1.00000     )
                                       (  0.00000     ,  1.00000     )

#********** Integration by Vegas (iteration       1) ************
#                                                               *
#  integral  =  178.95363       accum. integral =  178.95363    *
#  std. dev. =  10.561497       accum. std. dev =  10.561497    *
#   min/max. wt. =    0.00000             5.72406               *
#                                                               *
#*************   chi**2/iteration = -.3261E-10   ****************


#********** Integration by Vegas (iteration       2) ************
#                                                               *
#  integral  =  209.87026       accum. integral =  201.05447    *
#  std. dev. =  7.8227984       accum. std. dev =  6.1462616    *
#   min/max. wt. =    0.00000             5.35712               *
#                                                               *
#*************   chi**2/iteration =  5.152       ****************


#********** Integration by Vegas (iteration       3) ************
#                                                               *
#  integral  =  211.15551       accum. integral =  208.53601    *
#  std. dev. =  3.9376369       accum. std. dev =  3.2185523    *
#   min/max. wt. =    0.00000             3.26260               *
#                                                               *
#*************   chi**2/iteration =  3.383       ****************


#********** Integration by Vegas (iteration       4) ************
#                                                               *
#  integral  =  208.82717       accum. integral =  208.81093    *
#  std. dev. = 0.81458295       accum. std. dev = 0.76811796    *
#   min/max. wt. =    0.00000            0.230669               *
#                                                               *
#*************   chi**2/iteration =  2.212       ****************


#********** Integration by Vegas (iteration       5) ************
#                                                               *
#  integral  =  210.01620       accum. integral =  209.84163    *
#  std. dev. = 0.32760490       accum. std. dev = 0.29448099    *
#   min/max. wt. =    0.00000            0.127030               *
#                                                               *
#*************   chi**2/iteration =  2.153       ****************


#********** Integration by Vegas (iteration       6) ************
#                                                               *
#  integral  =  210.09551       accum. integral =  210.01096    *
#  std. dev. = 0.21414811       accum. std. dev = 0.17077360    *
#   min/max. wt. =    0.00000            0.564233E-01           *
#                                                               *
#*************   chi**2/iteration =  1.804       ****************


#********** Integration by Vegas (iteration       7) ************
#                                                               *
#  integral  =  210.15060       accum. integral =  210.09018    *
#  std. dev. = 0.15278144       accum. std. dev = 0.11272991    *
#   min/max. wt. =    0.00000            0.363059E-01           *
#                                                               *
#*************   chi**2/iteration =  1.556       ****************


#********** Integration by Vegas (iteration       8) ************
#                                                               *
#  integral  =  210.20075       accum. integral =  210.13585    *
#  std. dev. = 0.13721346       accum. std. dev = 0.86595914E-01*
#   min/max. wt. =    0.00000            0.274376E-01           *
#                                                               *
#*************   chi**2/iteration =  1.383       ****************


#********** Integration by Vegas (iteration       9) ************
#                                                               *
#  integral  =  210.17946       accum. integral =  210.15034    *
#  std. dev. = 0.12502537       accum. std. dev = 0.70911497E-01*
#   min/max. wt. =    0.00000            0.129663E-01           *
#                                                               *
#*************   chi**2/iteration =  1.216       ****************


#********** Integration by Vegas (iteration      10) ************
#                                                               *
#  integral  =  210.12150       accum. integral =  210.14266    *
#  std. dev. = 0.11955428       accum. std. dev = 0.60834800E-01*
#   min/max. wt. =    0.00000            0.135526E-01           *
#                                                               *
#*************   chi**2/iteration =  1.082       ****************


#********** Integration by Vegas (iteration      11) ************
#                                                               *
#  integral  =  209.94927       accum. integral =  210.10610    *
#  std. dev. = 0.12770535       accum. std. dev = 0.54852042E-01*
#   min/max. wt. =    0.00000            0.253162E-01           *
#                                                               *
#*************   chi**2/iteration =  1.162       ****************


#********** Integration by Vegas (iteration      12) ************
#                                                               *
#  integral  =  210.18674       accum. integral =  210.11988    *
#  std. dev. = 0.12246884       accum. std. dev = 0.50004262E-01*
#   min/max. wt. =    0.00000            0.197073E-01           *
#                                                               *
#*************   chi**2/iteration =  1.087       ****************


#********** Integration by Vegas (iteration      13) ************
#                                                               *
#  integral  =  210.21666       accum. integral =  210.13513    *
#  std. dev. = 0.11705179       accum. std. dev = 0.45939961E-01*
#   min/max. wt. =    0.00000            0.792176E-02           *
#                                                               *
#*************   chi**2/iteration =  1.044       ****************


#********** Integration by Vegas (iteration      14) ************
#                                                               *
#  integral  =  210.12857       accum. integral =  210.13422    *
#  std. dev. = 0.11628395       accum. std. dev = 0.42696643E-01*
#   min/max. wt. =    0.00000            0.135320E-01           *
#                                                               *
#*************   chi**2/iteration = 0.9624       ****************


#********** Integration by Vegas (iteration      15) ************
#                                                               *
#  integral  =  210.05082       accum. integral =  210.12488    *
#  std. dev. = 0.12138198       accum. std. dev = 0.40260335E-01*
#   min/max. wt. =    0.00000            0.254883E-01           *
#                                                               *
#*************   chi**2/iteration = 0.9230       ****************


  Input parameters for vegas:  ndim=  9   ncall= 80707214.
                              it=    0    itmx=    2
                              acc=-1.00    
                              mds=  1     nd=  50
                              (xl,xu)= (  0.00000     ,  1.00000     )
                                       (  0.00000     ,  1.00000     )
                                       (  0.00000     ,  1.00000     )
                                       (  0.00000     ,  1.00000     )
                                       (  0.00000     ,  1.00000     )
                                       (  0.00000     ,  1.00000     )
                                       (  0.00000     ,  1.00000     )
                                       (  0.00000     ,  1.00000     )
                                       (  0.00000     ,  1.00000     )

#********** Integration by Vegas (iteration       1) ************
#                                                               *
#  integral  =  209.89075       accum. integral =  209.89075    *
#  std. dev. = 0.11905153       accum. std. dev = 0.11905153    *
#   min/max. wt. =    0.00000            0.121245E-01           *
#                                                               *
#*************   chi**2/iteration =  0.000       ****************


#********** Integration by Vegas (iteration       2) ************
#                                                               *
#  integral  =  210.03395       accum. integral =  209.95922    *
#  std. dev. = 0.12446013       accum. std. dev = 0.86031986E-01*
#   min/max. wt. =    0.00000            0.390781E-01           *
#                                                               *
#*************   chi**2/iteration = 0.6906       ****************

 Done
