SLURM job running in:  /scratch/groups/lhc/park/JHUGen/JHUGenerator
LHAPDF 6.1.5 loading /work-zfs/lhc/cms/slc6_amd64_gcc493/external/lhapdf/6.1.5-kpegke3/share/LHAPDF/NNPDF30_lo_as_0130/NNPDF30_lo_as_0130_0000.dat
NNPDF30_lo_as_0130 PDF set, member #0, version 2; LHAPDF ID = 263000
 
                                                                                          
   ***************************************************************************************
   *                                JHU Generator v6.9.3                                 *
   ***************************************************************************************
   *                                                                                     *
   *   Spin and parity determination of single-produced resonances at hadron colliders   *
   *                                                                                     *
   *          I. Anderson, S. Bolognesi, F. Caola, Y. Gao, A. Gritsan, Z. Guo,           *
   *        C. Martin, K. Melnikov, R.Rontsch, H. Roskes, U. Sarica, M. Schulze,         *
   *                   N. Tran, A. Whitbeck, M. Xiao, C. You, Y. Zhou                    *
   *                Phys.Rev. D81 (2010) 075022;  arXiv:1001.3396 [hep-ph],              *
   *                Phys.Rev. D86 (2012) 095031;  arXiv:1208.4018 [hep-ph],              *
   *                Phys.Rev. D89 (2014) 035007;  arXiv:1309.4819 [hep-ph].              *
   *                                                                                     *
   ***************************************************************************************
                                                                                          
   
   Command line: ./JHUGen Unweighted=0 VegasNc0=99999999 VegasNc1=99999999 VegasNc2=99999999 LHAPDF=NNPDF30_lo_as_0130/NNPDF30_lo_as_0130.info MReso=875 Process=61 ghg2=1,0
   
   Input Parameter:
    Collider: P-P, sqrt(s)=13000.00
    Resonance: spin=0, mass= 875.00 width=   0.00407
    Jet cuts:
            pT >=    15.00 GeV
        DeltaR >=     0.30
           mJJ >=     0.00 GeV
    Random seed:   389809909
    To reproduce results using this seed, JHUGen should be compiled with the same compiler:
      GNU Fortran (GCC) 4.9.3
    
    WidthScheme:   2
    LHAPDF set NNPDF30_lo_as_0130/NNPDF30_lo_as_0130.info, member=  0
    Unweighted: F
    
    spin-0-VV couplings: 
      generate_as=F
      ghg2=  0.10000000E+01  0.00000000E+00i
      ghg3=  0.00000000E+00  0.00000000E+00i
      ghg4=  0.00000000E+00  0.00000000E+00i
      ghz1=  0.20000000E+01  0.00000000E+00i
      ghz2=  0.00000000E+00  0.00000000E+00i
      ghz3=  0.00000000E+00  0.00000000E+00i
      ghz4=  0.00000000E+00  0.00000000E+00i
      Lambda=  1000.0
    
    LHE output: ./data/output.lhe
    Histogram output: ./data/output.dat
    Log file: ./data/output.log
    
  Running

  Input parameters for vegas:  ndim=  9   ncall= 80707214.
                              it=    0    itmx=   15
                              acc=-1.00    
                              mds=  1     nd=  50
                              (xl,xu)= (  0.00000     ,  1.00000     )
                                       (  0.00000     ,  1.00000     )
                                       (  0.00000     ,  1.00000     )
                                       (  0.00000     ,  1.00000     )
                                       (  0.00000     ,  1.00000     )
                                       (  0.00000     ,  1.00000     )
                                       (  0.00000     ,  1.00000     )
                                       (  0.00000     ,  1.00000     )
                                       (  0.00000     ,  1.00000     )

#********** Integration by Vegas (iteration       1) ************
#                                                               *
#  integral  =  173.32809       accum. integral =  173.32809    *
#  std. dev. =  13.708215       accum. std. dev =  13.708215    *
#   min/max. wt. =    0.00000             11.0666               *
#                                                               *
#*************   chi**2/iteration =  0.000       ****************


#********** Integration by Vegas (iteration       2) ************
#                                                               *
#  integral  =  200.62126       accum. integral =  199.50408    *
#  std. dev. =  3.2779183       accum. std. dev =  2.9997304    *
#   min/max. wt. =    0.00000             2.39457               *
#                                                               *
#*************   chi**2/iteration =  3.247       ****************


#********** Integration by Vegas (iteration       3) ************
#                                                               *
#  integral  =  207.75450       accum. integral =  205.42290    *
#  std. dev. =  2.0864435       accum. std. dev =  1.6541835    *
#   min/max. wt. =    0.00000             1.40092               *
#                                                               *
#*************   chi**2/iteration =  4.030       ****************


#********** Integration by Vegas (iteration       4) ************
#                                                               *
#  integral  =  205.78874       accum. integral =  205.73627    *
#  std. dev. = 0.71628880       accum. std. dev = 0.63577904    *
#   min/max. wt. =    0.00000            0.266101               *
#                                                               *
#*************   chi**2/iteration =  2.622       ****************


#********** Integration by Vegas (iteration       5) ************
#                                                               *
#  integral  =  206.17555       accum. integral =  206.08529    *
#  std. dev. = 0.33775332       accum. std. dev = 0.29080842    *
#   min/max. wt. =    0.00000            0.179437               *
#                                                               *
#*************   chi**2/iteration =  2.025       ****************


#********** Integration by Vegas (iteration       6) ************
#                                                               *
#  integral  =  206.54015       accum. integral =  206.39501    *
#  std. dev. = 0.20645744       accum. std. dev = 0.16530191    *
#   min/max. wt. =    0.00000            0.349078E-01           *
#                                                               *
#*************   chi**2/iteration =  1.929       ****************


#********** Integration by Vegas (iteration       7) ************
#                                                               *
#  integral  =  206.29590       accum. integral =  206.33607    *
#  std. dev. = 0.14046744       accum. std. dev = 0.10568017    *
#   min/max. wt. =    0.00000            0.247401E-01           *
#                                                               *
#*************   chi**2/iteration =  1.629       ****************


#********** Integration by Vegas (iteration       8) ************
#                                                               *
#  integral  =  206.25488       accum. integral =  206.30553    *
#  std. dev. = 0.13946951       accum. std. dev = 0.83730453E-01*
#   min/max. wt. =    0.00000            0.579505E-01           *
#                                                               *
#*************   chi**2/iteration =  1.419       ****************


#********** Integration by Vegas (iteration       9) ************
#                                                               *
#  integral  =  206.04563       accum. integral =  206.22896    *
#  std. dev. = 0.13223498       accum. std. dev = 0.70486381E-01*
#   min/max. wt. =    0.00000            0.214974E-01           *
#                                                               *
#*************   chi**2/iteration =  1.589       ****************


#********** Integration by Vegas (iteration      10) ************
#                                                               *
#  integral  =  206.38790       accum. integral =  206.27053    *
#  std. dev. = 0.12079523       accum. std. dev = 0.60692557E-01*
#   min/max. wt. =    0.00000            0.138093E-01           *
#                                                               *
#*************   chi**2/iteration =  1.554       ****************


#********** Integration by Vegas (iteration      11) ************
#                                                               *
#  integral  =  206.23654       accum. integral =  206.26300    *
#  std. dev. = 0.11567502       accum. std. dev = 0.53628733E-01*
#   min/max. wt. =    0.00000            0.978582E-02           *
#                                                               *
#*************   chi**2/iteration =  1.401       ****************


#********** Integration by Vegas (iteration      12) ************
#                                                               *
#  integral  =  206.10231       accum. integral =  206.23386    *
#  std. dev. = 0.11563441       accum. std. dev = 0.48583127E-01*
#   min/max. wt. =    0.00000            0.997203E-02           *
#                                                               *
#*************   chi**2/iteration =  1.418       ****************


#********** Integration by Vegas (iteration      13) ************
#                                                               *
#  integral  =  206.30810       accum. integral =  206.24502    *
#  std. dev. = 0.11718620       accum. std. dev = 0.44833170E-01*
#   min/max. wt. =    0.00000            0.134184E-01           *
#                                                               *
#*************   chi**2/iteration =  1.326       ****************


#********** Integration by Vegas (iteration      14) ************
#                                                               *
#  integral  =  206.32365       accum. integral =  206.25528    *
#  std. dev. = 0.11729624       accum. std. dev = 0.41846396E-01*
#   min/max. wt. =    0.00000            0.211255E-01           *
#                                                               *
#*************   chi**2/iteration =  1.253       ****************


#********** Integration by Vegas (iteration      15) ************
#                                                               *
#  integral  =  206.50975       accum. integral =  206.28304    *
#  std. dev. = 0.12119142       accum. std. dev = 0.39533440E-01*
#   min/max. wt. =    0.00000            0.206022E-01           *
#                                                               *
#*************   chi**2/iteration =  1.449       ****************


  Input parameters for vegas:  ndim=  9   ncall= 80707214.
                              it=    0    itmx=    2
                              acc=-1.00    
                              mds=  1     nd=  50
                              (xl,xu)= (  0.00000     ,  1.00000     )
                                       (  0.00000     ,  1.00000     )
                                       (  0.00000     ,  1.00000     )
                                       (  0.00000     ,  1.00000     )
                                       (  0.00000     ,  1.00000     )
                                       (  0.00000     ,  1.00000     )
                                       (  0.00000     ,  1.00000     )
                                       (  0.00000     ,  1.00000     )
                                       (  0.00000     ,  1.00000     )

#********** Integration by Vegas (iteration       1) ************
#                                                               *
#  integral  =  206.32448       accum. integral =  206.32448    *
#  std. dev. = 0.11594626       accum. std. dev = 0.11594626    *
#   min/max. wt. =    0.00000            0.782055E-02           *
#                                                               *
#*************   chi**2/iteration =  0.000       ****************


#********** Integration by Vegas (iteration       2) ************
#                                                               *
#  integral  =  206.50652       accum. integral =  206.41411    *
#  std. dev. = 0.11783546       accum. std. dev = 0.82646811E-01*
#   min/max. wt. =    0.00000            0.149869E-01           *
#                                                               *
#*************   chi**2/iteration =  1.211       ****************

 Done
