SLURM job running in:  /scratch/groups/lhc/park/JHUGen/JHUGenerator
LHAPDF 6.1.5 loading /work-zfs/lhc/cms/slc6_amd64_gcc493/external/lhapdf/6.1.5-kpegke3/share/LHAPDF/NNPDF30_lo_as_0130/NNPDF30_lo_as_0130_0000.dat
NNPDF30_lo_as_0130 PDF set, member #0, version 2; LHAPDF ID = 263000
 
                                                                                          
   ***************************************************************************************
   *                                JHU Generator v6.9.3                                 *
   ***************************************************************************************
   *                                                                                     *
   *   Spin and parity determination of single-produced resonances at hadron colliders   *
   *                                                                                     *
   *          I. Anderson, S. Bolognesi, F. Caola, Y. Gao, A. Gritsan, Z. Guo,           *
   *        C. Martin, K. Melnikov, R.Rontsch, H. Roskes, U. Sarica, M. Schulze,         *
   *                   N. Tran, A. Whitbeck, M. Xiao, C. You, Y. Zhou                    *
   *                Phys.Rev. D81 (2010) 075022;  arXiv:1001.3396 [hep-ph],              *
   *                Phys.Rev. D86 (2012) 095031;  arXiv:1208.4018 [hep-ph],              *
   *                Phys.Rev. D89 (2014) 035007;  arXiv:1309.4819 [hep-ph].              *
   *                                                                                     *
   ***************************************************************************************
                                                                                          
   
   Command line: ./JHUGen Unweighted=0 VegasNc0=99999999 VegasNc1=99999999 VegasNc2=99999999 LHAPDF=NNPDF30_lo_as_0130/NNPDF30_lo_as_0130.info MReso=910 Process=61 ghg2=1,0
   
   Input Parameter:
    Collider: P-P, sqrt(s)=13000.00
    Resonance: spin=0, mass= 910.00 width=   0.00407
    Jet cuts:
            pT >=    15.00 GeV
        DeltaR >=     0.30
           mJJ >=     0.00 GeV
    Random seed:   404068739
    To reproduce results using this seed, JHUGen should be compiled with the same compiler:
      GNU Fortran (GCC) 4.9.3
    
    WidthScheme:   2
    LHAPDF set NNPDF30_lo_as_0130/NNPDF30_lo_as_0130.info, member=  0
    Unweighted: F
    
    spin-0-VV couplings: 
      generate_as=F
      ghg2=  0.10000000E+01  0.00000000E+00i
      ghg3=  0.00000000E+00  0.00000000E+00i
      ghg4=  0.00000000E+00  0.00000000E+00i
      ghz1=  0.20000000E+01  0.00000000E+00i
      ghz2=  0.00000000E+00  0.00000000E+00i
      ghz3=  0.00000000E+00  0.00000000E+00i
      ghz4=  0.00000000E+00  0.00000000E+00i
      Lambda=  1000.0
    
    LHE output: ./data/output.lhe
    Histogram output: ./data/output.dat
    Log file: ./data/output.log
    
  Running

  Input parameters for vegas:  ndim=  9   ncall= 80707214.
                              it=    0    itmx=   15
                              acc=-1.00    
                              mds=  1     nd=  50
                              (xl,xu)= (  0.00000     ,  1.00000     )
                                       (  0.00000     ,  1.00000     )
                                       (  0.00000     ,  1.00000     )
                                       (  0.00000     ,  1.00000     )
                                       (  0.00000     ,  1.00000     )
                                       (  0.00000     ,  1.00000     )
                                       (  0.00000     ,  1.00000     )
                                       (  0.00000     ,  1.00000     )
                                       (  0.00000     ,  1.00000     )

#********** Integration by Vegas (iteration       1) ************
#                                                               *
#  integral  =  156.71969       accum. integral =  156.71969    *
#  std. dev. =  8.4072751       accum. std. dev =  8.4072751    *
#   min/max. wt. =    0.00000             3.80442               *
#                                                               *
#*************   chi**2/iteration =  0.000       ****************


#********** Integration by Vegas (iteration       2) ************
#                                                               *
#  integral  =  182.27247       accum. integral =  178.26172    *
#  std. dev. =  4.2191234       accum. std. dev =  3.6125626    *
#   min/max. wt. =    0.00000             2.48755               *
#                                                               *
#*************   chi**2/iteration =  6.614       ****************


#********** Integration by Vegas (iteration       3) ************
#                                                               *
#  integral  =  179.37615       accum. integral =  179.31202    *
#  std. dev. = 0.94207211       accum. std. dev = 0.88290292    *
#   min/max. wt. =    0.00000            0.427517               *
#                                                               *
#*************   chi**2/iteration =  3.231       ****************


#********** Integration by Vegas (iteration       4) ************
#                                                               *
#  integral  =  181.83700       accum. integral =  181.37428    *
#  std. dev. = 0.43915415       accum. std. dev = 0.38277544    *
#   min/max. wt. =    0.00000            0.179395               *
#                                                               *
#*************   chi**2/iteration =  4.271       ****************


#********** Integration by Vegas (iteration       5) ************
#                                                               *
#  integral  =  182.25730       accum. integral =  182.00406    *
#  std. dev. = 0.25224908       accum. std. dev = 0.20661880    *
#   min/max. wt. =    0.00000            0.989256E-01           *
#                                                               *
#*************   chi**2/iteration =  4.086       ****************


#********** Integration by Vegas (iteration       6) ************
#                                                               *
#  integral  =  182.31273       accum. integral =  182.16425    *
#  std. dev. = 0.20516237       accum. std. dev = 0.14406330    *
#   min/max. wt. =    0.00000            0.804689E-01           *
#                                                               *
#*************   chi**2/iteration =  3.464       ****************


#********** Integration by Vegas (iteration       7) ************
#                                                               *
#  integral  =  182.49481       accum. integral =  182.32614    *
#  std. dev. = 0.15100959       accum. std. dev = 0.10330789    *
#   min/max. wt. =    0.00000            0.418224E-01           *
#                                                               *
#*************   chi**2/iteration =  3.291       ****************


#********** Integration by Vegas (iteration       8) ************
#                                                               *
#  integral  =  182.21392       accum. integral =  182.27501    *
#  std. dev. = 0.11533110       accum. std. dev = 0.76426393E-01*
#   min/max. wt. =    0.00000            0.100761E-01           *
#                                                               *
#*************   chi**2/iteration =  2.882       ****************


#********** Integration by Vegas (iteration       9) ************
#                                                               *
#  integral  =  182.32367       accum. integral =  182.29003    *
#  std. dev. = 0.11654775       accum. std. dev = 0.63677566E-01*
#   min/max. wt. =    0.00000            0.258568E-01           *
#                                                               *
#*************   chi**2/iteration =  2.527       ****************


#********** Integration by Vegas (iteration      10) ************
#                                                               *
#  integral  =  182.52805       accum. integral =  182.35270    *
#  std. dev. = 0.10845513       accum. std. dev = 0.54755935E-01*
#   min/max. wt. =    0.00000            0.115184E-01           *
#                                                               *
#*************   chi**2/iteration =  2.645       ****************


#********** Integration by Vegas (iteration      11) ************
#                                                               *
#  integral  =  182.31785       accum. integral =  182.34489    *
#  std. dev. = 0.10342456       accum. std. dev = 0.48298208E-01*
#   min/max. wt. =    0.00000            0.937655E-02           *
#                                                               *
#*************   chi**2/iteration =  2.383       ****************


#********** Integration by Vegas (iteration      12) ************
#                                                               *
#  integral  =  182.23891       accum. integral =  182.32520    *
#  std. dev. = 0.10246797       accum. std. dev = 0.43630902E-01*
#   min/max. wt. =    0.00000            0.143287E-01           *
#                                                               *
#*************   chi**2/iteration =  2.243       ****************


#********** Integration by Vegas (iteration      13) ************
#                                                               *
#  integral  =  182.22137       accum. integral =  182.30856    *
#  std. dev. = 0.10106003       accum. std. dev = 0.40018212E-01*
#   min/max. wt. =    0.00000            0.587159E-02           *
#                                                               *
#*************   chi**2/iteration =  2.127       ****************


#********** Integration by Vegas (iteration      14) ************
#                                                               *
#  integral  =  182.42124       accum. integral =  182.32394    *
#  std. dev. = 0.10188277       accum. std. dev = 0.37219416E-01*
#   min/max. wt. =    0.00000            0.109707E-01           *
#                                                               *
#*************   chi**2/iteration =  2.043       ****************


#********** Integration by Vegas (iteration      15) ************
#                                                               *
#  integral  =  182.33002       accum. integral =  182.32466    *
#  std. dev. = 0.10252269       accum. std. dev = 0.34966341E-01*
#   min/max. wt. =    0.00000            0.962513E-02           *
#                                                               *
#*************   chi**2/iteration =  1.895       ****************


  Input parameters for vegas:  ndim=  9   ncall= 80707214.
                              it=    0    itmx=    2
                              acc=-1.00    
                              mds=  1     nd=  50
                              (xl,xu)= (  0.00000     ,  1.00000     )
                                       (  0.00000     ,  1.00000     )
                                       (  0.00000     ,  1.00000     )
                                       (  0.00000     ,  1.00000     )
                                       (  0.00000     ,  1.00000     )
                                       (  0.00000     ,  1.00000     )
                                       (  0.00000     ,  1.00000     )
                                       (  0.00000     ,  1.00000     )
                                       (  0.00000     ,  1.00000     )

#********** Integration by Vegas (iteration       1) ************
#                                                               *
#  integral  =  182.08383       accum. integral =  182.08383    *
#  std. dev. = 0.10445591       accum. std. dev = 0.10445591    *
#   min/max. wt. =    0.00000            0.106078E-01           *
#                                                               *
#*************   chi**2/iteration = -.1334E-05   ****************


#********** Integration by Vegas (iteration       2) ************
#                                                               *
#  integral  =  182.46369       accum. integral =  182.27766    *
#  std. dev. = 0.10254773       accum. std. dev = 0.73176107E-01*
#   min/max. wt. =    0.00000            0.984638E-02           *
#                                                               *
#*************   chi**2/iteration =  6.727       ****************

 Done
