SLURM job running in:  /scratch/groups/lhc/park/JHUGen/JHUGenerator
LHAPDF 6.1.5 loading /work-zfs/lhc/cms/slc6_amd64_gcc493/external/lhapdf/6.1.5-kpegke3/share/LHAPDF/NNPDF30_lo_as_0130/NNPDF30_lo_as_0130_0000.dat
NNPDF30_lo_as_0130 PDF set, member #0, version 2; LHAPDF ID = 263000
 
                                                                                          
   ***************************************************************************************
   *                                JHU Generator v6.9.3                                 *
   ***************************************************************************************
   *                                                                                     *
   *   Spin and parity determination of single-produced resonances at hadron colliders   *
   *                                                                                     *
   *          I. Anderson, S. Bolognesi, F. Caola, Y. Gao, A. Gritsan, Z. Guo,           *
   *        C. Martin, K. Melnikov, R.Rontsch, H. Roskes, U. Sarica, M. Schulze,         *
   *                   N. Tran, A. Whitbeck, M. Xiao, C. You, Y. Zhou                    *
   *                Phys.Rev. D81 (2010) 075022;  arXiv:1001.3396 [hep-ph],              *
   *                Phys.Rev. D86 (2012) 095031;  arXiv:1208.4018 [hep-ph],              *
   *                Phys.Rev. D89 (2014) 035007;  arXiv:1309.4819 [hep-ph].              *
   *                                                                                     *
   ***************************************************************************************
                                                                                          
   
   Command line: ./JHUGen Unweighted=0 VegasNc0=99999999 VegasNc1=99999999 VegasNc2=99999999 LHAPDF=NNPDF30_lo_as_0130/NNPDF30_lo_as_0130.info MReso=1000 Process=61 ghg2=0,0 ghg4=1,0
   
   Input Parameter:
    Collider: P-P, sqrt(s)=13000.00
    Resonance: spin=0, mass=1000.00 width=   0.00407
    Jet cuts:
            pT >=    15.00 GeV
        DeltaR >=     0.30
           mJJ >=     0.00 GeV
    Random seed:   628262495
    To reproduce results using this seed, JHUGen should be compiled with the same compiler:
      GNU Fortran (GCC) 4.9.3
    
    WidthScheme:   2
    LHAPDF set NNPDF30_lo_as_0130/NNPDF30_lo_as_0130.info, member=  0
    Unweighted: F
    
    spin-0-VV couplings: 
      generate_as=F
      ghg2=  0.00000000E+00  0.00000000E+00i
      ghg3=  0.00000000E+00  0.00000000E+00i
      ghg4=  0.10000000E+01  0.00000000E+00i
      ghz1=  0.20000000E+01  0.00000000E+00i
      ghz2=  0.00000000E+00  0.00000000E+00i
      ghz3=  0.00000000E+00  0.00000000E+00i
      ghz4=  0.00000000E+00  0.00000000E+00i
      Lambda=  1000.0
    
    LHE output: ./data/output.lhe
    Histogram output: ./data/output.dat
    Log file: ./data/output.log
    
  Running

  Input parameters for vegas:  ndim=  9   ncall= 80707214.
                              it=    0    itmx=   15
                              acc=-1.00    
                              mds=  1     nd=  50
                              (xl,xu)= (  0.00000     ,  1.00000     )
                                       (  0.00000     ,  1.00000     )
                                       (  0.00000     ,  1.00000     )
                                       (  0.00000     ,  1.00000     )
                                       (  0.00000     ,  1.00000     )
                                       (  0.00000     ,  1.00000     )
                                       (  0.00000     ,  1.00000     )
                                       (  0.00000     ,  1.00000     )
                                       (  0.00000     ,  1.00000     )

#********** Integration by Vegas (iteration       1) ************
#                                                               *
#  integral  =  192.55556       accum. integral =  192.55556    *
#  std. dev. =  72.519062       accum. std. dev =  72.519062    *
#   min/max. wt. =    0.00000             71.2978               *
#                                                               *
#*************   chi**2/iteration =  0.000       ****************


#********** Integration by Vegas (iteration       2) ************
#                                                               *
#  integral  =  133.20085       accum. integral =  134.30905    *
#  std. dev. =  6.9195612       accum. std. dev =  8.5198873    *
#   min/max. wt. =    0.00000             6.51796               *
#                                                               *
#*************   chi**2/iteration = 0.8884       ****************


#********** Integration by Vegas (iteration       3) ************
#                                                               *
#  integral  =  133.11414       accum. integral =  133.13645    *
#  std. dev. = 0.94483438       accum. std. dev =  1.0933667    *
#   min/max. wt. =    0.00000            0.434951               *
#                                                               *
#*************   chi**2/iteration = 0.5147       ****************


#********** Integration by Vegas (iteration       4) ************
#                                                               *
#  integral  =  134.31803       accum. integral =  133.78786    *
#  std. dev. = 0.85202771       accum. std. dev = 0.70876663    *
#   min/max. wt. =    0.00000            0.800587               *
#                                                               *
#*************   chi**2/iteration = 0.5955       ****************


#********** Integration by Vegas (iteration       5) ************
#                                                               *
#  integral  =  133.56481       accum. integral =  133.61660    *
#  std. dev. = 0.34592459       accum. std. dev = 0.33418850    *
#   min/max. wt. =    0.00000            0.962559E-01           *
#                                                               *
#*************   chi**2/iteration = 0.4863       ****************


#********** Integration by Vegas (iteration       6) ************
#                                                               *
#  integral  =  133.69333       accum. integral =  133.68410    *
#  std. dev. = 0.11213492       accum. std. dev = 0.11414197    *
#   min/max. wt. =    0.00000            0.160956E-01           *
#                                                               *
#*************   chi**2/iteration = 0.4104       ****************


#********** Integration by Vegas (iteration       7) ************
#                                                               *
#  integral  =  133.60412       accum. integral =  133.63581    *
#  std. dev. = 0.85147487E-01   accum. std. dev = 0.71062995E-01*
#   min/max. wt. =    0.00000            0.865334E-02           *
#                                                               *
#*************   chi**2/iteration = 0.4001       ****************


#********** Integration by Vegas (iteration       8) ************
#                                                               *
#  integral  =  133.76583       accum. integral =  133.68791    *
#  std. dev. = 0.81015816E-01   accum. std. dev = 0.54561489E-01*
#   min/max. wt. =    0.00000            0.111896E-01           *
#                                                               *
#*************   chi**2/iteration = 0.5434       ****************


#********** Integration by Vegas (iteration       9) ************
#                                                               *
#  integral  =  133.74536       accum. integral =  133.70431    *
#  std. dev. = 0.81111496E-01   accum. std. dev = 0.45818872E-01*
#   min/max. wt. =    0.00000            0.150045E-01           *
#                                                               *
#*************   chi**2/iteration = 0.5218       ****************


#********** Integration by Vegas (iteration      10) ************
#                                                               *
#  integral  =  133.84594       accum. integral =  133.73735    *
#  std. dev. = 0.78637917E-01   accum. std. dev = 0.39911816E-01*
#   min/max. wt. =    0.00000            0.116994E-01           *
#                                                               *
#*************   chi**2/iteration = 0.7189       ****************


#********** Integration by Vegas (iteration      11) ************
#                                                               *
#  integral  =  133.84716       accum. integral =  133.75812    *
#  std. dev. = 0.78624036E-01   accum. std. dev = 0.35783805E-01*
#   min/max. wt. =    0.00000            0.133610E-01           *
#                                                               *
#*************   chi**2/iteration = 0.7971       ****************


#********** Integration by Vegas (iteration      12) ************
#                                                               *
#  integral  =  133.82479       accum. integral =  133.76887    *
#  std. dev. = 0.77975142E-01   accum. std. dev = 0.32652476E-01*
#   min/max. wt. =    0.00000            0.135830E-01           *
#                                                               *
#*************   chi**2/iteration = 0.7812       ****************


#********** Integration by Vegas (iteration      13) ************
#                                                               *
#  integral  =  133.83304       accum. integral =  133.77798    *
#  std. dev. = 0.77012388E-01   accum. std. dev = 0.30153890E-01*
#   min/max. wt. =    0.00000            0.934751E-02           *
#                                                               *
#*************   chi**2/iteration = 0.7665       ****************


#********** Integration by Vegas (iteration      14) ************
#                                                               *
#  integral  =  133.76401       accum. integral =  133.77620    *
#  std. dev. = 0.75920574E-01   accum. std. dev = 0.28093501E-01*
#   min/max. wt. =    0.00000            0.570883E-02           *
#                                                               *
#*************   chi**2/iteration = 0.7135       ****************


#********** Integration by Vegas (iteration      15) ************
#                                                               *
#  integral  =  133.76227       accum. integral =  133.77471    *
#  std. dev. = 0.78270401E-01   accum. std. dev = 0.26486342E-01*
#   min/max. wt. =    0.00000            0.886537E-02           *
#                                                               *
#*************   chi**2/iteration = 0.6675       ****************


  Input parameters for vegas:  ndim=  9   ncall= 80707214.
                              it=    0    itmx=    2
                              acc=-1.00    
                              mds=  1     nd=  50
                              (xl,xu)= (  0.00000     ,  1.00000     )
                                       (  0.00000     ,  1.00000     )
                                       (  0.00000     ,  1.00000     )
                                       (  0.00000     ,  1.00000     )
                                       (  0.00000     ,  1.00000     )
                                       (  0.00000     ,  1.00000     )
                                       (  0.00000     ,  1.00000     )
                                       (  0.00000     ,  1.00000     )
                                       (  0.00000     ,  1.00000     )

#********** Integration by Vegas (iteration       1) ************
#                                                               *
#  integral  =  133.59377       accum. integral =  133.59377    *
#  std. dev. = 0.75378006E-01   accum. std. dev = 0.75378006E-01*
#   min/max. wt. =    0.00000            0.782444E-02           *
#                                                               *
#*************   chi**2/iteration =  0.000       ****************


#********** Integration by Vegas (iteration       2) ************
#                                                               *
#  integral  =  133.76610       accum. integral =  133.67746    *
#  std. dev. = 0.77673084E-01   accum. std. dev = 0.54094528E-01*
#   min/max. wt. =    0.00000            0.113469E-01           *
#                                                               *
#*************   chi**2/iteration =  2.533       ****************

 Done
