SLURM job running in:  /scratch/groups/lhc/park/JHUGen/JHUGenerator
LHAPDF 6.1.5 loading /work-zfs/lhc/cms/slc6_amd64_gcc493/external/lhapdf/6.1.5-kpegke3/share/LHAPDF/NNPDF30_lo_as_0130/NNPDF30_lo_as_0130_0000.dat
NNPDF30_lo_as_0130 PDF set, member #0, version 2; LHAPDF ID = 263000
 
                                                                                          
   ***************************************************************************************
   *                                JHU Generator v6.9.3                                 *
   ***************************************************************************************
   *                                                                                     *
   *   Spin and parity determination of single-produced resonances at hadron colliders   *
   *                                                                                     *
   *          I. Anderson, S. Bolognesi, F. Caola, Y. Gao, A. Gritsan, Z. Guo,           *
   *        C. Martin, K. Melnikov, R.Rontsch, H. Roskes, U. Sarica, M. Schulze,         *
   *                   N. Tran, A. Whitbeck, M. Xiao, C. You, Y. Zhou                    *
   *                Phys.Rev. D81 (2010) 075022;  arXiv:1001.3396 [hep-ph],              *
   *                Phys.Rev. D86 (2012) 095031;  arXiv:1208.4018 [hep-ph],              *
   *                Phys.Rev. D89 (2014) 035007;  arXiv:1309.4819 [hep-ph].              *
   *                                                                                     *
   ***************************************************************************************
                                                                                          
   
   Command line: ./JHUGen Unweighted=0 VegasNc0=99999999 VegasNc1=99999999 VegasNc2=99999999 LHAPDF=NNPDF30_lo_as_0130/NNPDF30_lo_as_0130.info MReso=1110 Process=61 ghg2=0,0 ghg4=1,0
   
   Input Parameter:
    Collider: P-P, sqrt(s)=13000.00
    Resonance: spin=0, mass=1110.00 width=   0.00407
    Jet cuts:
            pT >=    15.00 GeV
        DeltaR >=     0.30
           mJJ >=     0.00 GeV
    Random seed:   552199690
    To reproduce results using this seed, JHUGen should be compiled with the same compiler:
      GNU Fortran (GCC) 4.9.3
    
    WidthScheme:   2
    LHAPDF set NNPDF30_lo_as_0130/NNPDF30_lo_as_0130.info, member=  0
    Unweighted: F
    
    spin-0-VV couplings: 
      generate_as=F
      ghg2=  0.00000000E+00  0.00000000E+00i
      ghg3=  0.00000000E+00  0.00000000E+00i
      ghg4=  0.10000000E+01  0.00000000E+00i
      ghz1=  0.20000000E+01  0.00000000E+00i
      ghz2=  0.00000000E+00  0.00000000E+00i
      ghz3=  0.00000000E+00  0.00000000E+00i
      ghz4=  0.00000000E+00  0.00000000E+00i
      Lambda=  1000.0
    
    LHE output: ./data/output.lhe
    Histogram output: ./data/output.dat
    Log file: ./data/output.log
    
  Running

  Input parameters for vegas:  ndim=  9   ncall= 80707214.
                              it=    0    itmx=   15
                              acc=-1.00    
                              mds=  1     nd=  50
                              (xl,xu)= (  0.00000     ,  1.00000     )
                                       (  0.00000     ,  1.00000     )
                                       (  0.00000     ,  1.00000     )
                                       (  0.00000     ,  1.00000     )
                                       (  0.00000     ,  1.00000     )
                                       (  0.00000     ,  1.00000     )
                                       (  0.00000     ,  1.00000     )
                                       (  0.00000     ,  1.00000     )
                                       (  0.00000     ,  1.00000     )

#********** Integration by Vegas (iteration       1) ************
#                                                               *
#  integral  =  77.998131       accum. integral =  77.998131    *
#  std. dev. =  5.8325500       accum. std. dev =  5.8325500    *
#   min/max. wt. =    0.00000             2.81772               *
#                                                               *
#*************   chi**2/iteration = 0.2674E-10   ****************


#********** Integration by Vegas (iteration       2) ************
#                                                               *
#  integral  =  92.024732       accum. integral =  89.629138    *
#  std. dev. =  3.1230345       accum. std. dev =  2.6360575    *
#   min/max. wt. =    0.00000             2.90485               *
#                                                               *
#*************   chi**2/iteration =  4.006       ****************


#********** Integration by Vegas (iteration       3) ************
#                                                               *
#  integral  =  95.906285       accum. integral =  92.821099    *
#  std. dev. =  2.9138264       accum. std. dev =  1.9276932    *
#   min/max. wt. =    0.00000             2.74180               *
#                                                               *
#*************   chi**2/iteration =  3.166       ****************


#********** Integration by Vegas (iteration       4) ************
#                                                               *
#  integral  =  93.171807       accum. integral =  93.135978    *
#  std. dev. = 0.68090994       accum. std. dev = 0.62352885    *
#   min/max. wt. =    0.00000            0.268811               *
#                                                               *
#*************   chi**2/iteration =  2.071       ****************


#********** Integration by Vegas (iteration       5) ************
#                                                               *
#  integral  =  93.391718       accum. integral =  93.330457    *
#  std. dev. = 0.36297018       accum. std. dev = 0.30747957    *
#   min/max. wt. =    0.00000            0.228869               *
#                                                               *
#*************   chi**2/iteration =  1.562       ****************


#********** Integration by Vegas (iteration       6) ************
#                                                               *
#  integral  =  93.508055       accum. integral =  93.466065    *
#  std. dev. = 0.17634872       accum. std. dev = 0.15028307    *
#   min/max. wt. =    0.00000            0.204347E-01           *
#                                                               *
#*************   chi**2/iteration =  1.287       ****************


#********** Integration by Vegas (iteration       7) ************
#                                                               *
#  integral  =  93.421933       accum. integral =  93.430049    *
#  std. dev. = 0.73084852E-01   accum. std. dev = 0.64675447E-01*
#   min/max. wt. =    0.00000            0.661346E-02           *
#                                                               *
#*************   chi**2/iteration =  1.077       ****************


#********** Integration by Vegas (iteration       8) ************
#                                                               *
#  integral  =  93.480697       accum. integral =  93.457248    *
#  std. dev. = 0.61341958E-01   accum. std. dev = 0.44126242E-01*
#   min/max. wt. =    0.00000            0.113737E-01           *
#                                                               *
#*************   chi**2/iteration = 0.9647       ****************


#********** Integration by Vegas (iteration       9) ************
#                                                               *
#  integral  =  93.506691       accum. integral =  93.475441    *
#  std. dev. = 0.58931984E-01   accum. std. dev = 0.35155664E-01*
#   min/max. wt. =    0.00000            0.621386E-02           *
#                                                               *
#*************   chi**2/iteration = 0.8980       ****************


#********** Integration by Vegas (iteration      10) ************
#                                                               *
#  integral  =  93.476750       accum. integral =  93.475834    *
#  std. dev. = 0.54552968E-01   accum. std. dev = 0.29456603E-01*
#   min/max. wt. =    0.00000            0.380191E-02           *
#                                                               *
#*************   chi**2/iteration = 0.7956       ****************


#********** Integration by Vegas (iteration      11) ************
#                                                               *
#  integral  =  93.421473       accum. integral =  93.463188    *
#  std. dev. = 0.54260124E-01   accum. std. dev = 0.25837389E-01*
#   min/max. wt. =    0.00000            0.485197E-02           *
#                                                               *
#*************   chi**2/iteration = 0.7932       ****************


#********** Integration by Vegas (iteration      12) ************
#                                                               *
#  integral  =  93.522334       accum. integral =  93.474145    *
#  std. dev. = 0.54941199E-01   accum. std. dev = 0.23348901E-01*
#   min/max. wt. =    0.00000            0.109105E-01           *
#                                                               *
#*************   chi**2/iteration = 0.8075       ****************


#********** Integration by Vegas (iteration      13) ************
#                                                               *
#  integral  =  93.498486       accum. integral =  93.477917    *
#  std. dev. = 0.55214177E-01   accum. std. dev = 0.21484858E-01*
#   min/max. wt. =    0.00000            0.949132E-02           *
#                                                               *
#*************   chi**2/iteration = 0.7528       ****************


#********** Integration by Vegas (iteration      14) ************
#                                                               *
#  integral  =  93.562175       accum. integral =  93.488679    *
#  std. dev. = 0.56831691E-01   accum. std. dev = 0.20083464E-01*
#   min/max. wt. =    0.00000            0.187764E-01           *
#                                                               *
#*************   chi**2/iteration = 0.8445       ****************


#********** Integration by Vegas (iteration      15) ************
#                                                               *
#  integral  =  93.576148       accum. integral =  93.498789    *
#  std. dev. = 0.56194938E-01   accum. std. dev = 0.18901778E-01*
#   min/max. wt. =    0.00000            0.446048E-02           *
#                                                               *
#*************   chi**2/iteration = 0.9393       ****************


  Input parameters for vegas:  ndim=  9   ncall= 80707214.
                              it=    0    itmx=    2
                              acc=-1.00    
                              mds=  1     nd=  50
                              (xl,xu)= (  0.00000     ,  1.00000     )
                                       (  0.00000     ,  1.00000     )
                                       (  0.00000     ,  1.00000     )
                                       (  0.00000     ,  1.00000     )
                                       (  0.00000     ,  1.00000     )
                                       (  0.00000     ,  1.00000     )
                                       (  0.00000     ,  1.00000     )
                                       (  0.00000     ,  1.00000     )
                                       (  0.00000     ,  1.00000     )

#********** Integration by Vegas (iteration       1) ************
#                                                               *
#  integral  =  93.493155       accum. integral =  93.493155    *
#  std. dev. = 0.56405746E-01   accum. std. dev = 0.56405746E-01*
#   min/max. wt. =    0.00000            0.182429E-01           *
#                                                               *
#*************   chi**2/iteration =  0.000       ****************


#********** Integration by Vegas (iteration       2) ************
#                                                               *
#  integral  =  93.501071       accum. integral =  93.497160    *
#  std. dev. = 0.55745153E-01   accum. std. dev = 0.39649247E-01*
#   min/max. wt. =    0.00000            0.670276E-02           *
#                                                               *
#*************   chi**2/iteration = 0.9955E-02   ****************

 Done
