SLURM job running in:  /scratch/groups/lhc/park/JHUGen/JHUGenerator
LHAPDF 6.1.5 loading /work-zfs/lhc/cms/slc6_amd64_gcc493/external/lhapdf/6.1.5-kpegke3/share/LHAPDF/NNPDF30_lo_as_0130/NNPDF30_lo_as_0130_0000.dat
NNPDF30_lo_as_0130 PDF set, member #0, version 2; LHAPDF ID = 263000
 
                                                                                          
   ***************************************************************************************
   *                                JHU Generator v6.9.3                                 *
   ***************************************************************************************
   *                                                                                     *
   *   Spin and parity determination of single-produced resonances at hadron colliders   *
   *                                                                                     *
   *          I. Anderson, S. Bolognesi, F. Caola, Y. Gao, A. Gritsan, Z. Guo,           *
   *        C. Martin, K. Melnikov, R.Rontsch, H. Roskes, U. Sarica, M. Schulze,         *
   *                   N. Tran, A. Whitbeck, M. Xiao, C. You, Y. Zhou                    *
   *                Phys.Rev. D81 (2010) 075022;  arXiv:1001.3396 [hep-ph],              *
   *                Phys.Rev. D86 (2012) 095031;  arXiv:1208.4018 [hep-ph],              *
   *                Phys.Rev. D89 (2014) 035007;  arXiv:1309.4819 [hep-ph].              *
   *                                                                                     *
   ***************************************************************************************
                                                                                          
   
   Command line: ./JHUGen Unweighted=0 VegasNc0=99999999 VegasNc1=99999999 VegasNc2=99999999 LHAPDF=NNPDF30_lo_as_0130/NNPDF30_lo_as_0130.info MReso=112 Process=61 ghg2=0,0 ghg4=1,0
   
   Input Parameter:
    Collider: P-P, sqrt(s)=13000.00
    Resonance: spin=0, mass= 112.00 width=   0.00407
    Jet cuts:
            pT >=    15.00 GeV
        DeltaR >=     0.30
           mJJ >=     0.00 GeV
    Random seed:   962194778
    To reproduce results using this seed, JHUGen should be compiled with the same compiler:
      GNU Fortran (GCC) 4.9.3
    
    WidthScheme:   2
    LHAPDF set NNPDF30_lo_as_0130/NNPDF30_lo_as_0130.info, member=  0
    Unweighted: F
    
    spin-0-VV couplings: 
      generate_as=F
      ghg2=  0.00000000E+00  0.00000000E+00i
      ghg3=  0.00000000E+00  0.00000000E+00i
      ghg4=  0.10000000E+01  0.00000000E+00i
      ghz1=  0.20000000E+01  0.00000000E+00i
      ghz2=  0.00000000E+00  0.00000000E+00i
      ghz3=  0.00000000E+00  0.00000000E+00i
      ghz4=  0.00000000E+00  0.00000000E+00i
      Lambda=  1000.0
    
    LHE output: ./data/output.lhe
    Histogram output: ./data/output.dat
    Log file: ./data/output.log
    
  Running

  Input parameters for vegas:  ndim=  9   ncall= 80707214.
                              it=    0    itmx=   15
                              acc=-1.00    
                              mds=  1     nd=  50
                              (xl,xu)= (  0.00000     ,  1.00000     )
                                       (  0.00000     ,  1.00000     )
                                       (  0.00000     ,  1.00000     )
                                       (  0.00000     ,  1.00000     )
                                       (  0.00000     ,  1.00000     )
                                       (  0.00000     ,  1.00000     )
                                       (  0.00000     ,  1.00000     )
                                       (  0.00000     ,  1.00000     )
                                       (  0.00000     ,  1.00000     )

#********** Integration by Vegas (iteration       1) ************
#                                                               *
#  integral  =  15618.644       accum. integral =  15618.644    *
#  std. dev. =  802.18578       accum. std. dev =  802.18578    *
#   min/max. wt. =    0.00000             603.830               *
#                                                               *
#*************   chi**2/iteration =  0.000       ****************


#********** Integration by Vegas (iteration       2) ************
#                                                               *
#  integral  =  17194.258       accum. integral =  17063.921    *
#  std. dev. =  265.20003       accum. std. dev =  242.63614    *
#   min/max. wt. =    0.00000             190.760               *
#                                                               *
#*************   chi**2/iteration =  3.196       ****************


#********** Integration by Vegas (iteration       3) ************
#                                                               *
#  integral  =  17016.878       accum. integral =  17022.123    *
#  std. dev. =  89.043134       accum. std. dev =  81.999403    *
#   min/max. wt. =    0.00000             65.7197               *
#                                                               *
#*************   chi**2/iteration =  1.577       ****************


#********** Integration by Vegas (iteration       4) ************
#                                                               *
#  integral  =  17009.376       accum. integral =  17010.400    *
#  std. dev. =  24.786949       accum. std. dev =  23.369296    *
#   min/max. wt. =    0.00000             3.61229               *
#                                                               *
#*************   chi**2/iteration =  1.047       ****************


#********** Integration by Vegas (iteration       5) ************
#                                                               *
#  integral  =  16993.150       accum. integral =  16997.276    *
#  std. dev. =  13.315993       accum. std. dev =  11.466650    *
#   min/max. wt. =    0.00000             4.47574               *
#                                                               *
#*************   chi**2/iteration = 0.8830       ****************


#********** Integration by Vegas (iteration       6) ************
#                                                               *
#  integral  =  17015.844       accum. integral =  17006.057    *
#  std. dev. =  12.279043       accum. std. dev =  8.3450078    *
#   min/max. wt. =    0.00000             4.06611               *
#                                                               *
#*************   chi**2/iteration = 0.9498       ****************


#********** Integration by Vegas (iteration       7) ************
#                                                               *
#  integral  =  17012.292       accum. integral =  17008.505    *
#  std. dev. =  10.498214       accum. std. dev =  6.5140398    *
#   min/max. wt. =    0.00000             3.20478               *
#                                                               *
#*************   chi**2/iteration = 0.8253       ****************


#********** Integration by Vegas (iteration       8) ************
#                                                               *
#  integral  =  17051.773       accum. integral =  17009.271    *
#  std. dev. =  49.119034       accum. std. dev =  6.4660970    *
#   min/max. wt. =    0.00000             48.2823               *
#                                                               *
#*************   chi**2/iteration = 0.8165       ****************


#********** Integration by Vegas (iteration       9) ************
#                                                               *
#  integral  =  17004.993       accum. integral =  17009.157    *
#  std. dev. =  39.384446       accum. std. dev =  6.3849983    *
#   min/max. wt. =    0.00000             4.39869               *
#                                                               *
#*************   chi**2/iteration = 0.7146       ****************


#********** Integration by Vegas (iteration      10) ************
#                                                               *
#  integral  =  17001.820       accum. integral =  17007.418    *
#  std. dev. =  11.532985       accum. std. dev =  5.5808797    *
#   min/max. wt. =    0.00000             1.37330               *
#                                                               *
#*************   chi**2/iteration = 0.6691       ****************


#********** Integration by Vegas (iteration      11) ************
#                                                               *
#  integral  =  17007.941       accum. integral =  17007.550    *
#  std. dev. =  9.6609795       accum. std. dev =  4.8274677    *
#   min/max. wt. =    0.00000             3.94840               *
#                                                               *
#*************   chi**2/iteration = 0.6017       ****************


#********** Integration by Vegas (iteration      12) ************
#                                                               *
#  integral  =  16998.928       accum. integral =  17005.615    *
#  std. dev. =  9.0221853       accum. std. dev =  4.2532534    *
#   min/max. wt. =    0.00000            0.350238               *
#                                                               *
#*************   chi**2/iteration = 0.6115       ****************


#********** Integration by Vegas (iteration      13) ************
#                                                               *
#  integral  =  17015.864       accum. integral =  17007.579    *
#  std. dev. =  8.7868089       accum. std. dev =  3.8257583    *
#   min/max. wt. =    0.00000             1.89537               *
#                                                               *
#*************   chi**2/iteration = 0.6527       ****************


#********** Integration by Vegas (iteration      14) ************
#                                                               *
#  integral  =  17002.609       accum. integral =  17006.738    *
#  std. dev. =  8.5191151       accum. std. dev =  3.4884051    *
#   min/max. wt. =    0.00000             1.20033               *
#                                                               *
#*************   chi**2/iteration = 0.6240       ****************


#********** Integration by Vegas (iteration      15) ************
#                                                               *
#  integral  =  17009.465       accum. integral =  17007.140    *
#  std. dev. =  8.4362422       accum. std. dev =  3.2224520    *
#   min/max. wt. =    0.00000             1.01269               *
#                                                               *
#*************   chi**2/iteration = 0.5855       ****************


  Input parameters for vegas:  ndim=  9   ncall= 80707214.
                              it=    0    itmx=    2
                              acc=-1.00    
                              mds=  1     nd=  50
                              (xl,xu)= (  0.00000     ,  1.00000     )
                                       (  0.00000     ,  1.00000     )
                                       (  0.00000     ,  1.00000     )
                                       (  0.00000     ,  1.00000     )
                                       (  0.00000     ,  1.00000     )
                                       (  0.00000     ,  1.00000     )
                                       (  0.00000     ,  1.00000     )
                                       (  0.00000     ,  1.00000     )
                                       (  0.00000     ,  1.00000     )

#********** Integration by Vegas (iteration       1) ************
#                                                               *
#  integral  =  17006.064       accum. integral =  17006.064    *
#  std. dev. =  8.4744927       accum. std. dev =  8.4744927    *
#   min/max. wt. =    0.00000             1.46611               *
#                                                               *
#*************   chi**2/iteration =  0.000       ****************


#********** Integration by Vegas (iteration       2) ************
#                                                               *
#  integral  =  17002.358       accum. integral =  17004.297    *
#  std. dev. =  8.8752341       accum. std. dev =  6.1291165    *
#   min/max. wt. =    0.00000             2.67145               *
#                                                               *
#*************   chi**2/iteration = 0.9111E-01   ****************

 Done
