SLURM job running in:  /scratch/groups/lhc/park/JHUGen/JHUGenerator
LHAPDF 6.1.5 loading /work-zfs/lhc/cms/slc6_amd64_gcc493/external/lhapdf/6.1.5-kpegke3/share/LHAPDF/NNPDF30_lo_as_0130/NNPDF30_lo_as_0130_0000.dat
NNPDF30_lo_as_0130 PDF set, member #0, version 2; LHAPDF ID = 263000
 
                                                                                          
   ***************************************************************************************
   *                                JHU Generator v6.9.3                                 *
   ***************************************************************************************
   *                                                                                     *
   *   Spin and parity determination of single-produced resonances at hadron colliders   *
   *                                                                                     *
   *          I. Anderson, S. Bolognesi, F. Caola, Y. Gao, A. Gritsan, Z. Guo,           *
   *        C. Martin, K. Melnikov, R.Rontsch, H. Roskes, U. Sarica, M. Schulze,         *
   *                   N. Tran, A. Whitbeck, M. Xiao, C. You, Y. Zhou                    *
   *                Phys.Rev. D81 (2010) 075022;  arXiv:1001.3396 [hep-ph],              *
   *                Phys.Rev. D86 (2012) 095031;  arXiv:1208.4018 [hep-ph],              *
   *                Phys.Rev. D89 (2014) 035007;  arXiv:1309.4819 [hep-ph].              *
   *                                                                                     *
   ***************************************************************************************
                                                                                          
   
   Command line: ./JHUGen Unweighted=0 VegasNc0=99999999 VegasNc1=99999999 VegasNc2=99999999 LHAPDF=NNPDF30_lo_as_0130/NNPDF30_lo_as_0130.info MReso=1160 Process=61 ghg2=0,0 ghg4=1,0
   
   Input Parameter:
    Collider: P-P, sqrt(s)=13000.00
    Resonance: spin=0, mass=1160.00 width=   0.00407
    Jet cuts:
            pT >=    15.00 GeV
        DeltaR >=     0.30
           mJJ >=     0.00 GeV
    Random seed:   520479296
    To reproduce results using this seed, JHUGen should be compiled with the same compiler:
      GNU Fortran (GCC) 4.9.3
    
    WidthScheme:   2
    LHAPDF set NNPDF30_lo_as_0130/NNPDF30_lo_as_0130.info, member=  0
    Unweighted: F
    
    spin-0-VV couplings: 
      generate_as=F
      ghg2=  0.00000000E+00  0.00000000E+00i
      ghg3=  0.00000000E+00  0.00000000E+00i
      ghg4=  0.10000000E+01  0.00000000E+00i
      ghz1=  0.20000000E+01  0.00000000E+00i
      ghz2=  0.00000000E+00  0.00000000E+00i
      ghz3=  0.00000000E+00  0.00000000E+00i
      ghz4=  0.00000000E+00  0.00000000E+00i
      Lambda=  1000.0
    
    LHE output: ./data/output.lhe
    Histogram output: ./data/output.dat
    Log file: ./data/output.log
    
  Running

  Input parameters for vegas:  ndim=  9   ncall= 80707214.
                              it=    0    itmx=   15
                              acc=-1.00    
                              mds=  1     nd=  50
                              (xl,xu)= (  0.00000     ,  1.00000     )
                                       (  0.00000     ,  1.00000     )
                                       (  0.00000     ,  1.00000     )
                                       (  0.00000     ,  1.00000     )
                                       (  0.00000     ,  1.00000     )
                                       (  0.00000     ,  1.00000     )
                                       (  0.00000     ,  1.00000     )
                                       (  0.00000     ,  1.00000     )
                                       (  0.00000     ,  1.00000     )

#********** Integration by Vegas (iteration       1) ************
#                                                               *
#  integral  =  68.666154       accum. integral =  68.666154    *
#  std. dev. =  5.7279858       accum. std. dev =  5.7279858    *
#   min/max. wt. =    0.00000             4.31100               *
#                                                               *
#*************   chi**2/iteration =  0.000       ****************


#********** Integration by Vegas (iteration       2) ************
#                                                               *
#  integral  =  78.810706       accum. integral =  78.133296    *
#  std. dev. =  1.7585747       accum. std. dev =  1.5932633    *
#   min/max. wt. =    0.00000            0.735616               *
#                                                               *
#*************   chi**2/iteration =  2.524       ****************


#********** Integration by Vegas (iteration       3) ************
#                                                               *
#  integral  =  79.228590       accum. integral =  79.002832    *
#  std. dev. = 0.87021724       accum. std. dev = 0.74108845    *
#   min/max. wt. =    0.00000            0.685603               *
#                                                               *
#*************   chi**2/iteration =  1.381       ****************


#********** Integration by Vegas (iteration       4) ************
#                                                               *
#  integral  =  80.307052       accum. integral =  79.938359    *
#  std. dev. = 0.49338141       accum. std. dev = 0.40012047    *
#   min/max. wt. =    0.00000            0.348281               *
#                                                               *
#*************   chi**2/iteration =  1.611       ****************


#********** Integration by Vegas (iteration       5) ************
#                                                               *
#  integral  =  79.878282       accum. integral =  79.887162    *
#  std. dev. = 0.17310079       accum. std. dev = 0.15504326    *
#   min/max. wt. =    0.00000            0.800887E-01           *
#                                                               *
#*************   chi**2/iteration =  1.194       ****************


#********** Integration by Vegas (iteration       6) ************
#                                                               *
#  integral  =  79.939164       accum. integral =  79.928263    *
#  std. dev. = 0.82358926E-01   accum. std. dev = 0.71364194E-01*
#   min/max. wt. =    0.00000            0.153463E-01           *
#                                                               *
#*************   chi**2/iteration = 0.9631       ****************


#********** Integration by Vegas (iteration       7) ************
#                                                               *
#  integral  =  79.877613       accum. integral =  79.897800    *
#  std. dev. = 0.59559717E-01   accum. std. dev = 0.45218016E-01*
#   min/max. wt. =    0.00000            0.160496E-01           *
#                                                               *
#*************   chi**2/iteration = 0.8469       ****************


#********** Integration by Vegas (iteration       8) ************
#                                                               *
#  integral  =  79.833664       accum. integral =  79.869535    *
#  std. dev. = 0.52006072E-01   accum. std. dev = 0.33906093E-01*
#   min/max. wt. =    0.00000            0.631393E-02           *
#                                                               *
#*************   chi**2/iteration = 0.8481       ****************


#********** Integration by Vegas (iteration       9) ************
#                                                               *
#  integral  =  79.890524       accum. integral =  79.876557    *
#  std. dev. = 0.48726334E-01   accum. std. dev = 0.27717713E-01*
#   min/max. wt. =    0.00000            0.691709E-02           *
#                                                               *
#*************   chi**2/iteration = 0.7549       ****************


#********** Integration by Vegas (iteration      10) ************
#                                                               *
#  integral  =  79.966634       accum. integral =  79.900317    *
#  std. dev. = 0.47130645E-01   accum. std. dev = 0.23825493E-01*
#   min/max. wt. =    0.00000            0.755873E-02           *
#                                                               *
#*************   chi**2/iteration = 0.9770       ****************


#********** Integration by Vegas (iteration      11) ************
#                                                               *
#  integral  =  79.943572       accum. integral =  79.909253    *
#  std. dev. = 0.47422546E-01   accum. std. dev = 0.21252652E-01*
#   min/max. wt. =    0.00000            0.726269E-02           *
#                                                               *
#*************   chi**2/iteration = 0.9447       ****************


#********** Integration by Vegas (iteration      12) ************
#                                                               *
#  integral  =  79.939189       accum. integral =  79.914459    *
#  std. dev. = 0.46976301E-01   accum. std. dev = 0.19339449E-01*
#   min/max. wt. =    0.00000            0.619560E-02           *
#                                                               *
#*************   chi**2/iteration = 0.8881       ****************


#********** Integration by Vegas (iteration      13) ************
#                                                               *
#  integral  =  79.962487       accum. integral =  79.921772    *
#  std. dev. = 0.46235389E-01   accum. std. dev = 0.17824488E-01*
#   min/max. wt. =    0.00000            0.474297E-02           *
#                                                               *
#*************   chi**2/iteration = 0.8905       ****************


#********** Integration by Vegas (iteration      14) ************
#                                                               *
#  integral  =  79.867730       accum. integral =  79.914610    *
#  std. dev. = 0.46105131E-01   accum. std. dev = 0.16614545E-01*
#   min/max. wt. =    0.00000            0.790900E-02           *
#                                                               *
#*************   chi**2/iteration = 0.9143       ****************


#********** Integration by Vegas (iteration      15) ************
#                                                               *
#  integral  =  79.909393       accum. integral =  79.914000    *
#  std. dev. = 0.46128346E-01   accum. std. dev = 0.15623408E-01*
#   min/max. wt. =    0.00000            0.547279E-02           *
#                                                               *
#*************   chi**2/iteration = 0.8486       ****************


  Input parameters for vegas:  ndim=  9   ncall= 80707214.
                              it=    0    itmx=    2
                              acc=-1.00    
                              mds=  1     nd=  50
                              (xl,xu)= (  0.00000     ,  1.00000     )
                                       (  0.00000     ,  1.00000     )
                                       (  0.00000     ,  1.00000     )
                                       (  0.00000     ,  1.00000     )
                                       (  0.00000     ,  1.00000     )
                                       (  0.00000     ,  1.00000     )
                                       (  0.00000     ,  1.00000     )
                                       (  0.00000     ,  1.00000     )
                                       (  0.00000     ,  1.00000     )

#********** Integration by Vegas (iteration       1) ************
#                                                               *
#  integral  =  79.922839       accum. integral =  79.922839    *
#  std. dev. = 0.47138401E-01   accum. std. dev = 0.47138401E-01*
#   min/max. wt. =    0.00000            0.708349E-02           *
#                                                               *
#*************   chi**2/iteration =  0.000       ****************


#********** Integration by Vegas (iteration       2) ************
#                                                               *
#  integral  =  79.891902       accum. integral =  79.907234    *
#  std. dev. = 0.46706307E-01   accum. std. dev = 0.33178119E-01*
#   min/max. wt. =    0.00000            0.574359E-02           *
#                                                               *
#*************   chi**2/iteration = 0.2171       ****************

 Done
