SLURM job running in:  /scratch/groups/lhc/park/JHUGen/JHUGenerator
LHAPDF 6.1.5 loading /work-zfs/lhc/cms/slc6_amd64_gcc493/external/lhapdf/6.1.5-kpegke3/share/LHAPDF/NNPDF30_lo_as_0130/NNPDF30_lo_as_0130_0000.dat
NNPDF30_lo_as_0130 PDF set, member #0, version 2; LHAPDF ID = 263000
 
                                                                                          
   ***************************************************************************************
   *                                JHU Generator v6.9.3                                 *
   ***************************************************************************************
   *                                                                                     *
   *   Spin and parity determination of single-produced resonances at hadron colliders   *
   *                                                                                     *
   *          I. Anderson, S. Bolognesi, F. Caola, Y. Gao, A. Gritsan, Z. Guo,           *
   *        C. Martin, K. Melnikov, R.Rontsch, H. Roskes, U. Sarica, M. Schulze,         *
   *                   N. Tran, A. Whitbeck, M. Xiao, C. You, Y. Zhou                    *
   *                Phys.Rev. D81 (2010) 075022;  arXiv:1001.3396 [hep-ph],              *
   *                Phys.Rev. D86 (2012) 095031;  arXiv:1208.4018 [hep-ph],              *
   *                Phys.Rev. D89 (2014) 035007;  arXiv:1309.4819 [hep-ph].              *
   *                                                                                     *
   ***************************************************************************************
                                                                                          
   
   Command line: ./JHUGen Unweighted=0 VegasNc0=99999999 VegasNc1=99999999 VegasNc2=99999999 LHAPDF=NNPDF30_lo_as_0130/NNPDF30_lo_as_0130.info MReso=1430 Process=61 ghg2=0,0 ghg4=1,0
   
   Input Parameter:
    Collider: P-P, sqrt(s)=13000.00
    Resonance: spin=0, mass=1430.00 width=   0.00407
    Jet cuts:
            pT >=    15.00 GeV
        DeltaR >=     0.30
           mJJ >=     0.00 GeV
    Random seed:   542485880
    To reproduce results using this seed, JHUGen should be compiled with the same compiler:
      GNU Fortran (GCC) 4.9.3
    
    WidthScheme:   2
    LHAPDF set NNPDF30_lo_as_0130/NNPDF30_lo_as_0130.info, member=  0
    Unweighted: F
    
    spin-0-VV couplings: 
      generate_as=F
      ghg2=  0.00000000E+00  0.00000000E+00i
      ghg3=  0.00000000E+00  0.00000000E+00i
      ghg4=  0.10000000E+01  0.00000000E+00i
      ghz1=  0.20000000E+01  0.00000000E+00i
      ghz2=  0.00000000E+00  0.00000000E+00i
      ghz3=  0.00000000E+00  0.00000000E+00i
      ghz4=  0.00000000E+00  0.00000000E+00i
      Lambda=  1000.0
    
    LHE output: ./data/output.lhe
    Histogram output: ./data/output.dat
    Log file: ./data/output.log
    
  Running

  Input parameters for vegas:  ndim=  9   ncall= 80707214.
                              it=    0    itmx=   15
                              acc=-1.00    
                              mds=  1     nd=  50
                              (xl,xu)= (  0.00000     ,  1.00000     )
                                       (  0.00000     ,  1.00000     )
                                       (  0.00000     ,  1.00000     )
                                       (  0.00000     ,  1.00000     )
                                       (  0.00000     ,  1.00000     )
                                       (  0.00000     ,  1.00000     )
                                       (  0.00000     ,  1.00000     )
                                       (  0.00000     ,  1.00000     )
                                       (  0.00000     ,  1.00000     )

#********** Integration by Vegas (iteration       1) ************
#                                                               *
#  integral  =  38.416565       accum. integral =  38.416565    *
#  std. dev. =  4.5580145       accum. std. dev =  4.5580145    *
#   min/max. wt. =    0.00000             2.20332               *
#                                                               *
#*************   chi**2/iteration =  0.000       ****************


#********** Integration by Vegas (iteration       2) ************
#                                                               *
#  integral  =  33.707663       accum. integral =  33.829940    *
#  std. dev. = 0.65299704       accum. std. dev = 0.69094614    *
#   min/max. wt. =    0.00000            0.461942               *
#                                                               *
#*************   chi**2/iteration =  1.174       ****************


#********** Integration by Vegas (iteration       3) ************
#                                                               *
#  integral  =  35.842885       accum. integral =  35.485196    *
#  std. dev. = 0.31856067       accum. std. dev = 0.29046688    *
#   min/max. wt. =    0.00000            0.149453               *
#                                                               *
#*************   chi**2/iteration =  4.097       ****************


#********** Integration by Vegas (iteration       4) ************
#                                                               *
#  integral  =  35.635794       accum. integral =  35.615892    *
#  std. dev. = 0.11207415       accum. std. dev = 0.10529702    *
#   min/max. wt. =    0.00000            0.527503E-01           *
#                                                               *
#*************   chi**2/iteration =  2.825       ****************


#********** Integration by Vegas (iteration       5) ************
#                                                               *
#  integral  =  35.920012       accum. integral =  35.773221    *
#  std. dev. = 0.10165329       accum. std. dev = 0.73146723E-01*
#   min/max. wt. =    0.00000            0.842120E-01           *
#                                                               *
#*************   chi**2/iteration =  3.199       ****************


#********** Integration by Vegas (iteration       6) ************
#                                                               *
#  integral  =  35.898167       accum. integral =  35.849808    *
#  std. dev. = 0.58063716E-01   accum. std. dev = 0.45498696E-01*
#   min/max. wt. =    0.00000            0.770218E-02           *
#                                                               *
#*************   chi**2/iteration =  2.918       ****************


#********** Integration by Vegas (iteration       7) ************
#                                                               *
#  integral  =  35.882200       accum. integral =  35.872495    *
#  std. dev. = 0.29718035E-01   accum. std. dev = 0.24899189E-01*
#   min/max. wt. =    0.00000            0.586271E-02           *
#                                                               *
#*************   chi**2/iteration =  2.492       ****************


#********** Integration by Vegas (iteration       8) ************
#                                                               *
#  integral  =  35.885658       accum. integral =  35.879275    *
#  std. dev. = 0.24135706E-01   accum. std. dev = 0.17337146E-01*
#   min/max. wt. =    0.00000            0.316044E-02           *
#                                                               *
#*************   chi**2/iteration =  2.157       ****************


#********** Integration by Vegas (iteration       9) ************
#                                                               *
#  integral  =  35.899123       accum. integral =  35.886638    *
#  std. dev. = 0.22563051E-01   accum. std. dev = 0.13749337E-01*
#   min/max. wt. =    0.00000            0.345608E-02           *
#                                                               *
#*************   chi**2/iteration =  1.948       ****************


#********** Integration by Vegas (iteration      10) ************
#                                                               *
#  integral  =  35.899559       accum. integral =  35.890316    *
#  std. dev. = 0.21786627E-01   accum. std. dev = 0.11628460E-01*
#   min/max. wt. =    0.00000            0.474009E-02           *
#                                                               *
#*************   chi**2/iteration =  1.760       ****************


#********** Integration by Vegas (iteration      11) ************
#                                                               *
#  integral  =  35.896752       accum. integral =  35.891729    *
#  std. dev. = 0.21912828E-01   accum. std. dev = 0.10272396E-01*
#   min/max. wt. =    0.00000            0.254067E-02           *
#                                                               *
#*************   chi**2/iteration =  1.591       ****************


#********** Integration by Vegas (iteration      12) ************
#                                                               *
#  integral  =  35.906492       accum. integral =  35.894502    *
#  std. dev. = 0.21357966E-01   accum. std. dev = 0.92574899E-02*
#   min/max. wt. =    0.00000            0.185603E-02           *
#                                                               *
#*************   chi**2/iteration =  1.481       ****************


#********** Integration by Vegas (iteration      13) ************
#                                                               *
#  integral  =  35.897216       accum. integral =  35.894924    *
#  std. dev. = 0.21569216E-01   accum. std. dev = 0.85073211E-02*
#   min/max. wt. =    0.00000            0.298177E-02           *
#                                                               *
#*************   chi**2/iteration =  1.359       ****************


#********** Integration by Vegas (iteration      14) ************
#                                                               *
#  integral  =  35.898506       accum. integral =  35.895377    *
#  std. dev. = 0.22359936E-01   accum. std. dev = 0.79514116E-02*
#   min/max. wt. =    0.00000            0.706233E-02           *
#                                                               *
#*************   chi**2/iteration =  1.256       ****************


#********** Integration by Vegas (iteration      15) ************
#                                                               *
#  integral  =  35.880170       accum. integral =  35.893593    *
#  std. dev. = 0.21796359E-01   accum. std. dev = 0.74701948E-02*
#   min/max. wt. =    0.00000            0.163589E-02           *
#                                                               *
#*************   chi**2/iteration =  1.197       ****************


  Input parameters for vegas:  ndim=  9   ncall= 80707214.
                              it=    0    itmx=    2
                              acc=-1.00    
                              mds=  1     nd=  50
                              (xl,xu)= (  0.00000     ,  1.00000     )
                                       (  0.00000     ,  1.00000     )
                                       (  0.00000     ,  1.00000     )
                                       (  0.00000     ,  1.00000     )
                                       (  0.00000     ,  1.00000     )
                                       (  0.00000     ,  1.00000     )
                                       (  0.00000     ,  1.00000     )
                                       (  0.00000     ,  1.00000     )
                                       (  0.00000     ,  1.00000     )

#********** Integration by Vegas (iteration       1) ************
#                                                               *
#  integral  =  35.885401       accum. integral =  35.885401    *
#  std. dev. = 0.21949282E-01   accum. std. dev = 0.21949282E-01*
#   min/max. wt. =    0.00000            0.461131E-02           *
#                                                               *
#*************   chi**2/iteration =  0.000       ****************


#********** Integration by Vegas (iteration       2) ************
#                                                               *
#  integral  =  35.923522       accum. integral =  35.904740    *
#  std. dev. = 0.21653853E-01   accum. std. dev = 0.15414864E-01*
#   min/max. wt. =    0.00000            0.233681E-02           *
#                                                               *
#*************   chi**2/iteration =  1.527       ****************

 Done
