SLURM job running in:  /scratch/groups/lhc/park/JHUGen/JHUGenerator
LHAPDF 6.1.5 loading /work-zfs/lhc/cms/slc6_amd64_gcc493/external/lhapdf/6.1.5-kpegke3/share/LHAPDF/NNPDF30_lo_as_0130/NNPDF30_lo_as_0130_0000.dat
NNPDF30_lo_as_0130 PDF set, member #0, version 2; LHAPDF ID = 263000
 
                                                                                          
   ***************************************************************************************
   *                                JHU Generator v6.9.3                                 *
   ***************************************************************************************
   *                                                                                     *
   *   Spin and parity determination of single-produced resonances at hadron colliders   *
   *                                                                                     *
   *          I. Anderson, S. Bolognesi, F. Caola, Y. Gao, A. Gritsan, Z. Guo,           *
   *        C. Martin, K. Melnikov, R.Rontsch, H. Roskes, U. Sarica, M. Schulze,         *
   *                   N. Tran, A. Whitbeck, M. Xiao, C. You, Y. Zhou                    *
   *                Phys.Rev. D81 (2010) 075022;  arXiv:1001.3396 [hep-ph],              *
   *                Phys.Rev. D86 (2012) 095031;  arXiv:1208.4018 [hep-ph],              *
   *                Phys.Rev. D89 (2014) 035007;  arXiv:1309.4819 [hep-ph].              *
   *                                                                                     *
   ***************************************************************************************
                                                                                          
   
   Command line: ./JHUGen Unweighted=0 VegasNc0=99999999 VegasNc1=99999999 VegasNc2=99999999 LHAPDF=NNPDF30_lo_as_0130/NNPDF30_lo_as_0130.info MReso=154 Process=61 ghg2=0,0 ghg4=1,0
   
   Input Parameter:
    Collider: P-P, sqrt(s)=13000.00
    Resonance: spin=0, mass= 154.00 width=   0.00407
    Jet cuts:
            pT >=    15.00 GeV
        DeltaR >=     0.30
           mJJ >=     0.00 GeV
    Random seed:   239803251
    To reproduce results using this seed, JHUGen should be compiled with the same compiler:
      GNU Fortran (GCC) 4.9.3
    
    WidthScheme:   2
    LHAPDF set NNPDF30_lo_as_0130/NNPDF30_lo_as_0130.info, member=  0
    Unweighted: F
    
    spin-0-VV couplings: 
      generate_as=F
      ghg2=  0.00000000E+00  0.00000000E+00i
      ghg3=  0.00000000E+00  0.00000000E+00i
      ghg4=  0.10000000E+01  0.00000000E+00i
      ghz1=  0.20000000E+01  0.00000000E+00i
      ghz2=  0.00000000E+00  0.00000000E+00i
      ghz3=  0.00000000E+00  0.00000000E+00i
      ghz4=  0.00000000E+00  0.00000000E+00i
      Lambda=  1000.0
    
    LHE output: ./data/output.lhe
    Histogram output: ./data/output.dat
    Log file: ./data/output.log
    
  Running

  Input parameters for vegas:  ndim=  9   ncall= 80707214.
                              it=    0    itmx=   15
                              acc=-1.00    
                              mds=  1     nd=  50
                              (xl,xu)= (  0.00000     ,  1.00000     )
                                       (  0.00000     ,  1.00000     )
                                       (  0.00000     ,  1.00000     )
                                       (  0.00000     ,  1.00000     )
                                       (  0.00000     ,  1.00000     )
                                       (  0.00000     ,  1.00000     )
                                       (  0.00000     ,  1.00000     )
                                       (  0.00000     ,  1.00000     )
                                       (  0.00000     ,  1.00000     )

#********** Integration by Vegas (iteration       1) ************
#                                                               *
#  integral  =  9198.1090       accum. integral =  9198.1090    *
#  std. dev. =  495.71651       accum. std. dev =  495.71651    *
#   min/max. wt. =    0.00000             330.846               *
#                                                               *
#*************   chi**2/iteration =  0.000       ****************


#********** Integration by Vegas (iteration       2) ************
#                                                               *
#  integral  =  10197.761       accum. integral =  10150.165    *
#  std. dev. =  122.88293       accum. std. dev =  114.19550    *
#   min/max. wt. =    0.00000             83.3872               *
#                                                               *
#*************   chi**2/iteration =  3.471       ****************


#********** Integration by Vegas (iteration       3) ************
#                                                               *
#  integral  =  10307.739       accum. integral =  10289.477    *
#  std. dev. =  43.887360       accum. std. dev =  39.688707    *
#   min/max. wt. =    0.00000             25.3313               *
#                                                               *
#*************   chi**2/iteration =  2.473       ****************


#********** Integration by Vegas (iteration       4) ************
#                                                               *
#  integral  =  10328.780       accum. integral =  10322.216    *
#  std. dev. =  18.514904       accum. std. dev =  16.391697    *
#   min/max. wt. =    0.00000             8.04056               *
#                                                               *
#*************   chi**2/iteration =  1.881       ****************


#********** Integration by Vegas (iteration       5) ************
#                                                               *
#  integral  =  10329.994       accum. integral =  10328.339    *
#  std. dev. =  8.7872323       accum. std. dev =  7.6092416    *
#   min/max. wt. =    0.00000             2.18589               *
#                                                               *
#*************   chi**2/iteration =  1.437       ****************


#********** Integration by Vegas (iteration       6) ************
#                                                               *
#  integral  =  10347.011       accum. integral =  10336.380    *
#  std. dev. =  8.9791704       accum. std. dev =  5.7670094    *
#   min/max. wt. =    0.00000             6.01786               *
#                                                               *
#*************   chi**2/iteration =  1.654       ****************


#********** Integration by Vegas (iteration       7) ************
#                                                               *
#  integral  =  10360.020       accum. integral =  10345.076    *
#  std. dev. =  7.7343287       accum. std. dev =  4.6004858    *
#   min/max. wt. =    0.00000             1.06235               *
#                                                               *
#*************   chi**2/iteration =  2.392       ****************


#********** Integration by Vegas (iteration       8) ************
#                                                               *
#  integral  =  10337.172       accum. integral =  10341.770    *
#  std. dev. =  5.5202666       accum. std. dev =  3.5166450    *
#   min/max. wt. =    0.00000            0.756113               *
#                                                               *
#*************   chi**2/iteration =  2.217       ****************


#********** Integration by Vegas (iteration       9) ************
#                                                               *
#  integral  =  10339.284       accum. integral =  10341.071    *
#  std. dev. =  5.7071265       accum. std. dev =  2.9863496    *
#   min/max. wt. =    0.00000             1.98522               *
#                                                               *
#*************   chi**2/iteration =  1.951       ****************


#********** Integration by Vegas (iteration      10) ************
#                                                               *
#  integral  =  10338.042       accum. integral =  10340.338    *
#  std. dev. =  5.3571178       accum. std. dev =  2.6035944    *
#   min/max. wt. =    0.00000            0.311764               *
#                                                               *
#*************   chi**2/iteration =  1.757       ****************


#********** Integration by Vegas (iteration      11) ************
#                                                               *
#  integral  =  10333.517       accum. integral =  10338.920    *
#  std. dev. =  5.1429588       accum. std. dev =  2.3198163    *
#   min/max. wt. =    0.00000            0.632394               *
#                                                               *
#*************   chi**2/iteration =  1.720       ****************


#********** Integration by Vegas (iteration      12) ************
#                                                               *
#  integral  =  10340.937       accum. integral =  10339.267    *
#  std. dev. =  5.1517656       accum. std. dev =  2.1132064    *
#   min/max. wt. =    0.00000             1.05797               *
#                                                               *
#*************   chi**2/iteration =  1.573       ****************


#********** Integration by Vegas (iteration      13) ************
#                                                               *
#  integral  =  10334.782       accum. integral =  10338.594    *
#  std. dev. =  5.0804758       accum. std. dev =  1.9498005    *
#   min/max. wt. =    0.00000            0.502984               *
#                                                               *
#*************   chi**2/iteration =  1.496       ****************


#********** Integration by Vegas (iteration      14) ************
#                                                               *
#  integral  =  10325.358       accum. integral =  10336.807    *
#  std. dev. =  4.9753210       accum. std. dev =  1.8144647    *
#   min/max. wt. =    0.00000            0.409132               *
#                                                               *
#*************   chi**2/iteration =  1.857       ****************


#********** Integration by Vegas (iteration      15) ************
#                                                               *
#  integral  =  10334.489       accum. integral =  10336.561    *
#  std. dev. =  5.3104744       accum. std. dev =  1.7164585    *
#   min/max. wt. =    0.00000             1.60206               *
#                                                               *
#*************   chi**2/iteration =  1.735       ****************


  Input parameters for vegas:  ndim=  9   ncall= 80707214.
                              it=    0    itmx=    2
                              acc=-1.00    
                              mds=  1     nd=  50
                              (xl,xu)= (  0.00000     ,  1.00000     )
                                       (  0.00000     ,  1.00000     )
                                       (  0.00000     ,  1.00000     )
                                       (  0.00000     ,  1.00000     )
                                       (  0.00000     ,  1.00000     )
                                       (  0.00000     ,  1.00000     )
                                       (  0.00000     ,  1.00000     )
                                       (  0.00000     ,  1.00000     )
                                       (  0.00000     ,  1.00000     )

#********** Integration by Vegas (iteration       1) ************
#                                                               *
#  integral  =  10337.677       accum. integral =  10337.677    *
#  std. dev. =  5.3940513       accum. std. dev =  5.3940513    *
#   min/max. wt. =    0.00000            0.870549               *
#                                                               *
#*************   chi**2/iteration =  0.000       ****************


#********** Integration by Vegas (iteration       2) ************
#                                                               *
#  integral  =  10343.409       accum. integral =  10340.627    *
#  std. dev. =  5.2406127       accum. std. dev =  3.7587175    *
#   min/max. wt. =    0.00000            0.714656               *
#                                                               *
#*************   chi**2/iteration = 0.5801       ****************

 Done
