SLURM job running in:  /scratch/groups/lhc/park/JHUGen/JHUGenerator
LHAPDF 6.1.5 loading /work-zfs/lhc/cms/slc6_amd64_gcc493/external/lhapdf/6.1.5-kpegke3/share/LHAPDF/NNPDF30_lo_as_0130/NNPDF30_lo_as_0130_0000.dat
NNPDF30_lo_as_0130 PDF set, member #0, version 2; LHAPDF ID = 263000
 
                                                                                          
   ***************************************************************************************
   *                                JHU Generator v6.9.3                                 *
   ***************************************************************************************
   *                                                                                     *
   *   Spin and parity determination of single-produced resonances at hadron colliders   *
   *                                                                                     *
   *          I. Anderson, S. Bolognesi, F. Caola, Y. Gao, A. Gritsan, Z. Guo,           *
   *        C. Martin, K. Melnikov, R.Rontsch, H. Roskes, U. Sarica, M. Schulze,         *
   *                   N. Tran, A. Whitbeck, M. Xiao, C. You, Y. Zhou                    *
   *                Phys.Rev. D81 (2010) 075022;  arXiv:1001.3396 [hep-ph],              *
   *                Phys.Rev. D86 (2012) 095031;  arXiv:1208.4018 [hep-ph],              *
   *                Phys.Rev. D89 (2014) 035007;  arXiv:1309.4819 [hep-ph].              *
   *                                                                                     *
   ***************************************************************************************
                                                                                          
   
   Command line: ./JHUGen Unweighted=0 VegasNc0=99999999 VegasNc1=99999999 VegasNc2=99999999 LHAPDF=NNPDF30_lo_as_0130/NNPDF30_lo_as_0130.info MReso=1550 Process=61 ghg2=0,0 ghg4=1,0
   
   Input Parameter:
    Collider: P-P, sqrt(s)=13000.00
    Resonance: spin=0, mass=1550.00 width=   0.00407
    Jet cuts:
            pT >=    15.00 GeV
        DeltaR >=     0.30
           mJJ >=     0.00 GeV
    Random seed:   950885815
    To reproduce results using this seed, JHUGen should be compiled with the same compiler:
      GNU Fortran (GCC) 4.9.3
    
    WidthScheme:   2
    LHAPDF set NNPDF30_lo_as_0130/NNPDF30_lo_as_0130.info, member=  0
    Unweighted: F
    
    spin-0-VV couplings: 
      generate_as=F
      ghg2=  0.00000000E+00  0.00000000E+00i
      ghg3=  0.00000000E+00  0.00000000E+00i
      ghg4=  0.10000000E+01  0.00000000E+00i
      ghz1=  0.20000000E+01  0.00000000E+00i
      ghz2=  0.00000000E+00  0.00000000E+00i
      ghz3=  0.00000000E+00  0.00000000E+00i
      ghz4=  0.00000000E+00  0.00000000E+00i
      Lambda=  1000.0
    
    LHE output: ./data/output.lhe
    Histogram output: ./data/output.dat
    Log file: ./data/output.log
    
  Running

  Input parameters for vegas:  ndim=  9   ncall= 80707214.
                              it=    0    itmx=   15
                              acc=-1.00    
                              mds=  1     nd=  50
                              (xl,xu)= (  0.00000     ,  1.00000     )
                                       (  0.00000     ,  1.00000     )
                                       (  0.00000     ,  1.00000     )
                                       (  0.00000     ,  1.00000     )
                                       (  0.00000     ,  1.00000     )
                                       (  0.00000     ,  1.00000     )
                                       (  0.00000     ,  1.00000     )
                                       (  0.00000     ,  1.00000     )
                                       (  0.00000     ,  1.00000     )

#********** Integration by Vegas (iteration       1) ************
#                                                               *
#  integral  =  23.371329       accum. integral =  23.371329    *
#  std. dev. =  2.0326706       accum. std. dev =  2.0326706    *
#   min/max. wt. =    0.00000             1.33116               *
#                                                               *
#*************   chi**2/iteration =  0.000       ****************


#********** Integration by Vegas (iteration       2) ************
#                                                               *
#  integral  =  24.482439       accum. integral =  24.406644    *
#  std. dev. = 0.57613131       accum. std. dev = 0.54366047    *
#   min/max. wt. =    0.00000            0.475436               *
#                                                               *
#*************   chi**2/iteration = 0.2652       ****************


#********** Integration by Vegas (iteration       3) ************
#                                                               *
#  integral  =  25.367888       accum. integral =  25.047535    *
#  std. dev. = 0.40740911       accum. std. dev = 0.32024562    *
#   min/max. wt. =    0.00000            0.316363               *
#                                                               *
#*************   chi**2/iteration =  1.128       ****************


#********** Integration by Vegas (iteration       4) ************
#                                                               *
#  integral  =  25.447683       accum. integral =  25.407855    *
#  std. dev. = 0.11094800       accum. std. dev = 0.10211234    *
#   min/max. wt. =    0.00000            0.521660E-01           *
#                                                               *
#*************   chi**2/iteration =  1.195       ****************


#********** Integration by Vegas (iteration       5) ************
#                                                               *
#  integral  =  25.697766       accum. integral =  25.650147    *
#  std. dev. = 0.47132407E-01   accum. std. dev = 0.41730557E-01*
#   min/max. wt. =    0.00000            0.181637E-01           *
#                                                               *
#*************   chi**2/iteration =  2.537       ****************


#********** Integration by Vegas (iteration       6) ************
#                                                               *
#  integral  =  25.682864       accum. integral =  25.674101    *
#  std. dev. = 0.26046834E-01   accum. std. dev = 0.21713935E-01*
#   min/max. wt. =    0.00000            0.639444E-02           *
#                                                               *
#*************   chi**2/iteration =  2.097       ****************


#********** Integration by Vegas (iteration       7) ************
#                                                               *
#  integral  =  25.685424       accum. integral =  25.680294    *
#  std. dev. = 0.20286620E-01   accum. std. dev = 0.14671629E-01*
#   min/max. wt. =    0.00000            0.566126E-02           *
#                                                               *
#*************   chi**2/iteration =  1.759       ****************


#********** Integration by Vegas (iteration       8) ************
#                                                               *
#  integral  =  25.680636       accum. integral =  25.680444    *
#  std. dev. = 0.16938063E-01   accum. std. dev = 0.11014731E-01*
#   min/max. wt. =    0.00000            0.103699E-02           *
#                                                               *
#*************   chi**2/iteration =  1.499       ****************


#********** Integration by Vegas (iteration       9) ************
#                                                               *
#  integral  =  25.703253       accum. integral =  25.686318    *
#  std. dev. = 0.19084433E-01   accum. std. dev = 0.95127774E-02*
#   min/max. wt. =    0.00000            0.659493E-02           *
#                                                               *
#*************   chi**2/iteration =  1.443       ****************


#********** Integration by Vegas (iteration      10) ************
#                                                               *
#  integral  =  25.710663       accum. integral =  25.691239    *
#  std. dev. = 0.19246385E-01   accum. std. dev = 0.85128300E-02*
#   min/max. wt. =    0.00000            0.793946E-02           *
#                                                               *
#*************   chi**2/iteration =  1.425       ****************


#********** Integration by Vegas (iteration      11) ************
#                                                               *
#  integral  =  25.715313       accum. integral =  25.696400    *
#  std. dev. = 0.16567746E-01   accum. std. dev = 0.75568642E-02*
#   min/max. wt. =    0.00000            0.831315E-03           *
#                                                               *
#*************   chi**2/iteration =  1.449       ****************


#********** Integration by Vegas (iteration      12) ************
#                                                               *
#  integral  =  25.691171       accum. integral =  25.695364    *
#  std. dev. = 0.15413543E-01   accum. std. dev = 0.67746096E-02*
#   min/max. wt. =    0.00000            0.155523E-02           *
#                                                               *
#*************   chi**2/iteration =  1.323       ****************


#********** Integration by Vegas (iteration      13) ************
#                                                               *
#  integral  =  25.663268       accum. integral =  25.689828    *
#  std. dev. = 0.15015701E-01   accum. std. dev = 0.61684361E-02*
#   min/max. wt. =    0.00000            0.897952E-03           *
#                                                               *
#*************   chi**2/iteration =  1.533       ****************


#********** Integration by Vegas (iteration      14) ************
#                                                               *
#  integral  =  25.681375       accum. integral =  25.688576    *
#  std. dev. = 0.14963506E-01   accum. std. dev = 0.56979594E-02*
#   min/max. wt. =    0.00000            0.115837E-02           *
#                                                               *
#*************   chi**2/iteration =  1.434       ****************


#********** Integration by Vegas (iteration      15) ************
#                                                               *
#  integral  =  25.676331       accum. integral =  25.687104    *
#  std. dev. = 0.15582072E-01   accum. std. dev = 0.53484741E-02*
#   min/max. wt. =    0.00000            0.230321E-02           *
#                                                               *
#*************   chi**2/iteration =  1.369       ****************


  Input parameters for vegas:  ndim=  9   ncall= 80707214.
                              it=    0    itmx=    2
                              acc=-1.00    
                              mds=  1     nd=  50
                              (xl,xu)= (  0.00000     ,  1.00000     )
                                       (  0.00000     ,  1.00000     )
                                       (  0.00000     ,  1.00000     )
                                       (  0.00000     ,  1.00000     )
                                       (  0.00000     ,  1.00000     )
                                       (  0.00000     ,  1.00000     )
                                       (  0.00000     ,  1.00000     )
                                       (  0.00000     ,  1.00000     )
                                       (  0.00000     ,  1.00000     )

#********** Integration by Vegas (iteration       1) ************
#                                                               *
#  integral  =  25.660097       accum. integral =  25.660097    *
#  std. dev. = 0.15382008E-01   accum. std. dev = 0.15382008E-01*
#   min/max. wt. =    0.00000            0.156756E-02           *
#                                                               *
#*************   chi**2/iteration =  0.000       ****************


#********** Integration by Vegas (iteration       2) ************
#                                                               *
#  integral  =  25.685343       accum. integral =  25.672298    *
#  std. dev. = 0.15920603E-01   accum. std. dev = 0.11062417E-01*
#   min/max. wt. =    0.00000            0.404843E-02           *
#                                                               *
#*************   chi**2/iteration =  1.299       ****************

 Done
