SLURM job running in:  /scratch/groups/lhc/park/JHUGen/JHUGenerator
LHAPDF 6.1.5 loading /work-zfs/lhc/cms/slc6_amd64_gcc493/external/lhapdf/6.1.5-kpegke3/share/LHAPDF/NNPDF30_lo_as_0130/NNPDF30_lo_as_0130_0000.dat
NNPDF30_lo_as_0130 PDF set, member #0, version 2; LHAPDF ID = 263000
 
                                                                                          
   ***************************************************************************************
   *                                JHU Generator v6.9.3                                 *
   ***************************************************************************************
   *                                                                                     *
   *   Spin and parity determination of single-produced resonances at hadron colliders   *
   *                                                                                     *
   *          I. Anderson, S. Bolognesi, F. Caola, Y. Gao, A. Gritsan, Z. Guo,           *
   *        C. Martin, K. Melnikov, R.Rontsch, H. Roskes, U. Sarica, M. Schulze,         *
   *                   N. Tran, A. Whitbeck, M. Xiao, C. You, Y. Zhou                    *
   *                Phys.Rev. D81 (2010) 075022;  arXiv:1001.3396 [hep-ph],              *
   *                Phys.Rev. D86 (2012) 095031;  arXiv:1208.4018 [hep-ph],              *
   *                Phys.Rev. D89 (2014) 035007;  arXiv:1309.4819 [hep-ph].              *
   *                                                                                     *
   ***************************************************************************************
                                                                                          
   
   Command line: ./JHUGen Unweighted=0 VegasNc0=99999999 VegasNc1=99999999 VegasNc2=99999999 LHAPDF=NNPDF30_lo_as_0130/NNPDF30_lo_as_0130.info MReso=1850 Process=61 ghg2=0,0 ghg4=1,0
   
   Input Parameter:
    Collider: P-P, sqrt(s)=13000.00
    Resonance: spin=0, mass=1850.00 width=   0.00407
    Jet cuts:
            pT >=    15.00 GeV
        DeltaR >=     0.30
           mJJ >=     0.00 GeV
    Random seed:   298581648
    To reproduce results using this seed, JHUGen should be compiled with the same compiler:
      GNU Fortran (GCC) 4.9.3
    
    WidthScheme:   2
    LHAPDF set NNPDF30_lo_as_0130/NNPDF30_lo_as_0130.info, member=  0
    Unweighted: F
    
    spin-0-VV couplings: 
      generate_as=F
      ghg2=  0.00000000E+00  0.00000000E+00i
      ghg3=  0.00000000E+00  0.00000000E+00i
      ghg4=  0.10000000E+01  0.00000000E+00i
      ghz1=  0.20000000E+01  0.00000000E+00i
      ghz2=  0.00000000E+00  0.00000000E+00i
      ghz3=  0.00000000E+00  0.00000000E+00i
      ghz4=  0.00000000E+00  0.00000000E+00i
      Lambda=  1000.0
    
    LHE output: ./data/output.lhe
    Histogram output: ./data/output.dat
    Log file: ./data/output.log
    
  Running

  Input parameters for vegas:  ndim=  9   ncall= 80707214.
                              it=    0    itmx=   15
                              acc=-1.00    
                              mds=  1     nd=  50
                              (xl,xu)= (  0.00000     ,  1.00000     )
                                       (  0.00000     ,  1.00000     )
                                       (  0.00000     ,  1.00000     )
                                       (  0.00000     ,  1.00000     )
                                       (  0.00000     ,  1.00000     )
                                       (  0.00000     ,  1.00000     )
                                       (  0.00000     ,  1.00000     )
                                       (  0.00000     ,  1.00000     )
                                       (  0.00000     ,  1.00000     )

#********** Integration by Vegas (iteration       1) ************
#                                                               *
#  integral  =  9.0266179       accum. integral =  9.0266179    *
#  std. dev. = 0.62800318       accum. std. dev = 0.62800318    *
#   min/max. wt. =    0.00000            0.338590               *
#                                                               *
#*************   chi**2/iteration =  0.000       ****************


#********** Integration by Vegas (iteration       2) ************
#                                                               *
#  integral  =  11.562206       accum. integral =  11.046602    *
#  std. dev. = 0.40640756       accum. std. dev = 0.32540627    *
#   min/max. wt. =    0.00000            0.329008               *
#                                                               *
#*************   chi**2/iteration =  9.826       ****************


#********** Integration by Vegas (iteration       3) ************
#                                                               *
#  integral  =  11.590238       accum. integral =  11.392625    *
#  std. dev. = 0.27479080       accum. std. dev = 0.20415987    *
#   min/max. wt. =    0.00000            0.250858               *
#                                                               *
#*************   chi**2/iteration =  5.359       ****************


#********** Integration by Vegas (iteration       4) ************
#                                                               *
#  integral  =  11.761306       accum. integral =  11.537051    *
#  std. dev. = 0.27721284       accum. std. dev = 0.16291357    *
#   min/max. wt. =    0.00000            0.266943               *
#                                                               *
#*************   chi**2/iteration =  3.820       ****************


#********** Integration by Vegas (iteration       5) ************
#                                                               *
#  integral  =  11.529645       accum. integral =  11.530644    *
#  std. dev. = 0.67156570E-01   accum. std. dev = 0.60365619E-01*
#   min/max. wt. =    0.00000            0.298136E-01           *
#                                                               *
#*************   chi**2/iteration =  2.815       ****************


#********** Integration by Vegas (iteration       6) ************
#                                                               *
#  integral  =  11.598655       accum. integral =  11.594773    *
#  std. dev. = 0.15461011E-01   accum. std. dev = 0.14522707E-01*
#   min/max. wt. =    0.00000            0.395149E-02           *
#                                                               *
#*************   chi**2/iteration =  2.457       ****************


#********** Integration by Vegas (iteration       7) ************
#                                                               *
#  integral  =  11.583676       accum. integral =  11.588423    *
#  std. dev. = 0.12963256E-01   accum. std. dev = 0.95428408E-02*
#   min/max. wt. =    0.00000            0.779456E-02           *
#                                                               *
#*************   chi**2/iteration =  2.084       ****************


#********** Integration by Vegas (iteration       8) ************
#                                                               *
#  integral  =  11.612733       accum. integral =  11.599508    *
#  std. dev. = 0.10738080E-01   accum. std. dev = 0.70654675E-02*
#   min/max. wt. =    0.00000            0.146793E-02           *
#                                                               *
#*************   chi**2/iteration =  2.192       ****************


#********** Integration by Vegas (iteration       9) ************
#                                                               *
#  integral  =  11.593367       accum. integral =  11.596539    *
#  std. dev. = 0.74827745E-02   accum. std. dev = 0.50920894E-02*
#   min/max. wt. =    0.00000            0.476760E-03           *
#                                                               *
#*************   chi**2/iteration =  1.953       ****************


#********** Integration by Vegas (iteration      10) ************
#                                                               *
#  integral  =  11.587842       accum. integral =  11.593466    *
#  std. dev. = 0.70350473E-02   accum. std. dev = 0.41035871E-02*
#   min/max. wt. =    0.00000            0.675643E-03           *
#                                                               *
#*************   chi**2/iteration =  1.843       ****************


#********** Integration by Vegas (iteration      11) ************
#                                                               *
#  integral  =  11.591119       accum. integral =  11.592849    *
#  std. dev. = 0.70002972E-02   accum. std. dev = 0.35288560E-02*
#   min/max. wt. =    0.00000            0.116627E-02           *
#                                                               *
#*************   chi**2/iteration =  1.661       ****************


#********** Integration by Vegas (iteration      12) ************
#                                                               *
#  integral  =  11.589835       accum. integral =  11.592212    *
#  std. dev. = 0.69400639E-02   accum. std. dev = 0.31388549E-02*
#   min/max. wt. =    0.00000            0.753076E-03           *
#                                                               *
#*************   chi**2/iteration =  1.520       ****************


#********** Integration by Vegas (iteration      13) ************
#                                                               *
#  integral  =  11.585539       accum. integral =  11.591088    *
#  std. dev. = 0.70800795E-02   accum. std. dev = 0.28655860E-02*
#   min/max. wt. =    0.00000            0.741753E-03           *
#                                                               *
#*************   chi**2/iteration =  1.453       ****************


#********** Integration by Vegas (iteration      14) ************
#                                                               *
#  integral  =  11.588829       accum. integral =  11.590755    *
#  std. dev. = 0.70023743E-02   accum. std. dev = 0.26492993E-02*
#   min/max. wt. =    0.00000            0.701918E-03           *
#                                                               *
#*************   chi**2/iteration =  1.345       ****************


#********** Integration by Vegas (iteration      15) ************
#                                                               *
#  integral  =  11.594190       accum. integral =  11.591197    *
#  std. dev. = 0.69905970E-02   accum. std. dev = 0.24753024E-02*
#   min/max. wt. =    0.00000            0.110134E-02           *
#                                                               *
#*************   chi**2/iteration =  1.262       ****************


  Input parameters for vegas:  ndim=  9   ncall= 80707214.
                              it=    0    itmx=    2
                              acc=-1.00    
                              mds=  1     nd=  50
                              (xl,xu)= (  0.00000     ,  1.00000     )
                                       (  0.00000     ,  1.00000     )
                                       (  0.00000     ,  1.00000     )
                                       (  0.00000     ,  1.00000     )
                                       (  0.00000     ,  1.00000     )
                                       (  0.00000     ,  1.00000     )
                                       (  0.00000     ,  1.00000     )
                                       (  0.00000     ,  1.00000     )
                                       (  0.00000     ,  1.00000     )

#********** Integration by Vegas (iteration       1) ************
#                                                               *
#  integral  =  11.597787       accum. integral =  11.597787    *
#  std. dev. = 0.70176038E-02   accum. std. dev = 0.70176038E-02*
#   min/max. wt. =    0.00000            0.620662E-03           *
#                                                               *
#*************   chi**2/iteration =  0.000       ****************


#********** Integration by Vegas (iteration       2) ************
#                                                               *
#  integral  =  11.588770       accum. integral =  11.593332    *
#  std. dev. = 0.70957644E-02   accum. std. dev = 0.49895782E-02*
#   min/max. wt. =    0.00000            0.849641E-03           *
#                                                               *
#*************   chi**2/iteration = 0.8155       ****************

 Done
