SLURM job running in:  /scratch/groups/lhc/park/JHUGen/JHUGenerator
LHAPDF 6.1.5 loading /work-zfs/lhc/cms/slc6_amd64_gcc493/external/lhapdf/6.1.5-kpegke3/share/LHAPDF/NNPDF30_lo_as_0130/NNPDF30_lo_as_0130_0000.dat
NNPDF30_lo_as_0130 PDF set, member #0, version 2; LHAPDF ID = 263000
 
                                                                                          
   ***************************************************************************************
   *                                JHU Generator v6.9.3                                 *
   ***************************************************************************************
   *                                                                                     *
   *   Spin and parity determination of single-produced resonances at hadron colliders   *
   *                                                                                     *
   *          I. Anderson, S. Bolognesi, F. Caola, Y. Gao, A. Gritsan, Z. Guo,           *
   *        C. Martin, K. Melnikov, R.Rontsch, H. Roskes, U. Sarica, M. Schulze,         *
   *                   N. Tran, A. Whitbeck, M. Xiao, C. You, Y. Zhou                    *
   *                Phys.Rev. D81 (2010) 075022;  arXiv:1001.3396 [hep-ph],              *
   *                Phys.Rev. D86 (2012) 095031;  arXiv:1208.4018 [hep-ph],              *
   *                Phys.Rev. D89 (2014) 035007;  arXiv:1309.4819 [hep-ph].              *
   *                                                                                     *
   ***************************************************************************************
                                                                                          
   
   Command line: ./JHUGen Unweighted=0 VegasNc0=99999999 VegasNc1=99999999 VegasNc2=99999999 LHAPDF=NNPDF30_lo_as_0130/NNPDF30_lo_as_0130.info MReso=1900 Process=61 ghg2=0,0 ghg4=1,0
   
   Input Parameter:
    Collider: P-P, sqrt(s)=13000.00
    Resonance: spin=0, mass=1900.00 width=   0.00407
    Jet cuts:
            pT >=    15.00 GeV
        DeltaR >=     0.30
           mJJ >=     0.00 GeV
    Random seed:   958275701
    To reproduce results using this seed, JHUGen should be compiled with the same compiler:
      GNU Fortran (GCC) 4.9.3
    
    WidthScheme:   2
    LHAPDF set NNPDF30_lo_as_0130/NNPDF30_lo_as_0130.info, member=  0
    Unweighted: F
    
    spin-0-VV couplings: 
      generate_as=F
      ghg2=  0.00000000E+00  0.00000000E+00i
      ghg3=  0.00000000E+00  0.00000000E+00i
      ghg4=  0.10000000E+01  0.00000000E+00i
      ghz1=  0.20000000E+01  0.00000000E+00i
      ghz2=  0.00000000E+00  0.00000000E+00i
      ghz3=  0.00000000E+00  0.00000000E+00i
      ghz4=  0.00000000E+00  0.00000000E+00i
      Lambda=  1000.0
    
    LHE output: ./data/output.lhe
    Histogram output: ./data/output.dat
    Log file: ./data/output.log
    
  Running

  Input parameters for vegas:  ndim=  9   ncall= 80707214.
                              it=    0    itmx=   15
                              acc=-1.00    
                              mds=  1     nd=  50
                              (xl,xu)= (  0.00000     ,  1.00000     )
                                       (  0.00000     ,  1.00000     )
                                       (  0.00000     ,  1.00000     )
                                       (  0.00000     ,  1.00000     )
                                       (  0.00000     ,  1.00000     )
                                       (  0.00000     ,  1.00000     )
                                       (  0.00000     ,  1.00000     )
                                       (  0.00000     ,  1.00000     )
                                       (  0.00000     ,  1.00000     )

#********** Integration by Vegas (iteration       1) ************
#                                                               *
#  integral  =  8.7648505       accum. integral =  8.7648505    *
#  std. dev. = 0.70125355       accum. std. dev = 0.70125355    *
#   min/max. wt. =    0.00000            0.426452               *
#                                                               *
#*************   chi**2/iteration =  0.000       ****************


#********** Integration by Vegas (iteration       2) ************
#                                                               *
#  integral  =  9.8704865       accum. integral =  9.7787124    *
#  std. dev. = 0.23759647       accum. std. dev = 0.21515677    *
#   min/max. wt. =    0.00000            0.151818               *
#                                                               *
#*************   chi**2/iteration =  2.008       ****************


#********** Integration by Vegas (iteration       3) ************
#                                                               *
#  integral  =  10.422280       accum. integral =  9.9813734    *
#  std. dev. = 0.35435239       accum. std. dev = 0.18526611    *
#   min/max. wt. =    0.00000            0.338064               *
#                                                               *
#*************   chi**2/iteration =  2.229       ****************


#********** Integration by Vegas (iteration       4) ************
#                                                               *
#  integral  =  10.115880       accum. integral =  10.096225    *
#  std. dev. = 0.79841600E-01   accum. std. dev = 0.71571183E-01*
#   min/max. wt. =    0.00000            0.423679E-01           *
#                                                               *
#*************   chi**2/iteration =  1.602       ****************


#********** Integration by Vegas (iteration       5) ************
#                                                               *
#  integral  =  10.187223       accum. integral =  10.175957    *
#  std. dev. = 0.27928462E-01   accum. std. dev = 0.25377787E-01*
#   min/max. wt. =    0.00000            0.174597E-01           *
#                                                               *
#*************   chi**2/iteration =  1.532       ****************


#********** Integration by Vegas (iteration       6) ************
#                                                               *
#  integral  =  10.196391       accum. integral =  10.192435    *
#  std. dev. = 0.12820268E-01   accum. std. dev = 0.11224393E-01*
#   min/max. wt. =    0.00000            0.297886E-02           *
#                                                               *
#*************   chi**2/iteration =  1.316       ****************


#********** Integration by Vegas (iteration       7) ************
#                                                               *
#  integral  =  10.187111       accum. integral =  10.188815    *
#  std. dev. = 0.78908318E-02   accum. std. dev = 0.63723789E-02*
#   min/max. wt. =    0.00000            0.961286E-03           *
#                                                               *
#*************   chi**2/iteration =  1.114       ****************


#********** Integration by Vegas (iteration       8) ************
#                                                               *
#  integral  =  10.205041       accum. integral =  10.196466    *
#  std. dev. = 0.69004725E-02   accum. std. dev = 0.46457990E-02*
#   min/max. wt. =    0.00000            0.171104E-02           *
#                                                               *
#*************   chi**2/iteration =  1.384       ****************


#********** Integration by Vegas (iteration       9) ************
#                                                               *
#  integral  =  10.193870       accum. integral =  10.195556    *
#  std. dev. = 0.64419771E-02   accum. std. dev = 0.37517501E-02*
#   min/max. wt. =    0.00000            0.532094E-03           *
#                                                               *
#*************   chi**2/iteration =  1.220       ****************


#********** Integration by Vegas (iteration      10) ************
#                                                               *
#  integral  =  10.187533       accum. integral =  10.193364    *
#  std. dev. = 0.62162977E-02   accum. std. dev = 0.32034607E-02*
#   min/max. wt. =    0.00000            0.577144E-03           *
#                                                               *
#*************   chi**2/iteration =  1.219       ****************


#********** Integration by Vegas (iteration      11) ************
#                                                               *
#  integral  =  10.196976       accum. integral =  10.194115    *
#  std. dev. = 0.63472161E-02   accum. std. dev = 0.28549278E-02*
#   min/max. wt. =    0.00000            0.168723E-02           *
#                                                               *
#*************   chi**2/iteration =  1.120       ****************


#********** Integration by Vegas (iteration      12) ************
#                                                               *
#  integral  =  10.191609       accum. integral =  10.193665    *
#  std. dev. = 0.61806948E-02   accum. std. dev = 0.25885711E-02*
#   min/max. wt. =    0.00000            0.466289E-03           *
#                                                               *
#*************   chi**2/iteration =  1.029       ****************


#********** Integration by Vegas (iteration      13) ************
#                                                               *
#  integral  =  10.197309       accum. integral =  10.194162    *
#  std. dev. = 0.65946821E-02   accum. std. dev = 0.24078350E-02*
#   min/max. wt. =    0.00000            0.232928E-02           *
#                                                               *
#*************   chi**2/iteration = 0.9637       ****************


#********** Integration by Vegas (iteration      14) ************
#                                                               *
#  integral  =  10.185039       accum. integral =  10.193015    *
#  std. dev. = 0.64172479E-02   accum. std. dev = 0.22531220E-02*
#   min/max. wt. =    0.00000            0.108817E-02           *
#                                                               *
#*************   chi**2/iteration =  1.027       ****************


#********** Integration by Vegas (iteration      15) ************
#                                                               *
#  integral  =  10.191337       accum. integral =  10.192815    *
#  std. dev. = 0.61875468E-02   accum. std. dev = 0.21160082E-02*
#   min/max. wt. =    0.00000            0.544522E-03           *
#                                                               *
#*************   chi**2/iteration = 0.9569       ****************


  Input parameters for vegas:  ndim=  9   ncall= 80707214.
                              it=    0    itmx=    2
                              acc=-1.00    
                              mds=  1     nd=  50
                              (xl,xu)= (  0.00000     ,  1.00000     )
                                       (  0.00000     ,  1.00000     )
                                       (  0.00000     ,  1.00000     )
                                       (  0.00000     ,  1.00000     )
                                       (  0.00000     ,  1.00000     )
                                       (  0.00000     ,  1.00000     )
                                       (  0.00000     ,  1.00000     )
                                       (  0.00000     ,  1.00000     )
                                       (  0.00000     ,  1.00000     )

#********** Integration by Vegas (iteration       1) ************
#                                                               *
#  integral  =  10.187118       accum. integral =  10.187118    *
#  std. dev. = 0.63658173E-02   accum. std. dev = 0.63658173E-02*
#   min/max. wt. =    0.00000            0.147816E-02           *
#                                                               *
#*************   chi**2/iteration =  0.000       ****************


#********** Integration by Vegas (iteration       2) ************
#                                                               *
#  integral  =  10.197369       accum. integral =  10.192427    *
#  std. dev. = 0.61484685E-02   accum. std. dev = 0.44223894E-02*
#   min/max. wt. =    0.00000            0.703012E-03           *
#                                                               *
#*************   chi**2/iteration =  1.340       ****************

 Done
