SLURM job running in:  /scratch/groups/lhc/park/JHUGen/JHUGenerator
LHAPDF 6.1.5 loading /work-zfs/lhc/cms/slc6_amd64_gcc493/external/lhapdf/6.1.5-kpegke3/share/LHAPDF/NNPDF30_lo_as_0130/NNPDF30_lo_as_0130_0000.dat
NNPDF30_lo_as_0130 PDF set, member #0, version 2; LHAPDF ID = 263000
 
                                                                                          
   ***************************************************************************************
   *                                JHU Generator v6.9.3                                 *
   ***************************************************************************************
   *                                                                                     *
   *   Spin and parity determination of single-produced resonances at hadron colliders   *
   *                                                                                     *
   *          I. Anderson, S. Bolognesi, F. Caola, Y. Gao, A. Gritsan, Z. Guo,           *
   *        C. Martin, K. Melnikov, R.Rontsch, H. Roskes, U. Sarica, M. Schulze,         *
   *                   N. Tran, A. Whitbeck, M. Xiao, C. You, Y. Zhou                    *
   *                Phys.Rev. D81 (2010) 075022;  arXiv:1001.3396 [hep-ph],              *
   *                Phys.Rev. D86 (2012) 095031;  arXiv:1208.4018 [hep-ph],              *
   *                Phys.Rev. D89 (2014) 035007;  arXiv:1309.4819 [hep-ph].              *
   *                                                                                     *
   ***************************************************************************************
                                                                                          
   
   Command line: ./JHUGen Unweighted=0 VegasNc0=99999999 VegasNc1=99999999 VegasNc2=99999999 LHAPDF=NNPDF30_lo_as_0130/NNPDF30_lo_as_0130.info MReso=198 Process=61 ghg2=0,0 ghg4=1,0
   
   Input Parameter:
    Collider: P-P, sqrt(s)=13000.00
    Resonance: spin=0, mass= 198.00 width=   0.00407
    Jet cuts:
            pT >=    15.00 GeV
        DeltaR >=     0.30
           mJJ >=     0.00 GeV
    Random seed:   366726441
    To reproduce results using this seed, JHUGen should be compiled with the same compiler:
      GNU Fortran (GCC) 4.9.3
    
    WidthScheme:   2
    LHAPDF set NNPDF30_lo_as_0130/NNPDF30_lo_as_0130.info, member=  0
    Unweighted: F
    
    spin-0-VV couplings: 
      generate_as=F
      ghg2=  0.00000000E+00  0.00000000E+00i
      ghg3=  0.00000000E+00  0.00000000E+00i
      ghg4=  0.10000000E+01  0.00000000E+00i
      ghz1=  0.20000000E+01  0.00000000E+00i
      ghz2=  0.00000000E+00  0.00000000E+00i
      ghz3=  0.00000000E+00  0.00000000E+00i
      ghz4=  0.00000000E+00  0.00000000E+00i
      Lambda=  1000.0
    
    LHE output: ./data/output.lhe
    Histogram output: ./data/output.dat
    Log file: ./data/output.log
    
  Running

  Input parameters for vegas:  ndim=  9   ncall= 80707214.
                              it=    0    itmx=   15
                              acc=-1.00    
                              mds=  1     nd=  50
                              (xl,xu)= (  0.00000     ,  1.00000     )
                                       (  0.00000     ,  1.00000     )
                                       (  0.00000     ,  1.00000     )
                                       (  0.00000     ,  1.00000     )
                                       (  0.00000     ,  1.00000     )
                                       (  0.00000     ,  1.00000     )
                                       (  0.00000     ,  1.00000     )
                                       (  0.00000     ,  1.00000     )
                                       (  0.00000     ,  1.00000     )

#********** Integration by Vegas (iteration       1) ************
#                                                               *
#  integral  =  6919.3948       accum. integral =  6919.3948    *
#  std. dev. =  502.05597       accum. std. dev =  502.05597    *
#   min/max. wt. =    0.00000             265.542               *
#                                                               *
#*************   chi**2/iteration =  0.000       ****************


#********** Integration by Vegas (iteration       2) ************
#                                                               *
#  integral  =  6597.6720       accum. integral =  6600.1191    *
#  std. dev. =  41.910075       accum. std. dev =  42.780433    *
#   min/max. wt. =    0.00000             17.1348               *
#                                                               *
#*************   chi**2/iteration = 0.4265       ****************


#********** Integration by Vegas (iteration       3) ************
#                                                               *
#  integral  =  6682.0182       accum. integral =  6667.5376    *
#  std. dev. =  19.596583       accum. std. dev =  17.919343    *
#   min/max. wt. =    0.00000             9.70105               *
#                                                               *
#*************   chi**2/iteration =  1.734       ****************


#********** Integration by Vegas (iteration       4) ************
#                                                               *
#  integral  =  6712.1303       accum. integral =  6695.9215    *
#  std. dev. =  13.496556       accum. std. dev =  10.794612    *
#   min/max. wt. =    0.00000             9.11412               *
#                                                               *
#*************   chi**2/iteration =  2.474       ****************


#********** Integration by Vegas (iteration       5) ************
#                                                               *
#  integral  =  6732.0621       accum. integral =  6718.7918    *
#  std. dev. =  8.2265703       accum. std. dev =  6.5417068    *
#   min/max. wt. =    0.00000             2.10042               *
#                                                               *
#*************   chi**2/iteration =  3.628       ****************


#********** Integration by Vegas (iteration       6) ************
#                                                               *
#  integral  =  6727.3616       accum. integral =  6723.8332    *
#  std. dev. =  5.4709992       accum. std. dev =  4.1973141    *
#   min/max. wt. =    0.00000             2.34277               *
#                                                               *
#*************   chi**2/iteration =  3.105       ****************


#********** Integration by Vegas (iteration       7) ************
#                                                               *
#  integral  =  6724.2237       accum. integral =  6724.0093    *
#  std. dev. =  4.6276056       accum. std. dev =  3.1096690    *
#   min/max. wt. =    0.00000            0.765019               *
#                                                               *
#*************   chi**2/iteration =  2.588       ****************


#********** Integration by Vegas (iteration       8) ************
#                                                               *
#  integral  =  6729.8988       accum. integral =  6726.4006    *
#  std. dev. =  3.7619276       accum. std. dev =  2.3966666    *
#   min/max. wt. =    0.00000            0.686884               *
#                                                               *
#*************   chi**2/iteration =  2.427       ****************


#********** Integration by Vegas (iteration       9) ************
#                                                               *
#  integral  =  6724.0822       accum. integral =  6725.6579    *
#  std. dev. =  3.4884728       accum. std. dev =  1.9756709    *
#   min/max. wt. =    0.00000            0.471471               *
#                                                               *
#*************   chi**2/iteration =  2.161       ****************


#********** Integration by Vegas (iteration      10) ************
#                                                               *
#  integral  =  6725.1302       accum. integral =  6725.5252    *
#  std. dev. =  3.4066717       accum. std. dev =  1.7091751    *
#   min/max. wt. =    0.00000            0.306256               *
#                                                               *
#*************   chi**2/iteration =  1.923       ****************


#********** Integration by Vegas (iteration      11) ************
#                                                               *
#  integral  =  6724.5292       accum. integral =  6725.3286    *
#  std. dev. =  3.4446013       accum. std. dev =  1.5311389    *
#   min/max. wt. =    0.00000            0.769523               *
#                                                               *
#*************   chi**2/iteration =  1.738       ****************


#********** Integration by Vegas (iteration      12) ************
#                                                               *
#  integral  =  6726.5741       accum. integral =  6725.4379    *
#  std. dev. =  4.9344153       accum. std. dev =  1.4623562    *
#   min/max. wt. =    0.00000             3.55382               *
#                                                               *
#*************   chi**2/iteration =  1.585       ****************


#********** Integration by Vegas (iteration      13) ************
#                                                               *
#  integral  =  6730.3498       accum. integral =  6725.8562    *
#  std. dev. =  4.7953505       accum. std. dev =  1.3987571    *
#   min/max. wt. =    0.00000            0.194868               *
#                                                               *
#*************   chi**2/iteration =  1.533       ****************


#********** Integration by Vegas (iteration      14) ************
#                                                               *
#  integral  =  6727.3006       accum. integral =  6726.0504    *
#  std. dev. =  3.5482773       accum. std. dev =  1.3013007    *
#   min/max. wt. =    0.00000            0.327249               *
#                                                               *
#*************   chi**2/iteration =  1.426       ****************


#********** Integration by Vegas (iteration      15) ************
#                                                               *
#  integral  =  6728.1734       accum. integral =  6726.3205    *
#  std. dev. =  3.4088156       accum. std. dev =  1.2157226    *
#   min/max. wt. =    0.00000            0.371732               *
#                                                               *
#*************   chi**2/iteration =  1.348       ****************


  Input parameters for vegas:  ndim=  9   ncall= 80707214.
                              it=    0    itmx=    2
                              acc=-1.00    
                              mds=  1     nd=  50
                              (xl,xu)= (  0.00000     ,  1.00000     )
                                       (  0.00000     ,  1.00000     )
                                       (  0.00000     ,  1.00000     )
                                       (  0.00000     ,  1.00000     )
                                       (  0.00000     ,  1.00000     )
                                       (  0.00000     ,  1.00000     )
                                       (  0.00000     ,  1.00000     )
                                       (  0.00000     ,  1.00000     )
                                       (  0.00000     ,  1.00000     )

#********** Integration by Vegas (iteration       1) ************
#                                                               *
#  integral  =  6728.2790       accum. integral =  6728.2790    *
#  std. dev. =  3.4303204       accum. std. dev =  3.4303204    *
#   min/max. wt. =    0.00000            0.672744               *
#                                                               *
#*************   chi**2/iteration =  0.000       ****************


#********** Integration by Vegas (iteration       2) ************
#                                                               *
#  integral  =  6723.0678       accum. integral =  6725.6291    *
#  std. dev. =  3.3697878       accum. std. dev =  2.4039322    *
#   min/max. wt. =    0.00000            0.276537               *
#                                                               *
#*************   chi**2/iteration =  1.173       ****************

 Done
