SLURM job running in:  /scratch/groups/lhc/park/JHUGen/JHUGenerator
LHAPDF 6.1.5 loading /work-zfs/lhc/cms/slc6_amd64_gcc493/external/lhapdf/6.1.5-kpegke3/share/LHAPDF/NNPDF30_lo_as_0130/NNPDF30_lo_as_0130_0000.dat
NNPDF30_lo_as_0130 PDF set, member #0, version 2; LHAPDF ID = 263000
 
                                                                                          
   ***************************************************************************************
   *                                JHU Generator v6.9.3                                 *
   ***************************************************************************************
   *                                                                                     *
   *   Spin and parity determination of single-produced resonances at hadron colliders   *
   *                                                                                     *
   *          I. Anderson, S. Bolognesi, F. Caola, Y. Gao, A. Gritsan, Z. Guo,           *
   *        C. Martin, K. Melnikov, R.Rontsch, H. Roskes, U. Sarica, M. Schulze,         *
   *                   N. Tran, A. Whitbeck, M. Xiao, C. You, Y. Zhou                    *
   *                Phys.Rev. D81 (2010) 075022;  arXiv:1001.3396 [hep-ph],              *
   *                Phys.Rev. D86 (2012) 095031;  arXiv:1208.4018 [hep-ph],              *
   *                Phys.Rev. D89 (2014) 035007;  arXiv:1309.4819 [hep-ph].              *
   *                                                                                     *
   ***************************************************************************************
                                                                                          
   
   Command line: ./JHUGen Unweighted=0 VegasNc0=99999999 VegasNc1=99999999 VegasNc2=99999999 LHAPDF=NNPDF30_lo_as_0130/NNPDF30_lo_as_0130.info MReso=210 Process=61 ghg2=0,0 ghg4=1,0
   
   Input Parameter:
    Collider: P-P, sqrt(s)=13000.00
    Resonance: spin=0, mass= 210.00 width=   0.00407
    Jet cuts:
            pT >=    15.00 GeV
        DeltaR >=     0.30
           mJJ >=     0.00 GeV
    Random seed:   876915523
    To reproduce results using this seed, JHUGen should be compiled with the same compiler:
      GNU Fortran (GCC) 4.9.3
    
    WidthScheme:   2
    LHAPDF set NNPDF30_lo_as_0130/NNPDF30_lo_as_0130.info, member=  0
    Unweighted: F
    
    spin-0-VV couplings: 
      generate_as=F
      ghg2=  0.00000000E+00  0.00000000E+00i
      ghg3=  0.00000000E+00  0.00000000E+00i
      ghg4=  0.10000000E+01  0.00000000E+00i
      ghz1=  0.20000000E+01  0.00000000E+00i
      ghz2=  0.00000000E+00  0.00000000E+00i
      ghz3=  0.00000000E+00  0.00000000E+00i
      ghz4=  0.00000000E+00  0.00000000E+00i
      Lambda=  1000.0
    
    LHE output: ./data/output.lhe
    Histogram output: ./data/output.dat
    Log file: ./data/output.log
    
  Running

  Input parameters for vegas:  ndim=  9   ncall= 80707214.
                              it=    0    itmx=   15
                              acc=-1.00    
                              mds=  1     nd=  50
                              (xl,xu)= (  0.00000     ,  1.00000     )
                                       (  0.00000     ,  1.00000     )
                                       (  0.00000     ,  1.00000     )
                                       (  0.00000     ,  1.00000     )
                                       (  0.00000     ,  1.00000     )
                                       (  0.00000     ,  1.00000     )
                                       (  0.00000     ,  1.00000     )
                                       (  0.00000     ,  1.00000     )
                                       (  0.00000     ,  1.00000     )

#********** Integration by Vegas (iteration       1) ************
#                                                               *
#  integral  =  5522.5754       accum. integral =  5522.5754    *
#  std. dev. =  215.31366       accum. std. dev =  215.31366    *
#   min/max. wt. =    0.00000             96.6037               *
#                                                               *
#*************   chi**2/iteration =  0.000       ****************


#********** Integration by Vegas (iteration       2) ************
#                                                               *
#  integral  =  6130.7739       accum. integral =  6023.8863    *
#  std. dev. =  110.37110       accum. std. dev =  95.363549    *
#   min/max. wt. =    0.00000             73.0728               *
#                                                               *
#*************   chi**2/iteration =  5.886       ****************


#********** Integration by Vegas (iteration       3) ************
#                                                               *
#  integral  =  6005.3324       accum. integral =  6005.9473    *
#  std. dev. =  18.172581       accum. std. dev =  17.531874    *
#   min/max. wt. =    0.00000             7.11031               *
#                                                               *
#*************   chi**2/iteration =  2.905       ****************


#********** Integration by Vegas (iteration       4) ************
#                                                               *
#  integral  =  6058.7618       accum. integral =  6040.7796    *
#  std. dev. =  12.953158       accum. std. dev =  10.303069    *
#   min/max. wt. =    0.00000             6.70239               *
#                                                               *
#*************   chi**2/iteration =  3.876       ****************


#********** Integration by Vegas (iteration       5) ************
#                                                               *
#  integral  =  6071.3949       accum. integral =  6060.8709    *
#  std. dev. =  7.6291949       accum. std. dev =  6.0688795    *
#   min/max. wt. =    0.00000             1.49888               *
#                                                               *
#*************   chi**2/iteration =  4.315       ****************


#********** Integration by Vegas (iteration       6) ************
#                                                               *
#  integral  =  6056.3710       accum. integral =  6057.7827    *
#  std. dev. =  4.1683523       accum. std. dev =  3.4082926    *
#   min/max. wt. =    0.00000            0.770334               *
#                                                               *
#*************   chi**2/iteration =  3.509       ****************


#********** Integration by Vegas (iteration       7) ************
#                                                               *
#  integral  =  6044.6163       accum. integral =  6051.5554    *
#  std. dev. =  3.6380347       accum. std. dev =  2.4782770    *
#   min/max. wt. =    0.00000            0.962478               *
#                                                               *
#*************   chi**2/iteration =  4.087       ****************


#********** Integration by Vegas (iteration       8) ************
#                                                               *
#  integral  =  6051.6622       accum. integral =  6051.5938    *
#  std. dev. =  3.3429358       accum. std. dev =  1.9859515    *
#   min/max. wt. =    0.00000            0.722092               *
#                                                               *
#*************   chi**2/iteration =  3.494       ****************


#********** Integration by Vegas (iteration       9) ************
#                                                               *
#  integral  =  6051.9652       accum. integral =  6051.6887    *
#  std. dev. =  3.4225198       accum. std. dev =  1.7154335    *
#   min/max. wt. =    0.00000             1.00758               *
#                                                               *
#*************   chi**2/iteration =  3.052       ****************


#********** Integration by Vegas (iteration      10) ************
#                                                               *
#  integral  =  6051.4347       accum. integral =  6051.6320    *
#  std. dev. =  3.2274812       accum. std. dev =  1.5132534    *
#   min/max. wt. =    0.00000            0.430238               *
#                                                               *
#*************   chi**2/iteration =  2.709       ****************


#********** Integration by Vegas (iteration      11) ************
#                                                               *
#  integral  =  6054.8242       accum. integral =  6052.2620    *
#  std. dev. =  3.0762578       accum. std. dev =  1.3567267    *
#   min/max. wt. =    0.00000            0.205284               *
#                                                               *
#*************   chi**2/iteration =  2.522       ****************


#********** Integration by Vegas (iteration      12) ************
#                                                               *
#  integral  =  6056.5770       accum. integral =  6052.7097    *
#  std. dev. =  4.0177976       accum. std. dev =  1.2852328    *
#   min/max. wt. =    0.00000             2.12112               *
#                                                               *
#*************   chi**2/iteration =  2.385       ****************


#********** Integration by Vegas (iteration      13) ************
#                                                               *
#  integral  =  6060.4367       accum. integral =  6053.5022    *
#  std. dev. =  3.8303727       accum. std. dev =  1.2182465    *
#   min/max. wt. =    0.00000            0.216631               *
#                                                               *
#*************   chi**2/iteration =  2.493       ****************


#********** Integration by Vegas (iteration      14) ************
#                                                               *
#  integral  =  6050.7028       accum. integral =  6053.1357    *
#  std. dev. =  3.1553161       accum. std. dev =  1.1361253    *
#   min/max. wt. =    0.00000            0.320440               *
#                                                               *
#*************   chi**2/iteration =  2.352       ****************


#********** Integration by Vegas (iteration      15) ************
#                                                               *
#  integral  =  6052.5621       accum. integral =  6053.0650    *
#  std. dev. =  3.0470502       accum. std. dev =  1.0642219    *
#   min/max. wt. =    0.00000            0.434264               *
#                                                               *
#*************   chi**2/iteration =  2.185       ****************


  Input parameters for vegas:  ndim=  9   ncall= 80707214.
                              it=    0    itmx=    2
                              acc=-1.00    
                              mds=  1     nd=  50
                              (xl,xu)= (  0.00000     ,  1.00000     )
                                       (  0.00000     ,  1.00000     )
                                       (  0.00000     ,  1.00000     )
                                       (  0.00000     ,  1.00000     )
                                       (  0.00000     ,  1.00000     )
                                       (  0.00000     ,  1.00000     )
                                       (  0.00000     ,  1.00000     )
                                       (  0.00000     ,  1.00000     )
                                       (  0.00000     ,  1.00000     )

#********** Integration by Vegas (iteration       1) ************
#                                                               *
#  integral  =  6050.5420       accum. integral =  6050.5420    *
#  std. dev. =  3.0459099       accum. std. dev =  3.0459099    *
#   min/max. wt. =    0.00000            0.518268               *
#                                                               *
#*************   chi**2/iteration =  0.000       ****************


#********** Integration by Vegas (iteration       2) ************
#                                                               *
#  integral  =  6052.6608       accum. integral =  6051.5718    *
#  std. dev. =  3.1332674       accum. std. dev =  2.1840250    *
#   min/max. wt. =    0.00000            0.458487               *
#                                                               *
#*************   chi**2/iteration = 0.2349       ****************

 Done
