SLURM job running in:  /scratch/groups/lhc/park/JHUGen/JHUGenerator
LHAPDF 6.1.5 loading /work-zfs/lhc/cms/slc6_amd64_gcc493/external/lhapdf/6.1.5-kpegke3/share/LHAPDF/NNPDF30_lo_as_0130/NNPDF30_lo_as_0130_0000.dat
NNPDF30_lo_as_0130 PDF set, member #0, version 2; LHAPDF ID = 263000
 
                                                                                          
   ***************************************************************************************
   *                                JHU Generator v6.9.3                                 *
   ***************************************************************************************
   *                                                                                     *
   *   Spin and parity determination of single-produced resonances at hadron colliders   *
   *                                                                                     *
   *          I. Anderson, S. Bolognesi, F. Caola, Y. Gao, A. Gritsan, Z. Guo,           *
   *        C. Martin, K. Melnikov, R.Rontsch, H. Roskes, U. Sarica, M. Schulze,         *
   *                   N. Tran, A. Whitbeck, M. Xiao, C. You, Y. Zhou                    *
   *                Phys.Rev. D81 (2010) 075022;  arXiv:1001.3396 [hep-ph],              *
   *                Phys.Rev. D86 (2012) 095031;  arXiv:1208.4018 [hep-ph],              *
   *                Phys.Rev. D89 (2014) 035007;  arXiv:1309.4819 [hep-ph].              *
   *                                                                                     *
   ***************************************************************************************
                                                                                          
   
   Command line: ./JHUGen Unweighted=0 VegasNc0=99999999 VegasNc1=99999999 VegasNc2=99999999 LHAPDF=NNPDF30_lo_as_0130/NNPDF30_lo_as_0130.info MReso=224 Process=61 ghg2=0,0 ghg4=1,0
   
   Input Parameter:
    Collider: P-P, sqrt(s)=13000.00
    Resonance: spin=0, mass= 224.00 width=   0.00407
    Jet cuts:
            pT >=    15.00 GeV
        DeltaR >=     0.30
           mJJ >=     0.00 GeV
    Random seed:   183323614
    To reproduce results using this seed, JHUGen should be compiled with the same compiler:
      GNU Fortran (GCC) 4.9.3
    
    WidthScheme:   2
    LHAPDF set NNPDF30_lo_as_0130/NNPDF30_lo_as_0130.info, member=  0
    Unweighted: F
    
    spin-0-VV couplings: 
      generate_as=F
      ghg2=  0.00000000E+00  0.00000000E+00i
      ghg3=  0.00000000E+00  0.00000000E+00i
      ghg4=  0.10000000E+01  0.00000000E+00i
      ghz1=  0.20000000E+01  0.00000000E+00i
      ghz2=  0.00000000E+00  0.00000000E+00i
      ghz3=  0.00000000E+00  0.00000000E+00i
      ghz4=  0.00000000E+00  0.00000000E+00i
      Lambda=  1000.0
    
    LHE output: ./data/output.lhe
    Histogram output: ./data/output.dat
    Log file: ./data/output.log
    
  Running

  Input parameters for vegas:  ndim=  9   ncall= 80707214.
                              it=    0    itmx=   15
                              acc=-1.00    
                              mds=  1     nd=  50
                              (xl,xu)= (  0.00000     ,  1.00000     )
                                       (  0.00000     ,  1.00000     )
                                       (  0.00000     ,  1.00000     )
                                       (  0.00000     ,  1.00000     )
                                       (  0.00000     ,  1.00000     )
                                       (  0.00000     ,  1.00000     )
                                       (  0.00000     ,  1.00000     )
                                       (  0.00000     ,  1.00000     )
                                       (  0.00000     ,  1.00000     )

#********** Integration by Vegas (iteration       1) ************
#                                                               *
#  integral  =  5125.2389       accum. integral =  5125.2389    *
#  std. dev. =  254.85056       accum. std. dev =  254.85056    *
#   min/max. wt. =    0.00000             131.264               *
#                                                               *
#*************   chi**2/iteration =  0.000       ****************


#********** Integration by Vegas (iteration       2) ************
#                                                               *
#  integral  =  5324.2203       accum. integral =  5314.4710    *
#  std. dev. =  60.091864       accum. std. dev =  57.516629    *
#   min/max. wt. =    0.00000             38.4518               *
#                                                               *
#*************   chi**2/iteration = 0.5571       ****************


#********** Integration by Vegas (iteration       3) ************
#                                                               *
#  integral  =  5355.4040       accum. integral =  5343.2802    *
#  std. dev. =  38.238162       accum. std. dev =  31.563440    *
#   min/max. wt. =    0.00000             35.1783               *
#                                                               *
#*************   chi**2/iteration = 0.4493       ****************


#********** Integration by Vegas (iteration       4) ************
#                                                               *
#  integral  =  5371.0601       accum. integral =  5366.0329    *
#  std. dev. =  15.123033       accum. std. dev =  13.492373    *
#   min/max. wt. =    0.00000             3.92733               *
#                                                               *
#*************   chi**2/iteration = 0.5061       ****************


#********** Integration by Vegas (iteration       5) ************
#                                                               *
#  integral  =  5374.9149       accum. integral =  5373.1207    *
#  std. dev. =  6.8911162       accum. std. dev =  6.0826554    *
#   min/max. wt. =    0.00000             4.94334               *
#                                                               *
#*************   chi**2/iteration = 0.4632       ****************


#********** Integration by Vegas (iteration       6) ************
#                                                               *
#  integral  =  5377.5907       accum. integral =  5375.8370    *
#  std. dev. =  4.9487601       accum. std. dev =  3.8179507    *
#   min/max. wt. =    0.00000            0.565490               *
#                                                               *
#*************   chi**2/iteration = 0.4344       ****************


#********** Integration by Vegas (iteration       7) ************
#                                                               *
#  integral  =  5375.8273       accum. integral =  5375.8312    *
#  std. dev. =  3.1499268       accum. std. dev =  2.4187063    *
#   min/max. wt. =    0.00000            0.656478               *
#                                                               *
#*************   chi**2/iteration = 0.3609       ****************


#********** Integration by Vegas (iteration       8) ************
#                                                               *
#  integral  =  5379.1699       accum. integral =  5376.9466    *
#  std. dev. =  3.4464435       accum. std. dev =  1.9760551    *
#   min/max. wt. =    0.00000             1.82954               *
#                                                               *
#*************   chi**2/iteration = 0.3994       ****************


#********** Integration by Vegas (iteration       9) ************
#                                                               *
#  integral  =  5376.5108       accum. integral =  5376.8266    *
#  std. dev. =  3.2300052       accum. std. dev =  1.6835680    *
#   min/max. wt. =    0.00000            0.301777               *
#                                                               *
#*************   chi**2/iteration = 0.3505       ****************


#********** Integration by Vegas (iteration      10) ************
#                                                               *
#  integral  =  5379.8824       accum. integral =  5377.6570    *
#  std. dev. =  2.7764288       accum. std. dev =  1.4377902    *
#   min/max. wt. =    0.00000            0.235590               *
#                                                               *
#*************   chi**2/iteration = 0.4105       ****************


#********** Integration by Vegas (iteration      11) ************
#                                                               *
#  integral  =  5376.5300       accum. integral =  5377.4077    *
#  std. dev. =  2.7144585       accum. std. dev =  1.2695848    *
#   min/max. wt. =    0.00000            0.238109               *
#                                                               *
#*************   chi**2/iteration = 0.3826       ****************


#********** Integration by Vegas (iteration      12) ************
#                                                               *
#  integral  =  5378.9268       accum. integral =  5377.6783    *
#  std. dev. =  2.7432546       accum. std. dev =  1.1515442    *
#   min/max. wt. =    0.00000            0.406648               *
#                                                               *
#*************   chi**2/iteration = 0.3706       ****************


#********** Integration by Vegas (iteration      13) ************
#                                                               *
#  integral  =  5374.6151       accum. integral =  5377.2356    *
#  std. dev. =  2.8145295       accum. std. dev =  1.0654633    *
#   min/max. wt. =    0.00000            0.855172               *
#                                                               *
#*************   chi**2/iteration = 0.4246       ****************


#********** Integration by Vegas (iteration      14) ************
#                                                               *
#  integral  =  5380.6746       accum. integral =  5377.6831    *
#  std. dev. =  2.7694932       accum. std. dev = 0.99410529    *
#   min/max. wt. =    0.00000            0.263141               *
#                                                               *
#*************   chi**2/iteration = 0.4959       ****************


#********** Integration by Vegas (iteration      15) ************
#                                                               *
#  integral  =  5380.6512       accum. integral =  5378.0378    *
#  std. dev. =  2.7117353       accum. std. dev = 0.93312293    *
#   min/max. wt. =    0.00000            0.227193               *
#                                                               *
#*************   chi**2/iteration = 0.5362       ****************


  Input parameters for vegas:  ndim=  9   ncall= 80707214.
                              it=    0    itmx=    2
                              acc=-1.00    
                              mds=  1     nd=  50
                              (xl,xu)= (  0.00000     ,  1.00000     )
                                       (  0.00000     ,  1.00000     )
                                       (  0.00000     ,  1.00000     )
                                       (  0.00000     ,  1.00000     )
                                       (  0.00000     ,  1.00000     )
                                       (  0.00000     ,  1.00000     )
                                       (  0.00000     ,  1.00000     )
                                       (  0.00000     ,  1.00000     )
                                       (  0.00000     ,  1.00000     )

#********** Integration by Vegas (iteration       1) ************
#                                                               *
#  integral  =  5381.9035       accum. integral =  5381.9035    *
#  std. dev. =  2.6989196       accum. std. dev =  2.6989196    *
#   min/max. wt. =    0.00000            0.192652               *
#                                                               *
#*************   chi**2/iteration =  0.000       ****************


#********** Integration by Vegas (iteration       2) ************
#                                                               *
#  integral  =  5379.1945       accum. integral =  5380.6384    *
#  std. dev. =  2.8819243       accum. std. dev =  1.9699133    *
#   min/max. wt. =    0.00000            0.940146               *
#                                                               *
#*************   chi**2/iteration = 0.4703       ****************

 Done
