SLURM job running in:  /scratch/groups/lhc/park/JHUGen/JHUGenerator
LHAPDF 6.1.5 loading /work-zfs/lhc/cms/slc6_amd64_gcc493/external/lhapdf/6.1.5-kpegke3/share/LHAPDF/NNPDF30_lo_as_0130/NNPDF30_lo_as_0130_0000.dat
NNPDF30_lo_as_0130 PDF set, member #0, version 2; LHAPDF ID = 263000
 
                                                                                          
   ***************************************************************************************
   *                                JHU Generator v6.9.3                                 *
   ***************************************************************************************
   *                                                                                     *
   *   Spin and parity determination of single-produced resonances at hadron colliders   *
   *                                                                                     *
   *          I. Anderson, S. Bolognesi, F. Caola, Y. Gao, A. Gritsan, Z. Guo,           *
   *        C. Martin, K. Melnikov, R.Rontsch, H. Roskes, U. Sarica, M. Schulze,         *
   *                   N. Tran, A. Whitbeck, M. Xiao, C. You, Y. Zhou                    *
   *                Phys.Rev. D81 (2010) 075022;  arXiv:1001.3396 [hep-ph],              *
   *                Phys.Rev. D86 (2012) 095031;  arXiv:1208.4018 [hep-ph],              *
   *                Phys.Rev. D89 (2014) 035007;  arXiv:1309.4819 [hep-ph].              *
   *                                                                                     *
   ***************************************************************************************
                                                                                          
   
   Command line: ./JHUGen Unweighted=0 VegasNc0=99999999 VegasNc1=99999999 VegasNc2=99999999 LHAPDF=NNPDF30_lo_as_0130/NNPDF30_lo_as_0130.info MReso=230 Process=61 ghg2=0,0 ghg4=1,0
   
   Input Parameter:
    Collider: P-P, sqrt(s)=13000.00
    Resonance: spin=0, mass= 230.00 width=   0.00407
    Jet cuts:
            pT >=    15.00 GeV
        DeltaR >=     0.30
           mJJ >=     0.00 GeV
    Random seed:   634055965
    To reproduce results using this seed, JHUGen should be compiled with the same compiler:
      GNU Fortran (GCC) 4.9.3
    
    WidthScheme:   2
    LHAPDF set NNPDF30_lo_as_0130/NNPDF30_lo_as_0130.info, member=  0
    Unweighted: F
    
    spin-0-VV couplings: 
      generate_as=F
      ghg2=  0.00000000E+00  0.00000000E+00i
      ghg3=  0.00000000E+00  0.00000000E+00i
      ghg4=  0.10000000E+01  0.00000000E+00i
      ghz1=  0.20000000E+01  0.00000000E+00i
      ghz2=  0.00000000E+00  0.00000000E+00i
      ghz3=  0.00000000E+00  0.00000000E+00i
      ghz4=  0.00000000E+00  0.00000000E+00i
      Lambda=  1000.0
    
    LHE output: ./data/output.lhe
    Histogram output: ./data/output.dat
    Log file: ./data/output.log
    
  Running

  Input parameters for vegas:  ndim=  9   ncall= 80707214.
                              it=    0    itmx=   15
                              acc=-1.00    
                              mds=  1     nd=  50
                              (xl,xu)= (  0.00000     ,  1.00000     )
                                       (  0.00000     ,  1.00000     )
                                       (  0.00000     ,  1.00000     )
                                       (  0.00000     ,  1.00000     )
                                       (  0.00000     ,  1.00000     )
                                       (  0.00000     ,  1.00000     )
                                       (  0.00000     ,  1.00000     )
                                       (  0.00000     ,  1.00000     )
                                       (  0.00000     ,  1.00000     )

#********** Integration by Vegas (iteration       1) ************
#                                                               *
#  integral  =  5977.2413       accum. integral =  5977.2413    *
#  std. dev. =  783.28454       accum. std. dev =  783.28454    *
#   min/max. wt. =    0.00000             542.310               *
#                                                               *
#*************   chi**2/iteration =  0.000       ****************


#********** Integration by Vegas (iteration       2) ************
#                                                               *
#  integral  =  5073.8462       accum. integral =  5079.5014    *
#  std. dev. =  52.772079       accum. std. dev =  57.481039    *
#   min/max. wt. =    0.00000             27.9057               *
#                                                               *
#*************   chi**2/iteration =  1.535       ****************


#********** Integration by Vegas (iteration       3) ************
#                                                               *
#  integral  =  5099.4849       accum. integral =  5097.7969    *
#  std. dev. =  16.060115       accum. std. dev =  16.272051    *
#   min/max. wt. =    0.00000             10.4746               *
#                                                               *
#*************   chi**2/iteration = 0.8677       ****************


#********** Integration by Vegas (iteration       4) ************
#                                                               *
#  integral  =  5127.1138       accum. integral =  5120.6717    *
#  std. dev. =  8.1990777       accum. std. dev =  7.5332641    *
#   min/max. wt. =    0.00000             2.59004               *
#                                                               *
#*************   chi**2/iteration =  1.458       ****************


#********** Integration by Vegas (iteration       5) ************
#                                                               *
#  integral  =  5116.6451       accum. integral =  5117.6545    *
#  std. dev. =  4.1803920       accum. std. dev =  3.7416076    *
#   min/max. wt. =    0.00000            0.965417               *
#                                                               *
#*************   chi**2/iteration =  1.166       ****************


#********** Integration by Vegas (iteration       6) ************
#                                                               *
#  integral  =  5118.5499       accum. integral =  5118.1603    *
#  std. dev. =  3.1773757       accum. std. dev =  2.4550075    *
#   min/max. wt. =    0.00000            0.783321               *
#                                                               *
#*************   chi**2/iteration = 0.9494       ****************


#********** Integration by Vegas (iteration       7) ************
#                                                               *
#  integral  =  5119.0507       accum. integral =  5118.4889    *
#  std. dev. =  3.1229770       accum. std. dev =  1.9426431    *
#   min/max. wt. =    0.00000             1.20234               *
#                                                               *
#*************   chi**2/iteration = 0.8055       ****************


#********** Integration by Vegas (iteration       8) ************
#                                                               *
#  integral  =  5121.4753       accum. integral =  5119.3743    *
#  std. dev. =  2.9235819       accum. std. dev =  1.6247577    *
#   min/max. wt. =    0.00000            0.599210               *
#                                                               *
#*************   chi**2/iteration = 0.7950       ****************


#********** Integration by Vegas (iteration       9) ************
#                                                               *
#  integral  =  5121.2869       accum. integral =  5119.7995    *
#  std. dev. =  2.9773614       accum. std. dev =  1.4296264    *
#   min/max. wt. =    0.00000             1.36969               *
#                                                               *
#*************   chi**2/iteration = 0.7374       ****************


#********** Integration by Vegas (iteration      10) ************
#                                                               *
#  integral  =  5121.6350       accum. integral =  5120.1036    *
#  std. dev. =  3.1504111       accum. std. dev =  1.3035045    *
#   min/max. wt. =    0.00000             1.26158               *
#                                                               *
#*************   chi**2/iteration = 0.6883       ****************


#********** Integration by Vegas (iteration      11) ************
#                                                               *
#  integral  =  5120.0577       accum. integral =  5120.0960    *
#  std. dev. =  2.8653096       accum. std. dev =  1.1880713    *
#   min/max. wt. =    0.00000            0.158356               *
#                                                               *
#*************   chi**2/iteration = 0.6214       ****************


#********** Integration by Vegas (iteration      12) ************
#                                                               *
#  integral  =  5121.1284       accum. integral =  5120.2525    *
#  std. dev. =  2.7689011       accum. std. dev =  1.0929761    *
#   min/max. wt. =    0.00000            0.801320               *
#                                                               *
#*************   chi**2/iteration = 0.5767       ****************


#********** Integration by Vegas (iteration      13) ************
#                                                               *
#  integral  =  5121.8788       accum. integral =  5120.4824    *
#  std. dev. =  2.6574207       accum. std. dev =  1.0117406    *
#   min/max. wt. =    0.00000            0.138373               *
#                                                               *
#*************   chi**2/iteration = 0.5559       ****************


#********** Integration by Vegas (iteration      14) ************
#                                                               *
#  integral  =  5114.2650       accum. integral =  5119.6779    *
#  std. dev. =  2.5878609       accum. std. dev = 0.94308799    *
#   min/max. wt. =    0.00000            0.220905               *
#                                                               *
#*************   chi**2/iteration = 0.8907       ****************


#********** Integration by Vegas (iteration      15) ************
#                                                               *
#  integral  =  5120.1912       accum. integral =  5119.7331    *
#  std. dev. =  2.6846313       accum. std. dev = 0.89023535    *
#   min/max. wt. =    0.00000            0.610921               *
#                                                               *
#*************   chi**2/iteration = 0.8307       ****************


  Input parameters for vegas:  ndim=  9   ncall= 80707214.
                              it=    0    itmx=    2
                              acc=-1.00    
                              mds=  1     nd=  50
                              (xl,xu)= (  0.00000     ,  1.00000     )
                                       (  0.00000     ,  1.00000     )
                                       (  0.00000     ,  1.00000     )
                                       (  0.00000     ,  1.00000     )
                                       (  0.00000     ,  1.00000     )
                                       (  0.00000     ,  1.00000     )
                                       (  0.00000     ,  1.00000     )
                                       (  0.00000     ,  1.00000     )
                                       (  0.00000     ,  1.00000     )

#********** Integration by Vegas (iteration       1) ************
#                                                               *
#  integral  =  5121.3682       accum. integral =  5121.3682    *
#  std. dev. =  2.6732898       accum. std. dev =  2.6732898    *
#   min/max. wt. =    0.00000            0.354429               *
#                                                               *
#*************   chi**2/iteration =  0.000       ****************


#********** Integration by Vegas (iteration       2) ************
#                                                               *
#  integral  =  5121.1817       accum. integral =  5121.2739    *
#  std. dev. =  2.6433627       accum. std. dev =  1.8796316    *
#   min/max. wt. =    0.00000            0.330246               *
#                                                               *
#*************   chi**2/iteration = 0.2459E-02   ****************

 Done
