SLURM job running in:  /scratch/groups/lhc/park/JHUGen/JHUGenerator
LHAPDF 6.1.5 loading /work-zfs/lhc/cms/slc6_amd64_gcc493/external/lhapdf/6.1.5-kpegke3/share/LHAPDF/NNPDF30_lo_as_0130/NNPDF30_lo_as_0130_0000.dat
NNPDF30_lo_as_0130 PDF set, member #0, version 2; LHAPDF ID = 263000
 
                                                                                          
   ***************************************************************************************
   *                                JHU Generator v6.9.3                                 *
   ***************************************************************************************
   *                                                                                     *
   *   Spin and parity determination of single-produced resonances at hadron colliders   *
   *                                                                                     *
   *          I. Anderson, S. Bolognesi, F. Caola, Y. Gao, A. Gritsan, Z. Guo,           *
   *        C. Martin, K. Melnikov, R.Rontsch, H. Roskes, U. Sarica, M. Schulze,         *
   *                   N. Tran, A. Whitbeck, M. Xiao, C. You, Y. Zhou                    *
   *                Phys.Rev. D81 (2010) 075022;  arXiv:1001.3396 [hep-ph],              *
   *                Phys.Rev. D86 (2012) 095031;  arXiv:1208.4018 [hep-ph],              *
   *                Phys.Rev. D89 (2014) 035007;  arXiv:1309.4819 [hep-ph].              *
   *                                                                                     *
   ***************************************************************************************
                                                                                          
   
   Command line: ./JHUGen Unweighted=0 VegasNc0=99999999 VegasNc1=99999999 VegasNc2=99999999 LHAPDF=NNPDF30_lo_as_0130/NNPDF30_lo_as_0130.info MReso=238 Process=61 ghg2=0,0 ghg4=1,0
   
   Input Parameter:
    Collider: P-P, sqrt(s)=13000.00
    Resonance: spin=0, mass= 238.00 width=   0.00407
    Jet cuts:
            pT >=    15.00 GeV
        DeltaR >=     0.30
           mJJ >=     0.00 GeV
    Random seed:   604794949
    To reproduce results using this seed, JHUGen should be compiled with the same compiler:
      GNU Fortran (GCC) 4.9.3
    
    WidthScheme:   2
    LHAPDF set NNPDF30_lo_as_0130/NNPDF30_lo_as_0130.info, member=  0
    Unweighted: F
    
    spin-0-VV couplings: 
      generate_as=F
      ghg2=  0.00000000E+00  0.00000000E+00i
      ghg3=  0.00000000E+00  0.00000000E+00i
      ghg4=  0.10000000E+01  0.00000000E+00i
      ghz1=  0.20000000E+01  0.00000000E+00i
      ghz2=  0.00000000E+00  0.00000000E+00i
      ghz3=  0.00000000E+00  0.00000000E+00i
      ghz4=  0.00000000E+00  0.00000000E+00i
      Lambda=  1000.0
    
    LHE output: ./data/output.lhe
    Histogram output: ./data/output.dat
    Log file: ./data/output.log
    
  Running

  Input parameters for vegas:  ndim=  9   ncall= 80707214.
                              it=    0    itmx=   15
                              acc=-1.00    
                              mds=  1     nd=  50
                              (xl,xu)= (  0.00000     ,  1.00000     )
                                       (  0.00000     ,  1.00000     )
                                       (  0.00000     ,  1.00000     )
                                       (  0.00000     ,  1.00000     )
                                       (  0.00000     ,  1.00000     )
                                       (  0.00000     ,  1.00000     )
                                       (  0.00000     ,  1.00000     )
                                       (  0.00000     ,  1.00000     )
                                       (  0.00000     ,  1.00000     )

#********** Integration by Vegas (iteration       1) ************
#                                                               *
#  integral  =  4433.7213       accum. integral =  4433.7213    *
#  std. dev. =  225.94128       accum. std. dev =  225.94128    *
#   min/max. wt. =    0.00000             130.459               *
#                                                               *
#*************   chi**2/iteration =  0.000       ****************


#********** Integration by Vegas (iteration       2) ************
#                                                               *
#  integral  =  4752.4825       accum. integral =  4740.6513    *
#  std. dev. =  47.549062       accum. std. dev =  45.120695    *
#   min/max. wt. =    0.00000             23.2124               *
#                                                               *
#*************   chi**2/iteration =  1.782       ****************


#********** Integration by Vegas (iteration       3) ************
#                                                               *
#  integral  =  4801.8066       accum. integral =  4777.8403    *
#  std. dev. =  37.844914       accum. std. dev =  28.674307    *
#   min/max. wt. =    0.00000             32.1208               *
#                                                               *
#*************   chi**2/iteration =  1.407       ****************


#********** Integration by Vegas (iteration       4) ************
#                                                               *
#  integral  =  4782.1058       accum. integral =  4781.4362    *
#  std. dev. =  12.682197       accum. std. dev =  11.432140    *
#   min/max. wt. =    0.00000             2.09774               *
#                                                               *
#*************   chi**2/iteration = 0.9324       ****************


#********** Integration by Vegas (iteration       5) ************
#                                                               *
#  integral  =  4799.8378       accum. integral =  4797.1620    *
#  std. dev. =  4.8211046       accum. std. dev =  4.3790698    *
#   min/max. wt. =    0.00000             2.67674               *
#                                                               *
#*************   chi**2/iteration =  1.242       ****************


#********** Integration by Vegas (iteration       6) ************
#                                                               *
#  integral  =  4804.1787       accum. integral =  4800.6884    *
#  std. dev. =  4.4379922       accum. std. dev =  3.0981942    *
#   min/max. wt. =    0.00000             2.51700               *
#                                                               *
#*************   chi**2/iteration =  1.243       ****************


#********** Integration by Vegas (iteration       7) ************
#                                                               *
#  integral  =  4797.8858       accum. integral =  4799.3676    *
#  std. dev. =  3.3279385       accum. std. dev =  2.2573469    *
#   min/max. wt. =    0.00000            0.406201               *
#                                                               *
#*************   chi**2/iteration =  1.096       ****************


#********** Integration by Vegas (iteration       8) ************
#                                                               *
#  integral  =  4800.6344       accum. integral =  4799.9060    *
#  std. dev. =  2.6587015       accum. std. dev =  1.7143786    *
#   min/max. wt. =    0.00000            0.332007               *
#                                                               *
#*************   chi**2/iteration = 0.9556       ****************


#********** Integration by Vegas (iteration       9) ************
#                                                               *
#  integral  =  4802.4651       accum. integral =  4800.7217    *
#  std. dev. =  2.5349451       accum. std. dev =  1.4168086    *
#   min/max. wt. =    0.00000            0.329420               *
#                                                               *
#*************   chi**2/iteration = 0.9226       ****************


#********** Integration by Vegas (iteration      10) ************
#                                                               *
#  integral  =  4801.4785       accum. integral =  4800.8957    *
#  std. dev. =  2.6192550       accum. std. dev =  1.2446085    *
#   min/max. wt. =    0.00000            0.958744               *
#                                                               *
#*************   chi**2/iteration = 0.8257       ****************


#********** Integration by Vegas (iteration      11) ************
#                                                               *
#  integral  =  4801.0017       accum. integral =  4800.9149    *
#  std. dev. =  2.6649389       accum. std. dev =  1.1268051    *
#   min/max. wt. =    0.00000            0.550657               *
#                                                               *
#*************   chi**2/iteration = 0.7421       ****************


#********** Integration by Vegas (iteration      12) ************
#                                                               *
#  integral  =  4802.6177       accum. integral =  4801.1659    *
#  std. dev. =  2.7331547       accum. std. dev =  1.0412044    *
#   min/max. wt. =    0.00000             1.05347               *
#                                                               *
#*************   chi**2/iteration = 0.7042       ****************


#********** Integration by Vegas (iteration      13) ************
#                                                               *
#  integral  =  4804.7309       accum. integral =  4801.6405    *
#  std. dev. =  2.6784591       accum. std. dev = 0.97002996    *
#   min/max. wt. =    0.00000            0.466599               *
#                                                               *
#*************   chi**2/iteration = 0.7746       ****************


#********** Integration by Vegas (iteration      14) ************
#                                                               *
#  integral  =  4802.3276       accum. integral =  4801.7296    *
#  std. dev. =  2.5295187       accum. std. dev = 0.90535680    *
#   min/max. wt. =    0.00000            0.483400               *
#                                                               *
#*************   chi**2/iteration = 0.7193       ****************


#********** Integration by Vegas (iteration      15) ************
#                                                               *
#  integral  =  4802.1586       accum. integral =  4801.7816    *
#  std. dev. =  2.4537725       accum. std. dev = 0.84909418    *
#   min/max. wt. =    0.00000            0.218241               *
#                                                               *
#*************   chi**2/iteration = 0.6693       ****************


  Input parameters for vegas:  ndim=  9   ncall= 80707214.
                              it=    0    itmx=    2
                              acc=-1.00    
                              mds=  1     nd=  50
                              (xl,xu)= (  0.00000     ,  1.00000     )
                                       (  0.00000     ,  1.00000     )
                                       (  0.00000     ,  1.00000     )
                                       (  0.00000     ,  1.00000     )
                                       (  0.00000     ,  1.00000     )
                                       (  0.00000     ,  1.00000     )
                                       (  0.00000     ,  1.00000     )
                                       (  0.00000     ,  1.00000     )
                                       (  0.00000     ,  1.00000     )

#********** Integration by Vegas (iteration       1) ************
#                                                               *
#  integral  =  4801.0101       accum. integral =  4801.0101    *
#  std. dev. =  2.4230288       accum. std. dev =  2.4230288    *
#   min/max. wt. =    0.00000            0.148401               *
#                                                               *
#*************   chi**2/iteration =  0.000       ****************


#********** Integration by Vegas (iteration       2) ************
#                                                               *
#  integral  =  4799.7376       accum. integral =  4800.3854    *
#  std. dev. =  2.4666797       accum. std. dev =  1.7285623    *
#   min/max. wt. =    0.00000            0.371100               *
#                                                               *
#*************   chi**2/iteration = 0.1353       ****************

 Done
