SLURM job running in:  /scratch/groups/lhc/park/JHUGen/JHUGenerator
LHAPDF 6.1.5 loading /work-zfs/lhc/cms/slc6_amd64_gcc493/external/lhapdf/6.1.5-kpegke3/share/LHAPDF/NNPDF30_lo_as_0130/NNPDF30_lo_as_0130_0000.dat
NNPDF30_lo_as_0130 PDF set, member #0, version 2; LHAPDF ID = 263000
 
                                                                                          
   ***************************************************************************************
   *                                JHU Generator v6.9.3                                 *
   ***************************************************************************************
   *                                                                                     *
   *   Spin and parity determination of single-produced resonances at hadron colliders   *
   *                                                                                     *
   *          I. Anderson, S. Bolognesi, F. Caola, Y. Gao, A. Gritsan, Z. Guo,           *
   *        C. Martin, K. Melnikov, R.Rontsch, H. Roskes, U. Sarica, M. Schulze,         *
   *                   N. Tran, A. Whitbeck, M. Xiao, C. You, Y. Zhou                    *
   *                Phys.Rev. D81 (2010) 075022;  arXiv:1001.3396 [hep-ph],              *
   *                Phys.Rev. D86 (2012) 095031;  arXiv:1208.4018 [hep-ph],              *
   *                Phys.Rev. D89 (2014) 035007;  arXiv:1309.4819 [hep-ph].              *
   *                                                                                     *
   ***************************************************************************************
                                                                                          
   
   Command line: ./JHUGen Unweighted=0 VegasNc0=99999999 VegasNc1=99999999 VegasNc2=99999999 LHAPDF=NNPDF30_lo_as_0130/NNPDF30_lo_as_0130.info MReso=242 Process=61 ghg2=0,0 ghg4=1,0
   
   Input Parameter:
    Collider: P-P, sqrt(s)=13000.00
    Resonance: spin=0, mass= 242.00 width=   0.00407
    Jet cuts:
            pT >=    15.00 GeV
        DeltaR >=     0.30
           mJJ >=     0.00 GeV
    Random seed:   693098489
    To reproduce results using this seed, JHUGen should be compiled with the same compiler:
      GNU Fortran (GCC) 4.9.3
    
    WidthScheme:   2
    LHAPDF set NNPDF30_lo_as_0130/NNPDF30_lo_as_0130.info, member=  0
    Unweighted: F
    
    spin-0-VV couplings: 
      generate_as=F
      ghg2=  0.00000000E+00  0.00000000E+00i
      ghg3=  0.00000000E+00  0.00000000E+00i
      ghg4=  0.10000000E+01  0.00000000E+00i
      ghz1=  0.20000000E+01  0.00000000E+00i
      ghz2=  0.00000000E+00  0.00000000E+00i
      ghz3=  0.00000000E+00  0.00000000E+00i
      ghz4=  0.00000000E+00  0.00000000E+00i
      Lambda=  1000.0
    
    LHE output: ./data/output.lhe
    Histogram output: ./data/output.dat
    Log file: ./data/output.log
    
  Running

  Input parameters for vegas:  ndim=  9   ncall= 80707214.
                              it=    0    itmx=   15
                              acc=-1.00    
                              mds=  1     nd=  50
                              (xl,xu)= (  0.00000     ,  1.00000     )
                                       (  0.00000     ,  1.00000     )
                                       (  0.00000     ,  1.00000     )
                                       (  0.00000     ,  1.00000     )
                                       (  0.00000     ,  1.00000     )
                                       (  0.00000     ,  1.00000     )
                                       (  0.00000     ,  1.00000     )
                                       (  0.00000     ,  1.00000     )
                                       (  0.00000     ,  1.00000     )

#********** Integration by Vegas (iteration       1) ************
#                                                               *
#  integral  =  3990.9853       accum. integral =  3990.9853    *
#  std. dev. =  149.91618       accum. std. dev =  149.91618    *
#   min/max. wt. =    0.00000             55.6606               *
#                                                               *
#*************   chi**2/iteration = -.1658E-09   ****************


#********** Integration by Vegas (iteration       2) ************
#                                                               *
#  integral  =  4565.8048       accum. integral =  4519.5040    *
#  std. dev. =  50.763318       accum. std. dev =  45.714680    *
#   min/max. wt. =    0.00000             41.1321               *
#                                                               *
#*************   chi**2/iteration =  11.70       ****************


#********** Integration by Vegas (iteration       3) ************
#                                                               *
#  integral  =  4749.9317       accum. integral =  4580.7529    *
#  std. dev. =  84.160487       accum. std. dev =  40.625865    *
#   min/max. wt. =    0.00000             78.2523               *
#                                                               *
#*************   chi**2/iteration =  8.578       ****************


#********** Integration by Vegas (iteration       4) ************
#                                                               *
#  integral  =  4655.8685       accum. integral =  4642.2766    *
#  std. dev. =  19.990460       accum. std. dev =  17.487465    *
#   min/max. wt. =    0.00000             2.99615               *
#                                                               *
#*************   chi**2/iteration =  6.497       ****************


#********** Integration by Vegas (iteration       5) ************
#                                                               *
#  integral  =  4647.3249       accum. integral =  4647.0484    *
#  std. dev. =  4.3467249       accum. std. dev =  4.1194694    *
#   min/max. wt. =    0.00000            0.806221               *
#                                                               *
#*************   chi**2/iteration =  4.828       ****************


#********** Integration by Vegas (iteration       6) ************
#                                                               *
#  integral  =  4648.9959       accum. integral =  4648.2642    *
#  std. dev. =  3.2797319       accum. std. dev =  2.5362593    *
#   min/max. wt. =    0.00000            0.852427               *
#                                                               *
#*************   chi**2/iteration =  3.857       ****************


#********** Integration by Vegas (iteration       7) ************
#                                                               *
#  integral  =  4653.0808       accum. integral =  4650.4559    *
#  std. dev. =  2.8383867       accum. std. dev =  1.8784247    *
#   min/max. wt. =    0.00000            0.510386               *
#                                                               *
#*************   chi**2/iteration =  3.465       ****************


#********** Integration by Vegas (iteration       8) ************
#                                                               *
#  integral  =  4651.8680       accum. integral =  4650.9568    *
#  std. dev. =  2.5818169       accum. std. dev =  1.5125629    *
#   min/max. wt. =    0.00000            0.523350               *
#                                                               *
#*************   chi**2/iteration =  2.984       ****************


#********** Integration by Vegas (iteration       9) ************
#                                                               *
#  integral  =  4651.8238       accum. integral =  4651.2044    *
#  std. dev. =  2.4317839       accum. std. dev =  1.2808058    *
#   min/max. wt. =    0.00000            0.267988               *
#                                                               *
#*************   chi**2/iteration =  2.613       ****************


#********** Integration by Vegas (iteration      10) ************
#                                                               *
#  integral  =  4652.3415       accum. integral =  4651.4664    *
#  std. dev. =  2.3752029       accum. std. dev =  1.1252509    *
#   min/max. wt. =    0.00000            0.142560               *
#                                                               *
#*************   chi**2/iteration =  2.336       ****************


#********** Integration by Vegas (iteration      11) ************
#                                                               *
#  integral  =  4657.4323       accum. integral =  4652.5684    *
#  std. dev. =  2.3981453       accum. std. dev =  1.0173682    *
#   min/max. wt. =    0.00000            0.291373               *
#                                                               *
#*************   chi**2/iteration =  2.615       ****************


#********** Integration by Vegas (iteration      12) ************
#                                                               *
#  integral  =  4652.9671       accum. integral =  4652.6241    *
#  std. dev. =  2.5545450       accum. std. dev = 0.94455486    *
#   min/max. wt. =    0.00000            0.965501               *
#                                                               *
#*************   chi**2/iteration =  2.374       ****************


#********** Integration by Vegas (iteration      13) ************
#                                                               *
#  integral  =  4658.9329       accum. integral =  4653.3001    *
#  std. dev. =  2.7602173       accum. std. dev = 0.89336735    *
#   min/max. wt. =    0.00000             1.12200               *
#                                                               *
#*************   chi**2/iteration =  2.570       ****************


#********** Integration by Vegas (iteration      14) ************
#                                                               *
#  integral  =  4657.2926       accum. integral =  4653.7037    *
#  std. dev. =  2.6936320       accum. std. dev = 0.84768755    *
#   min/max. wt. =    0.00000            0.563963               *
#                                                               *
#*************   chi**2/iteration =  2.523       ****************


#********** Integration by Vegas (iteration      15) ************
#                                                               *
#  integral  =  4651.5020       accum. integral =  4653.4725    *
#  std. dev. =  2.4969573       accum. std. dev = 0.80242720    *
#   min/max. wt. =    0.00000            0.367239               *
#                                                               *
#*************   chi**2/iteration =  2.391       ****************


  Input parameters for vegas:  ndim=  9   ncall= 80707214.
                              it=    0    itmx=    2
                              acc=-1.00    
                              mds=  1     nd=  50
                              (xl,xu)= (  0.00000     ,  1.00000     )
                                       (  0.00000     ,  1.00000     )
                                       (  0.00000     ,  1.00000     )
                                       (  0.00000     ,  1.00000     )
                                       (  0.00000     ,  1.00000     )
                                       (  0.00000     ,  1.00000     )
                                       (  0.00000     ,  1.00000     )
                                       (  0.00000     ,  1.00000     )
                                       (  0.00000     ,  1.00000     )

#********** Integration by Vegas (iteration       1) ************
#                                                               *
#  integral  =  4654.6474       accum. integral =  4654.6474    *
#  std. dev. =  2.4049166       accum. std. dev =  2.4049166    *
#   min/max. wt. =    0.00000            0.208416               *
#                                                               *
#*************   chi**2/iteration =  0.000       ****************


#********** Integration by Vegas (iteration       2) ************
#                                                               *
#  integral  =  4650.4132       accum. integral =  4652.5098    *
#  std. dev. =  2.3795484       accum. std. dev =  1.6915007    *
#   min/max. wt. =    0.00000            0.199885               *
#                                                               *
#*************   chi**2/iteration =  1.565       ****************

 Done
