SLURM job running in:  /scratch/groups/lhc/park/JHUGen/JHUGenerator
LHAPDF 6.1.5 loading /work-zfs/lhc/cms/slc6_amd64_gcc493/external/lhapdf/6.1.5-kpegke3/share/LHAPDF/NNPDF30_lo_as_0130/NNPDF30_lo_as_0130_0000.dat
NNPDF30_lo_as_0130 PDF set, member #0, version 2; LHAPDF ID = 263000
 
                                                                                          
   ***************************************************************************************
   *                                JHU Generator v6.9.3                                 *
   ***************************************************************************************
   *                                                                                     *
   *   Spin and parity determination of single-produced resonances at hadron colliders   *
   *                                                                                     *
   *          I. Anderson, S. Bolognesi, F. Caola, Y. Gao, A. Gritsan, Z. Guo,           *
   *        C. Martin, K. Melnikov, R.Rontsch, H. Roskes, U. Sarica, M. Schulze,         *
   *                   N. Tran, A. Whitbeck, M. Xiao, C. You, Y. Zhou                    *
   *                Phys.Rev. D81 (2010) 075022;  arXiv:1001.3396 [hep-ph],              *
   *                Phys.Rev. D86 (2012) 095031;  arXiv:1208.4018 [hep-ph],              *
   *                Phys.Rev. D89 (2014) 035007;  arXiv:1309.4819 [hep-ph].              *
   *                                                                                     *
   ***************************************************************************************
                                                                                          
   
   Command line: ./JHUGen Unweighted=0 VegasNc0=99999999 VegasNc1=99999999 VegasNc2=99999999 LHAPDF=NNPDF30_lo_as_0130/NNPDF30_lo_as_0130.info MReso=2500 Process=61 ghg2=0,0 ghg4=1,0
   
   Input Parameter:
    Collider: P-P, sqrt(s)=13000.00
    Resonance: spin=0, mass=2500.00 width=   0.00407
    Jet cuts:
            pT >=    15.00 GeV
        DeltaR >=     0.30
           mJJ >=     0.00 GeV
    Random seed:   357769037
    To reproduce results using this seed, JHUGen should be compiled with the same compiler:
      GNU Fortran (GCC) 4.9.3
    
    WidthScheme:   2
    LHAPDF set NNPDF30_lo_as_0130/NNPDF30_lo_as_0130.info, member=  0
    Unweighted: F
    
    spin-0-VV couplings: 
      generate_as=F
      ghg2=  0.00000000E+00  0.00000000E+00i
      ghg3=  0.00000000E+00  0.00000000E+00i
      ghg4=  0.10000000E+01  0.00000000E+00i
      ghz1=  0.20000000E+01  0.00000000E+00i
      ghz2=  0.00000000E+00  0.00000000E+00i
      ghz3=  0.00000000E+00  0.00000000E+00i
      ghz4=  0.00000000E+00  0.00000000E+00i
      Lambda=  1000.0
    
    LHE output: ./data/output.lhe
    Histogram output: ./data/output.dat
    Log file: ./data/output.log
    
  Running

  Input parameters for vegas:  ndim=  9   ncall= 80707214.
                              it=    0    itmx=   15
                              acc=-1.00    
                              mds=  1     nd=  50
                              (xl,xu)= (  0.00000     ,  1.00000     )
                                       (  0.00000     ,  1.00000     )
                                       (  0.00000     ,  1.00000     )
                                       (  0.00000     ,  1.00000     )
                                       (  0.00000     ,  1.00000     )
                                       (  0.00000     ,  1.00000     )
                                       (  0.00000     ,  1.00000     )
                                       (  0.00000     ,  1.00000     )
                                       (  0.00000     ,  1.00000     )

#********** Integration by Vegas (iteration       1) ************
#                                                               *
#  integral  =  1.9950968       accum. integral =  1.9950968    *
#  std. dev. = 0.24792791       accum. std. dev = 0.24792791    *
#   min/max. wt. =    0.00000            0.197666               *
#                                                               *
#*************   chi**2/iteration = -.7225E-11   ****************


#********** Integration by Vegas (iteration       2) ************
#                                                               *
#  integral  =  2.2805658       accum. integral =  2.2503558    *
#  std. dev. = 0.97496546E-01   accum. std. dev = 0.86615754E-01*
#   min/max. wt. =    0.00000            0.792007E-01           *
#                                                               *
#*************   chi**2/iteration =  1.027       ****************


#********** Integration by Vegas (iteration       3) ************
#                                                               *
#  integral  =  2.3462885       accum. integral =  2.3354645    *
#  std. dev. = 0.33825591E-01   accum. std. dev = 0.30044546E-01*
#   min/max. wt. =    0.00000            0.154705E-01           *
#                                                               *
#*************   chi**2/iteration = 0.9917       ****************


#********** Integration by Vegas (iteration       4) ************
#                                                               *
#  integral  =  2.3444244       accum. integral =  2.3432049    *
#  std. dev. = 0.12636033E-01   accum. std. dev = 0.11252928E-01*
#   min/max. wt. =    0.00000            0.809155E-02           *
#                                                               *
#*************   chi**2/iteration = 0.6664       ****************


#********** Integration by Vegas (iteration       5) ************
#                                                               *
#  integral  =  2.3468774       accum. integral =  2.3464231    *
#  std. dev. = 0.44173028E-02   accum. std. dev = 0.39938804E-02*
#   min/max. wt. =    0.00000            0.640631E-03           *
#                                                               *
#*************   chi**2/iteration = 0.5138       ****************


#********** Integration by Vegas (iteration       6) ************
#                                                               *
#  integral  =  2.3458873       accum. integral =  2.3460810    *
#  std. dev. = 0.31093793E-02   accum. std. dev = 0.24151365E-02*
#   min/max. wt. =    0.00000            0.169688E-02           *
#                                                               *
#*************   chi**2/iteration = 0.4085       ****************


#********** Integration by Vegas (iteration       7) ************
#                                                               *
#  integral  =  2.3417965       accum. integral =  2.3436863    *
#  std. dev. = 0.22035359E-02   accum. std. dev = 0.16102628E-02*
#   min/max. wt. =    0.00000            0.404784E-03           *
#                                                               *
#*************   chi**2/iteration = 0.6286       ****************


#********** Integration by Vegas (iteration       8) ************
#                                                               *
#  integral  =  2.3438855       accum. integral =  2.3437829    *
#  std. dev. = 0.16988596E-02   accum. std. dev = 0.11590063E-02*
#   min/max. wt. =    0.00000            0.283917E-03           *
#                                                               *
#*************   chi**2/iteration = 0.5366       ****************


#********** Integration by Vegas (iteration       9) ************
#                                                               *
#  integral  =  2.3460659       accum. integral =  2.3446432    *
#  std. dev. = 0.15229734E-02   accum. std. dev = 0.91717305E-03*
#   min/max. wt. =    0.00000            0.959330E-04           *
#                                                               *
#*************   chi**2/iteration = 0.6491       ****************


#********** Integration by Vegas (iteration      10) ************
#                                                               *
#  integral  =  2.3476149       accum. integral =  2.3455072    *
#  std. dev. = 0.14611722E-02   accum. std. dev = 0.77397952E-03*
#   min/max. wt. =    0.00000            0.985955E-04           *
#                                                               *
#*************   chi**2/iteration = 0.9124       ****************


#********** Integration by Vegas (iteration      11) ************
#                                                               *
#  integral  =  2.3463476       accum. integral =  2.3456944    *
#  std. dev. = 0.14709032E-02   accum. std. dev = 0.68343939E-03*
#   min/max. wt. =    0.00000            0.185310E-03           *
#                                                               *
#*************   chi**2/iteration = 0.8447       ****************


#********** Integration by Vegas (iteration      12) ************
#                                                               *
#  integral  =  2.3485575       accum. integral =  2.3461701    *
#  std. dev. = 0.15567204E-02   accum. std. dev = 0.62496458E-03*
#   min/max. wt. =    0.00000            0.505203E-03           *
#                                                               *
#*************   chi**2/iteration =  1.030       ****************


#********** Integration by Vegas (iteration      13) ************
#                                                               *
#  integral  =  2.3477373       accum. integral =  2.3464087    *
#  std. dev. = 0.14966875E-02   accum. std. dev = 0.57608710E-03*
#   min/max. wt. =    0.00000            0.976024E-04           *
#                                                               *
#*************   chi**2/iteration =  1.022       ****************


#********** Integration by Vegas (iteration      14) ************
#                                                               *
#  integral  =  2.3458594       accum. integral =  2.3463317    *
#  std. dev. = 0.14449602E-02   accum. std. dev = 0.53466778E-03*
#   min/max. wt. =    0.00000            0.140530E-03           *
#                                                               *
#*************   chi**2/iteration = 0.9511       ****************


#********** Integration by Vegas (iteration      15) ************
#                                                               *
#  integral  =  2.3483196       accum. integral =  2.3465789    *
#  std. dev. = 0.14373356E-02   accum. std. dev = 0.50075872E-03*
#   min/max. wt. =    0.00000            0.981890E-04           *
#                                                               *
#*************   chi**2/iteration =  1.004       ****************


  Input parameters for vegas:  ndim=  9   ncall= 80707214.
                              it=    0    itmx=    2
                              acc=-1.00    
                              mds=  1     nd=  50
                              (xl,xu)= (  0.00000     ,  1.00000     )
                                       (  0.00000     ,  1.00000     )
                                       (  0.00000     ,  1.00000     )
                                       (  0.00000     ,  1.00000     )
                                       (  0.00000     ,  1.00000     )
                                       (  0.00000     ,  1.00000     )
                                       (  0.00000     ,  1.00000     )
                                       (  0.00000     ,  1.00000     )
                                       (  0.00000     ,  1.00000     )

#********** Integration by Vegas (iteration       1) ************
#                                                               *
#  integral  =  2.3484649       accum. integral =  2.3484649    *
#  std. dev. = 0.15221173E-02   accum. std. dev = 0.15221173E-02*
#   min/max. wt. =    0.00000            0.356801E-03           *
#                                                               *
#*************   chi**2/iteration =  0.000       ****************


#********** Integration by Vegas (iteration       2) ************
#                                                               *
#  integral  =  2.3476278       accum. integral =  2.3480332    *
#  std. dev. = 0.14745763E-02   accum. std. dev = 0.10590973E-02*
#   min/max. wt. =    0.00000            0.165354E-03           *
#                                                               *
#*************   chi**2/iteration = 0.1559       ****************

 Done
