SLURM job running in:  /scratch/groups/lhc/park/JHUGen/JHUGenerator
LHAPDF 6.1.5 loading /work-zfs/lhc/cms/slc6_amd64_gcc493/external/lhapdf/6.1.5-kpegke3/share/LHAPDF/NNPDF30_lo_as_0130/NNPDF30_lo_as_0130_0000.dat
NNPDF30_lo_as_0130 PDF set, member #0, version 2; LHAPDF ID = 263000
 
                                                                                          
   ***************************************************************************************
   *                                JHU Generator v6.9.3                                 *
   ***************************************************************************************
   *                                                                                     *
   *   Spin and parity determination of single-produced resonances at hadron colliders   *
   *                                                                                     *
   *          I. Anderson, S. Bolognesi, F. Caola, Y. Gao, A. Gritsan, Z. Guo,           *
   *        C. Martin, K. Melnikov, R.Rontsch, H. Roskes, U. Sarica, M. Schulze,         *
   *                   N. Tran, A. Whitbeck, M. Xiao, C. You, Y. Zhou                    *
   *                Phys.Rev. D81 (2010) 075022;  arXiv:1001.3396 [hep-ph],              *
   *                Phys.Rev. D86 (2012) 095031;  arXiv:1208.4018 [hep-ph],              *
   *                Phys.Rev. D89 (2014) 035007;  arXiv:1309.4819 [hep-ph].              *
   *                                                                                     *
   ***************************************************************************************
                                                                                          
   
   Command line: ./JHUGen Unweighted=0 VegasNc0=99999999 VegasNc1=99999999 VegasNc2=99999999 LHAPDF=NNPDF30_lo_as_0130/NNPDF30_lo_as_0130.info MReso=2550 Process=61 ghg2=0,0 ghg4=1,0
   
   Input Parameter:
    Collider: P-P, sqrt(s)=13000.00
    Resonance: spin=0, mass=2550.00 width=   0.00407
    Jet cuts:
            pT >=    15.00 GeV
        DeltaR >=     0.30
           mJJ >=     0.00 GeV
    Random seed:   981850147
    To reproduce results using this seed, JHUGen should be compiled with the same compiler:
      GNU Fortran (GCC) 4.9.3
    
    WidthScheme:   2
    LHAPDF set NNPDF30_lo_as_0130/NNPDF30_lo_as_0130.info, member=  0
    Unweighted: F
    
    spin-0-VV couplings: 
      generate_as=F
      ghg2=  0.00000000E+00  0.00000000E+00i
      ghg3=  0.00000000E+00  0.00000000E+00i
      ghg4=  0.10000000E+01  0.00000000E+00i
      ghz1=  0.20000000E+01  0.00000000E+00i
      ghz2=  0.00000000E+00  0.00000000E+00i
      ghz3=  0.00000000E+00  0.00000000E+00i
      ghz4=  0.00000000E+00  0.00000000E+00i
      Lambda=  1000.0
    
    LHE output: ./data/output.lhe
    Histogram output: ./data/output.dat
    Log file: ./data/output.log
    
  Running

  Input parameters for vegas:  ndim=  9   ncall= 80707214.
                              it=    0    itmx=   15
                              acc=-1.00    
                              mds=  1     nd=  50
                              (xl,xu)= (  0.00000     ,  1.00000     )
                                       (  0.00000     ,  1.00000     )
                                       (  0.00000     ,  1.00000     )
                                       (  0.00000     ,  1.00000     )
                                       (  0.00000     ,  1.00000     )
                                       (  0.00000     ,  1.00000     )
                                       (  0.00000     ,  1.00000     )
                                       (  0.00000     ,  1.00000     )
                                       (  0.00000     ,  1.00000     )

#********** Integration by Vegas (iteration       1) ************
#                                                               *
#  integral  =  1.5292444       accum. integral =  1.5292444    *
#  std. dev. = 0.12254131       accum. std. dev = 0.12254131    *
#   min/max. wt. =    0.00000            0.873609E-01           *
#                                                               *
#*************   chi**2/iteration =  0.000       ****************


#********** Integration by Vegas (iteration       2) ************
#                                                               *
#  integral  =  2.0932336       accum. integral =  1.8091788    *
#  std. dev. = 0.16896485       accum. std. dev = 0.10424325    *
#   min/max. wt. =    0.00000            0.161635               *
#                                                               *
#*************   chi**2/iteration =  7.310       ****************


#********** Integration by Vegas (iteration       3) ************
#                                                               *
#  integral  =  2.0433094       accum. integral =  2.0252158    *
#  std. dev. = 0.33628251E-01   accum. std. dev = 0.30127608E-01*
#   min/max. wt. =    0.00000            0.180381E-01           *
#                                                               *
#*************   chi**2/iteration =  5.536       ****************


#********** Integration by Vegas (iteration       4) ************
#                                                               *
#  integral  =  2.1291536       accum. integral =  2.0663318    *
#  std. dev. = 0.41606549E-01   accum. std. dev = 0.24138322E-01*
#   min/max. wt. =    0.00000            0.372257E-01           *
#                                                               *
#*************   chi**2/iteration =  4.953       ****************


#********** Integration by Vegas (iteration       5) ************
#                                                               *
#  integral  =  2.0823184       accum. integral =  2.0795815    *
#  std. dev. = 0.11631720E-01   accum. std. dev = 0.10110721E-01*
#   min/max. wt. =    0.00000            0.563412E-02           *
#                                                               *
#*************   chi**2/iteration =  3.713       ****************


#********** Integration by Vegas (iteration       6) ************
#                                                               *
#  integral  =  2.0826926       accum. integral =  2.0824698    *
#  std. dev. = 0.29418823E-02   accum. std. dev = 0.27278141E-02*
#   min/max. wt. =    0.00000            0.583415E-03           *
#                                                               *
#*************   chi**2/iteration =  2.941       ****************


#********** Integration by Vegas (iteration       7) ************
#                                                               *
#  integral  =  2.0885693       accum. integral =  2.0869190    *
#  std. dev. = 0.17311974E-02   accum. std. dev = 0.14275610E-02*
#   min/max. wt. =    0.00000            0.201157E-03           *
#                                                               *
#*************   chi**2/iteration =  3.021       ****************


#********** Integration by Vegas (iteration       8) ************
#                                                               *
#  integral  =  2.0851871       accum. integral =  2.0860773    *
#  std. dev. = 0.15181486E-02   accum. std. dev = 0.10279090E-02*
#   min/max. wt. =    0.00000            0.298474E-03           *
#                                                               *
#*************   chi**2/iteration =  2.669       ****************


#********** Integration by Vegas (iteration       9) ************
#                                                               *
#  integral  =  2.0827088       accum. integral =  2.0848095    *
#  std. dev. = 0.13607131E-02   accum. std. dev = 0.81433538E-03*
#   min/max. wt. =    0.00000            0.143944E-03           *
#                                                               *
#*************   chi**2/iteration =  2.822       ****************


#********** Integration by Vegas (iteration      10) ************
#                                                               *
#  integral  =  2.0855670       accum. integral =  2.0850192    *
#  std. dev. = 0.13512533E-02   accum. std. dev = 0.69438806E-03*
#   min/max. wt. =    0.00000            0.263075E-03           *
#                                                               *
#*************   chi**2/iteration =  2.522       ****************


#********** Integration by Vegas (iteration      11) ************
#                                                               *
#  integral  =  2.0844067       accum. integral =  2.0848775    *
#  std. dev. = 0.12952637E-02   accum. std. dev = 0.61010765E-03*
#   min/max. wt. =    0.00000            0.797233E-04           *
#                                                               *
#*************   chi**2/iteration =  2.278       ****************


#********** Integration by Vegas (iteration      12) ************
#                                                               *
#  integral  =  2.0848973       accum. integral =  2.0848812    *
#  std. dev. = 0.12914558E-02   accum. std. dev = 0.55048002E-03*
#   min/max. wt. =    0.00000            0.130742E-03           *
#                                                               *
#*************   chi**2/iteration =  2.064       ****************


#********** Integration by Vegas (iteration      13) ************
#                                                               *
#  integral  =  2.0873149       accum. integral =  2.0852737    *
#  std. dev. = 0.12812106E-02   accum. std. dev = 0.50494528E-03*
#   min/max. wt. =    0.00000            0.130554E-03           *
#                                                               *
#*************   chi**2/iteration =  2.147       ****************


#********** Integration by Vegas (iteration      14) ************
#                                                               *
#  integral  =  2.0862499       accum. integral =  2.0854096    *
#  std. dev. = 0.12788027E-02   accum. std. dev = 0.46910501E-03*
#   min/max. wt. =    0.00000            0.827873E-04           *
#                                                               *
#*************   chi**2/iteration =  2.017       ****************


#********** Integration by Vegas (iteration      15) ************
#                                                               *
#  integral  =  2.0872937       accum. integral =  2.0856299    *
#  std. dev. = 0.13120839E-02   accum. std. dev = 0.44135688E-03*
#   min/max. wt. =    0.00000            0.122663E-03           *
#                                                               *
#*************   chi**2/iteration =  2.003       ****************


  Input parameters for vegas:  ndim=  9   ncall= 80707214.
                              it=    0    itmx=    2
                              acc=-1.00    
                              mds=  1     nd=  50
                              (xl,xu)= (  0.00000     ,  1.00000     )
                                       (  0.00000     ,  1.00000     )
                                       (  0.00000     ,  1.00000     )
                                       (  0.00000     ,  1.00000     )
                                       (  0.00000     ,  1.00000     )
                                       (  0.00000     ,  1.00000     )
                                       (  0.00000     ,  1.00000     )
                                       (  0.00000     ,  1.00000     )
                                       (  0.00000     ,  1.00000     )

#********** Integration by Vegas (iteration       1) ************
#                                                               *
#  integral  =  2.0869297       accum. integral =  2.0869297    *
#  std. dev. = 0.13101489E-02   accum. std. dev = 0.13101489E-02*
#   min/max. wt. =    0.00000            0.135883E-03           *
#                                                               *
#*************   chi**2/iteration =  0.000       ****************


#********** Integration by Vegas (iteration       2) ************
#                                                               *
#  integral  =  2.0831270       accum. integral =  2.0850116    *
#  std. dev. = 0.12963220E-02   accum. std. dev = 0.92149664E-03*
#   min/max. wt. =    0.00000            0.188993E-03           *
#                                                               *
#*************   chi**2/iteration =  4.253       ****************

 Done
