SLURM job running in:  /scratch/groups/lhc/park/JHUGen/JHUGenerator
LHAPDF 6.1.5 loading /work-zfs/lhc/cms/slc6_amd64_gcc493/external/lhapdf/6.1.5-kpegke3/share/LHAPDF/NNPDF30_lo_as_0130/NNPDF30_lo_as_0130_0000.dat
NNPDF30_lo_as_0130 PDF set, member #0, version 2; LHAPDF ID = 263000
 
                                                                                          
   ***************************************************************************************
   *                                JHU Generator v6.9.3                                 *
   ***************************************************************************************
   *                                                                                     *
   *   Spin and parity determination of single-produced resonances at hadron colliders   *
   *                                                                                     *
   *          I. Anderson, S. Bolognesi, F. Caola, Y. Gao, A. Gritsan, Z. Guo,           *
   *        C. Martin, K. Melnikov, R.Rontsch, H. Roskes, U. Sarica, M. Schulze,         *
   *                   N. Tran, A. Whitbeck, M. Xiao, C. You, Y. Zhou                    *
   *                Phys.Rev. D81 (2010) 075022;  arXiv:1001.3396 [hep-ph],              *
   *                Phys.Rev. D86 (2012) 095031;  arXiv:1208.4018 [hep-ph],              *
   *                Phys.Rev. D89 (2014) 035007;  arXiv:1309.4819 [hep-ph].              *
   *                                                                                     *
   ***************************************************************************************
                                                                                          
   
   Command line: ./JHUGen Unweighted=0 VegasNc0=99999999 VegasNc1=99999999 VegasNc2=99999999 LHAPDF=NNPDF30_lo_as_0130/NNPDF30_lo_as_0130.info MReso=292 Process=61 ghg2=0,0 ghg4=1,0
   
   Input Parameter:
    Collider: P-P, sqrt(s)=13000.00
    Resonance: spin=0, mass= 292.00 width=   0.00407
    Jet cuts:
            pT >=    15.00 GeV
        DeltaR >=     0.30
           mJJ >=     0.00 GeV
    Random seed:   991026878
    To reproduce results using this seed, JHUGen should be compiled with the same compiler:
      GNU Fortran (GCC) 4.9.3
    
    WidthScheme:   2
    LHAPDF set NNPDF30_lo_as_0130/NNPDF30_lo_as_0130.info, member=  0
    Unweighted: F
    
    spin-0-VV couplings: 
      generate_as=F
      ghg2=  0.00000000E+00  0.00000000E+00i
      ghg3=  0.00000000E+00  0.00000000E+00i
      ghg4=  0.10000000E+01  0.00000000E+00i
      ghz1=  0.20000000E+01  0.00000000E+00i
      ghz2=  0.00000000E+00  0.00000000E+00i
      ghz3=  0.00000000E+00  0.00000000E+00i
      ghz4=  0.00000000E+00  0.00000000E+00i
      Lambda=  1000.0
    
    LHE output: ./data/output.lhe
    Histogram output: ./data/output.dat
    Log file: ./data/output.log
    
  Running

  Input parameters for vegas:  ndim=  9   ncall= 80707214.
                              it=    0    itmx=   15
                              acc=-1.00    
                              mds=  1     nd=  50
                              (xl,xu)= (  0.00000     ,  1.00000     )
                                       (  0.00000     ,  1.00000     )
                                       (  0.00000     ,  1.00000     )
                                       (  0.00000     ,  1.00000     )
                                       (  0.00000     ,  1.00000     )
                                       (  0.00000     ,  1.00000     )
                                       (  0.00000     ,  1.00000     )
                                       (  0.00000     ,  1.00000     )
                                       (  0.00000     ,  1.00000     )

#********** Integration by Vegas (iteration       1) ************
#                                                               *
#  integral  =  3058.6498       accum. integral =  3058.6498    *
#  std. dev. =  167.03137       accum. std. dev =  167.03137    *
#   min/max. wt. =    0.00000             83.8906               *
#                                                               *
#*************   chi**2/iteration =  0.000       ****************


#********** Integration by Vegas (iteration       2) ************
#                                                               *
#  integral  =  3155.6743       accum. integral =  3154.0728    *
#  std. dev. =  22.324898       accum. std. dev =  21.802189    *
#   min/max. wt. =    0.00000             7.52053               *
#                                                               *
#*************   chi**2/iteration = 0.3212       ****************


#********** Integration by Vegas (iteration       3) ************
#                                                               *
#  integral  =  3289.7876       accum. integral =  3168.4158    *
#  std. dev. =  67.141457       accum. std. dev =  21.028734    *
#   min/max. wt. =    0.00000             64.3870               *
#                                                               *
#*************   chi**2/iteration =  2.122       ****************


#********** Integration by Vegas (iteration       4) ************
#                                                               *
#  integral  =  3225.3877       accum. integral =  3193.4589    *
#  std. dev. =  24.163400       accum. std. dev =  15.812430    *
#   min/max. wt. =    0.00000             18.6775               *
#                                                               *
#*************   chi**2/iteration =  2.468       ****************


#********** Integration by Vegas (iteration       5) ************
#                                                               *
#  integral  =  3215.1246       accum. integral =  3212.7823    *
#  std. dev. =  5.5599403       accum. std. dev =  5.2095581    *
#   min/max. wt. =    0.00000            0.981985               *
#                                                               *
#*************   chi**2/iteration =  2.261       ****************


#********** Integration by Vegas (iteration       6) ************
#                                                               *
#  integral  =  3221.4236       accum. integral =  3219.7677    *
#  std. dev. =  2.5614893       accum. std. dev =  2.2842485    *
#   min/max. wt. =    0.00000            0.748481               *
#                                                               *
#*************   chi**2/iteration =  2.246       ****************


#********** Integration by Vegas (iteration       7) ************
#                                                               *
#  integral  =  3222.2906       accum. integral =  3221.2082    *
#  std. dev. =  1.9969231       accum. std. dev =  1.4980289    *
#   min/max. wt. =    0.00000            0.244629               *
#                                                               *
#*************   chi**2/iteration =  1.983       ****************


#********** Integration by Vegas (iteration       8) ************
#                                                               *
#  integral  =  3221.0840       accum. integral =  3221.1589    *
#  std. dev. =  1.8587073       accum. std. dev =  1.1642124    *
#   min/max. wt. =    0.00000            0.441276               *
#                                                               *
#*************   chi**2/iteration =  1.697       ****************


#********** Integration by Vegas (iteration       9) ************
#                                                               *
#  integral  =  3223.9259       accum. integral =  3221.4555    *
#  std. dev. =  3.3830283       accum. std. dev =  1.1008901    *
#   min/max. wt. =    0.00000             2.90091               *
#                                                               *
#*************   chi**2/iteration =  1.558       ****************


#********** Integration by Vegas (iteration      10) ************
#                                                               *
#  integral  =  3224.8584       accum. integral =  3221.8039    *
#  std. dev. =  3.2806779       accum. std. dev =  1.0436862    *
#   min/max. wt. =    0.00000            0.539847               *
#                                                               *
#*************   chi**2/iteration =  1.492       ****************


#********** Integration by Vegas (iteration      11) ************
#                                                               *
#  integral  =  3220.5920       accum. integral =  3221.5117    *
#  std. dev. =  1.8598398       accum. std. dev = 0.90956670    *
#   min/max. wt. =    0.00000            0.868502E-01           *
#                                                               *
#*************   chi**2/iteration =  1.374       ****************


#********** Integration by Vegas (iteration      12) ************
#                                                               *
#  integral  =  3220.0467       accum. integral =  3221.2108    *
#  std. dev. =  1.7958024       accum. std. dev = 0.81104230    *
#   min/max. wt. =    0.00000            0.368287               *
#                                                               *
#*************   chi**2/iteration =  1.297       ****************


#********** Integration by Vegas (iteration      13) ************
#                                                               *
#  integral  =  3222.6252       accum. integral =  3221.4749    *
#  std. dev. =  1.6997725       accum. std. dev = 0.73164019    *
#   min/max. wt. =    0.00000            0.100245               *
#                                                               *
#*************   chi**2/iteration =  1.235       ****************


#********** Integration by Vegas (iteration      14) ************
#                                                               *
#  integral  =  3220.4817       accum. integral =  3221.3107    *
#  std. dev. =  1.6495617       accum. std. dev = 0.66859846    *
#   min/max. wt. =    0.00000            0.139847               *
#                                                               *
#*************   chi**2/iteration =  1.163       ****************


#********** Integration by Vegas (iteration      15) ************
#                                                               *
#  integral  =  3222.5662       accum. integral =  3221.4888    *
#  std. dev. =  1.6507918       accum. std. dev = 0.61952736    *
#   min/max. wt. =    0.00000            0.236070               *
#                                                               *
#*************   chi**2/iteration =  1.115       ****************


  Input parameters for vegas:  ndim=  9   ncall= 80707214.
                              it=    0    itmx=    2
                              acc=-1.00    
                              mds=  1     nd=  50
                              (xl,xu)= (  0.00000     ,  1.00000     )
                                       (  0.00000     ,  1.00000     )
                                       (  0.00000     ,  1.00000     )
                                       (  0.00000     ,  1.00000     )
                                       (  0.00000     ,  1.00000     )
                                       (  0.00000     ,  1.00000     )
                                       (  0.00000     ,  1.00000     )
                                       (  0.00000     ,  1.00000     )
                                       (  0.00000     ,  1.00000     )

#********** Integration by Vegas (iteration       1) ************
#                                                               *
#  integral  =  3220.1946       accum. integral =  3220.1946    *
#  std. dev. =  1.6353541       accum. std. dev =  1.6353541    *
#   min/max. wt. =    0.00000            0.183044               *
#                                                               *
#*************   chi**2/iteration =  0.000       ****************


#********** Integration by Vegas (iteration       2) ************
#                                                               *
#  integral  =  3223.6468       accum. integral =  3221.8113    *
#  std. dev. =  1.7443109       accum. std. dev =  1.1930715    *
#   min/max. wt. =    0.00000            0.579084               *
#                                                               *
#*************   chi**2/iteration =  2.083       ****************

 Done
