SLURM job running in:  /scratch/groups/lhc/park/JHUGen/JHUGenerator
LHAPDF 6.1.5 loading /work-zfs/lhc/cms/slc6_amd64_gcc493/external/lhapdf/6.1.5-kpegke3/share/LHAPDF/NNPDF30_lo_as_0130/NNPDF30_lo_as_0130_0000.dat
NNPDF30_lo_as_0130 PDF set, member #0, version 2; LHAPDF ID = 263000
 
                                                                                          
   ***************************************************************************************
   *                                JHU Generator v6.9.3                                 *
   ***************************************************************************************
   *                                                                                     *
   *   Spin and parity determination of single-produced resonances at hadron colliders   *
   *                                                                                     *
   *          I. Anderson, S. Bolognesi, F. Caola, Y. Gao, A. Gritsan, Z. Guo,           *
   *        C. Martin, K. Melnikov, R.Rontsch, H. Roskes, U. Sarica, M. Schulze,         *
   *                   N. Tran, A. Whitbeck, M. Xiao, C. You, Y. Zhou                    *
   *                Phys.Rev. D81 (2010) 075022;  arXiv:1001.3396 [hep-ph],              *
   *                Phys.Rev. D86 (2012) 095031;  arXiv:1208.4018 [hep-ph],              *
   *                Phys.Rev. D89 (2014) 035007;  arXiv:1309.4819 [hep-ph].              *
   *                                                                                     *
   ***************************************************************************************
                                                                                          
   
   Command line: ./JHUGen Unweighted=0 VegasNc0=99999999 VegasNc1=99999999 VegasNc2=99999999 LHAPDF=NNPDF30_lo_as_0130/NNPDF30_lo_as_0130.info MReso=300 Process=61 ghg2=0,0 ghg4=1,0
   
   Input Parameter:
    Collider: P-P, sqrt(s)=13000.00
    Resonance: spin=0, mass= 300.00 width=   0.00407
    Jet cuts:
            pT >=    15.00 GeV
        DeltaR >=     0.30
           mJJ >=     0.00 GeV
    Random seed:   767227988
    To reproduce results using this seed, JHUGen should be compiled with the same compiler:
      GNU Fortran (GCC) 4.9.3
    
    WidthScheme:   2
    LHAPDF set NNPDF30_lo_as_0130/NNPDF30_lo_as_0130.info, member=  0
    Unweighted: F
    
    spin-0-VV couplings: 
      generate_as=F
      ghg2=  0.00000000E+00  0.00000000E+00i
      ghg3=  0.00000000E+00  0.00000000E+00i
      ghg4=  0.10000000E+01  0.00000000E+00i
      ghz1=  0.20000000E+01  0.00000000E+00i
      ghz2=  0.00000000E+00  0.00000000E+00i
      ghz3=  0.00000000E+00  0.00000000E+00i
      ghz4=  0.00000000E+00  0.00000000E+00i
      Lambda=  1000.0
    
    LHE output: ./data/output.lhe
    Histogram output: ./data/output.dat
    Log file: ./data/output.log
    
  Running

  Input parameters for vegas:  ndim=  9   ncall= 80707214.
                              it=    0    itmx=   15
                              acc=-1.00    
                              mds=  1     nd=  50
                              (xl,xu)= (  0.00000     ,  1.00000     )
                                       (  0.00000     ,  1.00000     )
                                       (  0.00000     ,  1.00000     )
                                       (  0.00000     ,  1.00000     )
                                       (  0.00000     ,  1.00000     )
                                       (  0.00000     ,  1.00000     )
                                       (  0.00000     ,  1.00000     )
                                       (  0.00000     ,  1.00000     )
                                       (  0.00000     ,  1.00000     )

#********** Integration by Vegas (iteration       1) ************
#                                                               *
#  integral  =  2651.0806       accum. integral =  2651.0806    *
#  std. dev. =  114.07729       accum. std. dev =  114.07729    *
#   min/max. wt. =    0.00000             49.9583               *
#                                                               *
#*************   chi**2/iteration =  0.000       ****************


#********** Integration by Vegas (iteration       2) ************
#                                                               *
#  integral  =  3105.5945       accum. integral =  3003.4859    *
#  std. dev. =  71.933463       accum. std. dev =  58.887758    *
#   min/max. wt. =    0.00000             64.2990               *
#                                                               *
#*************   chi**2/iteration =  10.37       ****************


#********** Integration by Vegas (iteration       3) ************
#                                                               *
#  integral  =  3048.7466       accum. integral =  3045.8156    *
#  std. dev. =  16.362233       accum. std. dev =  15.270035    *
#   min/max. wt. =    0.00000             7.92064               *
#                                                               *
#*************   chi**2/iteration =  5.260       ****************


#********** Integration by Vegas (iteration       4) ************
#                                                               *
#  integral  =  3048.6149       accum. integral =  3048.3297    *
#  std. dev. =  5.3289297       accum. std. dev =  4.9184643    *
#   min/max. wt. =    0.00000             2.08810               *
#                                                               *
#*************   chi**2/iteration =  3.454       ****************


#********** Integration by Vegas (iteration       5) ************
#                                                               *
#  integral  =  3054.1257       accum. integral =  3052.2223    *
#  std. dev. =  3.5378165       accum. std. dev =  2.8348938    *
#   min/max. wt. =    0.00000             2.20607               *
#                                                               *
#*************   chi**2/iteration =  2.791       ****************


#********** Integration by Vegas (iteration       6) ************
#                                                               *
#  integral  =  3054.1830       accum. integral =  3053.2169    *
#  std. dev. =  2.8574572       accum. std. dev =  1.9975448    *
#   min/max. wt. =    0.00000             1.00493               *
#                                                               *
#*************   chi**2/iteration =  2.264       ****************


#********** Integration by Vegas (iteration       7) ************
#                                                               *
#  integral  =  3049.8385       accum. integral =  3051.4008    *
#  std. dev. =  1.8848925       accum. std. dev =  1.3617695    *
#   min/max. wt. =    0.00000            0.176718               *
#                                                               *
#*************   chi**2/iteration =  2.133       ****************


#********** Integration by Vegas (iteration       8) ************
#                                                               *
#  integral  =  3050.0019       accum. integral =  3050.8431    *
#  std. dev. =  1.6975568       accum. std. dev =  1.0580154    *
#   min/max. wt. =    0.00000            0.245675               *
#                                                               *
#*************   chi**2/iteration =  1.881       ****************


#********** Integration by Vegas (iteration       9) ************
#                                                               *
#  integral  =  3049.1273       accum. integral =  3050.4353    *
#  std. dev. =  1.9188777       accum. std. dev = 0.92507356    *
#   min/max. wt. =    0.00000             1.00510               *
#                                                               *
#*************   chi**2/iteration =  1.719       ****************


#********** Integration by Vegas (iteration      10) ************
#                                                               *
#  integral  =  3047.9438       accum. integral =  3049.9122    *
#  std. dev. =  1.8138617       accum. std. dev = 0.82313160    *
#   min/max. wt. =    0.00000            0.132914               *
#                                                               *
#*************   chi**2/iteration =  1.694       ****************


#********** Integration by Vegas (iteration      11) ************
#                                                               *
#  integral  =  3051.3066       accum. integral =  3050.1869    *
#  std. dev. =  1.6799153       accum. std. dev = 0.73834043    *
#   min/max. wt. =    0.00000            0.480532               *
#                                                               *
#*************   chi**2/iteration =  1.578       ****************


#********** Integration by Vegas (iteration      12) ************
#                                                               *
#  integral  =  3051.6674       accum. integral =  3050.4516    *
#  std. dev. =  1.5981251       accum. std. dev = 0.66964211    *
#   min/max. wt. =    0.00000            0.114932               *
#                                                               *
#*************   chi**2/iteration =  1.497       ****************


#********** Integration by Vegas (iteration      13) ************
#                                                               *
#  integral  =  3050.2032       accum. integral =  3050.4145    *
#  std. dev. =  1.6108014       accum. std. dev = 0.61796006    *
#   min/max. wt. =    0.00000            0.253500               *
#                                                               *
#*************   chi**2/iteration =  1.372       ****************


#********** Integration by Vegas (iteration      14) ************
#                                                               *
#  integral  =  3049.1064       accum. integral =  3050.2353    *
#  std. dev. =  1.5629790       accum. std. dev = 0.57439327    *
#   min/max. wt. =    0.00000            0.102386               *
#                                                               *
#*************   chi**2/iteration =  1.312       ****************


#********** Integration by Vegas (iteration      15) ************
#                                                               *
#  integral  =  3048.9104       accum. integral =  3050.0795    *
#  std. dev. =  1.5848025       accum. std. dev = 0.53983055    *
#   min/max. wt. =    0.00000            0.206740               *
#                                                               *
#*************   chi**2/iteration =  1.262       ****************


  Input parameters for vegas:  ndim=  9   ncall= 80707214.
                              it=    0    itmx=    2
                              acc=-1.00    
                              mds=  1     nd=  50
                              (xl,xu)= (  0.00000     ,  1.00000     )
                                       (  0.00000     ,  1.00000     )
                                       (  0.00000     ,  1.00000     )
                                       (  0.00000     ,  1.00000     )
                                       (  0.00000     ,  1.00000     )
                                       (  0.00000     ,  1.00000     )
                                       (  0.00000     ,  1.00000     )
                                       (  0.00000     ,  1.00000     )
                                       (  0.00000     ,  1.00000     )

#********** Integration by Vegas (iteration       1) ************
#                                                               *
#  integral  =  3051.0387       accum. integral =  3051.0387    *
#  std. dev. =  1.5798557       accum. std. dev =  1.5798557    *
#   min/max. wt. =    0.00000            0.163690               *
#                                                               *
#*************   chi**2/iteration =  0.000       ****************


#********** Integration by Vegas (iteration       2) ************
#                                                               *
#  integral  =  3048.9682       accum. integral =  3049.9949    *
#  std. dev. =  1.5657008       accum. std. dev =  1.1120918    *
#   min/max. wt. =    0.00000            0.118409               *
#                                                               *
#*************   chi**2/iteration = 0.8656       ****************

 Done
