SLURM job running in:  /scratch/groups/lhc/park/JHUGen/JHUGenerator
LHAPDF 6.1.5 loading /work-zfs/lhc/cms/slc6_amd64_gcc493/external/lhapdf/6.1.5-kpegke3/share/LHAPDF/NNPDF30_lo_as_0130/NNPDF30_lo_as_0130_0000.dat
NNPDF30_lo_as_0130 PDF set, member #0, version 2; LHAPDF ID = 263000
 
                                                                                          
   ***************************************************************************************
   *                                JHU Generator v6.9.3                                 *
   ***************************************************************************************
   *                                                                                     *
   *   Spin and parity determination of single-produced resonances at hadron colliders   *
   *                                                                                     *
   *          I. Anderson, S. Bolognesi, F. Caola, Y. Gao, A. Gritsan, Z. Guo,           *
   *        C. Martin, K. Melnikov, R.Rontsch, H. Roskes, U. Sarica, M. Schulze,         *
   *                   N. Tran, A. Whitbeck, M. Xiao, C. You, Y. Zhou                    *
   *                Phys.Rev. D81 (2010) 075022;  arXiv:1001.3396 [hep-ph],              *
   *                Phys.Rev. D86 (2012) 095031;  arXiv:1208.4018 [hep-ph],              *
   *                Phys.Rev. D89 (2014) 035007;  arXiv:1309.4819 [hep-ph].              *
   *                                                                                     *
   ***************************************************************************************
                                                                                          
   
   Command line: ./JHUGen Unweighted=0 VegasNc0=99999999 VegasNc1=99999999 VegasNc2=99999999 LHAPDF=NNPDF30_lo_as_0130/NNPDF30_lo_as_0130.info MReso=308 Process=61 ghg2=0,0 ghg4=1,0
   
   Input Parameter:
    Collider: P-P, sqrt(s)=13000.00
    Resonance: spin=0, mass= 308.00 width=   0.00407
    Jet cuts:
            pT >=    15.00 GeV
        DeltaR >=     0.30
           mJJ >=     0.00 GeV
    Random seed:    94634678
    To reproduce results using this seed, JHUGen should be compiled with the same compiler:
      GNU Fortran (GCC) 4.9.3
    
    WidthScheme:   2
    LHAPDF set NNPDF30_lo_as_0130/NNPDF30_lo_as_0130.info, member=  0
    Unweighted: F
    
    spin-0-VV couplings: 
      generate_as=F
      ghg2=  0.00000000E+00  0.00000000E+00i
      ghg3=  0.00000000E+00  0.00000000E+00i
      ghg4=  0.10000000E+01  0.00000000E+00i
      ghz1=  0.20000000E+01  0.00000000E+00i
      ghz2=  0.00000000E+00  0.00000000E+00i
      ghz3=  0.00000000E+00  0.00000000E+00i
      ghz4=  0.00000000E+00  0.00000000E+00i
      Lambda=  1000.0
    
    LHE output: ./data/output.lhe
    Histogram output: ./data/output.dat
    Log file: ./data/output.log
    
  Running

  Input parameters for vegas:  ndim=  9   ncall= 80707214.
                              it=    0    itmx=   15
                              acc=-1.00    
                              mds=  1     nd=  50
                              (xl,xu)= (  0.00000     ,  1.00000     )
                                       (  0.00000     ,  1.00000     )
                                       (  0.00000     ,  1.00000     )
                                       (  0.00000     ,  1.00000     )
                                       (  0.00000     ,  1.00000     )
                                       (  0.00000     ,  1.00000     )
                                       (  0.00000     ,  1.00000     )
                                       (  0.00000     ,  1.00000     )
                                       (  0.00000     ,  1.00000     )

#********** Integration by Vegas (iteration       1) ************
#                                                               *
#  integral  =  3377.9853       accum. integral =  3377.9853    *
#  std. dev. =  538.47605       accum. std. dev =  538.47605    *
#   min/max. wt. =    0.00000             462.350               *
#                                                               *
#*************   chi**2/iteration = 0.6424E-11   ****************


#********** Integration by Vegas (iteration       2) ************
#                                                               *
#  integral  =  2929.9074       accum. integral =  2939.8597    *
#  std. dev. =  70.392258       accum. std. dev =  75.117444    *
#   min/max. wt. =    0.00000             60.6124               *
#                                                               *
#*************   chi**2/iteration = 0.7720       ****************


#********** Integration by Vegas (iteration       3) ************
#                                                               *
#  integral  =  2912.1923       accum. integral =  2914.8039    *
#  std. dev. =  22.336543       accum. std. dev =  22.487671    *
#   min/max. wt. =    0.00000             15.1715               *
#                                                               *
#*************   chi**2/iteration = 0.4714       ****************


#********** Integration by Vegas (iteration       4) ************
#                                                               *
#  integral  =  2889.9900       accum. integral =  2891.8186    *
#  std. dev. =  5.9496954       accum. std. dev =  6.0122278    *
#   min/max. wt. =    0.00000             1.95675               *
#                                                               *
#*************   chi**2/iteration = 0.7115       ****************


#********** Integration by Vegas (iteration       5) ************
#                                                               *
#  integral  =  2890.0218       accum. integral =  2890.3724    *
#  std. dev. =  2.8193180       accum. std. dev =  2.6308830    *
#   min/max. wt. =    0.00000            0.702091               *
#                                                               *
#*************   chi**2/iteration = 0.5621       ****************


#********** Integration by Vegas (iteration       6) ************
#                                                               *
#  integral  =  2887.6257       accum. integral =  2888.6979    *
#  std. dev. =  2.0223100       accum. std. dev =  1.6331310    *
#   min/max. wt. =    0.00000            0.363471               *
#                                                               *
#*************   chi**2/iteration = 0.5902       ****************


#********** Integration by Vegas (iteration       7) ************
#                                                               *
#  integral  =  2891.0031       accum. integral =  2889.7701    *
#  std. dev. =  1.6952086       accum. std. dev =  1.1889928    *
#   min/max. wt. =    0.00000            0.305560               *
#                                                               *
#*************   chi**2/iteration = 0.6521       ****************


#********** Integration by Vegas (iteration       8) ************
#                                                               *
#  integral  =  2890.7878       accum. integral =  2890.1119    *
#  std. dev. =  1.6259694       accum. std. dev = 0.96571335    *
#   min/max. wt. =    0.00000            0.284853               *
#                                                               *
#*************   chi**2/iteration = 0.5982       ****************


#********** Integration by Vegas (iteration       9) ************
#                                                               *
#  integral  =  2889.4054       accum. integral =  2889.9210    *
#  std. dev. =  1.5475028       accum. std. dev = 0.82271249    *
#   min/max. wt. =    0.00000            0.157059               *
#                                                               *
#*************   chi**2/iteration = 0.5445       ****************


#********** Integration by Vegas (iteration      10) ************
#                                                               *
#  integral  =  2888.7805       accum. integral =  2889.6770    *
#  std. dev. =  1.5417556       accum. std. dev = 0.72780580    *
#   min/max. wt. =    0.00000            0.352695               *
#                                                               *
#*************   chi**2/iteration = 0.5320       ****************


#********** Integration by Vegas (iteration      11) ************
#                                                               *
#  integral  =  2891.7455       accum. integral =  2889.9814    *
#  std. dev. =  1.7183549       accum. std. dev = 0.67095570    *
#   min/max. wt. =    0.00000            0.841333               *
#                                                               *
#*************   chi**2/iteration = 0.5997       ****************


#********** Integration by Vegas (iteration      12) ************
#                                                               *
#  integral  =  2890.6112       accum. integral =  2890.0653    *
#  std. dev. =  1.6804953       accum. std. dev = 0.62372612    *
#   min/max. wt. =    0.00000            0.145260               *
#                                                               *
#*************   chi**2/iteration = 0.5576       ****************


#********** Integration by Vegas (iteration      13) ************
#                                                               *
#  integral  =  2891.4197       accum. integral =  2890.2495    *
#  std. dev. =  1.5469926       accum. std. dev = 0.57906275    *
#   min/max. wt. =    0.00000            0.152925               *
#                                                               *
#*************   chi**2/iteration = 0.5659       ****************


#********** Integration by Vegas (iteration      14) ************
#                                                               *
#  integral  =  2889.4753       accum. integral =  2890.1521    *
#  std. dev. =  1.5032534       accum. std. dev = 0.54084360    *
#   min/max. wt. =    0.00000            0.185928               *
#                                                               *
#*************   chi**2/iteration = 0.5409       ****************


#********** Integration by Vegas (iteration      15) ************
#                                                               *
#  integral  =  2885.8396       accum. integral =  2889.6535    *
#  std. dev. =  1.4721706       accum. std. dev = 0.50808422    *
#   min/max. wt. =    0.00000            0.126070               *
#                                                               *
#*************   chi**2/iteration =  1.029       ****************


  Input parameters for vegas:  ndim=  9   ncall= 80707214.
                              it=    0    itmx=    2
                              acc=-1.00    
                              mds=  1     nd=  50
                              (xl,xu)= (  0.00000     ,  1.00000     )
                                       (  0.00000     ,  1.00000     )
                                       (  0.00000     ,  1.00000     )
                                       (  0.00000     ,  1.00000     )
                                       (  0.00000     ,  1.00000     )
                                       (  0.00000     ,  1.00000     )
                                       (  0.00000     ,  1.00000     )
                                       (  0.00000     ,  1.00000     )
                                       (  0.00000     ,  1.00000     )

#********** Integration by Vegas (iteration       1) ************
#                                                               *
#  integral  =  2889.4056       accum. integral =  2889.4056    *
#  std. dev. =  1.5283772       accum. std. dev =  1.5283772    *
#   min/max. wt. =    0.00000            0.249564               *
#                                                               *
#*************   chi**2/iteration =  0.000       ****************


#********** Integration by Vegas (iteration       2) ************
#                                                               *
#  integral  =  2888.6587       accum. integral =  2889.0237    *
#  std. dev. =  1.4938495       accum. std. dev =  1.0683124    *
#   min/max. wt. =    0.00000            0.929263E-01           *
#                                                               *
#*************   chi**2/iteration = 0.1220       ****************

 Done
