SLURM job running in:  /scratch/groups/lhc/park/JHUGen/JHUGenerator
LHAPDF 6.1.5 loading /work-zfs/lhc/cms/slc6_amd64_gcc493/external/lhapdf/6.1.5-kpegke3/share/LHAPDF/NNPDF30_lo_as_0130/NNPDF30_lo_as_0130_0000.dat
NNPDF30_lo_as_0130 PDF set, member #0, version 2; LHAPDF ID = 263000
 
                                                                                          
   ***************************************************************************************
   *                                JHU Generator v6.9.3                                 *
   ***************************************************************************************
   *                                                                                     *
   *   Spin and parity determination of single-produced resonances at hadron colliders   *
   *                                                                                     *
   *          I. Anderson, S. Bolognesi, F. Caola, Y. Gao, A. Gritsan, Z. Guo,           *
   *        C. Martin, K. Melnikov, R.Rontsch, H. Roskes, U. Sarica, M. Schulze,         *
   *                   N. Tran, A. Whitbeck, M. Xiao, C. You, Y. Zhou                    *
   *                Phys.Rev. D81 (2010) 075022;  arXiv:1001.3396 [hep-ph],              *
   *                Phys.Rev. D86 (2012) 095031;  arXiv:1208.4018 [hep-ph],              *
   *                Phys.Rev. D89 (2014) 035007;  arXiv:1309.4819 [hep-ph].              *
   *                                                                                     *
   ***************************************************************************************
                                                                                          
   
   Command line: ./JHUGen Unweighted=0 VegasNc0=99999999 VegasNc1=99999999 VegasNc2=99999999 LHAPDF=NNPDF30_lo_as_0130/NNPDF30_lo_as_0130.info MReso=322 Process=61 ghg2=0,0 ghg4=1,0
   
   Input Parameter:
    Collider: P-P, sqrt(s)=13000.00
    Resonance: spin=0, mass= 322.00 width=   0.00407
    Jet cuts:
            pT >=    15.00 GeV
        DeltaR >=     0.30
           mJJ >=     0.00 GeV
    Random seed:   233239639
    To reproduce results using this seed, JHUGen should be compiled with the same compiler:
      GNU Fortran (GCC) 4.9.3
    
    WidthScheme:   2
    LHAPDF set NNPDF30_lo_as_0130/NNPDF30_lo_as_0130.info, member=  0
    Unweighted: F
    
    spin-0-VV couplings: 
      generate_as=F
      ghg2=  0.00000000E+00  0.00000000E+00i
      ghg3=  0.00000000E+00  0.00000000E+00i
      ghg4=  0.10000000E+01  0.00000000E+00i
      ghz1=  0.20000000E+01  0.00000000E+00i
      ghz2=  0.00000000E+00  0.00000000E+00i
      ghz3=  0.00000000E+00  0.00000000E+00i
      ghz4=  0.00000000E+00  0.00000000E+00i
      Lambda=  1000.0
    
    LHE output: ./data/output.lhe
    Histogram output: ./data/output.dat
    Log file: ./data/output.log
    
  Running

  Input parameters for vegas:  ndim=  9   ncall= 80707214.
                              it=    0    itmx=   15
                              acc=-1.00    
                              mds=  1     nd=  50
                              (xl,xu)= (  0.00000     ,  1.00000     )
                                       (  0.00000     ,  1.00000     )
                                       (  0.00000     ,  1.00000     )
                                       (  0.00000     ,  1.00000     )
                                       (  0.00000     ,  1.00000     )
                                       (  0.00000     ,  1.00000     )
                                       (  0.00000     ,  1.00000     )
                                       (  0.00000     ,  1.00000     )
                                       (  0.00000     ,  1.00000     )

#********** Integration by Vegas (iteration       1) ************
#                                                               *
#  integral  =  2425.0630       accum. integral =  2425.0630    *
#  std. dev. =  186.36728       accum. std. dev =  186.36728    *
#   min/max. wt. =    0.00000             155.071               *
#                                                               *
#*************   chi**2/iteration =  0.000       ****************


#********** Integration by Vegas (iteration       2) ************
#                                                               *
#  integral  =  2584.6976       accum. integral =  2577.9634    *
#  std. dev. =  41.686361       accum. std. dev =  39.557828    *
#   min/max. wt. =    0.00000             23.2441               *
#                                                               *
#*************   chi**2/iteration = 0.6573       ****************


#********** Integration by Vegas (iteration       3) ************
#                                                               *
#  integral  =  2610.0154       accum. integral =  2605.4869    *
#  std. dev. =  16.710685       accum. std. dev =  15.077239    *
#   min/max. wt. =    0.00000             13.5625               *
#                                                               *
#*************   chi**2/iteration = 0.5938       ****************


#********** Integration by Vegas (iteration       4) ************
#                                                               *
#  integral  =  2631.2812       accum. integral =  2627.3863    *
#  std. dev. =  6.5837856       accum. std. dev =  5.9113818    *
#   min/max. wt. =    0.00000             3.11179               *
#                                                               *
#*************   chi**2/iteration =  1.202       ****************


#********** Integration by Vegas (iteration       5) ************
#                                                               *
#  integral  =  2634.8053       accum. integral =  2632.8628    *
#  std. dev. =  3.6177270       accum. std. dev =  3.0416567    *
#   min/max. wt. =    0.00000             2.53684               *
#                                                               *
#*************   chi**2/iteration =  1.179       ****************


#********** Integration by Vegas (iteration       6) ************
#                                                               *
#  integral  =  2632.7020       accum. integral =  2632.7617    *
#  std. dev. =  2.3891889       accum. std. dev =  1.8611697    *
#   min/max. wt. =    0.00000            0.370982               *
#                                                               *
#*************   chi**2/iteration = 0.9371       ****************


#********** Integration by Vegas (iteration       7) ************
#                                                               *
#  integral  =  2636.2033       accum. integral =  2634.6486    *
#  std. dev. =  1.7212764       accum. std. dev =  1.2543354    *
#   min/max. wt. =    0.00000            0.526129               *
#                                                               *
#*************   chi**2/iteration =  1.087       ****************


#********** Integration by Vegas (iteration       8) ************
#                                                               *
#  integral  =  2634.0960       accum. integral =  2634.4207    *
#  std. dev. =  1.5203386       accum. std. dev = 0.96342046    *
#   min/max. wt. =    0.00000            0.190986               *
#                                                               *
#*************   chi**2/iteration = 0.9399       ****************


#********** Integration by Vegas (iteration       9) ************
#                                                               *
#  integral  =  2634.3821       accum. integral =  2634.4085    *
#  std. dev. =  1.4398684       accum. std. dev = 0.79858381    *
#   min/max. wt. =    0.00000            0.339297               *
#                                                               *
#*************   chi**2/iteration = 0.8201       ****************


#********** Integration by Vegas (iteration      10) ************
#                                                               *
#  integral  =  2635.3560       accum. integral =  2634.6369    *
#  std. dev. =  1.4347492       accum. std. dev = 0.69660665    *
#   min/max. wt. =    0.00000            0.321469               *
#                                                               *
#*************   chi**2/iteration = 0.7647       ****************


#********** Integration by Vegas (iteration      11) ************
#                                                               *
#  integral  =  2635.4075       accum. integral =  2634.7974    *
#  std. dev. =  1.3732298       accum. std. dev = 0.62046317    *
#   min/max. wt. =    0.00000            0.216342               *
#                                                               *
#*************   chi**2/iteration = 0.7123       ****************


#********** Integration by Vegas (iteration      12) ************
#                                                               *
#  integral  =  2634.0082       accum. integral =  2634.6604    *
#  std. dev. =  1.3670276       accum. std. dev = 0.56452077    *
#   min/max. wt. =    0.00000            0.230365               *
#                                                               *
#*************   chi**2/iteration = 0.6720       ****************


#********** Integration by Vegas (iteration      13) ************
#                                                               *
#  integral  =  2633.4889       accum. integral =  2634.4882    *
#  std. dev. =  1.3711672       accum. std. dev = 0.52170820    *
#   min/max. wt. =    0.00000            0.322954               *
#                                                               *
#*************   chi**2/iteration = 0.6679       ****************


#********** Integration by Vegas (iteration      14) ************
#                                                               *
#  integral  =  2633.5121       accum. integral =  2634.3627    *
#  std. dev. =  1.3690657       accum. std. dev = 0.48729889    *
#   min/max. wt. =    0.00000            0.182663               *
#                                                               *
#*************   chi**2/iteration = 0.6504       ****************


#********** Integration by Vegas (iteration      15) ************
#                                                               *
#  integral  =  2633.4220       accum. integral =  2634.2554    *
#  std. dev. =  1.3678334       accum. std. dev = 0.45888551    *
#   min/max. wt. =    0.00000            0.233981               *
#                                                               *
#*************   chi**2/iteration = 0.6337       ****************


  Input parameters for vegas:  ndim=  9   ncall= 80707214.
                              it=    0    itmx=    2
                              acc=-1.00    
                              mds=  1     nd=  50
                              (xl,xu)= (  0.00000     ,  1.00000     )
                                       (  0.00000     ,  1.00000     )
                                       (  0.00000     ,  1.00000     )
                                       (  0.00000     ,  1.00000     )
                                       (  0.00000     ,  1.00000     )
                                       (  0.00000     ,  1.00000     )
                                       (  0.00000     ,  1.00000     )
                                       (  0.00000     ,  1.00000     )
                                       (  0.00000     ,  1.00000     )

#********** Integration by Vegas (iteration       1) ************
#                                                               *
#  integral  =  2634.4940       accum. integral =  2634.4940    *
#  std. dev. =  1.3691407       accum. std. dev =  1.3691407    *
#   min/max. wt. =    0.00000            0.188919               *
#                                                               *
#*************   chi**2/iteration =  0.000       ****************


#********** Integration by Vegas (iteration       2) ************
#                                                               *
#  integral  =  2635.6740       accum. integral =  2635.0827    *
#  std. dev. =  1.3727947       accum. std. dev = 0.96941854    *
#   min/max. wt. =    0.00000            0.132774               *
#                                                               *
#*************   chi**2/iteration = 0.3700       ****************

 Done
