SLURM job running in:  /scratch/groups/lhc/park/JHUGen/JHUGenerator
LHAPDF 6.1.5 loading /work-zfs/lhc/cms/slc6_amd64_gcc493/external/lhapdf/6.1.5-kpegke3/share/LHAPDF/NNPDF30_lo_as_0130/NNPDF30_lo_as_0130_0000.dat
NNPDF30_lo_as_0130 PDF set, member #0, version 2; LHAPDF ID = 263000
 
                                                                                          
   ***************************************************************************************
   *                                JHU Generator v6.9.3                                 *
   ***************************************************************************************
   *                                                                                     *
   *   Spin and parity determination of single-produced resonances at hadron colliders   *
   *                                                                                     *
   *          I. Anderson, S. Bolognesi, F. Caola, Y. Gao, A. Gritsan, Z. Guo,           *
   *        C. Martin, K. Melnikov, R.Rontsch, H. Roskes, U. Sarica, M. Schulze,         *
   *                   N. Tran, A. Whitbeck, M. Xiao, C. You, Y. Zhou                    *
   *                Phys.Rev. D81 (2010) 075022;  arXiv:1001.3396 [hep-ph],              *
   *                Phys.Rev. D86 (2012) 095031;  arXiv:1208.4018 [hep-ph],              *
   *                Phys.Rev. D89 (2014) 035007;  arXiv:1309.4819 [hep-ph].              *
   *                                                                                     *
   ***************************************************************************************
                                                                                          
   
   Command line: ./JHUGen Unweighted=0 VegasNc0=99999999 VegasNc1=99999999 VegasNc2=99999999 LHAPDF=NNPDF30_lo_as_0130/NNPDF30_lo_as_0130.info MReso=332 Process=61 ghg2=0,0 ghg4=1,0
   
   Input Parameter:
    Collider: P-P, sqrt(s)=13000.00
    Resonance: spin=0, mass= 332.00 width=   0.00407
    Jet cuts:
            pT >=    15.00 GeV
        DeltaR >=     0.30
           mJJ >=     0.00 GeV
    Random seed:   427426700
    To reproduce results using this seed, JHUGen should be compiled with the same compiler:
      GNU Fortran (GCC) 4.9.3
    
    WidthScheme:   2
    LHAPDF set NNPDF30_lo_as_0130/NNPDF30_lo_as_0130.info, member=  0
    Unweighted: F
    
    spin-0-VV couplings: 
      generate_as=F
      ghg2=  0.00000000E+00  0.00000000E+00i
      ghg3=  0.00000000E+00  0.00000000E+00i
      ghg4=  0.10000000E+01  0.00000000E+00i
      ghz1=  0.20000000E+01  0.00000000E+00i
      ghz2=  0.00000000E+00  0.00000000E+00i
      ghz3=  0.00000000E+00  0.00000000E+00i
      ghz4=  0.00000000E+00  0.00000000E+00i
      Lambda=  1000.0
    
    LHE output: ./data/output.lhe
    Histogram output: ./data/output.dat
    Log file: ./data/output.log
    
  Running

  Input parameters for vegas:  ndim=  9   ncall= 80707214.
                              it=    0    itmx=   15
                              acc=-1.00    
                              mds=  1     nd=  50
                              (xl,xu)= (  0.00000     ,  1.00000     )
                                       (  0.00000     ,  1.00000     )
                                       (  0.00000     ,  1.00000     )
                                       (  0.00000     ,  1.00000     )
                                       (  0.00000     ,  1.00000     )
                                       (  0.00000     ,  1.00000     )
                                       (  0.00000     ,  1.00000     )
                                       (  0.00000     ,  1.00000     )
                                       (  0.00000     ,  1.00000     )

#********** Integration by Vegas (iteration       1) ************
#                                                               *
#  integral  =  2195.2578       accum. integral =  2195.2578    *
#  std. dev. =  122.96099       accum. std. dev =  122.96099    *
#   min/max. wt. =    0.00000             72.2475               *
#                                                               *
#*************   chi**2/iteration =  0.000       ****************


#********** Integration by Vegas (iteration       2) ************
#                                                               *
#  integral  =  2489.9700       accum. integral =  2464.8281    *
#  std. dev. =  42.593072       accum. std. dev =  38.400778    *
#   min/max. wt. =    0.00000             32.4603               *
#                                                               *
#*************   chi**2/iteration =  4.592       ****************


#********** Integration by Vegas (iteration       3) ************
#                                                               *
#  integral  =  2461.6139       accum. integral =  2461.7874    *
#  std. dev. =  9.6217505       accum. std. dev =  9.0708047    *
#   min/max. wt. =    0.00000             4.25192               *
#                                                               *
#*************   chi**2/iteration =  2.226       ****************


#********** Integration by Vegas (iteration       4) ************
#                                                               *
#  integral  =  2473.2843       accum. integral =  2465.9508    *
#  std. dev. =  12.479213       accum. std. dev =  7.3117306    *
#   min/max. wt. =    0.00000             11.9347               *
#                                                               *
#*************   chi**2/iteration =  1.647       ****************


#********** Integration by Vegas (iteration       5) ************
#                                                               *
#  integral  =  2476.0705       accum. integral =  2471.0971    *
#  std. dev. =  7.3907694       accum. std. dev =  5.1550886    *
#   min/max. wt. =    0.00000             3.09125               *
#                                                               *
#*************   chi**2/iteration =  1.462       ****************


#********** Integration by Vegas (iteration       6) ************
#                                                               *
#  integral  =  2470.1470       accum. integral =  2470.2907    *
#  std. dev. =  2.2195671       accum. std. dev =  2.0115712    *
#   min/max. wt. =    0.00000            0.254502               *
#                                                               *
#*************   chi**2/iteration =  1.168       ****************


#********** Integration by Vegas (iteration       7) ************
#                                                               *
#  integral  =  2470.8863       accum. integral =  2470.6815    *
#  std. dev. =  1.4809344       accum. std. dev =  1.1825331    *
#   min/max. wt. =    0.00000            0.247494               *
#                                                               *
#*************   chi**2/iteration = 0.9782       ****************


#********** Integration by Vegas (iteration       8) ************
#                                                               *
#  integral  =  2471.9276       accum. integral =  2471.1937    *
#  std. dev. =  1.4364533       accum. std. dev = 0.90920446    *
#   min/max. wt. =    0.00000            0.322741               *
#                                                               *
#*************   chi**2/iteration = 0.9003       ****************


#********** Integration by Vegas (iteration       9) ************
#                                                               *
#  integral  =  2470.7877       accum. integral =  2471.0685    *
#  std. dev. =  1.3786020       accum. std. dev = 0.75718594    *
#   min/max. wt. =    0.00000            0.287978               *
#                                                               *
#*************   chi**2/iteration = 0.7932       ****************


#********** Integration by Vegas (iteration      10) ************
#                                                               *
#  integral  =  2471.0089       accum. integral =  2471.0534    *
#  std. dev. =  1.3130023       accum. std. dev = 0.65483802    *
#   min/max. wt. =    0.00000            0.232152               *
#                                                               *
#*************   chi**2/iteration = 0.7037       ****************


#********** Integration by Vegas (iteration      11) ************
#                                                               *
#  integral  =  2469.2501       accum. integral =  2470.6841    *
#  std. dev. =  1.3023253       accum. std. dev = 0.58443944    *
#   min/max. wt. =    0.00000            0.230862               *
#                                                               *
#*************   chi**2/iteration = 0.7873       ****************


#********** Integration by Vegas (iteration      12) ************
#                                                               *
#  integral  =  2470.6859       accum. integral =  2470.6844    *
#  std. dev. =  1.2835743       accum. std. dev = 0.53147355    *
#   min/max. wt. =    0.00000            0.232881               *
#                                                               *
#*************   chi**2/iteration = 0.7147       ****************


#********** Integration by Vegas (iteration      13) ************
#                                                               *
#  integral  =  2472.4329       accum. integral =  2470.9472    *
#  std. dev. =  1.2750351       accum. std. dev = 0.49024877    *
#   min/max. wt. =    0.00000            0.144707               *
#                                                               *
#*************   chi**2/iteration = 0.7896       ****************


#********** Integration by Vegas (iteration      14) ************
#                                                               *
#  integral  =  2470.1877       accum. integral =  2470.8504    *
#  std. dev. =  1.2922622       accum. std. dev = 0.45818813    *
#   min/max. wt. =    0.00000            0.142116               *
#                                                               *
#*************   chi**2/iteration = 0.7516       ****************


#********** Integration by Vegas (iteration      15) ************
#                                                               *
#  integral  =  2471.8262       accum. integral =  2470.9540    *
#  std. dev. =  1.3392515       accum. std. dev = 0.43339467    *
#   min/max. wt. =    0.00000            0.354794               *
#                                                               *
#*************   chi**2/iteration = 0.7316       ****************


  Input parameters for vegas:  ndim=  9   ncall= 80707214.
                              it=    0    itmx=    2
                              acc=-1.00    
                              mds=  1     nd=  50
                              (xl,xu)= (  0.00000     ,  1.00000     )
                                       (  0.00000     ,  1.00000     )
                                       (  0.00000     ,  1.00000     )
                                       (  0.00000     ,  1.00000     )
                                       (  0.00000     ,  1.00000     )
                                       (  0.00000     ,  1.00000     )
                                       (  0.00000     ,  1.00000     )
                                       (  0.00000     ,  1.00000     )
                                       (  0.00000     ,  1.00000     )

#********** Integration by Vegas (iteration       1) ************
#                                                               *
#  integral  =  2471.9288       accum. integral =  2471.9288    *
#  std. dev. =  1.3050616       accum. std. dev =  1.3050616    *
#   min/max. wt. =    0.00000            0.728344E-01           *
#                                                               *
#*************   chi**2/iteration =  0.000       ****************


#********** Integration by Vegas (iteration       2) ************
#                                                               *
#  integral  =  2467.7470       accum. integral =  2469.8017    *
#  std. dev. =  1.2804721       accum. std. dev = 0.91401489    *
#   min/max. wt. =    0.00000            0.110148               *
#                                                               *
#*************   chi**2/iteration =  5.226       ****************

 Done
