SLURM job running in:  /scratch/groups/lhc/park/JHUGen/JHUGenerator
LHAPDF 6.1.5 loading /work-zfs/lhc/cms/slc6_amd64_gcc493/external/lhapdf/6.1.5-kpegke3/share/LHAPDF/NNPDF30_lo_as_0130/NNPDF30_lo_as_0130_0000.dat
NNPDF30_lo_as_0130 PDF set, member #0, version 2; LHAPDF ID = 263000
 
                                                                                          
   ***************************************************************************************
   *                                JHU Generator v6.9.3                                 *
   ***************************************************************************************
   *                                                                                     *
   *   Spin and parity determination of single-produced resonances at hadron colliders   *
   *                                                                                     *
   *          I. Anderson, S. Bolognesi, F. Caola, Y. Gao, A. Gritsan, Z. Guo,           *
   *        C. Martin, K. Melnikov, R.Rontsch, H. Roskes, U. Sarica, M. Schulze,         *
   *                   N. Tran, A. Whitbeck, M. Xiao, C. You, Y. Zhou                    *
   *                Phys.Rev. D81 (2010) 075022;  arXiv:1001.3396 [hep-ph],              *
   *                Phys.Rev. D86 (2012) 095031;  arXiv:1208.4018 [hep-ph],              *
   *                Phys.Rev. D89 (2014) 035007;  arXiv:1309.4819 [hep-ph].              *
   *                                                                                     *
   ***************************************************************************************
                                                                                          
   
   Command line: ./JHUGen Unweighted=0 VegasNc0=99999999 VegasNc1=99999999 VegasNc2=99999999 LHAPDF=NNPDF30_lo_as_0130/NNPDF30_lo_as_0130.info MReso=350 Process=61 ghg2=0,0 ghg4=1,0
   
   Input Parameter:
    Collider: P-P, sqrt(s)=13000.00
    Resonance: spin=0, mass= 350.00 width=   0.00407
    Jet cuts:
            pT >=    15.00 GeV
        DeltaR >=     0.30
           mJJ >=     0.00 GeV
    Random seed:   701841597
    To reproduce results using this seed, JHUGen should be compiled with the same compiler:
      GNU Fortran (GCC) 4.9.3
    
    WidthScheme:   2
    LHAPDF set NNPDF30_lo_as_0130/NNPDF30_lo_as_0130.info, member=  0
    Unweighted: F
    
    spin-0-VV couplings: 
      generate_as=F
      ghg2=  0.00000000E+00  0.00000000E+00i
      ghg3=  0.00000000E+00  0.00000000E+00i
      ghg4=  0.10000000E+01  0.00000000E+00i
      ghz1=  0.20000000E+01  0.00000000E+00i
      ghz2=  0.00000000E+00  0.00000000E+00i
      ghz3=  0.00000000E+00  0.00000000E+00i
      ghz4=  0.00000000E+00  0.00000000E+00i
      Lambda=  1000.0
    
    LHE output: ./data/output.lhe
    Histogram output: ./data/output.dat
    Log file: ./data/output.log
    
  Running

  Input parameters for vegas:  ndim=  9   ncall= 80707214.
                              it=    0    itmx=   15
                              acc=-1.00    
                              mds=  1     nd=  50
                              (xl,xu)= (  0.00000     ,  1.00000     )
                                       (  0.00000     ,  1.00000     )
                                       (  0.00000     ,  1.00000     )
                                       (  0.00000     ,  1.00000     )
                                       (  0.00000     ,  1.00000     )
                                       (  0.00000     ,  1.00000     )
                                       (  0.00000     ,  1.00000     )
                                       (  0.00000     ,  1.00000     )
                                       (  0.00000     ,  1.00000     )

#********** Integration by Vegas (iteration       1) ************
#                                                               *
#  integral  =  1860.0640       accum. integral =  1860.0640    *
#  std. dev. =  92.393532       accum. std. dev =  92.393532    *
#   min/max. wt. =    0.00000             63.3858               *
#                                                               *
#*************   chi**2/iteration =  0.000       ****************


#********** Integration by Vegas (iteration       2) ************
#                                                               *
#  integral  =  2155.7161       accum. integral =  2147.4989    *
#  std. dev. =  18.104988       accum. std. dev =  16.672459    *
#   min/max. wt. =    0.00000             8.66367               *
#                                                               *
#*************   chi**2/iteration =  8.489       ****************


#********** Integration by Vegas (iteration       3) ************
#                                                               *
#  integral  =  2199.5746       accum. integral =  2192.6966    *
#  std. dev. =  7.1055306       accum. std. dev =  6.2515870    *
#   min/max. wt. =    0.00000             2.52144               *
#                                                               *
#*************   chi**2/iteration =  7.964       ****************


#********** Integration by Vegas (iteration       4) ************
#                                                               *
#  integral  =  2205.5507       accum. integral =  2203.2462    *
#  std. dev. =  3.1023361       accum. std. dev =  2.6888385    *
#   min/max. wt. =    0.00000            0.736332               *
#                                                               *
#*************   chi**2/iteration =  6.267       ****************


#********** Integration by Vegas (iteration       5) ************
#                                                               *
#  integral  =  2206.4911       accum. integral =  2205.4953    *
#  std. dev. =  1.8709187       accum. std. dev =  1.5033992    *
#   min/max. wt. =    0.00000            0.513323               *
#                                                               *
#*************   chi**2/iteration =  4.862       ****************


#********** Integration by Vegas (iteration       6) ************
#                                                               *
#  integral  =  2207.0939       accum. integral =  2206.3063    *
#  std. dev. =  1.5353305       accum. std. dev =  1.0617210    *
#   min/max. wt. =    0.00000            0.360448               *
#                                                               *
#*************   chi**2/iteration =  3.956       ****************


#********** Integration by Vegas (iteration       7) ************
#                                                               *
#  integral  =  2208.4956       accum. integral =  2207.1581    *
#  std. dev. =  1.3712086       accum. std. dev = 0.83354143    *
#   min/max. wt. =    0.00000            0.263638               *
#                                                               *
#*************   chi**2/iteration =  3.541       ****************


#********** Integration by Vegas (iteration       8) ************
#                                                               *
#  integral  =  2207.1259       accum. integral =  2207.1477    *
#  std. dev. =  1.2325474       accum. std. dev = 0.68715350    *
#   min/max. wt. =    0.00000            0.151070               *
#                                                               *
#*************   chi**2/iteration =  3.016       ****************


#********** Integration by Vegas (iteration       9) ************
#                                                               *
#  integral  =  2207.8359       accum. integral =  2207.3181    *
#  std. dev. =  1.2244908       accum. std. dev = 0.59751029    *
#   min/max. wt. =    0.00000            0.223871               *
#                                                               *
#*************   chi**2/iteration =  2.656       ****************


#********** Integration by Vegas (iteration      10) ************
#                                                               *
#  integral  =  2210.0896       accum. integral =  2207.7118    *
#  std. dev. =  1.4993656       accum. std. dev = 0.55462588    *
#   min/max. wt. =    0.00000            0.885742               *
#                                                               *
#*************   chi**2/iteration =  2.689       ****************


#********** Integration by Vegas (iteration      11) ************
#                                                               *
#  integral  =  2209.1648       accum. integral =  2207.9099    *
#  std. dev. =  1.4216389       accum. std. dev = 0.51630354    *
#   min/max. wt. =    0.00000            0.818233E-01           *
#                                                               *
#*************   chi**2/iteration =  2.505       ****************


#********** Integration by Vegas (iteration      12) ************
#                                                               *
#  integral  =  2208.3771       accum. integral =  2207.9764    *
#  std. dev. =  1.2876362       accum. std. dev = 0.47878223    *
#   min/max. wt. =    0.00000            0.449087               *
#                                                               *
#*************   chi**2/iteration =  2.282       ****************


#********** Integration by Vegas (iteration      13) ************
#                                                               *
#  integral  =  2208.9975       accum. integral =  2208.1155    *
#  std. dev. =  1.2240449       accum. std. dev = 0.44550648    *
#   min/max. wt. =    0.00000            0.919654E-01           *
#                                                               *
#*************   chi**2/iteration =  2.139       ****************


#********** Integration by Vegas (iteration      14) ************
#                                                               *
#  integral  =  2207.7493       accum. integral =  2208.0679    *
#  std. dev. =  1.1677535       accum. std. dev = 0.41593108    *
#   min/max. wt. =    0.00000            0.131758               *
#                                                               *
#*************   chi**2/iteration =  1.977       ****************


#********** Integration by Vegas (iteration      15) ************
#                                                               *
#  integral  =  2209.0816       accum. integral =  2208.1738    *
#  std. dev. =  1.2337610       accum. std. dev = 0.39395320    *
#   min/max. wt. =    0.00000            0.315792               *
#                                                               *
#*************   chi**2/iteration =  1.877       ****************


  Input parameters for vegas:  ndim=  9   ncall= 80707214.
                              it=    0    itmx=    2
                              acc=-1.00    
                              mds=  1     nd=  50
                              (xl,xu)= (  0.00000     ,  1.00000     )
                                       (  0.00000     ,  1.00000     )
                                       (  0.00000     ,  1.00000     )
                                       (  0.00000     ,  1.00000     )
                                       (  0.00000     ,  1.00000     )
                                       (  0.00000     ,  1.00000     )
                                       (  0.00000     ,  1.00000     )
                                       (  0.00000     ,  1.00000     )
                                       (  0.00000     ,  1.00000     )

#********** Integration by Vegas (iteration       1) ************
#                                                               *
#  integral  =  2205.3079       accum. integral =  2205.3079    *
#  std. dev. =  1.1873335       accum. std. dev =  1.1873335    *
#   min/max. wt. =    0.00000            0.108018               *
#                                                               *
#*************   chi**2/iteration =  0.000       ****************


#********** Integration by Vegas (iteration       2) ************
#                                                               *
#  integral  =  2208.6164       accum. integral =  2206.8989    *
#  std. dev. =  1.2355101       accum. std. dev = 0.85612215    *
#   min/max. wt. =    0.00000            0.341065               *
#                                                               *
#*************   chi**2/iteration =  3.724       ****************

 Done
