SLURM job running in:  /scratch/groups/lhc/park/JHUGen/JHUGenerator
LHAPDF 6.1.5 loading /work-zfs/lhc/cms/slc6_amd64_gcc493/external/lhapdf/6.1.5-kpegke3/share/LHAPDF/NNPDF30_lo_as_0130/NNPDF30_lo_as_0130_0000.dat
NNPDF30_lo_as_0130 PDF set, member #0, version 2; LHAPDF ID = 263000
 
                                                                                          
   ***************************************************************************************
   *                                JHU Generator v6.9.3                                 *
   ***************************************************************************************
   *                                                                                     *
   *   Spin and parity determination of single-produced resonances at hadron colliders   *
   *                                                                                     *
   *          I. Anderson, S. Bolognesi, F. Caola, Y. Gao, A. Gritsan, Z. Guo,           *
   *        C. Martin, K. Melnikov, R.Rontsch, H. Roskes, U. Sarica, M. Schulze,         *
   *                   N. Tran, A. Whitbeck, M. Xiao, C. You, Y. Zhou                    *
   *                Phys.Rev. D81 (2010) 075022;  arXiv:1001.3396 [hep-ph],              *
   *                Phys.Rev. D86 (2012) 095031;  arXiv:1208.4018 [hep-ph],              *
   *                Phys.Rev. D89 (2014) 035007;  arXiv:1309.4819 [hep-ph].              *
   *                                                                                     *
   ***************************************************************************************
                                                                                          
   
   Command line: ./JHUGen Unweighted=0 VegasNc0=99999999 VegasNc1=99999999 VegasNc2=99999999 LHAPDF=NNPDF30_lo_as_0130/NNPDF30_lo_as_0130.info MReso=362 Process=61 ghg2=0,0 ghg4=1,0
   
   Input Parameter:
    Collider: P-P, sqrt(s)=13000.00
    Resonance: spin=0, mass= 362.00 width=   0.00407
    Jet cuts:
            pT >=    15.00 GeV
        DeltaR >=     0.30
           mJJ >=     0.00 GeV
    Random seed:   234110565
    To reproduce results using this seed, JHUGen should be compiled with the same compiler:
      GNU Fortran (GCC) 4.9.3
    
    WidthScheme:   2
    LHAPDF set NNPDF30_lo_as_0130/NNPDF30_lo_as_0130.info, member=  0
    Unweighted: F
    
    spin-0-VV couplings: 
      generate_as=F
      ghg2=  0.00000000E+00  0.00000000E+00i
      ghg3=  0.00000000E+00  0.00000000E+00i
      ghg4=  0.10000000E+01  0.00000000E+00i
      ghz1=  0.20000000E+01  0.00000000E+00i
      ghz2=  0.00000000E+00  0.00000000E+00i
      ghz3=  0.00000000E+00  0.00000000E+00i
      ghz4=  0.00000000E+00  0.00000000E+00i
      Lambda=  1000.0
    
    LHE output: ./data/output.lhe
    Histogram output: ./data/output.dat
    Log file: ./data/output.log
    
  Running

  Input parameters for vegas:  ndim=  9   ncall= 80707214.
                              it=    0    itmx=   15
                              acc=-1.00    
                              mds=  1     nd=  50
                              (xl,xu)= (  0.00000     ,  1.00000     )
                                       (  0.00000     ,  1.00000     )
                                       (  0.00000     ,  1.00000     )
                                       (  0.00000     ,  1.00000     )
                                       (  0.00000     ,  1.00000     )
                                       (  0.00000     ,  1.00000     )
                                       (  0.00000     ,  1.00000     )
                                       (  0.00000     ,  1.00000     )
                                       (  0.00000     ,  1.00000     )

#********** Integration by Vegas (iteration       1) ************
#                                                               *
#  integral  =  1806.7289       accum. integral =  1806.7289    *
#  std. dev. =  86.758893       accum. std. dev =  86.758893    *
#   min/max. wt. =    0.00000             55.6815               *
#                                                               *
#*************   chi**2/iteration =  0.000       ****************


#********** Integration by Vegas (iteration       2) ************
#                                                               *
#  integral  =  2250.2116       accum. integral =  1901.6736    *
#  std. dev. =  207.03038       accum. std. dev =  86.867204    *
#   min/max. wt. =    0.00000             194.455               *
#                                                               *
#*************   chi**2/iteration =  4.381       ****************


#********** Integration by Vegas (iteration       3) ************
#                                                               *
#  integral  =  2044.8927       accum. integral =  2037.5764    *
#  std. dev. =  20.197995       accum. std. dev =  19.647511    *
#   min/max. wt. =    0.00000             6.69185               *
#                                                               *
#*************   chi**2/iteration =  3.476       ****************


#********** Integration by Vegas (iteration       4) ************
#                                                               *
#  integral  =  2042.7830       accum. integral =  2042.6170    *
#  std. dev. =  3.5662746       accum. std. dev =  3.5079745    *
#   min/max. wt. =    0.00000             1.55666               *
#                                                               *
#*************   chi**2/iteration =  2.340       ****************


#********** Integration by Vegas (iteration       5) ************
#                                                               *
#  integral  =  2054.1720       accum. integral =  2049.7176    *
#  std. dev. =  2.7947239       accum. std. dev =  2.1805896    *
#   min/max. wt. =    0.00000             1.24375               *
#                                                               *
#*************   chi**2/iteration =  3.413       ****************


#********** Integration by Vegas (iteration       6) ************
#                                                               *
#  integral  =  2049.8445       accum. integral =  2049.7915    *
#  std. dev. =  1.8531096       accum. std. dev =  1.4105837    *
#   min/max. wt. =    0.00000            0.590030               *
#                                                               *
#*************   chi**2/iteration =  2.729       ****************


#********** Integration by Vegas (iteration       7) ************
#                                                               *
#  integral  =  2054.2415       accum. integral =  2052.2830    *
#  std. dev. =  1.2559751       accum. std. dev = 0.93636056    *
#   min/max. wt. =    0.00000            0.130273               *
#                                                               *
#*************   chi**2/iteration =  3.199       ****************


#********** Integration by Vegas (iteration       8) ************
#                                                               *
#  integral  =  2052.8294       accum. integral =  2052.4891    *
#  std. dev. =  1.2071062       accum. std. dev = 0.73930750    *
#   min/max. wt. =    0.00000            0.406852               *
#                                                               *
#*************   chi**2/iteration =  2.758       ****************


#********** Integration by Vegas (iteration       9) ************
#                                                               *
#  integral  =  2051.8471       accum. integral =  2052.2925    *
#  std. dev. =  1.1154160       accum. std. dev = 0.61598161    *
#   min/max. wt. =    0.00000            0.831691E-01           *
#                                                               *
#*************   chi**2/iteration =  2.441       ****************


#********** Integration by Vegas (iteration      10) ************
#                                                               *
#  integral  =  2049.9112       accum. integral =  2051.7011    *
#  std. dev. =  1.0725934       accum. std. dev = 0.53408701    *
#   min/max. wt. =    0.00000            0.115803               *
#                                                               *
#*************   chi**2/iteration =  2.582       ****************


#********** Integration by Vegas (iteration      11) ************
#                                                               *
#  integral  =  2052.0296       accum. integral =  2051.7615    *
#  std. dev. =  1.1268612       accum. std. dev = 0.48253897    *
#   min/max. wt. =    0.00000            0.270234               *
#                                                               *
#*************   chi**2/iteration =  2.330       ****************


#********** Integration by Vegas (iteration      12) ************
#                                                               *
#  integral  =  2050.9063       accum. integral =  2051.6315    *
#  std. dev. =  1.1406286       accum. std. dev = 0.44437199    *
#   min/max. wt. =    0.00000            0.302455               *
#                                                               *
#*************   chi**2/iteration =  2.161       ****************


#********** Integration by Vegas (iteration      13) ************
#                                                               *
#  integral  =  2051.5036       accum. integral =  2051.6132    *
#  std. dev. =  1.0902103       accum. std. dev = 0.41146484    *
#   min/max. wt. =    0.00000            0.114762               *
#                                                               *
#*************   chi**2/iteration =  1.982       ****************


#********** Integration by Vegas (iteration      14) ************
#                                                               *
#  integral  =  2052.9152       accum. integral =  2051.7544    *
#  std. dev. =  1.1819705       accum. std. dev = 0.38856435    *
#   min/max. wt. =    0.00000            0.384304               *
#                                                               *
#*************   chi**2/iteration =  1.912       ****************


#********** Integration by Vegas (iteration      15) ************
#                                                               *
#  integral  =  2053.0589       accum. integral =  2051.8932    *
#  std. dev. =  1.1281854       accum. std. dev = 0.36735776    *
#   min/max. wt. =    0.00000            0.115360               *
#                                                               *
#*************   chi**2/iteration =  1.861       ****************


  Input parameters for vegas:  ndim=  9   ncall= 80707214.
                              it=    0    itmx=    2
                              acc=-1.00    
                              mds=  1     nd=  50
                              (xl,xu)= (  0.00000     ,  1.00000     )
                                       (  0.00000     ,  1.00000     )
                                       (  0.00000     ,  1.00000     )
                                       (  0.00000     ,  1.00000     )
                                       (  0.00000     ,  1.00000     )
                                       (  0.00000     ,  1.00000     )
                                       (  0.00000     ,  1.00000     )
                                       (  0.00000     ,  1.00000     )
                                       (  0.00000     ,  1.00000     )

#********** Integration by Vegas (iteration       1) ************
#                                                               *
#  integral  =  2052.2252       accum. integral =  2052.2252    *
#  std. dev. =  1.0642268       accum. std. dev =  1.0642268    *
#   min/max. wt. =    0.00000            0.749673E-01           *
#                                                               *
#*************   chi**2/iteration =  0.000       ****************


#********** Integration by Vegas (iteration       2) ************
#                                                               *
#  integral  =  2053.5434       accum. integral =  2052.8637    *
#  std. dev. =  1.0986424       accum. std. dev = 0.76440715    *
#   min/max. wt. =    0.00000            0.168086               *
#                                                               *
#*************   chi**2/iteration = 0.7420       ****************

 Done
