SLURM job running in:  /scratch/groups/lhc/park/JHUGen/JHUGenerator
LHAPDF 6.1.5 loading /work-zfs/lhc/cms/slc6_amd64_gcc493/external/lhapdf/6.1.5-kpegke3/share/LHAPDF/NNPDF30_lo_as_0130/NNPDF30_lo_as_0130_0000.dat
NNPDF30_lo_as_0130 PDF set, member #0, version 2; LHAPDF ID = 263000
 
                                                                                          
   ***************************************************************************************
   *                                JHU Generator v6.9.3                                 *
   ***************************************************************************************
   *                                                                                     *
   *   Spin and parity determination of single-produced resonances at hadron colliders   *
   *                                                                                     *
   *          I. Anderson, S. Bolognesi, F. Caola, Y. Gao, A. Gritsan, Z. Guo,           *
   *        C. Martin, K. Melnikov, R.Rontsch, H. Roskes, U. Sarica, M. Schulze,         *
   *                   N. Tran, A. Whitbeck, M. Xiao, C. You, Y. Zhou                    *
   *                Phys.Rev. D81 (2010) 075022;  arXiv:1001.3396 [hep-ph],              *
   *                Phys.Rev. D86 (2012) 095031;  arXiv:1208.4018 [hep-ph],              *
   *                Phys.Rev. D89 (2014) 035007;  arXiv:1309.4819 [hep-ph].              *
   *                                                                                     *
   ***************************************************************************************
                                                                                          
   
   Command line: ./JHUGen Unweighted=0 VegasNc0=99999999 VegasNc1=99999999 VegasNc2=99999999 LHAPDF=NNPDF30_lo_as_0130/NNPDF30_lo_as_0130.info MReso=394 Process=61 ghg2=0,0 ghg4=1,0
   
   Input Parameter:
    Collider: P-P, sqrt(s)=13000.00
    Resonance: spin=0, mass= 394.00 width=   0.00407
    Jet cuts:
            pT >=    15.00 GeV
        DeltaR >=     0.30
           mJJ >=     0.00 GeV
    Random seed:   500705820
    To reproduce results using this seed, JHUGen should be compiled with the same compiler:
      GNU Fortran (GCC) 4.9.3
    
    WidthScheme:   2
    LHAPDF set NNPDF30_lo_as_0130/NNPDF30_lo_as_0130.info, member=  0
    Unweighted: F
    
    spin-0-VV couplings: 
      generate_as=F
      ghg2=  0.00000000E+00  0.00000000E+00i
      ghg3=  0.00000000E+00  0.00000000E+00i
      ghg4=  0.10000000E+01  0.00000000E+00i
      ghz1=  0.20000000E+01  0.00000000E+00i
      ghz2=  0.00000000E+00  0.00000000E+00i
      ghz3=  0.00000000E+00  0.00000000E+00i
      ghz4=  0.00000000E+00  0.00000000E+00i
      Lambda=  1000.0
    
    LHE output: ./data/output.lhe
    Histogram output: ./data/output.dat
    Log file: ./data/output.log
    
  Running

  Input parameters for vegas:  ndim=  9   ncall= 80707214.
                              it=    0    itmx=   15
                              acc=-1.00    
                              mds=  1     nd=  50
                              (xl,xu)= (  0.00000     ,  1.00000     )
                                       (  0.00000     ,  1.00000     )
                                       (  0.00000     ,  1.00000     )
                                       (  0.00000     ,  1.00000     )
                                       (  0.00000     ,  1.00000     )
                                       (  0.00000     ,  1.00000     )
                                       (  0.00000     ,  1.00000     )
                                       (  0.00000     ,  1.00000     )
                                       (  0.00000     ,  1.00000     )

#********** Integration by Vegas (iteration       1) ************
#                                                               *
#  integral  =  1662.5176       accum. integral =  1662.5176    *
#  std. dev. =  134.00832       accum. std. dev =  134.00832    *
#   min/max. wt. =    0.00000             95.4197               *
#                                                               *
#*************   chi**2/iteration =  0.000       ****************


#********** Integration by Vegas (iteration       2) ************
#                                                               *
#  integral  =  1649.2916       accum. integral =  1649.4379    *
#  std. dev. =  14.060588       accum. std. dev =  14.038776    *
#   min/max. wt. =    0.00000             6.99058               *
#                                                               *
#*************   chi**2/iteration = 0.9700E-02   ****************


#********** Integration by Vegas (iteration       3) ************
#                                                               *
#  integral  =  1693.0196       accum. integral =  1685.4028    *
#  std. dev. =  6.6053961       accum. std. dev =  5.9131438    *
#   min/max. wt. =    0.00000             3.33280               *
#                                                               *
#*************   chi**2/iteration =  3.920       ****************


#********** Integration by Vegas (iteration       4) ************
#                                                               *
#  integral  =  1703.4312       accum. integral =  1699.9697    *
#  std. dev. =  2.9430370       accum. std. dev =  2.6047356    *
#   min/max. wt. =    0.00000             1.31227               *
#                                                               *
#*************   chi**2/iteration =  5.063       ****************


#********** Integration by Vegas (iteration       5) ************
#                                                               *
#  integral  =  1699.7203       accum. integral =  1699.7860    *
#  std. dev. =  1.5784913       accum. std. dev =  1.3404149    *
#   min/max. wt. =    0.00000            0.445850               *
#                                                               *
#*************   chi**2/iteration =  3.779       ****************


#********** Integration by Vegas (iteration       6) ************
#                                                               *
#  integral  =  1703.1819       accum. integral =  1701.6475    *
#  std. dev. =  1.2324488       accum. std. dev = 0.90292518    *
#   min/max. wt. =    0.00000            0.436808               *
#                                                               *
#*************   chi**2/iteration =  3.711       ****************


#********** Integration by Vegas (iteration       7) ************
#                                                               *
#  integral  =  1701.2772       accum. integral =  1701.4837    *
#  std. dev. =  1.0235577       accum. std. dev = 0.67523302    *
#   min/max. wt. =    0.00000            0.110395               *
#                                                               *
#*************   chi**2/iteration =  3.096       ****************


#********** Integration by Vegas (iteration       8) ************
#                                                               *
#  integral  =  1701.6425       accum. integral =  1701.5380    *
#  std. dev. = 0.94488162       accum. std. dev = 0.54840017    *
#   min/max. wt. =    0.00000            0.121531               *
#                                                               *
#*************   chi**2/iteration =  2.651       ****************


#********** Integration by Vegas (iteration       9) ************
#                                                               *
#  integral  =  1701.4028       accum. integral =  1701.5045    *
#  std. dev. = 0.96192510       accum. std. dev = 0.47596034    *
#   min/max. wt. =    0.00000            0.249582               *
#                                                               *
#*************   chi**2/iteration =  2.318       ****************


#********** Integration by Vegas (iteration      10) ************
#                                                               *
#  integral  =  1703.6282       accum. integral =  1701.9332    *
#  std. dev. = 0.95352949       accum. std. dev = 0.42553164    *
#   min/max. wt. =    0.00000            0.107919               *
#                                                               *
#*************   chi**2/iteration =  2.503       ****************


#********** Integration by Vegas (iteration      11) ************
#                                                               *
#  integral  =  1701.9233       accum. integral =  1701.9314    *
#  std. dev. = 0.90689452       accum. std. dev = 0.38502980    *
#   min/max. wt. =    0.00000            0.140961               *
#                                                               *
#*************   chi**2/iteration =  2.251       ****************


#********** Integration by Vegas (iteration      12) ************
#                                                               *
#  integral  =  1701.0413       accum. integral =  1701.8038    *
#  std. dev. = 0.94576354       accum. std. dev = 0.35650937    *
#   min/max. wt. =    0.00000            0.202526               *
#                                                               *
#*************   chi**2/iteration =  2.114       ****************


#********** Integration by Vegas (iteration      13) ************
#                                                               *
#  integral  =  1702.3619       accum. integral =  1701.8797    *
#  std. dev. = 0.90307954       accum. std. dev = 0.33150567    *
#   min/max. wt. =    0.00000            0.538897E-01           *
#                                                               *
#*************   chi**2/iteration =  1.964       ****************


#********** Integration by Vegas (iteration      14) ************
#                                                               *
#  integral  =  1701.7400       accum. integral =  1701.8629    *
#  std. dev. = 0.89875386       accum. std. dev = 0.31095637    *
#   min/max. wt. =    0.00000            0.912685E-01           *
#                                                               *
#*************   chi**2/iteration =  1.813       ****************


#********** Integration by Vegas (iteration      15) ************
#                                                               *
#  integral  =  1700.9117       accum. integral =  1701.7608    *
#  std. dev. = 0.89993302       accum. std. dev = 0.29386342    *
#   min/max. wt. =    0.00000            0.116508               *
#                                                               *
#*************   chi**2/iteration =  1.755       ****************


  Input parameters for vegas:  ndim=  9   ncall= 80707214.
                              it=    0    itmx=    2
                              acc=-1.00    
                              mds=  1     nd=  50
                              (xl,xu)= (  0.00000     ,  1.00000     )
                                       (  0.00000     ,  1.00000     )
                                       (  0.00000     ,  1.00000     )
                                       (  0.00000     ,  1.00000     )
                                       (  0.00000     ,  1.00000     )
                                       (  0.00000     ,  1.00000     )
                                       (  0.00000     ,  1.00000     )
                                       (  0.00000     ,  1.00000     )
                                       (  0.00000     ,  1.00000     )

#********** Integration by Vegas (iteration       1) ************
#                                                               *
#  integral  =  1700.5295       accum. integral =  1700.5295    *
#  std. dev. = 0.91243719       accum. std. dev = 0.91243719    *
#   min/max. wt. =    0.00000            0.186670               *
#                                                               *
#*************   chi**2/iteration = 0.1678E-05   ****************


#********** Integration by Vegas (iteration       2) ************
#                                                               *
#  integral  =  1701.5741       accum. integral =  1701.0527    *
#  std. dev. = 0.91145054       accum. std. dev = 0.64484119    *
#   min/max. wt. =    0.00000            0.104635               *
#                                                               *
#*************   chi**2/iteration = 0.6554       ****************

 Done
