SLURM job running in:  /scratch/groups/lhc/park/JHUGen/JHUGenerator
LHAPDF 6.1.5 loading /work-zfs/lhc/cms/slc6_amd64_gcc493/external/lhapdf/6.1.5-kpegke3/share/LHAPDF/NNPDF30_lo_as_0130/NNPDF30_lo_as_0130_0000.dat
NNPDF30_lo_as_0130 PDF set, member #0, version 2; LHAPDF ID = 263000
 
                                                                                          
   ***************************************************************************************
   *                                JHU Generator v6.9.3                                 *
   ***************************************************************************************
   *                                                                                     *
   *   Spin and parity determination of single-produced resonances at hadron colliders   *
   *                                                                                     *
   *          I. Anderson, S. Bolognesi, F. Caola, Y. Gao, A. Gritsan, Z. Guo,           *
   *        C. Martin, K. Melnikov, R.Rontsch, H. Roskes, U. Sarica, M. Schulze,         *
   *                   N. Tran, A. Whitbeck, M. Xiao, C. You, Y. Zhou                    *
   *                Phys.Rev. D81 (2010) 075022;  arXiv:1001.3396 [hep-ph],              *
   *                Phys.Rev. D86 (2012) 095031;  arXiv:1208.4018 [hep-ph],              *
   *                Phys.Rev. D89 (2014) 035007;  arXiv:1309.4819 [hep-ph].              *
   *                                                                                     *
   ***************************************************************************************
                                                                                          
   
   Command line: ./JHUGen Unweighted=0 VegasNc0=99999999 VegasNc1=99999999 VegasNc2=99999999 LHAPDF=NNPDF30_lo_as_0130/NNPDF30_lo_as_0130.info MReso=440 Process=61 ghg2=0,0 ghg4=1,0
   
   Input Parameter:
    Collider: P-P, sqrt(s)=13000.00
    Resonance: spin=0, mass= 440.00 width=   0.00407
    Jet cuts:
            pT >=    15.00 GeV
        DeltaR >=     0.30
           mJJ >=     0.00 GeV
    Random seed:   230788023
    To reproduce results using this seed, JHUGen should be compiled with the same compiler:
      GNU Fortran (GCC) 4.9.3
    
    WidthScheme:   2
    LHAPDF set NNPDF30_lo_as_0130/NNPDF30_lo_as_0130.info, member=  0
    Unweighted: F
    
    spin-0-VV couplings: 
      generate_as=F
      ghg2=  0.00000000E+00  0.00000000E+00i
      ghg3=  0.00000000E+00  0.00000000E+00i
      ghg4=  0.10000000E+01  0.00000000E+00i
      ghz1=  0.20000000E+01  0.00000000E+00i
      ghz2=  0.00000000E+00  0.00000000E+00i
      ghz3=  0.00000000E+00  0.00000000E+00i
      ghz4=  0.00000000E+00  0.00000000E+00i
      Lambda=  1000.0
    
    LHE output: ./data/output.lhe
    Histogram output: ./data/output.dat
    Log file: ./data/output.log
    
  Running

  Input parameters for vegas:  ndim=  9   ncall= 80707214.
                              it=    0    itmx=   15
                              acc=-1.00    
                              mds=  1     nd=  50
                              (xl,xu)= (  0.00000     ,  1.00000     )
                                       (  0.00000     ,  1.00000     )
                                       (  0.00000     ,  1.00000     )
                                       (  0.00000     ,  1.00000     )
                                       (  0.00000     ,  1.00000     )
                                       (  0.00000     ,  1.00000     )
                                       (  0.00000     ,  1.00000     )
                                       (  0.00000     ,  1.00000     )
                                       (  0.00000     ,  1.00000     )

#********** Integration by Vegas (iteration       1) ************
#                                                               *
#  integral  =  1110.1146       accum. integral =  1110.1146    *
#  std. dev. =  56.680921       accum. std. dev =  56.680921    *
#   min/max. wt. =    0.00000             36.1765               *
#                                                               *
#*************   chi**2/iteration =  0.000       ****************


#********** Integration by Vegas (iteration       2) ************
#                                                               *
#  integral  =  1314.1015       accum. integral =  1287.5675    *
#  std. dev. =  25.945262       accum. std. dev =  22.399739    *
#   min/max. wt. =    0.00000             20.9771               *
#                                                               *
#*************   chi**2/iteration =  9.375       ****************


#********** Integration by Vegas (iteration       3) ************
#                                                               *
#  integral  =  1313.6060       accum. integral =  1311.6409    *
#  std. dev. =  6.9112343       accum. std. dev =  6.3217207    *
#   min/max. wt. =    0.00000             3.54138               *
#                                                               *
#*************   chi**2/iteration =  5.035       ****************


#********** Integration by Vegas (iteration       4) ************
#                                                               *
#  integral  =  1325.0640       accum. integral =  1322.0594    *
#  std. dev. =  3.5998100       accum. std. dev =  3.0370435    *
#   min/max. wt. =    0.00000             2.00631               *
#                                                               *
#*************   chi**2/iteration =  4.387       ****************


#********** Integration by Vegas (iteration       5) ************
#                                                               *
#  integral  =  1319.9763       accum. integral =  1320.5771    *
#  std. dev. =  2.0111659       accum. std. dev =  1.6442711    *
#   min/max. wt. =    0.00000            0.987836               *
#                                                               *
#*************   chi**2/iteration =  3.320       ****************


#********** Integration by Vegas (iteration       6) ************
#                                                               *
#  integral  =  1319.2078       accum. integral =  1319.5874    *
#  std. dev. =  1.0501474       accum. std. dev = 0.87033075    *
#   min/max. wt. =    0.00000            0.101182               *
#                                                               *
#*************   chi**2/iteration =  2.727       ****************


#********** Integration by Vegas (iteration       7) ************
#                                                               *
#  integral  =  1319.4922       accum. integral =  1319.5357    *
#  std. dev. = 0.81857587       accum. std. dev = 0.59031953    *
#   min/max. wt. =    0.00000            0.169980               *
#                                                               *
#*************   chi**2/iteration =  2.257       ****************


#********** Integration by Vegas (iteration       8) ************
#                                                               *
#  integral  =  1320.3568       accum. integral =  1319.8463    *
#  std. dev. = 0.77402634       accum. std. dev = 0.46679138    *
#   min/max. wt. =    0.00000            0.217594               *
#                                                               *
#*************   chi**2/iteration =  2.027       ****************


#********** Integration by Vegas (iteration       9) ************
#                                                               *
#  integral  =  1321.0233       accum. integral =  1320.1829    *
#  std. dev. = 0.75261561       accum. std. dev = 0.39533612    *
#   min/max. wt. =    0.00000            0.594244E-01           *
#                                                               *
#*************   chi**2/iteration =  1.992       ****************


#********** Integration by Vegas (iteration      10) ************
#                                                               *
#  integral  =  1321.8652       accum. integral =  1320.5698    *
#  std. dev. = 0.73700849       accum. std. dev = 0.34757290    *
#   min/max. wt. =    0.00000            0.162669               *
#                                                               *
#*************   chi**2/iteration =  2.225       ****************


#********** Integration by Vegas (iteration      11) ************
#                                                               *
#  integral  =  1321.3677       accum. integral =  1320.7274    *
#  std. dev. = 0.71213987       accum. std. dev = 0.31183281    *
#   min/max. wt. =    0.00000            0.515243E-01           *
#                                                               *
#*************   chi**2/iteration =  2.100       ****************


#********** Integration by Vegas (iteration      12) ************
#                                                               *
#  integral  =  1321.1333       accum. integral =  1320.7961    *
#  std. dev. = 0.70062376       accum. std. dev = 0.28454418    *
#   min/max. wt. =    0.00000            0.531594E-01           *
#                                                               *
#*************   chi**2/iteration =  1.931       ****************


#********** Integration by Vegas (iteration      13) ************
#                                                               *
#  integral  =  1320.2627       accum. integral =  1320.7203    *
#  std. dev. = 0.70765506       accum. std. dev = 0.26379037    *
#   min/max. wt. =    0.00000            0.799319E-01           *
#                                                               *
#*************   chi**2/iteration =  1.808       ****************


#********** Integration by Vegas (iteration      14) ************
#                                                               *
#  integral  =  1320.5150       accum. integral =  1320.6970    *
#  std. dev. = 0.74647298       accum. std. dev = 0.24859876    *
#   min/max. wt. =    0.00000            0.248555               *
#                                                               *
#*************   chi**2/iteration =  1.671       ****************


#********** Integration by Vegas (iteration      15) ************
#                                                               *
#  integral  =  1320.1427       accum. integral =  1320.6391    *
#  std. dev. = 0.73631054       accum. std. dev = 0.23544493    *
#   min/max. wt. =    0.00000            0.760837E-01           *
#                                                               *
#*************   chi**2/iteration =  1.587       ****************


  Input parameters for vegas:  ndim=  9   ncall= 80707214.
                              it=    0    itmx=    2
                              acc=-1.00    
                              mds=  1     nd=  50
                              (xl,xu)= (  0.00000     ,  1.00000     )
                                       (  0.00000     ,  1.00000     )
                                       (  0.00000     ,  1.00000     )
                                       (  0.00000     ,  1.00000     )
                                       (  0.00000     ,  1.00000     )
                                       (  0.00000     ,  1.00000     )
                                       (  0.00000     ,  1.00000     )
                                       (  0.00000     ,  1.00000     )
                                       (  0.00000     ,  1.00000     )

#********** Integration by Vegas (iteration       1) ************
#                                                               *
#  integral  =  1320.9404       accum. integral =  1320.9404    *
#  std. dev. = 0.71286948       accum. std. dev = 0.71286948    *
#   min/max. wt. =    0.00000            0.923486E-01           *
#                                                               *
#*************   chi**2/iteration =  0.000       ****************


#********** Integration by Vegas (iteration       2) ************
#                                                               *
#  integral  =  1321.0347       accum. integral =  1320.9880    *
#  std. dev. = 0.70677460       accum. std. dev = 0.50190595    *
#   min/max. wt. =    0.00000            0.738411E-01           *
#                                                               *
#*************   chi**2/iteration = 0.8825E-02   ****************

 Done
