SLURM job running in:  /scratch/groups/lhc/park/JHUGen/JHUGenerator
LHAPDF 6.1.5 loading /work-zfs/lhc/cms/slc6_amd64_gcc493/external/lhapdf/6.1.5-kpegke3/share/LHAPDF/NNPDF30_lo_as_0130/NNPDF30_lo_as_0130_0000.dat
NNPDF30_lo_as_0130 PDF set, member #0, version 2; LHAPDF ID = 263000
 
                                                                                          
   ***************************************************************************************
   *                                JHU Generator v6.9.3                                 *
   ***************************************************************************************
   *                                                                                     *
   *   Spin and parity determination of single-produced resonances at hadron colliders   *
   *                                                                                     *
   *          I. Anderson, S. Bolognesi, F. Caola, Y. Gao, A. Gritsan, Z. Guo,           *
   *        C. Martin, K. Melnikov, R.Rontsch, H. Roskes, U. Sarica, M. Schulze,         *
   *                   N. Tran, A. Whitbeck, M. Xiao, C. You, Y. Zhou                    *
   *                Phys.Rev. D81 (2010) 075022;  arXiv:1001.3396 [hep-ph],              *
   *                Phys.Rev. D86 (2012) 095031;  arXiv:1208.4018 [hep-ph],              *
   *                Phys.Rev. D89 (2014) 035007;  arXiv:1309.4819 [hep-ph].              *
   *                                                                                     *
   ***************************************************************************************
                                                                                          
   
   Command line: ./JHUGen Unweighted=0 VegasNc0=99999999 VegasNc1=99999999 VegasNc2=99999999 LHAPDF=NNPDF30_lo_as_0130/NNPDF30_lo_as_0130.info MReso=540 Process=61 ghg2=0,0 ghg4=1,0
   
   Input Parameter:
    Collider: P-P, sqrt(s)=13000.00
    Resonance: spin=0, mass= 540.00 width=   0.00407
    Jet cuts:
            pT >=    15.00 GeV
        DeltaR >=     0.30
           mJJ >=     0.00 GeV
    Random seed:   843785059
    To reproduce results using this seed, JHUGen should be compiled with the same compiler:
      GNU Fortran (GCC) 4.9.3
    
    WidthScheme:   2
    LHAPDF set NNPDF30_lo_as_0130/NNPDF30_lo_as_0130.info, member=  0
    Unweighted: F
    
    spin-0-VV couplings: 
      generate_as=F
      ghg2=  0.00000000E+00  0.00000000E+00i
      ghg3=  0.00000000E+00  0.00000000E+00i
      ghg4=  0.10000000E+01  0.00000000E+00i
      ghz1=  0.20000000E+01  0.00000000E+00i
      ghz2=  0.00000000E+00  0.00000000E+00i
      ghz3=  0.00000000E+00  0.00000000E+00i
      ghz4=  0.00000000E+00  0.00000000E+00i
      Lambda=  1000.0
    
    LHE output: ./data/output.lhe
    Histogram output: ./data/output.dat
    Log file: ./data/output.log
    
  Running

  Input parameters for vegas:  ndim=  9   ncall= 80707214.
                              it=    0    itmx=   15
                              acc=-1.00    
                              mds=  1     nd=  50
                              (xl,xu)= (  0.00000     ,  1.00000     )
                                       (  0.00000     ,  1.00000     )
                                       (  0.00000     ,  1.00000     )
                                       (  0.00000     ,  1.00000     )
                                       (  0.00000     ,  1.00000     )
                                       (  0.00000     ,  1.00000     )
                                       (  0.00000     ,  1.00000     )
                                       (  0.00000     ,  1.00000     )
                                       (  0.00000     ,  1.00000     )

#********** Integration by Vegas (iteration       1) ************
#                                                               *
#  integral  =  799.16660       accum. integral =  799.16660    *
#  std. dev. =  72.790013       accum. std. dev =  72.790013    *
#   min/max. wt. =    0.00000             50.1280               *
#                                                               *
#*************   chi**2/iteration =  0.000       ****************


#********** Integration by Vegas (iteration       2) ************
#                                                               *
#  integral  =  783.04665       accum. integral =  783.27637    *
#  std. dev. =  8.5754384       accum. std. dev =  8.6021994    *
#   min/max. wt. =    0.00000             3.80837               *
#                                                               *
#*************   chi**2/iteration = 0.4928E-01   ****************


#********** Integration by Vegas (iteration       3) ************
#                                                               *
#  integral  =  795.47986       accum. integral =  794.15032    *
#  std. dev. =  3.0243844       accum. std. dev =  2.8445303    *
#   min/max. wt. =    0.00000             1.43181               *
#                                                               *
#*************   chi**2/iteration = 0.9175       ****************


#********** Integration by Vegas (iteration       4) ************
#                                                               *
#  integral  =  801.82546       accum. integral =  800.42343    *
#  std. dev. =  1.3604345       accum. std. dev =  1.2193126    *
#   min/max. wt. =    0.00000            0.453902               *
#                                                               *
#*************   chi**2/iteration =  2.579       ****************


#********** Integration by Vegas (iteration       5) ************
#                                                               *
#  integral  =  802.41863       accum. integral =  801.45404    *
#  std. dev. =  1.1907515       accum. std. dev = 0.84940685    *
#   min/max. wt. =    0.00000            0.914793               *
#                                                               *
#*************   chi**2/iteration =  2.272       ****************


#********** Integration by Vegas (iteration       6) ************
#                                                               *
#  integral  =  802.05416       accum. integral =  801.76161    *
#  std. dev. = 0.83425494       accum. std. dev = 0.59375392    *
#   min/max. wt. =    0.00000            0.149843               *
#                                                               *
#*************   chi**2/iteration =  1.864       ****************


#********** Integration by Vegas (iteration       7) ************
#                                                               *
#  integral  =  802.71854       accum. integral =  802.29230    *
#  std. dev. = 0.53570307       accum. std. dev = 0.39665495    *
#   min/max. wt. =    0.00000            0.116171               *
#                                                               *
#*************   chi**2/iteration =  1.790       ****************


#********** Integration by Vegas (iteration       8) ************
#                                                               *
#  integral  =  801.99742       accum. integral =  802.16891    *
#  std. dev. = 0.46989352       accum. std. dev = 0.30267476    *
#   min/max. wt. =    0.00000            0.733155E-01           *
#                                                               *
#*************   chi**2/iteration =  1.566       ****************


#********** Integration by Vegas (iteration       9) ************
#                                                               *
#  integral  =  801.72897       accum. integral =  802.04769    *
#  std. dev. = 0.49270305       accum. std. dev = 0.25773465    *
#   min/max. wt. =    0.00000            0.163919               *
#                                                               *
#*************   chi**2/iteration =  1.441       ****************


#********** Integration by Vegas (iteration      10) ************
#                                                               *
#  integral  =  801.43963       accum. integral =  801.90993    *
#  std. dev. = 0.47767380       accum. std. dev = 0.22673527    *
#   min/max. wt. =    0.00000            0.613495E-01           *
#                                                               *
#*************   chi**2/iteration =  1.421       ****************


#********** Integration by Vegas (iteration      11) ************
#                                                               *
#  integral  =  802.08612       accum. integral =  801.94686    *
#  std. dev. = 0.44186387       accum. std. dev = 0.20164193    *
#   min/max. wt. =    0.00000            0.598390E-01           *
#                                                               *
#*************   chi**2/iteration =  1.290       ****************


#********** Integration by Vegas (iteration      12) ************
#                                                               *
#  integral  =  802.04106       accum. integral =  801.96389    *
#  std. dev. = 0.43064289       accum. std. dev = 0.18255795    *
#   min/max. wt. =    0.00000            0.506876E-01           *
#                                                               *
#*************   chi**2/iteration =  1.176       ****************


#********** Integration by Vegas (iteration      13) ************
#                                                               *
#  integral  =  802.85171       accum. integral =  802.05686    *
#  std. dev. = 0.53588267       accum. std. dev = 0.17278715    *
#   min/max. wt. =    0.00000            0.317088               *
#                                                               *
#*************   chi**2/iteration =  1.284       ****************


#********** Integration by Vegas (iteration      14) ************
#                                                               *
#  integral  =  802.66776       accum. integral =  802.11783    *
#  std. dev. = 0.52072030       accum. std. dev = 0.16397882    *
#   min/max. wt. =    0.00000            0.482450E-01           *
#                                                               *
#*************   chi**2/iteration =  1.280       ****************


#********** Integration by Vegas (iteration      15) ************
#                                                               *
#  integral  =  801.99609       accum. integral =  802.10365    *
#  std. dev. = 0.45267566       accum. std. dev = 0.15415727    *
#   min/max. wt. =    0.00000            0.103410               *
#                                                               *
#*************   chi**2/iteration =  1.193       ****************


  Input parameters for vegas:  ndim=  9   ncall= 80707214.
                              it=    0    itmx=    2
                              acc=-1.00    
                              mds=  1     nd=  50
                              (xl,xu)= (  0.00000     ,  1.00000     )
                                       (  0.00000     ,  1.00000     )
                                       (  0.00000     ,  1.00000     )
                                       (  0.00000     ,  1.00000     )
                                       (  0.00000     ,  1.00000     )
                                       (  0.00000     ,  1.00000     )
                                       (  0.00000     ,  1.00000     )
                                       (  0.00000     ,  1.00000     )
                                       (  0.00000     ,  1.00000     )

#********** Integration by Vegas (iteration       1) ************
#                                                               *
#  integral  =  801.71203       accum. integral =  801.71203    *
#  std. dev. = 0.43856983       accum. std. dev = 0.43856983    *
#   min/max. wt. =    0.00000            0.452260E-01           *
#                                                               *
#*************   chi**2/iteration =  0.000       ****************


#********** Integration by Vegas (iteration       2) ************
#                                                               *
#  integral  =  802.00489       accum. integral =  801.85439    *
#  std. dev. = 0.45107820       accum. std. dev = 0.31444644    *
#   min/max. wt. =    0.00000            0.117272               *
#                                                               *
#*************   chi**2/iteration = 0.2165       ****************

 Done
