SLURM job running in:  /scratch/groups/lhc/park/JHUGen/JHUGenerator
LHAPDF 6.1.5 loading /work-zfs/lhc/cms/slc6_amd64_gcc493/external/lhapdf/6.1.5-kpegke3/share/LHAPDF/NNPDF30_lo_as_0130/NNPDF30_lo_as_0130_0000.dat
NNPDF30_lo_as_0130 PDF set, member #0, version 2; LHAPDF ID = 263000
 
                                                                                          
   ***************************************************************************************
   *                                JHU Generator v6.9.3                                 *
   ***************************************************************************************
   *                                                                                     *
   *   Spin and parity determination of single-produced resonances at hadron colliders   *
   *                                                                                     *
   *          I. Anderson, S. Bolognesi, F. Caola, Y. Gao, A. Gritsan, Z. Guo,           *
   *        C. Martin, K. Melnikov, R.Rontsch, H. Roskes, U. Sarica, M. Schulze,         *
   *                   N. Tran, A. Whitbeck, M. Xiao, C. You, Y. Zhou                    *
   *                Phys.Rev. D81 (2010) 075022;  arXiv:1001.3396 [hep-ph],              *
   *                Phys.Rev. D86 (2012) 095031;  arXiv:1208.4018 [hep-ph],              *
   *                Phys.Rev. D89 (2014) 035007;  arXiv:1309.4819 [hep-ph].              *
   *                                                                                     *
   ***************************************************************************************
                                                                                          
   
   Command line: ./JHUGen Unweighted=0 VegasNc0=99999999 VegasNc1=99999999 VegasNc2=99999999 LHAPDF=NNPDF30_lo_as_0130/NNPDF30_lo_as_0130.info MReso=575 Process=61 ghg2=0,0 ghg4=1,0
   
   Input Parameter:
    Collider: P-P, sqrt(s)=13000.00
    Resonance: spin=0, mass= 575.00 width=   0.00407
    Jet cuts:
            pT >=    15.00 GeV
        DeltaR >=     0.30
           mJJ >=     0.00 GeV
    Random seed:   344584529
    To reproduce results using this seed, JHUGen should be compiled with the same compiler:
      GNU Fortran (GCC) 4.9.3
    
    WidthScheme:   2
    LHAPDF set NNPDF30_lo_as_0130/NNPDF30_lo_as_0130.info, member=  0
    Unweighted: F
    
    spin-0-VV couplings: 
      generate_as=F
      ghg2=  0.00000000E+00  0.00000000E+00i
      ghg3=  0.00000000E+00  0.00000000E+00i
      ghg4=  0.10000000E+01  0.00000000E+00i
      ghz1=  0.20000000E+01  0.00000000E+00i
      ghz2=  0.00000000E+00  0.00000000E+00i
      ghz3=  0.00000000E+00  0.00000000E+00i
      ghz4=  0.00000000E+00  0.00000000E+00i
      Lambda=  1000.0
    
    LHE output: ./data/output.lhe
    Histogram output: ./data/output.dat
    Log file: ./data/output.log
    
  Running

  Input parameters for vegas:  ndim=  9   ncall= 80707214.
                              it=    0    itmx=   15
                              acc=-1.00    
                              mds=  1     nd=  50
                              (xl,xu)= (  0.00000     ,  1.00000     )
                                       (  0.00000     ,  1.00000     )
                                       (  0.00000     ,  1.00000     )
                                       (  0.00000     ,  1.00000     )
                                       (  0.00000     ,  1.00000     )
                                       (  0.00000     ,  1.00000     )
                                       (  0.00000     ,  1.00000     )
                                       (  0.00000     ,  1.00000     )
                                       (  0.00000     ,  1.00000     )

#********** Integration by Vegas (iteration       1) ************
#                                                               *
#  integral  =  632.48421       accum. integral =  632.48421    *
#  std. dev. =  48.435980       accum. std. dev =  48.435980    *
#   min/max. wt. =    0.00000             32.7042               *
#                                                               *
#*************   chi**2/iteration = 0.2481E-10   ****************


#********** Integration by Vegas (iteration       2) ************
#                                                               *
#  integral  =  713.31486       accum. integral =  687.53354    *
#  std. dev. =  37.383173       accum. std. dev =  29.155134    *
#   min/max. wt. =    0.00000             35.3891               *
#                                                               *
#*************   chi**2/iteration =  1.668       ****************


#********** Integration by Vegas (iteration       3) ************
#                                                               *
#  integral  =  678.73408       accum. integral =  678.89462    *
#  std. dev. =  4.0017413       accum. std. dev =  3.9470880    *
#   min/max. wt. =    0.00000             1.03657               *
#                                                               *
#*************   chi**2/iteration = 0.8751       ****************


#********** Integration by Vegas (iteration       4) ************
#                                                               *
#  integral  =  682.99667       accum. integral =  682.46581    *
#  std. dev. =  1.5383458       accum. std. dev =  1.4238028    *
#   min/max. wt. =    0.00000            0.768163               *
#                                                               *
#*************   chi**2/iteration = 0.8919       ****************


#********** Integration by Vegas (iteration       5) ************
#                                                               *
#  integral  =  681.85261       accum. integral =  681.99297    *
#  std. dev. = 0.78070891       accum. std. dev = 0.68206242    *
#   min/max. wt. =    0.00000            0.132479               *
#                                                               *
#*************   chi**2/iteration = 0.7029       ****************


#********** Integration by Vegas (iteration       6) ************
#                                                               *
#  integral  =  682.56440       accum. integral =  682.36084    *
#  std. dev. = 0.51051436       accum. std. dev = 0.40751432    *
#   min/max. wt. =    0.00000            0.838743E-01           *
#                                                               *
#*************   chi**2/iteration = 0.6514       ****************


#********** Integration by Vegas (iteration       7) ************
#                                                               *
#  integral  =  681.70801       accum. integral =  682.04795    *
#  std. dev. = 0.42641718       accum. std. dev = 0.29423010    *
#   min/max. wt. =    0.00000            0.565788E-01           *
#                                                               *
#*************   chi**2/iteration = 0.7470       ****************


#********** Integration by Vegas (iteration       8) ************
#                                                               *
#  integral  =  682.14619       accum. integral =  682.08312    *
#  std. dev. = 0.39559652       accum. std. dev = 0.23587246    *
#   min/max. wt. =    0.00000            0.569990E-01           *
#                                                               *
#*************   chi**2/iteration = 0.6453       ****************


#********** Integration by Vegas (iteration       9) ************
#                                                               *
#  integral  =  682.22247       accum. integral =  682.12215    *
#  std. dev. = 0.37952068       accum. std. dev = 0.20021362    *
#   min/max. wt. =    0.00000            0.468369E-01           *
#                                                               *
#*************   chi**2/iteration = 0.5764       ****************


#********** Integration by Vegas (iteration      10) ************
#                                                               *
#  integral  =  682.73679       accum. integral =  682.23633    *
#  std. dev. = 0.42081163       accum. std. dev = 0.18073352    *
#   min/max. wt. =    0.00000            0.159644               *
#                                                               *
#*************   chi**2/iteration = 0.7064       ****************


#********** Integration by Vegas (iteration      11) ************
#                                                               *
#  integral  =  682.33968       accum. integral =  682.25413    *
#  std. dev. = 0.39741954       accum. std. dev = 0.16448077    *
#   min/max. wt. =    0.00000            0.326434E-01           *
#                                                               *
#*************   chi**2/iteration = 0.6410       ****************


#********** Integration by Vegas (iteration      12) ************
#                                                               *
#  integral  =  682.12571       accum. integral =  682.23356    *
#  std. dev. = 0.37758874       accum. std. dev = 0.15076755    *
#   min/max. wt. =    0.00000            0.565536E-01           *
#                                                               *
#*************   chi**2/iteration = 0.5914       ****************


#********** Integration by Vegas (iteration      13) ************
#                                                               *
#  integral  =  682.71189       accum. integral =  682.29478    *
#  std. dev. = 0.39473227       accum. std. dev = 0.14082211    *
#   min/max. wt. =    0.00000            0.129349               *
#                                                               *
#*************   chi**2/iteration = 0.6491       ****************


#********** Integration by Vegas (iteration      14) ************
#                                                               *
#  integral  =  682.35785       accum. integral =  682.30231    *
#  std. dev. = 0.38341466       accum. std. dev = 0.13217382    *
#   min/max. wt. =    0.00000            0.487366E-01           *
#                                                               *
#*************   chi**2/iteration = 0.6009       ****************


#********** Integration by Vegas (iteration      15) ************
#                                                               *
#  integral  =  682.21244       accum. integral =  682.29223    *
#  std. dev. = 0.37258162       accum. std. dev = 0.12455699    *
#   min/max. wt. =    0.00000            0.339739E-01           *
#                                                               *
#*************   chi**2/iteration = 0.5615       ****************


  Input parameters for vegas:  ndim=  9   ncall= 80707214.
                              it=    0    itmx=    2
                              acc=-1.00    
                              mds=  1     nd=  50
                              (xl,xu)= (  0.00000     ,  1.00000     )
                                       (  0.00000     ,  1.00000     )
                                       (  0.00000     ,  1.00000     )
                                       (  0.00000     ,  1.00000     )
                                       (  0.00000     ,  1.00000     )
                                       (  0.00000     ,  1.00000     )
                                       (  0.00000     ,  1.00000     )
                                       (  0.00000     ,  1.00000     )
                                       (  0.00000     ,  1.00000     )

#********** Integration by Vegas (iteration       1) ************
#                                                               *
#  integral  =  682.64187       accum. integral =  682.64187    *
#  std. dev. = 0.39095488       accum. std. dev = 0.39095488    *
#   min/max. wt. =    0.00000            0.927677E-01           *
#                                                               *
#*************   chi**2/iteration =  0.000       ****************


#********** Integration by Vegas (iteration       2) ************
#                                                               *
#  integral  =  682.22667       accum. integral =  682.42616    *
#  std. dev. = 0.37574109       accum. std. dev = 0.27091116    *
#   min/max. wt. =    0.00000            0.320057E-01           *
#                                                               *
#*************   chi**2/iteration = 0.5857       ****************

 Done
