SLURM job running in:  /scratch/groups/lhc/park/JHUGen/JHUGenerator
LHAPDF 6.1.5 loading /work-zfs/lhc/cms/slc6_amd64_gcc493/external/lhapdf/6.1.5-kpegke3/share/LHAPDF/NNPDF30_lo_as_0130/NNPDF30_lo_as_0130_0000.dat
NNPDF30_lo_as_0130 PDF set, member #0, version 2; LHAPDF ID = 263000
 
                                                                                          
   ***************************************************************************************
   *                                JHU Generator v6.9.3                                 *
   ***************************************************************************************
   *                                                                                     *
   *   Spin and parity determination of single-produced resonances at hadron colliders   *
   *                                                                                     *
   *          I. Anderson, S. Bolognesi, F. Caola, Y. Gao, A. Gritsan, Z. Guo,           *
   *        C. Martin, K. Melnikov, R.Rontsch, H. Roskes, U. Sarica, M. Schulze,         *
   *                   N. Tran, A. Whitbeck, M. Xiao, C. You, Y. Zhou                    *
   *                Phys.Rev. D81 (2010) 075022;  arXiv:1001.3396 [hep-ph],              *
   *                Phys.Rev. D86 (2012) 095031;  arXiv:1208.4018 [hep-ph],              *
   *                Phys.Rev. D89 (2014) 035007;  arXiv:1309.4819 [hep-ph].              *
   *                                                                                     *
   ***************************************************************************************
                                                                                          
   
   Command line: ./JHUGen Unweighted=0 VegasNc0=99999999 VegasNc1=99999999 VegasNc2=99999999 LHAPDF=NNPDF30_lo_as_0130/NNPDF30_lo_as_0130.info MReso=580 Process=61 ghg2=0,0 ghg4=1,0
   
   Input Parameter:
    Collider: P-P, sqrt(s)=13000.00
    Resonance: spin=0, mass= 580.00 width=   0.00407
    Jet cuts:
            pT >=    15.00 GeV
        DeltaR >=     0.30
           mJJ >=     0.00 GeV
    Random seed:   333256114
    To reproduce results using this seed, JHUGen should be compiled with the same compiler:
      GNU Fortran (GCC) 4.9.3
    
    WidthScheme:   2
    LHAPDF set NNPDF30_lo_as_0130/NNPDF30_lo_as_0130.info, member=  0
    Unweighted: F
    
    spin-0-VV couplings: 
      generate_as=F
      ghg2=  0.00000000E+00  0.00000000E+00i
      ghg3=  0.00000000E+00  0.00000000E+00i
      ghg4=  0.10000000E+01  0.00000000E+00i
      ghz1=  0.20000000E+01  0.00000000E+00i
      ghz2=  0.00000000E+00  0.00000000E+00i
      ghz3=  0.00000000E+00  0.00000000E+00i
      ghz4=  0.00000000E+00  0.00000000E+00i
      Lambda=  1000.0
    
    LHE output: ./data/output.lhe
    Histogram output: ./data/output.dat
    Log file: ./data/output.log
    
  Running

  Input parameters for vegas:  ndim=  9   ncall= 80707214.
                              it=    0    itmx=   15
                              acc=-1.00    
                              mds=  1     nd=  50
                              (xl,xu)= (  0.00000     ,  1.00000     )
                                       (  0.00000     ,  1.00000     )
                                       (  0.00000     ,  1.00000     )
                                       (  0.00000     ,  1.00000     )
                                       (  0.00000     ,  1.00000     )
                                       (  0.00000     ,  1.00000     )
                                       (  0.00000     ,  1.00000     )
                                       (  0.00000     ,  1.00000     )
                                       (  0.00000     ,  1.00000     )

#********** Integration by Vegas (iteration       1) ************
#                                                               *
#  integral  =  638.57069       accum. integral =  638.57069    *
#  std. dev. =  50.091116       accum. std. dev =  50.091116    *
#   min/max. wt. =    0.00000             29.0548               *
#                                                               *
#*************   chi**2/iteration =  0.000       ****************


#********** Integration by Vegas (iteration       2) ************
#                                                               *
#  integral  =  639.50294       accum. integral =  639.48747    *
#  std. dev. =  6.5161412       accum. std. dev =  6.4571455    *
#   min/max. wt. =    0.00000             2.86865               *
#                                                               *
#*************   chi**2/iteration = 0.3398E-03   ****************


#********** Integration by Vegas (iteration       3) ************
#                                                               *
#  integral  =  662.53530       accum. integral =  657.77352    *
#  std. dev. =  3.4162382       accum. std. dev =  2.9714238    *
#   min/max. wt. =    0.00000             1.87331               *
#                                                               *
#*************   chi**2/iteration =  4.929       ****************


#********** Integration by Vegas (iteration       4) ************
#                                                               *
#  integral  =  667.18205       accum. integral =  665.48447    *
#  std. dev. =  1.4377715       accum. std. dev =  1.2721488    *
#   min/max. wt. =    0.00000            0.521551               *
#                                                               *
#*************   chi**2/iteration =  5.930       ****************


#********** Integration by Vegas (iteration       5) ************
#                                                               *
#  integral  =  667.20234       accum. integral =  666.81268    *
#  std. dev. = 0.70502080       accum. std. dev = 0.60871122    *
#   min/max. wt. =    0.00000            0.134899               *
#                                                               *
#*************   chi**2/iteration =  4.756       ****************


#********** Integration by Vegas (iteration       6) ************
#                                                               *
#  integral  =  667.49034       accum. integral =  667.16390    *
#  std. dev. = 0.59791565       accum. std. dev = 0.42381944    *
#   min/max. wt. =    0.00000            0.338410               *
#                                                               *
#*************   chi**2/iteration =  3.908       ****************


#********** Integration by Vegas (iteration       7) ************
#                                                               *
#  integral  =  667.04435       accum. integral =  667.11458    *
#  std. dev. = 0.51334533       accum. std. dev = 0.32554563    *
#   min/max. wt. =    0.00000            0.103749               *
#                                                               *
#*************   chi**2/iteration =  3.249       ****************


#********** Integration by Vegas (iteration       8) ************
#                                                               *
#  integral  =  667.90983       accum. integral =  667.42979    *
#  std. dev. = 0.40741585       accum. std. dev = 0.25337889    *
#   min/max. wt. =    0.00000            0.467114E-01           *
#                                                               *
#*************   chi**2/iteration =  3.111       ****************


#********** Integration by Vegas (iteration       9) ************
#                                                               *
#  integral  =  667.90700       accum. integral =  667.54199    *
#  std. dev. = 0.46263213       accum. std. dev = 0.22190356    *
#   min/max. wt. =    0.00000            0.266161               *
#                                                               *
#*************   chi**2/iteration =  2.819       ****************


#********** Integration by Vegas (iteration      10) ************
#                                                               *
#  integral  =  667.91242       accum. integral =  667.61446    *
#  std. dev. = 0.45484243       accum. std. dev = 0.19923356    *
#   min/max. wt. =    0.00000            0.605934E-01           *
#                                                               *
#*************   chi**2/iteration =  2.561       ****************


#********** Integration by Vegas (iteration      11) ************
#                                                               *
#  integral  =  666.77469       accum. integral =  667.42813    *
#  std. dev. = 0.37611835       accum. std. dev = 0.17587565    *
#   min/max. wt. =    0.00000            0.504075E-01           *
#                                                               *
#*************   chi**2/iteration =  2.695       ****************


#********** Integration by Vegas (iteration      12) ************
#                                                               *
#  integral  =  667.91076       accum. integral =  667.51831    *
#  std. dev. = 0.37021936       accum. std. dev = 0.15871555    *
#   min/max. wt. =    0.00000            0.445671E-01           *
#                                                               *
#*************   chi**2/iteration =  2.574       ****************


#********** Integration by Vegas (iteration      13) ************
#                                                               *
#  integral  =  667.45532       accum. integral =  667.50813    *
#  std. dev. = 0.36414518       accum. std. dev = 0.14540422    *
#   min/max. wt. =    0.00000            0.479796E-01           *
#                                                               *
#*************   chi**2/iteration =  2.359       ****************


#********** Integration by Vegas (iteration      14) ************
#                                                               *
#  integral  =  667.01671       accum. integral =  667.43998    *
#  std. dev. = 0.36468297       accum. std. dev = 0.13500768    *
#   min/max. wt. =    0.00000            0.523499E-01           *
#                                                               *
#*************   chi**2/iteration =  2.297       ****************


#********** Integration by Vegas (iteration      15) ************
#                                                               *
#  integral  =  667.79348       accum. integral =  667.48177    *
#  std. dev. = 0.37133178       accum. std. dev = 0.12683670    *
#   min/max. wt. =    0.00000            0.905949E-01           *
#                                                               *
#*************   chi**2/iteration =  2.189       ****************


  Input parameters for vegas:  ndim=  9   ncall= 80707214.
                              it=    0    itmx=    2
                              acc=-1.00    
                              mds=  1     nd=  50
                              (xl,xu)= (  0.00000     ,  1.00000     )
                                       (  0.00000     ,  1.00000     )
                                       (  0.00000     ,  1.00000     )
                                       (  0.00000     ,  1.00000     )
                                       (  0.00000     ,  1.00000     )
                                       (  0.00000     ,  1.00000     )
                                       (  0.00000     ,  1.00000     )
                                       (  0.00000     ,  1.00000     )
                                       (  0.00000     ,  1.00000     )

#********** Integration by Vegas (iteration       1) ************
#                                                               *
#  integral  =  667.47930       accum. integral =  667.47930    *
#  std. dev. = 0.36488284       accum. std. dev = 0.36488284    *
#   min/max. wt. =    0.00000            0.229257E-01           *
#                                                               *
#*************   chi**2/iteration = 0.1312E-05   ****************


#********** Integration by Vegas (iteration       2) ************
#                                                               *
#  integral  =  666.56766       accum. integral =  667.03077    *
#  std. dev. = 0.37026118       accum. std. dev = 0.25988919    *
#   min/max. wt. =    0.00000            0.558871E-01           *
#                                                               *
#*************   chi**2/iteration =  3.072       ****************

 Done
