SLURM job running in:  /scratch/groups/lhc/park/JHUGen/JHUGenerator
LHAPDF 6.1.5 loading /work-zfs/lhc/cms/slc6_amd64_gcc493/external/lhapdf/6.1.5-kpegke3/share/LHAPDF/NNPDF30_lo_as_0130/NNPDF30_lo_as_0130_0000.dat
NNPDF30_lo_as_0130 PDF set, member #0, version 2; LHAPDF ID = 263000
 
                                                                                          
   ***************************************************************************************
   *                                JHU Generator v6.9.3                                 *
   ***************************************************************************************
   *                                                                                     *
   *   Spin and parity determination of single-produced resonances at hadron colliders   *
   *                                                                                     *
   *          I. Anderson, S. Bolognesi, F. Caola, Y. Gao, A. Gritsan, Z. Guo,           *
   *        C. Martin, K. Melnikov, R.Rontsch, H. Roskes, U. Sarica, M. Schulze,         *
   *                   N. Tran, A. Whitbeck, M. Xiao, C. You, Y. Zhou                    *
   *                Phys.Rev. D81 (2010) 075022;  arXiv:1001.3396 [hep-ph],              *
   *                Phys.Rev. D86 (2012) 095031;  arXiv:1208.4018 [hep-ph],              *
   *                Phys.Rev. D89 (2014) 035007;  arXiv:1309.4819 [hep-ph].              *
   *                                                                                     *
   ***************************************************************************************
                                                                                          
   
   Command line: ./JHUGen Unweighted=0 VegasNc0=99999999 VegasNc1=99999999 VegasNc2=99999999 LHAPDF=NNPDF30_lo_as_0130/NNPDF30_lo_as_0130.info MReso=590 Process=61 ghg2=0,0 ghg4=1,0
   
   Input Parameter:
    Collider: P-P, sqrt(s)=13000.00
    Resonance: spin=0, mass= 590.00 width=   0.00407
    Jet cuts:
            pT >=    15.00 GeV
        DeltaR >=     0.30
           mJJ >=     0.00 GeV
    Random seed:   734214014
    To reproduce results using this seed, JHUGen should be compiled with the same compiler:
      GNU Fortran (GCC) 4.9.3
    
    WidthScheme:   2
    LHAPDF set NNPDF30_lo_as_0130/NNPDF30_lo_as_0130.info, member=  0
    Unweighted: F
    
    spin-0-VV couplings: 
      generate_as=F
      ghg2=  0.00000000E+00  0.00000000E+00i
      ghg3=  0.00000000E+00  0.00000000E+00i
      ghg4=  0.10000000E+01  0.00000000E+00i
      ghz1=  0.20000000E+01  0.00000000E+00i
      ghz2=  0.00000000E+00  0.00000000E+00i
      ghz3=  0.00000000E+00  0.00000000E+00i
      ghz4=  0.00000000E+00  0.00000000E+00i
      Lambda=  1000.0
    
    LHE output: ./data/output.lhe
    Histogram output: ./data/output.dat
    Log file: ./data/output.log
    
  Running

  Input parameters for vegas:  ndim=  9   ncall= 80707214.
                              it=    0    itmx=   15
                              acc=-1.00    
                              mds=  1     nd=  50
                              (xl,xu)= (  0.00000     ,  1.00000     )
                                       (  0.00000     ,  1.00000     )
                                       (  0.00000     ,  1.00000     )
                                       (  0.00000     ,  1.00000     )
                                       (  0.00000     ,  1.00000     )
                                       (  0.00000     ,  1.00000     )
                                       (  0.00000     ,  1.00000     )
                                       (  0.00000     ,  1.00000     )
                                       (  0.00000     ,  1.00000     )

#********** Integration by Vegas (iteration       1) ************
#                                                               *
#  integral  =  764.76777       accum. integral =  764.76777    *
#  std. dev. =  196.42446       accum. std. dev =  196.42446    *
#   min/max. wt. =    0.00000             190.943               *
#                                                               *
#*************   chi**2/iteration =  0.000       ****************


#********** Integration by Vegas (iteration       2) ************
#                                                               *
#  integral  =  660.55611       accum. integral =  662.89808    *
#  std. dev. =  25.724331       accum. std. dev =  27.513129    *
#   min/max. wt. =    0.00000             17.5406               *
#                                                               *
#*************   chi**2/iteration = 0.3149       ****************


#********** Integration by Vegas (iteration       3) ************
#                                                               *
#  integral  =  643.46282       accum. integral =  644.92731    *
#  std. dev. =  7.0726525       accum. std. dev =  7.3105480    *
#   min/max. wt. =    0.00000             5.72724               *
#                                                               *
#*************   chi**2/iteration = 0.4142       ****************


#********** Integration by Vegas (iteration       4) ************
#                                                               *
#  integral  =  642.01935       accum. integral =  642.43398    *
#  std. dev. =  2.7671632       accum. std. dev =  2.7122974    *
#   min/max. wt. =    0.00000             1.46680               *
#                                                               *
#*************   chi**2/iteration = 0.3329       ****************


#********** Integration by Vegas (iteration       5) ************
#                                                               *
#  integral  =  638.32276       accum. integral =  639.19278    *
#  std. dev. =  1.3198763       accum. std. dev =  1.2329308    *
#   min/max. wt. =    0.00000            0.930395               *
#                                                               *
#*************   chi**2/iteration = 0.7194       ****************


#********** Integration by Vegas (iteration       6) ************
#                                                               *
#  integral  =  639.80871       accum. integral =  639.62424    *
#  std. dev. = 0.76806403       accum. std. dev = 0.66952287    *
#   min/max. wt. =    0.00000            0.225013               *
#                                                               *
#*************   chi**2/iteration = 0.6200       ****************


#********** Integration by Vegas (iteration       7) ************
#                                                               *
#  integral  =  637.74746       accum. integral =  638.31718    *
#  std. dev. = 0.42304034       accum. std. dev = 0.36666040    *
#   min/max. wt. =    0.00000            0.284799E-01           *
#                                                               *
#*************   chi**2/iteration =  1.446       ****************


#********** Integration by Vegas (iteration       8) ************
#                                                               *
#  integral  =  638.43303       accum. integral =  638.37165    *
#  std. dev. = 0.37511429       accum. std. dev = 0.26568487    *
#   min/max. wt. =    0.00000            0.506446E-01           *
#                                                               *
#*************   chi**2/iteration =  1.257       ****************


#********** Integration by Vegas (iteration       9) ************
#                                                               *
#  integral  =  638.61572       accum. integral =  638.45371    *
#  std. dev. = 0.36153160       accum. std. dev = 0.21571198    *
#   min/max. wt. =    0.00000            0.460407E-01           *
#                                                               *
#*************   chi**2/iteration =  1.144       ****************


#********** Integration by Vegas (iteration      10) ************
#                                                               *
#  integral  =  637.34408       accum. integral =  638.17288    *
#  std. dev. = 0.35941420       accum. std. dev = 0.18587338    *
#   min/max. wt. =    0.00000            0.629567E-01           *
#                                                               *
#*************   chi**2/iteration =  1.771       ****************


#********** Integration by Vegas (iteration      11) ************
#                                                               *
#  integral  =  637.32190       accum. integral =  638.00270    *
#  std. dev. = 0.36163301       accum. std. dev = 0.16584509    *
#   min/max. wt. =    0.00000            0.933670E-01           *
#                                                               *
#*************   chi**2/iteration =  2.023       ****************


#********** Integration by Vegas (iteration      12) ************
#                                                               *
#  integral  =  637.99353       accum. integral =  638.00114    *
#  std. dev. = 0.35842652       accum. std. dev = 0.15084602    *
#   min/max. wt. =    0.00000            0.557812E-01           *
#                                                               *
#*************   chi**2/iteration =  1.846       ****************


#********** Integration by Vegas (iteration      13) ************
#                                                               *
#  integral  =  638.27204       accum. integral =  638.04300    *
#  std. dev. = 0.34530042       accum. std. dev = 0.13847783    *
#   min/max. wt. =    0.00000            0.268909E-01           *
#                                                               *
#*************   chi**2/iteration =  1.740       ****************


#********** Integration by Vegas (iteration      14) ************
#                                                               *
#  integral  =  638.18377       accum. integral =  638.05394    *
#  std. dev. = 0.46736597       accum. std. dev = 0.13279685    *
#   min/max. wt. =    0.00000            0.315801               *
#                                                               *
#*************   chi**2/iteration =  1.617       ****************


#********** Integration by Vegas (iteration      15) ************
#                                                               *
#  integral  =  638.23996       accum. integral =  638.06761    *
#  std. dev. = 0.46278904       accum. std. dev = 0.12766777    *
#   min/max. wt. =    0.00000            0.241095E-01           *
#                                                               *
#*************   chi**2/iteration =  1.515       ****************


  Input parameters for vegas:  ndim=  9   ncall= 80707214.
                              it=    0    itmx=    2
                              acc=-1.00    
                              mds=  1     nd=  50
                              (xl,xu)= (  0.00000     ,  1.00000     )
                                       (  0.00000     ,  1.00000     )
                                       (  0.00000     ,  1.00000     )
                                       (  0.00000     ,  1.00000     )
                                       (  0.00000     ,  1.00000     )
                                       (  0.00000     ,  1.00000     )
                                       (  0.00000     ,  1.00000     )
                                       (  0.00000     ,  1.00000     )
                                       (  0.00000     ,  1.00000     )

#********** Integration by Vegas (iteration       1) ************
#                                                               *
#  integral  =  638.17362       accum. integral =  638.17362    *
#  std. dev. = 0.36403253       accum. std. dev = 0.36403253    *
#   min/max. wt. =    0.00000            0.282662E-01           *
#                                                               *
#*************   chi**2/iteration =  0.000       ****************


#********** Integration by Vegas (iteration       2) ************
#                                                               *
#  integral  =  638.20173       accum. integral =  638.18794    *
#  std. dev. = 0.35720567       accum. std. dev = 0.25496184    *
#   min/max. wt. =    0.00000            0.597945E-01           *
#                                                               *
#*************   chi**2/iteration = 0.3034E-02   ****************

 Done
