SLURM job running in:  /scratch/groups/lhc/park/JHUGen/JHUGenerator
LHAPDF 6.1.5 loading /work-zfs/lhc/cms/slc6_amd64_gcc493/external/lhapdf/6.1.5-kpegke3/share/LHAPDF/NNPDF30_lo_as_0130/NNPDF30_lo_as_0130_0000.dat
NNPDF30_lo_as_0130 PDF set, member #0, version 2; LHAPDF ID = 263000
 
                                                                                          
   ***************************************************************************************
   *                                JHU Generator v6.9.3                                 *
   ***************************************************************************************
   *                                                                                     *
   *   Spin and parity determination of single-produced resonances at hadron colliders   *
   *                                                                                     *
   *          I. Anderson, S. Bolognesi, F. Caola, Y. Gao, A. Gritsan, Z. Guo,           *
   *        C. Martin, K. Melnikov, R.Rontsch, H. Roskes, U. Sarica, M. Schulze,         *
   *                   N. Tran, A. Whitbeck, M. Xiao, C. You, Y. Zhou                    *
   *                Phys.Rev. D81 (2010) 075022;  arXiv:1001.3396 [hep-ph],              *
   *                Phys.Rev. D86 (2012) 095031;  arXiv:1208.4018 [hep-ph],              *
   *                Phys.Rev. D89 (2014) 035007;  arXiv:1309.4819 [hep-ph].              *
   *                                                                                     *
   ***************************************************************************************
                                                                                          
   
   Command line: ./JHUGen Unweighted=0 VegasNc0=99999999 VegasNc1=99999999 VegasNc2=99999999 LHAPDF=NNPDF30_lo_as_0130/NNPDF30_lo_as_0130.info MReso=665 Process=61 ghg2=0,0 ghg4=1,0
   
   Input Parameter:
    Collider: P-P, sqrt(s)=13000.00
    Resonance: spin=0, mass= 665.00 width=   0.00407
    Jet cuts:
            pT >=    15.00 GeV
        DeltaR >=     0.30
           mJJ >=     0.00 GeV
    Random seed:   869465078
    To reproduce results using this seed, JHUGen should be compiled with the same compiler:
      GNU Fortran (GCC) 4.9.3
    
    WidthScheme:   2
    LHAPDF set NNPDF30_lo_as_0130/NNPDF30_lo_as_0130.info, member=  0
    Unweighted: F
    
    spin-0-VV couplings: 
      generate_as=F
      ghg2=  0.00000000E+00  0.00000000E+00i
      ghg3=  0.00000000E+00  0.00000000E+00i
      ghg4=  0.10000000E+01  0.00000000E+00i
      ghz1=  0.20000000E+01  0.00000000E+00i
      ghz2=  0.00000000E+00  0.00000000E+00i
      ghz3=  0.00000000E+00  0.00000000E+00i
      ghz4=  0.00000000E+00  0.00000000E+00i
      Lambda=  1000.0
    
    LHE output: ./data/output.lhe
    Histogram output: ./data/output.dat
    Log file: ./data/output.log
    
  Running

  Input parameters for vegas:  ndim=  9   ncall= 80707214.
                              it=    0    itmx=   15
                              acc=-1.00    
                              mds=  1     nd=  50
                              (xl,xu)= (  0.00000     ,  1.00000     )
                                       (  0.00000     ,  1.00000     )
                                       (  0.00000     ,  1.00000     )
                                       (  0.00000     ,  1.00000     )
                                       (  0.00000     ,  1.00000     )
                                       (  0.00000     ,  1.00000     )
                                       (  0.00000     ,  1.00000     )
                                       (  0.00000     ,  1.00000     )
                                       (  0.00000     ,  1.00000     )

#********** Integration by Vegas (iteration       1) ************
#                                                               *
#  integral  =  404.52996       accum. integral =  404.52996    *
#  std. dev. =  34.879612       accum. std. dev =  34.879612    *
#   min/max. wt. =    0.00000             30.0394               *
#                                                               *
#*************   chi**2/iteration =  0.000       ****************


#********** Integration by Vegas (iteration       2) ************
#                                                               *
#  integral  =  459.28942       accum. integral =  455.06217    *
#  std. dev. =  11.453876       accum. std. dev =  10.367747    *
#   min/max. wt. =    0.00000             7.07830               *
#                                                               *
#*************   chi**2/iteration =  1.985       ****************


#********** Integration by Vegas (iteration       3) ************
#                                                               *
#  integral  =  461.28520       accum. integral =  460.69423    *
#  std. dev. =  3.5796240       accum. std. dev =  3.2666150    *
#   min/max. wt. =    0.00000             1.97571               *
#                                                               *
#*************   chi**2/iteration =  1.106       ****************


#********** Integration by Vegas (iteration       4) ************
#                                                               *
#  integral  =  459.55470       accum. integral =  459.63106    *
#  std. dev. = 0.90916971       accum. std. dev = 0.85383358    *
#   min/max. wt. =    0.00000            0.329915               *
#                                                               *
#*************   chi**2/iteration = 0.7603       ****************


#********** Integration by Vegas (iteration       5) ************
#                                                               *
#  integral  =  460.86459       accum. integral =  460.58998    *
#  std. dev. = 0.47129303       accum. std. dev = 0.40542992    *
#   min/max. wt. =    0.00000            0.116457               *
#                                                               *
#*************   chi**2/iteration = 0.9635       ****************


#********** Integration by Vegas (iteration       6) ************
#                                                               *
#  integral  =  461.90487       accum. integral =  461.30696    *
#  std. dev. = 0.38031919       accum. std. dev = 0.27464833    *
#   min/max. wt. =    0.00000            0.149857               *
#                                                               *
#*************   chi**2/iteration =  1.900       ****************


#********** Integration by Vegas (iteration       7) ************
#                                                               *
#  integral  =  462.02061       accum. integral =  461.62496    *
#  std. dev. = 0.31333597       accum. std. dev = 0.20517120    *
#   min/max. wt. =    0.00000            0.392119E-01           *
#                                                               *
#*************   chi**2/iteration =  2.071       ****************


#********** Integration by Vegas (iteration       8) ************
#                                                               *
#  integral  =  462.05765       accum. integral =  461.77339    *
#  std. dev. = 0.28947580       accum. std. dev = 0.16670693    *
#   min/max. wt. =    0.00000            0.602621E-01           *
#                                                               *
#*************   chi**2/iteration =  1.984       ****************


#********** Integration by Vegas (iteration       9) ************
#                                                               *
#  integral  =  462.44557       accum. integral =  461.91936    *
#  std. dev. = 0.32217165       accum. std. dev = 0.14779406    *
#   min/max. wt. =    0.00000            0.171841               *
#                                                               *
#*************   chi**2/iteration =  2.168       ****************


#********** Integration by Vegas (iteration      10) ************
#                                                               *
#  integral  =  461.97480       accum. integral =  461.93003    *
#  std. dev. = 0.30736060       accum. std. dev = 0.13302200    *
#   min/max. wt. =    0.00000            0.409858E-01           *
#                                                               *
#*************   chi**2/iteration =  1.925       ****************


#********** Integration by Vegas (iteration      11) ************
#                                                               *
#  integral  =  461.94079       accum. integral =  461.93235    *
#  std. dev. = 0.25699600       accum. std. dev = 0.11794661    *
#   min/max. wt. =    0.00000            0.174376E-01           *
#                                                               *
#*************   chi**2/iteration =  1.728       ****************


#********** Integration by Vegas (iteration      12) ************
#                                                               *
#  integral  =  461.79638       accum. integral =  461.90945    *
#  std. dev. = 0.26515024       accum. std. dev = 0.10766226    *
#   min/max. wt. =    0.00000            0.637046E-01           *
#                                                               *
#*************   chi**2/iteration =  1.588       ****************


#********** Integration by Vegas (iteration      13) ************
#                                                               *
#  integral  =  462.13457       accum. integral =  461.92493    *
#  std. dev. = 0.40067966       accum. std. dev = 0.10398568    *
#   min/max. wt. =    0.00000            0.305213               *
#                                                               *
#*************   chi**2/iteration =  1.478       ****************


#********** Integration by Vegas (iteration      14) ************
#                                                               *
#  integral  =  462.03714       accum. integral =  461.93221    *
#  std. dev. = 0.39888734       accum. std. dev = 0.10063090    *
#   min/max. wt. =    0.00000            0.345417E-01           *
#                                                               *
#*************   chi**2/iteration =  1.368       ****************


#********** Integration by Vegas (iteration      15) ************
#                                                               *
#  integral  =  461.91136       accum. integral =  461.92972    *
#  std. dev. = 0.27563517       accum. std. dev = 0.94483201E-01*
#   min/max. wt. =    0.00000            0.185354E-01           *
#                                                               *
#*************   chi**2/iteration =  1.269       ****************


  Input parameters for vegas:  ndim=  9   ncall= 80707214.
                              it=    0    itmx=    2
                              acc=-1.00    
                              mds=  1     nd=  50
                              (xl,xu)= (  0.00000     ,  1.00000     )
                                       (  0.00000     ,  1.00000     )
                                       (  0.00000     ,  1.00000     )
                                       (  0.00000     ,  1.00000     )
                                       (  0.00000     ,  1.00000     )
                                       (  0.00000     ,  1.00000     )
                                       (  0.00000     ,  1.00000     )
                                       (  0.00000     ,  1.00000     )
                                       (  0.00000     ,  1.00000     )

#********** Integration by Vegas (iteration       1) ************
#                                                               *
#  integral  =  461.95508       accum. integral =  461.95508    *
#  std. dev. = 0.26260235       accum. std. dev = 0.26260235    *
#   min/max. wt. =    0.00000            0.353885E-01           *
#                                                               *
#*************   chi**2/iteration =  0.000       ****************


#********** Integration by Vegas (iteration       2) ************
#                                                               *
#  integral  =  461.96585       accum. integral =  461.96065    *
#  std. dev. = 0.25375941       accum. std. dev = 0.18248108    *
#   min/max. wt. =    0.00000            0.249818E-01           *
#                                                               *
#*************   chi**2/iteration = 0.8704E-03   ****************

 Done
