SLURM job running in:  /scratch/groups/lhc/park/JHUGen/JHUGenerator
LHAPDF 6.1.5 loading /work-zfs/lhc/cms/slc6_amd64_gcc493/external/lhapdf/6.1.5-kpegke3/share/LHAPDF/NNPDF30_lo_as_0130/NNPDF30_lo_as_0130_0000.dat
NNPDF30_lo_as_0130 PDF set, member #0, version 2; LHAPDF ID = 263000
 
                                                                                          
   ***************************************************************************************
   *                                JHU Generator v6.9.3                                 *
   ***************************************************************************************
   *                                                                                     *
   *   Spin and parity determination of single-produced resonances at hadron colliders   *
   *                                                                                     *
   *          I. Anderson, S. Bolognesi, F. Caola, Y. Gao, A. Gritsan, Z. Guo,           *
   *        C. Martin, K. Melnikov, R.Rontsch, H. Roskes, U. Sarica, M. Schulze,         *
   *                   N. Tran, A. Whitbeck, M. Xiao, C. You, Y. Zhou                    *
   *                Phys.Rev. D81 (2010) 075022;  arXiv:1001.3396 [hep-ph],              *
   *                Phys.Rev. D86 (2012) 095031;  arXiv:1208.4018 [hep-ph],              *
   *                Phys.Rev. D89 (2014) 035007;  arXiv:1309.4819 [hep-ph].              *
   *                                                                                     *
   ***************************************************************************************
                                                                                          
   
   Command line: ./JHUGen Unweighted=0 VegasNc0=99999999 VegasNc1=99999999 VegasNc2=99999999 LHAPDF=NNPDF30_lo_as_0130/NNPDF30_lo_as_0130.info MReso=670 Process=61 ghg2=0,0 ghg4=1,0
   
   Input Parameter:
    Collider: P-P, sqrt(s)=13000.00
    Resonance: spin=0, mass= 670.00 width=   0.00407
    Jet cuts:
            pT >=    15.00 GeV
        DeltaR >=     0.30
           mJJ >=     0.00 GeV
    Random seed:   889589842
    To reproduce results using this seed, JHUGen should be compiled with the same compiler:
      GNU Fortran (GCC) 4.9.3
    
    WidthScheme:   2
    LHAPDF set NNPDF30_lo_as_0130/NNPDF30_lo_as_0130.info, member=  0
    Unweighted: F
    
    spin-0-VV couplings: 
      generate_as=F
      ghg2=  0.00000000E+00  0.00000000E+00i
      ghg3=  0.00000000E+00  0.00000000E+00i
      ghg4=  0.10000000E+01  0.00000000E+00i
      ghz1=  0.20000000E+01  0.00000000E+00i
      ghz2=  0.00000000E+00  0.00000000E+00i
      ghz3=  0.00000000E+00  0.00000000E+00i
      ghz4=  0.00000000E+00  0.00000000E+00i
      Lambda=  1000.0
    
    LHE output: ./data/output.lhe
    Histogram output: ./data/output.dat
    Log file: ./data/output.log
    
  Running

  Input parameters for vegas:  ndim=  9   ncall= 80707214.
                              it=    0    itmx=   15
                              acc=-1.00    
                              mds=  1     nd=  50
                              (xl,xu)= (  0.00000     ,  1.00000     )
                                       (  0.00000     ,  1.00000     )
                                       (  0.00000     ,  1.00000     )
                                       (  0.00000     ,  1.00000     )
                                       (  0.00000     ,  1.00000     )
                                       (  0.00000     ,  1.00000     )
                                       (  0.00000     ,  1.00000     )
                                       (  0.00000     ,  1.00000     )
                                       (  0.00000     ,  1.00000     )

#********** Integration by Vegas (iteration       1) ************
#                                                               *
#  integral  =  470.24901       accum. integral =  470.24901    *
#  std. dev. =  58.849798       accum. std. dev =  58.849798    *
#   min/max. wt. =    0.00000             49.1710               *
#                                                               *
#*************   chi**2/iteration =  0.000       ****************


#********** Integration by Vegas (iteration       2) ************
#                                                               *
#  integral  =  441.47528       accum. integral =  442.14307    *
#  std. dev. =  8.5161491       accum. std. dev =  8.6953601    *
#   min/max. wt. =    0.00000             5.66493               *
#                                                               *
#*************   chi**2/iteration = 0.2480       ****************


#********** Integration by Vegas (iteration       3) ************
#                                                               *
#  integral  =  453.31688       accum. integral =  451.00637    *
#  std. dev. =  4.4126152       accum. std. dev =  3.9460439    *
#   min/max. wt. =    0.00000             3.59657               *
#                                                               *
#*************   chi**2/iteration = 0.7818       ****************


#********** Integration by Vegas (iteration       4) ************
#                                                               *
#  integral  =  453.21419       accum. integral =  453.00664    *
#  std. dev. =  1.2656287       accum. std. dev =  1.2085683    *
#   min/max. wt. =    0.00000            0.402540               *
#                                                               *
#*************   chi**2/iteration = 0.6171       ****************


#********** Integration by Vegas (iteration       5) ************
#                                                               *
#  integral  =  452.98169       accum. integral =  452.98523    *
#  std. dev. = 0.48951193       accum. std. dev = 0.45482880    *
#   min/max. wt. =    0.00000            0.761463E-01           *
#                                                               *
#*************   chi**2/iteration = 0.4637       ****************


#********** Integration by Vegas (iteration       6) ************
#                                                               *
#  integral  =  452.52637       accum. integral =  452.69119    *
#  std. dev. = 0.33916353       accum. std. dev = 0.27240949    *
#   min/max. wt. =    0.00000            0.607824E-01           *
#                                                               *
#*************   chi**2/iteration = 0.5020       ****************


#********** Integration by Vegas (iteration       7) ************
#                                                               *
#  integral  =  452.13870       accum. integral =  452.42672    *
#  std. dev. = 0.28309265       accum. std. dev = 0.19656863    *
#   min/max. wt. =    0.00000            0.282431E-01           *
#                                                               *
#*************   chi**2/iteration = 0.7474       ****************


#********** Integration by Vegas (iteration       8) ************
#                                                               *
#  integral  =  452.71970       accum. integral =  452.51326    *
#  std. dev. = 0.30290686       accum. std. dev = 0.16495672    *
#   min/max. wt. =    0.00000            0.999067E-01           *
#                                                               *
#*************   chi**2/iteration = 0.7348       ****************


#********** Integration by Vegas (iteration       9) ************
#                                                               *
#  integral  =  452.30894       accum. integral =  452.45949    *
#  std. dev. = 0.27523485       accum. std. dev = 0.14155440    *
#   min/max. wt. =    0.00000            0.206401E-01           *
#                                                               *
#*************   chi**2/iteration = 0.6938       ****************


#********** Integration by Vegas (iteration      10) ************
#                                                               *
#  integral  =  452.52332       accum. integral =  452.47440    *
#  std. dev. = 0.25587771       accum. std. dev = 0.12389933    *
#   min/max. wt. =    0.00000            0.287426E-01           *
#                                                               *
#*************   chi**2/iteration = 0.6223       ****************


#********** Integration by Vegas (iteration      11) ************
#                                                               *
#  integral  =  452.54207       accum. integral =  452.48730    *
#  std. dev. = 0.25478399       accum. std. dev = 0.11144414    *
#   min/max. wt. =    0.00000            0.289079E-01           *
#                                                               *
#*************   chi**2/iteration = 0.5660       ****************


#********** Integration by Vegas (iteration      12) ************
#                                                               *
#  integral  =  452.27270       accum. integral =  452.45264    *
#  std. dev. = 0.25334010       accum. std. dev = 0.10202877    *
#   min/max. wt. =    0.00000            0.457139E-01           *
#                                                               *
#*************   chi**2/iteration = 0.5692       ****************


#********** Integration by Vegas (iteration      13) ************
#                                                               *
#  integral  =  452.59581       accum. integral =  452.47275    *
#  std. dev. = 0.25204803       accum. std. dev = 0.94582456E-01*
#   min/max. wt. =    0.00000            0.202497E-01           *
#                                                               *
#*************   chi**2/iteration = 0.5449       ****************


#********** Integration by Vegas (iteration      14) ************
#                                                               *
#  integral  =  452.12863       accum. integral =  452.42878    *
#  std. dev. = 0.24655285       accum. std. dev = 0.88319198E-01*
#   min/max. wt. =    0.00000            0.149119E-01           *
#                                                               *
#*************   chi**2/iteration = 0.6333       ****************


#********** Integration by Vegas (iteration      15) ************
#                                                               *
#  integral  =  452.49887       accum. integral =  452.43649    *
#  std. dev. = 0.25102434       accum. std. dev = 0.83317874E-01*
#   min/max. wt. =    0.00000            0.317072E-01           *
#                                                               *
#*************   chi**2/iteration = 0.5931       ****************


  Input parameters for vegas:  ndim=  9   ncall= 80707214.
                              it=    0    itmx=    2
                              acc=-1.00    
                              mds=  1     nd=  50
                              (xl,xu)= (  0.00000     ,  1.00000     )
                                       (  0.00000     ,  1.00000     )
                                       (  0.00000     ,  1.00000     )
                                       (  0.00000     ,  1.00000     )
                                       (  0.00000     ,  1.00000     )
                                       (  0.00000     ,  1.00000     )
                                       (  0.00000     ,  1.00000     )
                                       (  0.00000     ,  1.00000     )
                                       (  0.00000     ,  1.00000     )

#********** Integration by Vegas (iteration       1) ************
#                                                               *
#  integral  =  452.34564       accum. integral =  452.34564    *
#  std. dev. = 0.24960394       accum. std. dev = 0.24960394    *
#   min/max. wt. =    0.00000            0.233008E-01           *
#                                                               *
#*************   chi**2/iteration =  0.000       ****************


#********** Integration by Vegas (iteration       2) ************
#                                                               *
#  integral  =  452.69263       accum. integral =  452.51913    *
#  std. dev. = 0.24980512       accum. std. dev = 0.17656778    *
#   min/max. wt. =    0.00000            0.263909E-01           *
#                                                               *
#*************   chi**2/iteration = 0.9645       ****************

 Done
