SLURM job running in:  /scratch/groups/lhc/park/JHUGen/JHUGenerator
LHAPDF 6.1.5 loading /work-zfs/lhc/cms/slc6_amd64_gcc493/external/lhapdf/6.1.5-kpegke3/share/LHAPDF/NNPDF30_lo_as_0130/NNPDF30_lo_as_0130_0000.dat
NNPDF30_lo_as_0130 PDF set, member #0, version 2; LHAPDF ID = 263000
 
                                                                                          
   ***************************************************************************************
   *                                JHU Generator v6.9.3                                 *
   ***************************************************************************************
   *                                                                                     *
   *   Spin and parity determination of single-produced resonances at hadron colliders   *
   *                                                                                     *
   *          I. Anderson, S. Bolognesi, F. Caola, Y. Gao, A. Gritsan, Z. Guo,           *
   *        C. Martin, K. Melnikov, R.Rontsch, H. Roskes, U. Sarica, M. Schulze,         *
   *                   N. Tran, A. Whitbeck, M. Xiao, C. You, Y. Zhou                    *
   *                Phys.Rev. D81 (2010) 075022;  arXiv:1001.3396 [hep-ph],              *
   *                Phys.Rev. D86 (2012) 095031;  arXiv:1208.4018 [hep-ph],              *
   *                Phys.Rev. D89 (2014) 035007;  arXiv:1309.4819 [hep-ph].              *
   *                                                                                     *
   ***************************************************************************************
                                                                                          
   
   Command line: ./JHUGen Unweighted=0 VegasNc0=99999999 VegasNc1=99999999 VegasNc2=99999999 LHAPDF=NNPDF30_lo_as_0130/NNPDF30_lo_as_0130.info MReso=695 Process=61 ghg2=0,0 ghg4=1,0
   
   Input Parameter:
    Collider: P-P, sqrt(s)=13000.00
    Resonance: spin=0, mass= 695.00 width=   0.00407
    Jet cuts:
            pT >=    15.00 GeV
        DeltaR >=     0.30
           mJJ >=     0.00 GeV
    Random seed:   500118968
    To reproduce results using this seed, JHUGen should be compiled with the same compiler:
      GNU Fortran (GCC) 4.9.3
    
    WidthScheme:   2
    LHAPDF set NNPDF30_lo_as_0130/NNPDF30_lo_as_0130.info, member=  0
    Unweighted: F
    
    spin-0-VV couplings: 
      generate_as=F
      ghg2=  0.00000000E+00  0.00000000E+00i
      ghg3=  0.00000000E+00  0.00000000E+00i
      ghg4=  0.10000000E+01  0.00000000E+00i
      ghz1=  0.20000000E+01  0.00000000E+00i
      ghz2=  0.00000000E+00  0.00000000E+00i
      ghz3=  0.00000000E+00  0.00000000E+00i
      ghz4=  0.00000000E+00  0.00000000E+00i
      Lambda=  1000.0
    
    LHE output: ./data/output.lhe
    Histogram output: ./data/output.dat
    Log file: ./data/output.log
    
  Running

  Input parameters for vegas:  ndim=  9   ncall= 80707214.
                              it=    0    itmx=   15
                              acc=-1.00    
                              mds=  1     nd=  50
                              (xl,xu)= (  0.00000     ,  1.00000     )
                                       (  0.00000     ,  1.00000     )
                                       (  0.00000     ,  1.00000     )
                                       (  0.00000     ,  1.00000     )
                                       (  0.00000     ,  1.00000     )
                                       (  0.00000     ,  1.00000     )
                                       (  0.00000     ,  1.00000     )
                                       (  0.00000     ,  1.00000     )
                                       (  0.00000     ,  1.00000     )

#********** Integration by Vegas (iteration       1) ************
#                                                               *
#  integral  =  308.77117       accum. integral =  308.77117    *
#  std. dev. =  11.568912       accum. std. dev =  11.568912    *
#   min/max. wt. =    0.00000             3.31653               *
#                                                               *
#*************   chi**2/iteration = -.1087E-09   ****************


#********** Integration by Vegas (iteration       2) ************
#                                                               *
#  integral  =  396.64641       accum. integral =  390.13119    *
#  std. dev. =  4.2055075       accum. std. dev =  3.6261625    *
#   min/max. wt. =    0.00000             2.16116               *
#                                                               *
#*************   chi**2/iteration =  40.27       ****************


#********** Integration by Vegas (iteration       3) ************
#                                                               *
#  integral  =  410.09675       accum. integral =  401.76382    *
#  std. dev. =  3.5410586       accum. std. dev =  2.4685776    *
#   min/max. wt. =    0.00000             2.38426               *
#                                                               *
#*************   chi**2/iteration =  26.09       ****************


#********** Integration by Vegas (iteration       4) ************
#                                                               *
#  integral  =  407.90958       accum. integral =  406.67567    *
#  std. dev. =  1.3475022       accum. std. dev =  1.1315585    *
#   min/max. wt. =    0.00000            0.695850               *
#                                                               *
#*************   chi**2/iteration =  18.20       ****************


#********** Integration by Vegas (iteration       5) ************
#                                                               *
#  integral  =  408.33882       accum. integral =  408.06155    *
#  std. dev. = 0.53940622       accum. std. dev = 0.46825850    *
#   min/max. wt. =    0.00000            0.126366               *
#                                                               *
#*************   chi**2/iteration =  13.73       ****************


#********** Integration by Vegas (iteration       6) ************
#                                                               *
#  integral  =  407.96673       accum. integral =  407.99589    *
#  std. dev. = 0.32780576       accum. std. dev = 0.26189166    *
#   min/max. wt. =    0.00000            0.748484E-01           *
#                                                               *
#*************   chi**2/iteration =  10.80       ****************


#********** Integration by Vegas (iteration       7) ************
#                                                               *
#  integral  =  408.41117       accum. integral =  408.20572    *
#  std. dev. = 0.27022837       accum. std. dev = 0.18535359    *
#   min/max. wt. =    0.00000            0.628590E-01           *
#                                                               *
#*************   chi**2/iteration =  9.101       ****************


#********** Integration by Vegas (iteration       8) ************
#                                                               *
#  integral  =  408.43708       accum. integral =  408.28989    *
#  std. dev. = 0.25403288       accum. std. dev = 0.14852571    *
#   min/max. wt. =    0.00000            0.497115E-01           *
#                                                               *
#*************   chi**2/iteration =  7.810       ****************


#********** Integration by Vegas (iteration       9) ************
#                                                               *
#  integral  =  408.21349       accum. integral =  408.26705    *
#  std. dev. = 0.23453203       accum. std. dev = 0.12479766    *
#   min/max. wt. =    0.00000            0.239494E-01           *
#                                                               *
#*************   chi**2/iteration =  6.796       ****************


#********** Integration by Vegas (iteration      10) ************
#                                                               *
#  integral  =  408.24900       accum. integral =  408.26293    *
#  std. dev. = 0.23572379       accum. std. dev = 0.10993174    *
#   min/max. wt. =    0.00000            0.327538E-01           *
#                                                               *
#*************   chi**2/iteration =  6.008       ****************


#********** Integration by Vegas (iteration      11) ************
#                                                               *
#  integral  =  408.42422       accum. integral =  408.29488    *
#  std. dev. = 0.22673152       accum. std. dev = 0.98669789E-01*
#   min/max. wt. =    0.00000            0.254960E-01           *
#                                                               *
#*************   chi**2/iteration =  5.425       ****************


#********** Integration by Vegas (iteration      12) ************
#                                                               *
#  integral  =  408.58972       accum. integral =  408.34156    *
#  std. dev. = 0.23277807       accum. std. dev = 0.90699490E-01*
#   min/max. wt. =    0.00000            0.432297E-01           *
#                                                               *
#*************   chi**2/iteration =  5.040       ****************


#********** Integration by Vegas (iteration      13) ************
#                                                               *
#  integral  =  408.76759       accum. integral =  408.39042    *
#  std. dev. = 0.25744802       accum. std. dev = 0.85483534E-01*
#   min/max. wt. =    0.00000            0.116491               *
#                                                               *
#*************   chi**2/iteration =  4.815       ****************


#********** Integration by Vegas (iteration      14) ************
#                                                               *
#  integral  =  409.10142       accum. integral =  408.46742    *
#  std. dev. = 0.25037023       accum. std. dev = 0.80842501E-01*
#   min/max. wt. =    0.00000            0.285050E-01           *
#                                                               *
#*************   chi**2/iteration =  5.006       ****************


#********** Integration by Vegas (iteration      15) ************
#                                                               *
#  integral  =  408.79816       accum. integral =  408.49619    *
#  std. dev. = 0.26676268       accum. std. dev = 0.77342735E-01*
#   min/max. wt. =    0.00000            0.136767               *
#                                                               *
#*************   chi**2/iteration =  4.741       ****************


  Input parameters for vegas:  ndim=  9   ncall= 80707214.
                              it=    0    itmx=    2
                              acc=-1.00    
                              mds=  1     nd=  50
                              (xl,xu)= (  0.00000     ,  1.00000     )
                                       (  0.00000     ,  1.00000     )
                                       (  0.00000     ,  1.00000     )
                                       (  0.00000     ,  1.00000     )
                                       (  0.00000     ,  1.00000     )
                                       (  0.00000     ,  1.00000     )
                                       (  0.00000     ,  1.00000     )
                                       (  0.00000     ,  1.00000     )
                                       (  0.00000     ,  1.00000     )

#********** Integration by Vegas (iteration       1) ************
#                                                               *
#  integral  =  407.70141       accum. integral =  407.70141    *
#  std. dev. = 0.31480288       accum. std. dev = 0.31480288    *
#   min/max. wt. =    0.00000            0.176868               *
#                                                               *
#*************   chi**2/iteration =  0.000       ****************


#********** Integration by Vegas (iteration       2) ************
#                                                               *
#  integral  =  408.60441       accum. integral =  408.20611    *
#  std. dev. = 0.28027761       accum. std. dev = 0.20930574    *
#   min/max. wt. =    0.00000            0.392268E-01           *
#                                                               *
#*************   chi**2/iteration =  4.584       ****************

 Done
