SLURM job running in:  /scratch/groups/lhc/park/JHUGen/JHUGenerator
LHAPDF 6.1.5 loading /work-zfs/lhc/cms/slc6_amd64_gcc493/external/lhapdf/6.1.5-kpegke3/share/LHAPDF/NNPDF30_lo_as_0130/NNPDF30_lo_as_0130_0000.dat
NNPDF30_lo_as_0130 PDF set, member #0, version 2; LHAPDF ID = 263000
 
                                                                                          
   ***************************************************************************************
   *                                JHU Generator v6.9.3                                 *
   ***************************************************************************************
   *                                                                                     *
   *   Spin and parity determination of single-produced resonances at hadron colliders   *
   *                                                                                     *
   *          I. Anderson, S. Bolognesi, F. Caola, Y. Gao, A. Gritsan, Z. Guo,           *
   *        C. Martin, K. Melnikov, R.Rontsch, H. Roskes, U. Sarica, M. Schulze,         *
   *                   N. Tran, A. Whitbeck, M. Xiao, C. You, Y. Zhou                    *
   *                Phys.Rev. D81 (2010) 075022;  arXiv:1001.3396 [hep-ph],              *
   *                Phys.Rev. D86 (2012) 095031;  arXiv:1208.4018 [hep-ph],              *
   *                Phys.Rev. D89 (2014) 035007;  arXiv:1309.4819 [hep-ph].              *
   *                                                                                     *
   ***************************************************************************************
                                                                                          
   
   Command line: ./JHUGen Unweighted=0 VegasNc0=99999999 VegasNc1=99999999 VegasNc2=99999999 LHAPDF=NNPDF30_lo_as_0130/NNPDF30_lo_as_0130.info MReso=700 Process=61 ghg2=0,0 ghg4=1,0
   
   Input Parameter:
    Collider: P-P, sqrt(s)=13000.00
    Resonance: spin=0, mass= 700.00 width=   0.00407
    Jet cuts:
            pT >=    15.00 GeV
        DeltaR >=     0.30
           mJJ >=     0.00 GeV
    Random seed:   161780037
    To reproduce results using this seed, JHUGen should be compiled with the same compiler:
      GNU Fortran (GCC) 4.9.3
    
    WidthScheme:   2
    LHAPDF set NNPDF30_lo_as_0130/NNPDF30_lo_as_0130.info, member=  0
    Unweighted: F
    
    spin-0-VV couplings: 
      generate_as=F
      ghg2=  0.00000000E+00  0.00000000E+00i
      ghg3=  0.00000000E+00  0.00000000E+00i
      ghg4=  0.10000000E+01  0.00000000E+00i
      ghz1=  0.20000000E+01  0.00000000E+00i
      ghz2=  0.00000000E+00  0.00000000E+00i
      ghz3=  0.00000000E+00  0.00000000E+00i
      ghz4=  0.00000000E+00  0.00000000E+00i
      Lambda=  1000.0
    
    LHE output: ./data/output.lhe
    Histogram output: ./data/output.dat
    Log file: ./data/output.log
    
  Running

  Input parameters for vegas:  ndim=  9   ncall= 80707214.
                              it=    0    itmx=   15
                              acc=-1.00    
                              mds=  1     nd=  50
                              (xl,xu)= (  0.00000     ,  1.00000     )
                                       (  0.00000     ,  1.00000     )
                                       (  0.00000     ,  1.00000     )
                                       (  0.00000     ,  1.00000     )
                                       (  0.00000     ,  1.00000     )
                                       (  0.00000     ,  1.00000     )
                                       (  0.00000     ,  1.00000     )
                                       (  0.00000     ,  1.00000     )
                                       (  0.00000     ,  1.00000     )

#********** Integration by Vegas (iteration       1) ************
#                                                               *
#  integral  =  518.38312       accum. integral =  518.38312    *
#  std. dev. =  132.40225       accum. std. dev =  132.40225    *
#   min/max. wt. =    0.00000             127.603               *
#                                                               *
#*************   chi**2/iteration =  0.000       ****************


#********** Integration by Vegas (iteration       2) ************
#                                                               *
#  integral  =  393.61785       accum. integral =  394.78803    *
#  std. dev. =  9.7823844       accum. std. dev =  11.384538    *
#   min/max. wt. =    0.00000             7.30396               *
#                                                               *
#*************   chi**2/iteration =  1.115       ****************


#********** Integration by Vegas (iteration       3) ************
#                                                               *
#  integral  =  400.77279       accum. integral =  400.30275    *
#  std. dev. =  2.8941843       accum. std. dev =  3.0592461    *
#   min/max. wt. =    0.00000             2.33838               *
#                                                               *
#*************   chi**2/iteration = 0.7450       ****************


#********** Integration by Vegas (iteration       4) ************
#                                                               *
#  integral  =  399.37623       accum. integral =  399.46481    *
#  std. dev. = 0.90015979       accum. std. dev = 0.92428671    *
#   min/max. wt. =    0.00000            0.303556               *
#                                                               *
#*************   chi**2/iteration = 0.5492       ****************


#********** Integration by Vegas (iteration       5) ************
#                                                               *
#  integral  =  399.63376       accum. integral =  399.60555    *
#  std. dev. = 0.38352005       accum. std. dev = 0.37232974    *
#   min/max. wt. =    0.00000            0.113225               *
#                                                               *
#*************   chi**2/iteration = 0.4311       ****************


#********** Integration by Vegas (iteration       6) ************
#                                                               *
#  integral  =  400.39654       accum. integral =  399.97754    *
#  std. dev. = 0.37221141       accum. std. dev = 0.26843009    *
#   min/max. wt. =    0.00000            0.162637               *
#                                                               *
#*************   chi**2/iteration = 0.7840       ****************


#********** Integration by Vegas (iteration       7) ************
#                                                               *
#  integral  =  399.77186       accum. integral =  399.89399    *
#  std. dev. = 0.30812296       accum. std. dev = 0.20538308    *
#   min/max. wt. =    0.00000            0.207256E-01           *
#                                                               *
#*************   chi**2/iteration = 0.7030       ****************


#********** Integration by Vegas (iteration       8) ************
#                                                               *
#  integral  =  400.17135       accum. integral =  400.00386    *
#  std. dev. = 0.24270518       accum. std. dev = 0.15876067    *
#   min/max. wt. =    0.00000            0.535022E-01           *
#                                                               *
#*************   chi**2/iteration = 0.7133       ****************


#********** Integration by Vegas (iteration       9) ************
#                                                               *
#  integral  =  400.12607       accum. integral =  400.04141    *
#  std. dev. = 0.22934319       accum. std. dev = 0.13159069    *
#   min/max. wt. =    0.00000            0.318968E-01           *
#                                                               *
#*************   chi**2/iteration = 0.6523       ****************


#********** Integration by Vegas (iteration      10) ************
#                                                               *
#  integral  =  400.01464       accum. integral =  400.03491    *
#  std. dev. = 0.22443108       accum. std. dev = 0.11412011    *
#   min/max. wt. =    0.00000            0.266158E-01           *
#                                                               *
#*************   chi**2/iteration = 0.5849       ****************


#********** Integration by Vegas (iteration      11) ************
#                                                               *
#  integral  =  400.28468       accum. integral =  400.08056    *
#  std. dev. = 0.23400688       accum. std. dev = 0.10288530    *
#   min/max. wt. =    0.00000            0.473355E-01           *
#                                                               *
#*************   chi**2/iteration = 0.6173       ****************


#********** Integration by Vegas (iteration      12) ************
#                                                               *
#  integral  =  400.39116       accum. integral =  400.13172    *
#  std. dev. = 0.22535766       accum. std. dev = 0.93819896E-01*
#   min/max. wt. =    0.00000            0.319973E-01           *
#                                                               *
#*************   chi**2/iteration = 0.7008       ****************


#********** Integration by Vegas (iteration      13) ************
#                                                               *
#  integral  =  400.15952       accum. integral =  400.13571    *
#  std. dev. = 0.22325287       accum. std. dev = 0.86654733E-01*
#   min/max. wt. =    0.00000            0.252159E-01           *
#                                                               *
#*************   chi**2/iteration = 0.6459       ****************


#********** Integration by Vegas (iteration      14) ************
#                                                               *
#  integral  =  400.25979       accum. integral =  400.15151    *
#  std. dev. = 0.22148867       accum. std. dev = 0.80814388E-01*
#   min/max. wt. =    0.00000            0.251991E-01           *
#                                                               *
#*************   chi**2/iteration = 0.6184       ****************


#********** Integration by Vegas (iteration      15) ************
#                                                               *
#  integral  =  400.24596       accum. integral =  400.16192    *
#  std. dev. = 0.22463180       accum. std. dev = 0.76122587E-01*
#   min/max. wt. =    0.00000            0.443203E-01           *
#                                                               *
#*************   chi**2/iteration = 0.5867       ****************


  Input parameters for vegas:  ndim=  9   ncall= 80707214.
                              it=    0    itmx=    2
                              acc=-1.00    
                              mds=  1     nd=  50
                              (xl,xu)= (  0.00000     ,  1.00000     )
                                       (  0.00000     ,  1.00000     )
                                       (  0.00000     ,  1.00000     )
                                       (  0.00000     ,  1.00000     )
                                       (  0.00000     ,  1.00000     )
                                       (  0.00000     ,  1.00000     )
                                       (  0.00000     ,  1.00000     )
                                       (  0.00000     ,  1.00000     )
                                       (  0.00000     ,  1.00000     )

#********** Integration by Vegas (iteration       1) ************
#                                                               *
#  integral  =  400.25702       accum. integral =  400.25702    *
#  std. dev. = 0.22287597       accum. std. dev = 0.22287597    *
#   min/max. wt. =    0.00000            0.180822E-01           *
#                                                               *
#*************   chi**2/iteration =  0.000       ****************


#********** Integration by Vegas (iteration       2) ************
#                                                               *
#  integral  =  400.24016       accum. integral =  400.24861    *
#  std. dev. = 0.22325348       accum. std. dev = 0.15773041    *
#   min/max. wt. =    0.00000            0.286995E-01           *
#                                                               *
#*************   chi**2/iteration = 0.2852E-02   ****************

 Done
