SLURM job running in:  /scratch/groups/lhc/park/JHUGen/JHUGenerator
LHAPDF 6.1.5 loading /work-zfs/lhc/cms/slc6_amd64_gcc493/external/lhapdf/6.1.5-kpegke3/share/LHAPDF/NNPDF30_lo_as_0130/NNPDF30_lo_as_0130_0000.dat
NNPDF30_lo_as_0130 PDF set, member #0, version 2; LHAPDF ID = 263000
 
                                                                                          
   ***************************************************************************************
   *                                JHU Generator v6.9.3                                 *
   ***************************************************************************************
   *                                                                                     *
   *   Spin and parity determination of single-produced resonances at hadron colliders   *
   *                                                                                     *
   *          I. Anderson, S. Bolognesi, F. Caola, Y. Gao, A. Gritsan, Z. Guo,           *
   *        C. Martin, K. Melnikov, R.Rontsch, H. Roskes, U. Sarica, M. Schulze,         *
   *                   N. Tran, A. Whitbeck, M. Xiao, C. You, Y. Zhou                    *
   *                Phys.Rev. D81 (2010) 075022;  arXiv:1001.3396 [hep-ph],              *
   *                Phys.Rev. D86 (2012) 095031;  arXiv:1208.4018 [hep-ph],              *
   *                Phys.Rev. D89 (2014) 035007;  arXiv:1309.4819 [hep-ph].              *
   *                                                                                     *
   ***************************************************************************************
                                                                                          
   
   Command line: ./JHUGen Unweighted=0 VegasNc0=99999999 VegasNc1=99999999 VegasNc2=99999999 LHAPDF=NNPDF30_lo_as_0130/NNPDF30_lo_as_0130.info MReso=710 Process=61 ghg2=0,0 ghg4=1,0
   
   Input Parameter:
    Collider: P-P, sqrt(s)=13000.00
    Resonance: spin=0, mass= 710.00 width=   0.00407
    Jet cuts:
            pT >=    15.00 GeV
        DeltaR >=     0.30
           mJJ >=     0.00 GeV
    Random seed:   613893229
    To reproduce results using this seed, JHUGen should be compiled with the same compiler:
      GNU Fortran (GCC) 4.9.3
    
    WidthScheme:   2
    LHAPDF set NNPDF30_lo_as_0130/NNPDF30_lo_as_0130.info, member=  0
    Unweighted: F
    
    spin-0-VV couplings: 
      generate_as=F
      ghg2=  0.00000000E+00  0.00000000E+00i
      ghg3=  0.00000000E+00  0.00000000E+00i
      ghg4=  0.10000000E+01  0.00000000E+00i
      ghz1=  0.20000000E+01  0.00000000E+00i
      ghz2=  0.00000000E+00  0.00000000E+00i
      ghz3=  0.00000000E+00  0.00000000E+00i
      ghz4=  0.00000000E+00  0.00000000E+00i
      Lambda=  1000.0
    
    LHE output: ./data/output.lhe
    Histogram output: ./data/output.dat
    Log file: ./data/output.log
    
  Running

  Input parameters for vegas:  ndim=  9   ncall= 80707214.
                              it=    0    itmx=   15
                              acc=-1.00    
                              mds=  1     nd=  50
                              (xl,xu)= (  0.00000     ,  1.00000     )
                                       (  0.00000     ,  1.00000     )
                                       (  0.00000     ,  1.00000     )
                                       (  0.00000     ,  1.00000     )
                                       (  0.00000     ,  1.00000     )
                                       (  0.00000     ,  1.00000     )
                                       (  0.00000     ,  1.00000     )
                                       (  0.00000     ,  1.00000     )
                                       (  0.00000     ,  1.00000     )

#********** Integration by Vegas (iteration       1) ************
#                                                               *
#  integral  =  491.68839       accum. integral =  491.68839    *
#  std. dev. =  145.07100       accum. std. dev =  145.07100    *
#   min/max. wt. =    0.00000             143.286               *
#                                                               *
#*************   chi**2/iteration = -.1383E-11   ****************


#********** Integration by Vegas (iteration       2) ************
#                                                               *
#  integral  =  368.18926       accum. integral =  368.40949    *
#  std. dev. =  4.5915610       accum. std. dev =  5.4118038    *
#   min/max. wt. =    0.00000             1.94788               *
#                                                               *
#*************   chi**2/iteration = 0.9261       ****************


#********** Integration by Vegas (iteration       3) ************
#                                                               *
#  integral  =  384.54177       accum. integral =  379.48453    *
#  std. dev. =  3.2376481       accum. std. dev =  2.9188361    *
#   min/max. wt. =    0.00000             2.47641               *
#                                                               *
#*************   chi**2/iteration =  3.785       ****************


#********** Integration by Vegas (iteration       4) ************
#                                                               *
#  integral  =  390.06664       accum. integral =  381.47618    *
#  std. dev. =  5.6513369       accum. std. dev =  2.5864725    *
#   min/max. wt. =    0.00000             5.26295               *
#                                                               *
#*************   chi**2/iteration =  3.461       ****************


#********** Integration by Vegas (iteration       5) ************
#                                                               *
#  integral  =  382.73201       accum. integral =  382.38699    *
#  std. dev. =  1.4805819       accum. std. dev =  1.3372746    *
#   min/max. wt. =    0.00000            0.380943               *
#                                                               *
#*************   chi**2/iteration =  2.712       ****************


#********** Integration by Vegas (iteration       6) ************
#                                                               *
#  integral  =  383.83889       accum. integral =  383.69444    *
#  std. dev. = 0.42032820       accum. std. dev = 0.41807400    *
#   min/max. wt. =    0.00000            0.100041               *
#                                                               *
#*************   chi**2/iteration =  2.425       ****************


#********** Integration by Vegas (iteration       7) ************
#                                                               *
#  integral  =  384.52221       accum. integral =  384.24871    *
#  std. dev. = 0.28068932       accum. std. dev = 0.23882447    *
#   min/max. wt. =    0.00000            0.544529E-01           *
#                                                               *
#*************   chi**2/iteration =  2.489       ****************


#********** Integration by Vegas (iteration       8) ************
#                                                               *
#  integral  =  384.27853       accum. integral =  384.26317    *
#  std. dev. = 0.23648502       accum. std. dev = 0.17055395    *
#   min/max. wt. =    0.00000            0.338711E-01           *
#                                                               *
#*************   chi**2/iteration =  2.155       ****************


#********** Integration by Vegas (iteration       9) ************
#                                                               *
#  integral  =  384.66855       accum. integral =  384.39500    *
#  std. dev. = 0.23750222       accum. std. dev = 0.13959277    *
#   min/max. wt. =    0.00000            0.591366E-01           *
#                                                               *
#*************   chi**2/iteration =  2.131       ****************


#********** Integration by Vegas (iteration      10) ************
#                                                               *
#  integral  =  384.54096       accum. integral =  384.43342    *
#  std. dev. = 0.22652925       accum. std. dev = 0.11946623    *
#   min/max. wt. =    0.00000            0.343725E-01           *
#                                                               *
#*************   chi**2/iteration =  1.937       ****************


#********** Integration by Vegas (iteration      11) ************
#                                                               *
#  integral  =  384.74157       accum. integral =  384.49970    *
#  std. dev. = 0.22212183       accum. std. dev = 0.10558722    *
#   min/max. wt. =    0.00000            0.459550E-01           *
#                                                               *
#*************   chi**2/iteration =  1.896       ****************


#********** Integration by Vegas (iteration      12) ************
#                                                               *
#  integral  =  384.59900       accum. integral =  384.51735    *
#  std. dev. = 0.22147706       accum. std. dev = 0.95548891E-01*
#   min/max. wt. =    0.00000            0.369466E-01           *
#                                                               *
#*************   chi**2/iteration =  1.745       ****************


#********** Integration by Vegas (iteration      13) ************
#                                                               *
#  integral  =  383.98406       accum. integral =  384.43273    *
#  std. dev. = 0.21466645       accum. std. dev = 0.87478729E-01*
#   min/max. wt. =    0.00000            0.207991E-01           *
#                                                               *
#*************   chi**2/iteration =  2.019       ****************


#********** Integration by Vegas (iteration      14) ************
#                                                               *
#  integral  =  384.88346       accum. integral =  384.49387    *
#  std. dev. = 0.21637241       accum. std. dev = 0.81213700E-01*
#   min/max. wt. =    0.00000            0.309547E-01           *
#                                                               *
#*************   chi**2/iteration =  2.147       ****************


#********** Integration by Vegas (iteration      15) ************
#                                                               *
#  integral  =  384.33002       accum. integral =  384.47410    *
#  std. dev. = 0.21484545       accum. std. dev = 0.76056336E-01*
#   min/max. wt. =    0.00000            0.313572E-01           *
#                                                               *
#*************   chi**2/iteration =  2.034       ****************


  Input parameters for vegas:  ndim=  9   ncall= 80707214.
                              it=    0    itmx=    2
                              acc=-1.00    
                              mds=  1     nd=  50
                              (xl,xu)= (  0.00000     ,  1.00000     )
                                       (  0.00000     ,  1.00000     )
                                       (  0.00000     ,  1.00000     )
                                       (  0.00000     ,  1.00000     )
                                       (  0.00000     ,  1.00000     )
                                       (  0.00000     ,  1.00000     )
                                       (  0.00000     ,  1.00000     )
                                       (  0.00000     ,  1.00000     )
                                       (  0.00000     ,  1.00000     )

#********** Integration by Vegas (iteration       1) ************
#                                                               *
#  integral  =  384.91199       accum. integral =  384.91199    *
#  std. dev. = 0.22133505       accum. std. dev = 0.22133505    *
#   min/max. wt. =    0.00000            0.469285E-01           *
#                                                               *
#*************   chi**2/iteration = 0.5941E-06   ****************


#********** Integration by Vegas (iteration       2) ************
#                                                               *
#  integral  =  384.51224       accum. integral =  384.70485    *
#  std. dev. = 0.21321194       accum. std. dev = 0.15355803    *
#   min/max. wt. =    0.00000            0.206696E-01           *
#                                                               *
#*************   chi**2/iteration =  1.690       ****************

 Done
