SLURM job running in:  /scratch/groups/lhc/park/JHUGen/JHUGenerator
LHAPDF 6.1.5 loading /work-zfs/lhc/cms/slc6_amd64_gcc493/external/lhapdf/6.1.5-kpegke3/share/LHAPDF/NNPDF30_lo_as_0130/NNPDF30_lo_as_0130_0000.dat
NNPDF30_lo_as_0130 PDF set, member #0, version 2; LHAPDF ID = 263000
 
                                                                                          
   ***************************************************************************************
   *                                JHU Generator v6.9.3                                 *
   ***************************************************************************************
   *                                                                                     *
   *   Spin and parity determination of single-produced resonances at hadron colliders   *
   *                                                                                     *
   *          I. Anderson, S. Bolognesi, F. Caola, Y. Gao, A. Gritsan, Z. Guo,           *
   *        C. Martin, K. Melnikov, R.Rontsch, H. Roskes, U. Sarica, M. Schulze,         *
   *                   N. Tran, A. Whitbeck, M. Xiao, C. You, Y. Zhou                    *
   *                Phys.Rev. D81 (2010) 075022;  arXiv:1001.3396 [hep-ph],              *
   *                Phys.Rev. D86 (2012) 095031;  arXiv:1208.4018 [hep-ph],              *
   *                Phys.Rev. D89 (2014) 035007;  arXiv:1309.4819 [hep-ph].              *
   *                                                                                     *
   ***************************************************************************************
                                                                                          
   
   Command line: ./JHUGen Unweighted=0 VegasNc0=99999999 VegasNc1=99999999 VegasNc2=99999999 LHAPDF=NNPDF30_lo_as_0130/NNPDF30_lo_as_0130.info MReso=72 Process=61 ghg2=0,0 ghg4=1,0
   
   Input Parameter:
    Collider: P-P, sqrt(s)=13000.00
    Resonance: spin=0, mass=  72.00 width=   0.00407
    Jet cuts:
            pT >=    15.00 GeV
        DeltaR >=     0.30
           mJJ >=     0.00 GeV
    Random seed:   497356788
    To reproduce results using this seed, JHUGen should be compiled with the same compiler:
      GNU Fortran (GCC) 4.9.3
    
    WidthScheme:   2
    LHAPDF set NNPDF30_lo_as_0130/NNPDF30_lo_as_0130.info, member=  0
    Unweighted: F
    
    spin-0-VV couplings: 
      generate_as=F
      ghg2=  0.00000000E+00  0.00000000E+00i
      ghg3=  0.00000000E+00  0.00000000E+00i
      ghg4=  0.10000000E+01  0.00000000E+00i
      ghz1=  0.20000000E+01  0.00000000E+00i
      ghz2=  0.00000000E+00  0.00000000E+00i
      ghz3=  0.00000000E+00  0.00000000E+00i
      ghz4=  0.00000000E+00  0.00000000E+00i
      Lambda=  1000.0
    
    LHE output: ./data/output.lhe
    Histogram output: ./data/output.dat
    Log file: ./data/output.log
    
  Running

  Input parameters for vegas:  ndim=  9   ncall= 80707214.
                              it=    0    itmx=   15
                              acc=-1.00    
                              mds=  1     nd=  50
                              (xl,xu)= (  0.00000     ,  1.00000     )
                                       (  0.00000     ,  1.00000     )
                                       (  0.00000     ,  1.00000     )
                                       (  0.00000     ,  1.00000     )
                                       (  0.00000     ,  1.00000     )
                                       (  0.00000     ,  1.00000     )
                                       (  0.00000     ,  1.00000     )
                                       (  0.00000     ,  1.00000     )
                                       (  0.00000     ,  1.00000     )

#********** Integration by Vegas (iteration       1) ************
#                                                               *
#  integral  =  28208.522       accum. integral =  28208.522    *
#  std. dev. =  1382.6526       accum. std. dev =  1382.6526    *
#   min/max. wt. =    0.00000             611.139               *
#                                                               *
#*************   chi**2/iteration =  0.000       ****************


#********** Integration by Vegas (iteration       2) ************
#                                                               *
#  integral  =  31111.136       accum. integral =  31047.390    *
#  std. dev. =  228.50952       accum. std. dev =  215.70206    *
#   min/max. wt. =    0.00000             136.540               *
#                                                               *
#*************   chi**2/iteration =  3.886       ****************


#********** Integration by Vegas (iteration       3) ************
#                                                               *
#  integral  =  31576.642       accum. integral =  31469.913    *
#  std. dev. =  115.27799       accum. std. dev =  98.951950    *
#   min/max. wt. =    0.00000             64.8833               *
#                                                               *
#*************   chi**2/iteration =  4.164       ****************


#********** Integration by Vegas (iteration       4) ************
#                                                               *
#  integral  =  31499.957       accum. integral =  31493.108    *
#  std. dev. =  55.831220       accum. std. dev =  47.703213    *
#   min/max. wt. =    0.00000             21.9637               *
#                                                               *
#*************   chi**2/iteration =  2.747       ****************


#********** Integration by Vegas (iteration       5) ************
#                                                               *
#  integral  =  31497.716       accum. integral =  31496.612    *
#  std. dev. =  27.534478       accum. std. dev =  23.483264    *
#   min/max. wt. =    0.00000             9.98134               *
#                                                               *
#*************   chi**2/iteration =  2.038       ****************


#********** Integration by Vegas (iteration       6) ************
#                                                               *
#  integral  =  31485.377       accum. integral =  31491.741    *
#  std. dev. =  27.436940       accum. std. dev =  17.740494    *
#   min/max. wt. =    0.00000             18.0578               *
#                                                               *
#*************   chi**2/iteration =  1.639       ****************


#********** Integration by Vegas (iteration       7) ************
#                                                               *
#  integral  =  31468.558       accum. integral =  31482.729    *
#  std. dev. =  22.640423       accum. std. dev =  13.905500    *
#   min/max. wt. =    0.00000             2.92015               *
#                                                               *
#*************   chi**2/iteration =  1.469       ****************


#********** Integration by Vegas (iteration       8) ************
#                                                               *
#  integral  =  31495.053       accum. integral =  31487.259    *
#  std. dev. =  18.530880       accum. std. dev =  11.080506    *
#   min/max. wt. =    0.00000             6.68685               *
#                                                               *
#*************   chi**2/iteration =  1.295       ****************


#********** Integration by Vegas (iteration       9) ************
#                                                               *
#  integral  =  31464.547       accum. integral =  31480.318    *
#  std. dev. =  16.919194       accum. std. dev =  9.2468094    *
#   min/max. wt. =    0.00000             1.95551               *
#                                                               *
#*************   chi**2/iteration =  1.290       ****************


#********** Integration by Vegas (iteration      10) ************
#                                                               *
#  integral  =  31439.431       accum. integral =  31469.548    *
#  std. dev. =  15.628491       accum. std. dev =  7.9446221    *
#   min/max. wt. =    0.00000             1.73580               *
#                                                               *
#*************   chi**2/iteration =  1.715       ****************


#********** Integration by Vegas (iteration      11) ************
#                                                               *
#  integral  =  31463.927       accum. integral =  31468.425    *
#  std. dev. =  16.066799       accum. std. dev =  7.1137261    *
#   min/max. wt. =    0.00000             4.57101               *
#                                                               *
#*************   chi**2/iteration =  1.551       ****************


#********** Integration by Vegas (iteration      12) ************
#                                                               *
#  integral  =  31477.702       accum. integral =  31470.011    *
#  std. dev. =  15.822030       accum. std. dev =  6.4826594    *
#   min/max. wt. =    0.00000             1.93036               *
#                                                               *
#*************   chi**2/iteration =  1.434       ****************


#********** Integration by Vegas (iteration      13) ************
#                                                               *
#  integral  =  31458.017       accum. integral =  31468.675    *
#  std. dev. =  18.460572       accum. std. dev =  6.1147964    *
#   min/max. wt. =    0.00000             9.56352               *
#                                                               *
#*************   chi**2/iteration =  1.344       ****************


#********** Integration by Vegas (iteration      14) ************
#                                                               *
#  integral  =  31472.494       accum. integral =  31469.070    *
#  std. dev. =  18.131254       accum. std. dev =  5.7926915    *
#   min/max. wt. =    0.00000             1.60278               *
#                                                               *
#*************   chi**2/iteration =  1.242       ****************


#********** Integration by Vegas (iteration      15) ************
#                                                               *
#  integral  =  31444.736       accum. integral =  31466.205    *
#  std. dev. =  15.962608       accum. std. dev =  5.4434070    *
#   min/max. wt. =    0.00000             1.93228               *
#                                                               *
#*************   chi**2/iteration =  1.301       ****************


  Input parameters for vegas:  ndim=  9   ncall= 80707214.
                              it=    0    itmx=    2
                              acc=-1.00    
                              mds=  1     nd=  50
                              (xl,xu)= (  0.00000     ,  1.00000     )
                                       (  0.00000     ,  1.00000     )
                                       (  0.00000     ,  1.00000     )
                                       (  0.00000     ,  1.00000     )
                                       (  0.00000     ,  1.00000     )
                                       (  0.00000     ,  1.00000     )
                                       (  0.00000     ,  1.00000     )
                                       (  0.00000     ,  1.00000     )
                                       (  0.00000     ,  1.00000     )

#********** Integration by Vegas (iteration       1) ************
#                                                               *
#  integral  =  31444.547       accum. integral =  31444.547    *
#  std. dev. =  15.412296       accum. std. dev =  15.412296    *
#   min/max. wt. =    0.00000             1.17897               *
#                                                               *
#*************   chi**2/iteration =  0.000       ****************


#********** Integration by Vegas (iteration       2) ************
#                                                               *
#  integral  =  31439.981       accum. integral =  31442.334    *
#  std. dev. =  15.892979       accum. std. dev =  11.064148    *
#   min/max. wt. =    0.00000             2.75513               *
#                                                               *
#*************   chi**2/iteration = 0.4249E-01   ****************

 Done
