SLURM job running in:  /scratch/groups/lhc/park/JHUGen/JHUGenerator
LHAPDF 6.1.5 loading /work-zfs/lhc/cms/slc6_amd64_gcc493/external/lhapdf/6.1.5-kpegke3/share/LHAPDF/NNPDF30_lo_as_0130/NNPDF30_lo_as_0130_0000.dat
NNPDF30_lo_as_0130 PDF set, member #0, version 2; LHAPDF ID = 263000
 
                                                                                          
   ***************************************************************************************
   *                                JHU Generator v6.9.3                                 *
   ***************************************************************************************
   *                                                                                     *
   *   Spin and parity determination of single-produced resonances at hadron colliders   *
   *                                                                                     *
   *          I. Anderson, S. Bolognesi, F. Caola, Y. Gao, A. Gritsan, Z. Guo,           *
   *        C. Martin, K. Melnikov, R.Rontsch, H. Roskes, U. Sarica, M. Schulze,         *
   *                   N. Tran, A. Whitbeck, M. Xiao, C. You, Y. Zhou                    *
   *                Phys.Rev. D81 (2010) 075022;  arXiv:1001.3396 [hep-ph],              *
   *                Phys.Rev. D86 (2012) 095031;  arXiv:1208.4018 [hep-ph],              *
   *                Phys.Rev. D89 (2014) 035007;  arXiv:1309.4819 [hep-ph].              *
   *                                                                                     *
   ***************************************************************************************
                                                                                          
   
   Command line: ./JHUGen Unweighted=0 VegasNc0=99999999 VegasNc1=99999999 VegasNc2=99999999 LHAPDF=NNPDF30_lo_as_0130/NNPDF30_lo_as_0130.info MReso=74 Process=61 ghg2=0,0 ghg4=1,0
   
   Input Parameter:
    Collider: P-P, sqrt(s)=13000.00
    Resonance: spin=0, mass=  74.00 width=   0.00407
    Jet cuts:
            pT >=    15.00 GeV
        DeltaR >=     0.30
           mJJ >=     0.00 GeV
    Random seed:   835581678
    To reproduce results using this seed, JHUGen should be compiled with the same compiler:
      GNU Fortran (GCC) 4.9.3
    
    WidthScheme:   2
    LHAPDF set NNPDF30_lo_as_0130/NNPDF30_lo_as_0130.info, member=  0
    Unweighted: F
    
    spin-0-VV couplings: 
      generate_as=F
      ghg2=  0.00000000E+00  0.00000000E+00i
      ghg3=  0.00000000E+00  0.00000000E+00i
      ghg4=  0.10000000E+01  0.00000000E+00i
      ghz1=  0.20000000E+01  0.00000000E+00i
      ghz2=  0.00000000E+00  0.00000000E+00i
      ghz3=  0.00000000E+00  0.00000000E+00i
      ghz4=  0.00000000E+00  0.00000000E+00i
      Lambda=  1000.0
    
    LHE output: ./data/output.lhe
    Histogram output: ./data/output.dat
    Log file: ./data/output.log
    
  Running

  Input parameters for vegas:  ndim=  9   ncall= 80707214.
                              it=    0    itmx=   15
                              acc=-1.00    
                              mds=  1     nd=  50
                              (xl,xu)= (  0.00000     ,  1.00000     )
                                       (  0.00000     ,  1.00000     )
                                       (  0.00000     ,  1.00000     )
                                       (  0.00000     ,  1.00000     )
                                       (  0.00000     ,  1.00000     )
                                       (  0.00000     ,  1.00000     )
                                       (  0.00000     ,  1.00000     )
                                       (  0.00000     ,  1.00000     )
                                       (  0.00000     ,  1.00000     )

#********** Integration by Vegas (iteration       1) ************
#                                                               *
#  integral  =  28863.390       accum. integral =  28863.390    *
#  std. dev. =  1632.9318       accum. std. dev =  1632.9318    *
#   min/max. wt. =    0.00000             1313.32               *
#                                                               *
#*************   chi**2/iteration =  0.000       ****************


#********** Integration by Vegas (iteration       2) ************
#                                                               *
#  integral  =  29907.350       accum. integral =  29892.632    *
#  std. dev. =  202.33248       accum. std. dev =  197.42591    *
#   min/max. wt. =    0.00000             73.0238               *
#                                                               *
#*************   chi**2/iteration = 0.3883       ****************


#********** Integration by Vegas (iteration       3) ************
#                                                               *
#  integral  =  30333.743       accum. integral =  30182.528    *
#  std. dev. =  147.16607       accum. std. dev =  116.84248    *
#   min/max. wt. =    0.00000             111.076               *
#                                                               *
#*************   chi**2/iteration =  1.795       ****************


#********** Integration by Vegas (iteration       4) ************
#                                                               *
#  integral  =  30288.335       accum. integral =  30264.762    *
#  std. dev. =  63.779817       accum. std. dev =  55.421795    *
#   min/max. wt. =    0.00000             15.2583               *
#                                                               *
#*************   chi**2/iteration =  1.395       ****************


#********** Integration by Vegas (iteration       5) ************
#                                                               *
#  integral  =  30391.948       accum. integral =  30357.782    *
#  std. dev. =  34.193407       accum. std. dev =  28.829017    *
#   min/max. wt. =    0.00000             19.3544               *
#                                                               *
#*************   chi**2/iteration =  1.995       ****************


#********** Integration by Vegas (iteration       6) ************
#                                                               *
#  integral  =  30289.225       accum. integral =  30318.353    *
#  std. dev. =  25.048564       accum. std. dev =  18.825579    *
#   min/max. wt. =    0.00000             5.02601               *
#                                                               *
#*************   chi**2/iteration =  2.238       ****************


#********** Integration by Vegas (iteration       7) ************
#                                                               *
#  integral  =  30337.693       accum. integral =  30328.867    *
#  std. dev. =  17.431727       accum. std. dev =  12.736694    *
#   min/max. wt. =    0.00000             2.30088               *
#                                                               *
#*************   chi**2/iteration =  1.955       ****************


#********** Integration by Vegas (iteration       8) ************
#                                                               *
#  integral  =  30397.097       accum. integral =  30344.829    *
#  std. dev. =  23.303734       accum. std. dev =  11.163279    *
#   min/max. wt. =    0.00000             16.6037               *
#                                                               *
#*************   chi**2/iteration =  2.627       ****************


#********** Integration by Vegas (iteration       9) ************
#                                                               *
#  integral  =  30360.389       accum. integral =  30347.472    *
#  std. dev. =  24.888635       accum. std. dev =  10.180755    *
#   min/max. wt. =    0.00000             11.4652               *
#                                                               *
#*************   chi**2/iteration =  2.336       ****************


#********** Integration by Vegas (iteration      10) ************
#                                                               *
#  integral  =  30330.123       accum. integral =  30343.280    *
#  std. dev. =  18.153799       accum. std. dev =  8.8716477    *
#   min/max. wt. =    0.00000             1.47152               *
#                                                               *
#*************   chi**2/iteration =  2.151       ****************


#********** Integration by Vegas (iteration      11) ************
#                                                               *
#  integral  =  30372.065       accum. integral =  30350.423    *
#  std. dev. =  15.553769       accum. std. dev =  7.6975588    *
#   min/max. wt. =    0.00000             3.38175               *
#                                                               *
#*************   chi**2/iteration =  2.194       ****************


#********** Integration by Vegas (iteration      12) ************
#                                                               *
#  integral  =  30359.010       accum. integral =  30352.203    *
#  std. dev. =  15.146823       accum. std. dev =  6.8571048    *
#   min/max. wt. =    0.00000             2.29654               *
#                                                               *
#*************   chi**2/iteration =  2.016       ****************


#********** Integration by Vegas (iteration      13) ************
#                                                               *
#  integral  =  30379.018       accum. integral =  30356.814    *
#  std. dev. =  15.142208       accum. std. dev =  6.2427928    *
#   min/max. wt. =    0.00000             5.31757               *
#                                                               *
#*************   chi**2/iteration =  2.065       ****************


#********** Integration by Vegas (iteration      14) ************
#                                                               *
#  integral  =  30359.005       accum. integral =  30357.093    *
#  std. dev. =  16.428480       accum. std. dev =  5.8340157    *
#   min/max. wt. =    0.00000             5.10226               *
#                                                               *
#*************   chi**2/iteration =  1.906       ****************


#********** Integration by Vegas (iteration      15) ************
#                                                               *
#  integral  =  30353.808       accum. integral =  30356.697    *
#  std. dev. =  15.828469       accum. std. dev =  5.4726938    *
#   min/max. wt. =    0.00000             2.08253               *
#                                                               *
#*************   chi**2/iteration =  1.772       ****************


  Input parameters for vegas:  ndim=  9   ncall= 80707214.
                              it=    0    itmx=    2
                              acc=-1.00    
                              mds=  1     nd=  50
                              (xl,xu)= (  0.00000     ,  1.00000     )
                                       (  0.00000     ,  1.00000     )
                                       (  0.00000     ,  1.00000     )
                                       (  0.00000     ,  1.00000     )
                                       (  0.00000     ,  1.00000     )
                                       (  0.00000     ,  1.00000     )
                                       (  0.00000     ,  1.00000     )
                                       (  0.00000     ,  1.00000     )
                                       (  0.00000     ,  1.00000     )

#********** Integration by Vegas (iteration       1) ************
#                                                               *
#  integral  =  30371.529       accum. integral =  30371.529    *
#  std. dev. =  15.401941       accum. std. dev =  15.401941    *
#   min/max. wt. =    0.00000             2.84277               *
#                                                               *
#*************   chi**2/iteration =  0.000       ****************


#********** Integration by Vegas (iteration       2) ************
#                                                               *
#  integral  =  30353.414       accum. integral =  30362.349    *
#  std. dev. =  15.185652       accum. std. dev =  10.813582    *
#   min/max. wt. =    0.00000             2.71612               *
#                                                               *
#*************   chi**2/iteration = 0.7007       ****************

 Done
