SLURM job running in:  /scratch/groups/lhc/park/JHUGen/JHUGenerator
LHAPDF 6.1.5 loading /work-zfs/lhc/cms/slc6_amd64_gcc493/external/lhapdf/6.1.5-kpegke3/share/LHAPDF/NNPDF30_lo_as_0130/NNPDF30_lo_as_0130_0000.dat
NNPDF30_lo_as_0130 PDF set, member #0, version 2; LHAPDF ID = 263000
 
                                                                                          
   ***************************************************************************************
   *                                JHU Generator v6.9.3                                 *
   ***************************************************************************************
   *                                                                                     *
   *   Spin and parity determination of single-produced resonances at hadron colliders   *
   *                                                                                     *
   *          I. Anderson, S. Bolognesi, F. Caola, Y. Gao, A. Gritsan, Z. Guo,           *
   *        C. Martin, K. Melnikov, R.Rontsch, H. Roskes, U. Sarica, M. Schulze,         *
   *                   N. Tran, A. Whitbeck, M. Xiao, C. You, Y. Zhou                    *
   *                Phys.Rev. D81 (2010) 075022;  arXiv:1001.3396 [hep-ph],              *
   *                Phys.Rev. D86 (2012) 095031;  arXiv:1208.4018 [hep-ph],              *
   *                Phys.Rev. D89 (2014) 035007;  arXiv:1309.4819 [hep-ph].              *
   *                                                                                     *
   ***************************************************************************************
                                                                                          
   
   Command line: ./JHUGen Unweighted=0 VegasNc0=99999999 VegasNc1=99999999 VegasNc2=99999999 LHAPDF=NNPDF30_lo_as_0130/NNPDF30_lo_as_0130.info MReso=810 Process=61 ghg2=0,0 ghg4=1,0
   
   Input Parameter:
    Collider: P-P, sqrt(s)=13000.00
    Resonance: spin=0, mass= 810.00 width=   0.00407
    Jet cuts:
            pT >=    15.00 GeV
        DeltaR >=     0.30
           mJJ >=     0.00 GeV
    Random seed:   669270774
    To reproduce results using this seed, JHUGen should be compiled with the same compiler:
      GNU Fortran (GCC) 4.9.3
    
    WidthScheme:   2
    LHAPDF set NNPDF30_lo_as_0130/NNPDF30_lo_as_0130.info, member=  0
    Unweighted: F
    
    spin-0-VV couplings: 
      generate_as=F
      ghg2=  0.00000000E+00  0.00000000E+00i
      ghg3=  0.00000000E+00  0.00000000E+00i
      ghg4=  0.10000000E+01  0.00000000E+00i
      ghz1=  0.20000000E+01  0.00000000E+00i
      ghz2=  0.00000000E+00  0.00000000E+00i
      ghz3=  0.00000000E+00  0.00000000E+00i
      ghz4=  0.00000000E+00  0.00000000E+00i
      Lambda=  1000.0
    
    LHE output: ./data/output.lhe
    Histogram output: ./data/output.dat
    Log file: ./data/output.log
    
  Running

  Input parameters for vegas:  ndim=  9   ncall= 80707214.
                              it=    0    itmx=   15
                              acc=-1.00    
                              mds=  1     nd=  50
                              (xl,xu)= (  0.00000     ,  1.00000     )
                                       (  0.00000     ,  1.00000     )
                                       (  0.00000     ,  1.00000     )
                                       (  0.00000     ,  1.00000     )
                                       (  0.00000     ,  1.00000     )
                                       (  0.00000     ,  1.00000     )
                                       (  0.00000     ,  1.00000     )
                                       (  0.00000     ,  1.00000     )
                                       (  0.00000     ,  1.00000     )

#********** Integration by Vegas (iteration       1) ************
#                                                               *
#  integral  =  233.36581       accum. integral =  233.36581    *
#  std. dev. =  28.470470       accum. std. dev =  28.470470    *
#   min/max. wt. =    0.00000             26.8027               *
#                                                               *
#*************   chi**2/iteration =  0.000       ****************


#********** Integration by Vegas (iteration       2) ************
#                                                               *
#  integral  =  260.18499       accum. integral =  259.52927    *
#  std. dev. =  5.0252028       accum. std. dev =  4.7145282    *
#   min/max. wt. =    0.00000             2.58826               *
#                                                               *
#*************   chi**2/iteration = 0.7711       ****************


#********** Integration by Vegas (iteration       3) ************
#                                                               *
#  integral  =  258.79868       accum. integral =  258.84258    *
#  std. dev. =  1.2483248       accum. std. dev =  1.1741688    *
#   min/max. wt. =    0.00000            0.442452               *
#                                                               *
#*************   chi**2/iteration = 0.3846       ****************


#********** Integration by Vegas (iteration       4) ************
#                                                               *
#  integral  =  262.04160       accum. integral =  261.30505    *
#  std. dev. = 0.67018425       accum. std. dev = 0.56965379    *
#   min/max. wt. =    0.00000            0.308892               *
#                                                               *
#*************   chi**2/iteration =  2.113       ****************


#********** Integration by Vegas (iteration       5) ************
#                                                               *
#  integral  =  261.71711       accum. integral =  261.55582    *
#  std. dev. = 0.47098142       accum. std. dev = 0.35863034    *
#   min/max. wt. =    0.00000            0.303648               *
#                                                               *
#*************   chi**2/iteration =  1.644       ****************


#********** Integration by Vegas (iteration       6) ************
#                                                               *
#  integral  =  261.27810       accum. integral =  261.37600    *
#  std. dev. = 0.27065913       accum. std. dev = 0.21375152    *
#   min/max. wt. =    0.00000            0.676785E-01           *
#                                                               *
#*************   chi**2/iteration =  1.382       ****************


#********** Integration by Vegas (iteration       7) ************
#                                                               *
#  integral  =  261.33152       accum. integral =  261.34975    *
#  std. dev. = 0.18149066       accum. std. dev = 0.13720080    *
#   min/max. wt. =    0.00000            0.352491E-01           *
#                                                               *
#*************   chi**2/iteration =  1.150       ****************


#********** Integration by Vegas (iteration       8) ************
#                                                               *
#  integral  =  261.69288       accum. integral =  261.49668    *
#  std. dev. = 0.16135011       accum. std. dev = 0.10397855    *
#   min/max. wt. =    0.00000            0.320159E-01           *
#                                                               *
#*************   chi**2/iteration =  1.362       ****************


#********** Integration by Vegas (iteration       9) ************
#                                                               *
#  integral  =  261.18378       accum. integral =  261.39457    *
#  std. dev. = 0.15140231       accum. std. dev = 0.85470491E-01*
#   min/max. wt. =    0.00000            0.124823E-01           *
#                                                               *
#*************   chi**2/iteration =  1.557       ****************


#********** Integration by Vegas (iteration      10) ************
#                                                               *
#  integral  =  261.33284       accum. integral =  261.37882    *
#  std. dev. = 0.14788356       accum. std. dev = 0.73860744E-01*
#   min/max. wt. =    0.00000            0.130483E-01           *
#                                                               *
#*************   chi**2/iteration =  1.395       ****************


#********** Integration by Vegas (iteration      11) ************
#                                                               *
#  integral  =  261.21095       accum. integral =  261.34827    *
#  std. dev. = 0.15827684       accum. std. dev = 0.66868154E-01*
#   min/max. wt. =    0.00000            0.616079E-01           *
#                                                               *
#*************   chi**2/iteration =  1.347       ****************


#********** Integration by Vegas (iteration      12) ************
#                                                               *
#  integral  =  261.36821       accum. integral =  261.35147    *
#  std. dev. = 0.15447406       accum. std. dev = 0.61317913E-01*
#   min/max. wt. =    0.00000            0.123711E-01           *
#                                                               *
#*************   chi**2/iteration =  1.224       ****************


#********** Integration by Vegas (iteration      13) ************
#                                                               *
#  integral  =  261.30897       accum. integral =  261.34530    *
#  std. dev. = 0.15021455       accum. std. dev = 0.56735481E-01*
#   min/max. wt. =    0.00000            0.176805E-01           *
#                                                               *
#*************   chi**2/iteration =  1.126       ****************


#********** Integration by Vegas (iteration      14) ************
#                                                               *
#  integral  =  261.16122       accum. integral =  261.32096    *
#  std. dev. = 0.14649895       accum. std. dev = 0.52881540E-01*
#   min/max. wt. =    0.00000            0.115681E-01           *
#                                                               *
#*************   chi**2/iteration =  1.145       ****************


#********** Integration by Vegas (iteration      15) ************
#                                                               *
#  integral  =  261.07902       accum. integral =  261.29304    *
#  std. dev. = 0.14745258       accum. std. dev = 0.49760478E-01*
#   min/max. wt. =    0.00000            0.155298E-01           *
#                                                               *
#*************   chi**2/iteration =  1.235       ****************


  Input parameters for vegas:  ndim=  9   ncall= 80707214.
                              it=    0    itmx=    2
                              acc=-1.00    
                              mds=  1     nd=  50
                              (xl,xu)= (  0.00000     ,  1.00000     )
                                       (  0.00000     ,  1.00000     )
                                       (  0.00000     ,  1.00000     )
                                       (  0.00000     ,  1.00000     )
                                       (  0.00000     ,  1.00000     )
                                       (  0.00000     ,  1.00000     )
                                       (  0.00000     ,  1.00000     )
                                       (  0.00000     ,  1.00000     )
                                       (  0.00000     ,  1.00000     )

#********** Integration by Vegas (iteration       1) ************
#                                                               *
#  integral  =  261.36712       accum. integral =  261.36712    *
#  std. dev. = 0.15150792       accum. std. dev = 0.15150792    *
#   min/max. wt. =    0.00000            0.263424E-01           *
#                                                               *
#*************   chi**2/iteration =  0.000       ****************


#********** Integration by Vegas (iteration       2) ************
#                                                               *
#  integral  =  261.64148       accum. integral =  261.49834    *
#  std. dev. = 0.15840886       accum. std. dev = 0.10949322    *
#   min/max. wt. =    0.00000            0.551983E-01           *
#                                                               *
#*************   chi**2/iteration =  1.565       ****************

 Done
