SLURM job running in:  /scratch/groups/lhc/park/JHUGen/JHUGenerator
LHAPDF 6.1.5 loading /work-zfs/lhc/cms/slc6_amd64_gcc493/external/lhapdf/6.1.5-kpegke3/share/LHAPDF/NNPDF30_lo_as_0130/NNPDF30_lo_as_0130_0000.dat
NNPDF30_lo_as_0130 PDF set, member #0, version 2; LHAPDF ID = 263000
 
                                                                                          
   ***************************************************************************************
   *                                JHU Generator v6.9.3                                 *
   ***************************************************************************************
   *                                                                                     *
   *   Spin and parity determination of single-produced resonances at hadron colliders   *
   *                                                                                     *
   *          I. Anderson, S. Bolognesi, F. Caola, Y. Gao, A. Gritsan, Z. Guo,           *
   *        C. Martin, K. Melnikov, R.Rontsch, H. Roskes, U. Sarica, M. Schulze,         *
   *                   N. Tran, A. Whitbeck, M. Xiao, C. You, Y. Zhou                    *
   *                Phys.Rev. D81 (2010) 075022;  arXiv:1001.3396 [hep-ph],              *
   *                Phys.Rev. D86 (2012) 095031;  arXiv:1208.4018 [hep-ph],              *
   *                Phys.Rev. D89 (2014) 035007;  arXiv:1309.4819 [hep-ph].              *
   *                                                                                     *
   ***************************************************************************************
                                                                                          
   
   Command line: ./JHUGen Unweighted=0 VegasNc0=99999999 VegasNc1=99999999 VegasNc2=99999999 LHAPDF=NNPDF30_lo_as_0130/NNPDF30_lo_as_0130.info MReso=825 Process=61 ghg2=0,0 ghg4=1,0
   
   Input Parameter:
    Collider: P-P, sqrt(s)=13000.00
    Resonance: spin=0, mass= 825.00 width=   0.00407
    Jet cuts:
            pT >=    15.00 GeV
        DeltaR >=     0.30
           mJJ >=     0.00 GeV
    Random seed:    45106340
    To reproduce results using this seed, JHUGen should be compiled with the same compiler:
      GNU Fortran (GCC) 4.9.3
    
    WidthScheme:   2
    LHAPDF set NNPDF30_lo_as_0130/NNPDF30_lo_as_0130.info, member=  0
    Unweighted: F
    
    spin-0-VV couplings: 
      generate_as=F
      ghg2=  0.00000000E+00  0.00000000E+00i
      ghg3=  0.00000000E+00  0.00000000E+00i
      ghg4=  0.10000000E+01  0.00000000E+00i
      ghz1=  0.20000000E+01  0.00000000E+00i
      ghz2=  0.00000000E+00  0.00000000E+00i
      ghz3=  0.00000000E+00  0.00000000E+00i
      ghz4=  0.00000000E+00  0.00000000E+00i
      Lambda=  1000.0
    
    LHE output: ./data/output.lhe
    Histogram output: ./data/output.dat
    Log file: ./data/output.log
    
  Running

  Input parameters for vegas:  ndim=  9   ncall= 80707214.
                              it=    0    itmx=   15
                              acc=-1.00    
                              mds=  1     nd=  50
                              (xl,xu)= (  0.00000     ,  1.00000     )
                                       (  0.00000     ,  1.00000     )
                                       (  0.00000     ,  1.00000     )
                                       (  0.00000     ,  1.00000     )
                                       (  0.00000     ,  1.00000     )
                                       (  0.00000     ,  1.00000     )
                                       (  0.00000     ,  1.00000     )
                                       (  0.00000     ,  1.00000     )
                                       (  0.00000     ,  1.00000     )

#********** Integration by Vegas (iteration       1) ************
#                                                               *
#  integral  =  195.59539       accum. integral =  195.59539    *
#  std. dev. =  9.0551365       accum. std. dev =  9.0551365    *
#   min/max. wt. =    0.00000             4.45655               *
#                                                               *
#*************   chi**2/iteration =  0.000       ****************


#********** Integration by Vegas (iteration       2) ************
#                                                               *
#  integral  =  244.26617       accum. integral =  239.87946    *
#  std. dev. =  3.5591441       accum. std. dev =  3.0753911    *
#   min/max. wt. =    0.00000             1.27204               *
#                                                               *
#*************   chi**2/iteration =  20.52       ****************


#********** Integration by Vegas (iteration       3) ************
#                                                               *
#  integral  =  243.92626       accum. integral =  243.08606    *
#  std. dev. =  1.7354079       accum. std. dev =  1.4507190    *
#   min/max. wt. =    0.00000             1.40530               *
#                                                               *
#*************   chi**2/iteration =  10.22       ****************


#********** Integration by Vegas (iteration       4) ************
#                                                               *
#  integral  =  246.53606       accum. integral =  245.93661    *
#  std. dev. = 0.71598178       accum. std. dev = 0.61656261    *
#   min/max. wt. =    0.00000            0.279271               *
#                                                               *
#*************   chi**2/iteration =  8.051       ****************


#********** Integration by Vegas (iteration       5) ************
#                                                               *
#  integral  =  247.09500       accum. integral =  246.90090    *
#  std. dev. = 0.29265335       accum. std. dev = 0.25537844    *
#   min/max. wt. =    0.00000            0.622950E-01           *
#                                                               *
#*************   chi**2/iteration =  6.615       ****************


#********** Integration by Vegas (iteration       6) ************
#                                                               *
#  integral  =  247.33800       accum. integral =  247.12778    *
#  std. dev. = 0.25726658       accum. std. dev = 0.17850389    *
#   min/max. wt. =    0.00000            0.172097               *
#                                                               *
#*************   chi**2/iteration =  5.509       ****************


#********** Integration by Vegas (iteration       7) ************
#                                                               *
#  integral  =  247.06473       accum. integral =  247.09942    *
#  std. dev. = 0.20478732       accum. std. dev = 0.13312615    *
#   min/max. wt. =    0.00000            0.258391E-01           *
#                                                               *
#*************   chi**2/iteration =  4.551       ****************


#********** Integration by Vegas (iteration       8) ************
#                                                               *
#  integral  =  246.93058       accum. integral =  247.02453    *
#  std. dev. = 0.15374299       accum. std. dev = 0.99696923E-01*
#   min/max. wt. =    0.00000            0.200527E-01           *
#                                                               *
#*************   chi**2/iteration =  3.972       ****************


#********** Integration by Vegas (iteration       9) ************
#                                                               *
#  integral  =  247.15730       accum. integral =  247.06864    *
#  std. dev. = 0.14530853       accum. std. dev = 0.81727835E-01*
#   min/max. wt. =    0.00000            0.287720E-01           *
#                                                               *
#*************   chi**2/iteration =  3.527       ****************


#********** Integration by Vegas (iteration      10) ************
#                                                               *
#  integral  =  246.91441       accum. integral =  247.02815    *
#  std. dev. = 0.14023834       accum. std. dev = 0.70353986E-01*
#   min/max. wt. =    0.00000            0.174239E-01           *
#                                                               *
#*************   chi**2/iteration =  3.223       ****************


#********** Integration by Vegas (iteration      11) ************
#                                                               *
#  integral  =  247.17324       accum. integral =  247.05860    *
#  std. dev. = 0.13956536       accum. std. dev = 0.62665819E-01*
#   min/max. wt. =    0.00000            0.167563E-01           *
#                                                               *
#*************   chi**2/iteration =  2.978       ****************


#********** Integration by Vegas (iteration      12) ************
#                                                               *
#  integral  =  247.31580       accum. integral =  247.10278    *
#  std. dev. = 0.14047751       accum. std. dev = 0.57130633E-01*
#   min/max. wt. =    0.00000            0.117808E-01           *
#                                                               *
#*************   chi**2/iteration =  2.960       ****************


#********** Integration by Vegas (iteration      13) ************
#                                                               *
#  integral  =  246.99598       accum. integral =  247.08745    *
#  std. dev. = 0.14205284       accum. std. dev = 0.52945652E-01*
#   min/max. wt. =    0.00000            0.250729E-01           *
#                                                               *
#*************   chi**2/iteration =  2.747       ****************


#********** Integration by Vegas (iteration      14) ************
#                                                               *
#  integral  =  247.22743       accum. integral =  247.10609    *
#  std. dev. = 0.13745727       accum. std. dev = 0.49357629E-01*
#   min/max. wt. =    0.00000            0.694147E-02           *
#                                                               *
#*************   chi**2/iteration =  2.601       ****************


#********** Integration by Vegas (iteration      15) ************
#                                                               *
#  integral  =  246.78005       accum. integral =  247.06864    *
#  std. dev. = 0.13897569       accum. std. dev = 0.46481314E-01*
#   min/max. wt. =    0.00000            0.201136E-01           *
#                                                               *
#*************   chi**2/iteration =  2.768       ****************


  Input parameters for vegas:  ndim=  9   ncall= 80707214.
                              it=    0    itmx=    2
                              acc=-1.00    
                              mds=  1     nd=  50
                              (xl,xu)= (  0.00000     ,  1.00000     )
                                       (  0.00000     ,  1.00000     )
                                       (  0.00000     ,  1.00000     )
                                       (  0.00000     ,  1.00000     )
                                       (  0.00000     ,  1.00000     )
                                       (  0.00000     ,  1.00000     )
                                       (  0.00000     ,  1.00000     )
                                       (  0.00000     ,  1.00000     )
                                       (  0.00000     ,  1.00000     )

#********** Integration by Vegas (iteration       1) ************
#                                                               *
#  integral  =  247.25057       accum. integral =  247.25057    *
#  std. dev. = 0.14159588       accum. std. dev = 0.14159588    *
#   min/max. wt. =    0.00000            0.201408E-01           *
#                                                               *
#*************   chi**2/iteration = -.7258E-06   ****************


#********** Integration by Vegas (iteration       2) ************
#                                                               *
#  integral  =  247.28803       accum. integral =  247.26953    *
#  std. dev. = 0.13989394       accum. std. dev = 0.99516131E-01*
#   min/max. wt. =    0.00000            0.241883E-01           *
#                                                               *
#*************   chi**2/iteration = 0.3538E-01   ****************

 Done
