SLURM job running in:  /scratch/groups/lhc/park/JHUGen/JHUGenerator
LHAPDF 6.1.5 loading /work-zfs/lhc/cms/slc6_amd64_gcc493/external/lhapdf/6.1.5-kpegke3/share/LHAPDF/NNPDF30_lo_as_0130/NNPDF30_lo_as_0130_0000.dat
NNPDF30_lo_as_0130 PDF set, member #0, version 2; LHAPDF ID = 263000
 
                                                                                          
   ***************************************************************************************
   *                                JHU Generator v6.9.3                                 *
   ***************************************************************************************
   *                                                                                     *
   *   Spin and parity determination of single-produced resonances at hadron colliders   *
   *                                                                                     *
   *          I. Anderson, S. Bolognesi, F. Caola, Y. Gao, A. Gritsan, Z. Guo,           *
   *        C. Martin, K. Melnikov, R.Rontsch, H. Roskes, U. Sarica, M. Schulze,         *
   *                   N. Tran, A. Whitbeck, M. Xiao, C. You, Y. Zhou                    *
   *                Phys.Rev. D81 (2010) 075022;  arXiv:1001.3396 [hep-ph],              *
   *                Phys.Rev. D86 (2012) 095031;  arXiv:1208.4018 [hep-ph],              *
   *                Phys.Rev. D89 (2014) 035007;  arXiv:1309.4819 [hep-ph].              *
   *                                                                                     *
   ***************************************************************************************
                                                                                          
   
   Command line: ./JHUGen Unweighted=0 VegasNc0=99999999 VegasNc1=99999999 VegasNc2=99999999 LHAPDF=NNPDF30_lo_as_0130/NNPDF30_lo_as_0130.info MReso=840 Process=61 ghg2=0,0 ghg4=1,0
   
   Input Parameter:
    Collider: P-P, sqrt(s)=13000.00
    Resonance: spin=0, mass= 840.00 width=   0.00407
    Jet cuts:
            pT >=    15.00 GeV
        DeltaR >=     0.30
           mJJ >=     0.00 GeV
    Random seed:   114380722
    To reproduce results using this seed, JHUGen should be compiled with the same compiler:
      GNU Fortran (GCC) 4.9.3
    
    WidthScheme:   2
    LHAPDF set NNPDF30_lo_as_0130/NNPDF30_lo_as_0130.info, member=  0
    Unweighted: F
    
    spin-0-VV couplings: 
      generate_as=F
      ghg2=  0.00000000E+00  0.00000000E+00i
      ghg3=  0.00000000E+00  0.00000000E+00i
      ghg4=  0.10000000E+01  0.00000000E+00i
      ghz1=  0.20000000E+01  0.00000000E+00i
      ghz2=  0.00000000E+00  0.00000000E+00i
      ghz3=  0.00000000E+00  0.00000000E+00i
      ghz4=  0.00000000E+00  0.00000000E+00i
      Lambda=  1000.0
    
    LHE output: ./data/output.lhe
    Histogram output: ./data/output.dat
    Log file: ./data/output.log
    
  Running

  Input parameters for vegas:  ndim=  9   ncall= 80707214.
                              it=    0    itmx=   15
                              acc=-1.00    
                              mds=  1     nd=  50
                              (xl,xu)= (  0.00000     ,  1.00000     )
                                       (  0.00000     ,  1.00000     )
                                       (  0.00000     ,  1.00000     )
                                       (  0.00000     ,  1.00000     )
                                       (  0.00000     ,  1.00000     )
                                       (  0.00000     ,  1.00000     )
                                       (  0.00000     ,  1.00000     )
                                       (  0.00000     ,  1.00000     )
                                       (  0.00000     ,  1.00000     )

#********** Integration by Vegas (iteration       1) ************
#                                                               *
#  integral  =  186.04739       accum. integral =  186.04739    *
#  std. dev. =  8.5114470       accum. std. dev =  8.5114470    *
#   min/max. wt. =    0.00000             3.75733               *
#                                                               *
#*************   chi**2/iteration =  0.000       ****************


#********** Integration by Vegas (iteration       2) ************
#                                                               *
#  integral  =  228.69196       accum. integral =  222.20757    *
#  std. dev. =  4.4304740       accum. std. dev =  3.7188757    *
#   min/max. wt. =    0.00000             3.30547               *
#                                                               *
#*************   chi**2/iteration =  16.94       ****************


#********** Integration by Vegas (iteration       3) ************
#                                                               *
#  integral  =  251.47089       accum. integral =  223.84605    *
#  std. dev. =  18.420419       accum. std. dev =  3.8777036    *
#   min/max. wt. =    0.00000             18.2202               *
#                                                               *
#*************   chi**2/iteration =  8.861       ****************


#********** Integration by Vegas (iteration       4) ************
#                                                               *
#  integral  =  236.94584       accum. integral =  233.20317    *
#  std. dev. =  2.5974066       accum. std. dev =  2.1039895    *
#   min/max. wt. =    0.00000            0.795304               *
#                                                               *
#*************   chi**2/iteration =  8.370       ****************


#********** Integration by Vegas (iteration       5) ************
#                                                               *
#  integral  =  234.17724       accum. integral =  234.06144    *
#  std. dev. = 0.79692666       accum. std. dev = 0.73002326    *
#   min/max. wt. =    0.00000            0.676225               *
#                                                               *
#*************   chi**2/iteration =  6.246       ****************


#********** Integration by Vegas (iteration       6) ************
#                                                               *
#  integral  =  233.97293       accum. integral =  234.01105    *
#  std. dev. = 0.65008670       accum. std. dev = 0.48101678    *
#   min/max. wt. =    0.00000            0.513080               *
#                                                               *
#*************   chi**2/iteration =  4.959       ****************


#********** Integration by Vegas (iteration       7) ************
#                                                               *
#  integral  =  233.84508       accum. integral =  233.89605    *
#  std. dev. = 0.32636495       accum. std. dev = 0.26729632    *
#   min/max. wt. =    0.00000            0.288822E-01           *
#                                                               *
#*************   chi**2/iteration =  4.124       ****************


#********** Integration by Vegas (iteration       8) ************
#                                                               *
#  integral  =  233.98293       accum. integral =  233.95991    *
#  std. dev. = 0.16321884       accum. std. dev = 0.13789175    *
#   min/max. wt. =    0.00000            0.385526E-01           *
#                                                               *
#*************   chi**2/iteration =  3.531       ****************


#********** Integration by Vegas (iteration       9) ************
#                                                               *
#  integral  =  233.89663       accum. integral =  233.92878    *
#  std. dev. = 0.14214160       accum. std. dev = 0.98441442E-01*
#   min/max. wt. =    0.00000            0.171583E-01           *
#                                                               *
#*************   chi**2/iteration =  3.092       ****************


#********** Integration by Vegas (iteration      10) ************
#                                                               *
#  integral  =  233.92146       accum. integral =  233.92614    *
#  std. dev. = 0.13272262       accum. std. dev = 0.78807183E-01*
#   min/max. wt. =    0.00000            0.120055E-01           *
#                                                               *
#*************   chi**2/iteration =  2.742       ****************


#********** Integration by Vegas (iteration      11) ************
#                                                               *
#  integral  =  233.87765       accum. integral =  233.91483    *
#  std. dev. = 0.14454574       accum. std. dev = 0.69082624E-01*
#   min/max. wt. =    0.00000            0.432424E-01           *
#                                                               *
#*************   chi**2/iteration =  2.471       ****************


#********** Integration by Vegas (iteration      12) ************
#                                                               *
#  integral  =  233.79963       accum. integral =  233.89108    *
#  std. dev. = 0.13692736       accum. std. dev = 0.61603581E-01*
#   min/max. wt. =    0.00000            0.131651E-01           *
#                                                               *
#*************   chi**2/iteration =  2.295       ****************


#********** Integration by Vegas (iteration      13) ************
#                                                               *
#  integral  =  233.84123       accum. integral =  233.88201    *
#  std. dev. = 0.13185661       accum. std. dev = 0.55759307E-01*
#   min/max. wt. =    0.00000            0.123975E-01           *
#                                                               *
#*************   chi**2/iteration =  2.111       ****************


#********** Integration by Vegas (iteration      14) ************
#                                                               *
#  integral  =  233.96791       accum. integral =  233.89558    *
#  std. dev. = 0.12995288       accum. std. dev = 0.51202058E-01*
#   min/max. wt. =    0.00000            0.968446E-02           *
#                                                               *
#*************   chi**2/iteration =  1.975       ****************


#********** Integration by Vegas (iteration      15) ************
#                                                               *
#  integral  =  233.77038       accum. integral =  233.87815    *
#  std. dev. = 0.12831070       accum. std. dev = 0.47529776E-01*
#   min/max. wt. =    0.00000            0.692781E-02           *
#                                                               *
#*************   chi**2/iteration =  1.891       ****************


  Input parameters for vegas:  ndim=  9   ncall= 80707214.
                              it=    0    itmx=    2
                              acc=-1.00    
                              mds=  1     nd=  50
                              (xl,xu)= (  0.00000     ,  1.00000     )
                                       (  0.00000     ,  1.00000     )
                                       (  0.00000     ,  1.00000     )
                                       (  0.00000     ,  1.00000     )
                                       (  0.00000     ,  1.00000     )
                                       (  0.00000     ,  1.00000     )
                                       (  0.00000     ,  1.00000     )
                                       (  0.00000     ,  1.00000     )
                                       (  0.00000     ,  1.00000     )

#********** Integration by Vegas (iteration       1) ************
#                                                               *
#  integral  =  233.93826       accum. integral =  233.93826    *
#  std. dev. = 0.13184684       accum. std. dev = 0.13184684    *
#   min/max. wt. =    0.00000            0.121391E-01           *
#                                                               *
#*************   chi**2/iteration =  0.000       ****************


#********** Integration by Vegas (iteration       2) ************
#                                                               *
#  integral  =  234.06631       accum. integral =  234.00227    *
#  std. dev. = 0.13194626       accum. std. dev = 0.93264944E-01*
#   min/max. wt. =    0.00000            0.858776E-02           *
#                                                               *
#*************   chi**2/iteration = 0.4708       ****************

 Done
