SLURM job running in:  /scratch/groups/lhc/park/JHUGen/JHUGenerator
LHAPDF 6.1.5 loading /work-zfs/lhc/cms/slc6_amd64_gcc493/external/lhapdf/6.1.5-kpegke3/share/LHAPDF/NNPDF30_lo_as_0130/NNPDF30_lo_as_0130_0000.dat
NNPDF30_lo_as_0130 PDF set, member #0, version 2; LHAPDF ID = 263000
 
                                                                                          
   ***************************************************************************************
   *                                JHU Generator v6.9.3                                 *
   ***************************************************************************************
   *                                                                                     *
   *   Spin and parity determination of single-produced resonances at hadron colliders   *
   *                                                                                     *
   *          I. Anderson, S. Bolognesi, F. Caola, Y. Gao, A. Gritsan, Z. Guo,           *
   *        C. Martin, K. Melnikov, R.Rontsch, H. Roskes, U. Sarica, M. Schulze,         *
   *                   N. Tran, A. Whitbeck, M. Xiao, C. You, Y. Zhou                    *
   *                Phys.Rev. D81 (2010) 075022;  arXiv:1001.3396 [hep-ph],              *
   *                Phys.Rev. D86 (2012) 095031;  arXiv:1208.4018 [hep-ph],              *
   *                Phys.Rev. D89 (2014) 035007;  arXiv:1309.4819 [hep-ph].              *
   *                                                                                     *
   ***************************************************************************************
                                                                                          
   
   Command line: ./JHUGen Unweighted=0 VegasNc0=99999999 VegasNc1=99999999 VegasNc2=99999999 LHAPDF=NNPDF30_lo_as_0130/NNPDF30_lo_as_0130.info MReso=86 Process=61 ghg2=0,0 ghg4=1,0
   
   Input Parameter:
    Collider: P-P, sqrt(s)=13000.00
    Resonance: spin=0, mass=  86.00 width=   0.00407
    Jet cuts:
            pT >=    15.00 GeV
        DeltaR >=     0.30
           mJJ >=     0.00 GeV
    Random seed:    17633809
    To reproduce results using this seed, JHUGen should be compiled with the same compiler:
      GNU Fortran (GCC) 4.9.3
    
    WidthScheme:   2
    LHAPDF set NNPDF30_lo_as_0130/NNPDF30_lo_as_0130.info, member=  0
    Unweighted: F
    
    spin-0-VV couplings: 
      generate_as=F
      ghg2=  0.00000000E+00  0.00000000E+00i
      ghg3=  0.00000000E+00  0.00000000E+00i
      ghg4=  0.10000000E+01  0.00000000E+00i
      ghz1=  0.20000000E+01  0.00000000E+00i
      ghz2=  0.00000000E+00  0.00000000E+00i
      ghz3=  0.00000000E+00  0.00000000E+00i
      ghz4=  0.00000000E+00  0.00000000E+00i
      Lambda=  1000.0
    
    LHE output: ./data/output.lhe
    Histogram output: ./data/output.dat
    Log file: ./data/output.log
    
  Running

  Input parameters for vegas:  ndim=  9   ncall= 80707214.
                              it=    0    itmx=   15
                              acc=-1.00    
                              mds=  1     nd=  50
                              (xl,xu)= (  0.00000     ,  1.00000     )
                                       (  0.00000     ,  1.00000     )
                                       (  0.00000     ,  1.00000     )
                                       (  0.00000     ,  1.00000     )
                                       (  0.00000     ,  1.00000     )
                                       (  0.00000     ,  1.00000     )
                                       (  0.00000     ,  1.00000     )
                                       (  0.00000     ,  1.00000     )
                                       (  0.00000     ,  1.00000     )

#********** Integration by Vegas (iteration       1) ************
#                                                               *
#  integral  =  22859.774       accum. integral =  22859.774    *
#  std. dev. =  975.36649       accum. std. dev =  975.36649    *
#   min/max. wt. =    0.00000             531.852               *
#                                                               *
#*************   chi**2/iteration =  0.000       ****************


#********** Integration by Vegas (iteration       2) ************
#                                                               *
#  integral  =  24823.471       accum. integral =  24548.817    *
#  std. dev. =  427.10107       accum. std. dev =  380.76331    *
#   min/max. wt. =    0.00000             387.955               *
#                                                               *
#*************   chi**2/iteration =  3.197       ****************


#********** Integration by Vegas (iteration       3) ************
#                                                               *
#  integral  =  24795.636       accum. integral =  24782.858    *
#  std. dev. =  92.450083       accum. std. dev =  87.779544    *
#   min/max. wt. =    0.00000             35.6117               *
#                                                               *
#*************   chi**2/iteration =  1.752       ****************


#********** Integration by Vegas (iteration       4) ************
#                                                               *
#  integral  =  24848.524       accum. integral =  24836.966    *
#  std. dev. =  41.694995       accum. std. dev =  37.084012    *
#   min/max. wt. =    0.00000             17.5526               *
#                                                               *
#*************   chi**2/iteration =  1.303       ****************


#********** Integration by Vegas (iteration       5) ************
#                                                               *
#  integral  =  24820.583       accum. integral =  24825.963    *
#  std. dev. =  26.436024       accum. std. dev =  21.334518    *
#   min/max. wt. =    0.00000             6.43414               *
#                                                               *
#*************   chi**2/iteration =  1.002       ****************


#********** Integration by Vegas (iteration       6) ************
#                                                               *
#  integral  =  24799.878       accum. integral =  24808.659    *
#  std. dev. =  15.420759       accum. std. dev =  12.408913    *
#   min/max. wt. =    0.00000             2.92527               *
#                                                               *
#*************   chi**2/iteration = 0.9954       ****************


#********** Integration by Vegas (iteration       7) ************
#                                                               *
#  integral  =  24833.812       accum. integral =  24814.168    *
#  std. dev. =  23.748746       accum. std. dev =  10.987410    *
#   min/max. wt. =    0.00000             19.1538               *
#                                                               *
#*************   chi**2/iteration = 0.9757       ****************


#********** Integration by Vegas (iteration       8) ************
#                                                               *
#  integral  =  24797.374       accum. integral =  24810.785    *
#  std. dev. =  22.094083       accum. std. dev =  9.8307576    *
#   min/max. wt. =    0.00000             1.24118               *
#                                                               *
#*************   chi**2/iteration = 0.9013       ****************


#********** Integration by Vegas (iteration       9) ************
#                                                               *
#  integral  =  24813.690       accum. integral =  24811.729    *
#  std. dev. =  14.304391       accum. std. dev =  8.0858025    *
#   min/max. wt. =    0.00000             2.77731               *
#                                                               *
#*************   chi**2/iteration = 0.7905       ****************


#********** Integration by Vegas (iteration      10) ************
#                                                               *
#  integral  =  24822.214       accum. integral =  24814.704    *
#  std. dev. =  12.958352       accum. std. dev =  6.8490555    *
#   min/max. wt. =    0.00000             1.69228               *
#                                                               *
#*************   chi**2/iteration = 0.7543       ****************


#********** Integration by Vegas (iteration      11) ************
#                                                               *
#  integral  =  24817.445       accum. integral =  24815.339    *
#  std. dev. =  12.572750       accum. std. dev =  6.0081559    *
#   min/max. wt. =    0.00000             2.12801               *
#                                                               *
#*************   chi**2/iteration = 0.6817       ****************


#********** Integration by Vegas (iteration      12) ************
#                                                               *
#  integral  =  24781.349       accum. integral =  24808.528    *
#  std. dev. =  12.068195       accum. std. dev =  5.3750597    *
#   min/max. wt. =    0.00000            0.982603               *
#                                                               *
#*************   chi**2/iteration =  1.202       ****************


#********** Integration by Vegas (iteration      13) ************
#                                                               *
#  integral  =  24806.309       accum. integral =  24808.160    *
#  std. dev. =  12.126946       accum. std. dev =  4.9113998    *
#   min/max. wt. =    0.00000             1.44145               *
#                                                               *
#*************   chi**2/iteration =  1.103       ****************


#********** Integration by Vegas (iteration      14) ************
#                                                               *
#  integral  =  24818.040       accum. integral =  24809.544    *
#  std. dev. =  12.240803       accum. std. dev =  4.5563218    *
#   min/max. wt. =    0.00000             1.77969               *
#                                                               *
#*************   chi**2/iteration =  1.061       ****************


#********** Integration by Vegas (iteration      15) ************
#                                                               *
#  integral  =  24833.995       accum. integral =  24809.856    *
#  std. dev. =  40.351214       accum. std. dev =  4.5290888    *
#   min/max. wt. =    0.00000             38.5212               *
#                                                               *
#*************   chi**2/iteration =  1.010       ****************


  Input parameters for vegas:  ndim=  9   ncall= 80707214.
                              it=    0    itmx=    2
                              acc=-1.00    
                              mds=  1     nd=  50
                              (xl,xu)= (  0.00000     ,  1.00000     )
                                       (  0.00000     ,  1.00000     )
                                       (  0.00000     ,  1.00000     )
                                       (  0.00000     ,  1.00000     )
                                       (  0.00000     ,  1.00000     )
                                       (  0.00000     ,  1.00000     )
                                       (  0.00000     ,  1.00000     )
                                       (  0.00000     ,  1.00000     )
                                       (  0.00000     ,  1.00000     )

#********** Integration by Vegas (iteration       1) ************
#                                                               *
#  integral  =  24809.879       accum. integral =  24809.879    *
#  std. dev. =  37.349138       accum. std. dev =  37.349138    *
#   min/max. wt. =    0.00000             2.01080               *
#                                                               *
#*************   chi**2/iteration = -.1709E-06   ****************


#********** Integration by Vegas (iteration       2) ************
#                                                               *
#  integral  =  24809.416       accum. integral =  24809.477    *
#  std. dev. =  14.599136       accum. std. dev =  13.597378    *
#   min/max. wt. =    0.00000             1.68713               *
#                                                               *
#*************   chi**2/iteration = 0.1332E-03   ****************

 Done
