SLURM job running in:  /scratch/groups/lhc/park/JHUGen/JHUGenerator
LHAPDF 6.1.5 loading /work-zfs/lhc/cms/slc6_amd64_gcc493/external/lhapdf/6.1.5-kpegke3/share/LHAPDF/NNPDF30_lo_as_0130/NNPDF30_lo_as_0130_0000.dat
NNPDF30_lo_as_0130 PDF set, member #0, version 2; LHAPDF ID = 263000
 
                                                                                          
   ***************************************************************************************
   *                                JHU Generator v6.9.3                                 *
   ***************************************************************************************
   *                                                                                     *
   *   Spin and parity determination of single-produced resonances at hadron colliders   *
   *                                                                                     *
   *          I. Anderson, S. Bolognesi, F. Caola, Y. Gao, A. Gritsan, Z. Guo,           *
   *        C. Martin, K. Melnikov, R.Rontsch, H. Roskes, U. Sarica, M. Schulze,         *
   *                   N. Tran, A. Whitbeck, M. Xiao, C. You, Y. Zhou                    *
   *                Phys.Rev. D81 (2010) 075022;  arXiv:1001.3396 [hep-ph],              *
   *                Phys.Rev. D86 (2012) 095031;  arXiv:1208.4018 [hep-ph],              *
   *                Phys.Rev. D89 (2014) 035007;  arXiv:1309.4819 [hep-ph].              *
   *                                                                                     *
   ***************************************************************************************
                                                                                          
   
   Command line: ./JHUGen Unweighted=0 VegasNc0=99999999 VegasNc1=99999999 VegasNc2=99999999 LHAPDF=NNPDF30_lo_as_0130/NNPDF30_lo_as_0130.info MReso=875 Process=61 ghg2=0,0 ghg4=1,0
   
   Input Parameter:
    Collider: P-P, sqrt(s)=13000.00
    Resonance: spin=0, mass= 875.00 width=   0.00407
    Jet cuts:
            pT >=    15.00 GeV
        DeltaR >=     0.30
           mJJ >=     0.00 GeV
    Random seed:   929458669
    To reproduce results using this seed, JHUGen should be compiled with the same compiler:
      GNU Fortran (GCC) 4.9.3
    
    WidthScheme:   2
    LHAPDF set NNPDF30_lo_as_0130/NNPDF30_lo_as_0130.info, member=  0
    Unweighted: F
    
    spin-0-VV couplings: 
      generate_as=F
      ghg2=  0.00000000E+00  0.00000000E+00i
      ghg3=  0.00000000E+00  0.00000000E+00i
      ghg4=  0.10000000E+01  0.00000000E+00i
      ghz1=  0.20000000E+01  0.00000000E+00i
      ghz2=  0.00000000E+00  0.00000000E+00i
      ghz3=  0.00000000E+00  0.00000000E+00i
      ghz4=  0.00000000E+00  0.00000000E+00i
      Lambda=  1000.0
    
    LHE output: ./data/output.lhe
    Histogram output: ./data/output.dat
    Log file: ./data/output.log
    
  Running

  Input parameters for vegas:  ndim=  9   ncall= 80707214.
                              it=    0    itmx=   15
                              acc=-1.00    
                              mds=  1     nd=  50
                              (xl,xu)= (  0.00000     ,  1.00000     )
                                       (  0.00000     ,  1.00000     )
                                       (  0.00000     ,  1.00000     )
                                       (  0.00000     ,  1.00000     )
                                       (  0.00000     ,  1.00000     )
                                       (  0.00000     ,  1.00000     )
                                       (  0.00000     ,  1.00000     )
                                       (  0.00000     ,  1.00000     )
                                       (  0.00000     ,  1.00000     )

#********** Integration by Vegas (iteration       1) ************
#                                                               *
#  integral  =  163.00218       accum. integral =  163.00218    *
#  std. dev. =  8.8077515       accum. std. dev =  8.8077515    *
#   min/max. wt. =    0.00000             6.03614               *
#                                                               *
#*************   chi**2/iteration =  0.000       ****************


#********** Integration by Vegas (iteration       2) ************
#                                                               *
#  integral  =  206.58139       accum. integral =  194.82171    *
#  std. dev. =  6.7859989       accum. std. dev =  5.2228891    *
#   min/max. wt. =    0.00000             6.46755               *
#                                                               *
#*************   chi**2/iteration =  13.70       ****************


#********** Integration by Vegas (iteration       3) ************
#                                                               *
#  integral  =  206.04483       accum. integral =  204.58655    *
#  std. dev. =  2.2350103       accum. std. dev =  1.9523587    *
#   min/max. wt. =    0.00000             1.64179               *
#                                                               *
#*************   chi**2/iteration =  8.242       ****************


#********** Integration by Vegas (iteration       4) ************
#                                                               *
#  integral  =  206.54432       accum. integral =  206.35871    *
#  std. dev. = 0.67631377       accum. std. dev = 0.61199038    *
#   min/max. wt. =    0.00000            0.232140               *
#                                                               *
#*************   chi**2/iteration =  5.595       ****************


#********** Integration by Vegas (iteration       5) ************
#                                                               *
#  integral  =  206.36770       accum. integral =  206.36488    *
#  std. dev. = 0.43390245       accum. std. dev = 0.34588790    *
#   min/max. wt. =    0.00000            0.250802               *
#                                                               *
#*************   chi**2/iteration =  4.111       ****************


#********** Integration by Vegas (iteration       6) ************
#                                                               *
#  integral  =  205.94901       accum. integral =  206.09079    *
#  std. dev. = 0.25814039       accum. std. dev = 0.20324515    *
#   min/max. wt. =    0.00000            0.471243E-01           *
#                                                               *
#*************   chi**2/iteration =  3.436       ****************


#********** Integration by Vegas (iteration       7) ************
#                                                               *
#  integral  =  206.11769       accum. integral =  206.10872    *
#  std. dev. = 0.14833599       accum. std. dev = 0.11790100    *
#   min/max. wt. =    0.00000            0.374541E-01           *
#                                                               *
#*************   chi**2/iteration =  2.839       ****************


#********** Integration by Vegas (iteration       8) ************
#                                                               *
#  integral  =  206.19799       accum. integral =  206.14786    *
#  std. dev. = 0.13711632       accum. std. dev = 0.88660597E-01*
#   min/max. wt. =    0.00000            0.487273E-01           *
#                                                               *
#*************   chi**2/iteration =  2.452       ****************


#********** Integration by Vegas (iteration       9) ************
#                                                               *
#  integral  =  206.30826       accum. integral =  206.19922    *
#  std. dev. = 0.13236797       accum. std. dev = 0.73303952E-01*
#   min/max. wt. =    0.00000            0.232348E-01           *
#                                                               *
#*************   chi**2/iteration =  2.264       ****************


#********** Integration by Vegas (iteration      10) ************
#                                                               *
#  integral  =  205.89775       accum. integral =  206.11571    *
#  std. dev. = 0.12076483       accum. std. dev = 0.62454003E-01*
#   min/max. wt. =    0.00000            0.136054E-01           *
#                                                               *
#*************   chi**2/iteration =  2.523       ****************


#********** Integration by Vegas (iteration      11) ************
#                                                               *
#  integral  =  206.23075       accum. integral =  206.14229    *
#  std. dev. = 0.11613090       accum. std. dev = 0.54862086E-01*
#   min/max. wt. =    0.00000            0.970424E-02           *
#                                                               *
#*************   chi**2/iteration =  2.341       ****************


#********** Integration by Vegas (iteration      12) ************
#                                                               *
#  integral  =  205.98240       accum. integral =  206.11241    *
#  std. dev. = 0.11629405       accum. std. dev = 0.49537817E-01*
#   min/max. wt. =    0.00000            0.174620E-01           *
#                                                               *
#*************   chi**2/iteration =  2.266       ****************


#********** Integration by Vegas (iteration      13) ************
#                                                               *
#  integral  =  206.16482       accum. integral =  206.12056    *
#  std. dev. = 0.11723500       accum. std. dev = 0.45577267E-01*
#   min/max. wt. =    0.00000            0.152652E-01           *
#                                                               *
#*************   chi**2/iteration =  2.087       ****************


#********** Integration by Vegas (iteration      14) ************
#                                                               *
#  integral  =  206.12756       accum. integral =  206.12152    *
#  std. dev. = 0.11627470       accum. std. dev = 0.42395911E-01*
#   min/max. wt. =    0.00000            0.110036E-01           *
#                                                               *
#*************   chi**2/iteration =  1.922       ****************


#********** Integration by Vegas (iteration      15) ************
#                                                               *
#  integral  =  206.19977       accum. integral =  206.13074    *
#  std. dev. = 0.11755779       accum. std. dev = 0.39855086E-01*
#   min/max. wt. =    0.00000            0.110631E-01           *
#                                                               *
#*************   chi**2/iteration =  1.810       ****************


  Input parameters for vegas:  ndim=  9   ncall= 80707214.
                              it=    0    itmx=    2
                              acc=-1.00    
                              mds=  1     nd=  50
                              (xl,xu)= (  0.00000     ,  1.00000     )
                                       (  0.00000     ,  1.00000     )
                                       (  0.00000     ,  1.00000     )
                                       (  0.00000     ,  1.00000     )
                                       (  0.00000     ,  1.00000     )
                                       (  0.00000     ,  1.00000     )
                                       (  0.00000     ,  1.00000     )
                                       (  0.00000     ,  1.00000     )
                                       (  0.00000     ,  1.00000     )

#********** Integration by Vegas (iteration       1) ************
#                                                               *
#  integral  =  206.18529       accum. integral =  206.18529    *
#  std. dev. = 0.11587466       accum. std. dev = 0.11587466    *
#   min/max. wt. =    0.00000            0.139110E-01           *
#                                                               *
#*************   chi**2/iteration =  0.000       ****************


#********** Integration by Vegas (iteration       2) ************
#                                                               *
#  integral  =  206.12131       accum. integral =  206.15472    *
#  std. dev. = 0.12109528       accum. std. dev = 0.83719975E-01*
#   min/max. wt. =    0.00000            0.272822E-01           *
#                                                               *
#*************   chi**2/iteration = 0.1456       ****************

 Done
