SLURM job running in:  /scratch/groups/lhc/park/JHUGen/JHUGenerator
LHAPDF 6.1.5 loading /work-zfs/lhc/cms/slc6_amd64_gcc493/external/lhapdf/6.1.5-kpegke3/share/LHAPDF/NNPDF30_lo_as_0130/NNPDF30_lo_as_0130_0000.dat
NNPDF30_lo_as_0130 PDF set, member #0, version 2; LHAPDF ID = 263000
 
                                                                                          
   ***************************************************************************************
   *                                JHU Generator v6.9.3                                 *
   ***************************************************************************************
   *                                                                                     *
   *   Spin and parity determination of single-produced resonances at hadron colliders   *
   *                                                                                     *
   *          I. Anderson, S. Bolognesi, F. Caola, Y. Gao, A. Gritsan, Z. Guo,           *
   *        C. Martin, K. Melnikov, R.Rontsch, H. Roskes, U. Sarica, M. Schulze,         *
   *                   N. Tran, A. Whitbeck, M. Xiao, C. You, Y. Zhou                    *
   *                Phys.Rev. D81 (2010) 075022;  arXiv:1001.3396 [hep-ph],              *
   *                Phys.Rev. D86 (2012) 095031;  arXiv:1208.4018 [hep-ph],              *
   *                Phys.Rev. D89 (2014) 035007;  arXiv:1309.4819 [hep-ph].              *
   *                                                                                     *
   ***************************************************************************************
                                                                                          
   
   Command line: ./JHUGen Unweighted=0 VegasNc0=99999999 VegasNc1=99999999 VegasNc2=99999999 LHAPDF=NNPDF30_lo_as_0130/NNPDF30_lo_as_0130.info MReso=94 Process=61 ghg2=0,0 ghg4=1,0
   
   Input Parameter:
    Collider: P-P, sqrt(s)=13000.00
    Resonance: spin=0, mass=  94.00 width=   0.00407
    Jet cuts:
            pT >=    15.00 GeV
        DeltaR >=     0.30
           mJJ >=     0.00 GeV
    Random seed:   655576058
    To reproduce results using this seed, JHUGen should be compiled with the same compiler:
      GNU Fortran (GCC) 4.9.3
    
    WidthScheme:   2
    LHAPDF set NNPDF30_lo_as_0130/NNPDF30_lo_as_0130.info, member=  0
    Unweighted: F
    
    spin-0-VV couplings: 
      generate_as=F
      ghg2=  0.00000000E+00  0.00000000E+00i
      ghg3=  0.00000000E+00  0.00000000E+00i
      ghg4=  0.10000000E+01  0.00000000E+00i
      ghz1=  0.20000000E+01  0.00000000E+00i
      ghz2=  0.00000000E+00  0.00000000E+00i
      ghz3=  0.00000000E+00  0.00000000E+00i
      ghz4=  0.00000000E+00  0.00000000E+00i
      Lambda=  1000.0
    
    LHE output: ./data/output.lhe
    Histogram output: ./data/output.dat
    Log file: ./data/output.log
    
  Running

  Input parameters for vegas:  ndim=  9   ncall= 80707214.
                              it=    0    itmx=   15
                              acc=-1.00    
                              mds=  1     nd=  50
                              (xl,xu)= (  0.00000     ,  1.00000     )
                                       (  0.00000     ,  1.00000     )
                                       (  0.00000     ,  1.00000     )
                                       (  0.00000     ,  1.00000     )
                                       (  0.00000     ,  1.00000     )
                                       (  0.00000     ,  1.00000     )
                                       (  0.00000     ,  1.00000     )
                                       (  0.00000     ,  1.00000     )
                                       (  0.00000     ,  1.00000     )

#********** Integration by Vegas (iteration       1) ************
#                                                               *
#  integral  =  30272.613       accum. integral =  30272.613    *
#  std. dev. =  6137.0106       accum. std. dev =  6137.0106    *
#   min/max. wt. =    0.00000             4840.61               *
#                                                               *
#*************   chi**2/iteration =  0.000       ****************


#********** Integration by Vegas (iteration       2) ************
#                                                               *
#  integral  =  21939.502       accum. integral =  21966.820    *
#  std. dev. =  255.07122       accum. std. dev =  306.84918    *
#   min/max. wt. =    0.00000             117.005               *
#                                                               *
#*************   chi**2/iteration =  2.407       ****************


#********** Integration by Vegas (iteration       3) ************
#                                                               *
#  integral  =  21951.136       accum. integral =  21951.809    *
#  std. dev. =  53.935440       accum. std. dev =  60.169059    *
#   min/max. wt. =    0.00000             23.5615               *
#                                                               *
#*************   chi**2/iteration =  1.345       ****************


#********** Integration by Vegas (iteration       4) ************
#                                                               *
#  integral  =  21896.518       accum. integral =  21904.728    *
#  std. dev. =  21.979033       accum. std. dev =  22.494312    *
#   min/max. wt. =    0.00000             4.44606               *
#                                                               *
#*************   chi**2/iteration =  1.207       ****************


#********** Integration by Vegas (iteration       5) ************
#                                                               *
#  integral  =  21882.728       accum. integral =  21890.760    *
#  std. dev. =  15.370608       accum. std. dev =  13.333884    *
#   min/max. wt. =    0.00000             5.10516               *
#                                                               *
#*************   chi**2/iteration =  1.098       ****************


#********** Integration by Vegas (iteration       6) ************
#                                                               *
#  integral  =  21910.881       accum. integral =  21900.280    *
#  std. dev. =  12.940335       accum. std. dev =  9.5531922    *
#   min/max. wt. =    0.00000             1.73139               *
#                                                               *
#*************   chi**2/iteration =  1.123       ****************


#********** Integration by Vegas (iteration       7) ************
#                                                               *
#  integral  =  21905.003       accum. integral =  21901.910    *
#  std. dev. =  12.260202       accum. std. dev =  7.6579208    *
#   min/max. wt. =    0.00000             1.99665               *
#                                                               *
#*************   chi**2/iteration = 0.9683       ****************


#********** Integration by Vegas (iteration       8) ************
#                                                               *
#  integral  =  21915.346       accum. integral =  21905.664    *
#  std. dev. =  11.571473       accum. std. dev =  6.4539346    *
#   min/max. wt. =    0.00000             2.53963               *
#                                                               *
#*************   chi**2/iteration = 0.9667       ****************


#********** Integration by Vegas (iteration       9) ************
#                                                               *
#  integral  =  21914.285       accum. integral =  21907.584    *
#  std. dev. =  11.423838       accum. std. dev =  5.6574938    *
#   min/max. wt. =    0.00000             2.32188               *
#                                                               *
#*************   chi**2/iteration = 0.9058       ****************


#********** Integration by Vegas (iteration      10) ************
#                                                               *
#  integral  =  21931.116       accum. integral =  21912.073    *
#  std. dev. =  11.114455       accum. std. dev =  5.0663647    *
#   min/max. wt. =    0.00000             1.00905               *
#                                                               *
#*************   chi**2/iteration =  1.183       ****************


#********** Integration by Vegas (iteration      11) ************
#                                                               *
#  integral  =  21926.976       accum. integral =  21914.636    *
#  std. dev. =  10.647968       accum. std. dev =  4.5927880    *
#   min/max. wt. =    0.00000             1.01838               *
#                                                               *
#*************   chi**2/iteration =  1.222       ****************


#********** Integration by Vegas (iteration      12) ************
#                                                               *
#  integral  =  21910.058       accum. integral =  21913.960    *
#  std. dev. =  10.598125       accum. std. dev =  4.2263384    *
#   min/max. wt. =    0.00000             1.13005               *
#                                                               *
#*************   chi**2/iteration =  1.132       ****************


#********** Integration by Vegas (iteration      13) ************
#                                                               *
#  integral  =  21939.827       accum. integral =  21916.267    *
#  std. dev. =  13.036167       accum. std. dev =  4.0228501    *
#   min/max. wt. =    0.00000             6.03172               *
#                                                               *
#*************   chi**2/iteration =  1.323       ****************


#********** Integration by Vegas (iteration      14) ************
#                                                               *
#  integral  =  21920.070       accum. integral =  21916.614    *
#  std. dev. =  12.281532       accum. std. dev =  3.8261779    *
#   min/max. wt. =    0.00000            0.943273               *
#                                                               *
#*************   chi**2/iteration =  1.233       ****************


#********** Integration by Vegas (iteration      15) ************
#                                                               *
#  integral  =  21933.013       accum. integral =  21918.248    *
#  std. dev. =  11.151471       accum. std. dev =  3.6232739    *
#   min/max. wt. =    0.00000             1.54605               *
#                                                               *
#*************   chi**2/iteration =  1.281       ****************


  Input parameters for vegas:  ndim=  9   ncall= 80707214.
                              it=    0    itmx=    2
                              acc=-1.00    
                              mds=  1     nd=  50
                              (xl,xu)= (  0.00000     ,  1.00000     )
                                       (  0.00000     ,  1.00000     )
                                       (  0.00000     ,  1.00000     )
                                       (  0.00000     ,  1.00000     )
                                       (  0.00000     ,  1.00000     )
                                       (  0.00000     ,  1.00000     )
                                       (  0.00000     ,  1.00000     )
                                       (  0.00000     ,  1.00000     )
                                       (  0.00000     ,  1.00000     )

#********** Integration by Vegas (iteration       1) ************
#                                                               *
#  integral  =  21923.721       accum. integral =  21923.721    *
#  std. dev. =  10.972694       accum. std. dev =  10.972694    *
#   min/max. wt. =    0.00000            0.978756               *
#                                                               *
#*************   chi**2/iteration =  0.000       ****************


#********** Integration by Vegas (iteration       2) ************
#                                                               *
#  integral  =  21916.197       accum. integral =  21919.911    *
#  std. dev. =  10.829529       accum. std. dev =  7.7077686    *
#   min/max. wt. =    0.00000             1.28170               *
#                                                               *
#*************   chi**2/iteration = 0.2380       ****************

 Done
