SLURM job running in:  /scratch/groups/lhc/park/JHUGen/JHUGenerator
LHAPDF 6.1.5 loading /work-zfs/lhc/cms/slc6_amd64_gcc493/external/lhapdf/6.1.5-kpegke3/share/LHAPDF/NNPDF30_lo_as_0130/NNPDF30_lo_as_0130_0000.dat
NNPDF30_lo_as_0130 PDF set, member #0, version 2; LHAPDF ID = 263000
 
                                                                                          
   ***************************************************************************************
   *                                JHU Generator v6.9.3                                 *
   ***************************************************************************************
   *                                                                                     *
   *   Spin and parity determination of single-produced resonances at hadron colliders   *
   *                                                                                     *
   *          I. Anderson, S. Bolognesi, F. Caola, Y. Gao, A. Gritsan, Z. Guo,           *
   *        C. Martin, K. Melnikov, R.Rontsch, H. Roskes, U. Sarica, M. Schulze,         *
   *                   N. Tran, A. Whitbeck, M. Xiao, C. You, Y. Zhou                    *
   *                Phys.Rev. D81 (2010) 075022;  arXiv:1001.3396 [hep-ph],              *
   *                Phys.Rev. D86 (2012) 095031;  arXiv:1208.4018 [hep-ph],              *
   *                Phys.Rev. D89 (2014) 035007;  arXiv:1309.4819 [hep-ph].              *
   *                                                                                     *
   ***************************************************************************************
                                                                                          
   
   Command line: ./JHUGen Unweighted=0 VegasNc0=99999999 VegasNc1=99999999 VegasNc2=99999999 LHAPDF=NNPDF30_lo_as_0130/NNPDF30_lo_as_0130.info MReso=945 Process=61 ghg2=0,0 ghg4=1,0
   
   Input Parameter:
    Collider: P-P, sqrt(s)=13000.00
    Resonance: spin=0, mass= 945.00 width=   0.00407
    Jet cuts:
            pT >=    15.00 GeV
        DeltaR >=     0.30
           mJJ >=     0.00 GeV
    Random seed:   418199014
    To reproduce results using this seed, JHUGen should be compiled with the same compiler:
      GNU Fortran (GCC) 4.9.3
    
    WidthScheme:   2
    LHAPDF set NNPDF30_lo_as_0130/NNPDF30_lo_as_0130.info, member=  0
    Unweighted: F
    
    spin-0-VV couplings: 
      generate_as=F
      ghg2=  0.00000000E+00  0.00000000E+00i
      ghg3=  0.00000000E+00  0.00000000E+00i
      ghg4=  0.10000000E+01  0.00000000E+00i
      ghz1=  0.20000000E+01  0.00000000E+00i
      ghz2=  0.00000000E+00  0.00000000E+00i
      ghz3=  0.00000000E+00  0.00000000E+00i
      ghz4=  0.00000000E+00  0.00000000E+00i
      Lambda=  1000.0
    
    LHE output: ./data/output.lhe
    Histogram output: ./data/output.dat
    Log file: ./data/output.log
    
  Running

  Input parameters for vegas:  ndim=  9   ncall= 80707214.
                              it=    0    itmx=   15
                              acc=-1.00    
                              mds=  1     nd=  50
                              (xl,xu)= (  0.00000     ,  1.00000     )
                                       (  0.00000     ,  1.00000     )
                                       (  0.00000     ,  1.00000     )
                                       (  0.00000     ,  1.00000     )
                                       (  0.00000     ,  1.00000     )
                                       (  0.00000     ,  1.00000     )
                                       (  0.00000     ,  1.00000     )
                                       (  0.00000     ,  1.00000     )
                                       (  0.00000     ,  1.00000     )

#********** Integration by Vegas (iteration       1) ************
#                                                               *
#  integral  =  140.00093       accum. integral =  140.00093    *
#  std. dev. =  14.900984       accum. std. dev =  14.900984    *
#   min/max. wt. =    0.00000             13.5813               *
#                                                               *
#*************   chi**2/iteration =  0.000       ****************


#********** Integration by Vegas (iteration       2) ************
#                                                               *
#  integral  =  151.77609       accum. integral =  151.67293    *
#  std. dev. =  1.5186860       accum. std. dev =  1.4545489    *
#   min/max. wt. =    0.00000            0.458938               *
#                                                               *
#*************   chi**2/iteration = 0.5685       ****************


#********** Integration by Vegas (iteration       3) ************
#                                                               *
#  integral  =  161.77002       accum. integral =  156.51910    *
#  std. dev. =  1.6775313       accum. std. dev =  1.0879914    *
#   min/max. wt. =    0.00000             1.47034               *
#                                                               *
#*************   chi**2/iteration =  11.01       ****************


#********** Integration by Vegas (iteration       4) ************
#                                                               *
#  integral  =  160.99416       accum. integral =  160.20672    *
#  std. dev. = 0.53446638       accum. std. dev = 0.46375204    *
#   min/max. wt. =    0.00000            0.191913               *
#                                                               *
#*************   chi**2/iteration =  11.61       ****************


#********** Integration by Vegas (iteration       5) ************
#                                                               *
#  integral  =  161.16560       accum. integral =  160.96651    *
#  std. dev. = 0.24861699       accum. std. dev = 0.21334922    *
#   min/max. wt. =    0.00000            0.140371               *
#                                                               *
#*************   chi**2/iteration =  9.372       ****************


#********** Integration by Vegas (iteration       6) ************
#                                                               *
#  integral  =  161.22102       accum. integral =  161.14196    *
#  std. dev. = 0.14861648       accum. std. dev = 0.11967136    *
#   min/max. wt. =    0.00000            0.410480E-01           *
#                                                               *
#*************   chi**2/iteration =  7.597       ****************


#********** Integration by Vegas (iteration       7) ************
#                                                               *
#  integral  =  160.94370       accum. integral =  161.03247    *
#  std. dev. = 0.11091542       accum. std. dev = 0.80417027E-01*
#   min/max. wt. =    0.00000            0.246177E-01           *
#                                                               *
#*************   chi**2/iteration =  6.528       ****************


#********** Integration by Vegas (iteration       8) ************
#                                                               *
#  integral  =  161.15825       accum. integral =  161.08241    *
#  std. dev. = 0.10171546       accum. std. dev = 0.62653474E-01*
#   min/max. wt. =    0.00000            0.213056E-01           *
#                                                               *
#*************   chi**2/iteration =  5.696       ****************


#********** Integration by Vegas (iteration       9) ************
#                                                               *
#  integral  =  161.09999       accum. integral =  161.08787    *
#  std. dev. = 0.95371424E-01   accum. std. dev = 0.52139898E-01*
#   min/max. wt. =    0.00000            0.857461E-02           *
#                                                               *
#*************   chi**2/iteration =  4.962       ****************


#********** Integration by Vegas (iteration      10) ************
#                                                               *
#  integral  =  161.25533       accum. integral =  161.13019    *
#  std. dev. = 0.91541913E-01   accum. std. dev = 0.45168395E-01*
#   min/max. wt. =    0.00000            0.754266E-02           *
#                                                               *
#*************   chi**2/iteration =  4.681       ****************


#********** Integration by Vegas (iteration      11) ************
#                                                               *
#  integral  =  161.16104       accum. integral =  161.13639    *
#  std. dev. = 0.91765786E-01   accum. std. dev = 0.40448220E-01*
#   min/max. wt. =    0.00000            0.945447E-02           *
#                                                               *
#*************   chi**2/iteration =  4.208       ****************


#********** Integration by Vegas (iteration      12) ************
#                                                               *
#  integral  =  161.04757       accum. integral =  161.12098    *
#  std. dev. = 0.89690566E-01   accum. std. dev = 0.36822077E-01*
#   min/max. wt. =    0.00000            0.592022E-02           *
#                                                               *
#*************   chi**2/iteration =  3.891       ****************


#********** Integration by Vegas (iteration      13) ************
#                                                               *
#  integral  =  161.30195       accum. integral =  161.14633    *
#  std. dev. = 0.92701869E-01   accum. std. dev = 0.34188531E-01*
#   min/max. wt. =    0.00000            0.106106E-01           *
#                                                               *
#*************   chi**2/iteration =  3.839       ****************


#********** Integration by Vegas (iteration      14) ************
#                                                               *
#  integral  =  161.36479       accum. integral =  161.17383    *
#  std. dev. = 0.91461551E-01   accum. std. dev = 0.31999322E-01*
#   min/max. wt. =    0.00000            0.787228E-02           *
#                                                               *
#*************   chi**2/iteration =  3.931       ****************


#********** Integration by Vegas (iteration      15) ************
#                                                               *
#  integral  =  161.20983       accum. integral =  161.17775    *
#  std. dev. = 0.92690700E-01   accum. std. dev = 0.30231723E-01*
#   min/max. wt. =    0.00000            0.859686E-02           *
#                                                               *
#*************   chi**2/iteration =  3.653       ****************


  Input parameters for vegas:  ndim=  9   ncall= 80707214.
                              it=    0    itmx=    2
                              acc=-1.00    
                              mds=  1     nd=  50
                              (xl,xu)= (  0.00000     ,  1.00000     )
                                       (  0.00000     ,  1.00000     )
                                       (  0.00000     ,  1.00000     )
                                       (  0.00000     ,  1.00000     )
                                       (  0.00000     ,  1.00000     )
                                       (  0.00000     ,  1.00000     )
                                       (  0.00000     ,  1.00000     )
                                       (  0.00000     ,  1.00000     )
                                       (  0.00000     ,  1.00000     )

#********** Integration by Vegas (iteration       1) ************
#                                                               *
#  integral  =  161.11124       accum. integral =  161.11124    *
#  std. dev. = 0.91990790E-01   accum. std. dev = 0.91990790E-01*
#   min/max. wt. =    0.00000            0.106169E-01           *
#                                                               *
#*************   chi**2/iteration =  0.000       ****************


#********** Integration by Vegas (iteration       2) ************
#                                                               *
#  integral  =  161.13691       accum. integral =  161.12335    *
#  std. dev. = 0.97298307E-01   accum. std. dev = 0.66845214E-01*
#   min/max. wt. =    0.00000            0.271731E-01           *
#                                                               *
#*************   chi**2/iteration = 0.3671E-01   ****************

 Done
