SLURM job running in:  /scratch/groups/lhc/park/JHUGen/JHUGenerator
LHAPDF 6.1.5 loading /work-zfs/lhc/cms/slc6_amd64_gcc493/external/lhapdf/6.1.5-kpegke3/share/LHAPDF/NNPDF30_lo_as_0130/NNPDF30_lo_as_0130_0000.dat
NNPDF30_lo_as_0130 PDF set, member #0, version 2; LHAPDF ID = 263000
 
                                                                                          
   ***************************************************************************************
   *                                JHU Generator v6.9.3                                 *
   ***************************************************************************************
   *                                                                                     *
   *   Spin and parity determination of single-produced resonances at hadron colliders   *
   *                                                                                     *
   *          I. Anderson, S. Bolognesi, F. Caola, Y. Gao, A. Gritsan, Z. Guo,           *
   *        C. Martin, K. Melnikov, R.Rontsch, H. Roskes, U. Sarica, M. Schulze,         *
   *                   N. Tran, A. Whitbeck, M. Xiao, C. You, Y. Zhou                    *
   *                Phys.Rev. D81 (2010) 075022;  arXiv:1001.3396 [hep-ph],              *
   *                Phys.Rev. D86 (2012) 095031;  arXiv:1208.4018 [hep-ph],              *
   *                Phys.Rev. D89 (2014) 035007;  arXiv:1309.4819 [hep-ph].              *
   *                                                                                     *
   ***************************************************************************************
                                                                                          
   
   Command line: ./JHUGen Unweighted=0 VegasNc0=99999999 VegasNc1=99999999 VegasNc2=99999999 LHAPDF=NNPDF30_lo_as_0130/NNPDF30_lo_as_0130.info MReso=970 Process=61 ghg2=0,0 ghg4=1,0
   
   Input Parameter:
    Collider: P-P, sqrt(s)=13000.00
    Resonance: spin=0, mass= 970.00 width=   0.00407
    Jet cuts:
            pT >=    15.00 GeV
        DeltaR >=     0.30
           mJJ >=     0.00 GeV
    Random seed:   587720897
    To reproduce results using this seed, JHUGen should be compiled with the same compiler:
      GNU Fortran (GCC) 4.9.3
    
    WidthScheme:   2
    LHAPDF set NNPDF30_lo_as_0130/NNPDF30_lo_as_0130.info, member=  0
    Unweighted: F
    
    spin-0-VV couplings: 
      generate_as=F
      ghg2=  0.00000000E+00  0.00000000E+00i
      ghg3=  0.00000000E+00  0.00000000E+00i
      ghg4=  0.10000000E+01  0.00000000E+00i
      ghz1=  0.20000000E+01  0.00000000E+00i
      ghz2=  0.00000000E+00  0.00000000E+00i
      ghz3=  0.00000000E+00  0.00000000E+00i
      ghz4=  0.00000000E+00  0.00000000E+00i
      Lambda=  1000.0
    
    LHE output: ./data/output.lhe
    Histogram output: ./data/output.dat
    Log file: ./data/output.log
    
  Running

  Input parameters for vegas:  ndim=  9   ncall= 80707214.
                              it=    0    itmx=   15
                              acc=-1.00    
                              mds=  1     nd=  50
                              (xl,xu)= (  0.00000     ,  1.00000     )
                                       (  0.00000     ,  1.00000     )
                                       (  0.00000     ,  1.00000     )
                                       (  0.00000     ,  1.00000     )
                                       (  0.00000     ,  1.00000     )
                                       (  0.00000     ,  1.00000     )
                                       (  0.00000     ,  1.00000     )
                                       (  0.00000     ,  1.00000     )
                                       (  0.00000     ,  1.00000     )

#********** Integration by Vegas (iteration       1) ************
#                                                               *
#  integral  =  144.10442       accum. integral =  144.10442    *
#  std. dev. =  13.600725       accum. std. dev =  13.600725    *
#   min/max. wt. =    0.00000             8.05207               *
#                                                               *
#*************   chi**2/iteration =  0.000       ****************


#********** Integration by Vegas (iteration       2) ************
#                                                               *
#  integral  =  143.83393       accum. integral =  143.83963    *
#  std. dev. =  1.9918433       accum. std. dev =  1.9725964    *
#   min/max. wt. =    0.00000             1.00771               *
#                                                               *
#*************   chi**2/iteration = 0.3875E-03   ****************


#********** Integration by Vegas (iteration       3) ************
#                                                               *
#  integral  =  147.17228       accum. integral =  146.10283    *
#  std. dev. =  1.3861582       accum. std. dev =  1.1257855    *
#   min/max. wt. =    0.00000             1.19620               *
#                                                               *
#*************   chi**2/iteration = 0.9546       ****************


#********** Integration by Vegas (iteration       4) ************
#                                                               *
#  integral  =  147.77663       accum. integral =  147.38198    *
#  std. dev. = 0.63709784       accum. std. dev = 0.54924424    *
#   min/max. wt. =    0.00000            0.429975               *
#                                                               *
#*************   chi**2/iteration =  1.188       ****************


#********** Integration by Vegas (iteration       5) ************
#                                                               *
#  integral  =  147.70549       accum. integral =  147.65980    *
#  std. dev. = 0.22575988       accum. std. dev = 0.20697766    *
#   min/max. wt. =    0.00000            0.612102E-01           *
#                                                               *
#*************   chi**2/iteration = 0.9604       ****************


#********** Integration by Vegas (iteration       6) ************
#                                                               *
#  integral  =  148.14193       accum. integral =  148.02281    *
#  std. dev. = 0.12019467       accum. std. dev = 0.10311602    *
#   min/max. wt. =    0.00000            0.301784E-01           *
#                                                               *
#*************   chi**2/iteration =  1.578       ****************


#********** Integration by Vegas (iteration       7) ************
#                                                               *
#  integral  =  148.00441       accum. integral =  148.01299    *
#  std. dev. = 0.97441227E-01   accum. std. dev = 0.70537089E-01*
#   min/max. wt. =    0.00000            0.133518E-01           *
#                                                               *
#*************   chi**2/iteration =  1.314       ****************


#********** Integration by Vegas (iteration       8) ************
#                                                               *
#  integral  =  147.81266       accum. integral =  147.93548    *
#  std. dev. = 0.89466959E-01   accum. std. dev = 0.55282196E-01*
#   min/max. wt. =    0.00000            0.155372E-01           *
#                                                               *
#*************   chi**2/iteration =  1.569       ****************


#********** Integration by Vegas (iteration       9) ************
#                                                               *
#  integral  =  147.99089       accum. integral =  147.95132    *
#  std. dev. = 0.88045241E-01   accum. std. dev = 0.46754789E-01*
#   min/max. wt. =    0.00000            0.112052E-01           *
#                                                               *
#*************   chi**2/iteration =  1.406       ****************


#********** Integration by Vegas (iteration      10) ************
#                                                               *
#  integral  =  147.91442       accum. integral =  147.94264    *
#  std. dev. = 0.84846604E-01   accum. std. dev = 0.40913660E-01*
#   min/max. wt. =    0.00000            0.105428E-01           *
#                                                               *
#*************   chi**2/iteration =  1.265       ****************


#********** Integration by Vegas (iteration      11) ************
#                                                               *
#  integral  =  148.08260       accum. integral =  147.96825    *
#  std. dev. = 0.87066150E-01   accum. std. dev = 0.37005716E-01*
#   min/max. wt. =    0.00000            0.138917E-01           *
#                                                               *
#*************   chi**2/iteration =  1.351       ****************


#********** Integration by Vegas (iteration      12) ************
#                                                               *
#  integral  =  148.05100       accum. integral =  147.98132    *
#  std. dev. = 0.85960802E-01   accum. std. dev = 0.33974644E-01*
#   min/max. wt. =    0.00000            0.141694E-01           *
#                                                               *
#*************   chi**2/iteration =  1.298       ****************


#********** Integration by Vegas (iteration      13) ************
#                                                               *
#  integral  =  148.18906       accum. integral =  148.01036    *
#  std. dev. = 0.84830728E-01   accum. std. dev = 0.31526527E-01*
#   min/max. wt. =    0.00000            0.111886E-01           *
#                                                               *
#*************   chi**2/iteration =  1.624       ****************


#********** Integration by Vegas (iteration      14) ************
#                                                               *
#  integral  =  147.91148       accum. integral =  147.99867    *
#  std. dev. = 0.86432488E-01   accum. std. dev = 0.29612103E-01*
#   min/max. wt. =    0.00000            0.154258E-01           *
#                                                               *
#*************   chi**2/iteration =  1.588       ****************


#********** Integration by Vegas (iteration      15) ************
#                                                               *
#  integral  =  147.93662       accum. integral =  147.99184    *
#  std. dev. = 0.84547942E-01   accum. std. dev = 0.27942722E-01*
#   min/max. wt. =    0.00000            0.118495E-01           *
#                                                               *
#*************   chi**2/iteration =  1.508       ****************


  Input parameters for vegas:  ndim=  9   ncall= 80707214.
                              it=    0    itmx=    2
                              acc=-1.00    
                              mds=  1     nd=  50
                              (xl,xu)= (  0.00000     ,  1.00000     )
                                       (  0.00000     ,  1.00000     )
                                       (  0.00000     ,  1.00000     )
                                       (  0.00000     ,  1.00000     )
                                       (  0.00000     ,  1.00000     )
                                       (  0.00000     ,  1.00000     )
                                       (  0.00000     ,  1.00000     )
                                       (  0.00000     ,  1.00000     )
                                       (  0.00000     ,  1.00000     )

#********** Integration by Vegas (iteration       1) ************
#                                                               *
#  integral  =  148.06701       accum. integral =  148.06701    *
#  std. dev. = 0.85895324E-01   accum. std. dev = 0.85895324E-01*
#   min/max. wt. =    0.00000            0.163440E-01           *
#                                                               *
#*************   chi**2/iteration =  0.000       ****************


#********** Integration by Vegas (iteration       2) ************
#                                                               *
#  integral  =  148.07372       accum. integral =  148.07025    *
#  std. dev. = 0.88914141E-01   accum. std. dev = 0.61776885E-01*
#   min/max. wt. =    0.00000            0.133030E-01           *
#                                                               *
#*************   chi**2/iteration = 0.2943E-02   ****************

 Done
