SLURM job running in:  /scratch/groups/lhc/park/JHUGen/JHUGenerator
LHAPDF 6.1.5 loading /work-zfs/lhc/cms/slc6_amd64_gcc493/external/lhapdf/6.1.5-kpegke3/share/LHAPDF/NNPDF30_lo_as_0130/NNPDF30_lo_as_0130_0000.dat
NNPDF30_lo_as_0130 PDF set, member #0, version 2; LHAPDF ID = 263000
 extending no. of histograms for vbf tests
 
                                                                                          
   ***************************************************************************************
   *                                JHU Generator v6.9.3                                 *
   ***************************************************************************************
   *                                                                                     *
   *   Spin and parity determination of single-produced resonances at hadron colliders   *
   *                                                                                     *
   *          I. Anderson, S. Bolognesi, F. Caola, Y. Gao, A. Gritsan, Z. Guo,           *
   *        C. Martin, K. Melnikov, R.Rontsch, H. Roskes, U. Sarica, M. Schulze,         *
   *                   N. Tran, A. Whitbeck, M. Xiao, C. You, Y. Zhou                    *
   *                Phys.Rev. D81 (2010) 075022;  arXiv:1001.3396 [hep-ph],              *
   *                Phys.Rev. D86 (2012) 095031;  arXiv:1208.4018 [hep-ph],              *
   *                Phys.Rev. D89 (2014) 035007;  arXiv:1309.4819 [hep-ph].              *
   *                                                                                     *
   ***************************************************************************************
                                                                                          
   
   Command line: ./JHUGen Unweighted=0 VegasNc0=99999999 VegasNc1=99999999 VegasNc2=99999999 LHAPDF=NNPDF30_lo_as_0130/NNPDF30_lo_as_0130.info MReso=100 ghz1=0,0 ghz1_prime2=1,0 Process=60 pTjetcut=0 deltaRcut=0
   
   Input Parameter:
    Collider: P-P, sqrt(s)=13000.00
    Resonance: spin=0, mass= 100.00 width=   0.00407
    Z-boson: mass=91.188, width=2.4952
    W-boson: mass=80.399, width=2.0850
    Jet cuts:
            pT >=     0.00 GeV
        DeltaR >=     0.00
           mJJ >=     0.00 GeV
    Random seed:   842885879
    To reproduce results using this seed, JHUGen should be compiled with the same compiler:
      GNU Fortran (GCC) 4.9.3
    
    WidthScheme:   2
    LHAPDF set NNPDF30_lo_as_0130/NNPDF30_lo_as_0130.info, member=  0
    Unweighted: F
    
    spin-0-VV couplings: 
      generate_as=F
      ghg2=  0.10000000E+01  0.00000000E+00i
      ghg3=  0.00000000E+00  0.00000000E+00i
      ghg4=  0.00000000E+00  0.00000000E+00i
      ghz1=  0.00000000E+00  0.00000000E+00i
      ghz2=  0.00000000E+00  0.00000000E+00i
      ghz3=  0.00000000E+00  0.00000000E+00i
      ghz4=  0.00000000E+00  0.00000000E+00i
      ghz1_prime2=  0.10000000E+01  0.00000000E+00i,    Lambda_z1=  1.0000E+04
      Lambda=  1000.0
    
    LHE output: ./data/output.lhe
    Histogram output: ./data/output.dat
    Log file: ./data/output.log
    
  Running

  Input parameters for vegas:  ndim=  9   ncall= 80707214.
                              it=    0    itmx=   15
                              acc=-1.00    
                              mds=  1     nd=  50
                              (xl,xu)= (  0.00000     ,  1.00000     )
                                       (  0.00000     ,  1.00000     )
                                       (  0.00000     ,  1.00000     )
                                       (  0.00000     ,  1.00000     )
                                       (  0.00000     ,  1.00000     )
                                       (  0.00000     ,  1.00000     )
                                       (  0.00000     ,  1.00000     )
                                       (  0.00000     ,  1.00000     )
                                       (  0.00000     ,  1.00000     )

#********** Integration by Vegas (iteration       1) ************
#                                                               *
#  integral  = 0.23270980E-03   accum. integral = 0.23270980E-03*
#  std. dev. = 0.84959018E-04   accum. std. dev = 0.84959018E-04*
#   min/max. wt. =    0.00000            0.848079E-04           *
#                                                               *
#*************   chi**2/iteration =  0.000       ****************


#********** Integration by Vegas (iteration       2) ************
#                                                               *
#  integral  = 0.18507432E-03   accum. integral = 0.18533907E-03*
#  std. dev. = 0.50513549E-05   accum. std. dev = 0.57224000E-05*
#   min/max. wt. =    0.00000            0.182301E-05           *
#                                                               *
#*************   chi**2/iteration = 0.3826       ****************


#********** Integration by Vegas (iteration       3) ************
#                                                               *
#  integral  = 0.22825640E-03   accum. integral = 0.20022591E-03*
#  std. dev. = 0.85248829E-05   accum. std. dev = 0.47603546E-05*
#   min/max. wt. =    0.00000            0.792589E-05           *
#                                                               *
#*************   chi**2/iteration =  9.383       ****************


#********** Integration by Vegas (iteration       4) ************
#                                                               *
#  integral  = 0.22466138E-03   accum. integral = 0.22392346E-03*
#  std. dev. = 0.87202903E-06   accum. std. dev = 0.83523360E-06*
#   min/max. wt. =    0.00000            0.157386E-06           *
#                                                               *
#*************   chi**2/iteration =  14.49       ****************


#********** Integration by Vegas (iteration       5) ************
#                                                               *
#  integral  = 0.22574691E-03   accum. integral = 0.22563307E-03*
#  std. dev. = 0.22266656E-06   accum. std. dev = 0.21009019E-06*
#   min/max. wt. =    0.00000            0.565865E-07           *
#                                                               *
#*************   chi**2/iteration =  11.83       ****************


#********** Integration by Vegas (iteration       6) ************
#                                                               *
#  integral  = 0.22570401E-03   accum. integral = 0.22568183E-03*
#  std. dev. = 0.14537052E-06   accum. std. dev = 0.11798052E-06*
#   min/max. wt. =  -0.499010E-30        0.553853E-08           *
#                                                               *
#*************   chi**2/iteration =  9.394       ****************


#********** Integration by Vegas (iteration       7) ************
#                                                               *
#  integral  = 0.22541065E-03   accum. integral = 0.22555300E-03*
#  std. dev. = 0.12652752E-06   accum. std. dev = 0.85728655E-07*
#   min/max. wt. =    0.00000            0.696212E-08           *
#                                                               *
#*************   chi**2/iteration =  8.199       ****************


#********** Integration by Vegas (iteration       8) ************
#                                                               *
#  integral  = 0.22581778E-03   accum. integral = 0.22564518E-03*
#  std. dev. = 0.11955477E-06   accum. std. dev = 0.69383277E-07*
#   min/max. wt. =  -0.239787E-30        0.657328E-08           *
#                                                               *
#*************   chi**2/iteration =  7.466       ****************


#********** Integration by Vegas (iteration       9) ************
#                                                               *
#  integral  = 0.22570101E-03   accum. integral = 0.22565992E-03*
#  std. dev. = 0.11769976E-06   accum. std. dev = 0.59629242E-07*
#   min/max. wt. =  -0.190286E-26        0.812082E-08           *
#                                                               *
#*************   chi**2/iteration =  6.531       ****************


#********** Integration by Vegas (iteration      10) ************
#                                                               *
#  integral  = 0.22566256E-03   accum. integral = 0.22566048E-03*
#  std. dev. = 0.11579553E-06   accum. std. dev = 0.52930908E-07*
#   min/max. wt. =    0.00000            0.640301E-08           *
#                                                               *
#*************   chi**2/iteration =  5.789       ****************


#********** Integration by Vegas (iteration      11) ************
#                                                               *
#  integral  = 0.22581248E-03   accum. integral = 0.22568776E-03*
#  std. dev. = 0.11470957E-06   accum. std. dev = 0.48006525E-07*
#   min/max. wt. =    0.00000            0.308255E-08           *
#                                                               *
#*************   chi**2/iteration =  5.345       ****************


#********** Integration by Vegas (iteration      12) ************
#                                                               *
#  integral  = 0.22587996E-03   accum. integral = 0.22571602E-03*
#  std. dev. = 0.11705942E-06   accum. std. dev = 0.44382933E-07*
#   min/max. wt. =    0.00000            0.585705E-08           *
#                                                               *
#*************   chi**2/iteration =  5.063       ****************


#********** Integration by Vegas (iteration      13) ************
#                                                               *
#  integral  = 0.22558192E-03   accum. integral = 0.22569848E-03*
#  std. dev. = 0.11556593E-06   accum. std. dev = 0.41410948E-07*
#   min/max. wt. =    0.00000            0.382781E-08           *
#                                                               *
#*************   chi**2/iteration =  4.733       ****************


#********** Integration by Vegas (iteration      14) ************
#                                                               *
#  integral  = 0.22588215E-03   accum. integral = 0.22571926E-03*
#  std. dev. = 0.11717470E-06   accum. std. dev = 0.39027906E-07*
#   min/max. wt. =    0.00000            0.633286E-08           *
#                                                               *
#*************   chi**2/iteration =  4.533       ****************


#********** Integration by Vegas (iteration      15) ************
#                                                               *
#  integral  = 0.22557937E-03   accum. integral = 0.22570493E-03*
#  std. dev. = 0.11650351E-06   accum. std. dev = 0.36995882E-07*
#   min/max. wt. =    0.00000            0.497605E-08           *
#                                                               *
#*************   chi**2/iteration =  4.299       ****************


  Input parameters for vegas:  ndim=  9   ncall= 80707214.
                              it=    0    itmx=    2
                              acc=-1.00    
                              mds=  1     nd=  50
                              (xl,xu)= (  0.00000     ,  1.00000     )
                                       (  0.00000     ,  1.00000     )
                                       (  0.00000     ,  1.00000     )
                                       (  0.00000     ,  1.00000     )
                                       (  0.00000     ,  1.00000     )
                                       (  0.00000     ,  1.00000     )
                                       (  0.00000     ,  1.00000     )
                                       (  0.00000     ,  1.00000     )
                                       (  0.00000     ,  1.00000     )

#********** Integration by Vegas (iteration       1) ************
#                                                               *
#  integral  = 0.22584072E-03   accum. integral = 0.22584072E-03*
#  std. dev. = 0.11824500E-06   accum. std. dev = 0.11824500E-06*
#   min/max. wt. =    0.00000            0.524774E-08           *
#                                                               *
#*************   chi**2/iteration =  0.000       ****************


#********** Integration by Vegas (iteration       2) ************
#                                                               *
#  integral  = 0.22572139E-03   accum. integral = 0.22578139E-03*
#  std. dev. = 0.11885700E-06   accum. std. dev = 0.83827262E-07*
#   min/max. wt. =    0.00000            0.413216E-08           *
#                                                               *
#*************   chi**2/iteration = 0.5061       ****************

 Done
