SLURM job running in:  /scratch/groups/lhc/park/JHUGen/JHUGenerator
LHAPDF 6.1.5 loading /work-zfs/lhc/cms/slc6_amd64_gcc493/external/lhapdf/6.1.5-kpegke3/share/LHAPDF/NNPDF30_lo_as_0130/NNPDF30_lo_as_0130_0000.dat
NNPDF30_lo_as_0130 PDF set, member #0, version 2; LHAPDF ID = 263000
 extending no. of histograms for vbf tests
 
                                                                                          
   ***************************************************************************************
   *                                JHU Generator v6.9.3                                 *
   ***************************************************************************************
   *                                                                                     *
   *   Spin and parity determination of single-produced resonances at hadron colliders   *
   *                                                                                     *
   *          I. Anderson, S. Bolognesi, F. Caola, Y. Gao, A. Gritsan, Z. Guo,           *
   *        C. Martin, K. Melnikov, R.Rontsch, H. Roskes, U. Sarica, M. Schulze,         *
   *                   N. Tran, A. Whitbeck, M. Xiao, C. You, Y. Zhou                    *
   *                Phys.Rev. D81 (2010) 075022;  arXiv:1001.3396 [hep-ph],              *
   *                Phys.Rev. D86 (2012) 095031;  arXiv:1208.4018 [hep-ph],              *
   *                Phys.Rev. D89 (2014) 035007;  arXiv:1309.4819 [hep-ph].              *
   *                                                                                     *
   ***************************************************************************************
                                                                                          
   
   Command line: ./JHUGen Unweighted=0 VegasNc0=99999999 VegasNc1=99999999 VegasNc2=99999999 LHAPDF=NNPDF30_lo_as_0130/NNPDF30_lo_as_0130.info MReso=1140 ghz1=0,0 ghz1_prime2=1,0 Process=60 pTjetcut=0 deltaRcut=0
   
   Input Parameter:
    Collider: P-P, sqrt(s)=13000.00
    Resonance: spin=0, mass=1140.00 width=   0.00407
    Z-boson: mass=91.188, width=2.4952
    W-boson: mass=80.399, width=2.0850
    Jet cuts:
            pT >=     0.00 GeV
        DeltaR >=     0.00
           mJJ >=     0.00 GeV
    Random seed:    79257100
    To reproduce results using this seed, JHUGen should be compiled with the same compiler:
      GNU Fortran (GCC) 4.9.3
    
    WidthScheme:   2
    LHAPDF set NNPDF30_lo_as_0130/NNPDF30_lo_as_0130.info, member=  0
    Unweighted: F
    
    spin-0-VV couplings: 
      generate_as=F
      ghg2=  0.10000000E+01  0.00000000E+00i
      ghg3=  0.00000000E+00  0.00000000E+00i
      ghg4=  0.00000000E+00  0.00000000E+00i
      ghz1=  0.00000000E+00  0.00000000E+00i
      ghz2=  0.00000000E+00  0.00000000E+00i
      ghz3=  0.00000000E+00  0.00000000E+00i
      ghz4=  0.00000000E+00  0.00000000E+00i
      ghz1_prime2=  0.10000000E+01  0.00000000E+00i,    Lambda_z1=  1.0000E+04
      Lambda=  1000.0
    
    LHE output: ./data/output.lhe
    Histogram output: ./data/output.dat
    Log file: ./data/output.log
    
  Running

  Input parameters for vegas:  ndim=  9   ncall= 80707214.
                              it=    0    itmx=   15
                              acc=-1.00    
                              mds=  1     nd=  50
                              (xl,xu)= (  0.00000     ,  1.00000     )
                                       (  0.00000     ,  1.00000     )
                                       (  0.00000     ,  1.00000     )
                                       (  0.00000     ,  1.00000     )
                                       (  0.00000     ,  1.00000     )
                                       (  0.00000     ,  1.00000     )
                                       (  0.00000     ,  1.00000     )
                                       (  0.00000     ,  1.00000     )
                                       (  0.00000     ,  1.00000     )

#********** Integration by Vegas (iteration       1) ************
#                                                               *
#  integral  = 0.11378267E-04   accum. integral = 0.11378267E-04*
#  std. dev. = 0.18208443E-05   accum. std. dev = 0.18208443E-05*
#   min/max. wt. =    0.00000            0.179394E-05           *
#                                                               *
#*************   chi**2/iteration =  0.000       ****************


#********** Integration by Vegas (iteration       2) ************
#                                                               *
#  integral  = 0.13217817E-04   accum. integral = 0.13061394E-04*
#  std. dev. = 0.64483432E-06   accum. std. dev = 0.57549066E-06*
#   min/max. wt. =    0.00000            0.443245E-06           *
#                                                               *
#*************   chi**2/iteration = 0.7942       ****************


#********** Integration by Vegas (iteration       3) ************
#                                                               *
#  integral  = 0.17164833E-04   accum. integral = 0.16107976E-04*
#  std. dev. = 0.47177222E-06   accum. std. dev = 0.33458624E-06*
#   min/max. wt. =    0.00000            0.314361E-06           *
#                                                               *
#*************   chi**2/iteration =  14.68       ****************


#********** Integration by Vegas (iteration       4) ************
#                                                               *
#  integral  = 0.17437367E-04   accum. integral = 0.17398599E-04*
#  std. dev. = 0.71571718E-07   accum. std. dev = 0.60759791E-07*
#   min/max. wt. =    0.00000            0.267397E-07           *
#                                                               *
#*************   chi**2/iteration =  13.17       ****************


#********** Integration by Vegas (iteration       5) ************
#                                                               *
#  integral  = 0.17312460E-04   accum. integral = 0.17318597E-04*
#  std. dev. = 0.19392098E-07   accum. std. dev = 0.16741333E-07*
#   min/max. wt. =    0.00000            0.128305E-08           *
#                                                               *
#*************   chi**2/iteration =  9.708       ****************


#********** Integration by Vegas (iteration       6) ************
#                                                               *
#  integral  = 0.17295608E-04   accum. integral = 0.17302170E-04*
#  std. dev. = 0.11799283E-07   accum. std. dev = 0.91236587E-08*
#   min/max. wt. =  -0.258949E-24        0.668982E-09           *
#                                                               *
#*************   chi**2/iteration =  7.723       ****************


#********** Integration by Vegas (iteration       7) ************
#                                                               *
#  integral  = 0.17274091E-04   accum. integral = 0.17288064E-04*
#  std. dev. = 0.99155196E-08   accum. std. dev = 0.65240799E-08*
#   min/max. wt. =    0.00000            0.598565E-09           *
#                                                               *
#*************   chi**2/iteration =  7.035       ****************


#********** Integration by Vegas (iteration       8) ************
#                                                               *
#  integral  = 0.17305342E-04   accum. integral = 0.17294292E-04*
#  std. dev. = 0.93784053E-08   accum. std. dev = 0.52708856E-08*
#   min/max. wt. =    0.00000            0.501139E-09           *
#                                                               *
#*************   chi**2/iteration =  6.263       ****************


#********** Integration by Vegas (iteration       9) ************
#                                                               *
#  integral  = 0.17313084E-04   accum. integral = 0.17299432E-04*
#  std. dev. = 0.91803435E-08   accum. std. dev = 0.45279214E-08*
#   min/max. wt. =    0.00000            0.360885E-09           *
#                                                               *
#*************   chi**2/iteration =  5.823       ****************


#********** Integration by Vegas (iteration      10) ************
#                                                               *
#  integral  = 0.17291816E-04   accum. integral = 0.17297788E-04*
#  std. dev. = 0.91411609E-08   accum. std. dev = 0.40340037E-08*
#   min/max. wt. =    0.00000            0.294144E-09           *
#                                                               *
#*************   chi**2/iteration =  5.181       ****************


#********** Integration by Vegas (iteration      11) ************
#                                                               *
#  integral  = 0.17312321E-04   accum. integral = 0.17300323E-04*
#  std. dev. = 0.92502923E-08   accum. std. dev = 0.36838040E-08*
#   min/max. wt. =    0.00000            0.440989E-09           *
#                                                               *
#*************   chi**2/iteration =  4.840       ****************


#********** Integration by Vegas (iteration      12) ************
#                                                               *
#  integral  = 0.17305313E-04   accum. integral = 0.17301080E-04*
#  std. dev. = 0.91275083E-08   accum. std. dev = 0.34066213E-08*
#   min/max. wt. =  -0.110878E-22        0.433192E-09           *
#                                                               *
#*************   chi**2/iteration =  4.389       ****************


#********** Integration by Vegas (iteration      13) ************
#                                                               *
#  integral  = 0.17317509E-04   accum. integral = 0.17303219E-04*
#  std. dev. = 0.91999019E-08   accum. std. dev = 0.31883328E-08*
#   min/max. wt. =    0.00000            0.422696E-09           *
#                                                               *
#*************   chi**2/iteration =  4.246       ****************


#********** Integration by Vegas (iteration      14) ************
#                                                               *
#  integral  = 0.17298275E-04   accum. integral = 0.17302653E-04*
#  std. dev. = 0.92227548E-08   accum. std. dev = 0.30090559E-08*
#   min/max. wt. =    0.00000            0.249463E-09           *
#                                                               *
#*************   chi**2/iteration =  3.918       ****************


#********** Integration by Vegas (iteration      15) ************
#                                                               *
#  integral  = 0.17307592E-04   accum. integral = 0.17303142E-04*
#  std. dev. = 0.94186070E-08   accum. std. dev = 0.28635133E-08*
#   min/max. wt. =  -0.232424E-25        0.453174E-09           *
#                                                               *
#*************   chi**2/iteration =  3.639       ****************


  Input parameters for vegas:  ndim=  9   ncall= 80707214.
                              it=    0    itmx=    2
                              acc=-1.00    
                              mds=  1     nd=  50
                              (xl,xu)= (  0.00000     ,  1.00000     )
                                       (  0.00000     ,  1.00000     )
                                       (  0.00000     ,  1.00000     )
                                       (  0.00000     ,  1.00000     )
                                       (  0.00000     ,  1.00000     )
                                       (  0.00000     ,  1.00000     )
                                       (  0.00000     ,  1.00000     )
                                       (  0.00000     ,  1.00000     )
                                       (  0.00000     ,  1.00000     )

#********** Integration by Vegas (iteration       1) ************
#                                                               *
#  integral  = 0.17310133E-04   accum. integral = 0.17310133E-04*
#  std. dev. = 0.94673185E-08   accum. std. dev = 0.94673185E-08*
#   min/max. wt. =    0.00000            0.323095E-09           *
#                                                               *
#*************   chi**2/iteration = 0.5768E-06   ****************


#********** Integration by Vegas (iteration       2) ************
#                                                               *
#  integral  = 0.17286468E-04   accum. integral = 0.17298437E-04*
#  std. dev. = 0.95636070E-08   accum. std. dev = 0.67281433E-08*
#   min/max. wt. =    0.00000            0.320279E-09           *
#                                                               *
#*************   chi**2/iteration =  3.089       ****************

 Done
