SLURM job running in:  /scratch/groups/lhc/park/JHUGen/JHUGenerator
LHAPDF 6.1.5 loading /work-zfs/lhc/cms/slc6_amd64_gcc493/external/lhapdf/6.1.5-kpegke3/share/LHAPDF/NNPDF30_lo_as_0130/NNPDF30_lo_as_0130_0000.dat
NNPDF30_lo_as_0130 PDF set, member #0, version 2; LHAPDF ID = 263000
 extending no. of histograms for vbf tests
 
                                                                                          
   ***************************************************************************************
   *                                JHU Generator v6.9.3                                 *
   ***************************************************************************************
   *                                                                                     *
   *   Spin and parity determination of single-produced resonances at hadron colliders   *
   *                                                                                     *
   *          I. Anderson, S. Bolognesi, F. Caola, Y. Gao, A. Gritsan, Z. Guo,           *
   *        C. Martin, K. Melnikov, R.Rontsch, H. Roskes, U. Sarica, M. Schulze,         *
   *                   N. Tran, A. Whitbeck, M. Xiao, C. You, Y. Zhou                    *
   *                Phys.Rev. D81 (2010) 075022;  arXiv:1001.3396 [hep-ph],              *
   *                Phys.Rev. D86 (2012) 095031;  arXiv:1208.4018 [hep-ph],              *
   *                Phys.Rev. D89 (2014) 035007;  arXiv:1309.4819 [hep-ph].              *
   *                                                                                     *
   ***************************************************************************************
                                                                                          
   
   Command line: ./JHUGen Unweighted=0 VegasNc0=99999999 VegasNc1=99999999 VegasNc2=99999999 LHAPDF=NNPDF30_lo_as_0130/NNPDF30_lo_as_0130.info MReso=1220 ghz1=0,0 ghz1_prime2=1,0 Process=60 pTjetcut=0 deltaRcut=0
   
   Input Parameter:
    Collider: P-P, sqrt(s)=13000.00
    Resonance: spin=0, mass=1220.00 width=   0.00407
    Z-boson: mass=91.188, width=2.4952
    W-boson: mass=80.399, width=2.0850
    Jet cuts:
            pT >=     0.00 GeV
        DeltaR >=     0.00
           mJJ >=     0.00 GeV
    Random seed:   446637622
    To reproduce results using this seed, JHUGen should be compiled with the same compiler:
      GNU Fortran (GCC) 4.9.3
    
    WidthScheme:   2
    LHAPDF set NNPDF30_lo_as_0130/NNPDF30_lo_as_0130.info, member=  0
    Unweighted: F
    
    spin-0-VV couplings: 
      generate_as=F
      ghg2=  0.10000000E+01  0.00000000E+00i
      ghg3=  0.00000000E+00  0.00000000E+00i
      ghg4=  0.00000000E+00  0.00000000E+00i
      ghz1=  0.00000000E+00  0.00000000E+00i
      ghz2=  0.00000000E+00  0.00000000E+00i
      ghz3=  0.00000000E+00  0.00000000E+00i
      ghz4=  0.00000000E+00  0.00000000E+00i
      ghz1_prime2=  0.10000000E+01  0.00000000E+00i,    Lambda_z1=  1.0000E+04
      Lambda=  1000.0
    
    LHE output: ./data/output.lhe
    Histogram output: ./data/output.dat
    Log file: ./data/output.log
    
  Running

  Input parameters for vegas:  ndim=  9   ncall= 80707214.
                              it=    0    itmx=   15
                              acc=-1.00    
                              mds=  1     nd=  50
                              (xl,xu)= (  0.00000     ,  1.00000     )
                                       (  0.00000     ,  1.00000     )
                                       (  0.00000     ,  1.00000     )
                                       (  0.00000     ,  1.00000     )
                                       (  0.00000     ,  1.00000     )
                                       (  0.00000     ,  1.00000     )
                                       (  0.00000     ,  1.00000     )
                                       (  0.00000     ,  1.00000     )
                                       (  0.00000     ,  1.00000     )

#********** Integration by Vegas (iteration       1) ************
#                                                               *
#  integral  = 0.79772160E-05   accum. integral = 0.79772160E-05*
#  std. dev. = 0.16267343E-06   accum. std. dev = 0.16267343E-06*
#   min/max. wt. =    0.00000            0.103599E-06           *
#                                                               *
#*************   chi**2/iteration =  0.000       ****************


#********** Integration by Vegas (iteration       2) ************
#                                                               *
#  integral  = 0.11542517E-04   accum. integral = 0.81707436E-05*
#  std. dev. = 0.98247957E-06   accum. std. dev = 0.19675074E-06*
#   min/max. wt. =    0.00000            0.694583E-06           *
#                                                               *
#*************   chi**2/iteration =  16.84       ****************


#********** Integration by Vegas (iteration       3) ************
#                                                               *
#  integral  = 0.13646271E-04   accum. integral = 0.93509925E-05*
#  std. dev. = 0.51626088E-06   accum. std. dev = 0.19848002E-06*
#   min/max. wt. =    0.00000            0.347679E-06           *
#                                                               *
#*************   chi**2/iteration =  70.80       ****************


#********** Integration by Vegas (iteration       4) ************
#                                                               *
#  integral  = 0.14521100E-04   accum. integral = 0.13993219E-04*
#  std. dev. = 0.86006946E-07   accum. std. dev = 0.68389882E-07*
#   min/max. wt. =    0.00000            0.276104E-07           *
#                                                               *
#*************   chi**2/iteration =  215.2       ****************


#********** Integration by Vegas (iteration       5) ************
#                                                               *
#  integral  = 0.14652270E-04   accum. integral = 0.14614020E-04*
#  std. dev. = 0.20412316E-07   accum. std. dev = 0.17194757E-07*
#   min/max. wt. =    0.00000            0.235809E-08           *
#                                                               *
#*************   chi**2/iteration =  168.3       ****************


#********** Integration by Vegas (iteration       6) ************
#                                                               *
#  integral  = 0.14621349E-04   accum. integral = 0.14619751E-04*
#  std. dev. = 0.10440501E-07   accum. std. dev = 0.82424014E-08*
#   min/max. wt. =    0.00000            0.613770E-09           *
#                                                               *
#*************   chi**2/iteration =  127.8       ****************


#********** Integration by Vegas (iteration       7) ************
#                                                               *
#  integral  = 0.14609891E-04   accum. integral = 0.14614422E-04*
#  std. dev. = 0.85055736E-08   accum. std. dev = 0.56871301E-08*
#   min/max. wt. =    0.00000            0.300078E-09           *
#                                                               *
#*************   chi**2/iteration =  102.9       ****************


#********** Integration by Vegas (iteration       8) ************
#                                                               *
#  integral  = 0.14623930E-04   accum. integral = 0.14618049E-04*
#  std. dev. = 0.79703936E-08   accum. std. dev = 0.45314622E-08*
#   min/max. wt. =    0.00000            0.246200E-09           *
#                                                               *
#*************   chi**2/iteration =  86.09       ****************


#********** Integration by Vegas (iteration       9) ************
#                                                               *
#  integral  = 0.14620175E-04   accum. integral = 0.14618658E-04*
#  std. dev. = 0.77593567E-08   accum. std. dev = 0.38646414E-08*
#   min/max. wt. =    0.00000            0.507360E-09           *
#                                                               *
#*************   chi**2/iteration =  73.86       ****************


#********** Integration by Vegas (iteration      10) ************
#                                                               *
#  integral  = 0.14621811E-04   accum. integral = 0.14619378E-04*
#  std. dev. = 0.76425842E-08   accum. std. dev = 0.34215323E-08*
#   min/max. wt. =    0.00000            0.256839E-09           *
#                                                               *
#*************   chi**2/iteration =  64.66       ****************


#********** Integration by Vegas (iteration      11) ************
#                                                               *
#  integral  = 0.14612284E-04   accum. integral = 0.14618053E-04*
#  std. dev. = 0.76135681E-08   accum. std. dev = 0.31046687E-08*
#   min/max. wt. =    0.00000            0.279632E-09           *
#                                                               *
#*************   chi**2/iteration =  57.56       ****************


#********** Integration by Vegas (iteration      12) ************
#                                                               *
#  integral  = 0.14628510E-04   accum. integral = 0.14619672E-04*
#  std. dev. = 0.76958082E-08   accum. std. dev = 0.28690998E-08*
#   min/max. wt. =    0.00000            0.369403E-09           *
#                                                               *
#*************   chi**2/iteration =  51.94       ****************


#********** Integration by Vegas (iteration      13) ************
#                                                               *
#  integral  = 0.14634001E-04   accum. integral = 0.14621546E-04*
#  std. dev. = 0.78110755E-08   accum. std. dev = 0.26867505E-08*
#   min/max. wt. =    0.00000            0.388017E-09           *
#                                                               *
#*************   chi**2/iteration =  47.46       ****************


#********** Integration by Vegas (iteration      14) ************
#                                                               *
#  integral  = 0.14635855E-04   accum. integral = 0.14623194E-04*
#  std. dev. = 0.78285769E-08   accum. std. dev = 0.25367505E-08*
#   min/max. wt. =    0.00000            0.291404E-09           *
#                                                               *
#*************   chi**2/iteration =  43.74       ****************


#********** Integration by Vegas (iteration      15) ************
#                                                               *
#  integral  = 0.14625998E-04   accum. integral = 0.14623482E-04*
#  std. dev. = 0.78565367E-08   accum. std. dev = 0.24108530E-08*
#   min/max. wt. =  -0.923586E-28        0.272734E-09           *
#                                                               *
#*************   chi**2/iteration =  40.36       ****************


  Input parameters for vegas:  ndim=  9   ncall= 80707214.
                              it=    0    itmx=    2
                              acc=-1.00    
                              mds=  1     nd=  50
                              (xl,xu)= (  0.00000     ,  1.00000     )
                                       (  0.00000     ,  1.00000     )
                                       (  0.00000     ,  1.00000     )
                                       (  0.00000     ,  1.00000     )
                                       (  0.00000     ,  1.00000     )
                                       (  0.00000     ,  1.00000     )
                                       (  0.00000     ,  1.00000     )
                                       (  0.00000     ,  1.00000     )
                                       (  0.00000     ,  1.00000     )

#********** Integration by Vegas (iteration       1) ************
#                                                               *
#  integral  = 0.14637325E-04   accum. integral = 0.14637325E-04*
#  std. dev. = 0.80248875E-08   accum. std. dev = 0.80248875E-08*
#   min/max. wt. =    0.00000            0.304990E-09           *
#                                                               *
#*************   chi**2/iteration =  0.000       ****************


#********** Integration by Vegas (iteration       2) ************
#                                                               *
#  integral  = 0.14637210E-04   accum. integral = 0.14637268E-04*
#  std. dev. = 0.81624286E-08   accum. std. dev = 0.57224603E-08*
#   min/max. wt. =    0.00000            0.513234E-09           *
#                                                               *
#*************   chi**2/iteration = 0.1013E-03   ****************

 Done
