SLURM job running in:  /scratch/groups/lhc/park/JHUGen/JHUGenerator
LHAPDF 6.1.5 loading /work-zfs/lhc/cms/slc6_amd64_gcc493/external/lhapdf/6.1.5-kpegke3/share/LHAPDF/NNPDF30_lo_as_0130/NNPDF30_lo_as_0130_0000.dat
NNPDF30_lo_as_0130 PDF set, member #0, version 2; LHAPDF ID = 263000
 extending no. of histograms for vbf tests
 
                                                                                          
   ***************************************************************************************
   *                                JHU Generator v6.9.3                                 *
   ***************************************************************************************
   *                                                                                     *
   *   Spin and parity determination of single-produced resonances at hadron colliders   *
   *                                                                                     *
   *          I. Anderson, S. Bolognesi, F. Caola, Y. Gao, A. Gritsan, Z. Guo,           *
   *        C. Martin, K. Melnikov, R.Rontsch, H. Roskes, U. Sarica, M. Schulze,         *
   *                   N. Tran, A. Whitbeck, M. Xiao, C. You, Y. Zhou                    *
   *                Phys.Rev. D81 (2010) 075022;  arXiv:1001.3396 [hep-ph],              *
   *                Phys.Rev. D86 (2012) 095031;  arXiv:1208.4018 [hep-ph],              *
   *                Phys.Rev. D89 (2014) 035007;  arXiv:1309.4819 [hep-ph].              *
   *                                                                                     *
   ***************************************************************************************
                                                                                          
   
   Command line: ./JHUGen Unweighted=0 VegasNc0=99999999 VegasNc1=99999999 VegasNc2=99999999 LHAPDF=NNPDF30_lo_as_0130/NNPDF30_lo_as_0130.info MReso=1350 ghz1=0,0 ghz1_prime2=1,0 Process=60 pTjetcut=0 deltaRcut=0
   
   Input Parameter:
    Collider: P-P, sqrt(s)=13000.00
    Resonance: spin=0, mass=1350.00 width=   0.00407
    Z-boson: mass=91.188, width=2.4952
    W-boson: mass=80.399, width=2.0850
    Jet cuts:
            pT >=     0.00 GeV
        DeltaR >=     0.00
           mJJ >=     0.00 GeV
    Random seed:   865554312
    To reproduce results using this seed, JHUGen should be compiled with the same compiler:
      GNU Fortran (GCC) 4.9.3
    
    WidthScheme:   2
    LHAPDF set NNPDF30_lo_as_0130/NNPDF30_lo_as_0130.info, member=  0
    Unweighted: F
    
    spin-0-VV couplings: 
      generate_as=F
      ghg2=  0.10000000E+01  0.00000000E+00i
      ghg3=  0.00000000E+00  0.00000000E+00i
      ghg4=  0.00000000E+00  0.00000000E+00i
      ghz1=  0.00000000E+00  0.00000000E+00i
      ghz2=  0.00000000E+00  0.00000000E+00i
      ghz3=  0.00000000E+00  0.00000000E+00i
      ghz4=  0.00000000E+00  0.00000000E+00i
      ghz1_prime2=  0.10000000E+01  0.00000000E+00i,    Lambda_z1=  1.0000E+04
      Lambda=  1000.0
    
    LHE output: ./data/output.lhe
    Histogram output: ./data/output.dat
    Log file: ./data/output.log
    
  Running

  Input parameters for vegas:  ndim=  9   ncall= 80707214.
                              it=    0    itmx=   15
                              acc=-1.00    
                              mds=  1     nd=  50
                              (xl,xu)= (  0.00000     ,  1.00000     )
                                       (  0.00000     ,  1.00000     )
                                       (  0.00000     ,  1.00000     )
                                       (  0.00000     ,  1.00000     )
                                       (  0.00000     ,  1.00000     )
                                       (  0.00000     ,  1.00000     )
                                       (  0.00000     ,  1.00000     )
                                       (  0.00000     ,  1.00000     )
                                       (  0.00000     ,  1.00000     )

#********** Integration by Vegas (iteration       1) ************
#                                                               *
#  integral  = 0.64104157E-05   accum. integral = 0.64104157E-05*
#  std. dev. = 0.48695314E-06   accum. std. dev = 0.48695314E-06*
#   min/max. wt. =    0.00000            0.476621E-06           *
#                                                               *
#*************   chi**2/iteration =  0.000       ****************


#********** Integration by Vegas (iteration       2) ************
#                                                               *
#  integral  = 0.79632328E-05   accum. integral = 0.73015470E-05*
#  std. dev. = 0.52124922E-06   accum. std. dev = 0.35844571E-06*
#   min/max. wt. =    0.00000            0.423526E-06           *
#                                                               *
#*************   chi**2/iteration =  4.585       ****************


#********** Integration by Vegas (iteration       3) ************
#                                                               *
#  integral  = 0.10415688E-04   accum. integral = 0.99066303E-05*
#  std. dev. = 0.22831126E-06   accum. std. dev = 0.16892859E-06*
#   min/max. wt. =    0.00000            0.105077E-06           *
#                                                               *
#*************   chi**2/iteration =  24.91       ****************


#********** Integration by Vegas (iteration       4) ************
#                                                               *
#  integral  = 0.11256253E-04   accum. integral = 0.11091741E-04*
#  std. dev. = 0.84080454E-07   accum. std. dev = 0.64504466E-07*
#   min/max. wt. =    0.00000            0.714719E-07           *
#                                                               *
#*************   chi**2/iteration =  29.50       ****************


#********** Integration by Vegas (iteration       5) ************
#                                                               *
#  integral  = 0.11230555E-04   accum. integral = 0.11218932E-04*
#  std. dev. = 0.23763342E-07   accum. std. dev = 0.19549814E-07*
#   min/max. wt. =    0.00000            0.864898E-08           *
#                                                               *
#*************   chi**2/iteration =  21.14       ****************


#********** Integration by Vegas (iteration       6) ************
#                                                               *
#  integral  = 0.11175461E-04   accum. integral = 0.11180822E-04*
#  std. dev. = 0.84894424E-08   accum. std. dev = 0.70574333E-08*
#   min/max. wt. =    0.00000            0.521240E-09           *
#                                                               *
#*************   chi**2/iteration =  16.82       ****************


#********** Integration by Vegas (iteration       7) ************
#                                                               *
#  integral  = 0.11178886E-04   accum. integral = 0.11179675E-04*
#  std. dev. = 0.65969001E-08   accum. std. dev = 0.45921873E-08*
#   min/max. wt. =  -0.553193E-23        0.214050E-09           *
#                                                               *
#*************   chi**2/iteration =  13.51       ****************


#********** Integration by Vegas (iteration       8) ************
#                                                               *
#  integral  = 0.11181024E-04   accum. integral = 0.11180223E-04*
#  std. dev. = 0.61452675E-08   accum. std. dev = 0.35889379E-08*
#   min/max. wt. =    0.00000            0.817830E-09           *
#                                                               *
#*************   chi**2/iteration =  11.27       ****************


#********** Integration by Vegas (iteration       9) ************
#                                                               *
#  integral  = 0.11170241E-04   accum. integral = 0.11177198E-04*
#  std. dev. = 0.59311788E-08   accum. std. dev = 0.30272868E-08*
#   min/max. wt. =    0.00000            0.266783E-09           *
#                                                               *
#*************   chi**2/iteration =  9.946       ****************


#********** Integration by Vegas (iteration      10) ************
#                                                               *
#  integral  = 0.11188262E-04   accum. integral = 0.11179808E-04*
#  std. dev. = 0.58858001E-08   accum. std. dev = 0.26682645E-08*
#   min/max. wt. =    0.00000            0.173769E-09           *
#                                                               *
#*************   chi**2/iteration =  9.040       ****************


#********** Integration by Vegas (iteration      11) ************
#                                                               *
#  integral  = 0.11180156E-04   accum. integral = 0.11179876E-04*
#  std. dev. = 0.58099796E-08   accum. std. dev = 0.24103542E-08*
#   min/max. wt. =    0.00000            0.187383E-09           *
#                                                               *
#*************   chi**2/iteration =  8.030       ****************


#********** Integration by Vegas (iteration      12) ************
#                                                               *
#  integral  = 0.11179844E-04   accum. integral = 0.11179870E-04*
#  std. dev. = 0.58252782E-08   accum. std. dev = 0.22182084E-08*
#   min/max. wt. =    0.00000            0.265170E-09           *
#                                                               *
#*************   chi**2/iteration =  7.221       ****************


#********** Integration by Vegas (iteration      13) ************
#                                                               *
#  integral  = 0.11172334E-04   accum. integral = 0.11178816E-04*
#  std. dev. = 0.58130775E-08   accum. std. dev = 0.20664320E-08*
#   min/max. wt. =    0.00000            0.216878E-09           *
#                                                               *
#*************   chi**2/iteration =  6.694       ****************


#********** Integration by Vegas (iteration      14) ************
#                                                               *
#  integral  = 0.11181080E-04   accum. integral = 0.11179088E-04*
#  std. dev. = 0.58861413E-08   accum. std. dev = 0.19457431E-08*
#   min/max. wt. =    0.00000            0.453184E-09           *
#                                                               *
#*************   chi**2/iteration =  6.142       ****************


#********** Integration by Vegas (iteration      15) ************
#                                                               *
#  integral  = 0.11172258E-04   accum. integral = 0.11178367E-04*
#  std. dev. = 0.59376074E-08   accum. std. dev = 0.18462544E-08*
#   min/max. wt. =    0.00000            0.192196E-09           *
#                                                               *
#*************   chi**2/iteration =  5.759       ****************


  Input parameters for vegas:  ndim=  9   ncall= 80707214.
                              it=    0    itmx=    2
                              acc=-1.00    
                              mds=  1     nd=  50
                              (xl,xu)= (  0.00000     ,  1.00000     )
                                       (  0.00000     ,  1.00000     )
                                       (  0.00000     ,  1.00000     )
                                       (  0.00000     ,  1.00000     )
                                       (  0.00000     ,  1.00000     )
                                       (  0.00000     ,  1.00000     )
                                       (  0.00000     ,  1.00000     )
                                       (  0.00000     ,  1.00000     )
                                       (  0.00000     ,  1.00000     )

#********** Integration by Vegas (iteration       1) ************
#                                                               *
#  integral  = 0.11182554E-04   accum. integral = 0.11182554E-04*
#  std. dev. = 0.59485997E-08   accum. std. dev = 0.59485997E-08*
#   min/max. wt. =    0.00000            0.232219E-09           *
#                                                               *
#*************   chi**2/iteration =  0.000       ****************


#********** Integration by Vegas (iteration       2) ************
#                                                               *
#  integral  = 0.11177138E-04   accum. integral = 0.11179868E-04*
#  std. dev. = 0.59953432E-08   accum. std. dev = 0.42227165E-08*
#   min/max. wt. =    0.00000            0.205934E-09           *
#                                                               *
#*************   chi**2/iteration = 0.4109       ****************

 Done
