SLURM job running in:  /scratch/groups/lhc/park/JHUGen/JHUGenerator
LHAPDF 6.1.5 loading /work-zfs/lhc/cms/slc6_amd64_gcc493/external/lhapdf/6.1.5-kpegke3/share/LHAPDF/NNPDF30_lo_as_0130/NNPDF30_lo_as_0130_0000.dat
NNPDF30_lo_as_0130 PDF set, member #0, version 2; LHAPDF ID = 263000
 extending no. of histograms for vbf tests
 
                                                                                          
   ***************************************************************************************
   *                                JHU Generator v6.9.3                                 *
   ***************************************************************************************
   *                                                                                     *
   *   Spin and parity determination of single-produced resonances at hadron colliders   *
   *                                                                                     *
   *          I. Anderson, S. Bolognesi, F. Caola, Y. Gao, A. Gritsan, Z. Guo,           *
   *        C. Martin, K. Melnikov, R.Rontsch, H. Roskes, U. Sarica, M. Schulze,         *
   *                   N. Tran, A. Whitbeck, M. Xiao, C. You, Y. Zhou                    *
   *                Phys.Rev. D81 (2010) 075022;  arXiv:1001.3396 [hep-ph],              *
   *                Phys.Rev. D86 (2012) 095031;  arXiv:1208.4018 [hep-ph],              *
   *                Phys.Rev. D89 (2014) 035007;  arXiv:1309.4819 [hep-ph].              *
   *                                                                                     *
   ***************************************************************************************
                                                                                          
   
   Command line: ./JHUGen Unweighted=0 VegasNc0=99999999 VegasNc1=99999999 VegasNc2=99999999 LHAPDF=NNPDF30_lo_as_0130/NNPDF30_lo_as_0130.info MReso=138 ghz1=0,0 ghz1_prime2=1,0 Process=60 pTjetcut=0 deltaRcut=0
   
   Input Parameter:
    Collider: P-P, sqrt(s)=13000.00
    Resonance: spin=0, mass= 138.00 width=   0.00407
    Z-boson: mass=91.188, width=2.4952
    W-boson: mass=80.399, width=2.0850
    Jet cuts:
            pT >=     0.00 GeV
        DeltaR >=     0.00
           mJJ >=     0.00 GeV
    Random seed:   165808692
    To reproduce results using this seed, JHUGen should be compiled with the same compiler:
      GNU Fortran (GCC) 4.9.3
    
    WidthScheme:   2
    LHAPDF set NNPDF30_lo_as_0130/NNPDF30_lo_as_0130.info, member=  0
    Unweighted: F
    
    spin-0-VV couplings: 
      generate_as=F
      ghg2=  0.10000000E+01  0.00000000E+00i
      ghg3=  0.00000000E+00  0.00000000E+00i
      ghg4=  0.00000000E+00  0.00000000E+00i
      ghz1=  0.00000000E+00  0.00000000E+00i
      ghz2=  0.00000000E+00  0.00000000E+00i
      ghz3=  0.00000000E+00  0.00000000E+00i
      ghz4=  0.00000000E+00  0.00000000E+00i
      ghz1_prime2=  0.10000000E+01  0.00000000E+00i,    Lambda_z1=  1.0000E+04
      Lambda=  1000.0
    
    LHE output: ./data/output.lhe
    Histogram output: ./data/output.dat
    Log file: ./data/output.log
    
  Running

  Input parameters for vegas:  ndim=  9   ncall= 80707214.
                              it=    0    itmx=   15
                              acc=-1.00    
                              mds=  1     nd=  50
                              (xl,xu)= (  0.00000     ,  1.00000     )
                                       (  0.00000     ,  1.00000     )
                                       (  0.00000     ,  1.00000     )
                                       (  0.00000     ,  1.00000     )
                                       (  0.00000     ,  1.00000     )
                                       (  0.00000     ,  1.00000     )
                                       (  0.00000     ,  1.00000     )
                                       (  0.00000     ,  1.00000     )
                                       (  0.00000     ,  1.00000     )

#********** Integration by Vegas (iteration       1) ************
#                                                               *
#  integral  = 0.13967597E-03   accum. integral = 0.13967597E-03*
#  std. dev. = 0.70921576E-05   accum. std. dev = 0.70921576E-05*
#   min/max. wt. =    0.00000            0.432952E-05           *
#                                                               *
#*************   chi**2/iteration =  0.000       ****************


#********** Integration by Vegas (iteration       2) ************
#                                                               *
#  integral  = 0.36434674E-03   accum. integral = 0.14284290E-03*
#  std. dev. = 0.15471862E-03   accum. std. dev = 0.13910700E-04*
#   min/max. wt. =    0.00000            0.153071E-03           *
#                                                               *
#*************   chi**2/iteration =  3.621       ****************


#********** Integration by Vegas (iteration       3) ************
#                                                               *
#  integral  = 0.19004738E-03   accum. integral = 0.18705966E-03*
#  std. dev. = 0.24906479E-05   accum. std. dev = 0.31783695E-05*
#   min/max. wt. =    0.00000            0.745880E-06           *
#                                                               *
#*************   chi**2/iteration =  8.732       ****************


#********** Integration by Vegas (iteration       4) ************
#                                                               *
#  integral  = 0.19869747E-03   accum. integral = 0.19831058E-03*
#  std. dev. = 0.46734767E-06   accum. std. dev = 0.55195936E-06*
#   min/max. wt. =    0.00000            0.127431E-06           *
#                                                               *
#*************   chi**2/iteration =  11.18       ****************


#********** Integration by Vegas (iteration       5) ************
#                                                               *
#  integral  = 0.20015129E-03   accum. integral = 0.19990691E-03*
#  std. dev. = 0.18110967E-06   accum. std. dev = 0.19505919E-06*
#   min/max. wt. =    0.00000            0.231815E-07           *
#                                                               *
#*************   chi**2/iteration =  11.48       ****************


#********** Integration by Vegas (iteration       6) ************
#                                                               *
#  integral  = 0.19977024E-03   accum. integral = 0.19981841E-03*
#  std. dev. = 0.12420453E-06   accum. std. dev = 0.11331947E-06*
#   min/max. wt. =    0.00000            0.670386E-08           *
#                                                               *
#*************   chi**2/iteration =  9.656       ****************


#********** Integration by Vegas (iteration       7) ************
#                                                               *
#  integral  = 0.19992932E-03   accum. integral = 0.19986753E-03*
#  std. dev. = 0.11219652E-06   accum. std. dev = 0.83240674E-07*
#   min/max. wt. =    0.00000            0.657409E-08           *
#                                                               *
#*************   chi**2/iteration =  8.382       ****************


#********** Integration by Vegas (iteration       8) ************
#                                                               *
#  integral  = 0.19979313E-03   accum. integral = 0.19984335E-03*
#  std. dev. = 0.10753994E-06   accum. std. dev = 0.67546542E-07*
#   min/max. wt. =    0.00000            0.148443E-07           *
#                                                               *
#*************   chi**2/iteration =  7.404       ****************


#********** Integration by Vegas (iteration       9) ************
#                                                               *
#  integral  = 0.19998453E-03   accum. integral = 0.19987962E-03*
#  std. dev. = 0.10436046E-06   accum. std. dev = 0.57659361E-07*
#   min/max. wt. =    0.00000            0.376178E-08           *
#                                                               *
#*************   chi**2/iteration =  6.750       ****************


#********** Integration by Vegas (iteration      10) ************
#                                                               *
#  integral  = 0.19987300E-03   accum. integral = 0.19987826E-03*
#  std. dev. = 0.10383742E-06   accum. std. dev = 0.50972254E-07*
#   min/max. wt. =  -0.310151E-24        0.560468E-08           *
#                                                               *
#*************   chi**2/iteration =  6.097       ****************


#********** Integration by Vegas (iteration      11) ************
#                                                               *
#  integral  = 0.19991473E-03   accum. integral = 0.19988447E-03*
#  std. dev. = 0.10395371E-06   accum. std. dev = 0.46117533E-07*
#   min/max. wt. =    0.00000            0.752836E-08           *
#                                                               *
#*************   chi**2/iteration =  5.570       ****************


#********** Integration by Vegas (iteration      12) ************
#                                                               *
#  integral  = 0.20004632E-03   accum. integral = 0.19990822E-03*
#  std. dev. = 0.10357308E-06   accum. std. dev = 0.42364156E-07*
#   min/max. wt. =    0.00000            0.588626E-08           *
#                                                               *
#*************   chi**2/iteration =  5.286       ****************


#********** Integration by Vegas (iteration      13) ************
#                                                               *
#  integral  = 0.20013249E-03   accum. integral = 0.19993641E-03*
#  std. dev. = 0.10466583E-06   accum. std. dev = 0.39425149E-07*
#   min/max. wt. =  -0.547560E-22        0.712981E-08           *
#                                                               *
#*************   chi**2/iteration =  5.188       ****************


#********** Integration by Vegas (iteration      14) ************
#                                                               *
#  integral  = 0.19995945E-03   accum. integral = 0.19993895E-03*
#  std. dev. = 0.10529880E-06   accum. std. dev = 0.37033362E-07*
#   min/max. wt. =    0.00000            0.537968E-08           *
#                                                               *
#*************   chi**2/iteration =  4.832       ****************


#********** Integration by Vegas (iteration      15) ************
#                                                               *
#  integral  = 0.20014014E-03   accum. integral = 0.19995842E-03*
#  std. dev. = 0.10695071E-06   accum. std. dev = 0.35070917E-07*
#   min/max. wt. =    0.00000            0.115717E-07           *
#                                                               *
#*************   chi**2/iteration =  4.724       ****************


  Input parameters for vegas:  ndim=  9   ncall= 80707214.
                              it=    0    itmx=    2
                              acc=-1.00    
                              mds=  1     nd=  50
                              (xl,xu)= (  0.00000     ,  1.00000     )
                                       (  0.00000     ,  1.00000     )
                                       (  0.00000     ,  1.00000     )
                                       (  0.00000     ,  1.00000     )
                                       (  0.00000     ,  1.00000     )
                                       (  0.00000     ,  1.00000     )
                                       (  0.00000     ,  1.00000     )
                                       (  0.00000     ,  1.00000     )
                                       (  0.00000     ,  1.00000     )

#********** Integration by Vegas (iteration       1) ************
#                                                               *
#  integral  = 0.19990510E-03   accum. integral = 0.19990510E-03*
#  std. dev. = 0.10538517E-06   accum. std. dev = 0.10538517E-06*
#   min/max. wt. =    0.00000            0.551900E-08           *
#                                                               *
#*************   chi**2/iteration =  0.000       ****************


#********** Integration by Vegas (iteration       2) ************
#                                                               *
#  integral  = 0.19974458E-03   accum. integral = 0.19982591E-03*
#  std. dev. = 0.10670902E-06   accum. std. dev = 0.74981860E-07*
#   min/max. wt. =    0.00000            0.652350E-08           *
#                                                               *
#*************   chi**2/iteration =  1.144       ****************

 Done
