SLURM job running in:  /scratch/groups/lhc/park/JHUGen/JHUGenerator
LHAPDF 6.1.5 loading /work-zfs/lhc/cms/slc6_amd64_gcc493/external/lhapdf/6.1.5-kpegke3/share/LHAPDF/NNPDF30_lo_as_0130/NNPDF30_lo_as_0130_0000.dat
NNPDF30_lo_as_0130 PDF set, member #0, version 2; LHAPDF ID = 263000
 extending no. of histograms for vbf tests
 
                                                                                          
   ***************************************************************************************
   *                                JHU Generator v6.9.3                                 *
   ***************************************************************************************
   *                                                                                     *
   *   Spin and parity determination of single-produced resonances at hadron colliders   *
   *                                                                                     *
   *          I. Anderson, S. Bolognesi, F. Caola, Y. Gao, A. Gritsan, Z. Guo,           *
   *        C. Martin, K. Melnikov, R.Rontsch, H. Roskes, U. Sarica, M. Schulze,         *
   *                   N. Tran, A. Whitbeck, M. Xiao, C. You, Y. Zhou                    *
   *                Phys.Rev. D81 (2010) 075022;  arXiv:1001.3396 [hep-ph],              *
   *                Phys.Rev. D86 (2012) 095031;  arXiv:1208.4018 [hep-ph],              *
   *                Phys.Rev. D89 (2014) 035007;  arXiv:1309.4819 [hep-ph].              *
   *                                                                                     *
   ***************************************************************************************
                                                                                          
   
   Command line: ./JHUGen Unweighted=0 VegasNc0=99999999 VegasNc1=99999999 VegasNc2=99999999 LHAPDF=NNPDF30_lo_as_0130/NNPDF30_lo_as_0130.info MReso=1390 ghz1=0,0 ghz1_prime2=1,0 Process=60 pTjetcut=0 deltaRcut=0
   
   Input Parameter:
    Collider: P-P, sqrt(s)=13000.00
    Resonance: spin=0, mass=1390.00 width=   0.00407
    Z-boson: mass=91.188, width=2.4952
    W-boson: mass=80.399, width=2.0850
    Jet cuts:
            pT >=     0.00 GeV
        DeltaR >=     0.00
           mJJ >=     0.00 GeV
    Random seed:   199735361
    To reproduce results using this seed, JHUGen should be compiled with the same compiler:
      GNU Fortran (GCC) 4.9.3
    
    WidthScheme:   2
    LHAPDF set NNPDF30_lo_as_0130/NNPDF30_lo_as_0130.info, member=  0
    Unweighted: F
    
    spin-0-VV couplings: 
      generate_as=F
      ghg2=  0.10000000E+01  0.00000000E+00i
      ghg3=  0.00000000E+00  0.00000000E+00i
      ghg4=  0.00000000E+00  0.00000000E+00i
      ghz1=  0.00000000E+00  0.00000000E+00i
      ghz2=  0.00000000E+00  0.00000000E+00i
      ghz3=  0.00000000E+00  0.00000000E+00i
      ghz4=  0.00000000E+00  0.00000000E+00i
      ghz1_prime2=  0.10000000E+01  0.00000000E+00i,    Lambda_z1=  1.0000E+04
      Lambda=  1000.0
    
    LHE output: ./data/output.lhe
    Histogram output: ./data/output.dat
    Log file: ./data/output.log
    
  Running

  Input parameters for vegas:  ndim=  9   ncall= 80707214.
                              it=    0    itmx=   15
                              acc=-1.00    
                              mds=  1     nd=  50
                              (xl,xu)= (  0.00000     ,  1.00000     )
                                       (  0.00000     ,  1.00000     )
                                       (  0.00000     ,  1.00000     )
                                       (  0.00000     ,  1.00000     )
                                       (  0.00000     ,  1.00000     )
                                       (  0.00000     ,  1.00000     )
                                       (  0.00000     ,  1.00000     )
                                       (  0.00000     ,  1.00000     )
                                       (  0.00000     ,  1.00000     )

#********** Integration by Vegas (iteration       1) ************
#                                                               *
#  integral  = 0.58603131E-05   accum. integral = 0.58603131E-05*
#  std. dev. = 0.30501291E-06   accum. std. dev = 0.30501291E-06*
#   min/max. wt. =    0.00000            0.179005E-06           *
#                                                               *
#*************   chi**2/iteration =  0.000       ****************


#********** Integration by Vegas (iteration       2) ************
#                                                               *
#  integral  = 0.79822025E-05   accum. integral = 0.65571705E-05*
#  std. dev. = 0.59410133E-06   accum. std. dev = 0.29865975E-06*
#   min/max. wt. =    0.00000            0.485029E-06           *
#                                                               *
#*************   chi**2/iteration =  11.12       ****************


#********** Integration by Vegas (iteration       3) ************
#                                                               *
#  integral  = 0.10071513E-04   accum. integral = 0.88685272E-05*
#  std. dev. = 0.30991304E-06   accum. std. dev = 0.20349844E-06*
#   min/max. wt. =    0.00000            0.171688E-06           *
#                                                               *
#*************   chi**2/iteration =  37.66       ****************


#********** Integration by Vegas (iteration       4) ************
#                                                               *
#  integral  = 0.10258102E-04   accum. integral = 0.10223561E-04*
#  std. dev. = 0.40870829E-07   accum. std. dev = 0.34340223E-07*
#   min/max. wt. =    0.00000            0.215610E-07           *
#                                                               *
#*************   chi**2/iteration =  35.14       ****************


#********** Integration by Vegas (iteration       5) ************
#                                                               *
#  integral  = 0.10295462E-04   accum. integral = 0.10289449E-04*
#  std. dev. = 0.12236491E-07   accum. std. dev = 0.10311821E-07*
#   min/max. wt. =    0.00000            0.259086E-08           *
#                                                               *
#*************   chi**2/iteration =  25.38       ****************


#********** Integration by Vegas (iteration       6) ************
#                                                               *
#  integral  = 0.10299806E-04   accum. integral = 0.10296983E-04*
#  std. dev. = 0.71736931E-08   accum. std. dev = 0.55130395E-08*
#   min/max. wt. =    0.00000            0.374915E-09           *
#                                                               *
#*************   chi**2/iteration =  19.50       ****************


#********** Integration by Vegas (iteration       7) ************
#                                                               *
#  integral  = 0.10296357E-04   accum. integral = 0.10296663E-04*
#  std. dev. = 0.59947792E-08   accum. std. dev = 0.39221129E-08*
#   min/max. wt. =    0.00000            0.252571E-09           *
#                                                               *
#*************   chi**2/iteration =  15.73       ****************


#********** Integration by Vegas (iteration       8) ************
#                                                               *
#  integral  = 0.10296059E-04   accum. integral = 0.10296443E-04*
#  std. dev. = 0.56526447E-08   accum. std. dev = 0.31637890E-08*
#   min/max. wt. =    0.00000            0.206834E-09           *
#                                                               *
#*************   chi**2/iteration =  13.17       ****************


#********** Integration by Vegas (iteration       9) ************
#                                                               *
#  integral  = 0.10299464E-04   accum. integral = 0.10297288E-04*
#  std. dev. = 0.54801435E-08   accum. std. dev = 0.27097549E-08*
#   min/max. wt. =    0.00000            0.209928E-09           *
#                                                               *
#*************   chi**2/iteration =  11.35       ****************


#********** Integration by Vegas (iteration      10) ************
#                                                               *
#  integral  = 0.10298142E-04   accum. integral = 0.10297477E-04*
#  std. dev. = 0.54280868E-08   accum. std. dev = 0.24075942E-08*
#   min/max. wt. =    0.00000            0.192542E-09           *
#                                                               *
#*************   chi**2/iteration =  9.950       ****************


#********** Integration by Vegas (iteration      11) ************
#                                                               *
#  integral  = 0.10299408E-04   accum. integral = 0.10297832E-04*
#  std. dev. = 0.53875832E-08   accum. std. dev = 0.21877193E-08*
#   min/max. wt. =    0.00000            0.159694E-09           *
#                                                               *
#*************   chi**2/iteration =  8.864       ****************


#********** Integration by Vegas (iteration      12) ************
#                                                               *
#  integral  = 0.10295676E-04   accum. integral = 0.10297510E-04*
#  std. dev. = 0.55093969E-08   accum. std. dev = 0.20272579E-08*
#   min/max. wt. =    0.00000            0.401867E-09           *
#                                                               *
#*************   chi**2/iteration =  7.996       ****************


#********** Integration by Vegas (iteration      13) ************
#                                                               *
#  integral  = 0.10294351E-04   accum. integral = 0.10297088E-04*
#  std. dev. = 0.54261962E-08   accum. std. dev = 0.18946485E-08*
#   min/max. wt. =    0.00000            0.181675E-09           *
#                                                               *
#*************   chi**2/iteration =  7.299       ****************


#********** Integration by Vegas (iteration      14) ************
#                                                               *
#  integral  = 0.10295227E-04   accum. integral = 0.10296873E-04*
#  std. dev. = 0.54756807E-08   accum. std. dev = 0.17875224E-08*
#   min/max. wt. =    0.00000            0.185383E-09           *
#                                                               *
#*************   chi**2/iteration =  6.701       ****************


#********** Integration by Vegas (iteration      15) ************
#                                                               *
#  integral  = 0.10299823E-04   accum. integral = 0.10297169E-04*
#  std. dev. = 0.55763980E-08   accum. std. dev = 0.17002347E-08*
#   min/max. wt. =    0.00000            0.183403E-09           *
#                                                               *
#*************   chi**2/iteration =  6.205       ****************


  Input parameters for vegas:  ndim=  9   ncall= 80707214.
                              it=    0    itmx=    2
                              acc=-1.00    
                              mds=  1     nd=  50
                              (xl,xu)= (  0.00000     ,  1.00000     )
                                       (  0.00000     ,  1.00000     )
                                       (  0.00000     ,  1.00000     )
                                       (  0.00000     ,  1.00000     )
                                       (  0.00000     ,  1.00000     )
                                       (  0.00000     ,  1.00000     )
                                       (  0.00000     ,  1.00000     )
                                       (  0.00000     ,  1.00000     )
                                       (  0.00000     ,  1.00000     )

#********** Integration by Vegas (iteration       1) ************
#                                                               *
#  integral  = 0.10296170E-04   accum. integral = 0.10296170E-04*
#  std. dev. = 0.55790989E-08   accum. std. dev = 0.55790989E-08*
#   min/max. wt. =    0.00000            0.182230E-09           *
#                                                               *
#*************   chi**2/iteration =  0.000       ****************


#********** Integration by Vegas (iteration       2) ************
#                                                               *
#  integral  = 0.10300774E-04   accum. integral = 0.10298434E-04*
#  std. dev. = 0.56746532E-08   accum. std. dev = 0.39783871E-08*
#   min/max. wt. =    0.00000            0.238811E-09           *
#                                                               *
#*************   chi**2/iteration = 0.3345       ****************

 Done
