SLURM job running in:  /scratch/groups/lhc/park/JHUGen/JHUGenerator
LHAPDF 6.1.5 loading /work-zfs/lhc/cms/slc6_amd64_gcc493/external/lhapdf/6.1.5-kpegke3/share/LHAPDF/NNPDF30_lo_as_0130/NNPDF30_lo_as_0130_0000.dat
NNPDF30_lo_as_0130 PDF set, member #0, version 2; LHAPDF ID = 263000
 extending no. of histograms for vbf tests
 
                                                                                          
   ***************************************************************************************
   *                                JHU Generator v6.9.3                                 *
   ***************************************************************************************
   *                                                                                     *
   *   Spin and parity determination of single-produced resonances at hadron colliders   *
   *                                                                                     *
   *          I. Anderson, S. Bolognesi, F. Caola, Y. Gao, A. Gritsan, Z. Guo,           *
   *        C. Martin, K. Melnikov, R.Rontsch, H. Roskes, U. Sarica, M. Schulze,         *
   *                   N. Tran, A. Whitbeck, M. Xiao, C. You, Y. Zhou                    *
   *                Phys.Rev. D81 (2010) 075022;  arXiv:1001.3396 [hep-ph],              *
   *                Phys.Rev. D86 (2012) 095031;  arXiv:1208.4018 [hep-ph],              *
   *                Phys.Rev. D89 (2014) 035007;  arXiv:1309.4819 [hep-ph].              *
   *                                                                                     *
   ***************************************************************************************
                                                                                          
   
   Command line: ./JHUGen Unweighted=0 VegasNc0=99999999 VegasNc1=99999999 VegasNc2=99999999 LHAPDF=NNPDF30_lo_as_0130/NNPDF30_lo_as_0130.info MReso=1450 ghz1=0,0 ghz1_prime2=1,0 Process=60 pTjetcut=0 deltaRcut=0
   
   Input Parameter:
    Collider: P-P, sqrt(s)=13000.00
    Resonance: spin=0, mass=1450.00 width=   0.00407
    Z-boson: mass=91.188, width=2.4952
    W-boson: mass=80.399, width=2.0850
    Jet cuts:
            pT >=     0.00 GeV
        DeltaR >=     0.00
           mJJ >=     0.00 GeV
    Random seed:   953542079
    To reproduce results using this seed, JHUGen should be compiled with the same compiler:
      GNU Fortran (GCC) 4.9.3
    
    WidthScheme:   2
    LHAPDF set NNPDF30_lo_as_0130/NNPDF30_lo_as_0130.info, member=  0
    Unweighted: F
    
    spin-0-VV couplings: 
      generate_as=F
      ghg2=  0.10000000E+01  0.00000000E+00i
      ghg3=  0.00000000E+00  0.00000000E+00i
      ghg4=  0.00000000E+00  0.00000000E+00i
      ghz1=  0.00000000E+00  0.00000000E+00i
      ghz2=  0.00000000E+00  0.00000000E+00i
      ghz3=  0.00000000E+00  0.00000000E+00i
      ghz4=  0.00000000E+00  0.00000000E+00i
      ghz1_prime2=  0.10000000E+01  0.00000000E+00i,    Lambda_z1=  1.0000E+04
      Lambda=  1000.0
    
    LHE output: ./data/output.lhe
    Histogram output: ./data/output.dat
    Log file: ./data/output.log
    
  Running

  Input parameters for vegas:  ndim=  9   ncall= 80707214.
                              it=    0    itmx=   15
                              acc=-1.00    
                              mds=  1     nd=  50
                              (xl,xu)= (  0.00000     ,  1.00000     )
                                       (  0.00000     ,  1.00000     )
                                       (  0.00000     ,  1.00000     )
                                       (  0.00000     ,  1.00000     )
                                       (  0.00000     ,  1.00000     )
                                       (  0.00000     ,  1.00000     )
                                       (  0.00000     ,  1.00000     )
                                       (  0.00000     ,  1.00000     )
                                       (  0.00000     ,  1.00000     )

#********** Integration by Vegas (iteration       1) ************
#                                                               *
#  integral  = 0.45768118E-05   accum. integral = 0.45768118E-05*
#  std. dev. = 0.25103641E-06   accum. std. dev = 0.25103641E-06*
#   min/max. wt. =    0.00000            0.983370E-07           *
#                                                               *
#*************   chi**2/iteration =  0.000       ****************


#********** Integration by Vegas (iteration       2) ************
#                                                               *
#  integral  = 0.96147062E-05   accum. integral = 0.48004884E-05*
#  std. dev. = 0.24465962E-05   accum. std. dev = 0.40372343E-06*
#   min/max. wt. =    0.00000            0.221193E-05           *
#                                                               *
#*************   chi**2/iteration =  6.600       ****************


#********** Integration by Vegas (iteration       3) ************
#                                                               *
#  integral  = 0.98561815E-05   accum. integral = 0.59233436E-05*
#  std. dev. = 0.98903537E-06   accum. std. dev = 0.39616423E-06*
#   min/max. wt. =    0.00000            0.744245E-06           *
#                                                               *
#*************   chi**2/iteration =  16.73       ****************


#********** Integration by Vegas (iteration       4) ************
#                                                               *
#  integral  = 0.91143823E-05   accum. integral = 0.90114387E-05*
#  std. dev. = 0.78696626E-07   accum. std. dev = 0.72771393E-07*
#   min/max. wt. =    0.00000            0.434219E-07           *
#                                                               *
#*************   chi**2/iteration =  30.67       ****************


#********** Integration by Vegas (iteration       5) ************
#                                                               *
#  integral  = 0.91039863E-05   accum. integral = 0.91003695E-05*
#  std. dev. = 0.15594665E-07   accum. std. dev = 0.14570649E-07*
#   min/max. wt. =    0.00000            0.409477E-08           *
#                                                               *
#*************   chi**2/iteration =  22.80       ****************


#********** Integration by Vegas (iteration       6) ************
#                                                               *
#  integral  = 0.91156665E-05   accum. integral = 0.91131315E-05*
#  std. dev. = 0.68218690E-08   accum. std. dev = 0.59824413E-08*
#   min/max. wt. =    0.00000            0.658601E-09           *
#                                                               *
#*************   chi**2/iteration =  18.11       ****************


#********** Integration by Vegas (iteration       7) ************
#                                                               *
#  integral  = 0.91138344E-05   accum. integral = 0.91135360E-05*
#  std. dev. = 0.53510387E-08   accum. std. dev = 0.39214622E-08*
#   min/max. wt. =    0.00000            0.164037E-09           *
#                                                               *
#*************   chi**2/iteration =  14.92       ****************


#********** Integration by Vegas (iteration       8) ************
#                                                               *
#  integral  = 0.91100440E-05   accum. integral = 0.91121526E-05*
#  std. dev. = 0.50094084E-08   accum. std. dev = 0.30606748E-08*
#   min/max. wt. =    0.00000            0.202394E-09           *
#                                                               *
#*************   chi**2/iteration =  12.72       ****************


#********** Integration by Vegas (iteration       9) ************
#                                                               *
#  integral  = 0.91157426E-05   accum. integral = 0.91132043E-05*
#  std. dev. = 0.49013009E-08   accum. std. dev = 0.25825191E-08*
#   min/max. wt. =    0.00000            0.300825E-09           *
#                                                               *
#*************   chi**2/iteration =  11.10       ****************


#********** Integration by Vegas (iteration      10) ************
#                                                               *
#  integral  = 0.91097468E-05   accum. integral = 0.91123909E-05*
#  std. dev. = 0.47798961E-08   accum. std. dev = 0.22644763E-08*
#   min/max. wt. =    0.00000            0.165927E-09           *
#                                                               *
#*************   chi**2/iteration =  9.863       ****************


#********** Integration by Vegas (iteration      11) ************
#                                                               *
#  integral  = 0.91217717E-05   accum. integral = 0.91141437E-05*
#  std. dev. = 0.48429660E-08   accum. std. dev = 0.20467228E-08*
#   min/max. wt. =    0.00000            0.196370E-09           *
#                                                               *
#*************   chi**2/iteration =  9.155       ****************


#********** Integration by Vegas (iteration      12) ************
#                                                               *
#  integral  = 0.91060287E-05   accum. integral = 0.91128938E-05*
#  std. dev. = 0.48977750E-08   accum. std. dev = 0.18858551E-08*
#   min/max. wt. =    0.00000            0.155441E-09           *
#                                                               *
#*************   chi**2/iteration =  8.512       ****************


#********** Integration by Vegas (iteration      13) ************
#                                                               *
#  integral  = 0.91168824E-05   accum. integral = 0.91134320E-05*
#  std. dev. = 0.48728695E-08   accum. std. dev = 0.17568108E-08*
#   min/max. wt. =    0.00000            0.182562E-09           *
#                                                               *
#*************   chi**2/iteration =  7.829       ****************


#********** Integration by Vegas (iteration      14) ************
#                                                               *
#  integral  = 0.91099217E-05   accum. integral = 0.91130259E-05*
#  std. dev. = 0.49449007E-08   accum. std. dev = 0.16542176E-08*
#   min/max. wt. =    0.00000            0.212818E-09           *
#                                                               *
#*************   chi**2/iteration =  7.243       ****************


#********** Integration by Vegas (iteration      15) ************
#                                                               *
#  integral  = 0.91059524E-05   accum. integral = 0.91122971E-05*
#  std. dev. = 0.49603165E-08   accum. std. dev = 0.15683964E-08*
#   min/max. wt. =    0.00000            0.194138E-09           *
#                                                               *
#*************   chi**2/iteration =  6.845       ****************


  Input parameters for vegas:  ndim=  9   ncall= 80707214.
                              it=    0    itmx=    2
                              acc=-1.00    
                              mds=  1     nd=  50
                              (xl,xu)= (  0.00000     ,  1.00000     )
                                       (  0.00000     ,  1.00000     )
                                       (  0.00000     ,  1.00000     )
                                       (  0.00000     ,  1.00000     )
                                       (  0.00000     ,  1.00000     )
                                       (  0.00000     ,  1.00000     )
                                       (  0.00000     ,  1.00000     )
                                       (  0.00000     ,  1.00000     )
                                       (  0.00000     ,  1.00000     )

#********** Integration by Vegas (iteration       1) ************
#                                                               *
#  integral  = 0.91176897E-05   accum. integral = 0.91176897E-05*
#  std. dev. = 0.51246557E-08   accum. std. dev = 0.51246557E-08*
#   min/max. wt. =    0.00000            0.209243E-09           *
#                                                               *
#*************   chi**2/iteration =  0.000       ****************


#********** Integration by Vegas (iteration       2) ************
#                                                               *
#  integral  = 0.91130826E-05   accum. integral = 0.91153669E-05*
#  std. dev. = 0.50792807E-08   accum. std. dev = 0.36075374E-08*
#   min/max. wt. =    0.00000            0.201346E-09           *
#                                                               *
#*************   chi**2/iteration = 0.4073       ****************

 Done
