SLURM job running in:  /scratch/groups/lhc/park/JHUGen/JHUGenerator
LHAPDF 6.1.5 loading /work-zfs/lhc/cms/slc6_amd64_gcc493/external/lhapdf/6.1.5-kpegke3/share/LHAPDF/NNPDF30_lo_as_0130/NNPDF30_lo_as_0130_0000.dat
NNPDF30_lo_as_0130 PDF set, member #0, version 2; LHAPDF ID = 263000
 extending no. of histograms for vbf tests
 
                                                                                          
   ***************************************************************************************
   *                                JHU Generator v6.9.3                                 *
   ***************************************************************************************
   *                                                                                     *
   *   Spin and parity determination of single-produced resonances at hadron colliders   *
   *                                                                                     *
   *          I. Anderson, S. Bolognesi, F. Caola, Y. Gao, A. Gritsan, Z. Guo,           *
   *        C. Martin, K. Melnikov, R.Rontsch, H. Roskes, U. Sarica, M. Schulze,         *
   *                   N. Tran, A. Whitbeck, M. Xiao, C. You, Y. Zhou                    *
   *                Phys.Rev. D81 (2010) 075022;  arXiv:1001.3396 [hep-ph],              *
   *                Phys.Rev. D86 (2012) 095031;  arXiv:1208.4018 [hep-ph],              *
   *                Phys.Rev. D89 (2014) 035007;  arXiv:1309.4819 [hep-ph].              *
   *                                                                                     *
   ***************************************************************************************
                                                                                          
   
   Command line: ./JHUGen Unweighted=0 VegasNc0=99999999 VegasNc1=99999999 VegasNc2=99999999 LHAPDF=NNPDF30_lo_as_0130/NNPDF30_lo_as_0130.info MReso=1460 ghz1=0,0 ghz1_prime2=1,0 Process=60 pTjetcut=0 deltaRcut=0
   
   Input Parameter:
    Collider: P-P, sqrt(s)=13000.00
    Resonance: spin=0, mass=1460.00 width=   0.00407
    Z-boson: mass=91.188, width=2.4952
    W-boson: mass=80.399, width=2.0850
    Jet cuts:
            pT >=     0.00 GeV
        DeltaR >=     0.00
           mJJ >=     0.00 GeV
    Random seed:   680967934
    To reproduce results using this seed, JHUGen should be compiled with the same compiler:
      GNU Fortran (GCC) 4.9.3
    
    WidthScheme:   2
    LHAPDF set NNPDF30_lo_as_0130/NNPDF30_lo_as_0130.info, member=  0
    Unweighted: F
    
    spin-0-VV couplings: 
      generate_as=F
      ghg2=  0.10000000E+01  0.00000000E+00i
      ghg3=  0.00000000E+00  0.00000000E+00i
      ghg4=  0.00000000E+00  0.00000000E+00i
      ghz1=  0.00000000E+00  0.00000000E+00i
      ghz2=  0.00000000E+00  0.00000000E+00i
      ghz3=  0.00000000E+00  0.00000000E+00i
      ghz4=  0.00000000E+00  0.00000000E+00i
      ghz1_prime2=  0.10000000E+01  0.00000000E+00i,    Lambda_z1=  1.0000E+04
      Lambda=  1000.0
    
    LHE output: ./data/output.lhe
    Histogram output: ./data/output.dat
    Log file: ./data/output.log
    
  Running

  Input parameters for vegas:  ndim=  9   ncall= 80707214.
                              it=    0    itmx=   15
                              acc=-1.00    
                              mds=  1     nd=  50
                              (xl,xu)= (  0.00000     ,  1.00000     )
                                       (  0.00000     ,  1.00000     )
                                       (  0.00000     ,  1.00000     )
                                       (  0.00000     ,  1.00000     )
                                       (  0.00000     ,  1.00000     )
                                       (  0.00000     ,  1.00000     )
                                       (  0.00000     ,  1.00000     )
                                       (  0.00000     ,  1.00000     )
                                       (  0.00000     ,  1.00000     )

#********** Integration by Vegas (iteration       1) ************
#                                                               *
#  integral  = 0.46892244E-05   accum. integral = 0.46892244E-05*
#  std. dev. = 0.65574533E-07   accum. std. dev = 0.65574533E-07*
#   min/max. wt. =    0.00000            0.269943E-07           *
#                                                               *
#*************   chi**2/iteration =  0.000       ****************


#********** Integration by Vegas (iteration       2) ************
#                                                               *
#  integral  = 0.86862051E-05   accum. integral = 0.47033123E-05*
#  std. dev. = 0.20423964E-05   accum. std. dev = 0.97435866E-07*
#   min/max. wt. =    0.00000            0.200704E-05           *
#                                                               *
#*************   chi**2/iteration =  5.904       ****************


#********** Integration by Vegas (iteration       3) ************
#                                                               *
#  integral  = 0.90953909E-05   accum. integral = 0.48123144E-05*
#  std. dev. = 0.79588310E-06   accum. std. dev = 0.10682799E-06*
#   min/max. wt. =  -0.813524E-16        0.711532E-06           *
#                                                               *
#*************   chi**2/iteration =  22.84       ****************


#********** Integration by Vegas (iteration       4) ************
#                                                               *
#  integral  = 0.88587018E-05   accum. integral = 0.76377802E-05*
#  std. dev. = 0.80274810E-07   accum. std. dev = 0.60889133E-07*
#   min/max. wt. =    0.00000            0.357919E-07           *
#                                                               *
#*************   chi**2/iteration =  324.2       ****************


#********** Integration by Vegas (iteration       5) ************
#                                                               *
#  integral  = 0.89211293E-05   accum. integral = 0.88670157E-05*
#  std. dev. = 0.14173467E-07   accum. std. dev = 0.12788552E-07*
#   min/max. wt. =    0.00000            0.174036E-08           *
#                                                               *
#*************   chi**2/iteration =  334.1       ****************


#********** Integration by Vegas (iteration       6) ************
#                                                               *
#  integral  = 0.89326719E-05   accum. integral = 0.89200994E-05*
#  std. dev. = 0.67594562E-08   accum. std. dev = 0.56793248E-08*
#   min/max. wt. =    0.00000            0.436578E-09           *
#                                                               *
#*************   chi**2/iteration =  263.7       ****************


#********** Integration by Vegas (iteration       7) ************
#                                                               *
#  integral  = 0.89301063E-05   accum. integral = 0.89257437E-05*
#  std. dev. = 0.53419841E-08   accum. std. dev = 0.37884660E-08*
#   min/max. wt. =    0.00000            0.262622E-09           *
#                                                               *
#*************   chi**2/iteration =  215.6       ****************


#********** Integration by Vegas (iteration       8) ************
#                                                               *
#  integral  = 0.89335030E-05   accum. integral = 0.89287781E-05*
#  std. dev. = 0.50081253E-08   accum. std. dev = 0.29787989E-08*
#   min/max. wt. =    0.00000            0.418533E-09           *
#                                                               *
#*************   chi**2/iteration =  182.2       ****************


#********** Integration by Vegas (iteration       9) ************
#                                                               *
#  integral  = 0.89279268E-05   accum. integral = 0.89285265E-05*
#  std. dev. = 0.48313702E-08   accum. std. dev = 0.25144369E-08*
#   min/max. wt. =    0.00000            0.227541E-09           *
#                                                               *
#*************   chi**2/iteration =  157.6       ****************


#********** Integration by Vegas (iteration      10) ************
#                                                               *
#  integral  = 0.89277471E-05   accum. integral = 0.89283441E-05*
#  std. dev. = 0.47523341E-08   accum. std. dev = 0.22106701E-08*
#   min/max. wt. =    0.00000            0.151153E-09           *
#                                                               *
#*************   chi**2/iteration =  138.8       ****************


#********** Integration by Vegas (iteration      11) ************
#                                                               *
#  integral  = 0.89298666E-05   accum. integral = 0.89286243E-05*
#  std. dev. = 0.48420985E-08   accum. std. dev = 0.20043532E-08*
#   min/max. wt. =    0.00000            0.279834E-09           *
#                                                               *
#*************   chi**2/iteration =  124.0       ****************


#********** Integration by Vegas (iteration      12) ************
#                                                               *
#  integral  = 0.89312401E-05   accum. integral = 0.89290405E-05*
#  std. dev. = 0.47757642E-08   accum. std. dev = 0.18436624E-08*
#   min/max. wt. =    0.00000            0.316269E-09           *
#                                                               *
#*************   chi**2/iteration =  112.1       ****************


#********** Integration by Vegas (iteration      13) ************
#                                                               *
#  integral  = 0.89359753E-05   accum. integral = 0.89299889E-05*
#  std. dev. = 0.47889310E-08   accum. std. dev = 0.17174967E-08*
#   min/max. wt. =  -0.165707E-24        0.161213E-09           *
#                                                               *
#*************   chi**2/iteration =  102.4       ****************


#********** Integration by Vegas (iteration      14) ************
#                                                               *
#  integral  = 0.89244291E-05   accum. integral = 0.89293051E-05*
#  std. dev. = 0.47229930E-08   accum. std. dev = 0.16118873E-08*
#   min/max. wt. =    0.00000            0.311633E-09           *
#                                                               *
#*************   chi**2/iteration =  94.20       ****************


#********** Integration by Vegas (iteration      15) ************
#                                                               *
#  integral  = 0.89231424E-05   accum. integral = 0.89286579E-05*
#  std. dev. = 0.48345825E-08   accum. std. dev = 0.15277247E-08*
#   min/max. wt. =    0.00000            0.215714E-09           *
#                                                               *
#*************   chi**2/iteration =  87.26       ****************


  Input parameters for vegas:  ndim=  9   ncall= 80707214.
                              it=    0    itmx=    2
                              acc=-1.00    
                              mds=  1     nd=  50
                              (xl,xu)= (  0.00000     ,  1.00000     )
                                       (  0.00000     ,  1.00000     )
                                       (  0.00000     ,  1.00000     )
                                       (  0.00000     ,  1.00000     )
                                       (  0.00000     ,  1.00000     )
                                       (  0.00000     ,  1.00000     )
                                       (  0.00000     ,  1.00000     )
                                       (  0.00000     ,  1.00000     )
                                       (  0.00000     ,  1.00000     )

#********** Integration by Vegas (iteration       1) ************
#                                                               *
#  integral  = 0.89299851E-05   accum. integral = 0.89299851E-05*
#  std. dev. = 0.48250379E-08   accum. std. dev = 0.48250379E-08*
#   min/max. wt. =    0.00000            0.225692E-09           *
#                                                               *
#*************   chi**2/iteration = -.5552E-06   ****************


#********** Integration by Vegas (iteration       2) ************
#                                                               *
#  integral  = 0.89314811E-05   accum. integral = 0.89307323E-05*
#  std. dev. = 0.48307564E-08   accum. std. dev = 0.34138374E-08*
#   min/max. wt. =    0.00000            0.133270E-09           *
#                                                               *
#*************   chi**2/iteration = 0.4796E-01   ****************

 Done
