SLURM job running in:  /scratch/groups/lhc/park/JHUGen/JHUGenerator
LHAPDF 6.1.5 loading /work-zfs/lhc/cms/slc6_amd64_gcc493/external/lhapdf/6.1.5-kpegke3/share/LHAPDF/NNPDF30_lo_as_0130/NNPDF30_lo_as_0130_0000.dat
NNPDF30_lo_as_0130 PDF set, member #0, version 2; LHAPDF ID = 263000
 extending no. of histograms for vbf tests
 
                                                                                          
   ***************************************************************************************
   *                                JHU Generator v6.9.3                                 *
   ***************************************************************************************
   *                                                                                     *
   *   Spin and parity determination of single-produced resonances at hadron colliders   *
   *                                                                                     *
   *          I. Anderson, S. Bolognesi, F. Caola, Y. Gao, A. Gritsan, Z. Guo,           *
   *        C. Martin, K. Melnikov, R.Rontsch, H. Roskes, U. Sarica, M. Schulze,         *
   *                   N. Tran, A. Whitbeck, M. Xiao, C. You, Y. Zhou                    *
   *                Phys.Rev. D81 (2010) 075022;  arXiv:1001.3396 [hep-ph],              *
   *                Phys.Rev. D86 (2012) 095031;  arXiv:1208.4018 [hep-ph],              *
   *                Phys.Rev. D89 (2014) 035007;  arXiv:1309.4819 [hep-ph].              *
   *                                                                                     *
   ***************************************************************************************
                                                                                          
   
   Command line: ./JHUGen Unweighted=0 VegasNc0=99999999 VegasNc1=99999999 VegasNc2=99999999 LHAPDF=NNPDF30_lo_as_0130/NNPDF30_lo_as_0130.info MReso=1500 ghz1=0,0 ghz1_prime2=1,0 Process=60 pTjetcut=0 deltaRcut=0
   
   Input Parameter:
    Collider: P-P, sqrt(s)=13000.00
    Resonance: spin=0, mass=1500.00 width=   0.00407
    Z-boson: mass=91.188, width=2.4952
    W-boson: mass=80.399, width=2.0850
    Jet cuts:
            pT >=     0.00 GeV
        DeltaR >=     0.00
           mJJ >=     0.00 GeV
    Random seed:   877930582
    To reproduce results using this seed, JHUGen should be compiled with the same compiler:
      GNU Fortran (GCC) 4.9.3
    
    WidthScheme:   2
    LHAPDF set NNPDF30_lo_as_0130/NNPDF30_lo_as_0130.info, member=  0
    Unweighted: F
    
    spin-0-VV couplings: 
      generate_as=F
      ghg2=  0.10000000E+01  0.00000000E+00i
      ghg3=  0.00000000E+00  0.00000000E+00i
      ghg4=  0.00000000E+00  0.00000000E+00i
      ghz1=  0.00000000E+00  0.00000000E+00i
      ghz2=  0.00000000E+00  0.00000000E+00i
      ghz3=  0.00000000E+00  0.00000000E+00i
      ghz4=  0.00000000E+00  0.00000000E+00i
      ghz1_prime2=  0.10000000E+01  0.00000000E+00i,    Lambda_z1=  1.0000E+04
      Lambda=  1000.0
    
    LHE output: ./data/output.lhe
    Histogram output: ./data/output.dat
    Log file: ./data/output.log
    
  Running

  Input parameters for vegas:  ndim=  9   ncall= 80707214.
                              it=    0    itmx=   15
                              acc=-1.00    
                              mds=  1     nd=  50
                              (xl,xu)= (  0.00000     ,  1.00000     )
                                       (  0.00000     ,  1.00000     )
                                       (  0.00000     ,  1.00000     )
                                       (  0.00000     ,  1.00000     )
                                       (  0.00000     ,  1.00000     )
                                       (  0.00000     ,  1.00000     )
                                       (  0.00000     ,  1.00000     )
                                       (  0.00000     ,  1.00000     )
                                       (  0.00000     ,  1.00000     )

#********** Integration by Vegas (iteration       1) ************
#                                                               *
#  integral  = 0.32649110E-04   accum. integral = 0.32649110E-04*
#  std. dev. = 0.27487014E-04   accum. std. dev = 0.27487014E-04*
#   min/max. wt. =    0.00000            0.274786E-04           *
#                                                               *
#*************   chi**2/iteration =  0.000       ****************


#********** Integration by Vegas (iteration       2) ************
#                                                               *
#  integral  = 0.58116090E-05   accum. integral = 0.63213178E-05*
#  std. dev. = 0.68077948E-06   accum. std. dev = 0.27206716E-05*
#   min/max. wt. =    0.00000            0.515941E-06           *
#                                                               *
#*************   chi**2/iteration =  1.811       ****************


#********** Integration by Vegas (iteration       3) ************
#                                                               *
#  integral  = 0.84123213E-05   accum. integral = 0.79331646E-05*
#  std. dev. = 0.53215603E-06   accum. std. dev = 0.10970689E-05*
#   min/max. wt. =    0.00000            0.410926E-06           *
#                                                               *
#*************   chi**2/iteration =  1.598       ****************


#********** Integration by Vegas (iteration       4) ************
#                                                               *
#  integral  = 0.82306778E-05   accum. integral = 0.82262389E-05*
#  std. dev. = 0.56259204E-07   accum. std. dev = 0.11936251E-06*
#   min/max. wt. =    0.00000            0.241247E-07           *
#                                                               *
#*************   chi**2/iteration =  1.373       ****************


#********** Integration by Vegas (iteration       5) ************
#                                                               *
#  integral  = 0.82224078E-05   accum. integral = 0.82225688E-05*
#  std. dev. = 0.11679712E-07   accum. std. dev = 0.22468756E-07*
#   min/max. wt. =    0.00000            0.158562E-08           *
#                                                               *
#*************   chi**2/iteration =  1.221       ****************


#********** Integration by Vegas (iteration       6) ************
#                                                               *
#  integral  = 0.82462741E-05   accum. integral = 0.82410814E-05*
#  std. dev. = 0.60720242E-08   accum. std. dev = 0.98465238E-08*
#   min/max. wt. =    0.00000            0.397425E-09           *
#                                                               *
#*************   chi**2/iteration =  1.312       ****************


#********** Integration by Vegas (iteration       7) ************
#                                                               *
#  integral  = 0.82373353E-05   accum. integral = 0.82390019E-05*
#  std. dev. = 0.47986703E-08   accum. std. dev = 0.62288758E-08*
#   min/max. wt. =    0.00000            0.266831E-09           *
#                                                               *
#*************   chi**2/iteration =  1.231       ****************


#********** Integration by Vegas (iteration       8) ************
#                                                               *
#  integral  = 0.82368600E-05   accum. integral = 0.82381801E-05*
#  std. dev. = 0.45308483E-08   accum. std. dev = 0.46805273E-08*
#   min/max. wt. =    0.00000            0.161313E-09           *
#                                                               *
#*************   chi**2/iteration =  1.159       ****************


#********** Integration by Vegas (iteration       9) ************
#                                                               *
#  integral  = 0.82349661E-05   accum. integral = 0.82372599E-05*
#  std. dev. = 0.44300455E-08   accum. std. dev = 0.38107826E-08*
#   min/max. wt. =    0.00000            0.147214E-09           *
#                                                               *
#*************   chi**2/iteration =  1.110       ****************


#********** Integration by Vegas (iteration      10) ************
#                                                               *
#  integral  = 0.82371984E-05   accum. integral = 0.82372460E-05*
#  std. dev. = 0.43872306E-08   accum. std. dev = 0.32481395E-08*
#   min/max. wt. =    0.00000            0.128105E-09           *
#                                                               *
#*************   chi**2/iteration =  1.051       ****************


#********** Integration by Vegas (iteration      11) ************
#                                                               *
#  integral  = 0.82409728E-05   accum. integral = 0.82379353E-05*
#  std. dev. = 0.43805305E-08   accum. std. dev = 0.28530337E-08*
#   min/max. wt. =    0.00000            0.144006E-09           *
#                                                               *
#*************   chi**2/iteration =  1.025       ****************


#********** Integration by Vegas (iteration      12) ************
#                                                               *
#  integral  = 0.82294642E-05   accum. integral = 0.82366330E-05*
#  std. dev. = 0.44139914E-08   accum. std. dev = 0.25620207E-08*
#   min/max. wt. =    0.00000            0.294234E-09           *
#                                                               *
#*************   chi**2/iteration =  1.107       ****************


#********** Integration by Vegas (iteration      13) ************
#                                                               *
#  integral  = 0.82275461E-05   accum. integral = 0.82353814E-05*
#  std. dev. = 0.43293468E-08   accum. std. dev = 0.23287474E-08*
#   min/max. wt. =  -0.959163E-31        0.213945E-09           *
#                                                               *
#*************   chi**2/iteration =  1.210       ****************


#********** Integration by Vegas (iteration      14) ************
#                                                               *
#  integral  = 0.82346795E-05   accum. integral = 0.82352993E-05*
#  std. dev. = 0.44192811E-08   accum. std. dev = 0.21470870E-08*
#   min/max. wt. =    0.00000            0.198223E-09           *
#                                                               *
#*************   chi**2/iteration =  1.161       ****************


#********** Integration by Vegas (iteration      15) ************
#                                                               *
#  integral  = 0.82351197E-05   accum. integral = 0.82352807E-05*
#  std. dev. = 0.44448429E-08   accum. std. dev = 0.19983175E-08*
#   min/max. wt. =    0.00000            0.229196E-09           *
#                                                               *
#*************   chi**2/iteration =  1.116       ****************


  Input parameters for vegas:  ndim=  9   ncall= 80707214.
                              it=    0    itmx=    2
                              acc=-1.00    
                              mds=  1     nd=  50
                              (xl,xu)= (  0.00000     ,  1.00000     )
                                       (  0.00000     ,  1.00000     )
                                       (  0.00000     ,  1.00000     )
                                       (  0.00000     ,  1.00000     )
                                       (  0.00000     ,  1.00000     )
                                       (  0.00000     ,  1.00000     )
                                       (  0.00000     ,  1.00000     )
                                       (  0.00000     ,  1.00000     )
                                       (  0.00000     ,  1.00000     )

#********** Integration by Vegas (iteration       1) ************
#                                                               *
#  integral  = 0.82353852E-05   accum. integral = 0.82353852E-05*
#  std. dev. = 0.44201668E-08   accum. std. dev = 0.44201668E-08*
#   min/max. wt. =    0.00000            0.217539E-09           *
#                                                               *
#*************   chi**2/iteration =  0.000       ****************


#********** Integration by Vegas (iteration       2) ************
#                                                               *
#  integral  = 0.82340730E-05   accum. integral = 0.82347321E-05*
#  std. dev. = 0.44396421E-08   accum. std. dev = 0.31323917E-08*
#   min/max. wt. =    0.00000            0.141036E-09           *
#                                                               *
#*************   chi**2/iteration = 0.4383E-01   ****************

 Done
