SLURM job running in:  /scratch/groups/lhc/park/JHUGen/JHUGenerator
LHAPDF 6.1.5 loading /work-zfs/lhc/cms/slc6_amd64_gcc493/external/lhapdf/6.1.5-kpegke3/share/LHAPDF/NNPDF30_lo_as_0130/NNPDF30_lo_as_0130_0000.dat
NNPDF30_lo_as_0130 PDF set, member #0, version 2; LHAPDF ID = 263000
 extending no. of histograms for vbf tests
 
                                                                                          
   ***************************************************************************************
   *                                JHU Generator v6.9.3                                 *
   ***************************************************************************************
   *                                                                                     *
   *   Spin and parity determination of single-produced resonances at hadron colliders   *
   *                                                                                     *
   *          I. Anderson, S. Bolognesi, F. Caola, Y. Gao, A. Gritsan, Z. Guo,           *
   *        C. Martin, K. Melnikov, R.Rontsch, H. Roskes, U. Sarica, M. Schulze,         *
   *                   N. Tran, A. Whitbeck, M. Xiao, C. You, Y. Zhou                    *
   *                Phys.Rev. D81 (2010) 075022;  arXiv:1001.3396 [hep-ph],              *
   *                Phys.Rev. D86 (2012) 095031;  arXiv:1208.4018 [hep-ph],              *
   *                Phys.Rev. D89 (2014) 035007;  arXiv:1309.4819 [hep-ph].              *
   *                                                                                     *
   ***************************************************************************************
                                                                                          
   
   Command line: ./JHUGen Unweighted=0 VegasNc0=99999999 VegasNc1=99999999 VegasNc2=99999999 LHAPDF=NNPDF30_lo_as_0130/NNPDF30_lo_as_0130.info MReso=1650 ghz1=0,0 ghz1_prime2=1,0 Process=60 pTjetcut=0 deltaRcut=0
   
   Input Parameter:
    Collider: P-P, sqrt(s)=13000.00
    Resonance: spin=0, mass=1650.00 width=   0.00407
    Z-boson: mass=91.188, width=2.4952
    W-boson: mass=80.399, width=2.0850
    Jet cuts:
            pT >=     0.00 GeV
        DeltaR >=     0.00
           mJJ >=     0.00 GeV
    Random seed:   893823812
    To reproduce results using this seed, JHUGen should be compiled with the same compiler:
      GNU Fortran (GCC) 4.9.3
    
    WidthScheme:   2
    LHAPDF set NNPDF30_lo_as_0130/NNPDF30_lo_as_0130.info, member=  0
    Unweighted: F
    
    spin-0-VV couplings: 
      generate_as=F
      ghg2=  0.10000000E+01  0.00000000E+00i
      ghg3=  0.00000000E+00  0.00000000E+00i
      ghg4=  0.00000000E+00  0.00000000E+00i
      ghz1=  0.00000000E+00  0.00000000E+00i
      ghz2=  0.00000000E+00  0.00000000E+00i
      ghz3=  0.00000000E+00  0.00000000E+00i
      ghz4=  0.00000000E+00  0.00000000E+00i
      ghz1_prime2=  0.10000000E+01  0.00000000E+00i,    Lambda_z1=  1.0000E+04
      Lambda=  1000.0
    
    LHE output: ./data/output.lhe
    Histogram output: ./data/output.dat
    Log file: ./data/output.log
    
  Running

  Input parameters for vegas:  ndim=  9   ncall= 80707214.
                              it=    0    itmx=   15
                              acc=-1.00    
                              mds=  1     nd=  50
                              (xl,xu)= (  0.00000     ,  1.00000     )
                                       (  0.00000     ,  1.00000     )
                                       (  0.00000     ,  1.00000     )
                                       (  0.00000     ,  1.00000     )
                                       (  0.00000     ,  1.00000     )
                                       (  0.00000     ,  1.00000     )
                                       (  0.00000     ,  1.00000     )
                                       (  0.00000     ,  1.00000     )
                                       (  0.00000     ,  1.00000     )

#********** Integration by Vegas (iteration       1) ************
#                                                               *
#  integral  = 0.31097827E-05   accum. integral = 0.31097827E-05*
#  std. dev. = 0.60797740E-07   accum. std. dev = 0.60797740E-07*
#   min/max. wt. =    0.00000            0.486626E-07           *
#                                                               *
#*************   chi**2/iteration = -.4371E-09   ****************


#********** Integration by Vegas (iteration       2) ************
#                                                               *
#  integral  = 0.36994680E-05   accum. integral = 0.34202995E-05*
#  std. dev. = 0.68578394E-07   accum. std. dev = 0.45969759E-07*
#   min/max. wt. =    0.00000            0.290501E-07           *
#                                                               *
#*************   chi**2/iteration =  40.98       ****************


#********** Integration by Vegas (iteration       3) ************
#                                                               *
#  integral  = 0.59980109E-05   accum. integral = 0.37714344E-05*
#  std. dev. = 0.20317465E-06   accum. std. dev = 0.55599315E-07*
#   min/max. wt. =    0.00000            0.127059E-06           *
#                                                               *
#*************   chi**2/iteration =  138.5       ****************


#********** Integration by Vegas (iteration       4) ************
#                                                               *
#  integral  = 0.60834616E-05   accum. integral = 0.58487512E-05*
#  std. dev. = 0.25565114E-07   accum. std. dev = 0.19549176E-07*
#   min/max. wt. =  -0.449522E-21        0.701391E-08           *
#                                                               *
#*************   chi**2/iteration =  501.0       ****************


#********** Integration by Vegas (iteration       5) ************
#                                                               *
#  integral  = 0.60957666E-05   accum. integral = 0.60774866E-05*
#  std. dev. = 0.68644002E-08   accum. std. dev = 0.55993061E-08*
#   min/max. wt. =    0.00000            0.679465E-09           *
#                                                               *
#*************   chi**2/iteration =  372.3       ****************


#********** Integration by Vegas (iteration       6) ************
#                                                               *
#  integral  = 0.60939759E-05   accum. integral = 0.60891683E-05*
#  std. dev. = 0.42363078E-08   accum. std. dev = 0.31203248E-08*
#   min/max. wt. =    0.00000            0.395051E-09           *
#                                                               *
#*************   chi**2/iteration =  280.8       ****************


#********** Integration by Vegas (iteration       7) ************
#                                                               *
#  integral  = 0.60942241E-05   accum. integral = 0.60916866E-05*
#  std. dev. = 0.35794079E-08   accum. std. dev = 0.22583863E-08*
#   min/max. wt. =    0.00000            0.192520E-09           *
#                                                               *
#*************   chi**2/iteration =  224.4       ****************


#********** Integration by Vegas (iteration       8) ************
#                                                               *
#  integral  = 0.60889277E-05   accum. integral = 0.60906857E-05*
#  std. dev. = 0.33449587E-08   accum. std. dev = 0.18305939E-08*
#   min/max. wt. =    0.00000            0.144688E-09           *
#                                                               *
#*************   chi**2/iteration =  186.6       ****************


#********** Integration by Vegas (iteration       9) ************
#                                                               *
#  integral  = 0.60994326E-05   accum. integral = 0.60930625E-05*
#  std. dev. = 0.33041007E-08   accum. std. dev = 0.15808014E-08*
#   min/max. wt. =    0.00000            0.149615E-09           *
#                                                               *
#*************   chi**2/iteration =  160.2       ****************


#********** Integration by Vegas (iteration      10) ************
#                                                               *
#  integral  = 0.60979486E-05   accum. integral = 0.60941332E-05*
#  std. dev. = 0.32505551E-08   accum. std. dev = 0.14098743E-08*
#   min/max. wt. =    0.00000            0.145108E-09           *
#                                                               *
#*************   chi**2/iteration =  140.0       ****************


#********** Integration by Vegas (iteration      11) ************
#                                                               *
#  integral  = 0.60970621E-05   accum. integral = 0.60946553E-05*
#  std. dev. = 0.32664700E-08   accum. std. dev = 0.12875655E-08*
#   min/max. wt. =    0.00000            0.151439E-09           *
#                                                               *
#*************   chi**2/iteration =  124.3       ****************


#********** Integration by Vegas (iteration      12) ************
#                                                               *
#  integral  = 0.60927187E-05   accum. integral = 0.60943658E-05*
#  std. dev. = 0.32870750E-08   accum. std. dev = 0.11946087E-08*
#   min/max. wt. =    0.00000            0.227118E-09           *
#                                                               *
#*************   chi**2/iteration =  111.6       ****************


#********** Integration by Vegas (iteration      13) ************
#                                                               *
#  integral  = 0.60968379E-05   accum. integral = 0.60946874E-05*
#  std. dev. = 0.32886273E-08   accum. std. dev = 0.11198939E-08*
#   min/max. wt. =    0.00000            0.115418E-09           *
#                                                               *
#*************   chi**2/iteration =  101.3       ****************


#********** Integration by Vegas (iteration      14) ************
#                                                               *
#  integral  = 0.60938336E-05   accum. integral = 0.60945922E-05*
#  std. dev. = 0.33478061E-08   accum. std. dev = 0.10601938E-08*
#   min/max. wt. =    0.00000            0.237681E-09           *
#                                                               *
#*************   chi**2/iteration =  92.76       ****************


#********** Integration by Vegas (iteration      15) ************
#                                                               *
#  integral  = 0.60928918E-05   accum. integral = 0.60944202E-05*
#  std. dev. = 0.33301003E-08   accum. std. dev = 0.10088245E-08*
#   min/max. wt. =    0.00000            0.207035E-09           *
#                                                               *
#*************   chi**2/iteration =  85.52       ****************


  Input parameters for vegas:  ndim=  9   ncall= 80707214.
                              it=    0    itmx=    2
                              acc=-1.00    
                              mds=  1     nd=  50
                              (xl,xu)= (  0.00000     ,  1.00000     )
                                       (  0.00000     ,  1.00000     )
                                       (  0.00000     ,  1.00000     )
                                       (  0.00000     ,  1.00000     )
                                       (  0.00000     ,  1.00000     )
                                       (  0.00000     ,  1.00000     )
                                       (  0.00000     ,  1.00000     )
                                       (  0.00000     ,  1.00000     )
                                       (  0.00000     ,  1.00000     )

#********** Integration by Vegas (iteration       1) ************
#                                                               *
#  integral  = 0.60944265E-05   accum. integral = 0.60944265E-05*
#  std. dev. = 0.33856643E-08   accum. std. dev = 0.33856643E-08*
#   min/max. wt. =    0.00000            0.178993E-09           *
#                                                               *
#*************   chi**2/iteration =  0.000       ****************


#********** Integration by Vegas (iteration       2) ************
#                                                               *
#  integral  = 0.60984775E-05   accum. integral = 0.60964471E-05*
#  std. dev. = 0.33962122E-08   accum. std. dev = 0.23977492E-08*
#   min/max. wt. =    0.00000            0.224155E-09           *
#                                                               *
#*************   chi**2/iteration = 0.7129       ****************

 Done
