SLURM job running in:  /scratch/groups/lhc/park/JHUGen/JHUGenerator
LHAPDF 6.1.5 loading /work-zfs/lhc/cms/slc6_amd64_gcc493/external/lhapdf/6.1.5-kpegke3/share/LHAPDF/NNPDF30_lo_as_0130/NNPDF30_lo_as_0130_0000.dat
NNPDF30_lo_as_0130 PDF set, member #0, version 2; LHAPDF ID = 263000
 extending no. of histograms for vbf tests
 
                                                                                          
   ***************************************************************************************
   *                                JHU Generator v6.9.3                                 *
   ***************************************************************************************
   *                                                                                     *
   *   Spin and parity determination of single-produced resonances at hadron colliders   *
   *                                                                                     *
   *          I. Anderson, S. Bolognesi, F. Caola, Y. Gao, A. Gritsan, Z. Guo,           *
   *        C. Martin, K. Melnikov, R.Rontsch, H. Roskes, U. Sarica, M. Schulze,         *
   *                   N. Tran, A. Whitbeck, M. Xiao, C. You, Y. Zhou                    *
   *                Phys.Rev. D81 (2010) 075022;  arXiv:1001.3396 [hep-ph],              *
   *                Phys.Rev. D86 (2012) 095031;  arXiv:1208.4018 [hep-ph],              *
   *                Phys.Rev. D89 (2014) 035007;  arXiv:1309.4819 [hep-ph].              *
   *                                                                                     *
   ***************************************************************************************
                                                                                          
   
   Command line: ./JHUGen Unweighted=0 VegasNc0=99999999 VegasNc1=99999999 VegasNc2=99999999 LHAPDF=NNPDF30_lo_as_0130/NNPDF30_lo_as_0130.info MReso=184 ghz1=0,0 ghz1_prime2=1,0 Process=60 pTjetcut=0 deltaRcut=0
   
   Input Parameter:
    Collider: P-P, sqrt(s)=13000.00
    Resonance: spin=0, mass= 184.00 width=   0.00407
    Z-boson: mass=91.188, width=2.4952
    W-boson: mass=80.399, width=2.0850
    Jet cuts:
            pT >=     0.00 GeV
        DeltaR >=     0.00
           mJJ >=     0.00 GeV
    Random seed:   690070726
    To reproduce results using this seed, JHUGen should be compiled with the same compiler:
      GNU Fortran (GCC) 4.9.3
    
    WidthScheme:   2
    LHAPDF set NNPDF30_lo_as_0130/NNPDF30_lo_as_0130.info, member=  0
    Unweighted: F
    
    spin-0-VV couplings: 
      generate_as=F
      ghg2=  0.10000000E+01  0.00000000E+00i
      ghg3=  0.00000000E+00  0.00000000E+00i
      ghg4=  0.00000000E+00  0.00000000E+00i
      ghz1=  0.00000000E+00  0.00000000E+00i
      ghz2=  0.00000000E+00  0.00000000E+00i
      ghz3=  0.00000000E+00  0.00000000E+00i
      ghz4=  0.00000000E+00  0.00000000E+00i
      ghz1_prime2=  0.10000000E+01  0.00000000E+00i,    Lambda_z1=  1.0000E+04
      Lambda=  1000.0
    
    LHE output: ./data/output.lhe
    Histogram output: ./data/output.dat
    Log file: ./data/output.log
    
  Running

  Input parameters for vegas:  ndim=  9   ncall= 80707214.
                              it=    0    itmx=   15
                              acc=-1.00    
                              mds=  1     nd=  50
                              (xl,xu)= (  0.00000     ,  1.00000     )
                                       (  0.00000     ,  1.00000     )
                                       (  0.00000     ,  1.00000     )
                                       (  0.00000     ,  1.00000     )
                                       (  0.00000     ,  1.00000     )
                                       (  0.00000     ,  1.00000     )
                                       (  0.00000     ,  1.00000     )
                                       (  0.00000     ,  1.00000     )
                                       (  0.00000     ,  1.00000     )

#********** Integration by Vegas (iteration       1) ************
#                                                               *
#  integral  = 0.12066746E-03   accum. integral = 0.12066746E-03*
#  std. dev. = 0.80221153E-05   accum. std. dev = 0.80221153E-05*
#   min/max. wt. =    0.00000            0.647976E-05           *
#                                                               *
#*************   chi**2/iteration =  0.000       ****************


#********** Integration by Vegas (iteration       2) ************
#                                                               *
#  integral  = 0.15037263E-03   accum. integral = 0.14612543E-03*
#  std. dev. = 0.40832594E-05   accum. std. dev = 0.34271278E-05*
#   min/max. wt. =    0.00000            0.161429E-05           *
#                                                               *
#*************   chi**2/iteration =  9.197       ****************


#********** Integration by Vegas (iteration       3) ************
#                                                               *
#  integral  = 0.17067083E-03   accum. integral = 0.16788628E-03*
#  std. dev. = 0.15347340E-05   accum. std. dev = 0.12587121E-05*
#   min/max. wt. =  -0.134498E-17        0.644939E-06           *
#                                                               *
#*************   chi**2/iteration =  22.98       ****************


#********** Integration by Vegas (iteration       4) ************
#                                                               *
#  integral  = 0.17386838E-03   accum. integral = 0.17359806E-03*
#  std. dev. = 0.32026096E-06   accum. std. dev = 0.27960584E-06*
#   min/max. wt. =    0.00000            0.100947E-06           *
#                                                               *
#*************   chi**2/iteration =  20.61       ****************


#********** Integration by Vegas (iteration       5) ************
#                                                               *
#  integral  = 0.17379556E-03   accum. integral = 0.17376476E-03*
#  std. dev. = 0.13444101E-06   accum. std. dev = 0.11314921E-06*
#   min/max. wt. =    0.00000            0.142667E-07           *
#                                                               *
#*************   chi**2/iteration =  14.82       ****************


#********** Integration by Vegas (iteration       6) ************
#                                                               *
#  integral  = 0.17377077E-03   accum. integral = 0.17376827E-03*
#  std. dev. = 0.10414769E-06   accum. std. dev = 0.74098109E-07*
#   min/max. wt. =    0.00000            0.113427E-07           *
#                                                               *
#*************   chi**2/iteration =  11.49       ****************


#********** Integration by Vegas (iteration       7) ************
#                                                               *
#  integral  = 0.17376422E-03   accum. integral = 0.17376662E-03*
#  std. dev. = 0.96186554E-07   accum. std. dev = 0.57707731E-07*
#   min/max. wt. =    0.00000            0.618860E-08           *
#                                                               *
#*************   chi**2/iteration =  9.370       ****************


#********** Integration by Vegas (iteration       8) ************
#                                                               *
#  integral  = 0.17369818E-03   accum. integral = 0.17374559E-03*
#  std. dev. = 0.92044753E-07   accum. std. dev = 0.48413836E-07*
#   min/max. wt. =    0.00000            0.677416E-08           *
#                                                               *
#*************   chi**2/iteration =  7.966       ****************


#********** Integration by Vegas (iteration       9) ************
#                                                               *
#  integral  = 0.17353939E-03   accum. integral = 0.17369612E-03*
#  std. dev. = 0.90732379E-07   accum. std. dev = 0.42462203E-07*
#   min/max. wt. =  -0.915447E-26        0.605361E-08           *
#                                                               *
#*************   chi**2/iteration =  7.424       ****************


#********** Integration by Vegas (iteration      10) ************
#                                                               *
#  integral  = 0.17369296E-03   accum. integral = 0.17369551E-03*
#  std. dev. = 0.90739404E-07   accum. std. dev = 0.38312525E-07*
#   min/max. wt. =  -0.122373E-25        0.101643E-07           *
#                                                               *
#*************   chi**2/iteration =  6.536       ****************


#********** Integration by Vegas (iteration      11) ************
#                                                               *
#  integral  = 0.17383780E-03   accum. integral = 0.17371927E-03*
#  std. dev. = 0.89277125E-07   accum. std. dev = 0.35107872E-07*
#   min/max. wt. =  -0.105586E-41        0.312912E-08           *
#                                                               *
#*************   chi**2/iteration =  6.064       ****************


#********** Integration by Vegas (iteration      12) ************
#                                                               *
#  integral  = 0.17378644E-03   accum. integral = 0.17372892E-03*
#  std. dev. = 0.89056031E-07   accum. std. dev = 0.32595847E-07*
#   min/max. wt. =  -0.189744E-24        0.313189E-08           *
#                                                               *
#*************   chi**2/iteration =  5.524       ****************


#********** Integration by Vegas (iteration      13) ************
#                                                               *
#  integral  = 0.17370163E-03   accum. integral = 0.17372550E-03*
#  std. dev. = 0.89089310E-07   accum. std. dev = 0.30566776E-07*
#   min/max. wt. =  -0.196212E-23        0.557213E-08           *
#                                                               *
#*************   chi**2/iteration =  5.043       ****************


#********** Integration by Vegas (iteration      14) ************
#                                                               *
#  integral  = 0.17373955E-03   accum. integral = 0.17372705E-03*
#  std. dev. = 0.89456421E-07   accum. std. dev = 0.28893488E-07*
#   min/max. wt. =    0.00000            0.533396E-08           *
#                                                               *
#*************   chi**2/iteration =  4.635       ****************


#********** Integration by Vegas (iteration      15) ************
#                                                               *
#  integral  = 0.17357338E-03   accum. integral = 0.17371194E-03*
#  std. dev. = 0.90020118E-07   accum. std. dev = 0.27489609E-07*
#   min/max. wt. =    0.00000            0.383906E-08           *
#                                                               *
#*************   chi**2/iteration =  4.485       ****************


  Input parameters for vegas:  ndim=  9   ncall= 80707214.
                              it=    0    itmx=    2
                              acc=-1.00    
                              mds=  1     nd=  50
                              (xl,xu)= (  0.00000     ,  1.00000     )
                                       (  0.00000     ,  1.00000     )
                                       (  0.00000     ,  1.00000     )
                                       (  0.00000     ,  1.00000     )
                                       (  0.00000     ,  1.00000     )
                                       (  0.00000     ,  1.00000     )
                                       (  0.00000     ,  1.00000     )
                                       (  0.00000     ,  1.00000     )
                                       (  0.00000     ,  1.00000     )

#********** Integration by Vegas (iteration       1) ************
#                                                               *
#  integral  = 0.17366246E-03   accum. integral = 0.17366246E-03*
#  std. dev. = 0.91355791E-07   accum. std. dev = 0.91355791E-07*
#   min/max. wt. =    0.00000            0.354776E-08           *
#                                                               *
#*************   chi**2/iteration =  0.000       ****************


#********** Integration by Vegas (iteration       2) ************
#                                                               *
#  integral  = 0.17377722E-03   accum. integral = 0.17371874E-03*
#  std. dev. = 0.93182911E-07   accum. std. dev = 0.65235117E-07*
#   min/max. wt. =    0.00000            0.400019E-08           *
#                                                               *
#*************   chi**2/iteration = 0.7726       ****************

 Done
