SLURM job running in:  /scratch/groups/lhc/park/JHUGen/JHUGenerator
LHAPDF 6.1.5 loading /work-zfs/lhc/cms/slc6_amd64_gcc493/external/lhapdf/6.1.5-kpegke3/share/LHAPDF/NNPDF30_lo_as_0130/NNPDF30_lo_as_0130_0000.dat
NNPDF30_lo_as_0130 PDF set, member #0, version 2; LHAPDF ID = 263000
 extending no. of histograms for vbf tests
 
                                                                                          
   ***************************************************************************************
   *                                JHU Generator v6.9.3                                 *
   ***************************************************************************************
   *                                                                                     *
   *   Spin and parity determination of single-produced resonances at hadron colliders   *
   *                                                                                     *
   *          I. Anderson, S. Bolognesi, F. Caola, Y. Gao, A. Gritsan, Z. Guo,           *
   *        C. Martin, K. Melnikov, R.Rontsch, H. Roskes, U. Sarica, M. Schulze,         *
   *                   N. Tran, A. Whitbeck, M. Xiao, C. You, Y. Zhou                    *
   *                Phys.Rev. D81 (2010) 075022;  arXiv:1001.3396 [hep-ph],              *
   *                Phys.Rev. D86 (2012) 095031;  arXiv:1208.4018 [hep-ph],              *
   *                Phys.Rev. D89 (2014) 035007;  arXiv:1309.4819 [hep-ph].              *
   *                                                                                     *
   ***************************************************************************************
                                                                                          
   
   Command line: ./JHUGen Unweighted=0 VegasNc0=99999999 VegasNc1=99999999 VegasNc2=99999999 LHAPDF=NNPDF30_lo_as_0130/NNPDF30_lo_as_0130.info MReso=204 ghz1=0,0 ghz1_prime2=1,0 Process=60 pTjetcut=0 deltaRcut=0
   
   Input Parameter:
    Collider: P-P, sqrt(s)=13000.00
    Resonance: spin=0, mass= 204.00 width=   0.00407
    Z-boson: mass=91.188, width=2.4952
    W-boson: mass=80.399, width=2.0850
    Jet cuts:
            pT >=     0.00 GeV
        DeltaR >=     0.00
           mJJ >=     0.00 GeV
    Random seed:   713710175
    To reproduce results using this seed, JHUGen should be compiled with the same compiler:
      GNU Fortran (GCC) 4.9.3
    
    WidthScheme:   2
    LHAPDF set NNPDF30_lo_as_0130/NNPDF30_lo_as_0130.info, member=  0
    Unweighted: F
    
    spin-0-VV couplings: 
      generate_as=F
      ghg2=  0.10000000E+01  0.00000000E+00i
      ghg3=  0.00000000E+00  0.00000000E+00i
      ghg4=  0.00000000E+00  0.00000000E+00i
      ghz1=  0.00000000E+00  0.00000000E+00i
      ghz2=  0.00000000E+00  0.00000000E+00i
      ghz3=  0.00000000E+00  0.00000000E+00i
      ghz4=  0.00000000E+00  0.00000000E+00i
      ghz1_prime2=  0.10000000E+01  0.00000000E+00i,    Lambda_z1=  1.0000E+04
      Lambda=  1000.0
    
    LHE output: ./data/output.lhe
    Histogram output: ./data/output.dat
    Log file: ./data/output.log
    
  Running

  Input parameters for vegas:  ndim=  9   ncall= 80707214.
                              it=    0    itmx=   15
                              acc=-1.00    
                              mds=  1     nd=  50
                              (xl,xu)= (  0.00000     ,  1.00000     )
                                       (  0.00000     ,  1.00000     )
                                       (  0.00000     ,  1.00000     )
                                       (  0.00000     ,  1.00000     )
                                       (  0.00000     ,  1.00000     )
                                       (  0.00000     ,  1.00000     )
                                       (  0.00000     ,  1.00000     )
                                       (  0.00000     ,  1.00000     )
                                       (  0.00000     ,  1.00000     )

#********** Integration by Vegas (iteration       1) ************
#                                                               *
#  integral  = 0.10578894E-03   accum. integral = 0.10578894E-03*
#  std. dev. = 0.53890851E-05   accum. std. dev = 0.53890851E-05*
#   min/max. wt. =    0.00000            0.470556E-05           *
#                                                               *
#*************   chi**2/iteration = 0.5696E-10   ****************


#********** Integration by Vegas (iteration       2) ************
#                                                               *
#  integral  = 0.15163511E-03   accum. integral = 0.12396562E-03*
#  std. dev. = 0.95305496E-05   accum. std. dev = 0.51739655E-05*
#   min/max. wt. =    0.00000            0.813806E-05           *
#                                                               *
#*************   chi**2/iteration =  18.77       ****************


#********** Integration by Vegas (iteration       3) ************
#                                                               *
#  integral  = 0.16296834E-03   accum. integral = 0.15938684E-03*
#  std. dev. = 0.20508214E-05   accum. std. dev = 0.17064638E-05*
#   min/max. wt. =    0.00000            0.120964E-05           *
#                                                               *
#*************   chi**2/iteration =  29.70       ****************


#********** Integration by Vegas (iteration       4) ************
#                                                               *
#  integral  = 0.16375789E-03   accum. integral = 0.16362973E-03*
#  std. dev. = 0.34130956E-06   accum. std. dev = 0.30381340E-06*
#   min/max. wt. =    0.00000            0.672476E-07           *
#                                                               *
#*************   chi**2/iteration =  20.28       ****************


#********** Integration by Vegas (iteration       5) ************
#                                                               *
#  integral  = 0.16381549E-03   accum. integral = 0.16378879E-03*
#  std. dev. = 0.13782366E-06   accum. std. dev = 0.11775818E-06*
#   min/max. wt. =    0.00000            0.163492E-07           *
#                                                               *
#*************   chi**2/iteration =  14.63       ****************


#********** Integration by Vegas (iteration       6) ************
#                                                               *
#  integral  = 0.16377451E-03   accum. integral = 0.16378001E-03*
#  std. dev. = 0.10091396E-06   accum. std. dev = 0.74123689E-07*
#   min/max. wt. =  -0.218902E-26        0.492751E-08           *
#                                                               *
#*************   chi**2/iteration =  11.38       ****************


#********** Integration by Vegas (iteration       7) ************
#                                                               *
#  integral  = 0.16375735E-03   accum. integral = 0.16377026E-03*
#  std. dev. = 0.91060002E-07   accum. std. dev = 0.56507288E-07*
#   min/max. wt. =    0.00000            0.661795E-08           *
#                                                               *
#*************   chi**2/iteration =  9.304       ****************


#********** Integration by Vegas (iteration       8) ************
#                                                               *
#  integral  = 0.16365807E-03   accum. integral = 0.16373434E-03*
#  std. dev. = 0.86967616E-07   accum. std. dev = 0.46925647E-07*
#   min/max. wt. =    0.00000            0.475197E-08           *
#                                                               *
#*************   chi**2/iteration =  8.039       ****************


#********** Integration by Vegas (iteration       9) ************
#                                                               *
#  integral  = 0.16360287E-03   accum. integral = 0.16370130E-03*
#  std. dev. = 0.84924646E-07   accum. std. dev = 0.40827579E-07*
#   min/max. wt. =    0.00000            0.443509E-08           *
#                                                               *
#*************   chi**2/iteration =  7.202       ****************


#********** Integration by Vegas (iteration      10) ************
#                                                               *
#  integral  = 0.16372618E-03   accum. integral = 0.16370630E-03*
#  std. dev. = 0.85021054E-07   accum. std. dev = 0.36663351E-07*
#   min/max. wt. =  -0.917398E-26        0.135187E-07           *
#                                                               *
#*************   chi**2/iteration =  6.353       ****************


#********** Integration by Vegas (iteration      11) ************
#                                                               *
#  integral  = 0.16359002E-03   accum. integral = 0.16368681E-03*
#  std. dev. = 0.84826377E-07   accum. std. dev = 0.33568682E-07*
#   min/max. wt. =    0.00000            0.300860E-08           *
#                                                               *
#*************   chi**2/iteration =  5.846       ****************


#********** Integration by Vegas (iteration      12) ************
#                                                               *
#  integral  = 0.16357070E-03   accum. integral = 0.16367001E-03*
#  std. dev. = 0.84409023E-07   accum. std. dev = 0.31135210E-07*
#   min/max. wt. =  -0.255647E-24        0.590634E-08           *
#                                                               *
#*************   chi**2/iteration =  5.440       ****************


#********** Integration by Vegas (iteration      13) ************
#                                                               *
#  integral  = 0.16372110E-03   accum. integral = 0.16367647E-03*
#  std. dev. = 0.84480771E-07   accum. std. dev = 0.29173834E-07*
#   min/max. wt. =  -0.662703E-33        0.303561E-08           *
#                                                               *
#*************   chi**2/iteration =  4.990       ****************


#********** Integration by Vegas (iteration      14) ************
#                                                               *
#  integral  = 0.16361752E-03   accum. integral = 0.16366989E-03*
#  std. dev. = 0.84682660E-07   accum. std. dev = 0.27554951E-07*
#   min/max. wt. =  -0.392792E-28        0.215114E-08           *
#                                                               *
#*************   chi**2/iteration =  4.622       ****************


#********** Integration by Vegas (iteration      15) ************
#                                                               *
#  integral  = 0.16374398E-03   accum. integral = 0.16367723E-03*
#  std. dev. = 0.85383829E-07   accum. std. dev = 0.26203039E-07*
#   min/max. wt. =  -0.149382E-22        0.247933E-08           *
#                                                               *
#*************   chi**2/iteration =  4.327       ****************


  Input parameters for vegas:  ndim=  9   ncall= 80707214.
                              it=    0    itmx=    2
                              acc=-1.00    
                              mds=  1     nd=  50
                              (xl,xu)= (  0.00000     ,  1.00000     )
                                       (  0.00000     ,  1.00000     )
                                       (  0.00000     ,  1.00000     )
                                       (  0.00000     ,  1.00000     )
                                       (  0.00000     ,  1.00000     )
                                       (  0.00000     ,  1.00000     )
                                       (  0.00000     ,  1.00000     )
                                       (  0.00000     ,  1.00000     )
                                       (  0.00000     ,  1.00000     )

#********** Integration by Vegas (iteration       1) ************
#                                                               *
#  integral  = 0.16355716E-03   accum. integral = 0.16355716E-03*
#  std. dev. = 0.85919339E-07   accum. std. dev = 0.85919339E-07*
#   min/max. wt. =  -0.145092E-27        0.415190E-08           *
#                                                               *
#*************   chi**2/iteration =  0.000       ****************


#********** Integration by Vegas (iteration       2) ************
#                                                               *
#  integral  = 0.16372749E-03   accum. integral = 0.16364152E-03*
#  std. dev. = 0.86821782E-07   accum. std. dev = 0.61071041E-07*
#   min/max. wt. =    0.00000            0.274704E-08           *
#                                                               *
#*************   chi**2/iteration =  1.942       ****************

 Done
