SLURM job running in:  /scratch/groups/lhc/park/JHUGen/JHUGenerator
LHAPDF 6.1.5 loading /work-zfs/lhc/cms/slc6_amd64_gcc493/external/lhapdf/6.1.5-kpegke3/share/LHAPDF/NNPDF30_lo_as_0130/NNPDF30_lo_as_0130_0000.dat
NNPDF30_lo_as_0130 PDF set, member #0, version 2; LHAPDF ID = 263000
 extending no. of histograms for vbf tests
 
                                                                                          
   ***************************************************************************************
   *                                JHU Generator v6.9.3                                 *
   ***************************************************************************************
   *                                                                                     *
   *   Spin and parity determination of single-produced resonances at hadron colliders   *
   *                                                                                     *
   *          I. Anderson, S. Bolognesi, F. Caola, Y. Gao, A. Gritsan, Z. Guo,           *
   *        C. Martin, K. Melnikov, R.Rontsch, H. Roskes, U. Sarica, M. Schulze,         *
   *                   N. Tran, A. Whitbeck, M. Xiao, C. You, Y. Zhou                    *
   *                Phys.Rev. D81 (2010) 075022;  arXiv:1001.3396 [hep-ph],              *
   *                Phys.Rev. D86 (2012) 095031;  arXiv:1208.4018 [hep-ph],              *
   *                Phys.Rev. D89 (2014) 035007;  arXiv:1309.4819 [hep-ph].              *
   *                                                                                     *
   ***************************************************************************************
                                                                                          
   
   Command line: ./JHUGen Unweighted=0 VegasNc0=99999999 VegasNc1=99999999 VegasNc2=99999999 LHAPDF=NNPDF30_lo_as_0130/NNPDF30_lo_as_0130.info MReso=214 ghz1=0,0 ghz1_prime2=1,0 Process=60 pTjetcut=0 deltaRcut=0
   
   Input Parameter:
    Collider: P-P, sqrt(s)=13000.00
    Resonance: spin=0, mass= 214.00 width=   0.00407
    Z-boson: mass=91.188, width=2.4952
    W-boson: mass=80.399, width=2.0850
    Jet cuts:
            pT >=     0.00 GeV
        DeltaR >=     0.00
           mJJ >=     0.00 GeV
    Random seed:   892175119
    To reproduce results using this seed, JHUGen should be compiled with the same compiler:
      GNU Fortran (GCC) 4.9.3
    
    WidthScheme:   2
    LHAPDF set NNPDF30_lo_as_0130/NNPDF30_lo_as_0130.info, member=  0
    Unweighted: F
    
    spin-0-VV couplings: 
      generate_as=F
      ghg2=  0.10000000E+01  0.00000000E+00i
      ghg3=  0.00000000E+00  0.00000000E+00i
      ghg4=  0.00000000E+00  0.00000000E+00i
      ghz1=  0.00000000E+00  0.00000000E+00i
      ghz2=  0.00000000E+00  0.00000000E+00i
      ghz3=  0.00000000E+00  0.00000000E+00i
      ghz4=  0.00000000E+00  0.00000000E+00i
      ghz1_prime2=  0.10000000E+01  0.00000000E+00i,    Lambda_z1=  1.0000E+04
      Lambda=  1000.0
    
    LHE output: ./data/output.lhe
    Histogram output: ./data/output.dat
    Log file: ./data/output.log
    
  Running

  Input parameters for vegas:  ndim=  9   ncall= 80707214.
                              it=    0    itmx=   15
                              acc=-1.00    
                              mds=  1     nd=  50
                              (xl,xu)= (  0.00000     ,  1.00000     )
                                       (  0.00000     ,  1.00000     )
                                       (  0.00000     ,  1.00000     )
                                       (  0.00000     ,  1.00000     )
                                       (  0.00000     ,  1.00000     )
                                       (  0.00000     ,  1.00000     )
                                       (  0.00000     ,  1.00000     )
                                       (  0.00000     ,  1.00000     )
                                       (  0.00000     ,  1.00000     )

#********** Integration by Vegas (iteration       1) ************
#                                                               *
#  integral  = 0.11597865E-03   accum. integral = 0.11597865E-03*
#  std. dev. = 0.95117719E-05   accum. std. dev = 0.95117719E-05*
#   min/max. wt. =    0.00000            0.708585E-05           *
#                                                               *
#*************   chi**2/iteration = 0.3657E-10   ****************


#********** Integration by Vegas (iteration       2) ************
#                                                               *
#  integral  = 0.14961588E-03   accum. integral = 0.14085406E-03*
#  std. dev. = 0.72823774E-05   accum. std. dev = 0.56029275E-05*
#   min/max. wt. =    0.00000            0.575151E-05           *
#                                                               *
#*************   chi**2/iteration =  6.936       ****************


#********** Integration by Vegas (iteration       3) ************
#                                                               *
#  integral  = 0.16054417E-03   accum. integral = 0.15842812E-03*
#  std. dev. = 0.23318028E-05   accum. std. dev = 0.19664170E-05*
#   min/max. wt. =  -0.100230E-18        0.156989E-05           *
#                                                               *
#*************   chi**2/iteration =  7.833       ****************


#********** Integration by Vegas (iteration       4) ************
#                                                               *
#  integral  = 0.15888336E-03   accum. integral = 0.15887243E-03*
#  std. dev. = 0.34196694E-06   accum. std. dev = 0.31332390E-06*
#   min/max. wt. =    0.00000            0.107450E-06           *
#                                                               *
#*************   chi**2/iteration =  4.957       ****************


#********** Integration by Vegas (iteration       5) ************
#                                                               *
#  integral  = 0.15894936E-03   accum. integral = 0.15893910E-03*
#  std. dev. = 0.13258634E-06   accum. std. dev = 0.11628184E-06*
#   min/max. wt. =    0.00000            0.156723E-07           *
#                                                               *
#*************   chi**2/iteration =  3.613       ****************


#********** Integration by Vegas (iteration       6) ************
#                                                               *
#  integral  = 0.15890265E-03   accum. integral = 0.15891631E-03*
#  std. dev. = 0.95515151E-07   accum. std. dev = 0.71921628E-07*
#   min/max. wt. =    0.00000            0.525793E-08           *
#                                                               *
#*************   chi**2/iteration =  2.843       ****************


#********** Integration by Vegas (iteration       7) ************
#                                                               *
#  integral  = 0.15880833E-03   accum. integral = 0.15887013E-03*
#  std. dev. = 0.87333196E-07   accum. std. dev = 0.54806324E-07*
#   min/max. wt. =    0.00000            0.118862E-07           *
#                                                               *
#*************   chi**2/iteration =  2.494       ****************


#********** Integration by Vegas (iteration       8) ************
#                                                               *
#  integral  = 0.15881834E-03   accum. integral = 0.15885368E-03*
#  std. dev. = 0.83708962E-07   accum. std. dev = 0.45515291E-07*
#   min/max. wt. =    0.00000            0.380290E-08           *
#                                                               *
#*************   chi**2/iteration =  2.155       ****************


#********** Integration by Vegas (iteration       9) ************
#                                                               *
#  integral  = 0.15891536E-03   accum. integral = 0.15886922E-03*
#  std. dev. = 0.81335486E-07   accum. std. dev = 0.39530586E-07*
#   min/max. wt. =    0.00000            0.520149E-08           *
#                                                               *
#*************   chi**2/iteration =  1.927       ****************


#********** Integration by Vegas (iteration      10) ************
#                                                               *
#  integral  = 0.15902930E-03   accum. integral = 0.15890160E-03*
#  std. dev. = 0.81150732E-07   accum. std. dev = 0.35428279E-07*
#   min/max. wt. =    0.00000            0.488947E-08           *
#                                                               *
#*************   chi**2/iteration =  2.067       ****************


#********** Integration by Vegas (iteration      11) ************
#                                                               *
#  integral  = 0.15881780E-03   accum. integral = 0.15888766E-03*
#  std. dev. = 0.81593995E-07   accum. std. dev = 0.32433588E-07*
#   min/max. wt. =    0.00000            0.358997E-08           *
#                                                               *
#*************   chi**2/iteration =  1.943       ****************


#********** Integration by Vegas (iteration      12) ************
#                                                               *
#  integral  = 0.15877925E-03   accum. integral = 0.15887228E-03*
#  std. dev. = 0.81831725E-07   accum. std. dev = 0.30110744E-07*
#   min/max. wt. =    0.00000            0.542952E-08           *
#                                                               *
#*************   chi**2/iteration =  1.902       ****************


#********** Integration by Vegas (iteration      13) ************
#                                                               *
#  integral  = 0.15903154E-03   accum. integral = 0.15889181E-03*
#  std. dev. = 0.82565404E-07   accum. std. dev = 0.28259322E-07*
#   min/max. wt. =    0.00000            0.298175E-08           *
#                                                               *
#*************   chi**2/iteration =  2.022       ****************


#********** Integration by Vegas (iteration      14) ************
#                                                               *
#  integral  = 0.15876321E-03   accum. integral = 0.15887766E-03*
#  std. dev. = 0.82092813E-07   accum. std. dev = 0.26700591E-07*
#   min/max. wt. =    0.00000            0.249452E-08           *
#                                                               *
#*************   chi**2/iteration =  2.035       ****************


#********** Integration by Vegas (iteration      15) ************
#                                                               *
#  integral  = 0.15896812E-03   accum. integral = 0.15888652E-03*
#  std. dev. = 0.82756826E-07   accum. std. dev = 0.25395805E-07*
#   min/max. wt. =    0.00000            0.265518E-08           *
#                                                               *
#*************   chi**2/iteration =  1.965       ****************


  Input parameters for vegas:  ndim=  9   ncall= 80707214.
                              it=    0    itmx=    2
                              acc=-1.00    
                              mds=  1     nd=  50
                              (xl,xu)= (  0.00000     ,  1.00000     )
                                       (  0.00000     ,  1.00000     )
                                       (  0.00000     ,  1.00000     )
                                       (  0.00000     ,  1.00000     )
                                       (  0.00000     ,  1.00000     )
                                       (  0.00000     ,  1.00000     )
                                       (  0.00000     ,  1.00000     )
                                       (  0.00000     ,  1.00000     )
                                       (  0.00000     ,  1.00000     )

#********** Integration by Vegas (iteration       1) ************
#                                                               *
#  integral  = 0.15870993E-03   accum. integral = 0.15870993E-03*
#  std. dev. = 0.84177207E-07   accum. std. dev = 0.84177207E-07*
#   min/max. wt. =    0.00000            0.496308E-08           *
#                                                               *
#*************   chi**2/iteration =  0.000       ****************


#********** Integration by Vegas (iteration       2) ************
#                                                               *
#  integral  = 0.15883955E-03   accum. integral = 0.15877392E-03*
#  std. dev. = 0.85314618E-07   accum. std. dev = 0.59920690E-07*
#   min/max. wt. =    0.00000            0.278394E-08           *
#                                                               *
#*************   chi**2/iteration =  1.169       ****************

 Done
