SLURM job running in:  /scratch/groups/lhc/park/JHUGen/JHUGenerator
LHAPDF 6.1.5 loading /work-zfs/lhc/cms/slc6_amd64_gcc493/external/lhapdf/6.1.5-kpegke3/share/LHAPDF/NNPDF30_lo_as_0130/NNPDF30_lo_as_0130_0000.dat
NNPDF30_lo_as_0130 PDF set, member #0, version 2; LHAPDF ID = 263000
 extending no. of histograms for vbf tests
 
                                                                                          
   ***************************************************************************************
   *                                JHU Generator v6.9.3                                 *
   ***************************************************************************************
   *                                                                                     *
   *   Spin and parity determination of single-produced resonances at hadron colliders   *
   *                                                                                     *
   *          I. Anderson, S. Bolognesi, F. Caola, Y. Gao, A. Gritsan, Z. Guo,           *
   *        C. Martin, K. Melnikov, R.Rontsch, H. Roskes, U. Sarica, M. Schulze,         *
   *                   N. Tran, A. Whitbeck, M. Xiao, C. You, Y. Zhou                    *
   *                Phys.Rev. D81 (2010) 075022;  arXiv:1001.3396 [hep-ph],              *
   *                Phys.Rev. D86 (2012) 095031;  arXiv:1208.4018 [hep-ph],              *
   *                Phys.Rev. D89 (2014) 035007;  arXiv:1309.4819 [hep-ph].              *
   *                                                                                     *
   ***************************************************************************************
                                                                                          
   
   Command line: ./JHUGen Unweighted=0 VegasNc0=99999999 VegasNc1=99999999 VegasNc2=99999999 LHAPDF=NNPDF30_lo_as_0130/NNPDF30_lo_as_0130.info MReso=218 ghz1=0,0 ghz1_prime2=1,0 Process=60 pTjetcut=0 deltaRcut=0
   
   Input Parameter:
    Collider: P-P, sqrt(s)=13000.00
    Resonance: spin=0, mass= 218.00 width=   0.00407
    Z-boson: mass=91.188, width=2.4952
    W-boson: mass=80.399, width=2.0850
    Jet cuts:
            pT >=     0.00 GeV
        DeltaR >=     0.00
           mJJ >=     0.00 GeV
    Random seed:   258711490
    To reproduce results using this seed, JHUGen should be compiled with the same compiler:
      GNU Fortran (GCC) 4.9.3
    
    WidthScheme:   2
    LHAPDF set NNPDF30_lo_as_0130/NNPDF30_lo_as_0130.info, member=  0
    Unweighted: F
    
    spin-0-VV couplings: 
      generate_as=F
      ghg2=  0.10000000E+01  0.00000000E+00i
      ghg3=  0.00000000E+00  0.00000000E+00i
      ghg4=  0.00000000E+00  0.00000000E+00i
      ghz1=  0.00000000E+00  0.00000000E+00i
      ghz2=  0.00000000E+00  0.00000000E+00i
      ghz3=  0.00000000E+00  0.00000000E+00i
      ghz4=  0.00000000E+00  0.00000000E+00i
      ghz1_prime2=  0.10000000E+01  0.00000000E+00i,    Lambda_z1=  1.0000E+04
      Lambda=  1000.0
    
    LHE output: ./data/output.lhe
    Histogram output: ./data/output.dat
    Log file: ./data/output.log
    
  Running

  Input parameters for vegas:  ndim=  9   ncall= 80707214.
                              it=    0    itmx=   15
                              acc=-1.00    
                              mds=  1     nd=  50
                              (xl,xu)= (  0.00000     ,  1.00000     )
                                       (  0.00000     ,  1.00000     )
                                       (  0.00000     ,  1.00000     )
                                       (  0.00000     ,  1.00000     )
                                       (  0.00000     ,  1.00000     )
                                       (  0.00000     ,  1.00000     )
                                       (  0.00000     ,  1.00000     )
                                       (  0.00000     ,  1.00000     )
                                       (  0.00000     ,  1.00000     )

#********** Integration by Vegas (iteration       1) ************
#                                                               *
#  integral  = 0.95537935E-04   accum. integral = 0.95537935E-04*
#  std. dev. = 0.40214791E-05   accum. std. dev = 0.40214791E-05*
#   min/max. wt. =    0.00000            0.357518E-05           *
#                                                               *
#*************   chi**2/iteration =  0.000       ****************


#********** Integration by Vegas (iteration       2) ************
#                                                               *
#  integral  = 0.17902169E-03   accum. integral = 0.99068562E-04*
#  std. dev. = 0.35859762E-04   accum. std. dev = 0.59106490E-05*
#   min/max. wt. =    0.00000            0.347976E-04           *
#                                                               *
#*************   chi**2/iteration =  8.072       ****************


#********** Integration by Vegas (iteration       3) ************
#                                                               *
#  integral  = 0.15577054E-03   accum. integral = 0.14963009E-03*
#  std. dev. = 0.22361551E-05   accum. std. dev = 0.20021242E-05*
#   min/max. wt. =    0.00000            0.145666E-05           *
#                                                               *
#*************   chi**2/iteration =  42.52       ****************


#********** Integration by Vegas (iteration       4) ************
#                                                               *
#  integral  = 0.15807602E-03   accum. integral = 0.15770434E-03*
#  std. dev. = 0.45975755E-06   accum. std. dev = 0.42757610E-06*
#   min/max. wt. =    0.00000            0.217322E-06           *
#                                                               *
#*************   chi**2/iteration =  32.82       ****************


#********** Integration by Vegas (iteration       5) ************
#                                                               *
#  integral  = 0.15695798E-03   accum. integral = 0.15703326E-03*
#  std. dev. = 0.14949645E-06   accum. std. dev = 0.13700795E-06*
#   min/max. wt. =    0.00000            0.107109E-07           *
#                                                               *
#*************   chi**2/iteration =  24.86       ****************


#********** Integration by Vegas (iteration       6) ************
#                                                               *
#  integral  = 0.15713547E-03   accum. integral = 0.15710039E-03*
#  std. dev. = 0.10259634E-06   accum. std. dev = 0.80755118E-07*
#   min/max. wt. =    0.00000            0.177460E-07           *
#                                                               *
#*************   chi**2/iteration =  19.72       ****************


#********** Integration by Vegas (iteration       7) ************
#                                                               *
#  integral  = 0.15698022E-03   accum. integral = 0.15704410E-03*
#  std. dev. = 0.88492873E-07   accum. std. dev = 0.59123770E-07*
#   min/max. wt. =    0.00000            0.265676E-08           *
#                                                               *
#*************   chi**2/iteration =  16.47       ****************


#********** Integration by Vegas (iteration       8) ************
#                                                               *
#  integral  = 0.15711998E-03   accum. integral = 0.15706950E-03*
#  std. dev. = 0.85455133E-07   accum. std. dev = 0.48377416E-07*
#   min/max. wt. =    0.00000            0.141411E-07           *
#                                                               *
#*************   chi**2/iteration =  14.11       ****************


#********** Integration by Vegas (iteration       9) ************
#                                                               *
#  integral  = 0.15715680E-03   accum. integral = 0.15709275E-03*
#  std. dev. = 0.82085037E-07   accum. std. dev = 0.41541632E-07*
#   min/max. wt. =  -0.208422E-22        0.397800E-08           *
#                                                               *
#*************   chi**2/iteration =  12.39       ****************


#********** Integration by Vegas (iteration      10) ************
#                                                               *
#  integral  = 0.15695988E-03   accum. integral = 0.15706392E-03*
#  std. dev. = 0.80371951E-07   accum. std. dev = 0.36828168E-07*
#   min/max. wt. =    0.00000            0.337104E-08           *
#                                                               *
#*************   chi**2/iteration =  11.22       ****************


#********** Integration by Vegas (iteration      11) ************
#                                                               *
#  integral  = 0.15711051E-03   accum. integral = 0.15707232E-03*
#  std. dev. = 0.79912103E-07   accum. std. dev = 0.33397644E-07*
#   min/max. wt. =  -0.555260E-29        0.212264E-08           *
#                                                               *
#*************   chi**2/iteration =  10.09       ****************


#********** Integration by Vegas (iteration      12) ************
#                                                               *
#  integral  = 0.15694484E-03   accum. integral = 0.15705302E-03*
#  std. dev. = 0.80232763E-07   accum. std. dev = 0.30803588E-07*
#   min/max. wt. =    0.00000            0.429010E-08           *
#                                                               *
#*************   chi**2/iteration =  9.354       ****************


#********** Integration by Vegas (iteration      13) ************
#                                                               *
#  integral  = 0.15709495E-03   accum. integral = 0.15705847E-03*
#  std. dev. = 0.80863919E-07   accum. std. dev = 0.28764899E-07*
#   min/max. wt. =    0.00000            0.282575E-08           *
#                                                               *
#*************   chi**2/iteration =  8.575       ****************


#********** Integration by Vegas (iteration      14) ************
#                                                               *
#  integral  = 0.15706404E-03   accum. integral = 0.15705910E-03*
#  std. dev. = 0.81164299E-07   accum. std. dev = 0.27098161E-07*
#   min/max. wt. =  -0.740211E-26        0.448023E-08           *
#                                                               *
#*************   chi**2/iteration =  7.901       ****************


#********** Integration by Vegas (iteration      15) ************
#                                                               *
#  integral  = 0.15700558E-03   accum. integral = 0.15705373E-03*
#  std. dev. = 0.82063609E-07   accum. std. dev = 0.25721911E-07*
#   min/max. wt. =    0.00000            0.363763E-08           *
#                                                               *
#*************   chi**2/iteration =  7.353       ****************


  Input parameters for vegas:  ndim=  9   ncall= 80707214.
                              it=    0    itmx=    2
                              acc=-1.00    
                              mds=  1     nd=  50
                              (xl,xu)= (  0.00000     ,  1.00000     )
                                       (  0.00000     ,  1.00000     )
                                       (  0.00000     ,  1.00000     )
                                       (  0.00000     ,  1.00000     )
                                       (  0.00000     ,  1.00000     )
                                       (  0.00000     ,  1.00000     )
                                       (  0.00000     ,  1.00000     )
                                       (  0.00000     ,  1.00000     )
                                       (  0.00000     ,  1.00000     )

#********** Integration by Vegas (iteration       1) ************
#                                                               *
#  integral  = 0.15713609E-03   accum. integral = 0.15713609E-03*
#  std. dev. = 0.82506659E-07   accum. std. dev = 0.82506659E-07*
#   min/max. wt. =    0.00000            0.649550E-08           *
#                                                               *
#*************   chi**2/iteration =  0.000       ****************


#********** Integration by Vegas (iteration       2) ************
#                                                               *
#  integral  = 0.15703203E-03   accum. integral = 0.15708436E-03*
#  std. dev. = 0.82922653E-07   accum. std. dev = 0.58487442E-07*
#   min/max. wt. =    0.00000            0.372945E-08           *
#                                                               *
#*************   chi**2/iteration = 0.7907       ****************

 Done
