SLURM job running in:  /scratch/groups/lhc/park/JHUGen/JHUGenerator
LHAPDF 6.1.5 loading /work-zfs/lhc/cms/slc6_amd64_gcc493/external/lhapdf/6.1.5-kpegke3/share/LHAPDF/NNPDF30_lo_as_0130/NNPDF30_lo_as_0130_0000.dat
NNPDF30_lo_as_0130 PDF set, member #0, version 2; LHAPDF ID = 263000
 extending no. of histograms for vbf tests
 
                                                                                          
   ***************************************************************************************
   *                                JHU Generator v6.9.3                                 *
   ***************************************************************************************
   *                                                                                     *
   *   Spin and parity determination of single-produced resonances at hadron colliders   *
   *                                                                                     *
   *          I. Anderson, S. Bolognesi, F. Caola, Y. Gao, A. Gritsan, Z. Guo,           *
   *        C. Martin, K. Melnikov, R.Rontsch, H. Roskes, U. Sarica, M. Schulze,         *
   *                   N. Tran, A. Whitbeck, M. Xiao, C. You, Y. Zhou                    *
   *                Phys.Rev. D81 (2010) 075022;  arXiv:1001.3396 [hep-ph],              *
   *                Phys.Rev. D86 (2012) 095031;  arXiv:1208.4018 [hep-ph],              *
   *                Phys.Rev. D89 (2014) 035007;  arXiv:1309.4819 [hep-ph].              *
   *                                                                                     *
   ***************************************************************************************
                                                                                          
   
   Command line: ./JHUGen Unweighted=0 VegasNc0=99999999 VegasNc1=99999999 VegasNc2=99999999 LHAPDF=NNPDF30_lo_as_0130/NNPDF30_lo_as_0130.info MReso=220 ghz1=0,0 ghz1_prime2=1,0 Process=60 pTjetcut=0 deltaRcut=0
   
   Input Parameter:
    Collider: P-P, sqrt(s)=13000.00
    Resonance: spin=0, mass= 220.00 width=   0.00407
    Z-boson: mass=91.188, width=2.4952
    W-boson: mass=80.399, width=2.0850
    Jet cuts:
            pT >=     0.00 GeV
        DeltaR >=     0.00
           mJJ >=     0.00 GeV
    Random seed:   241131712
    To reproduce results using this seed, JHUGen should be compiled with the same compiler:
      GNU Fortran (GCC) 4.9.3
    
    WidthScheme:   2
    LHAPDF set NNPDF30_lo_as_0130/NNPDF30_lo_as_0130.info, member=  0
    Unweighted: F
    
    spin-0-VV couplings: 
      generate_as=F
      ghg2=  0.10000000E+01  0.00000000E+00i
      ghg3=  0.00000000E+00  0.00000000E+00i
      ghg4=  0.00000000E+00  0.00000000E+00i
      ghz1=  0.00000000E+00  0.00000000E+00i
      ghz2=  0.00000000E+00  0.00000000E+00i
      ghz3=  0.00000000E+00  0.00000000E+00i
      ghz4=  0.00000000E+00  0.00000000E+00i
      ghz1_prime2=  0.10000000E+01  0.00000000E+00i,    Lambda_z1=  1.0000E+04
      Lambda=  1000.0
    
    LHE output: ./data/output.lhe
    Histogram output: ./data/output.dat
    Log file: ./data/output.log
    
  Running

  Input parameters for vegas:  ndim=  9   ncall= 80707214.
                              it=    0    itmx=   15
                              acc=-1.00    
                              mds=  1     nd=  50
                              (xl,xu)= (  0.00000     ,  1.00000     )
                                       (  0.00000     ,  1.00000     )
                                       (  0.00000     ,  1.00000     )
                                       (  0.00000     ,  1.00000     )
                                       (  0.00000     ,  1.00000     )
                                       (  0.00000     ,  1.00000     )
                                       (  0.00000     ,  1.00000     )
                                       (  0.00000     ,  1.00000     )
                                       (  0.00000     ,  1.00000     )

#********** Integration by Vegas (iteration       1) ************
#                                                               *
#  integral  = 0.99999525E-04   accum. integral = 0.99999525E-04*
#  std. dev. = 0.45639073E-05   accum. std. dev = 0.45639073E-05*
#   min/max. wt. =    0.00000            0.338665E-05           *
#                                                               *
#*************   chi**2/iteration =  0.000       ****************


#********** Integration by Vegas (iteration       2) ************
#                                                               *
#  integral  = 0.14423987E-03   accum. integral = 0.11973784E-03*
#  std. dev. = 0.73344961E-05   accum. std. dev = 0.42152819E-05*
#   min/max. wt. =    0.00000            0.435419E-05           *
#                                                               *
#*************   chi**2/iteration =  27.19       ****************


#********** Integration by Vegas (iteration       3) ************
#                                                               *
#  integral  = 0.16170033E-03   accum. integral = 0.14340521E-03*
#  std. dev. = 0.48287445E-05   accum. std. dev = 0.30900231E-05*
#   min/max. wt. =    0.00000            0.420654E-05           *
#                                                               *
#*************   chi**2/iteration =  33.70       ****************


#********** Integration by Vegas (iteration       4) ************
#                                                               *
#  integral  = 0.15626060E-03   accum. integral = 0.15587199E-03*
#  std. dev. = 0.61872261E-06   accum. std. dev = 0.55613683E-06*
#   min/max. wt. =    0.00000            0.280211E-06           *
#                                                               *
#*************   chi**2/iteration =  26.19       ****************


#********** Integration by Vegas (iteration       5) ************
#                                                               *
#  integral  = 0.15636878E-03   accum. integral = 0.15632386E-03*
#  std. dev. = 0.19223938E-06   accum. std. dev = 0.17057404E-06*
#   min/max. wt. =  -0.251395E-24        0.968226E-07           *
#                                                               *
#*************   chi**2/iteration =  19.05       ****************


#********** Integration by Vegas (iteration       6) ************
#                                                               *
#  integral  = 0.15603462E-03   accum. integral = 0.15611992E-03*
#  std. dev. = 0.11832384E-06   accum. std. dev = 0.93787373E-07*
#   min/max. wt. =    0.00000            0.391559E-08           *
#                                                               *
#*************   chi**2/iteration =  15.27       ****************


#********** Integration by Vegas (iteration       7) ************
#                                                               *
#  integral  = 0.15608770E-03   accum. integral = 0.15610250E-03*
#  std. dev. = 0.91570495E-07   accum. std. dev = 0.64105213E-07*
#   min/max. wt. =    0.00000            0.690646E-08           *
#                                                               *
#*************   chi**2/iteration =  12.51       ****************


#********** Integration by Vegas (iteration       8) ************
#                                                               *
#  integral  = 0.15613553E-03   accum. integral = 0.15611532E-03*
#  std. dev. = 0.84569116E-07   accum. std. dev = 0.50467306E-07*
#   min/max. wt. =  -0.852079E-29        0.335045E-08           *
#                                                               *
#*************   chi**2/iteration =  10.60       ****************


#********** Integration by Vegas (iteration       9) ************
#                                                               *
#  integral  = 0.15623254E-03   accum. integral = 0.15614950E-03*
#  std. dev. = 0.82183609E-07   accum. std. dev = 0.42692645E-07*
#   min/max. wt. =  -0.479991E-32        0.678341E-08           *
#                                                               *
#*************   chi**2/iteration =  9.379       ****************


#********** Integration by Vegas (iteration      10) ************
#                                                               *
#  integral  = 0.15615211E-03   accum. integral = 0.15615011E-03*
#  std. dev. = 0.80468393E-07   accum. std. dev = 0.37537063E-07*
#   min/max. wt. =  -0.117466E-24        0.654049E-08           *
#                                                               *
#*************   chi**2/iteration =  8.272       ****************


#********** Integration by Vegas (iteration      11) ************
#                                                               *
#  integral  = 0.15606782E-03   accum. integral = 0.15613430E-03*
#  std. dev. = 0.79604246E-07   accum. std. dev = 0.33845211E-07*
#   min/max. wt. =    0.00000            0.218711E-08           *
#                                                               *
#*************   chi**2/iteration =  7.489       ****************


#********** Integration by Vegas (iteration      12) ************
#                                                               *
#  integral  = 0.15632982E-03   accum. integral = 0.15616559E-03*
#  std. dev. = 0.80077771E-07   accum. std. dev = 0.31104923E-07*
#   min/max. wt. =    0.00000            0.489178E-08           *
#                                                               *
#*************   chi**2/iteration =  7.254       ****************


#********** Integration by Vegas (iteration      13) ************
#                                                               *
#  integral  = 0.15619267E-03   accum. integral = 0.15616925E-03*
#  std. dev. = 0.80934176E-07   accum. std. dev = 0.28990589E-07*
#   min/max. wt. =    0.00000            0.534886E-08           *
#                                                               *
#*************   chi**2/iteration =  6.628       ****************


#********** Integration by Vegas (iteration      14) ************
#                                                               *
#  integral  = 0.15612574E-03   accum. integral = 0.15616403E-03*
#  std. dev. = 0.80554203E-07   accum. std. dev = 0.27246685E-07*
#   min/max. wt. =    0.00000            0.327418E-08           *
#                                                               *
#*************   chi**2/iteration =  6.116       ****************


#********** Integration by Vegas (iteration      15) ************
#                                                               *
#  integral  = 0.15600187E-03   accum. integral = 0.15614688E-03*
#  std. dev. = 0.81095669E-07   accum. std. dev = 0.25806655E-07*
#   min/max. wt. =  -0.478504E-24        0.277379E-08           *
#                                                               *
#*************   chi**2/iteration =  5.928       ****************


  Input parameters for vegas:  ndim=  9   ncall= 80707214.
                              it=    0    itmx=    2
                              acc=-1.00    
                              mds=  1     nd=  50
                              (xl,xu)= (  0.00000     ,  1.00000     )
                                       (  0.00000     ,  1.00000     )
                                       (  0.00000     ,  1.00000     )
                                       (  0.00000     ,  1.00000     )
                                       (  0.00000     ,  1.00000     )
                                       (  0.00000     ,  1.00000     )
                                       (  0.00000     ,  1.00000     )
                                       (  0.00000     ,  1.00000     )
                                       (  0.00000     ,  1.00000     )

#********** Integration by Vegas (iteration       1) ************
#                                                               *
#  integral  = 0.15610482E-03   accum. integral = 0.15610482E-03*
#  std. dev. = 0.82810503E-07   accum. std. dev = 0.82810503E-07*
#   min/max. wt. =    0.00000            0.101515E-07           *
#                                                               *
#*************   chi**2/iteration =  0.000       ****************


#********** Integration by Vegas (iteration       2) ************
#                                                               *
#  integral  = 0.15610537E-03   accum. integral = 0.15610509E-03*
#  std. dev. = 0.83041867E-07   accum. std. dev = 0.58637497E-07*
#   min/max. wt. =  -0.158168E-29        0.376833E-08           *
#                                                               *
#*************   chi**2/iteration = 0.2193E-04   ****************

 Done
