SLURM job running in:  /scratch/groups/lhc/park/JHUGen/JHUGenerator
LHAPDF 6.1.5 loading /work-zfs/lhc/cms/slc6_amd64_gcc493/external/lhapdf/6.1.5-kpegke3/share/LHAPDF/NNPDF30_lo_as_0130/NNPDF30_lo_as_0130_0000.dat
NNPDF30_lo_as_0130 PDF set, member #0, version 2; LHAPDF ID = 263000
 extending no. of histograms for vbf tests
 
                                                                                          
   ***************************************************************************************
   *                                JHU Generator v6.9.3                                 *
   ***************************************************************************************
   *                                                                                     *
   *   Spin and parity determination of single-produced resonances at hadron colliders   *
   *                                                                                     *
   *          I. Anderson, S. Bolognesi, F. Caola, Y. Gao, A. Gritsan, Z. Guo,           *
   *        C. Martin, K. Melnikov, R.Rontsch, H. Roskes, U. Sarica, M. Schulze,         *
   *                   N. Tran, A. Whitbeck, M. Xiao, C. You, Y. Zhou                    *
   *                Phys.Rev. D81 (2010) 075022;  arXiv:1001.3396 [hep-ph],              *
   *                Phys.Rev. D86 (2012) 095031;  arXiv:1208.4018 [hep-ph],              *
   *                Phys.Rev. D89 (2014) 035007;  arXiv:1309.4819 [hep-ph].              *
   *                                                                                     *
   ***************************************************************************************
                                                                                          
   
   Command line: ./JHUGen Unweighted=0 VegasNc0=99999999 VegasNc1=99999999 VegasNc2=99999999 LHAPDF=NNPDF30_lo_as_0130/NNPDF30_lo_as_0130.info MReso=222 ghz1=0,0 ghz1_prime2=1,0 Process=60 pTjetcut=0 deltaRcut=0
   
   Input Parameter:
    Collider: P-P, sqrt(s)=13000.00
    Resonance: spin=0, mass= 222.00 width=   0.00407
    Z-boson: mass=91.188, width=2.4952
    W-boson: mass=80.399, width=2.0850
    Jet cuts:
            pT >=     0.00 GeV
        DeltaR >=     0.00
           mJJ >=     0.00 GeV
    Random seed:   244558900
    To reproduce results using this seed, JHUGen should be compiled with the same compiler:
      GNU Fortran (GCC) 4.9.3
    
    WidthScheme:   2
    LHAPDF set NNPDF30_lo_as_0130/NNPDF30_lo_as_0130.info, member=  0
    Unweighted: F
    
    spin-0-VV couplings: 
      generate_as=F
      ghg2=  0.10000000E+01  0.00000000E+00i
      ghg3=  0.00000000E+00  0.00000000E+00i
      ghg4=  0.00000000E+00  0.00000000E+00i
      ghz1=  0.00000000E+00  0.00000000E+00i
      ghz2=  0.00000000E+00  0.00000000E+00i
      ghz3=  0.00000000E+00  0.00000000E+00i
      ghz4=  0.00000000E+00  0.00000000E+00i
      ghz1_prime2=  0.10000000E+01  0.00000000E+00i,    Lambda_z1=  1.0000E+04
      Lambda=  1000.0
    
    LHE output: ./data/output.lhe
    Histogram output: ./data/output.dat
    Log file: ./data/output.log
    
  Running

  Input parameters for vegas:  ndim=  9   ncall= 80707214.
                              it=    0    itmx=   15
                              acc=-1.00    
                              mds=  1     nd=  50
                              (xl,xu)= (  0.00000     ,  1.00000     )
                                       (  0.00000     ,  1.00000     )
                                       (  0.00000     ,  1.00000     )
                                       (  0.00000     ,  1.00000     )
                                       (  0.00000     ,  1.00000     )
                                       (  0.00000     ,  1.00000     )
                                       (  0.00000     ,  1.00000     )
                                       (  0.00000     ,  1.00000     )
                                       (  0.00000     ,  1.00000     )

#********** Integration by Vegas (iteration       1) ************
#                                                               *
#  integral  = 0.11290641E-03   accum. integral = 0.11290641E-03*
#  std. dev. = 0.10813417E-04   accum. std. dev = 0.10813417E-04*
#   min/max. wt. =    0.00000            0.886114E-05           *
#                                                               *
#*************   chi**2/iteration =  0.000       ****************


#********** Integration by Vegas (iteration       2) ************
#                                                               *
#  integral  = 0.12859631E-03   accum. integral = 0.12774582E-03*
#  std. dev. = 0.29484932E-05   accum. std. dev = 0.26982143E-05*
#   min/max. wt. =    0.00000            0.139071E-05           *
#                                                               *
#*************   chi**2/iteration =  1.732       ****************


#********** Integration by Vegas (iteration       3) ************
#                                                               *
#  integral  = 0.15634005E-03   accum. integral = 0.14815951E-03*
#  std. dev. = 0.22068374E-05   accum. std. dev = 0.15960909E-05*
#   min/max. wt. =    0.00000            0.116658E-05           *
#                                                               *
#*************   chi**2/iteration =  33.47       ****************


#********** Integration by Vegas (iteration       4) ************
#                                                               *
#  integral  = 0.15511060E-03   accum. integral = 0.15493933E-03*
#  std. dev. = 0.29403600E-06   accum. std. dev = 0.26107379E-06*
#   min/max. wt. =    0.00000            0.589885E-07           *
#                                                               *
#*************   chi**2/iteration =  26.23       ****************


#********** Integration by Vegas (iteration       5) ************
#                                                               *
#  integral  = 0.15516914E-03   accum. integral = 0.15513459E-03*
#  std. dev. = 0.12219689E-06   accum. std. dev = 0.10361022E-06*
#   min/max. wt. =    0.00000            0.169360E-07           *
#                                                               *
#*************   chi**2/iteration =  18.94       ****************


#********** Integration by Vegas (iteration       6) ************
#                                                               *
#  integral  = 0.15531931E-03   accum. integral = 0.15524428E-03*
#  std. dev. = 0.93248116E-07   accum. std. dev = 0.67039192E-07*
#   min/max. wt. =    0.00000            0.537993E-08           *
#                                                               *
#*************   chi**2/iteration =  15.06       ****************


#********** Integration by Vegas (iteration       7) ************
#                                                               *
#  integral  = 0.15528596E-03   accum. integral = 0.15526169E-03*
#  std. dev. = 0.84815454E-07   accum. std. dev = 0.51694109E-07*
#   min/max. wt. =    0.00000            0.572708E-08           *
#                                                               *
#*************   chi**2/iteration =  12.32       ****************


#********** Integration by Vegas (iteration       8) ************
#                                                               *
#  integral  = 0.15532309E-03   accum. integral = 0.15528082E-03*
#  std. dev. = 0.81523849E-07   accum. std. dev = 0.43228561E-07*
#   min/max. wt. =    0.00000            0.385658E-08           *
#                                                               *
#*************   chi**2/iteration =  10.46       ****************


#********** Integration by Vegas (iteration       9) ************
#                                                               *
#  integral  = 0.15521534E-03   accum. integral = 0.15526489E-03*
#  std. dev. = 0.80186732E-07   accum. std. dev = 0.37825547E-07*
#   min/max. wt. =  -0.968519E-26        0.552766E-08           *
#                                                               *
#*************   chi**2/iteration =  9.114       ****************


#********** Integration by Vegas (iteration      10) ************
#                                                               *
#  integral  = 0.15543892E-03   accum. integral = 0.15529929E-03*
#  std. dev. = 0.79789630E-07   accum. std. dev = 0.34043788E-07*
#   min/max. wt. =  -0.422919E-25        0.321186E-08           *
#                                                               *
#*************   chi**2/iteration =  8.485       ****************


#********** Integration by Vegas (iteration      11) ************
#                                                               *
#  integral  = 0.15514690E-03   accum. integral = 0.15527408E-03*
#  std. dev. = 0.79532709E-07   accum. std. dev = 0.31216062E-07*
#   min/max. wt. =  -0.907848E-33        0.261926E-08           *
#                                                               *
#*************   chi**2/iteration =  7.909       ****************


#********** Integration by Vegas (iteration      12) ************
#                                                               *
#  integral  = 0.15543311E-03   accum. integral = 0.15529613E-03*
#  std. dev. = 0.80783294E-07   accum. std. dev = 0.29065415E-07*
#   min/max. wt. =    0.00000            0.636019E-08           *
#                                                               *
#*************   chi**2/iteration =  7.469       ****************


#********** Integration by Vegas (iteration      13) ************
#                                                               *
#  integral  = 0.15530542E-03   accum. integral = 0.15529728E-03*
#  std. dev. = 0.80100796E-07   accum. std. dev = 0.27285301E-07*
#   min/max. wt. =    0.00000            0.354348E-08           *
#                                                               *
#*************   chi**2/iteration =  6.811       ****************


#********** Integration by Vegas (iteration      14) ************
#                                                               *
#  integral  = 0.15515828E-03   accum. integral = 0.15528194E-03*
#  std. dev. = 0.79821541E-07   accum. std. dev = 0.25792355E-07*
#   min/max. wt. =    0.00000            0.327422E-08           *
#                                                               *
#*************   chi**2/iteration =  6.479       ****************


#********** Integration by Vegas (iteration      15) ************
#                                                               *
#  integral  = 0.15514374E-03   accum. integral = 0.15526862E-03*
#  std. dev. = 0.81191055E-07   accum. std. dev = 0.24564471E-07*
#   min/max. wt. =    0.00000            0.445061E-08           *
#                                                               *
#*************   chi**2/iteration =  6.190       ****************


  Input parameters for vegas:  ndim=  9   ncall= 80707214.
                              it=    0    itmx=    2
                              acc=-1.00    
                              mds=  1     nd=  50
                              (xl,xu)= (  0.00000     ,  1.00000     )
                                       (  0.00000     ,  1.00000     )
                                       (  0.00000     ,  1.00000     )
                                       (  0.00000     ,  1.00000     )
                                       (  0.00000     ,  1.00000     )
                                       (  0.00000     ,  1.00000     )
                                       (  0.00000     ,  1.00000     )
                                       (  0.00000     ,  1.00000     )
                                       (  0.00000     ,  1.00000     )

#********** Integration by Vegas (iteration       1) ************
#                                                               *
#  integral  = 0.15524896E-03   accum. integral = 0.15524896E-03*
#  std. dev. = 0.81938523E-07   accum. std. dev = 0.81938523E-07*
#   min/max. wt. =    0.00000            0.271231E-08           *
#                                                               *
#*************   chi**2/iteration =  0.000       ****************


#********** Integration by Vegas (iteration       2) ************
#                                                               *
#  integral  = 0.15528885E-03   accum. integral = 0.15526856E-03*
#  std. dev. = 0.83370571E-07   accum. std. dev = 0.58439142E-07*
#   min/max. wt. =  -0.499040E-24        0.654251E-08           *
#                                                               *
#*************   chi**2/iteration = 0.1163       ****************

 Done
