SLURM job running in:  /scratch/groups/lhc/park/JHUGen/JHUGenerator
LHAPDF 6.1.5 loading /work-zfs/lhc/cms/slc6_amd64_gcc493/external/lhapdf/6.1.5-kpegke3/share/LHAPDF/NNPDF30_lo_as_0130/NNPDF30_lo_as_0130_0000.dat
NNPDF30_lo_as_0130 PDF set, member #0, version 2; LHAPDF ID = 263000
 extending no. of histograms for vbf tests
 
                                                                                          
   ***************************************************************************************
   *                                JHU Generator v6.9.3                                 *
   ***************************************************************************************
   *                                                                                     *
   *   Spin and parity determination of single-produced resonances at hadron colliders   *
   *                                                                                     *
   *          I. Anderson, S. Bolognesi, F. Caola, Y. Gao, A. Gritsan, Z. Guo,           *
   *        C. Martin, K. Melnikov, R.Rontsch, H. Roskes, U. Sarica, M. Schulze,         *
   *                   N. Tran, A. Whitbeck, M. Xiao, C. You, Y. Zhou                    *
   *                Phys.Rev. D81 (2010) 075022;  arXiv:1001.3396 [hep-ph],              *
   *                Phys.Rev. D86 (2012) 095031;  arXiv:1208.4018 [hep-ph],              *
   *                Phys.Rev. D89 (2014) 035007;  arXiv:1309.4819 [hep-ph].              *
   *                                                                                     *
   ***************************************************************************************
                                                                                          
   
   Command line: ./JHUGen Unweighted=0 VegasNc0=99999999 VegasNc1=99999999 VegasNc2=99999999 LHAPDF=NNPDF30_lo_as_0130/NNPDF30_lo_as_0130.info MReso=224 ghz1=0,0 ghz1_prime2=1,0 Process=60 pTjetcut=0 deltaRcut=0
   
   Input Parameter:
    Collider: P-P, sqrt(s)=13000.00
    Resonance: spin=0, mass= 224.00 width=   0.00407
    Z-boson: mass=91.188, width=2.4952
    W-boson: mass=80.399, width=2.0850
    Jet cuts:
            pT >=     0.00 GeV
        DeltaR >=     0.00
           mJJ >=     0.00 GeV
    Random seed:   198642567
    To reproduce results using this seed, JHUGen should be compiled with the same compiler:
      GNU Fortran (GCC) 4.9.3
    
    WidthScheme:   2
    LHAPDF set NNPDF30_lo_as_0130/NNPDF30_lo_as_0130.info, member=  0
    Unweighted: F
    
    spin-0-VV couplings: 
      generate_as=F
      ghg2=  0.10000000E+01  0.00000000E+00i
      ghg3=  0.00000000E+00  0.00000000E+00i
      ghg4=  0.00000000E+00  0.00000000E+00i
      ghz1=  0.00000000E+00  0.00000000E+00i
      ghz2=  0.00000000E+00  0.00000000E+00i
      ghz3=  0.00000000E+00  0.00000000E+00i
      ghz4=  0.00000000E+00  0.00000000E+00i
      ghz1_prime2=  0.10000000E+01  0.00000000E+00i,    Lambda_z1=  1.0000E+04
      Lambda=  1000.0
    
    LHE output: ./data/output.lhe
    Histogram output: ./data/output.dat
    Log file: ./data/output.log
    
  Running

  Input parameters for vegas:  ndim=  9   ncall= 80707214.
                              it=    0    itmx=   15
                              acc=-1.00    
                              mds=  1     nd=  50
                              (xl,xu)= (  0.00000     ,  1.00000     )
                                       (  0.00000     ,  1.00000     )
                                       (  0.00000     ,  1.00000     )
                                       (  0.00000     ,  1.00000     )
                                       (  0.00000     ,  1.00000     )
                                       (  0.00000     ,  1.00000     )
                                       (  0.00000     ,  1.00000     )
                                       (  0.00000     ,  1.00000     )
                                       (  0.00000     ,  1.00000     )

#********** Integration by Vegas (iteration       1) ************
#                                                               *
#  integral  = 0.12925851E-03   accum. integral = 0.12925851E-03*
#  std. dev. = 0.19334522E-04   accum. std. dev = 0.19334522E-04*
#   min/max. wt. =  -0.220734E-10        0.153362E-04           *
#                                                               *
#*************   chi**2/iteration =  0.000       ****************


#********** Integration by Vegas (iteration       2) ************
#                                                               *
#  integral  = 0.14157494E-03   accum. integral = 0.14031262E-03*
#  std. dev. = 0.71561915E-05   accum. std. dev = 0.64913662E-05*
#   min/max. wt. =    0.00000            0.488432E-05           *
#                                                               *
#*************   chi**2/iteration = 0.3308       ****************


#********** Integration by Vegas (iteration       3) ************
#                                                               *
#  integral  = 0.15463451E-03   accum. integral = 0.15346320E-03*
#  std. dev. = 0.22099640E-05   accum. std. dev = 0.19473883E-05*
#   min/max. wt. =    0.00000            0.144076E-05           *
#                                                               *
#*************   chi**2/iteration =  2.180       ****************


#********** Integration by Vegas (iteration       4) ************
#                                                               *
#  integral  = 0.15413335E-03   accum. integral = 0.15411566E-03*
#  std. dev. = 0.34756825E-06   accum. std. dev = 0.32324166E-06*
#   min/max. wt. =    0.00000            0.712752E-07           *
#                                                               *
#*************   chi**2/iteration =  1.430       ****************


#********** Integration by Vegas (iteration       5) ************
#                                                               *
#  integral  = 0.15446666E-03   accum. integral = 0.15442146E-03*
#  std. dev. = 0.13213185E-06   accum. std. dev = 0.11749755E-06*
#   min/max. wt. =    0.00000            0.158695E-07           *
#                                                               *
#*************   chi**2/iteration =  1.295       ****************


#********** Integration by Vegas (iteration       6) ************
#                                                               *
#  integral  = 0.15427626E-03   accum. integral = 0.15433108E-03*
#  std. dev. = 0.95933633E-07   accum. std. dev = 0.72789714E-07*
#   min/max. wt. =    0.00000            0.641356E-08           *
#                                                               *
#*************   chi**2/iteration =  1.206       ****************


#********** Integration by Vegas (iteration       7) ************
#                                                               *
#  integral  = 0.15431131E-03   accum. integral = 0.15432253E-03*
#  std. dev. = 0.86669647E-07   accum. std. dev = 0.55139944E-07*
#   min/max. wt. =  -0.179859E-24        0.522938E-08           *
#                                                               *
#*************   chi**2/iteration = 0.9991       ****************


#********** Integration by Vegas (iteration       8) ************
#                                                               *
#  integral  = 0.15444466E-03   accum. integral = 0.15436227E-03*
#  std. dev. = 0.82158321E-07   accum. std. dev = 0.45488099E-07*
#   min/max. wt. =    0.00000            0.565765E-08           *
#                                                               *
#*************   chi**2/iteration =  1.075       ****************


#********** Integration by Vegas (iteration       9) ************
#                                                               *
#  integral  = 0.15439401E-03   accum. integral = 0.15437028E-03*
#  std. dev. = 0.80667873E-07   accum. std. dev = 0.39467540E-07*
#   min/max. wt. =    0.00000            0.520575E-08           *
#                                                               *
#*************   chi**2/iteration = 0.9494       ****************


#********** Integration by Vegas (iteration      10) ************
#                                                               *
#  integral  = 0.15435619E-03   accum. integral = 0.15436736E-03*
#  std. dev. = 0.79334673E-07   accum. std. dev = 0.35244582E-07*
#   min/max. wt. =    0.00000            0.582555E-08           *
#                                                               *
#*************   chi**2/iteration = 0.8424       ****************


#********** Integration by Vegas (iteration      11) ************
#                                                               *
#  integral  = 0.15443453E-03   accum. integral = 0.15437902E-03*
#  std. dev. = 0.78769107E-07   accum. std. dev = 0.32111905E-07*
#   min/max. wt. =    0.00000            0.391122E-08           *
#                                                               *
#*************   chi**2/iteration = 0.8175       ****************


#********** Integration by Vegas (iteration      12) ************
#                                                               *
#  integral  = 0.15431296E-03   accum. integral = 0.15436928E-03*
#  std. dev. = 0.78862683E-07   accum. std. dev = 0.29703860E-07*
#   min/max. wt. =    0.00000            0.298073E-08           *
#                                                               *
#*************   chi**2/iteration = 0.7971       ****************


#********** Integration by Vegas (iteration      13) ************
#                                                               *
#  integral  = 0.15426701E-03   accum. integral = 0.15435631E-03*
#  std. dev. = 0.79417796E-07   accum. std. dev = 0.27797309E-07*
#   min/max. wt. =    0.00000            0.416556E-08           *
#                                                               *
#*************   chi**2/iteration = 0.8534       ****************


#********** Integration by Vegas (iteration      14) ************
#                                                               *
#  integral  = 0.15428291E-03   accum. integral = 0.15434817E-03*
#  std. dev. = 0.80077972E-07   accum. std. dev = 0.26243439E-07*
#   min/max. wt. =    0.00000            0.354797E-08           *
#                                                               *
#*************   chi**2/iteration = 0.8452       ****************


#********** Integration by Vegas (iteration      15) ************
#                                                               *
#  integral  = 0.15423394E-03   accum. integral = 0.15433677E-03*
#  std. dev. = 0.80059339E-07   accum. std. dev = 0.24925682E-07*
#   min/max. wt. =  -0.882061E-26        0.499870E-08           *
#                                                               *
#*************   chi**2/iteration = 0.9179       ****************


  Input parameters for vegas:  ndim=  9   ncall= 80707214.
                              it=    0    itmx=    2
                              acc=-1.00    
                              mds=  1     nd=  50
                              (xl,xu)= (  0.00000     ,  1.00000     )
                                       (  0.00000     ,  1.00000     )
                                       (  0.00000     ,  1.00000     )
                                       (  0.00000     ,  1.00000     )
                                       (  0.00000     ,  1.00000     )
                                       (  0.00000     ,  1.00000     )
                                       (  0.00000     ,  1.00000     )
                                       (  0.00000     ,  1.00000     )
                                       (  0.00000     ,  1.00000     )

#********** Integration by Vegas (iteration       1) ************
#                                                               *
#  integral  = 0.15434532E-03   accum. integral = 0.15434532E-03*
#  std. dev. = 0.81308807E-07   accum. std. dev = 0.81308807E-07*
#   min/max. wt. =    0.00000            0.900530E-08           *
#                                                               *
#*************   chi**2/iteration =  0.000       ****************


#********** Integration by Vegas (iteration       2) ************
#                                                               *
#  integral  = 0.15432926E-03   accum. integral = 0.15433737E-03*
#  std. dev. = 0.82146777E-07   accum. std. dev = 0.57787967E-07*
#   min/max. wt. =    0.00000            0.441460E-08           *
#                                                               *
#*************   chi**2/iteration = 0.1928E-01   ****************

 Done
