SLURM job running in:  /scratch/groups/lhc/park/JHUGen/JHUGenerator
LHAPDF 6.1.5 loading /work-zfs/lhc/cms/slc6_amd64_gcc493/external/lhapdf/6.1.5-kpegke3/share/LHAPDF/NNPDF30_lo_as_0130/NNPDF30_lo_as_0130_0000.dat
NNPDF30_lo_as_0130 PDF set, member #0, version 2; LHAPDF ID = 263000
 extending no. of histograms for vbf tests
 
                                                                                          
   ***************************************************************************************
   *                                JHU Generator v6.9.3                                 *
   ***************************************************************************************
   *                                                                                     *
   *   Spin and parity determination of single-produced resonances at hadron colliders   *
   *                                                                                     *
   *          I. Anderson, S. Bolognesi, F. Caola, Y. Gao, A. Gritsan, Z. Guo,           *
   *        C. Martin, K. Melnikov, R.Rontsch, H. Roskes, U. Sarica, M. Schulze,         *
   *                   N. Tran, A. Whitbeck, M. Xiao, C. You, Y. Zhou                    *
   *                Phys.Rev. D81 (2010) 075022;  arXiv:1001.3396 [hep-ph],              *
   *                Phys.Rev. D86 (2012) 095031;  arXiv:1208.4018 [hep-ph],              *
   *                Phys.Rev. D89 (2014) 035007;  arXiv:1309.4819 [hep-ph].              *
   *                                                                                     *
   ***************************************************************************************
                                                                                          
   
   Command line: ./JHUGen Unweighted=0 VegasNc0=99999999 VegasNc1=99999999 VegasNc2=99999999 LHAPDF=NNPDF30_lo_as_0130/NNPDF30_lo_as_0130.info MReso=228 ghz1=0,0 ghz1_prime2=1,0 Process=60 pTjetcut=0 deltaRcut=0
   
   Input Parameter:
    Collider: P-P, sqrt(s)=13000.00
    Resonance: spin=0, mass= 228.00 width=   0.00407
    Z-boson: mass=91.188, width=2.4952
    W-boson: mass=80.399, width=2.0850
    Jet cuts:
            pT >=     0.00 GeV
        DeltaR >=     0.00
           mJJ >=     0.00 GeV
    Random seed:   507403916
    To reproduce results using this seed, JHUGen should be compiled with the same compiler:
      GNU Fortran (GCC) 4.9.3
    
    WidthScheme:   2
    LHAPDF set NNPDF30_lo_as_0130/NNPDF30_lo_as_0130.info, member=  0
    Unweighted: F
    
    spin-0-VV couplings: 
      generate_as=F
      ghg2=  0.10000000E+01  0.00000000E+00i
      ghg3=  0.00000000E+00  0.00000000E+00i
      ghg4=  0.00000000E+00  0.00000000E+00i
      ghz1=  0.00000000E+00  0.00000000E+00i
      ghz2=  0.00000000E+00  0.00000000E+00i
      ghz3=  0.00000000E+00  0.00000000E+00i
      ghz4=  0.00000000E+00  0.00000000E+00i
      ghz1_prime2=  0.10000000E+01  0.00000000E+00i,    Lambda_z1=  1.0000E+04
      Lambda=  1000.0
    
    LHE output: ./data/output.lhe
    Histogram output: ./data/output.dat
    Log file: ./data/output.log
    
  Running

  Input parameters for vegas:  ndim=  9   ncall= 80707214.
                              it=    0    itmx=   15
                              acc=-1.00    
                              mds=  1     nd=  50
                              (xl,xu)= (  0.00000     ,  1.00000     )
                                       (  0.00000     ,  1.00000     )
                                       (  0.00000     ,  1.00000     )
                                       (  0.00000     ,  1.00000     )
                                       (  0.00000     ,  1.00000     )
                                       (  0.00000     ,  1.00000     )
                                       (  0.00000     ,  1.00000     )
                                       (  0.00000     ,  1.00000     )
                                       (  0.00000     ,  1.00000     )

#********** Integration by Vegas (iteration       1) ************
#                                                               *
#  integral  = 0.10163411E-03   accum. integral = 0.10163411E-03*
#  std. dev. = 0.52663678E-05   accum. std. dev = 0.52663678E-05*
#   min/max. wt. =    0.00000            0.333412E-05           *
#                                                               *
#*************   chi**2/iteration =  0.000       ****************


#********** Integration by Vegas (iteration       2) ************
#                                                               *
#  integral  = 0.15458145E-03   accum. integral = 0.11543925E-03*
#  std. dev. = 0.13487497E-04   accum. std. dev = 0.58281197E-05*
#   min/max. wt. =    0.00000            0.894121E-05           *
#                                                               *
#*************   chi**2/iteration =  15.89       ****************


#********** Integration by Vegas (iteration       3) ************
#                                                               *
#  integral  = 0.15056832E-03   accum. integral = 0.14826304E-03*
#  std. dev. = 0.17777618E-05   accum. std. dev = 0.15717382E-05*
#   min/max. wt. =    0.00000            0.115460E-05           *
#                                                               *
#*************   chi**2/iteration =  22.48       ****************


#********** Integration by Vegas (iteration       4) ************
#                                                               *
#  integral  = 0.15283656E-03   accum. integral = 0.15239568E-03*
#  std. dev. = 0.56973674E-06   accum. std. dev = 0.50192739E-06*
#   min/max. wt. =    0.00000            0.450777E-06           *
#                                                               *
#*************   chi**2/iteration =  16.58       ****************


#********** Integration by Vegas (iteration       5) ************
#                                                               *
#  integral  = 0.15247160E-03   accum. integral = 0.15246209E-03*
#  std. dev. = 0.20448498E-06   accum. std. dev = 0.18046510E-06*
#   min/max. wt. =    0.00000            0.186051E-07           *
#                                                               *
#*************   chi**2/iteration =  12.06       ****************


#********** Integration by Vegas (iteration       6) ************
#                                                               *
#  integral  = 0.15275583E-03   accum. integral = 0.15268756E-03*
#  std. dev. = 0.10543514E-06   accum. std. dev = 0.87921283E-07*
#   min/max. wt. =    0.00000            0.163992E-07           *
#                                                               *
#*************   chi**2/iteration =  9.845       ****************


#********** Integration by Vegas (iteration       7) ************
#                                                               *
#  integral  = 0.15254136E-03   accum. integral = 0.15260960E-03*
#  std. dev. = 0.86297054E-07   accum. std. dev = 0.60496522E-07*
#   min/max. wt. =  -0.244469E-28        0.263275E-08           *
#                                                               *
#*************   chi**2/iteration =  8.330       ****************


#********** Integration by Vegas (iteration       8) ************
#                                                               *
#  integral  = 0.15248035E-03   accum. integral = 0.15256101E-03*
#  std. dev. = 0.81158885E-07   accum. std. dev = 0.48041176E-07*
#   min/max. wt. =    0.00000            0.351906E-08           *
#                                                               *
#*************   chi**2/iteration =  7.308       ****************


#********** Integration by Vegas (iteration       9) ************
#                                                               *
#  integral  = 0.15258390E-03   accum. integral = 0.15256752E-03*
#  std. dev. = 0.78983280E-07   accum. std. dev = 0.40806298E-07*
#   min/max. wt. =    0.00000            0.242640E-08           *
#                                                               *
#*************   chi**2/iteration =  6.350       ****************


#********** Integration by Vegas (iteration      10) ************
#                                                               *
#  integral  = 0.15244632E-03   accum. integral = 0.15254036E-03*
#  std. dev. = 0.78308157E-07   accum. std. dev = 0.36058433E-07*
#   min/max. wt. =    0.00000            0.583437E-08           *
#                                                               *
#*************   chi**2/iteration =  5.827       ****************


#********** Integration by Vegas (iteration      11) ************
#                                                               *
#  integral  = 0.15256045E-03   accum. integral = 0.15254402E-03*
#  std. dev. = 0.78581748E-07   accum. std. dev = 0.32693926E-07*
#   min/max. wt. =    0.00000            0.363879E-08           *
#                                                               *
#*************   chi**2/iteration =  5.223       ****************


#********** Integration by Vegas (iteration      12) ************
#                                                               *
#  integral  = 0.15271661E-03   accum. integral = 0.15257093E-03*
#  std. dev. = 0.78129952E-07   accum. std. dev = 0.30105655E-07*
#   min/max. wt. =    0.00000            0.442053E-08           *
#                                                               *
#*************   chi**2/iteration =  5.119       ****************


#********** Integration by Vegas (iteration      13) ************
#                                                               *
#  integral  = 0.15251838E-03   accum. integral = 0.15256383E-03*
#  std. dev. = 0.77960479E-07   accum. std. dev = 0.28049284E-07*
#   min/max. wt. =    0.00000            0.324383E-08           *
#                                                               *
#*************   chi**2/iteration =  4.710       ****************


#********** Integration by Vegas (iteration      14) ************
#                                                               *
#  integral  = 0.15242929E-03   accum. integral = 0.15254829E-03*
#  std. dev. = 0.79239919E-07   accum. std. dev = 0.26419243E-07*
#   min/max. wt. =    0.00000            0.356941E-08           *
#                                                               *
#*************   chi**2/iteration =  4.538       ****************


#********** Integration by Vegas (iteration      15) ************
#                                                               *
#  integral  = 0.15247988E-03   accum. integral = 0.15254129E-03*
#  std. dev. = 0.79823923E-07   accum. std. dev = 0.25065189E-07*
#   min/max. wt. =  -0.881032E-26        0.303737E-08           *
#                                                               *
#*************   chi**2/iteration =  4.252       ****************


  Input parameters for vegas:  ndim=  9   ncall= 80707214.
                              it=    0    itmx=    2
                              acc=-1.00    
                              mds=  1     nd=  50
                              (xl,xu)= (  0.00000     ,  1.00000     )
                                       (  0.00000     ,  1.00000     )
                                       (  0.00000     ,  1.00000     )
                                       (  0.00000     ,  1.00000     )
                                       (  0.00000     ,  1.00000     )
                                       (  0.00000     ,  1.00000     )
                                       (  0.00000     ,  1.00000     )
                                       (  0.00000     ,  1.00000     )
                                       (  0.00000     ,  1.00000     )

#********** Integration by Vegas (iteration       1) ************
#                                                               *
#  integral  = 0.15251412E-03   accum. integral = 0.15251412E-03*
#  std. dev. = 0.81055351E-07   accum. std. dev = 0.81055351E-07*
#   min/max. wt. =    0.00000            0.440460E-08           *
#                                                               *
#*************   chi**2/iteration =  0.000       ****************


#********** Integration by Vegas (iteration       2) ************
#                                                               *
#  integral  = 0.15262551E-03   accum. integral = 0.15256953E-03*
#  std. dev. = 0.81527004E-07   accum. std. dev = 0.57480939E-07*
#   min/max. wt. =    0.00000            0.523670E-08           *
#                                                               *
#*************   chi**2/iteration = 0.9379       ****************

 Done
