SLURM job running in:  /scratch/groups/lhc/park/JHUGen/JHUGenerator
LHAPDF 6.1.5 loading /work-zfs/lhc/cms/slc6_amd64_gcc493/external/lhapdf/6.1.5-kpegke3/share/LHAPDF/NNPDF30_lo_as_0130/NNPDF30_lo_as_0130_0000.dat
NNPDF30_lo_as_0130 PDF set, member #0, version 2; LHAPDF ID = 263000
 extending no. of histograms for vbf tests
 
                                                                                          
   ***************************************************************************************
   *                                JHU Generator v6.9.3                                 *
   ***************************************************************************************
   *                                                                                     *
   *   Spin and parity determination of single-produced resonances at hadron colliders   *
   *                                                                                     *
   *          I. Anderson, S. Bolognesi, F. Caola, Y. Gao, A. Gritsan, Z. Guo,           *
   *        C. Martin, K. Melnikov, R.Rontsch, H. Roskes, U. Sarica, M. Schulze,         *
   *                   N. Tran, A. Whitbeck, M. Xiao, C. You, Y. Zhou                    *
   *                Phys.Rev. D81 (2010) 075022;  arXiv:1001.3396 [hep-ph],              *
   *                Phys.Rev. D86 (2012) 095031;  arXiv:1208.4018 [hep-ph],              *
   *                Phys.Rev. D89 (2014) 035007;  arXiv:1309.4819 [hep-ph].              *
   *                                                                                     *
   ***************************************************************************************
                                                                                          
   
   Command line: ./JHUGen Unweighted=0 VegasNc0=99999999 VegasNc1=99999999 VegasNc2=99999999 LHAPDF=NNPDF30_lo_as_0130/NNPDF30_lo_as_0130.info MReso=242 ghz1=0,0 ghz1_prime2=1,0 Process=60 pTjetcut=0 deltaRcut=0
   
   Input Parameter:
    Collider: P-P, sqrt(s)=13000.00
    Resonance: spin=0, mass= 242.00 width=   0.00407
    Z-boson: mass=91.188, width=2.4952
    W-boson: mass=80.399, width=2.0850
    Jet cuts:
            pT >=     0.00 GeV
        DeltaR >=     0.00
           mJJ >=     0.00 GeV
    Random seed:   450210036
    To reproduce results using this seed, JHUGen should be compiled with the same compiler:
      GNU Fortran (GCC) 4.9.3
    
    WidthScheme:   2
    LHAPDF set NNPDF30_lo_as_0130/NNPDF30_lo_as_0130.info, member=  0
    Unweighted: F
    
    spin-0-VV couplings: 
      generate_as=F
      ghg2=  0.10000000E+01  0.00000000E+00i
      ghg3=  0.00000000E+00  0.00000000E+00i
      ghg4=  0.00000000E+00  0.00000000E+00i
      ghz1=  0.00000000E+00  0.00000000E+00i
      ghz2=  0.00000000E+00  0.00000000E+00i
      ghz3=  0.00000000E+00  0.00000000E+00i
      ghz4=  0.00000000E+00  0.00000000E+00i
      ghz1_prime2=  0.10000000E+01  0.00000000E+00i,    Lambda_z1=  1.0000E+04
      Lambda=  1000.0
    
    LHE output: ./data/output.lhe
    Histogram output: ./data/output.dat
    Log file: ./data/output.log
    
  Running

  Input parameters for vegas:  ndim=  9   ncall= 80707214.
                              it=    0    itmx=   15
                              acc=-1.00    
                              mds=  1     nd=  50
                              (xl,xu)= (  0.00000     ,  1.00000     )
                                       (  0.00000     ,  1.00000     )
                                       (  0.00000     ,  1.00000     )
                                       (  0.00000     ,  1.00000     )
                                       (  0.00000     ,  1.00000     )
                                       (  0.00000     ,  1.00000     )
                                       (  0.00000     ,  1.00000     )
                                       (  0.00000     ,  1.00000     )
                                       (  0.00000     ,  1.00000     )

#********** Integration by Vegas (iteration       1) ************
#                                                               *
#  integral  = 0.15405877E-03   accum. integral = 0.15405877E-03*
#  std. dev. = 0.41740265E-04   accum. std. dev = 0.41740265E-04*
#   min/max. wt. =    0.00000            0.399842E-04           *
#                                                               *
#*************   chi**2/iteration =  0.000       ****************


#********** Integration by Vegas (iteration       2) ************
#                                                               *
#  integral  = 0.13700277E-03   accum. integral = 0.13807398E-03*
#  std. dev. = 0.96090782E-05   accum. std. dev = 0.98984336E-05*
#   min/max. wt. =    0.00000            0.733065E-05           *
#                                                               *
#*************   chi**2/iteration = 0.1746       ****************


#********** Integration by Vegas (iteration       3) ************
#                                                               *
#  integral  = 0.14250656E-03   accum. integral = 0.14238456E-03*
#  std. dev. = 0.16278359E-05   accum. std. dev = 0.16299566E-05*
#   min/max. wt. =    0.00000            0.896569E-06           *
#                                                               *
#*************   chi**2/iteration = 0.1876       ****************


#********** Integration by Vegas (iteration       4) ************
#                                                               *
#  integral  = 0.14671079E-03   accum. integral = 0.14648144E-03*
#  std. dev. = 0.39102078E-06   accum. std. dev = 0.37660512E-06*
#   min/max. wt. =    0.00000            0.150533E-06           *
#                                                               *
#*************   chi**2/iteration =  2.332       ****************


#********** Integration by Vegas (iteration       5) ************
#                                                               *
#  integral  = 0.14643790E-03   accum. integral = 0.14644291E-03*
#  std. dev. = 0.13681865E-06   accum. std. dev = 0.12785400E-06*
#   min/max. wt. =  -0.127281E-24        0.210802E-07           *
#                                                               *
#*************   chi**2/iteration =  1.746       ****************


#********** Integration by Vegas (iteration       6) ************
#                                                               *
#  integral  = 0.14639732E-03   accum. integral = 0.14641311E-03*
#  std. dev. = 0.93679552E-07   accum. std. dev = 0.75329142E-07*
#   min/max. wt. =    0.00000            0.863333E-08           *
#                                                               *
#*************   chi**2/iteration =  1.410       ****************


#********** Integration by Vegas (iteration       7) ************
#                                                               *
#  integral  = 0.14647962E-03   accum. integral = 0.14644310E-03*
#  std. dev. = 0.83614072E-07   accum. std. dev = 0.55864310E-07*
#   min/max. wt. =    0.00000            0.643808E-08           *
#                                                               *
#*************   chi**2/iteration =  1.232       ****************


#********** Integration by Vegas (iteration       8) ************
#                                                               *
#  integral  = 0.14645607E-03   accum. integral = 0.14644752E-03*
#  std. dev. = 0.78086013E-07   accum. std. dev = 0.45386204E-07*
#   min/max. wt. =    0.00000            0.355718E-08           *
#                                                               *
#*************   chi**2/iteration =  1.057       ****************


#********** Integration by Vegas (iteration       9) ************
#                                                               *
#  integral  = 0.14657063E-03   accum. integral = 0.14648005E-03*
#  std. dev. = 0.76129699E-07   accum. std. dev = 0.38953919E-07*
#   min/max. wt. =    0.00000            0.272120E-08           *
#                                                               *
#*************   chi**2/iteration =  1.167       ****************


#********** Integration by Vegas (iteration      10) ************
#                                                               *
#  integral  = 0.14645053E-03   accum. integral = 0.14647378E-03*
#  std. dev. = 0.75321303E-07   accum. std. dev = 0.34586261E-07*
#   min/max. wt. =    0.00000            0.329986E-08           *
#                                                               *
#*************   chi**2/iteration =  1.050       ****************


#********** Integration by Vegas (iteration      11) ************
#                                                               *
#  integral  = 0.14654719E-03   accum. integral = 0.14648648E-03*
#  std. dev. = 0.75923388E-07   accum. std. dev = 0.31464126E-07*
#   min/max. wt. =  -0.388980E-24        0.425517E-08           *
#                                                               *
#*************   chi**2/iteration =  1.022       ****************


#********** Integration by Vegas (iteration      12) ************
#                                                               *
#  integral  = 0.14640692E-03   accum. integral = 0.14647474E-03*
#  std. dev. = 0.75822028E-07   accum. std. dev = 0.29056289E-07*
#   min/max. wt. =    0.00000            0.434005E-08           *
#                                                               *
#*************   chi**2/iteration =  1.014       ****************


#********** Integration by Vegas (iteration      13) ************
#                                                               *
#  integral  = 0.14646374E-03   accum. integral = 0.14647334E-03*
#  std. dev. = 0.76268014E-07   accum. std. dev = 0.27148676E-07*
#   min/max. wt. =    0.00000            0.416304E-08           *
#                                                               *
#*************   chi**2/iteration = 0.9310       ****************


#********** Integration by Vegas (iteration      14) ************
#                                                               *
#  integral  = 0.14658833E-03   accum. integral = 0.14648604E-03*
#  std. dev. = 0.77298396E-07   accum. std. dev = 0.25611327E-07*
#   min/max. wt. =    0.00000            0.683120E-08           *
#                                                               *
#*************   chi**2/iteration =  1.011       ****************


#********** Integration by Vegas (iteration      15) ************
#                                                               *
#  integral  = 0.14645219E-03   accum. integral = 0.14648266E-03*
#  std. dev. = 0.77035609E-07   accum. std. dev = 0.24301554E-07*
#   min/max. wt. =    0.00000            0.249842E-08           *
#                                                               *
#*************   chi**2/iteration = 0.9513       ****************


  Input parameters for vegas:  ndim=  9   ncall= 80707214.
                              it=    0    itmx=    2
                              acc=-1.00    
                              mds=  1     nd=  50
                              (xl,xu)= (  0.00000     ,  1.00000     )
                                       (  0.00000     ,  1.00000     )
                                       (  0.00000     ,  1.00000     )
                                       (  0.00000     ,  1.00000     )
                                       (  0.00000     ,  1.00000     )
                                       (  0.00000     ,  1.00000     )
                                       (  0.00000     ,  1.00000     )
                                       (  0.00000     ,  1.00000     )
                                       (  0.00000     ,  1.00000     )

#********** Integration by Vegas (iteration       1) ************
#                                                               *
#  integral  = 0.14646078E-03   accum. integral = 0.14646078E-03*
#  std. dev. = 0.76897986E-07   accum. std. dev = 0.76897986E-07*
#   min/max. wt. =    0.00000            0.503684E-08           *
#                                                               *
#*************   chi**2/iteration =  0.000       ****************


#********** Integration by Vegas (iteration       2) ************
#                                                               *
#  integral  = 0.14646220E-03   accum. integral = 0.14646148E-03*
#  std. dev. = 0.78259748E-07   accum. std. dev = 0.54850210E-07*
#   min/max. wt. =    0.00000            0.446483E-08           *
#                                                               *
#*************   chi**2/iteration = 0.1656E-03   ****************

 Done
