SLURM job running in:  /scratch/groups/lhc/park/JHUGen/JHUGenerator
LHAPDF 6.1.5 loading /work-zfs/lhc/cms/slc6_amd64_gcc493/external/lhapdf/6.1.5-kpegke3/share/LHAPDF/NNPDF30_lo_as_0130/NNPDF30_lo_as_0130_0000.dat
NNPDF30_lo_as_0130 PDF set, member #0, version 2; LHAPDF ID = 263000
 extending no. of histograms for vbf tests
 
                                                                                          
   ***************************************************************************************
   *                                JHU Generator v6.9.3                                 *
   ***************************************************************************************
   *                                                                                     *
   *   Spin and parity determination of single-produced resonances at hadron colliders   *
   *                                                                                     *
   *          I. Anderson, S. Bolognesi, F. Caola, Y. Gao, A. Gritsan, Z. Guo,           *
   *        C. Martin, K. Melnikov, R.Rontsch, H. Roskes, U. Sarica, M. Schulze,         *
   *                   N. Tran, A. Whitbeck, M. Xiao, C. You, Y. Zhou                    *
   *                Phys.Rev. D81 (2010) 075022;  arXiv:1001.3396 [hep-ph],              *
   *                Phys.Rev. D86 (2012) 095031;  arXiv:1208.4018 [hep-ph],              *
   *                Phys.Rev. D89 (2014) 035007;  arXiv:1309.4819 [hep-ph].              *
   *                                                                                     *
   ***************************************************************************************
                                                                                          
   
   Command line: ./JHUGen Unweighted=0 VegasNc0=99999999 VegasNc1=99999999 VegasNc2=99999999 LHAPDF=NNPDF30_lo_as_0130/NNPDF30_lo_as_0130.info MReso=294 ghz1=0,0 ghz1_prime2=1,0 Process=60 pTjetcut=0 deltaRcut=0
   
   Input Parameter:
    Collider: P-P, sqrt(s)=13000.00
    Resonance: spin=0, mass= 294.00 width=   0.00407
    Z-boson: mass=91.188, width=2.4952
    W-boson: mass=80.399, width=2.0850
    Jet cuts:
            pT >=     0.00 GeV
        DeltaR >=     0.00
           mJJ >=     0.00 GeV
    Random seed:   333473752
    To reproduce results using this seed, JHUGen should be compiled with the same compiler:
      GNU Fortran (GCC) 4.9.3
    
    WidthScheme:   2
    LHAPDF set NNPDF30_lo_as_0130/NNPDF30_lo_as_0130.info, member=  0
    Unweighted: F
    
    spin-0-VV couplings: 
      generate_as=F
      ghg2=  0.10000000E+01  0.00000000E+00i
      ghg3=  0.00000000E+00  0.00000000E+00i
      ghg4=  0.00000000E+00  0.00000000E+00i
      ghz1=  0.00000000E+00  0.00000000E+00i
      ghz2=  0.00000000E+00  0.00000000E+00i
      ghz3=  0.00000000E+00  0.00000000E+00i
      ghz4=  0.00000000E+00  0.00000000E+00i
      ghz1_prime2=  0.10000000E+01  0.00000000E+00i,    Lambda_z1=  1.0000E+04
      Lambda=  1000.0
    
    LHE output: ./data/output.lhe
    Histogram output: ./data/output.dat
    Log file: ./data/output.log
    
  Running

  Input parameters for vegas:  ndim=  9   ncall= 80707214.
                              it=    0    itmx=   15
                              acc=-1.00    
                              mds=  1     nd=  50
                              (xl,xu)= (  0.00000     ,  1.00000     )
                                       (  0.00000     ,  1.00000     )
                                       (  0.00000     ,  1.00000     )
                                       (  0.00000     ,  1.00000     )
                                       (  0.00000     ,  1.00000     )
                                       (  0.00000     ,  1.00000     )
                                       (  0.00000     ,  1.00000     )
                                       (  0.00000     ,  1.00000     )
                                       (  0.00000     ,  1.00000     )

#********** Integration by Vegas (iteration       1) ************
#                                                               *
#  integral  = 0.83391411E-04   accum. integral = 0.83391411E-04*
#  std. dev. = 0.53850478E-05   accum. std. dev = 0.53850478E-05*
#   min/max. wt. =    0.00000            0.440645E-05           *
#                                                               *
#*************   chi**2/iteration =  0.000       ****************


#********** Integration by Vegas (iteration       2) ************
#                                                               *
#  integral  = 0.11104126E-03   accum. integral = 0.10754574E-03*
#  std. dev. = 0.27277901E-05   accum. std. dev = 0.22545741E-05*
#   min/max. wt. =    0.00000            0.968796E-06           *
#                                                               *
#*************   chi**2/iteration =  16.59       ****************


#********** Integration by Vegas (iteration       3) ************
#                                                               *
#  integral  = 0.12491518E-03   accum. integral = 0.12266852E-03*
#  std. dev. = 0.11054657E-05   accum. std. dev = 0.89049402E-06*
#   min/max. wt. =    0.00000            0.512867E-06           *
#                                                               *
#*************   chi**2/iteration =  28.29       ****************


#********** Integration by Vegas (iteration       4) ************
#                                                               *
#  integral  = 0.12659422E-03   accum. integral = 0.12642377E-03*
#  std. dev. = 0.22270871E-06   accum. std. dev = 0.19412166E-06*
#   min/max. wt. =    0.00000            0.384282E-07           *
#                                                               *
#*************   chi**2/iteration =  22.90       ****************


#********** Integration by Vegas (iteration       5) ************
#                                                               *
#  integral  = 0.12673559E-03   accum. integral = 0.12668446E-03*
#  std. dev. = 0.96568971E-07   accum. std. dev = 0.80635748E-07*
#   min/max. wt. =    0.00000            0.957234E-08           *
#                                                               *
#*************   chi**2/iteration =  16.83       ****************


#********** Integration by Vegas (iteration       6) ************
#                                                               *
#  integral  = 0.12659367E-03   accum. integral = 0.12663316E-03*
#  std. dev. = 0.77381123E-07   accum. std. dev = 0.54042799E-07*
#   min/max. wt. =    0.00000            0.122393E-07           *
#                                                               *
#*************   chi**2/iteration =  13.18       ****************


#********** Integration by Vegas (iteration       7) ************
#                                                               *
#  integral  = 0.12653194E-03   accum. integral = 0.12659217E-03*
#  std. dev. = 0.70471339E-07   accum. std. dev = 0.42152978E-07*
#   min/max. wt. =  -0.131994E-20        0.798583E-08           *
#                                                               *
#*************   chi**2/iteration =  10.97       ****************


#********** Integration by Vegas (iteration       8) ************
#                                                               *
#  integral  = 0.12644646E-03   accum. integral = 0.12654771E-03*
#  std. dev. = 0.67638157E-07   accum. std. dev = 0.35424480E-07*
#   min/max. wt. =    0.00000            0.305048E-08           *
#                                                               *
#*************   chi**2/iteration =  9.766       ****************


#********** Integration by Vegas (iteration       9) ************
#                                                               *
#  integral  = 0.12647832E-03   accum. integral = 0.12653123E-03*
#  std. dev. = 0.66959157E-07   accum. std. dev = 0.31126495E-07*
#   min/max. wt. =    0.00000            0.282507E-08           *
#                                                               *
#*************   chi**2/iteration =  8.552       ****************


#********** Integration by Vegas (iteration      10) ************
#                                                               *
#  integral  = 0.12638292E-03   accum. integral = 0.12650245E-03*
#  std. dev. = 0.66444385E-07   accum. std. dev = 0.28078859E-07*
#   min/max. wt. =  -0.366529E-22        0.289848E-08           *
#                                                               *
#*************   chi**2/iteration =  8.014       ****************


#********** Integration by Vegas (iteration      11) ************
#                                                               *
#  integral  = 0.12651566E-03   accum. integral = 0.12650461E-03*
#  std. dev. = 0.66306614E-07   accum. std. dev = 0.25786490E-07*
#   min/max. wt. =  -0.685127E-30        0.421980E-08           *
#                                                               *
#*************   chi**2/iteration =  7.158       ****************


#********** Integration by Vegas (iteration      12) ************
#                                                               *
#  integral  = 0.12651808E-03   accum. integral = 0.12650649E-03*
#  std. dev. = 0.66489125E-07   accum. std. dev = 0.23996344E-07*
#   min/max. wt. =    0.00000            0.383127E-08           *
#                                                               *
#*************   chi**2/iteration =  6.468       ****************


#********** Integration by Vegas (iteration      13) ************
#                                                               *
#  integral  = 0.12649968E-03   accum. integral = 0.12650568E-03*
#  std. dev. = 0.67401479E-07   accum. std. dev = 0.22577307E-07*
#   min/max. wt. =    0.00000            0.676984E-08           *
#                                                               *
#*************   chi**2/iteration =  5.896       ****************


#********** Integration by Vegas (iteration      14) ************
#                                                               *
#  integral  = 0.12646681E-03   accum. integral = 0.12650141E-03*
#  std. dev. = 0.66410424E-07   accum. std. dev = 0.21353131E-07*
#   min/max. wt. =    0.00000            0.377305E-08           *
#                                                               *
#*************   chi**2/iteration =  5.442       ****************


#********** Integration by Vegas (iteration      15) ************
#                                                               *
#  integral  = 0.12643544E-03   accum. integral = 0.12649498E-03*
#  std. dev. = 0.66939736E-07   accum. std. dev = 0.20327391E-07*
#   min/max. wt. =    0.00000            0.575946E-08           *
#                                                               *
#*************   chi**2/iteration =  5.099       ****************


  Input parameters for vegas:  ndim=  9   ncall= 80707214.
                              it=    0    itmx=    2
                              acc=-1.00    
                              mds=  1     nd=  50
                              (xl,xu)= (  0.00000     ,  1.00000     )
                                       (  0.00000     ,  1.00000     )
                                       (  0.00000     ,  1.00000     )
                                       (  0.00000     ,  1.00000     )
                                       (  0.00000     ,  1.00000     )
                                       (  0.00000     ,  1.00000     )
                                       (  0.00000     ,  1.00000     )
                                       (  0.00000     ,  1.00000     )
                                       (  0.00000     ,  1.00000     )

#********** Integration by Vegas (iteration       1) ************
#                                                               *
#  integral  = 0.12651077E-03   accum. integral = 0.12651077E-03*
#  std. dev. = 0.66906247E-07   accum. std. dev = 0.66906247E-07*
#   min/max. wt. =    0.00000            0.258462E-08           *
#                                                               *
#*************   chi**2/iteration =  0.000       ****************


#********** Integration by Vegas (iteration       2) ************
#                                                               *
#  integral  = 0.12654505E-03   accum. integral = 0.12652774E-03*
#  std. dev. = 0.67611186E-07   accum. std. dev = 0.47557203E-07*
#   min/max. wt. =    0.00000            0.239130E-08           *
#                                                               *
#*************   chi**2/iteration = 0.1297       ****************

 Done
