SLURM job running in:  /scratch/groups/lhc/park/JHUGen/JHUGenerator
LHAPDF 6.1.5 loading /work-zfs/lhc/cms/slc6_amd64_gcc493/external/lhapdf/6.1.5-kpegke3/share/LHAPDF/NNPDF30_lo_as_0130/NNPDF30_lo_as_0130_0000.dat
NNPDF30_lo_as_0130 PDF set, member #0, version 2; LHAPDF ID = 263000
 extending no. of histograms for vbf tests
 
                                                                                          
   ***************************************************************************************
   *                                JHU Generator v6.9.3                                 *
   ***************************************************************************************
   *                                                                                     *
   *   Spin and parity determination of single-produced resonances at hadron colliders   *
   *                                                                                     *
   *          I. Anderson, S. Bolognesi, F. Caola, Y. Gao, A. Gritsan, Z. Guo,           *
   *        C. Martin, K. Melnikov, R.Rontsch, H. Roskes, U. Sarica, M. Schulze,         *
   *                   N. Tran, A. Whitbeck, M. Xiao, C. You, Y. Zhou                    *
   *                Phys.Rev. D81 (2010) 075022;  arXiv:1001.3396 [hep-ph],              *
   *                Phys.Rev. D86 (2012) 095031;  arXiv:1208.4018 [hep-ph],              *
   *                Phys.Rev. D89 (2014) 035007;  arXiv:1309.4819 [hep-ph].              *
   *                                                                                     *
   ***************************************************************************************
                                                                                          
   
   Command line: ./JHUGen Unweighted=0 VegasNc0=99999999 VegasNc1=99999999 VegasNc2=99999999 LHAPDF=NNPDF30_lo_as_0130/NNPDF30_lo_as_0130.info MReso=314 ghz1=0,0 ghz1_prime2=1,0 Process=60 pTjetcut=0 deltaRcut=0
   
   Input Parameter:
    Collider: P-P, sqrt(s)=13000.00
    Resonance: spin=0, mass= 314.00 width=   0.00407
    Z-boson: mass=91.188, width=2.4952
    W-boson: mass=80.399, width=2.0850
    Jet cuts:
            pT >=     0.00 GeV
        DeltaR >=     0.00
           mJJ >=     0.00 GeV
    Random seed:   168450895
    To reproduce results using this seed, JHUGen should be compiled with the same compiler:
      GNU Fortran (GCC) 4.9.3
    
    WidthScheme:   2
    LHAPDF set NNPDF30_lo_as_0130/NNPDF30_lo_as_0130.info, member=  0
    Unweighted: F
    
    spin-0-VV couplings: 
      generate_as=F
      ghg2=  0.10000000E+01  0.00000000E+00i
      ghg3=  0.00000000E+00  0.00000000E+00i
      ghg4=  0.00000000E+00  0.00000000E+00i
      ghz1=  0.00000000E+00  0.00000000E+00i
      ghz2=  0.00000000E+00  0.00000000E+00i
      ghz3=  0.00000000E+00  0.00000000E+00i
      ghz4=  0.00000000E+00  0.00000000E+00i
      ghz1_prime2=  0.10000000E+01  0.00000000E+00i,    Lambda_z1=  1.0000E+04
      Lambda=  1000.0
    
    LHE output: ./data/output.lhe
    Histogram output: ./data/output.dat
    Log file: ./data/output.log
    
  Running

  Input parameters for vegas:  ndim=  9   ncall= 80707214.
                              it=    0    itmx=   15
                              acc=-1.00    
                              mds=  1     nd=  50
                              (xl,xu)= (  0.00000     ,  1.00000     )
                                       (  0.00000     ,  1.00000     )
                                       (  0.00000     ,  1.00000     )
                                       (  0.00000     ,  1.00000     )
                                       (  0.00000     ,  1.00000     )
                                       (  0.00000     ,  1.00000     )
                                       (  0.00000     ,  1.00000     )
                                       (  0.00000     ,  1.00000     )
                                       (  0.00000     ,  1.00000     )

#********** Integration by Vegas (iteration       1) ************
#                                                               *
#  integral  = 0.90854317E-04   accum. integral = 0.90854317E-04*
#  std. dev. = 0.88383600E-05   accum. std. dev = 0.88383600E-05*
#   min/max. wt. =    0.00000            0.705399E-05           *
#                                                               *
#*************   chi**2/iteration =  0.000       ****************


#********** Integration by Vegas (iteration       2) ************
#                                                               *
#  integral  = 0.10529169E-03   accum. integral = 0.10039849E-03*
#  std. dev. = 0.73341081E-05   accum. std. dev = 0.55693063E-05*
#   min/max. wt. =    0.00000            0.697101E-05           *
#                                                               *
#*************   chi**2/iteration =  1.504       ****************


#********** Integration by Vegas (iteration       3) ************
#                                                               *
#  integral  = 0.11748171E-03   accum. integral = 0.11676453E-03*
#  std. dev. = 0.13928074E-05   accum. std. dev = 0.12196682E-05*
#   min/max. wt. =    0.00000            0.629729E-06           *
#                                                               *
#*************   chi**2/iteration =  4.602       ****************


#********** Integration by Vegas (iteration       4) ************
#                                                               *
#  integral  = 0.11954289E-03   accum. integral = 0.11944146E-03*
#  std. dev. = 0.27001634E-06   accum. std. dev = 0.24143623E-06*
#   min/max. wt. =    0.00000            0.529397E-07           *
#                                                               *
#*************   chi**2/iteration =  4.411       ****************


#********** Integration by Vegas (iteration       5) ************
#                                                               *
#  integral  = 0.11959475E-03   accum. integral = 0.11957634E-03*
#  std. dev. = 0.97951038E-07   accum. std. dev = 0.85369826E-07*
#   min/max. wt. =    0.00000            0.723509E-08           *
#                                                               *
#*************   chi**2/iteration =  3.262       ****************


#********** Integration by Vegas (iteration       6) ************
#                                                               *
#  integral  = 0.11977872E-03   accum. integral = 0.11970119E-03*
#  std. dev. = 0.72518832E-07   accum. std. dev = 0.53548336E-07*
#   min/max. wt. =    0.00000            0.326696E-08           *
#                                                               *
#*************   chi**2/iteration =  3.216       ****************


#********** Integration by Vegas (iteration       7) ************
#                                                               *
#  integral  = 0.11970340E-03   accum. integral = 0.11970213E-03*
#  std. dev. = 0.66285993E-07   accum. std. dev = 0.41000309E-07*
#   min/max. wt. =    0.00000            0.364003E-08           *
#                                                               *
#*************   chi**2/iteration =  2.632       ****************


#********** Integration by Vegas (iteration       8) ************
#                                                               *
#  integral  = 0.11976919E-03   accum. integral = 0.11972311E-03*
#  std. dev. = 0.64031885E-07   accum. std. dev = 0.34220430E-07*
#   min/max. wt. =    0.00000            0.522418E-08           *
#                                                               *
#*************   chi**2/iteration =  2.343       ****************


#********** Integration by Vegas (iteration       9) ************
#                                                               *
#  integral  = 0.11974484E-03   accum. integral = 0.11972842E-03*
#  std. dev. = 0.62990464E-07   accum. std. dev = 0.29905890E-07*
#   min/max. wt. =    0.00000            0.684731E-08           *
#                                                               *
#*************   chi**2/iteration =  2.041       ****************


#********** Integration by Vegas (iteration      10) ************
#                                                               *
#  integral  = 0.11966804E-03   accum. integral = 0.11971641E-03*
#  std. dev. = 0.62433034E-07   accum. std. dev = 0.26876552E-07*
#   min/max. wt. =    0.00000            0.193307E-08           *
#                                                               *
#*************   chi**2/iteration =  1.889       ****************


#********** Integration by Vegas (iteration      11) ************
#                                                               *
#  integral  = 0.11973627E-03   accum. integral = 0.11971969E-03*
#  std. dev. = 0.62557120E-07   accum. std. dev = 0.24634788E-07*
#   min/max. wt. =    0.00000            0.241166E-08           *
#                                                               *
#*************   chi**2/iteration =  1.697       ****************


#********** Integration by Vegas (iteration      12) ************
#                                                               *
#  integral  = 0.11981249E-03   accum. integral = 0.11973282E-03*
#  std. dev. = 0.62739909E-07   accum. std. dev = 0.22891228E-07*
#   min/max. wt. =    0.00000            0.301579E-08           *
#                                                               *
#*************   chi**2/iteration =  1.716       ****************


#********** Integration by Vegas (iteration      13) ************
#                                                               *
#  integral  = 0.11973273E-03   accum. integral = 0.11973281E-03*
#  std. dev. = 0.63267670E-07   accum. std. dev = 0.21500166E-07*
#   min/max. wt. =    0.00000            0.278935E-08           *
#                                                               *
#*************   chi**2/iteration =  1.565       ****************


#********** Integration by Vegas (iteration      14) ************
#                                                               *
#  integral  = 0.11965778E-03   accum. integral = 0.11972478E-03*
#  std. dev. = 0.63774479E-07   accum. std. dev = 0.20356490E-07*
#   min/max. wt. =    0.00000            0.279830E-08           *
#                                                               *
#*************   chi**2/iteration =  1.539       ****************


#********** Integration by Vegas (iteration      15) ************
#                                                               *
#  integral  = 0.11975400E-03   accum. integral = 0.11972754E-03*
#  std. dev. = 0.64623079E-07   accum. std. dev = 0.19403999E-07*
#   min/max. wt. =    0.00000            0.406060E-08           *
#                                                               *
#*************   chi**2/iteration =  1.438       ****************


  Input parameters for vegas:  ndim=  9   ncall= 80707214.
                              it=    0    itmx=    2
                              acc=-1.00    
                              mds=  1     nd=  50
                              (xl,xu)= (  0.00000     ,  1.00000     )
                                       (  0.00000     ,  1.00000     )
                                       (  0.00000     ,  1.00000     )
                                       (  0.00000     ,  1.00000     )
                                       (  0.00000     ,  1.00000     )
                                       (  0.00000     ,  1.00000     )
                                       (  0.00000     ,  1.00000     )
                                       (  0.00000     ,  1.00000     )
                                       (  0.00000     ,  1.00000     )

#********** Integration by Vegas (iteration       1) ************
#                                                               *
#  integral  = 0.11965070E-03   accum. integral = 0.11965070E-03*
#  std. dev. = 0.65062044E-07   accum. std. dev = 0.65062044E-07*
#   min/max. wt. =    0.00000            0.239256E-08           *
#                                                               *
#*************   chi**2/iteration =  0.000       ****************


#********** Integration by Vegas (iteration       2) ************
#                                                               *
#  integral  = 0.11971535E-03   accum. integral = 0.11968265E-03*
#  std. dev. = 0.65869428E-07   accum. std. dev = 0.46288780E-07*
#   min/max. wt. =    0.00000            0.410012E-08           *
#                                                               *
#*************   chi**2/iteration = 0.4871       ****************

 Done
