SLURM job running in:  /scratch/groups/lhc/park/JHUGen/JHUGenerator
LHAPDF 6.1.5 loading /work-zfs/lhc/cms/slc6_amd64_gcc493/external/lhapdf/6.1.5-kpegke3/share/LHAPDF/NNPDF30_lo_as_0130/NNPDF30_lo_as_0130_0000.dat
NNPDF30_lo_as_0130 PDF set, member #0, version 2; LHAPDF ID = 263000
 extending no. of histograms for vbf tests
 
                                                                                          
   ***************************************************************************************
   *                                JHU Generator v6.9.3                                 *
   ***************************************************************************************
   *                                                                                     *
   *   Spin and parity determination of single-produced resonances at hadron colliders   *
   *                                                                                     *
   *          I. Anderson, S. Bolognesi, F. Caola, Y. Gao, A. Gritsan, Z. Guo,           *
   *        C. Martin, K. Melnikov, R.Rontsch, H. Roskes, U. Sarica, M. Schulze,         *
   *                   N. Tran, A. Whitbeck, M. Xiao, C. You, Y. Zhou                    *
   *                Phys.Rev. D81 (2010) 075022;  arXiv:1001.3396 [hep-ph],              *
   *                Phys.Rev. D86 (2012) 095031;  arXiv:1208.4018 [hep-ph],              *
   *                Phys.Rev. D89 (2014) 035007;  arXiv:1309.4819 [hep-ph].              *
   *                                                                                     *
   ***************************************************************************************
                                                                                          
   
   Command line: ./JHUGen Unweighted=0 VegasNc0=99999999 VegasNc1=99999999 VegasNc2=99999999 LHAPDF=NNPDF30_lo_as_0130/NNPDF30_lo_as_0130.info MReso=316 ghz1=0,0 ghz1_prime2=1,0 Process=60 pTjetcut=0 deltaRcut=0
   
   Input Parameter:
    Collider: P-P, sqrt(s)=13000.00
    Resonance: spin=0, mass= 316.00 width=   0.00407
    Z-boson: mass=91.188, width=2.4952
    W-boson: mass=80.399, width=2.0850
    Jet cuts:
            pT >=     0.00 GeV
        DeltaR >=     0.00
           mJJ >=     0.00 GeV
    Random seed:   887351116
    To reproduce results using this seed, JHUGen should be compiled with the same compiler:
      GNU Fortran (GCC) 4.9.3
    
    WidthScheme:   2
    LHAPDF set NNPDF30_lo_as_0130/NNPDF30_lo_as_0130.info, member=  0
    Unweighted: F
    
    spin-0-VV couplings: 
      generate_as=F
      ghg2=  0.10000000E+01  0.00000000E+00i
      ghg3=  0.00000000E+00  0.00000000E+00i
      ghg4=  0.00000000E+00  0.00000000E+00i
      ghz1=  0.00000000E+00  0.00000000E+00i
      ghz2=  0.00000000E+00  0.00000000E+00i
      ghz3=  0.00000000E+00  0.00000000E+00i
      ghz4=  0.00000000E+00  0.00000000E+00i
      ghz1_prime2=  0.10000000E+01  0.00000000E+00i,    Lambda_z1=  1.0000E+04
      Lambda=  1000.0
    
    LHE output: ./data/output.lhe
    Histogram output: ./data/output.dat
    Log file: ./data/output.log
    
  Running

  Input parameters for vegas:  ndim=  9   ncall= 80707214.
                              it=    0    itmx=   15
                              acc=-1.00    
                              mds=  1     nd=  50
                              (xl,xu)= (  0.00000     ,  1.00000     )
                                       (  0.00000     ,  1.00000     )
                                       (  0.00000     ,  1.00000     )
                                       (  0.00000     ,  1.00000     )
                                       (  0.00000     ,  1.00000     )
                                       (  0.00000     ,  1.00000     )
                                       (  0.00000     ,  1.00000     )
                                       (  0.00000     ,  1.00000     )
                                       (  0.00000     ,  1.00000     )

#********** Integration by Vegas (iteration       1) ************
#                                                               *
#  integral  = 0.75020710E-04   accum. integral = 0.75020710E-04*
#  std. dev. = 0.34545468E-05   accum. std. dev = 0.34545468E-05*
#   min/max. wt. =    0.00000            0.257647E-05           *
#                                                               *
#*************   chi**2/iteration =  0.000       ****************


#********** Integration by Vegas (iteration       2) ************
#                                                               *
#  integral  = 0.11434921E-03   accum. integral = 0.88871914E-04*
#  std. dev. = 0.71412787E-05   accum. std. dev = 0.35841269E-05*
#   min/max. wt. =    0.00000            0.566066E-05           *
#                                                               *
#*************   chi**2/iteration =  27.44       ****************


#********** Integration by Vegas (iteration       3) ************
#                                                               *
#  integral  = 0.11815069E-03   accum. integral = 0.11500673E-03*
#  std. dev. = 0.15187896E-05   accum. std. dev = 0.12672578E-05*
#   min/max. wt. =    0.00000            0.885751E-06           *
#                                                               *
#*************   chi**2/iteration =  37.36       ****************


#********** Integration by Vegas (iteration       4) ************
#                                                               *
#  integral  = 0.11900201E-03   accum. integral = 0.11888238E-03*
#  std. dev. = 0.25391312E-06   accum. std. dev = 0.22737271E-06*
#   min/max. wt. =    0.00000            0.545445E-07           *
#                                                               *
#*************   chi**2/iteration =  26.16       ****************


#********** Integration by Vegas (iteration       5) ************
#                                                               *
#  integral  = 0.11882636E-03   accum. integral = 0.11883360E-03*
#  std. dev. = 0.96234826E-07   accum. std. dev = 0.83432111E-07*
#   min/max. wt. =  -0.221271E-20        0.104468E-07           *
#                                                               *
#*************   chi**2/iteration =  18.86       ****************


#********** Integration by Vegas (iteration       6) ************
#                                                               *
#  integral  = 0.11907703E-03   accum. integral = 0.11897983E-03*
#  std. dev. = 0.73365896E-07   accum. std. dev = 0.53433141E-07*
#   min/max. wt. =  -0.300570E-30        0.483606E-08           *
#                                                               *
#*************   chi**2/iteration =  15.68       ****************


#********** Integration by Vegas (iteration       7) ************
#                                                               *
#  integral  = 0.11909240E-03   accum. integral = 0.11902770E-03*
#  std. dev. = 0.66109298E-07   accum. std. dev = 0.40889796E-07*
#   min/max. wt. =    0.00000            0.351690E-08           *
#                                                               *
#*************   chi**2/iteration =  13.13       ****************


#********** Integration by Vegas (iteration       8) ************
#                                                               *
#  integral  = 0.11909439E-03   accum. integral = 0.11904866E-03*
#  std. dev. = 0.63696241E-07   accum. std. dev = 0.34097842E-07*
#   min/max. wt. =    0.00000            0.218801E-08           *
#                                                               *
#*************   chi**2/iteration =  11.22       ****************


#********** Integration by Vegas (iteration       9) ************
#                                                               *
#  integral  = 0.11909601E-03   accum. integral = 0.11906018E-03*
#  std. dev. = 0.62946404E-07   accum. std. dev = 0.29817374E-07*
#   min/max. wt. =  -0.384267E-25        0.297780E-08           *
#                                                               *
#*************   chi**2/iteration =  9.772       ****************


#********** Integration by Vegas (iteration      10) ************
#                                                               *
#  integral  = 0.11892428E-03   accum. integral = 0.11903309E-03*
#  std. dev. = 0.62142195E-07   accum. std. dev = 0.26788475E-07*
#   min/max. wt. =    0.00000            0.252822E-08           *
#                                                               *
#*************   chi**2/iteration =  9.072       ****************


#********** Integration by Vegas (iteration      11) ************
#                                                               *
#  integral  = 0.11911455E-03   accum. integral = 0.11904666E-03*
#  std. dev. = 0.62165235E-07   accum. std. dev = 0.24540432E-07*
#   min/max. wt. =    0.00000            0.342154E-08           *
#                                                               *
#*************   chi**2/iteration =  8.262       ****************


#********** Integration by Vegas (iteration      12) ************
#                                                               *
#  integral  = 0.11901744E-03   accum. integral = 0.11904251E-03*
#  std. dev. = 0.62309308E-07   accum. std. dev = 0.22794558E-07*
#   min/max. wt. =    0.00000            0.298569E-08           *
#                                                               *
#*************   chi**2/iteration =  7.487       ****************


#********** Integration by Vegas (iteration      13) ************
#                                                               *
#  integral  = 0.11898710E-03   accum. integral = 0.11903573E-03*
#  std. dev. = 0.62891693E-07   accum. std. dev = 0.21405057E-07*
#   min/max. wt. =    0.00000            0.183158E-08           *
#                                                               *
#*************   chi**2/iteration =  6.891       ****************


#********** Integration by Vegas (iteration      14) ************
#                                                               *
#  integral  = 0.11906658E-03   accum. integral = 0.11903900E-03*
#  std. dev. = 0.63901655E-07   accum. std. dev = 0.20279635E-07*
#   min/max. wt. =    0.00000            0.243220E-08           *
#                                                               *
#*************   chi**2/iteration =  6.352       ****************


#********** Integration by Vegas (iteration      15) ************
#                                                               *
#  integral  = 0.11907194E-03   accum. integral = 0.11904208E-03*
#  std. dev. = 0.64824387E-07   accum. std. dev = 0.19343158E-07*
#   min/max. wt. =    0.00000            0.334562E-08           *
#                                                               *
#*************   chi**2/iteration =  5.895       ****************


  Input parameters for vegas:  ndim=  9   ncall= 80707214.
                              it=    0    itmx=    2
                              acc=-1.00    
                              mds=  1     nd=  50
                              (xl,xu)= (  0.00000     ,  1.00000     )
                                       (  0.00000     ,  1.00000     )
                                       (  0.00000     ,  1.00000     )
                                       (  0.00000     ,  1.00000     )
                                       (  0.00000     ,  1.00000     )
                                       (  0.00000     ,  1.00000     )
                                       (  0.00000     ,  1.00000     )
                                       (  0.00000     ,  1.00000     )
                                       (  0.00000     ,  1.00000     )

#********** Integration by Vegas (iteration       1) ************
#                                                               *
#  integral  = 0.11906572E-03   accum. integral = 0.11906572E-03*
#  std. dev. = 0.64697380E-07   accum. std. dev = 0.64697380E-07*
#   min/max. wt. =    0.00000            0.275976E-08           *
#                                                               *
#*************   chi**2/iteration = -.7905E-06   ****************


#********** Integration by Vegas (iteration       2) ************
#                                                               *
#  integral  = 0.11894112E-03   accum. integral = 0.11900430E-03*
#  std. dev. = 0.65549103E-07   accum. std. dev = 0.46045817E-07*
#   min/max. wt. =    0.00000            0.291189E-08           *
#                                                               *
#*************   chi**2/iteration =  1.828       ****************

 Done
