SLURM job running in:  /scratch/groups/lhc/park/JHUGen/JHUGenerator
LHAPDF 6.1.5 loading /work-zfs/lhc/cms/slc6_amd64_gcc493/external/lhapdf/6.1.5-kpegke3/share/LHAPDF/NNPDF30_lo_as_0130/NNPDF30_lo_as_0130_0000.dat
NNPDF30_lo_as_0130 PDF set, member #0, version 2; LHAPDF ID = 263000
 extending no. of histograms for vbf tests
 
                                                                                          
   ***************************************************************************************
   *                                JHU Generator v6.9.3                                 *
   ***************************************************************************************
   *                                                                                     *
   *   Spin and parity determination of single-produced resonances at hadron colliders   *
   *                                                                                     *
   *          I. Anderson, S. Bolognesi, F. Caola, Y. Gao, A. Gritsan, Z. Guo,           *
   *        C. Martin, K. Melnikov, R.Rontsch, H. Roskes, U. Sarica, M. Schulze,         *
   *                   N. Tran, A. Whitbeck, M. Xiao, C. You, Y. Zhou                    *
   *                Phys.Rev. D81 (2010) 075022;  arXiv:1001.3396 [hep-ph],              *
   *                Phys.Rev. D86 (2012) 095031;  arXiv:1208.4018 [hep-ph],              *
   *                Phys.Rev. D89 (2014) 035007;  arXiv:1309.4819 [hep-ph].              *
   *                                                                                     *
   ***************************************************************************************
                                                                                          
   
   Command line: ./JHUGen Unweighted=0 VegasNc0=99999999 VegasNc1=99999999 VegasNc2=99999999 LHAPDF=NNPDF30_lo_as_0130/NNPDF30_lo_as_0130.info MReso=324 ghz1=0,0 ghz1_prime2=1,0 Process=60 pTjetcut=0 deltaRcut=0
   
   Input Parameter:
    Collider: P-P, sqrt(s)=13000.00
    Resonance: spin=0, mass= 324.00 width=   0.00407
    Z-boson: mass=91.188, width=2.4952
    W-boson: mass=80.399, width=2.0850
    Jet cuts:
            pT >=     0.00 GeV
        DeltaR >=     0.00
           mJJ >=     0.00 GeV
    Random seed:   257201506
    To reproduce results using this seed, JHUGen should be compiled with the same compiler:
      GNU Fortran (GCC) 4.9.3
    
    WidthScheme:   2
    LHAPDF set NNPDF30_lo_as_0130/NNPDF30_lo_as_0130.info, member=  0
    Unweighted: F
    
    spin-0-VV couplings: 
      generate_as=F
      ghg2=  0.10000000E+01  0.00000000E+00i
      ghg3=  0.00000000E+00  0.00000000E+00i
      ghg4=  0.00000000E+00  0.00000000E+00i
      ghz1=  0.00000000E+00  0.00000000E+00i
      ghz2=  0.00000000E+00  0.00000000E+00i
      ghz3=  0.00000000E+00  0.00000000E+00i
      ghz4=  0.00000000E+00  0.00000000E+00i
      ghz1_prime2=  0.10000000E+01  0.00000000E+00i,    Lambda_z1=  1.0000E+04
      Lambda=  1000.0
    
    LHE output: ./data/output.lhe
    Histogram output: ./data/output.dat
    Log file: ./data/output.log
    
  Running

  Input parameters for vegas:  ndim=  9   ncall= 80707214.
                              it=    0    itmx=   15
                              acc=-1.00    
                              mds=  1     nd=  50
                              (xl,xu)= (  0.00000     ,  1.00000     )
                                       (  0.00000     ,  1.00000     )
                                       (  0.00000     ,  1.00000     )
                                       (  0.00000     ,  1.00000     )
                                       (  0.00000     ,  1.00000     )
                                       (  0.00000     ,  1.00000     )
                                       (  0.00000     ,  1.00000     )
                                       (  0.00000     ,  1.00000     )
                                       (  0.00000     ,  1.00000     )

#********** Integration by Vegas (iteration       1) ************
#                                                               *
#  integral  = 0.86088703E-04   accum. integral = 0.86088703E-04*
#  std. dev. = 0.10635646E-04   accum. std. dev = 0.10635646E-04*
#   min/max. wt. =    0.00000            0.746433E-05           *
#                                                               *
#*************   chi**2/iteration = 0.7313E-11   ****************


#********** Integration by Vegas (iteration       2) ************
#                                                               *
#  integral  = 0.12048109E-03   accum. integral = 0.98450479E-04*
#  std. dev. = 0.19870528E-04   accum. std. dev = 0.10353185E-04*
#   min/max. wt. =    0.00000            0.192520E-04           *
#                                                               *
#*************   chi**2/iteration =  2.538       ****************


#********** Integration by Vegas (iteration       3) ************
#                                                               *
#  integral  = 0.11865466E-03   accum. integral = 0.11705422E-03*
#  std. dev. = 0.34411636E-05   accum. std. dev = 0.30487798E-05*
#   min/max. wt. =    0.00000            0.302192E-05           *
#                                                               *
#*************   chi**2/iteration =  2.761       ****************


#********** Integration by Vegas (iteration       4) ************
#                                                               *
#  integral  = 0.11557639E-03   accum. integral = 0.11559927E-03*
#  std. dev. = 0.40334776E-06   accum. std. dev = 0.38467722E-06*
#   min/max. wt. =    0.00000            0.121836E-06           *
#                                                               *
#*************   chi**2/iteration =  1.865       ****************


#********** Integration by Vegas (iteration       5) ************
#                                                               *
#  integral  = 0.11653588E-03   accum. integral = 0.11645597E-03*
#  std. dev. = 0.12324377E-06   accum. std. dev = 0.11348386E-06*
#   min/max. wt. =    0.00000            0.308204E-07           *
#                                                               *
#*************   chi**2/iteration =  2.700       ****************


#********** Integration by Vegas (iteration       6) ************
#                                                               *
#  integral  = 0.11636862E-03   accum. integral = 0.11639485E-03*
#  std. dev. = 0.77103272E-07   accum. std. dev = 0.62577180E-07*
#   min/max. wt. =    0.00000            0.468501E-08           *
#                                                               *
#*************   chi**2/iteration =  2.215       ****************


#********** Integration by Vegas (iteration       7) ************
#                                                               *
#  integral  = 0.11653450E-03   accum. integral = 0.11646349E-03*
#  std. dev. = 0.65691276E-07   accum. std. dev = 0.44829404E-07*
#   min/max. wt. =    0.00000            0.470656E-08           *
#                                                               *
#*************   chi**2/iteration =  2.233       ****************


#********** Integration by Vegas (iteration       8) ************
#                                                               *
#  integral  = 0.11654374E-03   accum. integral = 0.11649162E-03*
#  std. dev. = 0.62700037E-07   accum. std. dev = 0.36254199E-07*
#   min/max. wt. =  -0.253832E-26        0.298285E-08           *
#                                                               *
#*************   chi**2/iteration =  2.060       ****************


#********** Integration by Vegas (iteration       9) ************
#                                                               *
#  integral  = 0.11638896E-03   accum. integral = 0.11646426E-03*
#  std. dev. = 0.61498953E-07   accum. std. dev = 0.31127943E-07*
#   min/max. wt. =    0.00000            0.248933E-08           *
#                                                               *
#*************   chi**2/iteration =  2.059       ****************


#********** Integration by Vegas (iteration      10) ************
#                                                               *
#  integral  = 0.11657700E-03   accum. integral = 0.11648801E-03*
#  std. dev. = 0.61557278E-07   accum. std. dev = 0.27715983E-07*
#   min/max. wt. =    0.00000            0.535434E-08           *
#                                                               *
#*************   chi**2/iteration =  2.128       ****************


#********** Integration by Vegas (iteration      11) ************
#                                                               *
#  integral  = 0.11651501E-03   accum. integral = 0.11649269E-03*
#  std. dev. = 0.61683763E-07   accum. std. dev = 0.25244366E-07*
#   min/max. wt. =    0.00000            0.225365E-08           *
#                                                               *
#*************   chi**2/iteration =  1.925       ****************


#********** Integration by Vegas (iteration      12) ************
#                                                               *
#  integral  = 0.11654621E-03   accum. integral = 0.11650043E-03*
#  std. dev. = 0.62460304E-07   accum. std. dev = 0.23381753E-07*
#   min/max. wt. =  -0.776040E-27        0.316634E-08           *
#                                                               *
#*************   chi**2/iteration =  1.804       ****************


#********** Integration by Vegas (iteration      13) ************
#                                                               *
#  integral  = 0.11638623E-03   accum. integral = 0.11648621E-03*
#  std. dev. = 0.62901404E-07   accum. std. dev = 0.21902391E-07*
#   min/max. wt. =    0.00000            0.402835E-08           *
#                                                               *
#*************   chi**2/iteration =  1.897       ****************


#********** Integration by Vegas (iteration      14) ************
#                                                               *
#  integral  = 0.11649403E-03   accum. integral = 0.11648708E-03*
#  std. dev. = 0.62850567E-07   accum. std. dev = 0.20671585E-07*
#   min/max. wt. =    0.00000            0.256947E-08           *
#                                                               *
#*************   chi**2/iteration =  1.749       ****************


#********** Integration by Vegas (iteration      15) ************
#                                                               *
#  integral  = 0.11639470E-03   accum. integral = 0.11647797E-03*
#  std. dev. = 0.63281516E-07   accum. std. dev = 0.19642505E-07*
#   min/max. wt. =    0.00000            0.310416E-08           *
#                                                               *
#*************   chi**2/iteration =  1.761       ****************


  Input parameters for vegas:  ndim=  9   ncall= 80707214.
                              it=    0    itmx=    2
                              acc=-1.00    
                              mds=  1     nd=  50
                              (xl,xu)= (  0.00000     ,  1.00000     )
                                       (  0.00000     ,  1.00000     )
                                       (  0.00000     ,  1.00000     )
                                       (  0.00000     ,  1.00000     )
                                       (  0.00000     ,  1.00000     )
                                       (  0.00000     ,  1.00000     )
                                       (  0.00000     ,  1.00000     )
                                       (  0.00000     ,  1.00000     )
                                       (  0.00000     ,  1.00000     )

#********** Integration by Vegas (iteration       1) ************
#                                                               *
#  integral  = 0.11654527E-03   accum. integral = 0.11654527E-03*
#  std. dev. = 0.65061498E-07   accum. std. dev = 0.65061498E-07*
#   min/max. wt. =    0.00000            0.662423E-08           *
#                                                               *
#*************   chi**2/iteration =  0.000       ****************


#********** Integration by Vegas (iteration       2) ************
#                                                               *
#  integral  = 0.11644927E-03   accum. integral = 0.11649624E-03*
#  std. dev. = 0.63625481E-07   accum. std. dev = 0.45489638E-07*
#   min/max. wt. =    0.00000            0.244628E-08           *
#                                                               *
#*************   chi**2/iteration =  1.112       ****************

 Done
