SLURM job running in:  /scratch/groups/lhc/park/JHUGen/JHUGenerator
LHAPDF 6.1.5 loading /work-zfs/lhc/cms/slc6_amd64_gcc493/external/lhapdf/6.1.5-kpegke3/share/LHAPDF/NNPDF30_lo_as_0130/NNPDF30_lo_as_0130_0000.dat
NNPDF30_lo_as_0130 PDF set, member #0, version 2; LHAPDF ID = 263000
 extending no. of histograms for vbf tests
 
                                                                                          
   ***************************************************************************************
   *                                JHU Generator v6.9.3                                 *
   ***************************************************************************************
   *                                                                                     *
   *   Spin and parity determination of single-produced resonances at hadron colliders   *
   *                                                                                     *
   *          I. Anderson, S. Bolognesi, F. Caola, Y. Gao, A. Gritsan, Z. Guo,           *
   *        C. Martin, K. Melnikov, R.Rontsch, H. Roskes, U. Sarica, M. Schulze,         *
   *                   N. Tran, A. Whitbeck, M. Xiao, C. You, Y. Zhou                    *
   *                Phys.Rev. D81 (2010) 075022;  arXiv:1001.3396 [hep-ph],              *
   *                Phys.Rev. D86 (2012) 095031;  arXiv:1208.4018 [hep-ph],              *
   *                Phys.Rev. D89 (2014) 035007;  arXiv:1309.4819 [hep-ph].              *
   *                                                                                     *
   ***************************************************************************************
                                                                                          
   
   Command line: ./JHUGen Unweighted=0 VegasNc0=99999999 VegasNc1=99999999 VegasNc2=99999999 LHAPDF=NNPDF30_lo_as_0130/NNPDF30_lo_as_0130.info MReso=340 ghz1=0,0 ghz1_prime2=1,0 Process=60 pTjetcut=0 deltaRcut=0
   
   Input Parameter:
    Collider: P-P, sqrt(s)=13000.00
    Resonance: spin=0, mass= 340.00 width=   0.00407
    Z-boson: mass=91.188, width=2.4952
    W-boson: mass=80.399, width=2.0850
    Jet cuts:
            pT >=     0.00 GeV
        DeltaR >=     0.00
           mJJ >=     0.00 GeV
    Random seed:   921550216
    To reproduce results using this seed, JHUGen should be compiled with the same compiler:
      GNU Fortran (GCC) 4.9.3
    
    WidthScheme:   2
    LHAPDF set NNPDF30_lo_as_0130/NNPDF30_lo_as_0130.info, member=  0
    Unweighted: F
    
    spin-0-VV couplings: 
      generate_as=F
      ghg2=  0.10000000E+01  0.00000000E+00i
      ghg3=  0.00000000E+00  0.00000000E+00i
      ghg4=  0.00000000E+00  0.00000000E+00i
      ghz1=  0.00000000E+00  0.00000000E+00i
      ghz2=  0.00000000E+00  0.00000000E+00i
      ghz3=  0.00000000E+00  0.00000000E+00i
      ghz4=  0.00000000E+00  0.00000000E+00i
      ghz1_prime2=  0.10000000E+01  0.00000000E+00i,    Lambda_z1=  1.0000E+04
      Lambda=  1000.0
    
    LHE output: ./data/output.lhe
    Histogram output: ./data/output.dat
    Log file: ./data/output.log
    
  Running

  Input parameters for vegas:  ndim=  9   ncall= 80707214.
                              it=    0    itmx=   15
                              acc=-1.00    
                              mds=  1     nd=  50
                              (xl,xu)= (  0.00000     ,  1.00000     )
                                       (  0.00000     ,  1.00000     )
                                       (  0.00000     ,  1.00000     )
                                       (  0.00000     ,  1.00000     )
                                       (  0.00000     ,  1.00000     )
                                       (  0.00000     ,  1.00000     )
                                       (  0.00000     ,  1.00000     )
                                       (  0.00000     ,  1.00000     )
                                       (  0.00000     ,  1.00000     )

#********** Integration by Vegas (iteration       1) ************
#                                                               *
#  integral  = 0.60085627E-03   accum. integral = 0.60085627E-03*
#  std. dev. = 0.43972290E-03   accum. std. dev = 0.43972290E-03*
#   min/max. wt. =    0.00000            0.434974E-03           *
#                                                               *
#*************   chi**2/iteration =  0.000       ****************


#********** Integration by Vegas (iteration       2) ************
#                                                               *
#  integral  = 0.92344756E-04   accum. integral = 0.95501040E-04*
#  std. dev. = 0.53408498E-05   accum. std. dev = 0.24783985E-04*
#   min/max. wt. =    0.00000            0.268759E-05           *
#                                                               *
#*************   chi**2/iteration =  2.594       ****************


#********** Integration by Vegas (iteration       3) ************
#                                                               *
#  integral  = 0.10912642E-03   accum. integral = 0.10808862E-03*
#  std. dev. = 0.18066024E-05   accum. std. dev = 0.56740844E-05*
#   min/max. wt. =    0.00000            0.125095E-05           *
#                                                               *
#*************   chi**2/iteration =  2.089       ****************


#********** Integration by Vegas (iteration       4) ************
#                                                               *
#  integral  = 0.11167556E-03   accum. integral = 0.11157964E-03*
#  std. dev. = 0.29455035E-06   accum. std. dev = 0.81657942E-06*
#   min/max. wt. =    0.00000            0.196097E-06           *
#                                                               *
#*************   chi**2/iteration =  1.965       ****************


#********** Integration by Vegas (iteration       5) ************
#                                                               *
#  integral  = 0.11136978E-03   accum. integral = 0.11140172E-03*
#  std. dev. = 0.12278588E-06   accum. std. dev = 0.28939188E-06*
#   min/max. wt. =    0.00000            0.113992E-07           *
#                                                               *
#*************   chi**2/iteration =  1.803       ****************


#********** Integration by Vegas (iteration       6) ************
#                                                               *
#  integral  = 0.11149085E-03   accum. integral = 0.11146522E-03*
#  std. dev. = 0.71897121E-07   accum. std. dev = 0.14380404E-06*
#   min/max. wt. =    0.00000            0.357587E-08           *
#                                                               *
#*************   chi**2/iteration =  1.696       ****************


#********** Integration by Vegas (iteration       7) ************
#                                                               *
#  integral  = 0.11150077E-03   accum. integral = 0.11148227E-03*
#  std. dev. = 0.63232055E-07   accum. std. dev = 0.97466021E-07*
#   min/max. wt. =    0.00000            0.515289E-08           *
#                                                               *
#*************   chi**2/iteration =  1.607       ****************


#********** Integration by Vegas (iteration       8) ************
#                                                               *
#  integral  = 0.11165716E-03   accum. integral = 0.11154254E-03*
#  std. dev. = 0.60472636E-07   accum. std. dev = 0.74869489E-07*
#   min/max. wt. =    0.00000            0.308074E-08           *
#                                                               *
#*************   chi**2/iteration =  1.706       ****************


#********** Integration by Vegas (iteration       9) ************
#                                                               *
#  integral  = 0.11151109E-03   accum. integral = 0.11153421E-03*
#  std. dev. = 0.59094599E-07   accum. std. dev = 0.61373017E-07*
#   min/max. wt. =  -0.656374E-29        0.456238E-08           *
#                                                               *
#*************   chi**2/iteration =  1.640       ****************


#********** Integration by Vegas (iteration      10) ************
#                                                               *
#  integral  = 0.11147374E-03   accum. integral = 0.11152137E-03*
#  std. dev. = 0.58513536E-07   accum. std. dev = 0.52369213E-07*
#   min/max. wt. =    0.00000            0.346608E-08           *
#                                                               *
#*************   chi**2/iteration =  1.601       ****************


#********** Integration by Vegas (iteration      11) ************
#                                                               *
#  integral  = 0.11161646E-03   accum. integral = 0.11153803E-03*
#  std. dev. = 0.58575337E-07   accum. std. dev = 0.45944140E-07*
#   min/max. wt. =    0.00000            0.195167E-08           *
#                                                               *
#*************   chi**2/iteration =  1.606       ****************


#********** Integration by Vegas (iteration      12) ************
#                                                               *
#  integral  = 0.11144558E-03   accum. integral = 0.11152446E-03*
#  std. dev. = 0.59022610E-07   accum. std. dev = 0.41151682E-07*
#   min/max. wt. =  -0.375843E-21        0.405094E-08           *
#                                                               *
#*************   chi**2/iteration =  1.610       ****************


#********** Integration by Vegas (iteration      13) ************
#                                                               *
#  integral  = 0.11149984E-03   accum. integral = 0.11152130E-03*
#  std. dev. = 0.58932706E-07   accum. std. dev = 0.37372060E-07*
#   min/max. wt. =    0.00000            0.171954E-08           *
#                                                               *
#*************   chi**2/iteration =  1.564       ****************


#********** Integration by Vegas (iteration      14) ************
#                                                               *
#  integral  = 0.11159782E-03   accum. integral = 0.11152974E-03*
#  std. dev. = 0.60019613E-07   accum. std. dev = 0.34382308E-07*
#   min/max. wt. =    0.00000            0.237576E-08           *
#                                                               *
#*************   chi**2/iteration =  1.555       ****************


#********** Integration by Vegas (iteration      15) ************
#                                                               *
#  integral  = 0.11149506E-03   accum. integral = 0.11152638E-03*
#  std. dev. = 0.60750061E-07   accum. std. dev = 0.31938689E-07*
#   min/max. wt. =    0.00000            0.256009E-08           *
#                                                               *
#*************   chi**2/iteration =  1.518       ****************


  Input parameters for vegas:  ndim=  9   ncall= 80707214.
                              it=    0    itmx=    2
                              acc=-1.00    
                              mds=  1     nd=  50
                              (xl,xu)= (  0.00000     ,  1.00000     )
                                       (  0.00000     ,  1.00000     )
                                       (  0.00000     ,  1.00000     )
                                       (  0.00000     ,  1.00000     )
                                       (  0.00000     ,  1.00000     )
                                       (  0.00000     ,  1.00000     )
                                       (  0.00000     ,  1.00000     )
                                       (  0.00000     ,  1.00000     )
                                       (  0.00000     ,  1.00000     )

#********** Integration by Vegas (iteration       1) ************
#                                                               *
#  integral  = 0.11156065E-03   accum. integral = 0.11156065E-03*
#  std. dev. = 0.61247623E-07   accum. std. dev = 0.61247623E-07*
#   min/max. wt. =    0.00000            0.525879E-08           *
#                                                               *
#*************   chi**2/iteration =  0.000       ****************


#********** Integration by Vegas (iteration       2) ************
#                                                               *
#  integral  = 0.11149379E-03   accum. integral = 0.11152812E-03*
#  std. dev. = 0.62881965E-07   accum. std. dev = 0.43874680E-07*
#   min/max. wt. =  -0.967572E-20        0.102594E-07           *
#                                                               *
#*************   chi**2/iteration = 0.5795       ****************

 Done
