SLURM job running in:  /scratch/groups/lhc/park/JHUGen/JHUGenerator
LHAPDF 6.1.5 loading /work-zfs/lhc/cms/slc6_amd64_gcc493/external/lhapdf/6.1.5-kpegke3/share/LHAPDF/NNPDF30_lo_as_0130/NNPDF30_lo_as_0130_0000.dat
NNPDF30_lo_as_0130 PDF set, member #0, version 2; LHAPDF ID = 263000
 extending no. of histograms for vbf tests
 
                                                                                          
   ***************************************************************************************
   *                                JHU Generator v6.9.3                                 *
   ***************************************************************************************
   *                                                                                     *
   *   Spin and parity determination of single-produced resonances at hadron colliders   *
   *                                                                                     *
   *          I. Anderson, S. Bolognesi, F. Caola, Y. Gao, A. Gritsan, Z. Guo,           *
   *        C. Martin, K. Melnikov, R.Rontsch, H. Roskes, U. Sarica, M. Schulze,         *
   *                   N. Tran, A. Whitbeck, M. Xiao, C. You, Y. Zhou                    *
   *                Phys.Rev. D81 (2010) 075022;  arXiv:1001.3396 [hep-ph],              *
   *                Phys.Rev. D86 (2012) 095031;  arXiv:1208.4018 [hep-ph],              *
   *                Phys.Rev. D89 (2014) 035007;  arXiv:1309.4819 [hep-ph].              *
   *                                                                                     *
   ***************************************************************************************
                                                                                          
   
   Command line: ./JHUGen Unweighted=0 VegasNc0=99999999 VegasNc1=99999999 VegasNc2=99999999 LHAPDF=NNPDF30_lo_as_0130/NNPDF30_lo_as_0130.info MReso=344 ghz1=0,0 ghz1_prime2=1,0 Process=60 pTjetcut=0 deltaRcut=0
   
   Input Parameter:
    Collider: P-P, sqrt(s)=13000.00
    Resonance: spin=0, mass= 344.00 width=   0.00407
    Z-boson: mass=91.188, width=2.4952
    W-boson: mass=80.399, width=2.0850
    Jet cuts:
            pT >=     0.00 GeV
        DeltaR >=     0.00
           mJJ >=     0.00 GeV
    Random seed:   855239830
    To reproduce results using this seed, JHUGen should be compiled with the same compiler:
      GNU Fortran (GCC) 4.9.3
    
    WidthScheme:   2
    LHAPDF set NNPDF30_lo_as_0130/NNPDF30_lo_as_0130.info, member=  0
    Unweighted: F
    
    spin-0-VV couplings: 
      generate_as=F
      ghg2=  0.10000000E+01  0.00000000E+00i
      ghg3=  0.00000000E+00  0.00000000E+00i
      ghg4=  0.00000000E+00  0.00000000E+00i
      ghz1=  0.00000000E+00  0.00000000E+00i
      ghz2=  0.00000000E+00  0.00000000E+00i
      ghz3=  0.00000000E+00  0.00000000E+00i
      ghz4=  0.00000000E+00  0.00000000E+00i
      ghz1_prime2=  0.10000000E+01  0.00000000E+00i,    Lambda_z1=  1.0000E+04
      Lambda=  1000.0
    
    LHE output: ./data/output.lhe
    Histogram output: ./data/output.dat
    Log file: ./data/output.log
    
  Running

  Input parameters for vegas:  ndim=  9   ncall= 80707214.
                              it=    0    itmx=   15
                              acc=-1.00    
                              mds=  1     nd=  50
                              (xl,xu)= (  0.00000     ,  1.00000     )
                                       (  0.00000     ,  1.00000     )
                                       (  0.00000     ,  1.00000     )
                                       (  0.00000     ,  1.00000     )
                                       (  0.00000     ,  1.00000     )
                                       (  0.00000     ,  1.00000     )
                                       (  0.00000     ,  1.00000     )
                                       (  0.00000     ,  1.00000     )
                                       (  0.00000     ,  1.00000     )

#********** Integration by Vegas (iteration       1) ************
#                                                               *
#  integral  = 0.84677846E-04   accum. integral = 0.84677846E-04*
#  std. dev. = 0.97866229E-05   accum. std. dev = 0.97866229E-05*
#   min/max. wt. =    0.00000            0.675594E-05           *
#                                                               *
#*************   chi**2/iteration = -.8636E-11   ****************


#********** Integration by Vegas (iteration       2) ************
#                                                               *
#  integral  = 0.99617022E-04   accum. integral = 0.96092845E-04*
#  std. dev. = 0.63971651E-05   accum. std. dev = 0.51896020E-05*
#   min/max. wt. =    0.00000            0.534188E-05           *
#                                                               *
#*************   chi**2/iteration =  1.492       ****************


#********** Integration by Vegas (iteration       3) ************
#                                                               *
#  integral  = 0.10848879E-03   accum. integral = 0.10811483E-03*
#  std. dev. = 0.10740947E-05   accum. std. dev = 0.95635965E-06*
#   min/max. wt. =    0.00000            0.474310E-06           *
#                                                               *
#*************   chi**2/iteration =  3.120       ****************


#********** Integration by Vegas (iteration       4) ************
#                                                               *
#  integral  = 0.11029140E-03   accum. integral = 0.11021971E-03*
#  std. dev. = 0.19845564E-06   accum. std. dev = 0.17920858E-06*
#   min/max. wt. =    0.00000            0.384530E-07           *
#                                                               *
#*************   chi**2/iteration =  3.517       ****************


#********** Integration by Vegas (iteration       5) ************
#                                                               *
#  integral  = 0.11038025E-03   accum. integral = 0.11035415E-03*
#  std. dev. = 0.86062369E-07   accum. std. dev = 0.73605519E-07*
#   min/max. wt. =    0.00000            0.673763E-08           *
#                                                               *
#*************   chi**2/iteration =  2.704       ****************


#********** Integration by Vegas (iteration       6) ************
#                                                               *
#  integral  = 0.11049007E-03   accum. integral = 0.11043360E-03*
#  std. dev. = 0.66465815E-07   accum. std. dev = 0.48023115E-07*
#   min/max. wt. =    0.00000            0.457740E-08           *
#                                                               *
#*************   chi**2/iteration =  2.501       ****************


#********** Integration by Vegas (iteration       7) ************
#                                                               *
#  integral  = 0.11030512E-03   accum. integral = 0.11038081E-03*
#  std. dev. = 0.60746772E-07   accum. std. dev = 0.37164094E-07*
#   min/max. wt. =    0.00000            0.513900E-08           *
#                                                               *
#*************   chi**2/iteration =  2.532       ****************


#********** Integration by Vegas (iteration       8) ************
#                                                               *
#  integral  = 0.11026792E-03   accum. integral = 0.11034643E-03*
#  std. dev. = 0.58827012E-07   accum. std. dev = 0.31180824E-07*
#   min/max. wt. =  -0.155277E-22        0.262981E-08           *
#                                                               *
#*************   chi**2/iteration =  2.541       ****************


#********** Integration by Vegas (iteration       9) ************
#                                                               *
#  integral  = 0.11038007E-03   accum. integral = 0.11035449E-03*
#  std. dev. = 0.57901216E-07   accum. std. dev = 0.27321084E-07*
#   min/max. wt. =    0.00000            0.213885E-08           *
#                                                               *
#*************   chi**2/iteration =  2.237       ****************


#********** Integration by Vegas (iteration      10) ************
#                                                               *
#  integral  = 0.11036395E-03   accum. integral = 0.11035632E-03*
#  std. dev. = 0.57861468E-07   accum. std. dev = 0.24629645E-07*
#   min/max. wt. =    0.00000            0.305908E-08           *
#                                                               *
#*************   chi**2/iteration =  1.976       ****************


#********** Integration by Vegas (iteration      11) ************
#                                                               *
#  integral  = 0.11033821E-03   accum. integral = 0.11035341E-03*
#  std. dev. = 0.58175085E-07   accum. std. dev = 0.22634768E-07*
#   min/max. wt. =    0.00000            0.224877E-08           *
#                                                               *
#*************   chi**2/iteration =  1.776       ****************


#********** Integration by Vegas (iteration      12) ************
#                                                               *
#  integral  = 0.11033365E-03   accum. integral = 0.11035073E-03*
#  std. dev. = 0.58824175E-07   accum. std. dev = 0.21095953E-07*
#   min/max. wt. =    0.00000            0.489722E-08           *
#                                                               *
#*************   chi**2/iteration =  1.616       ****************


#********** Integration by Vegas (iteration      13) ************
#                                                               *
#  integral  = 0.11025291E-03   accum. integral = 0.11033904E-03*
#  std. dev. = 0.58765036E-07   accum. std. dev = 0.19835636E-07*
#   min/max. wt. =  -0.145679E-30        0.144911E-08           *
#                                                               *
#*************   chi**2/iteration =  1.689       ****************


#********** Integration by Vegas (iteration      14) ************
#                                                               *
#  integral  = 0.11041364E-03   accum. integral = 0.11034675E-03*
#  std. dev. = 0.59906056E-07   accum. std. dev = 0.18816840E-07*
#   min/max. wt. =    0.00000            0.418875E-08           *
#                                                               *
#*************   chi**2/iteration =  1.665       ****************


#********** Integration by Vegas (iteration      15) ************
#                                                               *
#  integral  = 0.11037918E-03   accum. integral = 0.11034972E-03*
#  std. dev. = 0.60734185E-07   accum. std. dev = 0.17965012E-07*
#   min/max. wt. =    0.00000            0.721485E-08           *
#                                                               *
#*************   chi**2/iteration =  1.561       ****************


  Input parameters for vegas:  ndim=  9   ncall= 80707214.
                              it=    0    itmx=    2
                              acc=-1.00    
                              mds=  1     nd=  50
                              (xl,xu)= (  0.00000     ,  1.00000     )
                                       (  0.00000     ,  1.00000     )
                                       (  0.00000     ,  1.00000     )
                                       (  0.00000     ,  1.00000     )
                                       (  0.00000     ,  1.00000     )
                                       (  0.00000     ,  1.00000     )
                                       (  0.00000     ,  1.00000     )
                                       (  0.00000     ,  1.00000     )
                                       (  0.00000     ,  1.00000     )

#********** Integration by Vegas (iteration       1) ************
#                                                               *
#  integral  = 0.11038443E-03   accum. integral = 0.11038443E-03*
#  std. dev. = 0.61092068E-07   accum. std. dev = 0.61092068E-07*
#   min/max. wt. =    0.00000            0.321179E-08           *
#                                                               *
#*************   chi**2/iteration = 0.4433E-06   ****************


#********** Integration by Vegas (iteration       2) ************
#                                                               *
#  integral  = 0.11026447E-03   accum. integral = 0.11032522E-03*
#  std. dev. = 0.61818905E-07   accum. std. dev = 0.43453032E-07*
#   min/max. wt. =    0.00000            0.323409E-08           *
#                                                               *
#*************   chi**2/iteration =  1.903       ****************

 Done
