SLURM job running in:  /scratch/groups/lhc/park/JHUGen/JHUGenerator
LHAPDF 6.1.5 loading /work-zfs/lhc/cms/slc6_amd64_gcc493/external/lhapdf/6.1.5-kpegke3/share/LHAPDF/NNPDF30_lo_as_0130/NNPDF30_lo_as_0130_0000.dat
NNPDF30_lo_as_0130 PDF set, member #0, version 2; LHAPDF ID = 263000
 extending no. of histograms for vbf tests
 
                                                                                          
   ***************************************************************************************
   *                                JHU Generator v6.9.3                                 *
   ***************************************************************************************
   *                                                                                     *
   *   Spin and parity determination of single-produced resonances at hadron colliders   *
   *                                                                                     *
   *          I. Anderson, S. Bolognesi, F. Caola, Y. Gao, A. Gritsan, Z. Guo,           *
   *        C. Martin, K. Melnikov, R.Rontsch, H. Roskes, U. Sarica, M. Schulze,         *
   *                   N. Tran, A. Whitbeck, M. Xiao, C. You, Y. Zhou                    *
   *                Phys.Rev. D81 (2010) 075022;  arXiv:1001.3396 [hep-ph],              *
   *                Phys.Rev. D86 (2012) 095031;  arXiv:1208.4018 [hep-ph],              *
   *                Phys.Rev. D89 (2014) 035007;  arXiv:1309.4819 [hep-ph].              *
   *                                                                                     *
   ***************************************************************************************
                                                                                          
   
   Command line: ./JHUGen Unweighted=0 VegasNc0=99999999 VegasNc1=99999999 VegasNc2=99999999 LHAPDF=NNPDF30_lo_as_0130/NNPDF30_lo_as_0130.info MReso=392 ghz1=0,0 ghz1_prime2=1,0 Process=60 pTjetcut=0 deltaRcut=0
   
   Input Parameter:
    Collider: P-P, sqrt(s)=13000.00
    Resonance: spin=0, mass= 392.00 width=   0.00407
    Z-boson: mass=91.188, width=2.4952
    W-boson: mass=80.399, width=2.0850
    Jet cuts:
            pT >=     0.00 GeV
        DeltaR >=     0.00
           mJJ >=     0.00 GeV
    Random seed:   383574391
    To reproduce results using this seed, JHUGen should be compiled with the same compiler:
      GNU Fortran (GCC) 4.9.3
    
    WidthScheme:   2
    LHAPDF set NNPDF30_lo_as_0130/NNPDF30_lo_as_0130.info, member=  0
    Unweighted: F
    
    spin-0-VV couplings: 
      generate_as=F
      ghg2=  0.10000000E+01  0.00000000E+00i
      ghg3=  0.00000000E+00  0.00000000E+00i
      ghg4=  0.00000000E+00  0.00000000E+00i
      ghz1=  0.00000000E+00  0.00000000E+00i
      ghz2=  0.00000000E+00  0.00000000E+00i
      ghz3=  0.00000000E+00  0.00000000E+00i
      ghz4=  0.00000000E+00  0.00000000E+00i
      ghz1_prime2=  0.10000000E+01  0.00000000E+00i,    Lambda_z1=  1.0000E+04
      Lambda=  1000.0
    
    LHE output: ./data/output.lhe
    Histogram output: ./data/output.dat
    Log file: ./data/output.log
    
  Running

  Input parameters for vegas:  ndim=  9   ncall= 80707214.
                              it=    0    itmx=   15
                              acc=-1.00    
                              mds=  1     nd=  50
                              (xl,xu)= (  0.00000     ,  1.00000     )
                                       (  0.00000     ,  1.00000     )
                                       (  0.00000     ,  1.00000     )
                                       (  0.00000     ,  1.00000     )
                                       (  0.00000     ,  1.00000     )
                                       (  0.00000     ,  1.00000     )
                                       (  0.00000     ,  1.00000     )
                                       (  0.00000     ,  1.00000     )
                                       (  0.00000     ,  1.00000     )

#********** Integration by Vegas (iteration       1) ************
#                                                               *
#  integral  = 0.74178358E-04   accum. integral = 0.74178358E-04*
#  std. dev. = 0.73707169E-05   accum. std. dev = 0.73707169E-05*
#   min/max. wt. =    0.00000            0.455199E-05           *
#                                                               *
#*************   chi**2/iteration =  0.000       ****************


#********** Integration by Vegas (iteration       2) ************
#                                                               *
#  integral  = 0.91039694E-04   accum. integral = 0.85500915E-04*
#  std. dev. = 0.63270037E-05   accum. std. dev = 0.47290184E-05*
#   min/max. wt. =    0.00000            0.468702E-05           *
#                                                               *
#*************   chi**2/iteration =  2.801       ****************


#********** Integration by Vegas (iteration       3) ************
#                                                               *
#  integral  = 0.96848659E-04   accum. integral = 0.95869442E-04*
#  std. dev. = 0.16949945E-05   accum. std. dev = 0.14702250E-05*
#   min/max. wt. =    0.00000            0.120155E-05           *
#                                                               *
#*************   chi**2/iteration =  3.599       ****************


#********** Integration by Vegas (iteration       4) ************
#                                                               *
#  integral  = 0.97336630E-04   accum. integral = 0.97298651E-04*
#  std. dev. = 0.26544722E-06   accum. std. dev = 0.24315515E-06*
#   min/max. wt. =    0.00000            0.743995E-07           *
#                                                               *
#*************   chi**2/iteration =  2.577       ****************


#********** Integration by Vegas (iteration       5) ************
#                                                               *
#  integral  = 0.97217240E-04   accum. integral = 0.97225460E-04*
#  std. dev. = 0.87691390E-07   accum. std. dev = 0.78475851E-07*
#   min/max. wt. =    0.00000            0.178070E-07           *
#                                                               *
#*************   chi**2/iteration =  1.898       ****************


#********** Integration by Vegas (iteration       6) ************
#                                                               *
#  integral  = 0.97047057E-04   accum. integral = 0.97110411E-04*
#  std. dev. = 0.61592568E-07   accum. std. dev = 0.47225198E-07*
#   min/max. wt. =  -0.183877E-25        0.199006E-08           *
#                                                               *
#*************   chi**2/iteration =  2.142       ****************


#********** Integration by Vegas (iteration       7) ************
#                                                               *
#  integral  = 0.97116464E-04   accum. integral = 0.97113147E-04*
#  std. dev. = 0.54507837E-07   accum. std. dev = 0.35206726E-07*
#   min/max. wt. =  -0.146281E-26        0.501030E-08           *
#                                                               *
#*************   chi**2/iteration =  1.762       ****************


#********** Integration by Vegas (iteration       8) ************
#                                                               *
#  integral  = 0.97090984E-04   accum. integral = 0.97105818E-04*
#  std. dev. = 0.52119032E-07   accum. std. dev = 0.28951863E-07*
#   min/max. wt. =    0.00000            0.326927E-08           *
#                                                               *
#*************   chi**2/iteration =  1.513       ****************


#********** Integration by Vegas (iteration       9) ************
#                                                               *
#  integral  = 0.97115860E-04   accum. integral = 0.97108424E-04*
#  std. dev. = 0.50633381E-07   accum. std. dev = 0.25012443E-07*
#   min/max. wt. =    0.00000            0.291629E-08           *
#                                                               *
#*************   chi**2/iteration =  1.317       ****************


#********** Integration by Vegas (iteration      10) ************
#                                                               *
#  integral  = 0.97193884E-04   accum. integral = 0.97126074E-04*
#  std. dev. = 0.50603475E-07   accum. std. dev = 0.22353035E-07*
#   min/max. wt. =    0.00000            0.293833E-08           *
#                                                               *
#*************   chi**2/iteration =  1.430       ****************


#********** Integration by Vegas (iteration      11) ************
#                                                               *
#  integral  = 0.97184343E-04   accum. integral = 0.97135999E-04*
#  std. dev. = 0.50748732E-07   accum. std. dev = 0.20414283E-07*
#   min/max. wt. =    0.00000            0.177024E-08           *
#                                                               *
#*************   chi**2/iteration =  1.395       ****************


#********** Integration by Vegas (iteration      12) ************
#                                                               *
#  integral  = 0.97226705E-04   accum. integral = 0.97148974E-04*
#  std. dev. = 0.51289305E-07   accum. std. dev = 0.18940126E-07*
#   min/max. wt. =    0.00000            0.530787E-08           *
#                                                               *
#*************   chi**2/iteration =  1.518       ****************


#********** Integration by Vegas (iteration      13) ************
#                                                               *
#  integral  = 0.97166580E-04   accum. integral = 0.97151191E-04*
#  std. dev. = 0.51069549E-07   accum. std. dev = 0.17739698E-07*
#   min/max. wt. =    0.00000            0.258919E-08           *
#                                                               *
#*************   chi**2/iteration =  1.396       ****************


#********** Integration by Vegas (iteration      14) ************
#                                                               *
#  integral  = 0.97197445E-04   accum. integral = 0.97156331E-04*
#  std. dev. = 0.51274372E-07   accum. std. dev = 0.16751531E-07*
#   min/max. wt. =    0.00000            0.220446E-08           *
#                                                               *
#*************   chi**2/iteration =  1.342       ****************


#********** Integration by Vegas (iteration      15) ************
#                                                               *
#  integral  = 0.97118809E-04   accum. integral = 0.97152643E-04*
#  std. dev. = 0.51731430E-07   accum. std. dev = 0.15927962E-07*
#   min/max. wt. =    0.00000            0.162751E-08           *
#                                                               *
#*************   chi**2/iteration =  1.278       ****************


  Input parameters for vegas:  ndim=  9   ncall= 80707214.
                              it=    0    itmx=    2
                              acc=-1.00    
                              mds=  1     nd=  50
                              (xl,xu)= (  0.00000     ,  1.00000     )
                                       (  0.00000     ,  1.00000     )
                                       (  0.00000     ,  1.00000     )
                                       (  0.00000     ,  1.00000     )
                                       (  0.00000     ,  1.00000     )
                                       (  0.00000     ,  1.00000     )
                                       (  0.00000     ,  1.00000     )
                                       (  0.00000     ,  1.00000     )
                                       (  0.00000     ,  1.00000     )

#********** Integration by Vegas (iteration       1) ************
#                                                               *
#  integral  = 0.97161451E-04   accum. integral = 0.97161451E-04*
#  std. dev. = 0.52135599E-07   accum. std. dev = 0.52135599E-07*
#   min/max. wt. =    0.00000            0.174040E-08           *
#                                                               *
#*************   chi**2/iteration = 0.1217E-05   ****************


#********** Integration by Vegas (iteration       2) ************
#                                                               *
#  integral  = 0.97277646E-04   accum. integral = 0.97218823E-04*
#  std. dev. = 0.52854118E-07   accum. std. dev = 0.37117166E-07*
#   min/max. wt. =    0.00000            0.316695E-08           *
#                                                               *
#*************   chi**2/iteration =  2.447       ****************

 Done
