SLURM job running in:  /scratch/groups/lhc/park/JHUGen/JHUGenerator
LHAPDF 6.1.5 loading /work-zfs/lhc/cms/slc6_amd64_gcc493/external/lhapdf/6.1.5-kpegke3/share/LHAPDF/NNPDF30_lo_as_0130/NNPDF30_lo_as_0130_0000.dat
NNPDF30_lo_as_0130 PDF set, member #0, version 2; LHAPDF ID = 263000
 extending no. of histograms for vbf tests
 
                                                                                          
   ***************************************************************************************
   *                                JHU Generator v6.9.3                                 *
   ***************************************************************************************
   *                                                                                     *
   *   Spin and parity determination of single-produced resonances at hadron colliders   *
   *                                                                                     *
   *          I. Anderson, S. Bolognesi, F. Caola, Y. Gao, A. Gritsan, Z. Guo,           *
   *        C. Martin, K. Melnikov, R.Rontsch, H. Roskes, U. Sarica, M. Schulze,         *
   *                   N. Tran, A. Whitbeck, M. Xiao, C. You, Y. Zhou                    *
   *                Phys.Rev. D81 (2010) 075022;  arXiv:1001.3396 [hep-ph],              *
   *                Phys.Rev. D86 (2012) 095031;  arXiv:1208.4018 [hep-ph],              *
   *                Phys.Rev. D89 (2014) 035007;  arXiv:1309.4819 [hep-ph].              *
   *                                                                                     *
   ***************************************************************************************
                                                                                          
   
   Command line: ./JHUGen Unweighted=0 VegasNc0=99999999 VegasNc1=99999999 VegasNc2=99999999 LHAPDF=NNPDF30_lo_as_0130/NNPDF30_lo_as_0130.info MReso=402 ghz1=0,0 ghz1_prime2=1,0 Process=60 pTjetcut=0 deltaRcut=0
   
   Input Parameter:
    Collider: P-P, sqrt(s)=13000.00
    Resonance: spin=0, mass= 402.00 width=   0.00407
    Z-boson: mass=91.188, width=2.4952
    W-boson: mass=80.399, width=2.0850
    Jet cuts:
            pT >=     0.00 GeV
        DeltaR >=     0.00
           mJJ >=     0.00 GeV
    Random seed:   943741884
    To reproduce results using this seed, JHUGen should be compiled with the same compiler:
      GNU Fortran (GCC) 4.9.3
    
    WidthScheme:   2
    LHAPDF set NNPDF30_lo_as_0130/NNPDF30_lo_as_0130.info, member=  0
    Unweighted: F
    
    spin-0-VV couplings: 
      generate_as=F
      ghg2=  0.10000000E+01  0.00000000E+00i
      ghg3=  0.00000000E+00  0.00000000E+00i
      ghg4=  0.00000000E+00  0.00000000E+00i
      ghz1=  0.00000000E+00  0.00000000E+00i
      ghz2=  0.00000000E+00  0.00000000E+00i
      ghz3=  0.00000000E+00  0.00000000E+00i
      ghz4=  0.00000000E+00  0.00000000E+00i
      ghz1_prime2=  0.10000000E+01  0.00000000E+00i,    Lambda_z1=  1.0000E+04
      Lambda=  1000.0
    
    LHE output: ./data/output.lhe
    Histogram output: ./data/output.dat
    Log file: ./data/output.log
    
  Running

  Input parameters for vegas:  ndim=  9   ncall= 80707214.
                              it=    0    itmx=   15
                              acc=-1.00    
                              mds=  1     nd=  50
                              (xl,xu)= (  0.00000     ,  1.00000     )
                                       (  0.00000     ,  1.00000     )
                                       (  0.00000     ,  1.00000     )
                                       (  0.00000     ,  1.00000     )
                                       (  0.00000     ,  1.00000     )
                                       (  0.00000     ,  1.00000     )
                                       (  0.00000     ,  1.00000     )
                                       (  0.00000     ,  1.00000     )
                                       (  0.00000     ,  1.00000     )

#********** Integration by Vegas (iteration       1) ************
#                                                               *
#  integral  = 0.59849340E-04   accum. integral = 0.59849340E-04*
#  std. dev. = 0.35001942E-05   accum. std. dev = 0.35001942E-05*
#   min/max. wt. =    0.00000            0.209844E-05           *
#                                                               *
#*************   chi**2/iteration = 0.3376E-10   ****************


#********** Integration by Vegas (iteration       2) ************
#                                                               *
#  integral  = 0.83421634E-04   accum. integral = 0.75251573E-04*
#  std. dev. = 0.35533033E-05   accum. std. dev = 0.24996127E-05*
#   min/max. wt. =    0.00000            0.171050E-05           *
#                                                               *
#*************   chi**2/iteration =  20.12       ****************


#********** Integration by Vegas (iteration       3) ************
#                                                               *
#  integral  = 0.94343196E-04   accum. integral = 0.87601418E-04*
#  std. dev. = 0.24000016E-05   accum. std. dev = 0.16470901E-05*
#   min/max. wt. =    0.00000            0.187069E-05           *
#                                                               *
#*************   chi**2/iteration =  23.52       ****************


#********** Integration by Vegas (iteration       4) ************
#                                                               *
#  integral  = 0.94394559E-04   accum. integral = 0.94259503E-04*
#  std. dev. = 0.27506706E-06   accum. std. dev = 0.24288097E-06*
#   min/max. wt. =    0.00000            0.613813E-07           *
#                                                               *
#*************   chi**2/iteration =  19.42       ****************


#********** Integration by Vegas (iteration       5) ************
#                                                               *
#  integral  = 0.94710016E-04   accum. integral = 0.94670481E-04*
#  std. dev. = 0.84743805E-07   accum. std. dev = 0.73835562E-07*
#   min/max. wt. =  -0.183942E-20        0.119564E-07           *
#                                                               *
#*************   chi**2/iteration =  14.58       ****************


#********** Integration by Vegas (iteration       6) ************
#                                                               *
#  integral  = 0.94626319E-04   accum. integral = 0.94641556E-04*
#  std. dev. = 0.58693808E-07   accum. std. dev = 0.44085531E-07*
#   min/max. wt. =    0.00000            0.435397E-08           *
#                                                               *
#*************   chi**2/iteration =  11.33       ****************


#********** Integration by Vegas (iteration       7) ************
#                                                               *
#  integral  = 0.94592185E-04   accum. integral = 0.94619154E-04*
#  std. dev. = 0.52100496E-07   accum. std. dev = 0.32953832E-07*
#   min/max. wt. =    0.00000            0.391208E-08           *
#                                                               *
#*************   chi**2/iteration =  9.325       ****************


#********** Integration by Vegas (iteration       8) ************
#                                                               *
#  integral  = 0.94634210E-04   accum. integral = 0.94624049E-04*
#  std. dev. = 0.50583942E-07   accum. std. dev = 0.27299331E-07*
#   min/max. wt. =    0.00000            0.254619E-08           *
#                                                               *
#*************   chi**2/iteration =  7.870       ****************


#********** Integration by Vegas (iteration       9) ************
#                                                               *
#  integral  = 0.94627659E-04   accum. integral = 0.94624952E-04*
#  std. dev. = 0.49949208E-07   accum. std. dev = 0.23793336E-07*
#   min/max. wt. =  -0.131335E-21        0.234471E-08           *
#                                                               *
#*************   chi**2/iteration =  6.799       ****************


#********** Integration by Vegas (iteration      10) ************
#                                                               *
#  integral  = 0.94586934E-04   accum. integral = 0.94617306E-04*
#  std. dev. = 0.49759445E-07   accum. std. dev = 0.21373766E-07*
#   min/max. wt. =    0.00000            0.233306E-08           *
#                                                               *
#*************   chi**2/iteration =  6.040       ****************


#********** Integration by Vegas (iteration      11) ************
#                                                               *
#  integral  = 0.94647560E-04   accum. integral = 0.94622331E-04*
#  std. dev. = 0.50034906E-07   accum. std. dev = 0.19599261E-07*
#   min/max. wt. =    0.00000            0.251240E-08           *
#                                                               *
#*************   chi**2/iteration =  5.424       ****************


#********** Integration by Vegas (iteration      12) ************
#                                                               *
#  integral  = 0.94636211E-04   accum. integral = 0.94624293E-04*
#  std. dev. = 0.50254919E-07   accum. std. dev = 0.18223609E-07*
#   min/max. wt. =    0.00000            0.296384E-08           *
#                                                               *
#*************   chi**2/iteration =  4.904       ****************


#********** Integration by Vegas (iteration      13) ************
#                                                               *
#  integral  = 0.94642441E-04   accum. integral = 0.94626533E-04*
#  std. dev. = 0.50346108E-07   accum. std. dev = 0.17110814E-07*
#   min/max. wt. =    0.00000            0.222531E-08           *
#                                                               *
#*************   chi**2/iteration =  4.480       ****************


#********** Integration by Vegas (iteration      14) ************
#                                                               *
#  integral  = 0.94696867E-04   accum. integral = 0.94634059E-04*
#  std. dev. = 0.51131483E-07   accum. std. dev = 0.16209837E-07*
#   min/max. wt. =    0.00000            0.508111E-08           *
#                                                               *
#*************   chi**2/iteration =  4.253       ****************


#********** Integration by Vegas (iteration      15) ************
#                                                               *
#  integral  = 0.94618908E-04   accum. integral = 0.94632574E-04*
#  std. dev. = 0.50706042E-07   accum. std. dev = 0.15427475E-07*
#   min/max. wt. =    0.00000            0.149276E-08           *
#                                                               *
#*************   chi**2/iteration =  3.939       ****************


  Input parameters for vegas:  ndim=  9   ncall= 80707214.
                              it=    0    itmx=    2
                              acc=-1.00    
                              mds=  1     nd=  50
                              (xl,xu)= (  0.00000     ,  1.00000     )
                                       (  0.00000     ,  1.00000     )
                                       (  0.00000     ,  1.00000     )
                                       (  0.00000     ,  1.00000     )
                                       (  0.00000     ,  1.00000     )
                                       (  0.00000     ,  1.00000     )
                                       (  0.00000     ,  1.00000     )
                                       (  0.00000     ,  1.00000     )
                                       (  0.00000     ,  1.00000     )

#********** Integration by Vegas (iteration       1) ************
#                                                               *
#  integral  = 0.94575918E-04   accum. integral = 0.94575918E-04*
#  std. dev. = 0.51300985E-07   accum. std. dev = 0.51300985E-07*
#   min/max. wt. =    0.00000            0.276475E-08           *
#                                                               *
#*************   chi**2/iteration =  0.000       ****************


#********** Integration by Vegas (iteration       2) ************
#                                                               *
#  integral  = 0.94514856E-04   accum. integral = 0.94546237E-04*
#  std. dev. = 0.52716473E-07   accum. std. dev = 0.36765188E-07*
#   min/max. wt. =    0.00000            0.363331E-08           *
#                                                               *
#*************   chi**2/iteration = 0.6884       ****************

 Done
