SLURM job running in:  /scratch/groups/lhc/park/JHUGen/JHUGenerator
LHAPDF 6.1.5 loading /work-zfs/lhc/cms/slc6_amd64_gcc493/external/lhapdf/6.1.5-kpegke3/share/LHAPDF/NNPDF30_lo_as_0130/NNPDF30_lo_as_0130_0000.dat
NNPDF30_lo_as_0130 PDF set, member #0, version 2; LHAPDF ID = 263000
 extending no. of histograms for vbf tests
 
                                                                                          
   ***************************************************************************************
   *                                JHU Generator v6.9.3                                 *
   ***************************************************************************************
   *                                                                                     *
   *   Spin and parity determination of single-produced resonances at hadron colliders   *
   *                                                                                     *
   *          I. Anderson, S. Bolognesi, F. Caola, Y. Gao, A. Gritsan, Z. Guo,           *
   *        C. Martin, K. Melnikov, R.Rontsch, H. Roskes, U. Sarica, M. Schulze,         *
   *                   N. Tran, A. Whitbeck, M. Xiao, C. You, Y. Zhou                    *
   *                Phys.Rev. D81 (2010) 075022;  arXiv:1001.3396 [hep-ph],              *
   *                Phys.Rev. D86 (2012) 095031;  arXiv:1208.4018 [hep-ph],              *
   *                Phys.Rev. D89 (2014) 035007;  arXiv:1309.4819 [hep-ph].              *
   *                                                                                     *
   ***************************************************************************************
                                                                                          
   
   Command line: ./JHUGen Unweighted=0 VegasNc0=99999999 VegasNc1=99999999 VegasNc2=99999999 LHAPDF=NNPDF30_lo_as_0130/NNPDF30_lo_as_0130.info MReso=424 ghz1=0,0 ghz1_prime2=1,0 Process=60 pTjetcut=0 deltaRcut=0
   
   Input Parameter:
    Collider: P-P, sqrt(s)=13000.00
    Resonance: spin=0, mass= 424.00 width=   0.00407
    Z-boson: mass=91.188, width=2.4952
    W-boson: mass=80.399, width=2.0850
    Jet cuts:
            pT >=     0.00 GeV
        DeltaR >=     0.00
           mJJ >=     0.00 GeV
    Random seed:   975030928
    To reproduce results using this seed, JHUGen should be compiled with the same compiler:
      GNU Fortran (GCC) 4.9.3
    
    WidthScheme:   2
    LHAPDF set NNPDF30_lo_as_0130/NNPDF30_lo_as_0130.info, member=  0
    Unweighted: F
    
    spin-0-VV couplings: 
      generate_as=F
      ghg2=  0.10000000E+01  0.00000000E+00i
      ghg3=  0.00000000E+00  0.00000000E+00i
      ghg4=  0.00000000E+00  0.00000000E+00i
      ghz1=  0.00000000E+00  0.00000000E+00i
      ghz2=  0.00000000E+00  0.00000000E+00i
      ghz3=  0.00000000E+00  0.00000000E+00i
      ghz4=  0.00000000E+00  0.00000000E+00i
      ghz1_prime2=  0.10000000E+01  0.00000000E+00i,    Lambda_z1=  1.0000E+04
      Lambda=  1000.0
    
    LHE output: ./data/output.lhe
    Histogram output: ./data/output.dat
    Log file: ./data/output.log
    
  Running

  Input parameters for vegas:  ndim=  9   ncall= 80707214.
                              it=    0    itmx=   15
                              acc=-1.00    
                              mds=  1     nd=  50
                              (xl,xu)= (  0.00000     ,  1.00000     )
                                       (  0.00000     ,  1.00000     )
                                       (  0.00000     ,  1.00000     )
                                       (  0.00000     ,  1.00000     )
                                       (  0.00000     ,  1.00000     )
                                       (  0.00000     ,  1.00000     )
                                       (  0.00000     ,  1.00000     )
                                       (  0.00000     ,  1.00000     )
                                       (  0.00000     ,  1.00000     )

#********** Integration by Vegas (iteration       1) ************
#                                                               *
#  integral  = 0.69284702E-04   accum. integral = 0.69284702E-04*
#  std. dev. = 0.86405642E-05   accum. std. dev = 0.86405642E-05*
#   min/max. wt. =    0.00000            0.509340E-05           *
#                                                               *
#*************   chi**2/iteration =  0.000       ****************


#********** Integration by Vegas (iteration       2) ************
#                                                               *
#  integral  = 0.78528870E-04   accum. integral = 0.77447642E-04*
#  std. dev. = 0.35642590E-05   accum. std. dev = 0.31583574E-05*
#   min/max. wt. =    0.00000            0.193694E-05           *
#                                                               *
#*************   chi**2/iteration = 0.8839       ****************


#********** Integration by Vegas (iteration       3) ************
#                                                               *
#  integral  = 0.89021799E-04   accum. integral = 0.88099510E-04*
#  std. dev. = 0.11172397E-05   accum. std. dev = 0.95542568E-06*
#   min/max. wt. =    0.00000            0.450565E-06           *
#                                                               *
#*************   chi**2/iteration =  5.763       ****************


#********** Integration by Vegas (iteration       4) ************
#                                                               *
#  integral  = 0.89380237E-04   accum. integral = 0.89352526E-04*
#  std. dev. = 0.16003216E-06   accum. std. dev = 0.14518020E-06*
#   min/max. wt. =    0.00000            0.350799E-07           *
#                                                               *
#*************   chi**2/iteration =  4.150       ****************


#********** Integration by Vegas (iteration       5) ************
#                                                               *
#  integral  = 0.89267384E-04   accum. integral = 0.89281142E-04*
#  std. dev. = 0.69402166E-07   accum. std. dev = 0.59432533E-07*
#   min/max. wt. =    0.00000            0.361843E-08           *
#                                                               *
#*************   chi**2/iteration =  3.071       ****************


#********** Integration by Vegas (iteration       6) ************
#                                                               *
#  integral  = 0.89272650E-04   accum. integral = 0.89276208E-04*
#  std. dev. = 0.53965827E-07   accum. std. dev = 0.38926385E-07*
#   min/max. wt. =    0.00000            0.360876E-08           *
#                                                               *
#*************   chi**2/iteration =  2.402       ****************


#********** Integration by Vegas (iteration       7) ************
#                                                               *
#  integral  = 0.89338047E-04   accum. integral = 0.89301503E-04*
#  std. dev. = 0.49480047E-07   accum. std. dev = 0.30176099E-07*
#   min/max. wt. =  -0.181681E-34        0.230849E-08           *
#                                                               *
#*************   chi**2/iteration =  2.137       ****************


#********** Integration by Vegas (iteration       8) ************
#                                                               *
#  integral  = 0.89352755E-04   accum. integral = 0.89317075E-04*
#  std. dev. = 0.47909594E-07   accum. std. dev = 0.25334949E-07*
#   min/max. wt. =    0.00000            0.209948E-08           *
#                                                               *
#*************   chi**2/iteration =  1.933       ****************


#********** Integration by Vegas (iteration       9) ************
#                                                               *
#  integral  = 0.89366017E-04   accum. integral = 0.89328728E-04*
#  std. dev. = 0.47248562E-07   accum. std. dev = 0.22220697E-07*
#   min/max. wt. =    0.00000            0.240336E-08           *
#                                                               *
#*************   chi**2/iteration =  1.785       ****************


#********** Integration by Vegas (iteration      10) ************
#                                                               *
#  integral  = 0.89292448E-04   accum. integral = 0.89321629E-04*
#  std. dev. = 0.46705621E-07   accum. std. dev = 0.20002921E-07*
#   min/max. wt. =  -0.457243E-29        0.135200E-08           *
#                                                               *
#*************   chi**2/iteration =  1.633       ****************


#********** Integration by Vegas (iteration      11) ************
#                                                               *
#  integral  = 0.89326529E-04   accum. integral = 0.89322419E-04*
#  std. dev. = 0.47147906E-07   accum. std. dev = 0.18376240E-07*
#   min/max. wt. =    0.00000            0.438900E-08           *
#                                                               *
#*************   chi**2/iteration =  1.461       ****************


#********** Integration by Vegas (iteration      12) ************
#                                                               *
#  integral  = 0.89352809E-04   accum. integral = 0.89326658E-04*
#  std. dev. = 0.47028807E-07   accum. std. dev = 0.17090262E-07*
#   min/max. wt. =    0.00000            0.206751E-08           *
#                                                               *
#*************   chi**2/iteration =  1.356       ****************


#********** Integration by Vegas (iteration      13) ************
#                                                               *
#  integral  = 0.89344049E-04   accum. integral = 0.89328740E-04*
#  std. dev. = 0.47625900E-07   accum. std. dev = 0.16069288E-07*
#   min/max. wt. =  -0.653742E-29        0.405535E-08           *
#                                                               *
#*************   chi**2/iteration =  1.248       ****************


#********** Integration by Vegas (iteration      14) ************
#                                                               *
#  integral  = 0.89326795E-04   accum. integral = 0.89328535E-04*
#  std. dev. = 0.48082180E-07   accum. std. dev = 0.15229425E-07*
#   min/max. wt. =    0.00000            0.236150E-08           *
#                                                               *
#*************   chi**2/iteration =  1.148       ****************


#********** Integration by Vegas (iteration      15) ************
#                                                               *
#  integral  = 0.89274991E-04   accum. integral = 0.89323415E-04*
#  std. dev. = 0.47900491E-07   accum. std. dev = 0.14505163E-07*
#   min/max. wt. =    0.00000            0.237499E-08           *
#                                                               *
#*************   chi**2/iteration =  1.147       ****************


  Input parameters for vegas:  ndim=  9   ncall= 80707214.
                              it=    0    itmx=    2
                              acc=-1.00    
                              mds=  1     nd=  50
                              (xl,xu)= (  0.00000     ,  1.00000     )
                                       (  0.00000     ,  1.00000     )
                                       (  0.00000     ,  1.00000     )
                                       (  0.00000     ,  1.00000     )
                                       (  0.00000     ,  1.00000     )
                                       (  0.00000     ,  1.00000     )
                                       (  0.00000     ,  1.00000     )
                                       (  0.00000     ,  1.00000     )
                                       (  0.00000     ,  1.00000     )

#********** Integration by Vegas (iteration       1) ************
#                                                               *
#  integral  = 0.89370084E-04   accum. integral = 0.89370084E-04*
#  std. dev. = 0.48330865E-07   accum. std. dev = 0.48330865E-07*
#   min/max. wt. =    0.00000            0.240690E-08           *
#                                                               *
#*************   chi**2/iteration =  0.000       ****************


#********** Integration by Vegas (iteration       2) ************
#                                                               *
#  integral  = 0.89289920E-04   accum. integral = 0.89329812E-04*
#  std. dev. = 0.48059972E-07   accum. std. dev = 0.34078989E-07*
#   min/max. wt. =    0.00000            0.225486E-08           *
#                                                               *
#*************   chi**2/iteration =  1.382       ****************

 Done
