SLURM job running in:  /scratch/groups/lhc/park/JHUGen/JHUGenerator
LHAPDF 6.1.5 loading /work-zfs/lhc/cms/slc6_amd64_gcc493/external/lhapdf/6.1.5-kpegke3/share/LHAPDF/NNPDF30_lo_as_0130/NNPDF30_lo_as_0130_0000.dat
NNPDF30_lo_as_0130 PDF set, member #0, version 2; LHAPDF ID = 263000
 extending no. of histograms for vbf tests
 
                                                                                          
   ***************************************************************************************
   *                                JHU Generator v6.9.3                                 *
   ***************************************************************************************
   *                                                                                     *
   *   Spin and parity determination of single-produced resonances at hadron colliders   *
   *                                                                                     *
   *          I. Anderson, S. Bolognesi, F. Caola, Y. Gao, A. Gritsan, Z. Guo,           *
   *        C. Martin, K. Melnikov, R.Rontsch, H. Roskes, U. Sarica, M. Schulze,         *
   *                   N. Tran, A. Whitbeck, M. Xiao, C. You, Y. Zhou                    *
   *                Phys.Rev. D81 (2010) 075022;  arXiv:1001.3396 [hep-ph],              *
   *                Phys.Rev. D86 (2012) 095031;  arXiv:1208.4018 [hep-ph],              *
   *                Phys.Rev. D89 (2014) 035007;  arXiv:1309.4819 [hep-ph].              *
   *                                                                                     *
   ***************************************************************************************
                                                                                          
   
   Command line: ./JHUGen Unweighted=0 VegasNc0=99999999 VegasNc1=99999999 VegasNc2=99999999 LHAPDF=NNPDF30_lo_as_0130/NNPDF30_lo_as_0130.info MReso=432 ghz1=0,0 ghz1_prime2=1,0 Process=60 pTjetcut=0 deltaRcut=0
   
   Input Parameter:
    Collider: P-P, sqrt(s)=13000.00
    Resonance: spin=0, mass= 432.00 width=   0.00407
    Z-boson: mass=91.188, width=2.4952
    W-boson: mass=80.399, width=2.0850
    Jet cuts:
            pT >=     0.00 GeV
        DeltaR >=     0.00
           mJJ >=     0.00 GeV
    Random seed:   975030930
    To reproduce results using this seed, JHUGen should be compiled with the same compiler:
      GNU Fortran (GCC) 4.9.3
    
    WidthScheme:   2
    LHAPDF set NNPDF30_lo_as_0130/NNPDF30_lo_as_0130.info, member=  0
    Unweighted: F
    
    spin-0-VV couplings: 
      generate_as=F
      ghg2=  0.10000000E+01  0.00000000E+00i
      ghg3=  0.00000000E+00  0.00000000E+00i
      ghg4=  0.00000000E+00  0.00000000E+00i
      ghz1=  0.00000000E+00  0.00000000E+00i
      ghz2=  0.00000000E+00  0.00000000E+00i
      ghz3=  0.00000000E+00  0.00000000E+00i
      ghz4=  0.00000000E+00  0.00000000E+00i
      ghz1_prime2=  0.10000000E+01  0.00000000E+00i,    Lambda_z1=  1.0000E+04
      Lambda=  1000.0
    
    LHE output: ./data/output.lhe
    Histogram output: ./data/output.dat
    Log file: ./data/output.log
    
  Running

  Input parameters for vegas:  ndim=  9   ncall= 80707214.
                              it=    0    itmx=   15
                              acc=-1.00    
                              mds=  1     nd=  50
                              (xl,xu)= (  0.00000     ,  1.00000     )
                                       (  0.00000     ,  1.00000     )
                                       (  0.00000     ,  1.00000     )
                                       (  0.00000     ,  1.00000     )
                                       (  0.00000     ,  1.00000     )
                                       (  0.00000     ,  1.00000     )
                                       (  0.00000     ,  1.00000     )
                                       (  0.00000     ,  1.00000     )
                                       (  0.00000     ,  1.00000     )

#********** Integration by Vegas (iteration       1) ************
#                                                               *
#  integral  = 0.58434820E-04   accum. integral = 0.58434820E-04*
#  std. dev. = 0.62150402E-05   accum. std. dev = 0.62150402E-05*
#   min/max. wt. =  -0.986227E-11        0.495663E-05           *
#                                                               *
#*************   chi**2/iteration = -.1071E-10   ****************


#********** Integration by Vegas (iteration       2) ************
#                                                               *
#  integral  = 0.95915215E-04   accum. integral = 0.68357420E-04*
#  std. dev. = 0.17000795E-04   accum. std. dev = 0.72428574E-05*
#   min/max. wt. =    0.00000            0.162198E-04           *
#                                                               *
#*************   chi**2/iteration =  5.207       ****************


#********** Integration by Vegas (iteration       3) ************
#                                                               *
#  integral  = 0.84400939E-04   accum. integral = 0.83997888E-04*
#  std. dev. = 0.12356480E-05   accum. std. dev = 0.11724980E-05*
#   min/max. wt. =    0.00000            0.751110E-06           *
#                                                               *
#*************   chi**2/iteration =  4.789       ****************


#********** Integration by Vegas (iteration       4) ************
#                                                               *
#  integral  = 0.87530924E-04   accum. integral = 0.87366182E-04*
#  std. dev. = 0.27982214E-06   accum. std. dev = 0.25834086E-06*
#   min/max. wt. =    0.00000            0.140246E-06           *
#                                                               *
#*************   chi**2/iteration =  5.837       ****************


#********** Integration by Vegas (iteration       5) ************
#                                                               *
#  integral  = 0.87620780E-04   accum. integral = 0.87592239E-04*
#  std. dev. = 0.97182029E-07   accum. std. dev = 0.87535855E-07*
#   min/max. wt. =    0.00000            0.902068E-08           *
#                                                               *
#*************   chi**2/iteration =  4.486       ****************


#********** Integration by Vegas (iteration       6) ************
#                                                               *
#  integral  = 0.87522905E-04   accum. integral = 0.87543018E-04*
#  std. dev. = 0.58472032E-07   accum. std. dev = 0.47506720E-07*
#   min/max. wt. =    0.00000            0.710952E-08           *
#                                                               *
#*************   chi**2/iteration =  3.622       ****************


#********** Integration by Vegas (iteration       7) ************
#                                                               *
#  integral  = 0.87486712E-04   accum. integral = 0.87515321E-04*
#  std. dev. = 0.50049884E-07   accum. std. dev = 0.34043079E-07*
#   min/max. wt. =    0.00000            0.234902E-08           *
#                                                               *
#*************   chi**2/iteration =  3.101       ****************


#********** Integration by Vegas (iteration       8) ************
#                                                               *
#  integral  = 0.87542658E-04   accum. integral = 0.87525013E-04*
#  std. dev. = 0.47394487E-07   accum. std. dev = 0.27460698E-07*
#   min/max. wt. =  -0.222503E-25        0.248524E-08           *
#                                                               *
#*************   chi**2/iteration =  2.669       ****************


#********** Integration by Vegas (iteration       9) ************
#                                                               *
#  integral  = 0.87490930E-04   accum. integral = 0.87515873E-04*
#  std. dev. = 0.46591219E-07   accum. std. dev = 0.23563309E-07*
#   min/max. wt. =    0.00000            0.242379E-08           *
#                                                               *
#*************   chi**2/iteration =  2.373       ****************


#********** Integration by Vegas (iteration      10) ************
#                                                               *
#  integral  = 0.87545071E-04   accum. integral = 0.87522155E-04*
#  std. dev. = 0.46108823E-07   accum. std. dev = 0.20926850E-07*
#   min/max. wt. =    0.00000            0.144245E-08           *
#                                                               *
#*************   chi**2/iteration =  2.135       ****************


#********** Integration by Vegas (iteration      11) ************
#                                                               *
#  integral  = 0.87526856E-04   accum. integral = 0.87522987E-04*
#  std. dev. = 0.46107307E-07   accum. std. dev = 0.19022575E-07*
#   min/max. wt. =  -0.774848E-25        0.154337E-08           *
#                                                               *
#*************   chi**2/iteration =  1.915       ****************


#********** Integration by Vegas (iteration      12) ************
#                                                               *
#  integral  = 0.87509929E-04   accum. integral = 0.87521025E-04*
#  std. dev. = 0.46116720E-07   accum. std. dev = 0.17563815E-07*
#   min/max. wt. =    0.00000            0.246559E-08           *
#                                                               *
#*************   chi**2/iteration =  1.741       ****************


#********** Integration by Vegas (iteration      13) ************
#                                                               *
#  integral  = 0.87537772E-04   accum. integral = 0.87523190E-04*
#  std. dev. = 0.46404313E-07   accum. std. dev = 0.16412005E-07*
#   min/max. wt. =    0.00000            0.378246E-08           *
#                                                               *
#*************   chi**2/iteration =  1.602       ****************


#********** Integration by Vegas (iteration      14) ************
#                                                               *
#  integral  = 0.87545826E-04   accum. integral = 0.87525762E-04*
#  std. dev. = 0.46615578E-07   accum. std. dev = 0.15470381E-07*
#   min/max. wt. =    0.00000            0.189386E-08           *
#                                                               *
#*************   chi**2/iteration =  1.491       ****************


#********** Integration by Vegas (iteration      15) ************
#                                                               *
#  integral  = 0.87534879E-04   accum. integral = 0.87526685E-04*
#  std. dev. = 0.46811278E-07   accum. std. dev = 0.14681716E-07*
#   min/max. wt. =    0.00000            0.149931E-08           *
#                                                               *
#*************   chi**2/iteration =  1.385       ****************


  Input parameters for vegas:  ndim=  9   ncall= 80707214.
                              it=    0    itmx=    2
                              acc=-1.00    
                              mds=  1     nd=  50
                              (xl,xu)= (  0.00000     ,  1.00000     )
                                       (  0.00000     ,  1.00000     )
                                       (  0.00000     ,  1.00000     )
                                       (  0.00000     ,  1.00000     )
                                       (  0.00000     ,  1.00000     )
                                       (  0.00000     ,  1.00000     )
                                       (  0.00000     ,  1.00000     )
                                       (  0.00000     ,  1.00000     )
                                       (  0.00000     ,  1.00000     )

#********** Integration by Vegas (iteration       1) ************
#                                                               *
#  integral  = 0.87602618E-04   accum. integral = 0.87602618E-04*
#  std. dev. = 0.47334704E-07   accum. std. dev = 0.47334704E-07*
#   min/max. wt. =    0.00000            0.139835E-08           *
#                                                               *
#*************   chi**2/iteration =  0.000       ****************


#********** Integration by Vegas (iteration       2) ************
#                                                               *
#  integral  = 0.87536232E-04   accum. integral = 0.87569903E-04*
#  std. dev. = 0.47985041E-07   accum. std. dev = 0.33698091E-07*
#   min/max. wt. =    0.00000            0.206046E-08           *
#                                                               *
#*************   chi**2/iteration = 0.9691       ****************

 Done
