SLURM job running in:  /scratch/groups/lhc/park/JHUGen/JHUGenerator
LHAPDF 6.1.5 loading /work-zfs/lhc/cms/slc6_amd64_gcc493/external/lhapdf/6.1.5-kpegke3/share/LHAPDF/NNPDF30_lo_as_0130/NNPDF30_lo_as_0130_0000.dat
NNPDF30_lo_as_0130 PDF set, member #0, version 2; LHAPDF ID = 263000
 extending no. of histograms for vbf tests
 
                                                                                          
   ***************************************************************************************
   *                                JHU Generator v6.9.3                                 *
   ***************************************************************************************
   *                                                                                     *
   *   Spin and parity determination of single-produced resonances at hadron colliders   *
   *                                                                                     *
   *          I. Anderson, S. Bolognesi, F. Caola, Y. Gao, A. Gritsan, Z. Guo,           *
   *        C. Martin, K. Melnikov, R.Rontsch, H. Roskes, U. Sarica, M. Schulze,         *
   *                   N. Tran, A. Whitbeck, M. Xiao, C. You, Y. Zhou                    *
   *                Phys.Rev. D81 (2010) 075022;  arXiv:1001.3396 [hep-ph],              *
   *                Phys.Rev. D86 (2012) 095031;  arXiv:1208.4018 [hep-ph],              *
   *                Phys.Rev. D89 (2014) 035007;  arXiv:1309.4819 [hep-ph].              *
   *                                                                                     *
   ***************************************************************************************
                                                                                          
   
   Command line: ./JHUGen Unweighted=0 VegasNc0=99999999 VegasNc1=99999999 VegasNc2=99999999 LHAPDF=NNPDF30_lo_as_0130/NNPDF30_lo_as_0130.info MReso=462 ghz1=0,0 ghz1_prime2=1,0 Process=60 pTjetcut=0 deltaRcut=0
   
   Input Parameter:
    Collider: P-P, sqrt(s)=13000.00
    Resonance: spin=0, mass= 462.00 width=   0.00407
    Z-boson: mass=91.188, width=2.4952
    W-boson: mass=80.399, width=2.0850
    Jet cuts:
            pT >=     0.00 GeV
        DeltaR >=     0.00
           mJJ >=     0.00 GeV
    Random seed:   983588323
    To reproduce results using this seed, JHUGen should be compiled with the same compiler:
      GNU Fortran (GCC) 4.9.3
    
    WidthScheme:   2
    LHAPDF set NNPDF30_lo_as_0130/NNPDF30_lo_as_0130.info, member=  0
    Unweighted: F
    
    spin-0-VV couplings: 
      generate_as=F
      ghg2=  0.10000000E+01  0.00000000E+00i
      ghg3=  0.00000000E+00  0.00000000E+00i
      ghg4=  0.00000000E+00  0.00000000E+00i
      ghz1=  0.00000000E+00  0.00000000E+00i
      ghz2=  0.00000000E+00  0.00000000E+00i
      ghz3=  0.00000000E+00  0.00000000E+00i
      ghz4=  0.00000000E+00  0.00000000E+00i
      ghz1_prime2=  0.10000000E+01  0.00000000E+00i,    Lambda_z1=  1.0000E+04
      Lambda=  1000.0
    
    LHE output: ./data/output.lhe
    Histogram output: ./data/output.dat
    Log file: ./data/output.log
    
  Running

  Input parameters for vegas:  ndim=  9   ncall= 80707214.
                              it=    0    itmx=   15
                              acc=-1.00    
                              mds=  1     nd=  50
                              (xl,xu)= (  0.00000     ,  1.00000     )
                                       (  0.00000     ,  1.00000     )
                                       (  0.00000     ,  1.00000     )
                                       (  0.00000     ,  1.00000     )
                                       (  0.00000     ,  1.00000     )
                                       (  0.00000     ,  1.00000     )
                                       (  0.00000     ,  1.00000     )
                                       (  0.00000     ,  1.00000     )
                                       (  0.00000     ,  1.00000     )

#********** Integration by Vegas (iteration       1) ************
#                                                               *
#  integral  = 0.50839852E-04   accum. integral = 0.50839852E-04*
#  std. dev. = 0.40190166E-05   accum. std. dev = 0.40190166E-05*
#   min/max. wt. =    0.00000            0.382270E-05           *
#                                                               *
#*************   chi**2/iteration =  0.000       ****************


#********** Integration by Vegas (iteration       2) ************
#                                                               *
#  integral  = 0.65871501E-04   accum. integral = 0.63642658E-04*
#  std. dev. = 0.21727024E-05   accum. std. dev = 0.17910491E-05*
#   min/max. wt. =    0.00000            0.119902E-05           *
#                                                               *
#*************   chi**2/iteration =  8.887       ****************


#********** Integration by Vegas (iteration       3) ************
#                                                               *
#  integral  = 0.79571884E-04   accum. integral = 0.77854249E-04*
#  std. dev. = 0.84208447E-06   accum. std. dev = 0.66444084E-06*
#   min/max. wt. =    0.00000            0.335002E-06           *
#                                                               *
#*************   chi**2/iteration =  31.12       ****************


#********** Integration by Vegas (iteration       4) ************
#                                                               *
#  integral  = 0.80843572E-04   accum. integral = 0.80740358E-04*
#  std. dev. = 0.15281969E-06   accum. std. dev = 0.13064983E-06*
#   min/max. wt. =    0.00000            0.499582E-07           *
#                                                               *
#*************   chi**2/iteration =  24.34       ****************


#********** Integration by Vegas (iteration       5) ************
#                                                               *
#  integral  = 0.81028850E-04   accum. integral = 0.80983767E-04*
#  std. dev. = 0.64771483E-07   accum. std. dev = 0.53309728E-07*
#   min/max. wt. =    0.00000            0.579616E-08           *
#                                                               *
#*************   chi**2/iteration =  18.10       ****************


#********** Integration by Vegas (iteration       6) ************
#                                                               *
#  integral  = 0.81060205E-04   accum. integral = 0.81029712E-04*
#  std. dev. = 0.48488575E-07   accum. std. dev = 0.34355639E-07*
#   min/max. wt. =    0.00000            0.219570E-08           *
#                                                               *
#*************   chi**2/iteration =  14.15       ****************


#********** Integration by Vegas (iteration       7) ************
#                                                               *
#  integral  = 0.81078755E-04   accum. integral = 0.81049920E-04*
#  std. dev. = 0.44914760E-07   accum. std. dev = 0.26712709E-07*
#   min/max. wt. =    0.00000            0.162367E-08           *
#                                                               *
#*************   chi**2/iteration =  11.60       ****************


#********** Integration by Vegas (iteration       8) ************
#                                                               *
#  integral  = 0.81007115E-04   accum. integral = 0.81036790E-04*
#  std. dev. = 0.43304358E-07   accum. std. dev = 0.22466622E-07*
#   min/max. wt. =    0.00000            0.185893E-08           *
#                                                               *
#*************   chi**2/iteration =  9.858       ****************


#********** Integration by Vegas (iteration       9) ************
#                                                               *
#  integral  = 0.81071881E-04   accum. integral = 0.81045168E-04*
#  std. dev. = 0.42860260E-07   accum. std. dev = 0.19755405E-07*
#   min/max. wt. =    0.00000            0.242713E-08           *
#                                                               *
#*************   chi**2/iteration =  8.564       ****************


#********** Integration by Vegas (iteration      10) ************
#                                                               *
#  integral  = 0.81051893E-04   accum. integral = 0.81046472E-04*
#  std. dev. = 0.42699629E-07   accum. std. dev = 0.17846717E-07*
#   min/max. wt. =    0.00000            0.195207E-08           *
#                                                               *
#*************   chi**2/iteration =  7.522       ****************


#********** Integration by Vegas (iteration      11) ************
#                                                               *
#  integral  = 0.81076487E-04   accum. integral = 0.81051353E-04*
#  std. dev. = 0.42671751E-07   accum. std. dev = 0.16412871E-07*
#   min/max. wt. =    0.00000            0.145394E-08           *
#                                                               *
#*************   chi**2/iteration =  6.748       ****************


#********** Integration by Vegas (iteration      12) ************
#                                                               *
#  integral  = 0.81036933E-04   accum. integral = 0.81049369E-04*
#  std. dev. = 0.43061279E-07   accum. std. dev = 0.15304219E-07*
#   min/max. wt. =    0.00000            0.271196E-08           *
#                                                               *
#*************   chi**2/iteration =  6.095       ****************


#********** Integration by Vegas (iteration      13) ************
#                                                               *
#  integral  = 0.81118972E-04   accum. integral = 0.81057752E-04*
#  std. dev. = 0.43208512E-07   accum. std. dev = 0.14403466E-07*
#   min/max. wt. =    0.00000            0.281036E-08           *
#                                                               *
#*************   chi**2/iteration =  5.754       ****************


#********** Integration by Vegas (iteration      14) ************
#                                                               *
#  integral  = 0.81031067E-04   accum. integral = 0.81054927E-04*
#  std. dev. = 0.43536085E-07   accum. std. dev = 0.13659464E-07*
#   min/max. wt. =    0.00000            0.168236E-08           *
#                                                               *
#*************   chi**2/iteration =  5.308       ****************


#********** Integration by Vegas (iteration      15) ************
#                                                               *
#  integral  = 0.80959025E-04   accum. integral = 0.81045798E-04*
#  std. dev. = 0.43627881E-07   accum. std. dev = 0.13024754E-07*
#   min/max. wt. =    0.00000            0.262961E-08           *
#                                                               *
#*************   chi**2/iteration =  5.239       ****************


  Input parameters for vegas:  ndim=  9   ncall= 80707214.
                              it=    0    itmx=    2
                              acc=-1.00    
                              mds=  1     nd=  50
                              (xl,xu)= (  0.00000     ,  1.00000     )
                                       (  0.00000     ,  1.00000     )
                                       (  0.00000     ,  1.00000     )
                                       (  0.00000     ,  1.00000     )
                                       (  0.00000     ,  1.00000     )
                                       (  0.00000     ,  1.00000     )
                                       (  0.00000     ,  1.00000     )
                                       (  0.00000     ,  1.00000     )
                                       (  0.00000     ,  1.00000     )

#********** Integration by Vegas (iteration       1) ************
#                                                               *
#  integral  = 0.81149681E-04   accum. integral = 0.81149681E-04*
#  std. dev. = 0.44404371E-07   accum. std. dev = 0.44404371E-07*
#   min/max. wt. =  -0.841761E-21        0.249305E-08           *
#                                                               *
#*************   chi**2/iteration = 0.1259E-05   ****************


#********** Integration by Vegas (iteration       2) ************
#                                                               *
#  integral  = 0.81140480E-04   accum. integral = 0.81145189E-04*
#  std. dev. = 0.45456901E-07   accum. std. dev = 0.31764178E-07*
#   min/max. wt. =    0.00000            0.688472E-08           *
#                                                               *
#*************   chi**2/iteration = 0.2095E-01   ****************

 Done
