SLURM job running in:  /scratch/groups/lhc/park/JHUGen/JHUGenerator
LHAPDF 6.1.5 loading /work-zfs/lhc/cms/slc6_amd64_gcc493/external/lhapdf/6.1.5-kpegke3/share/LHAPDF/NNPDF30_lo_as_0130/NNPDF30_lo_as_0130_0000.dat
NNPDF30_lo_as_0130 PDF set, member #0, version 2; LHAPDF ID = 263000
 extending no. of histograms for vbf tests
 
                                                                                          
   ***************************************************************************************
   *                                JHU Generator v6.9.3                                 *
   ***************************************************************************************
   *                                                                                     *
   *   Spin and parity determination of single-produced resonances at hadron colliders   *
   *                                                                                     *
   *          I. Anderson, S. Bolognesi, F. Caola, Y. Gao, A. Gritsan, Z. Guo,           *
   *        C. Martin, K. Melnikov, R.Rontsch, H. Roskes, U. Sarica, M. Schulze,         *
   *                   N. Tran, A. Whitbeck, M. Xiao, C. You, Y. Zhou                    *
   *                Phys.Rev. D81 (2010) 075022;  arXiv:1001.3396 [hep-ph],              *
   *                Phys.Rev. D86 (2012) 095031;  arXiv:1208.4018 [hep-ph],              *
   *                Phys.Rev. D89 (2014) 035007;  arXiv:1309.4819 [hep-ph].              *
   *                                                                                     *
   ***************************************************************************************
                                                                                          
   
   Command line: ./JHUGen Unweighted=0 VegasNc0=99999999 VegasNc1=99999999 VegasNc2=99999999 LHAPDF=NNPDF30_lo_as_0130/NNPDF30_lo_as_0130.info MReso=474 ghz1=0,0 ghz1_prime2=1,0 Process=60 pTjetcut=0 deltaRcut=0
   
   Input Parameter:
    Collider: P-P, sqrt(s)=13000.00
    Resonance: spin=0, mass= 474.00 width=   0.00407
    Z-boson: mass=91.188, width=2.4952
    W-boson: mass=80.399, width=2.0850
    Jet cuts:
            pT >=     0.00 GeV
        DeltaR >=     0.00
           mJJ >=     0.00 GeV
    Random seed:   473701946
    To reproduce results using this seed, JHUGen should be compiled with the same compiler:
      GNU Fortran (GCC) 4.9.3
    
    WidthScheme:   2
    LHAPDF set NNPDF30_lo_as_0130/NNPDF30_lo_as_0130.info, member=  0
    Unweighted: F
    
    spin-0-VV couplings: 
      generate_as=F
      ghg2=  0.10000000E+01  0.00000000E+00i
      ghg3=  0.00000000E+00  0.00000000E+00i
      ghg4=  0.00000000E+00  0.00000000E+00i
      ghz1=  0.00000000E+00  0.00000000E+00i
      ghz2=  0.00000000E+00  0.00000000E+00i
      ghz3=  0.00000000E+00  0.00000000E+00i
      ghz4=  0.00000000E+00  0.00000000E+00i
      ghz1_prime2=  0.10000000E+01  0.00000000E+00i,    Lambda_z1=  1.0000E+04
      Lambda=  1000.0
    
    LHE output: ./data/output.lhe
    Histogram output: ./data/output.dat
    Log file: ./data/output.log
    
  Running

  Input parameters for vegas:  ndim=  9   ncall= 80707214.
                              it=    0    itmx=   15
                              acc=-1.00    
                              mds=  1     nd=  50
                              (xl,xu)= (  0.00000     ,  1.00000     )
                                       (  0.00000     ,  1.00000     )
                                       (  0.00000     ,  1.00000     )
                                       (  0.00000     ,  1.00000     )
                                       (  0.00000     ,  1.00000     )
                                       (  0.00000     ,  1.00000     )
                                       (  0.00000     ,  1.00000     )
                                       (  0.00000     ,  1.00000     )
                                       (  0.00000     ,  1.00000     )

#********** Integration by Vegas (iteration       1) ************
#                                                               *
#  integral  = 0.53111748E-04   accum. integral = 0.53111748E-04*
#  std. dev. = 0.70870354E-05   accum. std. dev = 0.70870354E-05*
#   min/max. wt. =    0.00000            0.693156E-05           *
#                                                               *
#*************   chi**2/iteration =  0.000       ****************


#********** Integration by Vegas (iteration       2) ************
#                                                               *
#  integral  = 0.69840606E-04   accum. integral = 0.62843865E-04*
#  std. dev. = 0.79018035E-05   accum. std. dev = 0.53540044E-05*
#   min/max. wt. =    0.00000            0.586129E-05           *
#                                                               *
#*************   chi**2/iteration =  2.373       ****************


#********** Integration by Vegas (iteration       3) ************
#                                                               *
#  integral  = 0.78534861E-04   accum. integral = 0.76624596E-04*
#  std. dev. = 0.25232600E-05   accum. std. dev = 0.20470570E-05*
#   min/max. wt. =    0.00000            0.189407E-05           *
#                                                               *
#*************   chi**2/iteration =  4.128       ****************


#********** Integration by Vegas (iteration       4) ************
#                                                               *
#  integral  = 0.78838821E-04   accum. integral = 0.78802083E-04*
#  std. dev. = 0.30834401E-06   accum. std. dev = 0.27481100E-06*
#   min/max. wt. =    0.00000            0.128849E-06           *
#                                                               *
#*************   chi**2/iteration =  2.887       ****************


#********** Integration by Vegas (iteration       5) ************
#                                                               *
#  integral  = 0.78635858E-04   accum. integral = 0.78647699E-04*
#  std. dev. = 0.84463567E-07   accum. std. dev = 0.75025629E-07*
#   min/max. wt. =    0.00000            0.104322E-07           *
#                                                               *
#*************   chi**2/iteration =  2.151       ****************


#********** Integration by Vegas (iteration       6) ************
#                                                               *
#  integral  = 0.78753851E-04   accum. integral = 0.78723810E-04*
#  std. dev. = 0.51215919E-07   accum. std. dev = 0.40508215E-07*
#   min/max. wt. =  -0.402478E-25        0.246709E-08           *
#                                                               *
#*************   chi**2/iteration =  1.949       ****************


#********** Integration by Vegas (iteration       7) ************
#                                                               *
#  integral  = 0.78603047E-04   accum. integral = 0.78664624E-04*
#  std. dev. = 0.44150097E-07   accum. std. dev = 0.29217222E-07*
#   min/max. wt. =    0.00000            0.398211E-08           *
#                                                               *
#*************   chi**2/iteration =  2.303       ****************


#********** Integration by Vegas (iteration       8) ************
#                                                               *
#  integral  = 0.78709776E-04   accum. integral = 0.78680391E-04*
#  std. dev. = 0.42252821E-07   accum. std. dev = 0.23749524E-07*
#   min/max. wt. =    0.00000            0.303294E-08           *
#                                                               *
#*************   chi**2/iteration =  2.062       ****************


#********** Integration by Vegas (iteration       9) ************
#                                                               *
#  integral  = 0.78607364E-04   accum. integral = 0.78660681E-04*
#  std. dev. = 0.41012856E-07   accum. std. dev = 0.20408186E-07*
#   min/max. wt. =    0.00000            0.170139E-08           *
#                                                               *
#*************   chi**2/iteration =  2.099       ****************


#********** Integration by Vegas (iteration      10) ************
#                                                               *
#  integral  = 0.78628978E-04   accum. integral = 0.78653802E-04*
#  std. dev. = 0.40484524E-07   accum. std. dev = 0.18140283E-07*
#   min/max. wt. =    0.00000            0.147707E-08           *
#                                                               *
#*************   chi**2/iteration =  1.907       ****************


#********** Integration by Vegas (iteration      11) ************
#                                                               *
#  integral  = 0.78638108E-04   accum. integral = 0.78650997E-04*
#  std. dev. = 0.40429654E-07   accum. std. dev = 0.16499815E-07*
#   min/max. wt. =    0.00000            0.188895E-08           *
#                                                               *
#*************   chi**2/iteration =  1.717       ****************


#********** Integration by Vegas (iteration      12) ************
#                                                               *
#  integral  = 0.78676057E-04   accum. integral = 0.78654754E-04*
#  std. dev. = 0.40716401E-07   accum. std. dev = 0.15259485E-07*
#   min/max. wt. =    0.00000            0.204397E-08           *
#                                                               *
#*************   chi**2/iteration =  1.583       ****************


#********** Integration by Vegas (iteration      13) ************
#                                                               *
#  integral  = 0.78710974E-04   accum. integral = 0.78661998E-04*
#  std. dev. = 0.41013712E-07   accum. std. dev = 0.14279958E-07*
#   min/max. wt. =  -0.324999E-30        0.233871E-08           *
#                                                               *
#*************   chi**2/iteration =  1.588       ****************


#********** Integration by Vegas (iteration      14) ************
#                                                               *
#  integral  = 0.78639845E-04   accum. integral = 0.78659474E-04*
#  std. dev. = 0.41016760E-07   accum. std. dev = 0.13471024E-07*
#   min/max. wt. =    0.00000            0.174938E-08           *
#                                                               *
#*************   chi**2/iteration =  1.481       ****************


#********** Integration by Vegas (iteration      15) ************
#                                                               *
#  integral  = 0.78610607E-04   accum. integral = 0.78654619E-04*
#  std. dev. = 0.41672482E-07   accum. std. dev = 0.12808033E-07*
#   min/max. wt. =    0.00000            0.192590E-08           *
#                                                               *
#*************   chi**2/iteration =  1.463       ****************


  Input parameters for vegas:  ndim=  9   ncall= 80707214.
                              it=    0    itmx=    2
                              acc=-1.00    
                              mds=  1     nd=  50
                              (xl,xu)= (  0.00000     ,  1.00000     )
                                       (  0.00000     ,  1.00000     )
                                       (  0.00000     ,  1.00000     )
                                       (  0.00000     ,  1.00000     )
                                       (  0.00000     ,  1.00000     )
                                       (  0.00000     ,  1.00000     )
                                       (  0.00000     ,  1.00000     )
                                       (  0.00000     ,  1.00000     )
                                       (  0.00000     ,  1.00000     )

#********** Integration by Vegas (iteration       1) ************
#                                                               *
#  integral  = 0.78698638E-04   accum. integral = 0.78698638E-04*
#  std. dev. = 0.42245763E-07   accum. std. dev = 0.42245763E-07*
#   min/max. wt. =    0.00000            0.170471E-08           *
#                                                               *
#*************   chi**2/iteration = 0.1390E-05   ****************


#********** Integration by Vegas (iteration       2) ************
#                                                               *
#  integral  = 0.78666485E-04   accum. integral = 0.78682814E-04*
#  std. dev. = 0.42897672E-07   accum. std. dev = 0.30100009E-07*
#   min/max. wt. =    0.00000            0.353965E-08           *
#                                                               *
#*************   chi**2/iteration = 0.2849       ****************

 Done
