SLURM job running in:  /scratch/groups/lhc/park/JHUGen/JHUGenerator
LHAPDF 6.1.5 loading /work-zfs/lhc/cms/slc6_amd64_gcc493/external/lhapdf/6.1.5-kpegke3/share/LHAPDF/NNPDF30_lo_as_0130/NNPDF30_lo_as_0130_0000.dat
NNPDF30_lo_as_0130 PDF set, member #0, version 2; LHAPDF ID = 263000
 extending no. of histograms for vbf tests
 
                                                                                          
   ***************************************************************************************
   *                                JHU Generator v6.9.3                                 *
   ***************************************************************************************
   *                                                                                     *
   *   Spin and parity determination of single-produced resonances at hadron colliders   *
   *                                                                                     *
   *          I. Anderson, S. Bolognesi, F. Caola, Y. Gao, A. Gritsan, Z. Guo,           *
   *        C. Martin, K. Melnikov, R.Rontsch, H. Roskes, U. Sarica, M. Schulze,         *
   *                   N. Tran, A. Whitbeck, M. Xiao, C. You, Y. Zhou                    *
   *                Phys.Rev. D81 (2010) 075022;  arXiv:1001.3396 [hep-ph],              *
   *                Phys.Rev. D86 (2012) 095031;  arXiv:1208.4018 [hep-ph],              *
   *                Phys.Rev. D89 (2014) 035007;  arXiv:1309.4819 [hep-ph].              *
   *                                                                                     *
   ***************************************************************************************
                                                                                          
   
   Command line: ./JHUGen Unweighted=0 VegasNc0=99999999 VegasNc1=99999999 VegasNc2=99999999 LHAPDF=NNPDF30_lo_as_0130/NNPDF30_lo_as_0130.info MReso=494 ghz1=0,0 ghz1_prime2=1,0 Process=60 pTjetcut=0 deltaRcut=0
   
   Input Parameter:
    Collider: P-P, sqrt(s)=13000.00
    Resonance: spin=0, mass= 494.00 width=   0.00407
    Z-boson: mass=91.188, width=2.4952
    W-boson: mass=80.399, width=2.0850
    Jet cuts:
            pT >=     0.00 GeV
        DeltaR >=     0.00
           mJJ >=     0.00 GeV
    Random seed:   667980817
    To reproduce results using this seed, JHUGen should be compiled with the same compiler:
      GNU Fortran (GCC) 4.9.3
    
    WidthScheme:   2
    LHAPDF set NNPDF30_lo_as_0130/NNPDF30_lo_as_0130.info, member=  0
    Unweighted: F
    
    spin-0-VV couplings: 
      generate_as=F
      ghg2=  0.10000000E+01  0.00000000E+00i
      ghg3=  0.00000000E+00  0.00000000E+00i
      ghg4=  0.00000000E+00  0.00000000E+00i
      ghz1=  0.00000000E+00  0.00000000E+00i
      ghz2=  0.00000000E+00  0.00000000E+00i
      ghz3=  0.00000000E+00  0.00000000E+00i
      ghz4=  0.00000000E+00  0.00000000E+00i
      ghz1_prime2=  0.10000000E+01  0.00000000E+00i,    Lambda_z1=  1.0000E+04
      Lambda=  1000.0
    
    LHE output: ./data/output.lhe
    Histogram output: ./data/output.dat
    Log file: ./data/output.log
    
  Running

  Input parameters for vegas:  ndim=  9   ncall= 80707214.
                              it=    0    itmx=   15
                              acc=-1.00    
                              mds=  1     nd=  50
                              (xl,xu)= (  0.00000     ,  1.00000     )
                                       (  0.00000     ,  1.00000     )
                                       (  0.00000     ,  1.00000     )
                                       (  0.00000     ,  1.00000     )
                                       (  0.00000     ,  1.00000     )
                                       (  0.00000     ,  1.00000     )
                                       (  0.00000     ,  1.00000     )
                                       (  0.00000     ,  1.00000     )
                                       (  0.00000     ,  1.00000     )

#********** Integration by Vegas (iteration       1) ************
#                                                               *
#  integral  = 0.54404785E-04   accum. integral = 0.54404785E-04*
#  std. dev. = 0.71441225E-05   accum. std. dev = 0.71441225E-05*
#   min/max. wt. =    0.00000            0.633590E-05           *
#                                                               *
#*************   chi**2/iteration =  0.000       ****************


#********** Integration by Vegas (iteration       2) ************
#                                                               *
#  integral  = 0.61858324E-04   accum. integral = 0.60973938E-04*
#  std. dev. = 0.29804112E-05   accum. std. dev = 0.26348387E-05*
#   min/max. wt. =    0.00000            0.158840E-05           *
#                                                               *
#*************   chi**2/iteration = 0.8360       ****************


#********** Integration by Vegas (iteration       3) ************
#                                                               *
#  integral  = 0.73662680E-04   accum. integral = 0.72270074E-04*
#  std. dev. = 0.11698984E-05   accum. std. dev = 0.95608912E-06*
#   min/max. wt. =    0.00000            0.497507E-06           *
#                                                               *
#*************   chi**2/iteration =  8.949       ****************


#********** Integration by Vegas (iteration       4) ************
#                                                               *
#  integral  = 0.74915952E-04   accum. integral = 0.74864319E-04*
#  std. dev. = 0.15837623E-06   accum. std. dev = 0.13973979E-06*
#   min/max. wt. =  -0.546275E-20        0.416518E-07           *
#                                                               *
#*************   chi**2/iteration =  7.737       ****************


#********** Integration by Vegas (iteration       5) ************
#                                                               *
#  integral  = 0.74904628E-04   accum. integral = 0.74899245E-04*
#  std. dev. = 0.61560538E-07   accum. std. dev = 0.52374249E-07*
#   min/max. wt. =  -0.139647E-18        0.898312E-08           *
#                                                               *
#*************   chi**2/iteration =  5.534       ****************


#********** Integration by Vegas (iteration       6) ************
#                                                               *
#  integral  = 0.74814970E-04   accum. integral = 0.74847750E-04*
#  std. dev. = 0.45665064E-07   accum. std. dev = 0.33189049E-07*
#   min/max. wt. =    0.00000            0.401133E-08           *
#                                                               *
#*************   chi**2/iteration =  4.595       ****************


#********** Integration by Vegas (iteration       7) ************
#                                                               *
#  integral  = 0.74802283E-04   accum. integral = 0.74828089E-04*
#  std. dev. = 0.40887700E-07   accum. std. dev = 0.25281436E-07*
#   min/max. wt. =    0.00000            0.158577E-08           *
#                                                               *
#*************   chi**2/iteration =  3.878       ****************


#********** Integration by Vegas (iteration       8) ************
#                                                               *
#  integral  = 0.74858455E-04   accum. integral = 0.74837575E-04*
#  std. dev. = 0.39922229E-07   accum. std. dev = 0.21137451E-07*
#   min/max. wt. =    0.00000            0.361042E-08           *
#                                                               *
#*************   chi**2/iteration =  3.333       ****************


#********** Integration by Vegas (iteration       9) ************
#                                                               *
#  integral  = 0.74866053E-04   accum. integral = 0.74844395E-04*
#  std. dev. = 0.39766853E-07   accum. std. dev = 0.18550455E-07*
#   min/max. wt. =    0.00000            0.313904E-08           *
#                                                               *
#*************   chi**2/iteration =  2.934       ****************


#********** Integration by Vegas (iteration      10) ************
#                                                               *
#  integral  = 0.74827408E-04   accum. integral = 0.74841011E-04*
#  std. dev. = 0.39002724E-07   accum. std. dev = 0.16682984E-07*
#   min/max. wt. =    0.00000            0.312202E-08           *
#                                                               *
#*************   chi**2/iteration =  2.600       ****************


#********** Integration by Vegas (iteration      11) ************
#                                                               *
#  integral  = 0.74810194E-04   accum. integral = 0.74835860E-04*
#  std. dev. = 0.38844510E-07   accum. std. dev = 0.15285809E-07*
#   min/max. wt. =    0.00000            0.153342E-08           *
#                                                               *
#*************   chi**2/iteration =  2.378       ****************


#********** Integration by Vegas (iteration      12) ************
#                                                               *
#  integral  = 0.74778761E-04   accum. integral = 0.74827765E-04*
#  std. dev. = 0.39056684E-07   accum. std. dev = 0.14207060E-07*
#   min/max. wt. =  -0.837872E-22        0.123628E-08           *
#                                                               *
#*************   chi**2/iteration =  2.327       ****************


#********** Integration by Vegas (iteration      13) ************
#                                                               *
#  integral  = 0.74823593E-04   accum. integral = 0.74827254E-04*
#  std. dev. = 0.39411180E-07   accum. std. dev = 0.13346804E-07*
#   min/max. wt. =    0.00000            0.249248E-08           *
#                                                               *
#*************   chi**2/iteration =  2.122       ****************


#********** Integration by Vegas (iteration      14) ************
#                                                               *
#  integral  = 0.74784072E-04   accum. integral = 0.74822589E-04*
#  std. dev. = 0.39588694E-07   accum. std. dev = 0.12634739E-07*
#   min/max. wt. =    0.00000            0.347151E-08           *
#                                                               *
#*************   chi**2/iteration =  2.036       ****************


#********** Integration by Vegas (iteration      15) ************
#                                                               *
#  integral  = 0.74855785E-04   accum. integral = 0.74825748E-04*
#  std. dev. = 0.40164359E-07   accum. std. dev = 0.12043667E-07*
#   min/max. wt. =    0.00000            0.177300E-08           *
#                                                               *
#*************   chi**2/iteration =  1.930       ****************


  Input parameters for vegas:  ndim=  9   ncall= 80707214.
                              it=    0    itmx=    2
                              acc=-1.00    
                              mds=  1     nd=  50
                              (xl,xu)= (  0.00000     ,  1.00000     )
                                       (  0.00000     ,  1.00000     )
                                       (  0.00000     ,  1.00000     )
                                       (  0.00000     ,  1.00000     )
                                       (  0.00000     ,  1.00000     )
                                       (  0.00000     ,  1.00000     )
                                       (  0.00000     ,  1.00000     )
                                       (  0.00000     ,  1.00000     )
                                       (  0.00000     ,  1.00000     )

#********** Integration by Vegas (iteration       1) ************
#                                                               *
#  integral  = 0.74739549E-04   accum. integral = 0.74739549E-04*
#  std. dev. = 0.40240845E-07   accum. std. dev = 0.40240845E-07*
#   min/max. wt. =    0.00000            0.205053E-08           *
#                                                               *
#*************   chi**2/iteration = -.5108E-06   ****************


#********** Integration by Vegas (iteration       2) ************
#                                                               *
#  integral  = 0.74744222E-04   accum. integral = 0.74741850E-04*
#  std. dev. = 0.40851307E-07   accum. std. dev = 0.28667982E-07*
#   min/max. wt. =    0.00000            0.218554E-08           *
#                                                               *
#*************   chi**2/iteration = 0.6633E-02   ****************

 Done
