SLURM job running in:  /scratch/groups/lhc/park/JHUGen/JHUGenerator
LHAPDF 6.1.5 loading /work-zfs/lhc/cms/slc6_amd64_gcc493/external/lhapdf/6.1.5-kpegke3/share/LHAPDF/NNPDF30_lo_as_0130/NNPDF30_lo_as_0130_0000.dat
NNPDF30_lo_as_0130 PDF set, member #0, version 2; LHAPDF ID = 263000
 extending no. of histograms for vbf tests
 
                                                                                          
   ***************************************************************************************
   *                                JHU Generator v6.9.3                                 *
   ***************************************************************************************
   *                                                                                     *
   *   Spin and parity determination of single-produced resonances at hadron colliders   *
   *                                                                                     *
   *          I. Anderson, S. Bolognesi, F. Caola, Y. Gao, A. Gritsan, Z. Guo,           *
   *        C. Martin, K. Melnikov, R.Rontsch, H. Roskes, U. Sarica, M. Schulze,         *
   *                   N. Tran, A. Whitbeck, M. Xiao, C. You, Y. Zhou                    *
   *                Phys.Rev. D81 (2010) 075022;  arXiv:1001.3396 [hep-ph],              *
   *                Phys.Rev. D86 (2012) 095031;  arXiv:1208.4018 [hep-ph],              *
   *                Phys.Rev. D89 (2014) 035007;  arXiv:1309.4819 [hep-ph].              *
   *                                                                                     *
   ***************************************************************************************
                                                                                          
   
   Command line: ./JHUGen Unweighted=0 VegasNc0=99999999 VegasNc1=99999999 VegasNc2=99999999 LHAPDF=NNPDF30_lo_as_0130/NNPDF30_lo_as_0130.info MReso=520 ghz1=0,0 ghz1_prime2=1,0 Process=60 pTjetcut=0 deltaRcut=0
   
   Input Parameter:
    Collider: P-P, sqrt(s)=13000.00
    Resonance: spin=0, mass= 520.00 width=   0.00407
    Z-boson: mass=91.188, width=2.4952
    W-boson: mass=80.399, width=2.0850
    Jet cuts:
            pT >=     0.00 GeV
        DeltaR >=     0.00
           mJJ >=     0.00 GeV
    Random seed:   424146529
    To reproduce results using this seed, JHUGen should be compiled with the same compiler:
      GNU Fortran (GCC) 4.9.3
    
    WidthScheme:   2
    LHAPDF set NNPDF30_lo_as_0130/NNPDF30_lo_as_0130.info, member=  0
    Unweighted: F
    
    spin-0-VV couplings: 
      generate_as=F
      ghg2=  0.10000000E+01  0.00000000E+00i
      ghg3=  0.00000000E+00  0.00000000E+00i
      ghg4=  0.00000000E+00  0.00000000E+00i
      ghz1=  0.00000000E+00  0.00000000E+00i
      ghz2=  0.00000000E+00  0.00000000E+00i
      ghz3=  0.00000000E+00  0.00000000E+00i
      ghz4=  0.00000000E+00  0.00000000E+00i
      ghz1_prime2=  0.10000000E+01  0.00000000E+00i,    Lambda_z1=  1.0000E+04
      Lambda=  1000.0
    
    LHE output: ./data/output.lhe
    Histogram output: ./data/output.dat
    Log file: ./data/output.log
    
  Running

  Input parameters for vegas:  ndim=  9   ncall= 80707214.
                              it=    0    itmx=   15
                              acc=-1.00    
                              mds=  1     nd=  50
                              (xl,xu)= (  0.00000     ,  1.00000     )
                                       (  0.00000     ,  1.00000     )
                                       (  0.00000     ,  1.00000     )
                                       (  0.00000     ,  1.00000     )
                                       (  0.00000     ,  1.00000     )
                                       (  0.00000     ,  1.00000     )
                                       (  0.00000     ,  1.00000     )
                                       (  0.00000     ,  1.00000     )
                                       (  0.00000     ,  1.00000     )

#********** Integration by Vegas (iteration       1) ************
#                                                               *
#  integral  = 0.49461272E-04   accum. integral = 0.49461272E-04*
#  std. dev. = 0.85969692E-05   accum. std. dev = 0.85969692E-05*
#   min/max. wt. =    0.00000            0.816805E-05           *
#                                                               *
#*************   chi**2/iteration =  0.000       ****************


#********** Integration by Vegas (iteration       2) ************
#                                                               *
#  integral  = 0.52212298E-04   accum. integral = 0.52110512E-04*
#  std. dev. = 0.17788347E-05   accum. std. dev = 0.17002512E-05*
#   min/max. wt. =    0.00000            0.105120E-05           *
#                                                               *
#*************   chi**2/iteration = 0.9319E-01   ****************


#********** Integration by Vegas (iteration       3) ************
#                                                               *
#  integral  = 0.70162151E-04   accum. integral = 0.58768175E-04*
#  std. dev. = 0.30687094E-05   accum. std. dev = 0.15408266E-05*
#   min/max. wt. =    0.00000            0.270055E-05           *
#                                                               *
#*************   chi**2/iteration =  16.00       ****************


#********** Integration by Vegas (iteration       4) ************
#                                                               *
#  integral  = 0.70195307E-04   accum. integral = 0.69841122E-04*
#  std. dev. = 0.33346260E-06   accum. std. dev = 0.28657963E-06*
#   min/max. wt. =    0.00000            0.125447E-06           *
#                                                               *
#*************   chi**2/iteration =  25.47       ****************


#********** Integration by Vegas (iteration       5) ************
#                                                               *
#  integral  = 0.69996111E-04   accum. integral = 0.69987643E-04*
#  std. dev. = 0.78688149E-07   accum. std. dev = 0.68995048E-07*
#   min/max. wt. =    0.00000            0.195827E-07           *
#                                                               *
#*************   chi**2/iteration =  18.07       ****************


#********** Integration by Vegas (iteration       6) ************
#                                                               *
#  integral  = 0.70078791E-04   accum. integral = 0.70054260E-04*
#  std. dev. = 0.46482336E-07   accum. std. dev = 0.36480457E-07*
#   min/max. wt. =    0.00000            0.230603E-08           *
#                                                               *
#*************   chi**2/iteration =  14.17       ****************


#********** Integration by Vegas (iteration       7) ************
#                                                               *
#  integral  = 0.70091904E-04   accum. integral = 0.70073059E-04*
#  std. dev. = 0.39794385E-07   accum. std. dev = 0.26153947E-07*
#   min/max. wt. =    0.00000            0.383891E-08           *
#                                                               *
#*************   chi**2/iteration =  11.59       ****************


#********** Integration by Vegas (iteration       8) ************
#                                                               *
#  integral  = 0.70074205E-04   accum. integral = 0.70073471E-04*
#  std. dev. = 0.37532323E-07   accum. std. dev = 0.21134972E-07*
#   min/max. wt. =  -0.820922E-22        0.142311E-08           *
#                                                               *
#*************   chi**2/iteration =  9.741       ****************


#********** Integration by Vegas (iteration       9) ************
#                                                               *
#  integral  = 0.70108597E-04   accum. integral = 0.70082933E-04*
#  std. dev. = 0.37074886E-07   accum. std. dev = 0.18199892E-07*
#   min/max. wt. =    0.00000            0.139512E-08           *
#                                                               *
#*************   chi**2/iteration =  8.490       ****************


#********** Integration by Vegas (iteration      10) ************
#                                                               *
#  integral  = 0.70115255E-04   accum. integral = 0.70089771E-04*
#  std. dev. = 0.37153693E-07   accum. std. dev = 0.16255780E-07*
#   min/max. wt. =  -0.408097E-20        0.168971E-08           *
#                                                               *
#*************   chi**2/iteration =  7.531       ****************


#********** Integration by Vegas (iteration      11) ************
#                                                               *
#  integral  = 0.70145987E-04   accum. integral = 0.70099623E-04*
#  std. dev. = 0.37087089E-07   accum. std. dev = 0.14833786E-07*
#   min/max. wt. =    0.00000            0.165019E-08           *
#                                                               *
#*************   chi**2/iteration =  6.921       ****************


#********** Integration by Vegas (iteration      12) ************
#                                                               *
#  integral  = 0.70122029E-04   accum. integral = 0.70103013E-04*
#  std. dev. = 0.36757480E-07   accum. std. dev = 0.13719368E-07*
#   min/max. wt. =    0.00000            0.101103E-08           *
#                                                               *
#*************   chi**2/iteration =  6.274       ****************


#********** Integration by Vegas (iteration      13) ************
#                                                               *
#  integral  = 0.70087745E-04   accum. integral = 0.70101065E-04*
#  std. dev. = 0.37367324E-07   accum. std. dev = 0.12856055E-07*
#   min/max. wt. =    0.00000            0.173662E-08           *
#                                                               *
#*************   chi**2/iteration =  5.727       ****************


#********** Integration by Vegas (iteration      14) ************
#                                                               *
#  integral  = 0.70122194E-04   accum. integral = 0.70103443E-04*
#  std. dev. = 0.37498209E-07   accum. std. dev = 0.12145072E-07*
#   min/max. wt. =    0.00000            0.127244E-08           *
#                                                               *
#*************   chi**2/iteration =  5.280       ****************


#********** Integration by Vegas (iteration      15) ************
#                                                               *
#  integral  = 0.70131715E-04   accum. integral = 0.70106283E-04*
#  std. dev. = 0.37651230E-07   accum. std. dev = 0.11547003E-07*
#   min/max. wt. =    0.00000            0.161171E-08           *
#                                                               *
#*************   chi**2/iteration =  4.918       ****************


  Input parameters for vegas:  ndim=  9   ncall= 80707214.
                              it=    0    itmx=    2
                              acc=-1.00    
                              mds=  1     nd=  50
                              (xl,xu)= (  0.00000     ,  1.00000     )
                                       (  0.00000     ,  1.00000     )
                                       (  0.00000     ,  1.00000     )
                                       (  0.00000     ,  1.00000     )
                                       (  0.00000     ,  1.00000     )
                                       (  0.00000     ,  1.00000     )
                                       (  0.00000     ,  1.00000     )
                                       (  0.00000     ,  1.00000     )
                                       (  0.00000     ,  1.00000     )

#********** Integration by Vegas (iteration       1) ************
#                                                               *
#  integral  = 0.70095882E-04   accum. integral = 0.70095882E-04*
#  std. dev. = 0.37647690E-07   accum. std. dev = 0.37647690E-07*
#   min/max. wt. =  -0.129738E-22        0.149963E-08           *
#                                                               *
#*************   chi**2/iteration =  0.000       ****************


#********** Integration by Vegas (iteration       2) ************
#                                                               *
#  integral  = 0.70149387E-04   accum. integral = 0.70121754E-04*
#  std. dev. = 0.38937494E-07   accum. std. dev = 0.27065781E-07*
#   min/max. wt. =    0.00000            0.333793E-08           *
#                                                               *
#*************   chi**2/iteration = 0.9749       ****************

 Done
