SLURM job running in:  /scratch/groups/lhc/park/JHUGen/JHUGenerator
LHAPDF 6.1.5 loading /work-zfs/lhc/cms/slc6_amd64_gcc493/external/lhapdf/6.1.5-kpegke3/share/LHAPDF/NNPDF30_lo_as_0130/NNPDF30_lo_as_0130_0000.dat
NNPDF30_lo_as_0130 PDF set, member #0, version 2; LHAPDF ID = 263000
 extending no. of histograms for vbf tests
 
                                                                                          
   ***************************************************************************************
   *                                JHU Generator v6.9.3                                 *
   ***************************************************************************************
   *                                                                                     *
   *   Spin and parity determination of single-produced resonances at hadron colliders   *
   *                                                                                     *
   *          I. Anderson, S. Bolognesi, F. Caola, Y. Gao, A. Gritsan, Z. Guo,           *
   *        C. Martin, K. Melnikov, R.Rontsch, H. Roskes, U. Sarica, M. Schulze,         *
   *                   N. Tran, A. Whitbeck, M. Xiao, C. You, Y. Zhou                    *
   *                Phys.Rev. D81 (2010) 075022;  arXiv:1001.3396 [hep-ph],              *
   *                Phys.Rev. D86 (2012) 095031;  arXiv:1208.4018 [hep-ph],              *
   *                Phys.Rev. D89 (2014) 035007;  arXiv:1309.4819 [hep-ph].              *
   *                                                                                     *
   ***************************************************************************************
                                                                                          
   
   Command line: ./JHUGen Unweighted=0 VegasNc0=99999999 VegasNc1=99999999 VegasNc2=99999999 LHAPDF=NNPDF30_lo_as_0130/NNPDF30_lo_as_0130.info MReso=525 ghz1=0,0 ghz1_prime2=1,0 Process=60 pTjetcut=0 deltaRcut=0
   
   Input Parameter:
    Collider: P-P, sqrt(s)=13000.00
    Resonance: spin=0, mass= 525.00 width=   0.00407
    Z-boson: mass=91.188, width=2.4952
    W-boson: mass=80.399, width=2.0850
    Jet cuts:
            pT >=     0.00 GeV
        DeltaR >=     0.00
           mJJ >=     0.00 GeV
    Random seed:   982686788
    To reproduce results using this seed, JHUGen should be compiled with the same compiler:
      GNU Fortran (GCC) 4.9.3
    
    WidthScheme:   2
    LHAPDF set NNPDF30_lo_as_0130/NNPDF30_lo_as_0130.info, member=  0
    Unweighted: F
    
    spin-0-VV couplings: 
      generate_as=F
      ghg2=  0.10000000E+01  0.00000000E+00i
      ghg3=  0.00000000E+00  0.00000000E+00i
      ghg4=  0.00000000E+00  0.00000000E+00i
      ghz1=  0.00000000E+00  0.00000000E+00i
      ghz2=  0.00000000E+00  0.00000000E+00i
      ghz3=  0.00000000E+00  0.00000000E+00i
      ghz4=  0.00000000E+00  0.00000000E+00i
      ghz1_prime2=  0.10000000E+01  0.00000000E+00i,    Lambda_z1=  1.0000E+04
      Lambda=  1000.0
    
    LHE output: ./data/output.lhe
    Histogram output: ./data/output.dat
    Log file: ./data/output.log
    
  Running

  Input parameters for vegas:  ndim=  9   ncall= 80707214.
                              it=    0    itmx=   15
                              acc=-1.00    
                              mds=  1     nd=  50
                              (xl,xu)= (  0.00000     ,  1.00000     )
                                       (  0.00000     ,  1.00000     )
                                       (  0.00000     ,  1.00000     )
                                       (  0.00000     ,  1.00000     )
                                       (  0.00000     ,  1.00000     )
                                       (  0.00000     ,  1.00000     )
                                       (  0.00000     ,  1.00000     )
                                       (  0.00000     ,  1.00000     )
                                       (  0.00000     ,  1.00000     )

#********** Integration by Vegas (iteration       1) ************
#                                                               *
#  integral  = 0.40550869E-04   accum. integral = 0.40550869E-04*
#  std. dev. = 0.11839450E-05   accum. std. dev = 0.11839450E-05*
#   min/max. wt. =    0.00000            0.726546E-06           *
#                                                               *
#*************   chi**2/iteration = -.1475E-09   ****************


#********** Integration by Vegas (iteration       2) ************
#                                                               *
#  integral  = 0.11208073E-03   accum. integral = 0.40931841E-04*
#  std. dev. = 0.44719791E-04   accum. std. dev = 0.24541422E-05*
#   min/max. wt. =    0.00000            0.442099E-04           *
#                                                               *
#*************   chi**2/iteration =  4.496       ****************


#********** Integration by Vegas (iteration       3) ************
#                                                               *
#  integral  = 0.67708725E-04   accum. integral = 0.55613228E-04*
#  std. dev. = 0.17895536E-05   accum. std. dev = 0.15488778E-05*
#   min/max. wt. =    0.00000            0.136862E-05           *
#                                                               *
#*************   chi**2/iteration =  39.54       ****************


#********** Integration by Vegas (iteration       4) ************
#                                                               *
#  integral  = 0.69177207E-04   accum. integral = 0.68634191E-04*
#  std. dev. = 0.27647229E-06   accum. std. dev = 0.30062528E-06*
#   min/max. wt. =  -0.843122E-17        0.837645E-07           *
#                                                               *
#*************   chi**2/iteration =  54.09       ****************


#********** Integration by Vegas (iteration       5) ************
#                                                               *
#  integral  = 0.69313624E-04   accum. integral = 0.69262793E-04*
#  std. dev. = 0.77180930E-07   accum. std. dev = 0.80692540E-07*
#   min/max. wt. =  -0.471566E-22        0.120071E-07           *
#                                                               *
#*************   chi**2/iteration =  43.35       ****************


#********** Integration by Vegas (iteration       6) ************
#                                                               *
#  integral  = 0.69252216E-04   accum. integral = 0.69255293E-04*
#  std. dev. = 0.47510573E-07   accum. std. dev = 0.42957764E-07*
#   min/max. wt. =    0.00000            0.243501E-08           *
#                                                               *
#*************   chi**2/iteration =  35.61       ****************


#********** Integration by Vegas (iteration       7) ************
#                                                               *
#  integral  = 0.69227469E-04   accum. integral = 0.69241438E-04*
#  std. dev. = 0.40154516E-07   accum. std. dev = 0.30145872E-07*
#   min/max. wt. =  -0.328255E-27        0.110133E-08           *
#                                                               *
#*************   chi**2/iteration =  30.29       ****************


#********** Integration by Vegas (iteration       8) ************
#                                                               *
#  integral  = 0.69263166E-04   accum. integral = 0.69249227E-04*
#  std. dev. = 0.37925120E-07   accum. std. dev = 0.23970116E-07*
#   min/max. wt. =    0.00000            0.176958E-08           *
#                                                               *
#*************   chi**2/iteration =  26.37       ****************


#********** Integration by Vegas (iteration       9) ************
#                                                               *
#  integral  = 0.69190109E-04   accum. integral = 0.69233604E-04*
#  std. dev. = 0.37847240E-07   accum. std. dev = 0.20440500E-07*
#   min/max. wt. =    0.00000            0.850374E-08           *
#                                                               *
#*************   chi**2/iteration =  23.55       ****************


#********** Integration by Vegas (iteration      10) ************
#                                                               *
#  integral  = 0.69308351E-04   accum. integral = 0.69250193E-04*
#  std. dev. = 0.36492281E-07   accum. std. dev = 0.17948054E-07*
#   min/max. wt. =    0.00000            0.131782E-08           *
#                                                               *
#*************   chi**2/iteration =  21.45       ****************


#********** Integration by Vegas (iteration      11) ************
#                                                               *
#  integral  = 0.69272652E-04   accum. integral = 0.69254362E-04*
#  std. dev. = 0.35986377E-07   accum. std. dev = 0.16134926E-07*
#   min/max. wt. =    0.00000            0.122979E-08           *
#                                                               *
#*************   chi**2/iteration =  19.49       ****************


#********** Integration by Vegas (iteration      12) ************
#                                                               *
#  integral  = 0.69243990E-04   accum. integral = 0.69252764E-04*
#  std. dev. = 0.36316720E-07   accum. std. dev = 0.14792098E-07*
#   min/max. wt. =    0.00000            0.141280E-08           *
#                                                               *
#*************   chi**2/iteration =  17.84       ****************


#********** Integration by Vegas (iteration      13) ************
#                                                               *
#  integral  = 0.69178245E-04   accum. integral = 0.69242705E-04*
#  std. dev. = 0.36051299E-07   accum. std. dev = 0.13718815E-07*
#   min/max. wt. =    0.00000            0.206422E-08           *
#                                                               *
#*************   chi**2/iteration =  16.73       ****************


#********** Integration by Vegas (iteration      14) ************
#                                                               *
#  integral  = 0.69277510E-04   accum. integral = 0.69246821E-04*
#  std. dev. = 0.36217304E-07   accum. std. dev = 0.12852000E-07*
#   min/max. wt. =    0.00000            0.165432E-08           *
#                                                               *
#*************   chi**2/iteration =  15.57       ****************


#********** Integration by Vegas (iteration      15) ************
#                                                               *
#  integral  = 0.69283725E-04   accum. integral = 0.69250676E-04*
#  std. dev. = 0.36474690E-07   accum. std. dev = 0.12137710E-07*
#   min/max. wt. =    0.00000            0.944766E-09           *
#                                                               *
#*************   chi**2/iteration =  14.58       ****************


  Input parameters for vegas:  ndim=  9   ncall= 80707214.
                              it=    0    itmx=    2
                              acc=-1.00    
                              mds=  1     nd=  50
                              (xl,xu)= (  0.00000     ,  1.00000     )
                                       (  0.00000     ,  1.00000     )
                                       (  0.00000     ,  1.00000     )
                                       (  0.00000     ,  1.00000     )
                                       (  0.00000     ,  1.00000     )
                                       (  0.00000     ,  1.00000     )
                                       (  0.00000     ,  1.00000     )
                                       (  0.00000     ,  1.00000     )
                                       (  0.00000     ,  1.00000     )

#********** Integration by Vegas (iteration       1) ************
#                                                               *
#  integral  = 0.69263513E-04   accum. integral = 0.69263513E-04*
#  std. dev. = 0.36671612E-07   accum. std. dev = 0.36671612E-07*
#   min/max. wt. =    0.00000            0.222506E-08           *
#                                                               *
#*************   chi**2/iteration =  0.000       ****************


#********** Integration by Vegas (iteration       2) ************
#                                                               *
#  integral  = 0.69265849E-04   accum. integral = 0.69264673E-04*
#  std. dev. = 0.36934074E-07   accum. std. dev = 0.26023047E-07*
#   min/max. wt. =    0.00000            0.132153E-08           *
#                                                               *
#*************   chi**2/iteration = 0.2013E-02   ****************

 Done
