SLURM job running in:  /scratch/groups/lhc/park/JHUGen/JHUGenerator
LHAPDF 6.1.5 loading /work-zfs/lhc/cms/slc6_amd64_gcc493/external/lhapdf/6.1.5-kpegke3/share/LHAPDF/NNPDF30_lo_as_0130/NNPDF30_lo_as_0130_0000.dat
NNPDF30_lo_as_0130 PDF set, member #0, version 2; LHAPDF ID = 263000
 extending no. of histograms for vbf tests
 
                                                                                          
   ***************************************************************************************
   *                                JHU Generator v6.9.3                                 *
   ***************************************************************************************
   *                                                                                     *
   *   Spin and parity determination of single-produced resonances at hadron colliders   *
   *                                                                                     *
   *          I. Anderson, S. Bolognesi, F. Caola, Y. Gao, A. Gritsan, Z. Guo,           *
   *        C. Martin, K. Melnikov, R.Rontsch, H. Roskes, U. Sarica, M. Schulze,         *
   *                   N. Tran, A. Whitbeck, M. Xiao, C. You, Y. Zhou                    *
   *                Phys.Rev. D81 (2010) 075022;  arXiv:1001.3396 [hep-ph],              *
   *                Phys.Rev. D86 (2012) 095031;  arXiv:1208.4018 [hep-ph],              *
   *                Phys.Rev. D89 (2014) 035007;  arXiv:1309.4819 [hep-ph].              *
   *                                                                                     *
   ***************************************************************************************
                                                                                          
   
   Command line: ./JHUGen Unweighted=0 VegasNc0=99999999 VegasNc1=99999999 VegasNc2=99999999 LHAPDF=NNPDF30_lo_as_0130/NNPDF30_lo_as_0130.info MReso=530 ghz1=0,0 ghz1_prime2=1,0 Process=60 pTjetcut=0 deltaRcut=0
   
   Input Parameter:
    Collider: P-P, sqrt(s)=13000.00
    Resonance: spin=0, mass= 530.00 width=   0.00407
    Z-boson: mass=91.188, width=2.4952
    W-boson: mass=80.399, width=2.0850
    Jet cuts:
            pT >=     0.00 GeV
        DeltaR >=     0.00
           mJJ >=     0.00 GeV
    Random seed:   473701945
    To reproduce results using this seed, JHUGen should be compiled with the same compiler:
      GNU Fortran (GCC) 4.9.3
    
    WidthScheme:   2
    LHAPDF set NNPDF30_lo_as_0130/NNPDF30_lo_as_0130.info, member=  0
    Unweighted: F
    
    spin-0-VV couplings: 
      generate_as=F
      ghg2=  0.10000000E+01  0.00000000E+00i
      ghg3=  0.00000000E+00  0.00000000E+00i
      ghg4=  0.00000000E+00  0.00000000E+00i
      ghz1=  0.00000000E+00  0.00000000E+00i
      ghz2=  0.00000000E+00  0.00000000E+00i
      ghz3=  0.00000000E+00  0.00000000E+00i
      ghz4=  0.00000000E+00  0.00000000E+00i
      ghz1_prime2=  0.10000000E+01  0.00000000E+00i,    Lambda_z1=  1.0000E+04
      Lambda=  1000.0
    
    LHE output: ./data/output.lhe
    Histogram output: ./data/output.dat
    Log file: ./data/output.log
    
  Running

  Input parameters for vegas:  ndim=  9   ncall= 80707214.
                              it=    0    itmx=   15
                              acc=-1.00    
                              mds=  1     nd=  50
                              (xl,xu)= (  0.00000     ,  1.00000     )
                                       (  0.00000     ,  1.00000     )
                                       (  0.00000     ,  1.00000     )
                                       (  0.00000     ,  1.00000     )
                                       (  0.00000     ,  1.00000     )
                                       (  0.00000     ,  1.00000     )
                                       (  0.00000     ,  1.00000     )
                                       (  0.00000     ,  1.00000     )
                                       (  0.00000     ,  1.00000     )

#********** Integration by Vegas (iteration       1) ************
#                                                               *
#  integral  = 0.55549352E-04   accum. integral = 0.55549352E-04*
#  std. dev. = 0.11517616E-04   accum. std. dev = 0.11517616E-04*
#   min/max. wt. =    0.00000            0.110427E-04           *
#                                                               *
#*************   chi**2/iteration =  0.000       ****************


#********** Integration by Vegas (iteration       2) ************
#                                                               *
#  integral  = 0.58151752E-04   accum. integral = 0.58004972E-04*
#  std. dev. = 0.29478122E-05   accum. std. dev = 0.28001349E-05*
#   min/max. wt. =    0.00000            0.180845E-05           *
#                                                               *
#*************   chi**2/iteration = 0.4592E-01   ****************


#********** Integration by Vegas (iteration       3) ************
#                                                               *
#  integral  = 0.66904477E-04   accum. integral = 0.66477753E-04*
#  std. dev. = 0.73934314E-06   accum. std. dev = 0.65123801E-06*
#   min/max. wt. =    0.00000            0.191058E-06           *
#                                                               *
#*************   chi**2/iteration =  4.281       ****************


#********** Integration by Vegas (iteration       4) ************
#                                                               *
#  integral  = 0.68669486E-04   accum. integral = 0.68539014E-04*
#  std. dev. = 0.18628425E-06   accum. std. dev = 0.16460308E-06*
#   min/max. wt. =    0.00000            0.954037E-07           *
#                                                               *
#*************   chi**2/iteration =  5.967       ****************


#********** Integration by Vegas (iteration       5) ************
#                                                               *
#  integral  = 0.68440301E-04   accum. integral = 0.68453427E-04*
#  std. dev. = 0.70510187E-07   accum. std. dev = 0.61190168E-07*
#   min/max. wt. =    0.00000            0.422668E-08           *
#                                                               *
#*************   chi**2/iteration =  4.382       ****************


#********** Integration by Vegas (iteration       6) ************
#                                                               *
#  integral  = 0.68406350E-04   accum. integral = 0.68421288E-04*
#  std. dev. = 0.44738566E-07   accum. std. dev = 0.34897025E-07*
#   min/max. wt. =    0.00000            0.210451E-08           *
#                                                               *
#*************   chi**2/iteration =  3.499       ****************


#********** Integration by Vegas (iteration       7) ************
#                                                               *
#  integral  = 0.68472622E-04   accum. integral = 0.68445769E-04*
#  std. dev. = 0.38752311E-07   accum. std. dev = 0.25462580E-07*
#   min/max. wt. =    0.00000            0.143083E-08           *
#                                                               *
#*************   chi**2/iteration =  3.034       ****************


#********** Integration by Vegas (iteration       8) ************
#                                                               *
#  integral  = 0.68393953E-04   accum. integral = 0.68427936E-04*
#  std. dev. = 0.36900860E-07   accum. std. dev = 0.20751879E-07*
#   min/max. wt. =    0.00000            0.169650E-08           *
#                                                               *
#*************   chi**2/iteration =  2.769       ****************


#********** Integration by Vegas (iteration       9) ************
#                                                               *
#  integral  = 0.68445361E-04   accum. integral = 0.68432502E-04*
#  std. dev. = 0.36356052E-07   accum. std. dev = 0.17915635E-07*
#   min/max. wt. =    0.00000            0.122123E-08           *
#                                                               *
#*************   chi**2/iteration =  2.422       ****************


#********** Integration by Vegas (iteration      10) ************
#                                                               *
#  integral  = 0.68404784E-04   accum. integral = 0.68426628E-04*
#  std. dev. = 0.35865731E-07   accum. std. dev = 0.15966000E-07*
#   min/max. wt. =    0.00000            0.253183E-08           *
#                                                               *
#*************   chi**2/iteration =  2.192       ****************


#********** Integration by Vegas (iteration      11) ************
#                                                               *
#  integral  = 0.68412645E-04   accum. integral = 0.68424157E-04*
#  std. dev. = 0.35643405E-07   accum. std. dev = 0.14532657E-07*
#   min/max. wt. =    0.00000            0.130890E-08           *
#                                                               *
#*************   chi**2/iteration =  1.974       ****************


#********** Integration by Vegas (iteration      12) ************
#                                                               *
#  integral  = 0.68384330E-04   accum. integral = 0.68418139E-04*
#  std. dev. = 0.35500761E-07   accum. std. dev = 0.13424443E-07*
#   min/max. wt. =    0.00000            0.218398E-08           *
#                                                               *
#*************   chi**2/iteration =  1.888       ****************


#********** Integration by Vegas (iteration      13) ************
#                                                               *
#  integral  = 0.68381092E-04   accum. integral = 0.68413258E-04*
#  std. dev. = 0.35420297E-07   accum. std. dev = 0.12535933E-07*
#   min/max. wt. =  -0.795664E-24        0.115978E-08           *
#                                                               *
#*************   chi**2/iteration =  1.806       ****************


#********** Integration by Vegas (iteration      14) ************
#                                                               *
#  integral  = 0.68505190E-04   accum. integral = 0.68423683E-04*
#  std. dev. = 0.36015355E-07   accum. std. dev = 0.11827217E-07*
#   min/max. wt. =    0.00000            0.383261E-08           *
#                                                               *
#*************   chi**2/iteration =  2.128       ****************


#********** Integration by Vegas (iteration      15) ************
#                                                               *
#  integral  = 0.68422631E-04   accum. integral = 0.68423577E-04*
#  std. dev. = 0.36205185E-07   accum. std. dev = 0.11234378E-07*
#   min/max. wt. =    0.00000            0.129833E-08           *
#                                                               *
#*************   chi**2/iteration =  1.970       ****************


  Input parameters for vegas:  ndim=  9   ncall= 80707214.
                              it=    0    itmx=    2
                              acc=-1.00    
                              mds=  1     nd=  50
                              (xl,xu)= (  0.00000     ,  1.00000     )
                                       (  0.00000     ,  1.00000     )
                                       (  0.00000     ,  1.00000     )
                                       (  0.00000     ,  1.00000     )
                                       (  0.00000     ,  1.00000     )
                                       (  0.00000     ,  1.00000     )
                                       (  0.00000     ,  1.00000     )
                                       (  0.00000     ,  1.00000     )
                                       (  0.00000     ,  1.00000     )

#********** Integration by Vegas (iteration       1) ************
#                                                               *
#  integral  = 0.68434723E-04   accum. integral = 0.68434723E-04*
#  std. dev. = 0.36329532E-07   accum. std. dev = 0.36329532E-07*
#   min/max. wt. =    0.00000            0.184512E-08           *
#                                                               *
#*************   chi**2/iteration =  0.000       ****************


#********** Integration by Vegas (iteration       2) ************
#                                                               *
#  integral  = 0.68327222E-04   accum. integral = 0.68381082E-04*
#  std. dev. = 0.36346153E-07   accum. std. dev = 0.25694724E-07*
#   min/max. wt. =    0.00000            0.158878E-08           *
#                                                               *
#*************   chi**2/iteration =  4.372       ****************

 Done
