SLURM job running in:  /scratch/groups/lhc/park/JHUGen/JHUGenerator
LHAPDF 6.1.5 loading /work-zfs/lhc/cms/slc6_amd64_gcc493/external/lhapdf/6.1.5-kpegke3/share/LHAPDF/NNPDF30_lo_as_0130/NNPDF30_lo_as_0130_0000.dat
NNPDF30_lo_as_0130 PDF set, member #0, version 2; LHAPDF ID = 263000
 extending no. of histograms for vbf tests
 
                                                                                          
   ***************************************************************************************
   *                                JHU Generator v6.9.3                                 *
   ***************************************************************************************
   *                                                                                     *
   *   Spin and parity determination of single-produced resonances at hadron colliders   *
   *                                                                                     *
   *          I. Anderson, S. Bolognesi, F. Caola, Y. Gao, A. Gritsan, Z. Guo,           *
   *        C. Martin, K. Melnikov, R.Rontsch, H. Roskes, U. Sarica, M. Schulze,         *
   *                   N. Tran, A. Whitbeck, M. Xiao, C. You, Y. Zhou                    *
   *                Phys.Rev. D81 (2010) 075022;  arXiv:1001.3396 [hep-ph],              *
   *                Phys.Rev. D86 (2012) 095031;  arXiv:1208.4018 [hep-ph],              *
   *                Phys.Rev. D89 (2014) 035007;  arXiv:1309.4819 [hep-ph].              *
   *                                                                                     *
   ***************************************************************************************
                                                                                          
   
   Command line: ./JHUGen Unweighted=0 VegasNc0=99999999 VegasNc1=99999999 VegasNc2=99999999 LHAPDF=NNPDF30_lo_as_0130/NNPDF30_lo_as_0130.info MReso=555 ghz1=0,0 ghz1_prime2=1,0 Process=60 pTjetcut=0 deltaRcut=0
   
   Input Parameter:
    Collider: P-P, sqrt(s)=13000.00
    Resonance: spin=0, mass= 555.00 width=   0.00407
    Z-boson: mass=91.188, width=2.4952
    W-boson: mass=80.399, width=2.0850
    Jet cuts:
            pT >=     0.00 GeV
        DeltaR >=     0.00
           mJJ >=     0.00 GeV
    Random seed:    99938466
    To reproduce results using this seed, JHUGen should be compiled with the same compiler:
      GNU Fortran (GCC) 4.9.3
    
    WidthScheme:   2
    LHAPDF set NNPDF30_lo_as_0130/NNPDF30_lo_as_0130.info, member=  0
    Unweighted: F
    
    spin-0-VV couplings: 
      generate_as=F
      ghg2=  0.10000000E+01  0.00000000E+00i
      ghg3=  0.00000000E+00  0.00000000E+00i
      ghg4=  0.00000000E+00  0.00000000E+00i
      ghz1=  0.00000000E+00  0.00000000E+00i
      ghz2=  0.00000000E+00  0.00000000E+00i
      ghz3=  0.00000000E+00  0.00000000E+00i
      ghz4=  0.00000000E+00  0.00000000E+00i
      ghz1_prime2=  0.10000000E+01  0.00000000E+00i,    Lambda_z1=  1.0000E+04
      Lambda=  1000.0
    
    LHE output: ./data/output.lhe
    Histogram output: ./data/output.dat
    Log file: ./data/output.log
    
  Running

  Input parameters for vegas:  ndim=  9   ncall= 80707214.
                              it=    0    itmx=   15
                              acc=-1.00    
                              mds=  1     nd=  50
                              (xl,xu)= (  0.00000     ,  1.00000     )
                                       (  0.00000     ,  1.00000     )
                                       (  0.00000     ,  1.00000     )
                                       (  0.00000     ,  1.00000     )
                                       (  0.00000     ,  1.00000     )
                                       (  0.00000     ,  1.00000     )
                                       (  0.00000     ,  1.00000     )
                                       (  0.00000     ,  1.00000     )
                                       (  0.00000     ,  1.00000     )

#********** Integration by Vegas (iteration       1) ************
#                                                               *
#  integral  = 0.70804659E-04   accum. integral = 0.70804659E-04*
#  std. dev. = 0.22951343E-04   accum. std. dev = 0.22951343E-04*
#   min/max. wt. =    0.00000            0.206407E-04           *
#                                                               *
#*************   chi**2/iteration =  0.000       ****************


#********** Integration by Vegas (iteration       2) ************
#                                                               *
#  integral  = 0.60393355E-04   accum. integral = 0.61106487E-04*
#  std. dev. = 0.53085423E-05   accum. std. dev = 0.55826312E-05*
#   min/max. wt. =    0.00000            0.276262E-05           *
#                                                               *
#*************   chi**2/iteration = 0.2217       ****************


#********** Integration by Vegas (iteration       3) ************
#                                                               *
#  integral  = 0.64232502E-04   accum. integral = 0.64156255E-04*
#  std. dev. = 0.86161193E-06   accum. std. dev = 0.86498675E-06*
#   min/max. wt. =    0.00000            0.393264E-06           *
#                                                               *
#*************   chi**2/iteration = 0.2680       ****************


#********** Integration by Vegas (iteration       4) ************
#                                                               *
#  integral  = 0.64337829E-04   accum. integral = 0.64333631E-04*
#  std. dev. = 0.13113981E-06   accum. std. dev = 0.13104900E-06*
#   min/max. wt. =    0.00000            0.432494E-07           *
#                                                               *
#*************   chi**2/iteration = 0.1944       ****************


#********** Integration by Vegas (iteration       5) ************
#                                                               *
#  integral  = 0.64331743E-04   accum. integral = 0.64332024E-04*
#  std. dev. = 0.54149521E-07   accum. std. dev = 0.50410387E-07*
#   min/max. wt. =    0.00000            0.182000E-07           *
#                                                               *
#*************   chi**2/iteration = 0.1465       ****************


#********** Integration by Vegas (iteration       6) ************
#                                                               *
#  integral  = 0.64308957E-04   accum. integral = 0.64317921E-04*
#  std. dev. = 0.39819216E-07   accum. std. dev = 0.31376765E-07*
#   min/max. wt. =    0.00000            0.154749E-08           *
#                                                               *
#*************   chi**2/iteration = 0.1433       ****************


#********** Integration by Vegas (iteration       7) ************
#                                                               *
#  integral  = 0.64356936E-04   accum. integral = 0.64335139E-04*
#  std. dev. = 0.35056674E-07   accum. std. dev = 0.23429011E-07*
#   min/max. wt. =    0.00000            0.167023E-08           *
#                                                               *
#*************   chi**2/iteration = 0.2336       ****************


#********** Integration by Vegas (iteration       8) ************
#                                                               *
#  integral  = 0.64336120E-04   accum. integral = 0.64335455E-04*
#  std. dev. = 0.33803315E-07   accum. std. dev = 0.19280192E-07*
#   min/max. wt. =    0.00000            0.210871E-08           *
#                                                               *
#*************   chi**2/iteration = 0.2006       ****************


#********** Integration by Vegas (iteration       9) ************
#                                                               *
#  integral  = 0.64332893E-04   accum. integral = 0.64334822E-04*
#  std. dev. = 0.33471363E-07   accum. std. dev = 0.16719562E-07*
#   min/max. wt. =    0.00000            0.152413E-08           *
#                                                               *
#*************   chi**2/iteration = 0.1763       ****************


#********** Integration by Vegas (iteration      10) ************
#                                                               *
#  integral  = 0.64299081E-04   accum. integral = 0.64327777E-04*
#  std. dev. = 0.33559480E-07   accum. std. dev = 0.14973233E-07*
#   min/max. wt. =  -0.232475E-28        0.259512E-08           *
#                                                               *
#*************   chi**2/iteration = 0.2571       ****************


#********** Integration by Vegas (iteration      11) ************
#                                                               *
#  integral  = 0.64414317E-04   accum. integral = 0.64341766E-04*
#  std. dev. = 0.33991824E-07   accum. std. dev = 0.13705804E-07*
#   min/max. wt. =    0.00000            0.355001E-08           *
#                                                               *
#*************   chi**2/iteration = 0.7717       ****************


#********** Integration by Vegas (iteration      12) ************
#                                                               *
#  integral  = 0.64315173E-04   accum. integral = 0.64338071E-04*
#  std. dev. = 0.33970884E-07   accum. std. dev = 0.12713470E-07*
#   min/max. wt. =    0.00000            0.167491E-08           *
#                                                               *
#*************   chi**2/iteration = 0.7497       ****************


#********** Integration by Vegas (iteration      13) ************
#                                                               *
#  integral  = 0.64343614E-04   accum. integral = 0.64338741E-04*
#  std. dev. = 0.34189194E-07   accum. std. dev = 0.11918167E-07*
#   min/max. wt. =    0.00000            0.445655E-08           *
#                                                               *
#*************   chi**2/iteration = 0.6895       ****************


#********** Integration by Vegas (iteration      14) ************
#                                                               *
#  integral  = 0.64285364E-04   accum. integral = 0.64333021E-04*
#  std. dev. = 0.34257964E-07   accum. std. dev = 0.11258163E-07*
#   min/max. wt. =    0.00000            0.129285E-08           *
#                                                               *
#*************   chi**2/iteration = 0.8022       ****************


#********** Integration by Vegas (iteration      15) ************
#                                                               *
#  integral  = 0.64319701E-04   accum. integral = 0.64331739E-04*
#  std. dev. = 0.34374301E-07   accum. std. dev = 0.10700046E-07*
#   min/max. wt. =    0.00000            0.100358E-08           *
#                                                               *
#*************   chi**2/iteration = 0.7549       ****************


  Input parameters for vegas:  ndim=  9   ncall= 80707214.
                              it=    0    itmx=    2
                              acc=-1.00    
                              mds=  1     nd=  50
                              (xl,xu)= (  0.00000     ,  1.00000     )
                                       (  0.00000     ,  1.00000     )
                                       (  0.00000     ,  1.00000     )
                                       (  0.00000     ,  1.00000     )
                                       (  0.00000     ,  1.00000     )
                                       (  0.00000     ,  1.00000     )
                                       (  0.00000     ,  1.00000     )
                                       (  0.00000     ,  1.00000     )
                                       (  0.00000     ,  1.00000     )

#********** Integration by Vegas (iteration       1) ************
#                                                               *
#  integral  = 0.64289298E-04   accum. integral = 0.64289298E-04*
#  std. dev. = 0.34777247E-07   accum. std. dev = 0.34777247E-07*
#   min/max. wt. =    0.00000            0.206986E-08           *
#                                                               *
#*************   chi**2/iteration =  0.000       ****************


#********** Integration by Vegas (iteration       2) ************
#                                                               *
#  integral  = 0.64407133E-04   accum. integral = 0.64347021E-04*
#  std. dev. = 0.35554571E-07   accum. std. dev = 0.24862000E-07*
#   min/max. wt. =    0.00000            0.166080E-08           *
#                                                               *
#*************   chi**2/iteration =  5.608       ****************

 Done
