SLURM job running in:  /scratch/groups/lhc/park/JHUGen/JHUGenerator
LHAPDF 6.1.5 loading /work-zfs/lhc/cms/slc6_amd64_gcc493/external/lhapdf/6.1.5-kpegke3/share/LHAPDF/NNPDF30_lo_as_0130/NNPDF30_lo_as_0130_0000.dat
NNPDF30_lo_as_0130 PDF set, member #0, version 2; LHAPDF ID = 263000
 extending no. of histograms for vbf tests
 
                                                                                          
   ***************************************************************************************
   *                                JHU Generator v6.9.3                                 *
   ***************************************************************************************
   *                                                                                     *
   *   Spin and parity determination of single-produced resonances at hadron colliders   *
   *                                                                                     *
   *          I. Anderson, S. Bolognesi, F. Caola, Y. Gao, A. Gritsan, Z. Guo,           *
   *        C. Martin, K. Melnikov, R.Rontsch, H. Roskes, U. Sarica, M. Schulze,         *
   *                   N. Tran, A. Whitbeck, M. Xiao, C. You, Y. Zhou                    *
   *                Phys.Rev. D81 (2010) 075022;  arXiv:1001.3396 [hep-ph],              *
   *                Phys.Rev. D86 (2012) 095031;  arXiv:1208.4018 [hep-ph],              *
   *                Phys.Rev. D89 (2014) 035007;  arXiv:1309.4819 [hep-ph].              *
   *                                                                                     *
   ***************************************************************************************
                                                                                          
   
   Command line: ./JHUGen Unweighted=0 VegasNc0=99999999 VegasNc1=99999999 VegasNc2=99999999 LHAPDF=NNPDF30_lo_as_0130/NNPDF30_lo_as_0130.info MReso=600 ghz1=0,0 ghz1_prime2=1,0 Process=60 pTjetcut=0 deltaRcut=0
   
   Input Parameter:
    Collider: P-P, sqrt(s)=13000.00
    Resonance: spin=0, mass= 600.00 width=   0.00407
    Z-boson: mass=91.188, width=2.4952
    W-boson: mass=80.399, width=2.0850
    Jet cuts:
            pT >=     0.00 GeV
        DeltaR >=     0.00
           mJJ >=     0.00 GeV
    Random seed:   243177168
    To reproduce results using this seed, JHUGen should be compiled with the same compiler:
      GNU Fortran (GCC) 4.9.3
    
    WidthScheme:   2
    LHAPDF set NNPDF30_lo_as_0130/NNPDF30_lo_as_0130.info, member=  0
    Unweighted: F
    
    spin-0-VV couplings: 
      generate_as=F
      ghg2=  0.10000000E+01  0.00000000E+00i
      ghg3=  0.00000000E+00  0.00000000E+00i
      ghg4=  0.00000000E+00  0.00000000E+00i
      ghz1=  0.00000000E+00  0.00000000E+00i
      ghz2=  0.00000000E+00  0.00000000E+00i
      ghz3=  0.00000000E+00  0.00000000E+00i
      ghz4=  0.00000000E+00  0.00000000E+00i
      ghz1_prime2=  0.10000000E+01  0.00000000E+00i,    Lambda_z1=  1.0000E+04
      Lambda=  1000.0
    
    LHE output: ./data/output.lhe
    Histogram output: ./data/output.dat
    Log file: ./data/output.log
    
  Running

  Input parameters for vegas:  ndim=  9   ncall= 80707214.
                              it=    0    itmx=   15
                              acc=-1.00    
                              mds=  1     nd=  50
                              (xl,xu)= (  0.00000     ,  1.00000     )
                                       (  0.00000     ,  1.00000     )
                                       (  0.00000     ,  1.00000     )
                                       (  0.00000     ,  1.00000     )
                                       (  0.00000     ,  1.00000     )
                                       (  0.00000     ,  1.00000     )
                                       (  0.00000     ,  1.00000     )
                                       (  0.00000     ,  1.00000     )
                                       (  0.00000     ,  1.00000     )

#********** Integration by Vegas (iteration       1) ************
#                                                               *
#  integral  = 0.42051579E-04   accum. integral = 0.42051579E-04*
#  std. dev. = 0.69338486E-05   accum. std. dev = 0.69338486E-05*
#   min/max. wt. =    0.00000            0.651808E-05           *
#                                                               *
#*************   chi**2/iteration =  0.000       ****************


#********** Integration by Vegas (iteration       2) ************
#                                                               *
#  integral  = 0.49270852E-04   accum. integral = 0.46949391E-04*
#  std. dev. = 0.55932174E-05   accum. std. dev = 0.42827846E-05*
#   min/max. wt. =    0.00000            0.536329E-05           *
#                                                               *
#*************   chi**2/iteration = 0.6193       ****************


#********** Integration by Vegas (iteration       3) ************
#                                                               *
#  integral  = 0.56589995E-04   accum. integral = 0.55617007E-04*
#  std. dev. = 0.17728402E-05   accum. std. dev = 0.14751470E-05*
#   min/max. wt. =  -0.199795E-13        0.869632E-06           *
#                                                               *
#*************   chi**2/iteration =  2.200       ****************


#********** Integration by Vegas (iteration       4) ************
#                                                               *
#  integral  = 0.57465296E-04   accum. integral = 0.57438488E-04*
#  std. dev. = 0.20708693E-06   accum. std. dev = 0.18503305E-06*
#   min/max. wt. =    0.00000            0.625976E-07           *
#                                                               *
#*************   chi**2/iteration =  1.828       ****************


#********** Integration by Vegas (iteration       5) ************
#                                                               *
#  integral  = 0.57671308E-04   accum. integral = 0.57650863E-04*
#  std. dev. = 0.64014834E-07   accum. std. dev = 0.56150481E-07*
#   min/max. wt. =  -0.638542E-22        0.135345E-07           *
#                                                               *
#*************   chi**2/iteration =  1.652       ****************


#********** Integration by Vegas (iteration       6) ************
#                                                               *
#  integral  = 0.57647693E-04   accum. integral = 0.57648626E-04*
#  std. dev. = 0.39481376E-07   accum. std. dev = 0.30934628E-07*
#   min/max. wt. =  -0.373801E-26        0.256411E-08           *
#                                                               *
#*************   chi**2/iteration =  1.282       ****************


#********** Integration by Vegas (iteration       7) ************
#                                                               *
#  integral  = 0.57700301E-04   accum. integral = 0.57674491E-04*
#  std. dev. = 0.33157531E-07   accum. std. dev = 0.22097389E-07*
#   min/max. wt. =    0.00000            0.129296E-08           *
#                                                               *
#*************   chi**2/iteration =  1.274       ****************


#********** Integration by Vegas (iteration       8) ************
#                                                               *
#  integral  = 0.57689644E-04   accum. integral = 0.57679961E-04*
#  std. dev. = 0.31207419E-07   accum. std. dev = 0.17803878E-07*
#   min/max. wt. =  -0.305757E-23        0.189461E-08           *
#                                                               *
#*************   chi**2/iteration =  1.099       ****************


#********** Integration by Vegas (iteration       9) ************
#                                                               *
#  integral  = 0.57753363E-04   accum. integral = 0.57700357E-04*
#  std. dev. = 0.30258460E-07   accum. std. dev = 0.15222782E-07*
#   min/max. wt. =    0.00000            0.169616E-08           *
#                                                               *
#*************   chi**2/iteration =  1.533       ****************


#********** Integration by Vegas (iteration      10) ************
#                                                               *
#  integral  = 0.57697981E-04   accum. integral = 0.57699829E-04*
#  std. dev. = 0.29810585E-07   accum. std. dev = 0.13489242E-07*
#   min/max. wt. =    0.00000            0.115907E-08           *
#                                                               *
#*************   chi**2/iteration =  1.350       ****************


#********** Integration by Vegas (iteration      11) ************
#                                                               *
#  integral  = 0.57666592E-04   accum. integral = 0.57693737E-04*
#  std. dev. = 0.29646781E-07   accum. std. dev = 0.12236916E-07*
#   min/max. wt. =    0.00000            0.145106E-08           *
#                                                               *
#*************   chi**2/iteration =  1.316       ****************


#********** Integration by Vegas (iteration      12) ************
#                                                               *
#  integral  = 0.57705845E-04   accum. integral = 0.57695579E-04*
#  std. dev. = 0.29982214E-07   accum. std. dev = 0.11303791E-07*
#   min/max. wt. =    0.00000            0.189633E-08           *
#                                                               *
#*************   chi**2/iteration =  1.202       ****************


#********** Integration by Vegas (iteration      13) ************
#                                                               *
#  integral  = 0.57721399E-04   accum. integral = 0.57698954E-04*
#  std. dev. = 0.30171185E-07   accum. std. dev = 0.10568034E-07*
#   min/max. wt. =    0.00000            0.112347E-08           *
#                                                               *
#*************   chi**2/iteration =  1.153       ****************


#********** Integration by Vegas (iteration      14) ************
#                                                               *
#  integral  = 0.57719643E-04   accum. integral = 0.57701335E-04*
#  std. dev. = 0.30244631E-07   accum. std. dev = 0.99644540E-08*
#   min/max. wt. =    0.00000            0.151113E-08           *
#                                                               *
#*************   chi**2/iteration =  1.093       ****************


#********** Integration by Vegas (iteration      15) ************
#                                                               *
#  integral  = 0.57655379E-04   accum. integral = 0.57696619E-04*
#  std. dev. = 0.30308727E-07   accum. std. dev = 0.94575845E-08*
#   min/max. wt. =  -0.219279E-22        0.129873E-08           *
#                                                               *
#*************   chi**2/iteration =  1.166       ****************


  Input parameters for vegas:  ndim=  9   ncall= 80707214.
                              it=    0    itmx=    2
                              acc=-1.00    
                              mds=  1     nd=  50
                              (xl,xu)= (  0.00000     ,  1.00000     )
                                       (  0.00000     ,  1.00000     )
                                       (  0.00000     ,  1.00000     )
                                       (  0.00000     ,  1.00000     )
                                       (  0.00000     ,  1.00000     )
                                       (  0.00000     ,  1.00000     )
                                       (  0.00000     ,  1.00000     )
                                       (  0.00000     ,  1.00000     )
                                       (  0.00000     ,  1.00000     )

#********** Integration by Vegas (iteration       1) ************
#                                                               *
#  integral  = 0.57700139E-04   accum. integral = 0.57700139E-04*
#  std. dev. = 0.30866697E-07   accum. std. dev = 0.30866697E-07*
#   min/max. wt. =    0.00000            0.114293E-08           *
#                                                               *
#*************   chi**2/iteration = 0.4341E-06   ****************


#********** Integration by Vegas (iteration       2) ************
#                                                               *
#  integral  = 0.57768181E-04   accum. integral = 0.57733781E-04*
#  std. dev. = 0.31249436E-07   accum. std. dev = 0.21960278E-07*
#   min/max. wt. =    0.00000            0.893507E-09           *
#                                                               *
#*************   chi**2/iteration =  2.397       ****************

 Done
