SLURM job running in:  /scratch/groups/lhc/park/JHUGen/JHUGenerator
LHAPDF 6.1.5 loading /work-zfs/lhc/cms/slc6_amd64_gcc493/external/lhapdf/6.1.5-kpegke3/share/LHAPDF/NNPDF30_lo_as_0130/NNPDF30_lo_as_0130_0000.dat
NNPDF30_lo_as_0130 PDF set, member #0, version 2; LHAPDF ID = 263000
 extending no. of histograms for vbf tests
 
                                                                                          
   ***************************************************************************************
   *                                JHU Generator v6.9.3                                 *
   ***************************************************************************************
   *                                                                                     *
   *   Spin and parity determination of single-produced resonances at hadron colliders   *
   *                                                                                     *
   *          I. Anderson, S. Bolognesi, F. Caola, Y. Gao, A. Gritsan, Z. Guo,           *
   *        C. Martin, K. Melnikov, R.Rontsch, H. Roskes, U. Sarica, M. Schulze,         *
   *                   N. Tran, A. Whitbeck, M. Xiao, C. You, Y. Zhou                    *
   *                Phys.Rev. D81 (2010) 075022;  arXiv:1001.3396 [hep-ph],              *
   *                Phys.Rev. D86 (2012) 095031;  arXiv:1208.4018 [hep-ph],              *
   *                Phys.Rev. D89 (2014) 035007;  arXiv:1309.4819 [hep-ph].              *
   *                                                                                     *
   ***************************************************************************************
                                                                                          
   
   Command line: ./JHUGen Unweighted=0 VegasNc0=99999999 VegasNc1=99999999 VegasNc2=99999999 LHAPDF=NNPDF30_lo_as_0130/NNPDF30_lo_as_0130.info MReso=630 ghz1=0,0 ghz1_prime2=1,0 Process=60 pTjetcut=0 deltaRcut=0
   
   Input Parameter:
    Collider: P-P, sqrt(s)=13000.00
    Resonance: spin=0, mass= 630.00 width=   0.00407
    Z-boson: mass=91.188, width=2.4952
    W-boson: mass=80.399, width=2.0850
    Jet cuts:
            pT >=     0.00 GeV
        DeltaR >=     0.00
           mJJ >=     0.00 GeV
    Random seed:   733326176
    To reproduce results using this seed, JHUGen should be compiled with the same compiler:
      GNU Fortran (GCC) 4.9.3
    
    WidthScheme:   2
    LHAPDF set NNPDF30_lo_as_0130/NNPDF30_lo_as_0130.info, member=  0
    Unweighted: F
    
    spin-0-VV couplings: 
      generate_as=F
      ghg2=  0.10000000E+01  0.00000000E+00i
      ghg3=  0.00000000E+00  0.00000000E+00i
      ghg4=  0.00000000E+00  0.00000000E+00i
      ghz1=  0.00000000E+00  0.00000000E+00i
      ghz2=  0.00000000E+00  0.00000000E+00i
      ghz3=  0.00000000E+00  0.00000000E+00i
      ghz4=  0.00000000E+00  0.00000000E+00i
      ghz1_prime2=  0.10000000E+01  0.00000000E+00i,    Lambda_z1=  1.0000E+04
      Lambda=  1000.0
    
    LHE output: ./data/output.lhe
    Histogram output: ./data/output.dat
    Log file: ./data/output.log
    
  Running

  Input parameters for vegas:  ndim=  9   ncall= 80707214.
                              it=    0    itmx=   15
                              acc=-1.00    
                              mds=  1     nd=  50
                              (xl,xu)= (  0.00000     ,  1.00000     )
                                       (  0.00000     ,  1.00000     )
                                       (  0.00000     ,  1.00000     )
                                       (  0.00000     ,  1.00000     )
                                       (  0.00000     ,  1.00000     )
                                       (  0.00000     ,  1.00000     )
                                       (  0.00000     ,  1.00000     )
                                       (  0.00000     ,  1.00000     )
                                       (  0.00000     ,  1.00000     )

#********** Integration by Vegas (iteration       1) ************
#                                                               *
#  integral  = 0.33295722E-04   accum. integral = 0.33295722E-04*
#  std. dev. = 0.31984400E-05   accum. std. dev = 0.31984400E-05*
#   min/max. wt. =    0.00000            0.311982E-05           *
#                                                               *
#*************   chi**2/iteration =  0.000       ****************


#********** Integration by Vegas (iteration       2) ************
#                                                               *
#  integral  = 0.46375470E-04   accum. integral = 0.43203690E-04*
#  std. dev. = 0.25205617E-05   accum. std. dev = 0.19096249E-05*
#   min/max. wt. =    0.00000            0.133983E-05           *
#                                                               *
#*************   chi**2/iteration =  8.609       ****************


#********** Integration by Vegas (iteration       3) ************
#                                                               *
#  integral  = 0.53940740E-04   accum. integral = 0.51876257E-04*
#  std. dev. = 0.12449455E-05   accum. std. dev = 0.94060602E-06*
#   min/max. wt. =    0.00000            0.972799E-06           *
#                                                               *
#*************   chi**2/iteration =  13.53       ****************


#********** Integration by Vegas (iteration       4) ************
#                                                               *
#  integral  = 0.53914556E-04   accum. integral = 0.53878092E-04*
#  std. dev. = 0.15093593E-06   accum. std. dev = 0.13215272E-06*
#   min/max. wt. =    0.00000            0.312643E-07           *
#                                                               *
#*************   chi**2/iteration =  9.567       ****************


#********** Integration by Vegas (iteration       5) ************
#                                                               *
#  integral  = 0.53685048E-04   accum. integral = 0.53702996E-04*
#  std. dev. = 0.47686245E-07   accum. std. dev = 0.41370360E-07*
#   min/max. wt. =  -0.694119E-30        0.517475E-08           *
#                                                               *
#*************   chi**2/iteration =  7.267       ****************


#********** Integration by Vegas (iteration       6) ************
#                                                               *
#  integral  = 0.53734392E-04   accum. integral = 0.53723052E-04*
#  std. dev. = 0.34181596E-07   accum. std. dev = 0.25289446E-07*
#   min/max. wt. =  -0.610787E-24        0.301575E-08           *
#                                                               *
#*************   chi**2/iteration =  5.691       ****************


#********** Integration by Vegas (iteration       7) ************
#                                                               *
#  integral  = 0.53767595E-04   accum. integral = 0.53742870E-04*
#  std. dev. = 0.30534257E-07   accum. std. dev = 0.19067060E-07*
#   min/max. wt. =    0.00000            0.156016E-08           *
#                                                               *
#*************   chi**2/iteration =  4.855       ****************


#********** Integration by Vegas (iteration       8) ************
#                                                               *
#  integral  = 0.53727232E-04   accum. integral = 0.53737716E-04*
#  std. dev. = 0.29025694E-07   accum. std. dev = 0.15747161E-07*
#   min/max. wt. =    0.00000            0.119775E-08           *
#                                                               *
#*************   chi**2/iteration =  4.122       ****************


#********** Integration by Vegas (iteration       9) ************
#                                                               *
#  integral  = 0.53690859E-04   accum. integral = 0.53725777E-04*
#  std. dev. = 0.28478877E-07   accum. std. dev = 0.13682846E-07*
#   min/max. wt. =    0.00000            0.100994E-08           *
#                                                               *
#*************   chi**2/iteration =  3.838       ****************


#********** Integration by Vegas (iteration      10) ************
#                                                               *
#  integral  = 0.53720534E-04   accum. integral = 0.53724696E-04*
#  std. dev. = 0.28215636E-07   accum. std. dev = 0.12254179E-07*
#   min/max. wt. =    0.00000            0.140220E-08           *
#                                                               *
#*************   chi**2/iteration =  3.380       ****************


#********** Integration by Vegas (iteration      11) ************
#                                                               *
#  integral  = 0.53739378E-04   accum. integral = 0.53727169E-04*
#  std. dev. = 0.28482737E-07   accum. std. dev = 0.11222404E-07*
#   min/max. wt. =    0.00000            0.120235E-08           *
#                                                               *
#*************   chi**2/iteration =  3.040       ****************


#********** Integration by Vegas (iteration      12) ************
#                                                               *
#  integral  = 0.53706508E-04   accum. integral = 0.53724223E-04*
#  std. dev. = 0.28648110E-07   accum. std. dev = 0.10427758E-07*
#   min/max. wt. =    0.00000            0.957275E-09           *
#                                                               *
#*************   chi**2/iteration =  2.788       ****************


#********** Integration by Vegas (iteration      13) ************
#                                                               *
#  integral  = 0.53705044E-04   accum. integral = 0.53721810E-04*
#  std. dev. = 0.28512936E-07   accum. std. dev = 0.97781983E-08*
#   min/max. wt. =    0.00000            0.115406E-08           *
#                                                               *
#*************   chi**2/iteration =  2.576       ****************


#********** Integration by Vegas (iteration      14) ************
#                                                               *
#  integral  = 0.53707617E-04   accum. integral = 0.53720252E-04*
#  std. dev. = 0.28806858E-07   accum. std. dev = 0.92490564E-08*
#   min/max. wt. =    0.00000            0.141790E-08           *
#                                                               *
#*************   chi**2/iteration =  2.384       ****************


#********** Integration by Vegas (iteration      15) ************
#                                                               *
#  integral  = 0.53753771E-04   accum. integral = 0.53723528E-04*
#  std. dev. = 0.29021617E-07   accum. std. dev = 0.88049227E-08*
#   min/max. wt. =    0.00000            0.957683E-09           *
#                                                               *
#*************   chi**2/iteration =  2.295       ****************


  Input parameters for vegas:  ndim=  9   ncall= 80707214.
                              it=    0    itmx=    2
                              acc=-1.00    
                              mds=  1     nd=  50
                              (xl,xu)= (  0.00000     ,  1.00000     )
                                       (  0.00000     ,  1.00000     )
                                       (  0.00000     ,  1.00000     )
                                       (  0.00000     ,  1.00000     )
                                       (  0.00000     ,  1.00000     )
                                       (  0.00000     ,  1.00000     )
                                       (  0.00000     ,  1.00000     )
                                       (  0.00000     ,  1.00000     )
                                       (  0.00000     ,  1.00000     )

#********** Integration by Vegas (iteration       1) ************
#                                                               *
#  integral  = 0.53744530E-04   accum. integral = 0.53744530E-04*
#  std. dev. = 0.29693167E-07   accum. std. dev = 0.29693167E-07*
#   min/max. wt. =    0.00000            0.105969E-08           *
#                                                               *
#*************   chi**2/iteration =  0.000       ****************


#********** Integration by Vegas (iteration       2) ************
#                                                               *
#  integral  = 0.53710045E-04   accum. integral = 0.53727432E-04*
#  std. dev. = 0.29924481E-07   accum. std. dev = 0.21077493E-07*
#   min/max. wt. =    0.00000            0.115666E-08           *
#                                                               *
#*************   chi**2/iteration = 0.6685       ****************

 Done
