SLURM job running in:  /scratch/groups/lhc/park/JHUGen/JHUGenerator
LHAPDF 6.1.5 loading /work-zfs/lhc/cms/slc6_amd64_gcc493/external/lhapdf/6.1.5-kpegke3/share/LHAPDF/NNPDF30_lo_as_0130/NNPDF30_lo_as_0130_0000.dat
NNPDF30_lo_as_0130 PDF set, member #0, version 2; LHAPDF ID = 263000
 extending no. of histograms for vbf tests
 
                                                                                          
   ***************************************************************************************
   *                                JHU Generator v6.9.3                                 *
   ***************************************************************************************
   *                                                                                     *
   *   Spin and parity determination of single-produced resonances at hadron colliders   *
   *                                                                                     *
   *          I. Anderson, S. Bolognesi, F. Caola, Y. Gao, A. Gritsan, Z. Guo,           *
   *        C. Martin, K. Melnikov, R.Rontsch, H. Roskes, U. Sarica, M. Schulze,         *
   *                   N. Tran, A. Whitbeck, M. Xiao, C. You, Y. Zhou                    *
   *                Phys.Rev. D81 (2010) 075022;  arXiv:1001.3396 [hep-ph],              *
   *                Phys.Rev. D86 (2012) 095031;  arXiv:1208.4018 [hep-ph],              *
   *                Phys.Rev. D89 (2014) 035007;  arXiv:1309.4819 [hep-ph].              *
   *                                                                                     *
   ***************************************************************************************
                                                                                          
   
   Command line: ./JHUGen Unweighted=0 VegasNc0=99999999 VegasNc1=99999999 VegasNc2=99999999 LHAPDF=NNPDF30_lo_as_0130/NNPDF30_lo_as_0130.info MReso=640 ghz1=0,0 ghz1_prime2=1,0 Process=60 pTjetcut=0 deltaRcut=0
   
   Input Parameter:
    Collider: P-P, sqrt(s)=13000.00
    Resonance: spin=0, mass= 640.00 width=   0.00407
    Z-boson: mass=91.188, width=2.4952
    W-boson: mass=80.399, width=2.0850
    Jet cuts:
            pT >=     0.00 GeV
        DeltaR >=     0.00
           mJJ >=     0.00 GeV
    Random seed:   875209987
    To reproduce results using this seed, JHUGen should be compiled with the same compiler:
      GNU Fortran (GCC) 4.9.3
    
    WidthScheme:   2
    LHAPDF set NNPDF30_lo_as_0130/NNPDF30_lo_as_0130.info, member=  0
    Unweighted: F
    
    spin-0-VV couplings: 
      generate_as=F
      ghg2=  0.10000000E+01  0.00000000E+00i
      ghg3=  0.00000000E+00  0.00000000E+00i
      ghg4=  0.00000000E+00  0.00000000E+00i
      ghz1=  0.00000000E+00  0.00000000E+00i
      ghz2=  0.00000000E+00  0.00000000E+00i
      ghz3=  0.00000000E+00  0.00000000E+00i
      ghz4=  0.00000000E+00  0.00000000E+00i
      ghz1_prime2=  0.10000000E+01  0.00000000E+00i,    Lambda_z1=  1.0000E+04
      Lambda=  1000.0
    
    LHE output: ./data/output.lhe
    Histogram output: ./data/output.dat
    Log file: ./data/output.log
    
  Running

  Input parameters for vegas:  ndim=  9   ncall= 80707214.
                              it=    0    itmx=   15
                              acc=-1.00    
                              mds=  1     nd=  50
                              (xl,xu)= (  0.00000     ,  1.00000     )
                                       (  0.00000     ,  1.00000     )
                                       (  0.00000     ,  1.00000     )
                                       (  0.00000     ,  1.00000     )
                                       (  0.00000     ,  1.00000     )
                                       (  0.00000     ,  1.00000     )
                                       (  0.00000     ,  1.00000     )
                                       (  0.00000     ,  1.00000     )
                                       (  0.00000     ,  1.00000     )

#********** Integration by Vegas (iteration       1) ************
#                                                               *
#  integral  = 0.58691884E-04   accum. integral = 0.58691884E-04*
#  std. dev. = 0.23002931E-04   accum. std. dev = 0.23002931E-04*
#   min/max. wt. =    0.00000            0.227595E-04           *
#                                                               *
#*************   chi**2/iteration =  0.000       ****************


#********** Integration by Vegas (iteration       2) ************
#                                                               *
#  integral  = 0.43928899E-04   accum. integral = 0.44171173E-04*
#  std. dev. = 0.22238996E-05   accum. std. dev = 0.26027062E-05*
#   min/max. wt. =    0.00000            0.131711E-05           *
#                                                               *
#*************   chi**2/iteration = 0.5188       ****************


#********** Integration by Vegas (iteration       3) ************
#                                                               *
#  integral  = 0.52121674E-04   accum. integral = 0.50078804E-04*
#  std. dev. = 0.15388764E-05   accum. std. dev = 0.13217199E-05*
#   min/max. wt. =    0.00000            0.142122E-05           *
#                                                               *
#*************   chi**2/iteration =  3.711       ****************


#********** Integration by Vegas (iteration       4) ************
#                                                               *
#  integral  = 0.52361804E-04   accum. integral = 0.52315972E-04*
#  std. dev. = 0.19074157E-06   accum. std. dev = 0.18765913E-06*
#   min/max. wt. =    0.00000            0.398384E-07           *
#                                                               *
#*************   chi**2/iteration =  3.434       ****************


#********** Integration by Vegas (iteration       5) ************
#                                                               *
#  integral  = 0.52373465E-04   accum. integral = 0.52369437E-04*
#  std. dev. = 0.51841288E-07   accum. std. dev = 0.49738083E-07*
#   min/max. wt. =    0.00000            0.557029E-08           *
#                                                               *
#*************   chi**2/iteration =  2.591       ****************


#********** Integration by Vegas (iteration       6) ************
#                                                               *
#  integral  = 0.52492070E-04   accum. integral = 0.52453623E-04*
#  std. dev. = 0.33860625E-07   accum. std. dev = 0.27883827E-07*
#   min/max. wt. =    0.00000            0.247442E-08           *
#                                                               *
#*************   chi**2/iteration =  2.900       ****************


#********** Integration by Vegas (iteration       7) ************
#                                                               *
#  integral  = 0.52451285E-04   accum. integral = 0.52452511E-04*
#  std. dev. = 0.29429268E-07   accum. std. dev = 0.20205384E-07*
#   min/max. wt. =    0.00000            0.260804E-08           *
#                                                               *
#*************   chi**2/iteration =  2.414       ****************


#********** Integration by Vegas (iteration       8) ************
#                                                               *
#  integral  = 0.52516721E-04   accum. integral = 0.52474670E-04*
#  std. dev. = 0.27996548E-07   accum. std. dev = 0.16363263E-07*
#   min/max. wt. =    0.00000            0.164111E-08           *
#                                                               *
#*************   chi**2/iteration =  2.563       ****************


#********** Integration by Vegas (iteration       9) ************
#                                                               *
#  integral  = 0.52426640E-04   accum. integral = 0.52461932E-04*
#  std. dev. = 0.27328536E-07   accum. std. dev = 0.14031795E-07*
#   min/max. wt. =    0.00000            0.190717E-08           *
#                                                               *
#*************   chi**2/iteration =  2.527       ****************


#********** Integration by Vegas (iteration      10) ************
#                                                               *
#  integral  = 0.52445691E-04   accum. integral = 0.52458504E-04*
#  std. dev. = 0.27222726E-07   accum. std. dev = 0.12467802E-07*
#   min/max. wt. =    0.00000            0.105091E-08           *
#                                                               *
#*************   chi**2/iteration =  2.276       ****************


#********** Integration by Vegas (iteration      11) ************
#                                                               *
#  integral  = 0.52480694E-04   accum. integral = 0.52462333E-04*
#  std. dev. = 0.27403437E-07   accum. std. dev = 0.11345058E-07*
#   min/max. wt. =    0.00000            0.946000E-09           *
#                                                               *
#*************   chi**2/iteration =  2.101       ****************


#********** Integration by Vegas (iteration      12) ************
#                                                               *
#  integral  = 0.52447651E-04   accum. integral = 0.52460142E-04*
#  std. dev. = 0.27163424E-07   accum. std. dev = 0.10466803E-07*
#   min/max. wt. =    0.00000            0.771899E-09           *
#                                                               *
#*************   chi**2/iteration =  1.932       ****************


#********** Integration by Vegas (iteration      13) ************
#                                                               *
#  integral  = 0.52486940E-04   accum. integral = 0.52463571E-04*
#  std. dev. = 0.27413398E-07   accum. std. dev = 0.97766942E-08*
#   min/max. wt. =    0.00000            0.937537E-09           *
#                                                               *
#*************   chi**2/iteration =  1.840       ****************


#********** Integration by Vegas (iteration      14) ************
#                                                               *
#  integral  = 0.52515383E-04   accum. integral = 0.52469360E-04*
#  std. dev. = 0.27663981E-07   accum. std. dev = 0.92166791E-08*
#   min/max. wt. =    0.00000            0.981728E-09           *
#                                                               *
#*************   chi**2/iteration =  1.939       ****************


#********** Integration by Vegas (iteration      15) ************
#                                                               *
#  integral  = 0.52491779E-04   accum. integral = 0.52471594E-04*
#  std. dev. = 0.27786059E-07   accum. std. dev = 0.87471756E-08*
#   min/max. wt. =    0.00000            0.125889E-08           *
#                                                               *
#*************   chi**2/iteration =  1.842       ****************


  Input parameters for vegas:  ndim=  9   ncall= 80707214.
                              it=    0    itmx=    2
                              acc=-1.00    
                              mds=  1     nd=  50
                              (xl,xu)= (  0.00000     ,  1.00000     )
                                       (  0.00000     ,  1.00000     )
                                       (  0.00000     ,  1.00000     )
                                       (  0.00000     ,  1.00000     )
                                       (  0.00000     ,  1.00000     )
                                       (  0.00000     ,  1.00000     )
                                       (  0.00000     ,  1.00000     )
                                       (  0.00000     ,  1.00000     )
                                       (  0.00000     ,  1.00000     )

#********** Integration by Vegas (iteration       1) ************
#                                                               *
#  integral  = 0.52481063E-04   accum. integral = 0.52481063E-04*
#  std. dev. = 0.27958570E-07   accum. std. dev = 0.27958570E-07*
#   min/max. wt. =    0.00000            0.971811E-09           *
#                                                               *
#*************   chi**2/iteration =  0.000       ****************


#********** Integration by Vegas (iteration       2) ************
#                                                               *
#  integral  = 0.52450288E-04   accum. integral = 0.52465805E-04*
#  std. dev. = 0.28177757E-07   accum. std. dev = 0.19846689E-07*
#   min/max. wt. =    0.00000            0.138386E-08           *
#                                                               *
#*************   chi**2/iteration = 0.6005       ****************

 Done
