SLURM job running in:  /scratch/groups/lhc/park/JHUGen/JHUGenerator
LHAPDF 6.1.5 loading /work-zfs/lhc/cms/slc6_amd64_gcc493/external/lhapdf/6.1.5-kpegke3/share/LHAPDF/NNPDF30_lo_as_0130/NNPDF30_lo_as_0130_0000.dat
NNPDF30_lo_as_0130 PDF set, member #0, version 2; LHAPDF ID = 263000
 extending no. of histograms for vbf tests
 
                                                                                          
   ***************************************************************************************
   *                                JHU Generator v6.9.3                                 *
   ***************************************************************************************
   *                                                                                     *
   *   Spin and parity determination of single-produced resonances at hadron colliders   *
   *                                                                                     *
   *          I. Anderson, S. Bolognesi, F. Caola, Y. Gao, A. Gritsan, Z. Guo,           *
   *        C. Martin, K. Melnikov, R.Rontsch, H. Roskes, U. Sarica, M. Schulze,         *
   *                   N. Tran, A. Whitbeck, M. Xiao, C. You, Y. Zhou                    *
   *                Phys.Rev. D81 (2010) 075022;  arXiv:1001.3396 [hep-ph],              *
   *                Phys.Rev. D86 (2012) 095031;  arXiv:1208.4018 [hep-ph],              *
   *                Phys.Rev. D89 (2014) 035007;  arXiv:1309.4819 [hep-ph].              *
   *                                                                                     *
   ***************************************************************************************
                                                                                          
   
   Command line: ./JHUGen Unweighted=0 VegasNc0=99999999 VegasNc1=99999999 VegasNc2=99999999 LHAPDF=NNPDF30_lo_as_0130/NNPDF30_lo_as_0130.info MReso=655 ghz1=0,0 ghz1_prime2=1,0 Process=60 pTjetcut=0 deltaRcut=0
   
   Input Parameter:
    Collider: P-P, sqrt(s)=13000.00
    Resonance: spin=0, mass= 655.00 width=   0.00407
    Z-boson: mass=91.188, width=2.4952
    W-boson: mass=80.399, width=2.0850
    Jet cuts:
            pT >=     0.00 GeV
        DeltaR >=     0.00
           mJJ >=     0.00 GeV
    Random seed:   283444629
    To reproduce results using this seed, JHUGen should be compiled with the same compiler:
      GNU Fortran (GCC) 4.9.3
    
    WidthScheme:   2
    LHAPDF set NNPDF30_lo_as_0130/NNPDF30_lo_as_0130.info, member=  0
    Unweighted: F
    
    spin-0-VV couplings: 
      generate_as=F
      ghg2=  0.10000000E+01  0.00000000E+00i
      ghg3=  0.00000000E+00  0.00000000E+00i
      ghg4=  0.00000000E+00  0.00000000E+00i
      ghz1=  0.00000000E+00  0.00000000E+00i
      ghz2=  0.00000000E+00  0.00000000E+00i
      ghz3=  0.00000000E+00  0.00000000E+00i
      ghz4=  0.00000000E+00  0.00000000E+00i
      ghz1_prime2=  0.10000000E+01  0.00000000E+00i,    Lambda_z1=  1.0000E+04
      Lambda=  1000.0
    
    LHE output: ./data/output.lhe
    Histogram output: ./data/output.dat
    Log file: ./data/output.log
    
  Running

  Input parameters for vegas:  ndim=  9   ncall= 80707214.
                              it=    0    itmx=   15
                              acc=-1.00    
                              mds=  1     nd=  50
                              (xl,xu)= (  0.00000     ,  1.00000     )
                                       (  0.00000     ,  1.00000     )
                                       (  0.00000     ,  1.00000     )
                                       (  0.00000     ,  1.00000     )
                                       (  0.00000     ,  1.00000     )
                                       (  0.00000     ,  1.00000     )
                                       (  0.00000     ,  1.00000     )
                                       (  0.00000     ,  1.00000     )
                                       (  0.00000     ,  1.00000     )

#********** Integration by Vegas (iteration       1) ************
#                                                               *
#  integral  = 0.34620941E-04   accum. integral = 0.34620941E-04*
#  std. dev. = 0.56671532E-05   accum. std. dev = 0.56671532E-05*
#   min/max. wt. =    0.00000            0.555008E-05           *
#                                                               *
#*************   chi**2/iteration =  0.000       ****************


#********** Integration by Vegas (iteration       2) ************
#                                                               *
#  integral  = 0.44094421E-04   accum. integral = 0.40770462E-04*
#  std. dev. = 0.53066070E-05   accum. std. dev = 0.38437164E-05*
#   min/max. wt. =    0.00000            0.432228E-05           *
#                                                               *
#*************   chi**2/iteration =  1.382       ****************


#********** Integration by Vegas (iteration       3) ************
#                                                               *
#  integral  = 0.50498065E-04   accum. integral = 0.48547167E-04*
#  std. dev. = 0.24524116E-05   accum. std. dev = 0.18915717E-05*
#   min/max. wt. =    0.00000            0.225802E-05           *
#                                                               *
#*************   chi**2/iteration =  2.692       ****************


#********** Integration by Vegas (iteration       4) ************
#                                                               *
#  integral  = 0.50814914E-04   accum. integral = 0.50739267E-04*
#  std. dev. = 0.40989402E-06   accum. std. dev = 0.36072051E-06*
#   min/max. wt. =    0.00000            0.214105E-06           *
#                                                               *
#*************   chi**2/iteration =  2.071       ****************


#********** Integration by Vegas (iteration       5) ************
#                                                               *
#  integral  = 0.50617270E-04   accum. integral = 0.50620909E-04*
#  std. dev. = 0.70379954E-07   accum. std. dev = 0.63760335E-07*
#   min/max. wt. =    0.00000            0.866691E-08           *
#                                                               *
#*************   chi**2/iteration =  1.509       ****************


#********** Integration by Vegas (iteration       6) ************
#                                                               *
#  integral  = 0.50648689E-04   accum. integral = 0.50642832E-04*
#  std. dev. = 0.35854961E-07   accum. std. dev = 0.29722075E-07*
#   min/max. wt. =    0.00000            0.160341E-08           *
#                                                               *
#*************   chi**2/iteration =  1.201       ****************


#********** Integration by Vegas (iteration       7) ************
#                                                               *
#  integral  = 0.50633722E-04   accum. integral = 0.50637945E-04*
#  std. dev. = 0.29602666E-07   accum. std. dev = 0.20449726E-07*
#   min/max. wt. =    0.00000            0.215567E-08           *
#                                                               *
#*************   chi**2/iteration = 0.9880       ****************


#********** Integration by Vegas (iteration       8) ************
#                                                               *
#  integral  = 0.50640931E-04   accum. integral = 0.50639110E-04*
#  std. dev. = 0.27111687E-07   accum. std. dev = 0.16093768E-07*
#   min/max. wt. =    0.00000            0.970239E-09           *
#                                                               *
#*************   chi**2/iteration = 0.8351       ****************


#********** Integration by Vegas (iteration       9) ************
#                                                               *
#  integral  = 0.50639054E-04   accum. integral = 0.50639095E-04*
#  std. dev. = 0.27279577E-07   accum. std. dev = 0.13754737E-07*
#   min/max. wt. =    0.00000            0.144802E-08           *
#                                                               *
#*************   chi**2/iteration = 0.7222       ****************


#********** Integration by Vegas (iteration      10) ************
#                                                               *
#  integral  = 0.50641262E-04   accum. integral = 0.50639578E-04*
#  std. dev. = 0.26861447E-07   accum. std. dev = 0.12181929E-07*
#   min/max. wt. =    0.00000            0.970738E-09           *
#                                                               *
#*************   chi**2/iteration = 0.6365       ****************


#********** Integration by Vegas (iteration      11) ************
#                                                               *
#  integral  = 0.50643511E-04   accum. integral = 0.50640311E-04*
#  std. dev. = 0.26498642E-07   accum. std. dev = 0.11029986E-07*
#   min/max. wt. =    0.00000            0.906457E-09           *
#                                                               *
#*************   chi**2/iteration = 0.5705       ****************


#********** Integration by Vegas (iteration      12) ************
#                                                               *
#  integral  = 0.50643439E-04   accum. integral = 0.50640803E-04*
#  std. dev. = 0.26472526E-07   accum. std. dev = 0.10156878E-07*
#   min/max. wt. =    0.00000            0.102792E-08           *
#                                                               *
#*************   chi**2/iteration = 0.5165       ****************


#********** Integration by Vegas (iteration      13) ************
#                                                               *
#  integral  = 0.50689224E-04   accum. integral = 0.50647290E-04*
#  std. dev. = 0.26725034E-07   accum. std. dev = 0.94778471E-08*
#   min/max. wt. =    0.00000            0.847078E-09           *
#                                                               *
#*************   chi**2/iteration = 0.7232       ****************


#********** Integration by Vegas (iteration      14) ************
#                                                               *
#  integral  = 0.50607531E-04   accum. integral = 0.50642668E-04*
#  std. dev. = 0.26928357E-07   accum. std. dev = 0.89296123E-08*
#   min/max. wt. =    0.00000            0.158084E-08           *
#                                                               *
#*************   chi**2/iteration = 0.8213       ****************


#********** Integration by Vegas (iteration      15) ************
#                                                               *
#  integral  = 0.50636653E-04   accum. integral = 0.50642041E-04*
#  std. dev. = 0.26911285E-07   accum. std. dev = 0.84672328E-08*
#   min/max. wt. =    0.00000            0.951570E-09           *
#                                                               *
#*************   chi**2/iteration = 0.7631       ****************


  Input parameters for vegas:  ndim=  9   ncall= 80707214.
                              it=    0    itmx=    2
                              acc=-1.00    
                              mds=  1     nd=  50
                              (xl,xu)= (  0.00000     ,  1.00000     )
                                       (  0.00000     ,  1.00000     )
                                       (  0.00000     ,  1.00000     )
                                       (  0.00000     ,  1.00000     )
                                       (  0.00000     ,  1.00000     )
                                       (  0.00000     ,  1.00000     )
                                       (  0.00000     ,  1.00000     )
                                       (  0.00000     ,  1.00000     )
                                       (  0.00000     ,  1.00000     )

#********** Integration by Vegas (iteration       1) ************
#                                                               *
#  integral  = 0.50649831E-04   accum. integral = 0.50649831E-04*
#  std. dev. = 0.27159472E-07   accum. std. dev = 0.27159472E-07*
#   min/max. wt. =    0.00000            0.130863E-08           *
#                                                               *
#*************   chi**2/iteration = 0.1121E-05   ****************


#********** Integration by Vegas (iteration       2) ************
#                                                               *
#  integral  = 0.50642862E-04   accum. integral = 0.50646379E-04*
#  std. dev. = 0.27410061E-07   accum. std. dev = 0.19292621E-07*
#   min/max. wt. =  -0.387167E-31        0.127829E-08           *
#                                                               *
#*************   chi**2/iteration = 0.3259E-01   ****************

 Done
