SLURM job running in:  /scratch/groups/lhc/park/JHUGen/JHUGenerator
LHAPDF 6.1.5 loading /work-zfs/lhc/cms/slc6_amd64_gcc493/external/lhapdf/6.1.5-kpegke3/share/LHAPDF/NNPDF30_lo_as_0130/NNPDF30_lo_as_0130_0000.dat
NNPDF30_lo_as_0130 PDF set, member #0, version 2; LHAPDF ID = 263000
 extending no. of histograms for vbf tests
 
                                                                                          
   ***************************************************************************************
   *                                JHU Generator v6.9.3                                 *
   ***************************************************************************************
   *                                                                                     *
   *   Spin and parity determination of single-produced resonances at hadron colliders   *
   *                                                                                     *
   *          I. Anderson, S. Bolognesi, F. Caola, Y. Gao, A. Gritsan, Z. Guo,           *
   *        C. Martin, K. Melnikov, R.Rontsch, H. Roskes, U. Sarica, M. Schulze,         *
   *                   N. Tran, A. Whitbeck, M. Xiao, C. You, Y. Zhou                    *
   *                Phys.Rev. D81 (2010) 075022;  arXiv:1001.3396 [hep-ph],              *
   *                Phys.Rev. D86 (2012) 095031;  arXiv:1208.4018 [hep-ph],              *
   *                Phys.Rev. D89 (2014) 035007;  arXiv:1309.4819 [hep-ph].              *
   *                                                                                     *
   ***************************************************************************************
                                                                                          
   
   Command line: ./JHUGen Unweighted=0 VegasNc0=99999999 VegasNc1=99999999 VegasNc2=99999999 LHAPDF=NNPDF30_lo_as_0130/NNPDF30_lo_as_0130.info MReso=685 ghz1=0,0 ghz1_prime2=1,0 Process=60 pTjetcut=0 deltaRcut=0
   
   Input Parameter:
    Collider: P-P, sqrt(s)=13000.00
    Resonance: spin=0, mass= 685.00 width=   0.00407
    Z-boson: mass=91.188, width=2.4952
    W-boson: mass=80.399, width=2.0850
    Jet cuts:
            pT >=     0.00 GeV
        DeltaR >=     0.00
           mJJ >=     0.00 GeV
    Random seed:   283444630
    To reproduce results using this seed, JHUGen should be compiled with the same compiler:
      GNU Fortran (GCC) 4.9.3
    
    WidthScheme:   2
    LHAPDF set NNPDF30_lo_as_0130/NNPDF30_lo_as_0130.info, member=  0
    Unweighted: F
    
    spin-0-VV couplings: 
      generate_as=F
      ghg2=  0.10000000E+01  0.00000000E+00i
      ghg3=  0.00000000E+00  0.00000000E+00i
      ghg4=  0.00000000E+00  0.00000000E+00i
      ghz1=  0.00000000E+00  0.00000000E+00i
      ghz2=  0.00000000E+00  0.00000000E+00i
      ghz3=  0.00000000E+00  0.00000000E+00i
      ghz4=  0.00000000E+00  0.00000000E+00i
      ghz1_prime2=  0.10000000E+01  0.00000000E+00i,    Lambda_z1=  1.0000E+04
      Lambda=  1000.0
    
    LHE output: ./data/output.lhe
    Histogram output: ./data/output.dat
    Log file: ./data/output.log
    
  Running

  Input parameters for vegas:  ndim=  9   ncall= 80707214.
                              it=    0    itmx=   15
                              acc=-1.00    
                              mds=  1     nd=  50
                              (xl,xu)= (  0.00000     ,  1.00000     )
                                       (  0.00000     ,  1.00000     )
                                       (  0.00000     ,  1.00000     )
                                       (  0.00000     ,  1.00000     )
                                       (  0.00000     ,  1.00000     )
                                       (  0.00000     ,  1.00000     )
                                       (  0.00000     ,  1.00000     )
                                       (  0.00000     ,  1.00000     )
                                       (  0.00000     ,  1.00000     )

#********** Integration by Vegas (iteration       1) ************
#                                                               *
#  integral  = 0.41469398E-04   accum. integral = 0.41469398E-04*
#  std. dev. = 0.12070564E-04   accum. std. dev = 0.12070564E-04*
#   min/max. wt. =    0.00000            0.118166E-04           *
#                                                               *
#*************   chi**2/iteration = 0.4258E-11   ****************


#********** Integration by Vegas (iteration       2) ************
#                                                               *
#  integral  = 0.44472400E-04   accum. integral = 0.44078975E-04*
#  std. dev. = 0.50261595E-05   accum. std. dev = 0.45299391E-05*
#   min/max. wt. =    0.00000            0.375640E-05           *
#                                                               *
#*************   chi**2/iteration = 0.4998E-01   ****************


#********** Integration by Vegas (iteration       3) ************
#                                                               *
#  integral  = 0.45621180E-04   accum. integral = 0.45575470E-04*
#  std. dev. = 0.84001610E-06   accum. std. dev = 0.79605995E-06*
#   min/max. wt. =    0.00000            0.356321E-06           *
#                                                               *
#*************   chi**2/iteration = 0.7794E-01   ****************


#********** Integration by Vegas (iteration       4) ************
#                                                               *
#  integral  = 0.47182922E-04   accum. integral = 0.47130858E-04*
#  std. dev. = 0.15657460E-06   accum. std. dev = 0.14602871E-06*
#   min/max. wt. =    0.00000            0.691607E-07           *
#                                                               *
#*************   chi**2/iteration =  1.315       ****************


#********** Integration by Vegas (iteration       5) ************
#                                                               *
#  integral  = 0.47234086E-04   accum. integral = 0.47224060E-04*
#  std. dev. = 0.50570321E-07   accum. std. dev = 0.46029449E-07*
#   min/max. wt. =    0.00000            0.885301E-08           *
#                                                               *
#*************   chi**2/iteration =  1.075       ****************


#********** Integration by Vegas (iteration       6) ************
#                                                               *
#  integral  = 0.47192968E-04   accum. integral = 0.47202188E-04*
#  std. dev. = 0.31171377E-07   accum. std. dev = 0.25248626E-07*
#   min/max. wt. =    0.00000            0.146021E-08           *
#                                                               *
#*************   chi**2/iteration = 0.9107       ****************


#********** Integration by Vegas (iteration       7) ************
#                                                               *
#  integral  = 0.47224594E-04   accum. integral = 0.47213083E-04*
#  std. dev. = 0.26891306E-07   accum. std. dev = 0.18192230E-07*
#   min/max. wt. =    0.00000            0.924729E-09           *
#                                                               *
#*************   chi**2/iteration = 0.8142       ****************


#********** Integration by Vegas (iteration       8) ************
#                                                               *
#  integral  = 0.47197186E-04   accum. integral = 0.47207481E-04*
#  std. dev. = 0.25405282E-07   accum. std. dev = 0.14695843E-07*
#   min/max. wt. =    0.00000            0.110405E-08           *
#                                                               *
#*************   chi**2/iteration = 0.7307       ****************


#********** Integration by Vegas (iteration       9) ************
#                                                               *
#  integral  = 0.47235544E-04   accum. integral = 0.47215022E-04*
#  std. dev. = 0.24898323E-07   accum. std. dev = 0.12605259E-07*
#   min/max. wt. =  -0.277192E-23        0.272031E-08           *
#                                                               *
#*************   chi**2/iteration = 0.7573       ****************


#********** Integration by Vegas (iteration      10) ************
#                                                               *
#  integral  = 0.47211026E-04   accum. integral = 0.47214166E-04*
#  std. dev. = 0.24703373E-07   accum. std. dev = 0.11199889E-07*
#   min/max. wt. =    0.00000            0.696856E-09           *
#                                                               *
#*************   chi**2/iteration = 0.6723       ****************


#********** Integration by Vegas (iteration      11) ************
#                                                               *
#  integral  = 0.47195467E-04   accum. integral = 0.47210914E-04*
#  std. dev. = 0.24914539E-07   accum. std. dev = 0.10198839E-07*
#   min/max. wt. =    0.00000            0.847323E-09           *
#                                                               *
#*************   chi**2/iteration = 0.6511       ****************


#********** Integration by Vegas (iteration      12) ************
#                                                               *
#  integral  = 0.47230544E-04   accum. integral = 0.47213819E-04*
#  std. dev. = 0.24948821E-07   accum. std. dev = 0.94294319E-08*
#   min/max. wt. =    0.00000            0.137763E-08           *
#                                                               *
#*************   chi**2/iteration = 0.6397       ****************


#********** Integration by Vegas (iteration      13) ************
#                                                               *
#  integral  = 0.47193972E-04   accum. integral = 0.47211221E-04*
#  std. dev. = 0.24712519E-07   accum. std. dev = 0.88023270E-08*
#   min/max. wt. =  -0.139685E-26        0.728261E-09           *
#                                                               *
#*************   chi**2/iteration = 0.6330       ****************


#********** Integration by Vegas (iteration      14) ************
#                                                               *
#  integral  = 0.47188955E-04   accum. integral = 0.47208693E-04*
#  std. dev. = 0.24975385E-07   accum. std. dev = 0.82967355E-08*
#   min/max. wt. =    0.00000            0.112045E-08           *
#                                                               *
#*************   chi**2/iteration = 0.6388       ****************


#********** Integration by Vegas (iteration      15) ************
#                                                               *
#  integral  = 0.47234829E-04   accum. integral = 0.47211367E-04*
#  std. dev. = 0.24955493E-07   accum. std. dev = 0.78690180E-08*
#   min/max. wt. =  -0.162068E-22        0.892349E-09           *
#                                                               *
#*************   chi**2/iteration = 0.6643       ****************


  Input parameters for vegas:  ndim=  9   ncall= 80707214.
                              it=    0    itmx=    2
                              acc=-1.00    
                              mds=  1     nd=  50
                              (xl,xu)= (  0.00000     ,  1.00000     )
                                       (  0.00000     ,  1.00000     )
                                       (  0.00000     ,  1.00000     )
                                       (  0.00000     ,  1.00000     )
                                       (  0.00000     ,  1.00000     )
                                       (  0.00000     ,  1.00000     )
                                       (  0.00000     ,  1.00000     )
                                       (  0.00000     ,  1.00000     )
                                       (  0.00000     ,  1.00000     )

#********** Integration by Vegas (iteration       1) ************
#                                                               *
#  integral  = 0.47220913E-04   accum. integral = 0.47220913E-04*
#  std. dev. = 0.25223560E-07   accum. std. dev = 0.25223560E-07*
#   min/max. wt. =    0.00000            0.976004E-09           *
#                                                               *
#*************   chi**2/iteration =  0.000       ****************


#********** Integration by Vegas (iteration       2) ************
#                                                               *
#  integral  = 0.47197739E-04   accum. integral = 0.47209266E-04*
#  std. dev. = 0.25080845E-07   accum. std. dev = 0.17785103E-07*
#   min/max. wt. =    0.00000            0.932502E-09           *
#                                                               *
#*************   chi**2/iteration = 0.4240       ****************

 Done
