SLURM job running in:  /scratch/groups/lhc/park/JHUGen/JHUGenerator
LHAPDF 6.1.5 loading /work-zfs/lhc/cms/slc6_amd64_gcc493/external/lhapdf/6.1.5-kpegke3/share/LHAPDF/NNPDF30_lo_as_0130/NNPDF30_lo_as_0130_0000.dat
NNPDF30_lo_as_0130 PDF set, member #0, version 2; LHAPDF ID = 263000
 extending no. of histograms for vbf tests
 
                                                                                          
   ***************************************************************************************
   *                                JHU Generator v6.9.3                                 *
   ***************************************************************************************
   *                                                                                     *
   *   Spin and parity determination of single-produced resonances at hadron colliders   *
   *                                                                                     *
   *          I. Anderson, S. Bolognesi, F. Caola, Y. Gao, A. Gritsan, Z. Guo,           *
   *        C. Martin, K. Melnikov, R.Rontsch, H. Roskes, U. Sarica, M. Schulze,         *
   *                   N. Tran, A. Whitbeck, M. Xiao, C. You, Y. Zhou                    *
   *                Phys.Rev. D81 (2010) 075022;  arXiv:1001.3396 [hep-ph],              *
   *                Phys.Rev. D86 (2012) 095031;  arXiv:1208.4018 [hep-ph],              *
   *                Phys.Rev. D89 (2014) 035007;  arXiv:1309.4819 [hep-ph].              *
   *                                                                                     *
   ***************************************************************************************
                                                                                          
   
   Command line: ./JHUGen Unweighted=0 VegasNc0=99999999 VegasNc1=99999999 VegasNc2=99999999 LHAPDF=NNPDF30_lo_as_0130/NNPDF30_lo_as_0130.info MReso=690 ghz1=0,0 ghz1_prime2=1,0 Process=60 pTjetcut=0 deltaRcut=0
   
   Input Parameter:
    Collider: P-P, sqrt(s)=13000.00
    Resonance: spin=0, mass= 690.00 width=   0.00407
    Z-boson: mass=91.188, width=2.4952
    W-boson: mass=80.399, width=2.0850
    Jet cuts:
            pT >=     0.00 GeV
        DeltaR >=     0.00
           mJJ >=     0.00 GeV
    Random seed:   383826969
    To reproduce results using this seed, JHUGen should be compiled with the same compiler:
      GNU Fortran (GCC) 4.9.3
    
    WidthScheme:   2
    LHAPDF set NNPDF30_lo_as_0130/NNPDF30_lo_as_0130.info, member=  0
    Unweighted: F
    
    spin-0-VV couplings: 
      generate_as=F
      ghg2=  0.10000000E+01  0.00000000E+00i
      ghg3=  0.00000000E+00  0.00000000E+00i
      ghg4=  0.00000000E+00  0.00000000E+00i
      ghz1=  0.00000000E+00  0.00000000E+00i
      ghz2=  0.00000000E+00  0.00000000E+00i
      ghz3=  0.00000000E+00  0.00000000E+00i
      ghz4=  0.00000000E+00  0.00000000E+00i
      ghz1_prime2=  0.10000000E+01  0.00000000E+00i,    Lambda_z1=  1.0000E+04
      Lambda=  1000.0
    
    LHE output: ./data/output.lhe
    Histogram output: ./data/output.dat
    Log file: ./data/output.log
    
  Running

  Input parameters for vegas:  ndim=  9   ncall= 80707214.
                              it=    0    itmx=   15
                              acc=-1.00    
                              mds=  1     nd=  50
                              (xl,xu)= (  0.00000     ,  1.00000     )
                                       (  0.00000     ,  1.00000     )
                                       (  0.00000     ,  1.00000     )
                                       (  0.00000     ,  1.00000     )
                                       (  0.00000     ,  1.00000     )
                                       (  0.00000     ,  1.00000     )
                                       (  0.00000     ,  1.00000     )
                                       (  0.00000     ,  1.00000     )
                                       (  0.00000     ,  1.00000     )

#********** Integration by Vegas (iteration       1) ************
#                                                               *
#  integral  = 0.29054747E-04   accum. integral = 0.29054747E-04*
#  std. dev. = 0.18408880E-05   accum. std. dev = 0.18408880E-05*
#   min/max. wt. =    0.00000            0.145934E-05           *
#                                                               *
#*************   chi**2/iteration =  0.000       ****************


#********** Integration by Vegas (iteration       2) ************
#                                                               *
#  integral  = 0.37771436E-04   accum. integral = 0.34194910E-04*
#  std. dev. = 0.19962550E-05   accum. std. dev = 0.13675567E-05*
#   min/max. wt. =    0.00000            0.141238E-05           *
#                                                               *
#*************   chi**2/iteration =  9.820       ****************


#********** Integration by Vegas (iteration       3) ************
#                                                               *
#  integral  = 0.47224317E-04   accum. integral = 0.42505632E-04*
#  std. dev. = 0.14441821E-05   accum. std. dev = 0.94603460E-06*
#   min/max. wt. =    0.00000            0.109158E-05           *
#                                                               *
#*************   chi**2/iteration =  25.62       ****************


#********** Integration by Vegas (iteration       4) ************
#                                                               *
#  integral  = 0.46387454E-04   accum. integral = 0.46324168E-04*
#  std. dev. = 0.14585378E-06   accum. std. dev = 0.12718028E-06*
#   min/max. wt. =    0.00000            0.315734E-07           *
#                                                               *
#*************   chi**2/iteration =  20.39       ****************


#********** Integration by Vegas (iteration       5) ************
#                                                               *
#  integral  = 0.46696106E-04   accum. integral = 0.46662088E-04*
#  std. dev. = 0.46203226E-07   accum. std. dev = 0.39640632E-07*
#   min/max. wt. =  -0.294838E-16        0.587999E-08           *
#                                                               *
#*************   chi**2/iteration =  16.22       ****************


#********** Integration by Vegas (iteration       6) ************
#                                                               *
#  integral  = 0.46669498E-04   accum. integral = 0.46667142E-04*
#  std. dev. = 0.30048520E-07   accum. std. dev = 0.22780184E-07*
#   min/max. wt. =    0.00000            0.118389E-08           *
#                                                               *
#*************   chi**2/iteration =  12.50       ****************


#********** Integration by Vegas (iteration       7) ************
#                                                               *
#  integral  = 0.46639457E-04   accum. integral = 0.46654166E-04*
#  std. dev. = 0.26404685E-07   accum. std. dev = 0.16822721E-07*
#   min/max. wt. =    0.00000            0.139295E-08           *
#                                                               *
#*************   chi**2/iteration =  10.26       ****************


#********** Integration by Vegas (iteration       8) ************
#                                                               *
#  integral  = 0.46662589E-04   accum. integral = 0.46657033E-04*
#  std. dev. = 0.25177731E-07   accum. std. dev = 0.13795398E-07*
#   min/max. wt. =  -0.160275E-20        0.217025E-08           *
#                                                               *
#*************   chi**2/iteration =  8.638       ****************


#********** Integration by Vegas (iteration       9) ************
#                                                               *
#  integral  = 0.46631632E-04   accum. integral = 0.46650445E-04*
#  std. dev. = 0.24806299E-07   accum. std. dev = 0.11959315E-07*
#   min/max. wt. =    0.00000            0.116900E-08           *
#                                                               *
#*************   chi**2/iteration =  7.558       ****************


#********** Integration by Vegas (iteration      10) ************
#                                                               *
#  integral  = 0.46682609E-04   accum. integral = 0.46657106E-04*
#  std. dev. = 0.24745904E-07   accum. std. dev = 0.10711960E-07*
#   min/max. wt. =    0.00000            0.904672E-09           *
#                                                               *
#*************   chi**2/iteration =  6.804       ****************


#********** Integration by Vegas (iteration      11) ************
#                                                               *
#  integral  = 0.46690460E-04   accum. integral = 0.46662824E-04*
#  std. dev. = 0.24763063E-07   accum. std. dev = 0.97973991E-08*
#   min/max. wt. =    0.00000            0.689000E-09           *
#                                                               *
#*************   chi**2/iteration =  6.230       ****************


#********** Integration by Vegas (iteration      12) ************
#                                                               *
#  integral  = 0.46681641E-04   accum. integral = 0.46665564E-04*
#  std. dev. = 0.24828481E-07   accum. std. dev = 0.90915966E-08*
#   min/max. wt. =    0.00000            0.921827E-09           *
#                                                               *
#*************   chi**2/iteration =  5.668       ****************


#********** Integration by Vegas (iteration      13) ************
#                                                               *
#  integral  = 0.46712836E-04   accum. integral = 0.46671617E-04*
#  std. dev. = 0.24742396E-07   accum. std. dev = 0.85181654E-08*
#   min/max. wt. =    0.00000            0.804179E-09           *
#                                                               *
#*************   chi**2/iteration =  5.447       ****************


#********** Integration by Vegas (iteration      14) ************
#                                                               *
#  integral  = 0.46668385E-04   accum. integral = 0.46671256E-04*
#  std. dev. = 0.24937645E-07   accum. std. dev = 0.80505362E-08*
#   min/max. wt. =    0.00000            0.135944E-08           *
#                                                               *
#*************   chi**2/iteration =  5.002       ****************


#********** Integration by Vegas (iteration      15) ************
#                                                               *
#  integral  = 0.46647817E-04   accum. integral = 0.46668930E-04*
#  std. dev. = 0.25104865E-07   accum. std. dev = 0.76588005E-08*
#   min/max. wt. =  -0.491687E-35        0.139479E-08           *
#                                                               *
#*************   chi**2/iteration =  4.682       ****************


  Input parameters for vegas:  ndim=  9   ncall= 80707214.
                              it=    0    itmx=    2
                              acc=-1.00    
                              mds=  1     nd=  50
                              (xl,xu)= (  0.00000     ,  1.00000     )
                                       (  0.00000     ,  1.00000     )
                                       (  0.00000     ,  1.00000     )
                                       (  0.00000     ,  1.00000     )
                                       (  0.00000     ,  1.00000     )
                                       (  0.00000     ,  1.00000     )
                                       (  0.00000     ,  1.00000     )
                                       (  0.00000     ,  1.00000     )
                                       (  0.00000     ,  1.00000     )

#********** Integration by Vegas (iteration       1) ************
#                                                               *
#  integral  = 0.46641354E-04   accum. integral = 0.46641354E-04*
#  std. dev. = 0.24987024E-07   accum. std. dev = 0.24987024E-07*
#   min/max. wt. =    0.00000            0.108597E-08           *
#                                                               *
#*************   chi**2/iteration =  0.000       ****************


#********** Integration by Vegas (iteration       2) ************
#                                                               *
#  integral  = 0.46645378E-04   accum. integral = 0.46643304E-04*
#  std. dev. = 0.25769517E-07   accum. std. dev = 0.17938774E-07*
#   min/max. wt. =  -0.204841E-23        0.149760E-08           *
#                                                               *
#*************   chi**2/iteration = 0.1255E-01   ****************

 Done
