SLURM job running in:  /scratch/groups/lhc/park/JHUGen/JHUGenerator
LHAPDF 6.1.5 loading /work-zfs/lhc/cms/slc6_amd64_gcc493/external/lhapdf/6.1.5-kpegke3/share/LHAPDF/NNPDF30_lo_as_0130/NNPDF30_lo_as_0130_0000.dat
NNPDF30_lo_as_0130 PDF set, member #0, version 2; LHAPDF ID = 263000
 extending no. of histograms for vbf tests
 
                                                                                          
   ***************************************************************************************
   *                                JHU Generator v6.9.3                                 *
   ***************************************************************************************
   *                                                                                     *
   *   Spin and parity determination of single-produced resonances at hadron colliders   *
   *                                                                                     *
   *          I. Anderson, S. Bolognesi, F. Caola, Y. Gao, A. Gritsan, Z. Guo,           *
   *        C. Martin, K. Melnikov, R.Rontsch, H. Roskes, U. Sarica, M. Schulze,         *
   *                   N. Tran, A. Whitbeck, M. Xiao, C. You, Y. Zhou                    *
   *                Phys.Rev. D81 (2010) 075022;  arXiv:1001.3396 [hep-ph],              *
   *                Phys.Rev. D86 (2012) 095031;  arXiv:1208.4018 [hep-ph],              *
   *                Phys.Rev. D89 (2014) 035007;  arXiv:1309.4819 [hep-ph].              *
   *                                                                                     *
   ***************************************************************************************
                                                                                          
   
   Command line: ./JHUGen Unweighted=0 VegasNc0=99999999 VegasNc1=99999999 VegasNc2=99999999 LHAPDF=NNPDF30_lo_as_0130/NNPDF30_lo_as_0130.info MReso=705 ghz1=0,0 ghz1_prime2=1,0 Process=60 pTjetcut=0 deltaRcut=0
   
   Input Parameter:
    Collider: P-P, sqrt(s)=13000.00
    Resonance: spin=0, mass= 705.00 width=   0.00407
    Z-boson: mass=91.188, width=2.4952
    W-boson: mass=80.399, width=2.0850
    Jet cuts:
            pT >=     0.00 GeV
        DeltaR >=     0.00
           mJJ >=     0.00 GeV
    Random seed:   484164868
    To reproduce results using this seed, JHUGen should be compiled with the same compiler:
      GNU Fortran (GCC) 4.9.3
    
    WidthScheme:   2
    LHAPDF set NNPDF30_lo_as_0130/NNPDF30_lo_as_0130.info, member=  0
    Unweighted: F
    
    spin-0-VV couplings: 
      generate_as=F
      ghg2=  0.10000000E+01  0.00000000E+00i
      ghg3=  0.00000000E+00  0.00000000E+00i
      ghg4=  0.00000000E+00  0.00000000E+00i
      ghz1=  0.00000000E+00  0.00000000E+00i
      ghz2=  0.00000000E+00  0.00000000E+00i
      ghz3=  0.00000000E+00  0.00000000E+00i
      ghz4=  0.00000000E+00  0.00000000E+00i
      ghz1_prime2=  0.10000000E+01  0.00000000E+00i,    Lambda_z1=  1.0000E+04
      Lambda=  1000.0
    
    LHE output: ./data/output.lhe
    Histogram output: ./data/output.dat
    Log file: ./data/output.log
    
  Running

  Input parameters for vegas:  ndim=  9   ncall= 80707214.
                              it=    0    itmx=   15
                              acc=-1.00    
                              mds=  1     nd=  50
                              (xl,xu)= (  0.00000     ,  1.00000     )
                                       (  0.00000     ,  1.00000     )
                                       (  0.00000     ,  1.00000     )
                                       (  0.00000     ,  1.00000     )
                                       (  0.00000     ,  1.00000     )
                                       (  0.00000     ,  1.00000     )
                                       (  0.00000     ,  1.00000     )
                                       (  0.00000     ,  1.00000     )
                                       (  0.00000     ,  1.00000     )

#********** Integration by Vegas (iteration       1) ************
#                                                               *
#  integral  = 0.25692409E-04   accum. integral = 0.25692409E-04*
#  std. dev. = 0.85693887E-06   accum. std. dev = 0.85693887E-06*
#   min/max. wt. =    0.00000            0.731108E-06           *
#                                                               *
#*************   chi**2/iteration =  0.000       ****************


#********** Integration by Vegas (iteration       2) ************
#                                                               *
#  integral  = 0.41021235E-04   accum. integral = 0.26226134E-04*
#  std. dev. = 0.72036732E-05   accum. std. dev = 0.11215174E-05*
#   min/max. wt. =    0.00000            0.709126E-05           *
#                                                               *
#*************   chi**2/iteration =  6.272       ****************


#********** Integration by Vegas (iteration       3) ************
#                                                               *
#  integral  = 0.42397971E-04   accum. integral = 0.38447888E-04*
#  std. dev. = 0.78982515E-06   accum. std. dev = 0.60163771E-06*
#   min/max. wt. =  -0.245566E-12        0.346665E-06           *
#                                                               *
#*************   chi**2/iteration =  69.32       ****************


#********** Integration by Vegas (iteration       4) ************
#                                                               *
#  integral  = 0.45157736E-04   accum. integral = 0.44846485E-04*
#  std. dev. = 0.16129378E-06   accum. std. dev = 0.13709559E-06*
#   min/max. wt. =    0.00000            0.574878E-07           *
#                                                               *
#*************   chi**2/iteration =  76.60       ****************


#********** Integration by Vegas (iteration       5) ************
#                                                               *
#  integral  = 0.45005708E-04   accum. integral = 0.44993144E-04*
#  std. dev. = 0.45946296E-07   accum. std. dev = 0.39691076E-07*
#   min/max. wt. =  -0.803363E-22        0.914130E-08           *
#                                                               *
#*************   chi**2/iteration =  54.38       ****************


#********** Integration by Vegas (iteration       6) ************
#                                                               *
#  integral  = 0.45070388E-04   accum. integral = 0.45046351E-04*
#  std. dev. = 0.29681606E-07   accum. std. dev = 0.22575970E-07*
#   min/max. wt. =    0.00000            0.217833E-08           *
#                                                               *
#*************   chi**2/iteration =  42.35       ****************


#********** Integration by Vegas (iteration       7) ************
#                                                               *
#  integral  = 0.45061024E-04   accum. integral = 0.45053338E-04*
#  std. dev. = 0.25830470E-07   accum. std. dev = 0.16559518E-07*
#   min/max. wt. =    0.00000            0.262632E-08           *
#                                                               *
#*************   chi**2/iteration =  34.39       ****************


#********** Integration by Vegas (iteration       8) ************
#                                                               *
#  integral  = 0.45044148E-04   accum. integral = 0.45050158E-04*
#  std. dev. = 0.24494021E-07   accum. std. dev = 0.13522553E-07*
#   min/max. wt. =    0.00000            0.108792E-08           *
#                                                               *
#*************   chi**2/iteration =  28.92       ****************


#********** Integration by Vegas (iteration       9) ************
#                                                               *
#  integral  = 0.45050528E-04   accum. integral = 0.45050255E-04*
#  std. dev. = 0.24120083E-07   accum. std. dev = 0.11695626E-07*
#   min/max. wt. =    0.00000            0.159563E-08           *
#                                                               *
#*************   chi**2/iteration =  24.93       ****************


#********** Integration by Vegas (iteration      10) ************
#                                                               *
#  integral  = 0.45037772E-04   accum. integral = 0.45047606E-04*
#  std. dev. = 0.23831459E-07   accum. std. dev = 0.10442138E-07*
#   min/max. wt. =    0.00000            0.762248E-09           *
#                                                               *
#*************   chi**2/iteration =  21.93       ****************


#********** Integration by Vegas (iteration      11) ************
#                                                               *
#  integral  = 0.45021532E-04   accum. integral = 0.45043058E-04*
#  std. dev. = 0.23871626E-07   accum. std. dev = 0.95326069E-08*
#   min/max. wt. =    0.00000            0.681374E-09           *
#                                                               *
#*************   chi**2/iteration =  19.66       ****************


#********** Integration by Vegas (iteration      12) ************
#                                                               *
#  integral  = 0.45048942E-04   accum. integral = 0.45043924E-04*
#  std. dev. = 0.24003305E-07   accum. std. dev = 0.88374457E-08*
#   min/max. wt. =    0.00000            0.142600E-08           *
#                                                               *
#*************   chi**2/iteration =  17.74       ****************


#********** Integration by Vegas (iteration      13) ************
#                                                               *
#  integral  = 0.45077915E-04   accum. integral = 0.45048290E-04*
#  std. dev. = 0.24013900E-07   accum. std. dev = 0.82783270E-08*
#   min/max. wt. =    0.00000            0.145184E-08           *
#                                                               *
#*************   chi**2/iteration =  16.31       ****************


#********** Integration by Vegas (iteration      14) ************
#                                                               *
#  integral  = 0.45033564E-04   accum. integral = 0.45046569E-04*
#  std. dev. = 0.23633810E-07   accum. std. dev = 0.78013607E-08*
#   min/max. wt. =    0.00000            0.122346E-08           *
#                                                               *
#*************   chi**2/iteration =  15.00       ****************


#********** Integration by Vegas (iteration      15) ************
#                                                               *
#  integral  = 0.45065827E-04   accum. integral = 0.45048507E-04*
#  std. dev. = 0.24173776E-07   accum. std. dev = 0.74167562E-08*
#   min/max. wt. =    0.00000            0.203629E-08           *
#                                                               *
#*************   chi**2/iteration =  13.90       ****************


  Input parameters for vegas:  ndim=  9   ncall= 80707214.
                              it=    0    itmx=    2
                              acc=-1.00    
                              mds=  1     nd=  50
                              (xl,xu)= (  0.00000     ,  1.00000     )
                                       (  0.00000     ,  1.00000     )
                                       (  0.00000     ,  1.00000     )
                                       (  0.00000     ,  1.00000     )
                                       (  0.00000     ,  1.00000     )
                                       (  0.00000     ,  1.00000     )
                                       (  0.00000     ,  1.00000     )
                                       (  0.00000     ,  1.00000     )
                                       (  0.00000     ,  1.00000     )

#********** Integration by Vegas (iteration       1) ************
#                                                               *
#  integral  = 0.45093381E-04   accum. integral = 0.45093381E-04*
#  std. dev. = 0.24035829E-07   accum. std. dev = 0.24035829E-07*
#   min/max. wt. =  -0.783090E-21        0.725693E-09           *
#                                                               *
#*************   chi**2/iteration =  0.000       ****************


#********** Integration by Vegas (iteration       2) ************
#                                                               *
#  integral  = 0.45086728E-04   accum. integral = 0.45090044E-04*
#  std. dev. = 0.23954198E-07   accum. std. dev = 0.16966967E-07*
#   min/max. wt. =  -0.304543E-22        0.868418E-09           *
#                                                               *
#*************   chi**2/iteration = 0.3839E-01   ****************

 Done
