SLURM job running in:  /scratch/groups/lhc/park/JHUGen/JHUGenerator
LHAPDF 6.1.5 loading /work-zfs/lhc/cms/slc6_amd64_gcc493/external/lhapdf/6.1.5-kpegke3/share/LHAPDF/NNPDF30_lo_as_0130/NNPDF30_lo_as_0130_0000.dat
NNPDF30_lo_as_0130 PDF set, member #0, version 2; LHAPDF ID = 263000
 extending no. of histograms for vbf tests
 
                                                                                          
   ***************************************************************************************
   *                                JHU Generator v6.9.3                                 *
   ***************************************************************************************
   *                                                                                     *
   *   Spin and parity determination of single-produced resonances at hadron colliders   *
   *                                                                                     *
   *          I. Anderson, S. Bolognesi, F. Caola, Y. Gao, A. Gritsan, Z. Guo,           *
   *        C. Martin, K. Melnikov, R.Rontsch, H. Roskes, U. Sarica, M. Schulze,         *
   *                   N. Tran, A. Whitbeck, M. Xiao, C. You, Y. Zhou                    *
   *                Phys.Rev. D81 (2010) 075022;  arXiv:1001.3396 [hep-ph],              *
   *                Phys.Rev. D86 (2012) 095031;  arXiv:1208.4018 [hep-ph],              *
   *                Phys.Rev. D89 (2014) 035007;  arXiv:1309.4819 [hep-ph].              *
   *                                                                                     *
   ***************************************************************************************
                                                                                          
   
   Command line: ./JHUGen Unweighted=0 VegasNc0=99999999 VegasNc1=99999999 VegasNc2=99999999 LHAPDF=NNPDF30_lo_as_0130/NNPDF30_lo_as_0130.info MReso=720 ghz1=0,0 ghz1_prime2=1,0 Process=60 pTjetcut=0 deltaRcut=0
   
   Input Parameter:
    Collider: P-P, sqrt(s)=13000.00
    Resonance: spin=0, mass= 720.00 width=   0.00407
    Z-boson: mass=91.188, width=2.4952
    W-boson: mass=80.399, width=2.0850
    Jet cuts:
            pT >=     0.00 GeV
        DeltaR >=     0.00
           mJJ >=     0.00 GeV
    Random seed:   642803204
    To reproduce results using this seed, JHUGen should be compiled with the same compiler:
      GNU Fortran (GCC) 4.9.3
    
    WidthScheme:   2
    LHAPDF set NNPDF30_lo_as_0130/NNPDF30_lo_as_0130.info, member=  0
    Unweighted: F
    
    spin-0-VV couplings: 
      generate_as=F
      ghg2=  0.10000000E+01  0.00000000E+00i
      ghg3=  0.00000000E+00  0.00000000E+00i
      ghg4=  0.00000000E+00  0.00000000E+00i
      ghz1=  0.00000000E+00  0.00000000E+00i
      ghz2=  0.00000000E+00  0.00000000E+00i
      ghz3=  0.00000000E+00  0.00000000E+00i
      ghz4=  0.00000000E+00  0.00000000E+00i
      ghz1_prime2=  0.10000000E+01  0.00000000E+00i,    Lambda_z1=  1.0000E+04
      Lambda=  1000.0
    
    LHE output: ./data/output.lhe
    Histogram output: ./data/output.dat
    Log file: ./data/output.log
    
  Running

  Input parameters for vegas:  ndim=  9   ncall= 80707214.
                              it=    0    itmx=   15
                              acc=-1.00    
                              mds=  1     nd=  50
                              (xl,xu)= (  0.00000     ,  1.00000     )
                                       (  0.00000     ,  1.00000     )
                                       (  0.00000     ,  1.00000     )
                                       (  0.00000     ,  1.00000     )
                                       (  0.00000     ,  1.00000     )
                                       (  0.00000     ,  1.00000     )
                                       (  0.00000     ,  1.00000     )
                                       (  0.00000     ,  1.00000     )
                                       (  0.00000     ,  1.00000     )

#********** Integration by Vegas (iteration       1) ************
#                                                               *
#  integral  = 0.28311826E-04   accum. integral = 0.28311826E-04*
#  std. dev. = 0.21487478E-05   accum. std. dev = 0.21487478E-05*
#   min/max. wt. =    0.00000            0.181891E-05           *
#                                                               *
#*************   chi**2/iteration =  0.000       ****************


#********** Integration by Vegas (iteration       2) ************
#                                                               *
#  integral  = 0.39597742E-04   accum. integral = 0.32355159E-04*
#  std. dev. = 0.40222122E-05   accum. std. dev = 0.20927290E-05*
#   min/max. wt. =    0.00000            0.380851E-05           *
#                                                               *
#*************   chi**2/iteration =  6.680       ****************


#********** Integration by Vegas (iteration       3) ************
#                                                               *
#  integral  = 0.42247755E-04   accum. integral = 0.41818410E-04*
#  std. dev. = 0.54712043E-06   accum. std. dev = 0.47134462E-06*
#   min/max. wt. =    0.00000            0.255646E-06           *
#                                                               *
#*************   chi**2/iteration =  12.00       ****************


#********** Integration by Vegas (iteration       4) ************
#                                                               *
#  integral  = 0.43603512E-04   accum. integral = 0.43531895E-04*
#  std. dev. = 0.11291002E-06   accum. std. dev = 0.98712273E-07*
#   min/max. wt. =    0.00000            0.242695E-07           *
#                                                               *
#*************   chi**2/iteration =  11.51       ****************


#********** Integration by Vegas (iteration       5) ************
#                                                               *
#  integral  = 0.43474591E-04   accum. integral = 0.43480534E-04*
#  std. dev. = 0.37516253E-07   accum. std. dev = 0.32568076E-07*
#   min/max. wt. =    0.00000            0.418189E-08           *
#                                                               *
#*************   chi**2/iteration =  8.300       ****************


#********** Integration by Vegas (iteration       6) ************
#                                                               *
#  integral  = 0.43546823E-04   accum. integral = 0.43522523E-04*
#  std. dev. = 0.27064781E-07   accum. std. dev = 0.20033708E-07*
#   min/max. wt. =    0.00000            0.186622E-08           *
#                                                               *
#*************   chi**2/iteration =  6.941       ****************


#********** Integration by Vegas (iteration       7) ************
#                                                               *
#  integral  = 0.43490698E-04   accum. integral = 0.43508644E-04*
#  std. dev. = 0.24462637E-07   accum. std. dev = 0.15207641E-07*
#   min/max. wt. =    0.00000            0.103486E-08           *
#                                                               *
#*************   chi**2/iteration =  5.840       ****************


#********** Integration by Vegas (iteration       8) ************
#                                                               *
#  integral  = 0.43523225E-04   accum. integral = 0.43513351E-04*
#  std. dev. = 0.23414269E-07   accum. std. dev = 0.12615762E-07*
#   min/max. wt. =    0.00000            0.118025E-08           *
#                                                               *
#*************   chi**2/iteration =  4.968       ****************


#********** Integration by Vegas (iteration       9) ************
#                                                               *
#  integral  = 0.43546188E-04   accum. integral = 0.43521461E-04*
#  std. dev. = 0.23242004E-07   accum. std. dev = 0.11016196E-07*
#   min/max. wt. =    0.00000            0.127130E-08           *
#                                                               *
#*************   chi**2/iteration =  4.499       ****************


#********** Integration by Vegas (iteration      10) ************
#                                                               *
#  integral  = 0.43543479E-04   accum. integral = 0.43525825E-04*
#  std. dev. = 0.23231090E-07   accum. std. dev = 0.99131455E-08*
#   min/max. wt. =    0.00000            0.870220E-09           *
#                                                               *
#*************   chi**2/iteration =  4.047       ****************


#********** Integration by Vegas (iteration      11) ************
#                                                               *
#  integral  = 0.43524858E-04   accum. integral = 0.43525665E-04*
#  std. dev. = 0.23246307E-07   accum. std. dev = 0.90938275E-08*
#   min/max. wt. =    0.00000            0.778798E-09           *
#                                                               *
#*************   chi**2/iteration =  3.614       ****************


#********** Integration by Vegas (iteration      12) ************
#                                                               *
#  integral  = 0.43529186E-04   accum. integral = 0.43526167E-04*
#  std. dev. = 0.23175733E-07   accum. std. dev = 0.84488344E-08*
#   min/max. wt. =  -0.879536E-24        0.871430E-09           *
#                                                               *
#*************   chi**2/iteration =  3.266       ****************


#********** Integration by Vegas (iteration      13) ************
#                                                               *
#  integral  = 0.43546695E-04   accum. integral = 0.43528733E-04*
#  std. dev. = 0.23154249E-07   accum. std. dev = 0.79252985E-08*
#   min/max. wt. =    0.00000            0.805289E-09           *
#                                                               *
#*************   chi**2/iteration =  3.038       ****************


#********** Integration by Vegas (iteration      14) ************
#                                                               *
#  integral  = 0.43511992E-04   accum. integral = 0.43526888E-04*
#  std. dev. = 0.23246378E-07   accum. std. dev = 0.74933860E-08*
#   min/max. wt. =    0.00000            0.935803E-09           *
#                                                               *
#*************   chi**2/iteration =  2.829       ****************


#********** Integration by Vegas (iteration      15) ************
#                                                               *
#  integral  = 0.43543573E-04   accum. integral = 0.43528426E-04*
#  std. dev. = 0.24232304E-07   accum. std. dev = 0.71543785E-08*
#   min/max. wt. =    0.00000            0.463947E-08           *
#                                                               *
#*************   chi**2/iteration =  2.649       ****************


  Input parameters for vegas:  ndim=  9   ncall= 80707214.
                              it=    0    itmx=    2
                              acc=-1.00    
                              mds=  1     nd=  50
                              (xl,xu)= (  0.00000     ,  1.00000     )
                                       (  0.00000     ,  1.00000     )
                                       (  0.00000     ,  1.00000     )
                                       (  0.00000     ,  1.00000     )
                                       (  0.00000     ,  1.00000     )
                                       (  0.00000     ,  1.00000     )
                                       (  0.00000     ,  1.00000     )
                                       (  0.00000     ,  1.00000     )
                                       (  0.00000     ,  1.00000     )

#********** Integration by Vegas (iteration       1) ************
#                                                               *
#  integral  = 0.43546849E-04   accum. integral = 0.43546849E-04*
#  std. dev. = 0.23852743E-07   accum. std. dev = 0.23852743E-07*
#   min/max. wt. =    0.00000            0.662379E-09           *
#                                                               *
#*************   chi**2/iteration =  0.000       ****************


#********** Integration by Vegas (iteration       2) ************
#                                                               *
#  integral  = 0.43510195E-04   accum. integral = 0.43528338E-04*
#  std. dev. = 0.23594011E-07   accum. std. dev = 0.16774289E-07*
#   min/max. wt. =    0.00000            0.734573E-09           *
#                                                               *
#*************   chi**2/iteration =  1.192       ****************

 Done
