SLURM job running in:  /scratch/groups/lhc/park/JHUGen/JHUGenerator
LHAPDF 6.1.5 loading /work-zfs/lhc/cms/slc6_amd64_gcc493/external/lhapdf/6.1.5-kpegke3/share/LHAPDF/NNPDF30_lo_as_0130/NNPDF30_lo_as_0130_0000.dat
NNPDF30_lo_as_0130 PDF set, member #0, version 2; LHAPDF ID = 263000
 extending no. of histograms for vbf tests
 
                                                                                          
   ***************************************************************************************
   *                                JHU Generator v6.9.3                                 *
   ***************************************************************************************
   *                                                                                     *
   *   Spin and parity determination of single-produced resonances at hadron colliders   *
   *                                                                                     *
   *          I. Anderson, S. Bolognesi, F. Caola, Y. Gao, A. Gritsan, Z. Guo,           *
   *        C. Martin, K. Melnikov, R.Rontsch, H. Roskes, U. Sarica, M. Schulze,         *
   *                   N. Tran, A. Whitbeck, M. Xiao, C. You, Y. Zhou                    *
   *                Phys.Rev. D81 (2010) 075022;  arXiv:1001.3396 [hep-ph],              *
   *                Phys.Rev. D86 (2012) 095031;  arXiv:1208.4018 [hep-ph],              *
   *                Phys.Rev. D89 (2014) 035007;  arXiv:1309.4819 [hep-ph].              *
   *                                                                                     *
   ***************************************************************************************
                                                                                          
   
   Command line: ./JHUGen Unweighted=0 VegasNc0=99999999 VegasNc1=99999999 VegasNc2=99999999 LHAPDF=NNPDF30_lo_as_0130/NNPDF30_lo_as_0130.info MReso=740 ghz1=0,0 ghz1_prime2=1,0 Process=60 pTjetcut=0 deltaRcut=0
   
   Input Parameter:
    Collider: P-P, sqrt(s)=13000.00
    Resonance: spin=0, mass= 740.00 width=   0.00407
    Z-boson: mass=91.188, width=2.4952
    W-boson: mass=80.399, width=2.0850
    Jet cuts:
            pT >=     0.00 GeV
        DeltaR >=     0.00
           mJJ >=     0.00 GeV
    Random seed:     8172584
    To reproduce results using this seed, JHUGen should be compiled with the same compiler:
      GNU Fortran (GCC) 4.9.3
    
    WidthScheme:   2
    LHAPDF set NNPDF30_lo_as_0130/NNPDF30_lo_as_0130.info, member=  0
    Unweighted: F
    
    spin-0-VV couplings: 
      generate_as=F
      ghg2=  0.10000000E+01  0.00000000E+00i
      ghg3=  0.00000000E+00  0.00000000E+00i
      ghg4=  0.00000000E+00  0.00000000E+00i
      ghz1=  0.00000000E+00  0.00000000E+00i
      ghz2=  0.00000000E+00  0.00000000E+00i
      ghz3=  0.00000000E+00  0.00000000E+00i
      ghz4=  0.00000000E+00  0.00000000E+00i
      ghz1_prime2=  0.10000000E+01  0.00000000E+00i,    Lambda_z1=  1.0000E+04
      Lambda=  1000.0
    
    LHE output: ./data/output.lhe
    Histogram output: ./data/output.dat
    Log file: ./data/output.log
    
  Running

  Input parameters for vegas:  ndim=  9   ncall= 80707214.
                              it=    0    itmx=   15
                              acc=-1.00    
                              mds=  1     nd=  50
                              (xl,xu)= (  0.00000     ,  1.00000     )
                                       (  0.00000     ,  1.00000     )
                                       (  0.00000     ,  1.00000     )
                                       (  0.00000     ,  1.00000     )
                                       (  0.00000     ,  1.00000     )
                                       (  0.00000     ,  1.00000     )
                                       (  0.00000     ,  1.00000     )
                                       (  0.00000     ,  1.00000     )
                                       (  0.00000     ,  1.00000     )

#********** Integration by Vegas (iteration       1) ************
#                                                               *
#  integral  = 0.22766692E-04   accum. integral = 0.22766692E-04*
#  std. dev. = 0.59958073E-06   accum. std. dev = 0.59958073E-06*
#   min/max. wt. =    0.00000            0.540637E-06           *
#                                                               *
#*************   chi**2/iteration =  0.000       ****************


#********** Integration by Vegas (iteration       2) ************
#                                                               *
#  integral  = 0.31973454E-04   accum. integral = 0.24579619E-04*
#  std. dev. = 0.17005211E-05   accum. std. dev = 0.65503197E-06*
#   min/max. wt. =    0.00000            0.964294E-06           *
#                                                               *
#*************   chi**2/iteration =  31.21       ****************


#********** Integration by Vegas (iteration       3) ************
#                                                               *
#  integral  = 0.40906450E-04   accum. integral = 0.32647449E-04*
#  std. dev. = 0.97680159E-06   accum. std. dev = 0.54941650E-06*
#   min/max. wt. =    0.00000            0.705028E-06           *
#                                                               *
#*************   chi**2/iteration =  121.5       ****************


#********** Integration by Vegas (iteration       4) ************
#                                                               *
#  integral  = 0.41584325E-04   accum. integral = 0.41123262E-04*
#  std. dev. = 0.16280252E-06   accum. std. dev = 0.13403066E-06*
#   min/max. wt. =    0.00000            0.100274E-06           *
#                                                               *
#*************   chi**2/iteration =  142.7       ****************


#********** Integration by Vegas (iteration       5) ************
#                                                               *
#  integral  = 0.41597008E-04   accum. integral = 0.41553428E-04*
#  std. dev. = 0.50480232E-07   accum. std. dev = 0.42247097E-07*
#   min/max. wt. =    0.00000            0.650287E-08           *
#                                                               *
#*************   chi**2/iteration =  101.8       ****************


#********** Integration by Vegas (iteration       6) ************
#                                                               *
#  integral  = 0.41583357E-04   accum. integral = 0.41575570E-04*
#  std. dev. = 0.28516935E-07   accum. std. dev = 0.22073890E-07*
#   min/max. wt. =    0.00000            0.129523E-08           *
#                                                               *
#*************   chi**2/iteration =  77.66       ****************


#********** Integration by Vegas (iteration       7) ************
#                                                               *
#  integral  = 0.41578482E-04   accum. integral = 0.41577056E-04*
#  std. dev. = 0.24024066E-07   accum. std. dev = 0.15703174E-07*
#   min/max. wt. =    0.00000            0.703683E-09           *
#                                                               *
#*************   chi**2/iteration =  62.62       ****************


#********** Integration by Vegas (iteration       8) ************
#                                                               *
#  integral  = 0.41557883E-04   accum. integral = 0.41570048E-04*
#  std. dev. = 0.22601411E-07   accum. std. dev = 0.12658727E-07*
#   min/max. wt. =  -0.179283E-33        0.970640E-09           *
#                                                               *
#*************   chi**2/iteration =  52.49       ****************


#********** Integration by Vegas (iteration       9) ************
#                                                               *
#  integral  = 0.41525819E-04   accum. integral = 0.41557642E-04*
#  std. dev. = 0.21867274E-07   accum. std. dev = 0.10834593E-07*
#   min/max. wt. =    0.00000            0.750257E-09           *
#                                                               *
#*************   chi**2/iteration =  45.53       ****************


#********** Integration by Vegas (iteration      10) ************
#                                                               *
#  integral  = 0.41593792E-04   accum. integral = 0.41565609E-04*
#  std. dev. = 0.21817785E-07   accum. std. dev = 0.96362060E-08*
#   min/max. wt. =    0.00000            0.795795E-09           *
#                                                               *
#*************   chi**2/iteration =  40.16       ****************


#********** Integration by Vegas (iteration      11) ************
#                                                               *
#  integral  = 0.41554900E-04   accum. integral = 0.41563675E-04*
#  std. dev. = 0.21794553E-07   accum. std. dev = 0.87730944E-08*
#   min/max. wt. =    0.00000            0.161007E-08           *
#                                                               *
#*************   chi**2/iteration =  35.75       ****************


#********** Integration by Vegas (iteration      12) ************
#                                                               *
#  integral  = 0.41571407E-04   accum. integral = 0.41564836E-04*
#  std. dev. = 0.22042052E-07   accum. std. dev = 0.81263583E-08*
#   min/max. wt. =    0.00000            0.653966E-09           *
#                                                               *
#*************   chi**2/iteration =  32.20       ****************


#********** Integration by Vegas (iteration      13) ************
#                                                               *
#  integral  = 0.41566863E-04   accum. integral = 0.41565096E-04*
#  std. dev. = 0.22259343E-07   accum. std. dev = 0.76174794E-08*
#   min/max. wt. =  -0.231965E-32        0.816432E-09           *
#                                                               *
#*************   chi**2/iteration =  29.28       ****************


#********** Integration by Vegas (iteration      14) ************
#                                                               *
#  integral  = 0.41587790E-04   accum. integral = 0.41567645E-04*
#  std. dev. = 0.22428116E-07   accum. std. dev = 0.72017220E-08*
#   min/max. wt. =    0.00000            0.123200E-08           *
#                                                               *
#*************   chi**2/iteration =  26.92       ****************


#********** Integration by Vegas (iteration      15) ************
#                                                               *
#  integral  = 0.41573416E-04   accum. integral = 0.41568217E-04*
#  std. dev. = 0.22670191E-07   accum. std. dev = 0.68561602E-08*
#   min/max. wt. =    0.00000            0.921162E-09           *
#                                                               *
#*************   chi**2/iteration =  24.85       ****************


  Input parameters for vegas:  ndim=  9   ncall= 80707214.
                              it=    0    itmx=    2
                              acc=-1.00    
                              mds=  1     nd=  50
                              (xl,xu)= (  0.00000     ,  1.00000     )
                                       (  0.00000     ,  1.00000     )
                                       (  0.00000     ,  1.00000     )
                                       (  0.00000     ,  1.00000     )
                                       (  0.00000     ,  1.00000     )
                                       (  0.00000     ,  1.00000     )
                                       (  0.00000     ,  1.00000     )
                                       (  0.00000     ,  1.00000     )
                                       (  0.00000     ,  1.00000     )

#********** Integration by Vegas (iteration       1) ************
#                                                               *
#  integral  = 0.41574162E-04   accum. integral = 0.41574162E-04*
#  std. dev. = 0.22520677E-07   accum. std. dev = 0.22520677E-07*
#   min/max. wt. =    0.00000            0.834561E-09           *
#                                                               *
#*************   chi**2/iteration =  0.000       ****************


#********** Integration by Vegas (iteration       2) ************
#                                                               *
#  integral  = 0.41562968E-04   accum. integral = 0.41568592E-04*
#  std. dev. = 0.22623863E-07   accum. std. dev = 0.15960870E-07*
#   min/max. wt. =    0.00000            0.103828E-08           *
#                                                               *
#*************   chi**2/iteration = 0.1228       ****************

 Done
