SLURM job running in:  /scratch/groups/lhc/park/JHUGen/JHUGenerator
LHAPDF 6.1.5 loading /work-zfs/lhc/cms/slc6_amd64_gcc493/external/lhapdf/6.1.5-kpegke3/share/LHAPDF/NNPDF30_lo_as_0130/NNPDF30_lo_as_0130_0000.dat
NNPDF30_lo_as_0130 PDF set, member #0, version 2; LHAPDF ID = 263000
 extending no. of histograms for vbf tests
 
                                                                                          
   ***************************************************************************************
   *                                JHU Generator v6.9.3                                 *
   ***************************************************************************************
   *                                                                                     *
   *   Spin and parity determination of single-produced resonances at hadron colliders   *
   *                                                                                     *
   *          I. Anderson, S. Bolognesi, F. Caola, Y. Gao, A. Gritsan, Z. Guo,           *
   *        C. Martin, K. Melnikov, R.Rontsch, H. Roskes, U. Sarica, M. Schulze,         *
   *                   N. Tran, A. Whitbeck, M. Xiao, C. You, Y. Zhou                    *
   *                Phys.Rev. D81 (2010) 075022;  arXiv:1001.3396 [hep-ph],              *
   *                Phys.Rev. D86 (2012) 095031;  arXiv:1208.4018 [hep-ph],              *
   *                Phys.Rev. D89 (2014) 035007;  arXiv:1309.4819 [hep-ph].              *
   *                                                                                     *
   ***************************************************************************************
                                                                                          
   
   Command line: ./JHUGen Unweighted=0 VegasNc0=99999999 VegasNc1=99999999 VegasNc2=99999999 LHAPDF=NNPDF30_lo_as_0130/NNPDF30_lo_as_0130.info MReso=78 ghz1=0,0 ghz1_prime2=1,0 Process=60 pTjetcut=0 deltaRcut=0
   
   Input Parameter:
    Collider: P-P, sqrt(s)=13000.00
    Resonance: spin=0, mass=  78.00 width=   0.00407
    Z-boson: mass=91.188, width=2.4952
    W-boson: mass=80.399, width=2.0850
    Jet cuts:
            pT >=     0.00 GeV
        DeltaR >=     0.00
           mJJ >=     0.00 GeV
    Random seed:   593013008
    To reproduce results using this seed, JHUGen should be compiled with the same compiler:
      GNU Fortran (GCC) 4.9.3
    
    WidthScheme:   2
    LHAPDF set NNPDF30_lo_as_0130/NNPDF30_lo_as_0130.info, member=  0
    Unweighted: F
    
    spin-0-VV couplings: 
      generate_as=F
      ghg2=  0.10000000E+01  0.00000000E+00i
      ghg3=  0.00000000E+00  0.00000000E+00i
      ghg4=  0.00000000E+00  0.00000000E+00i
      ghz1=  0.00000000E+00  0.00000000E+00i
      ghz2=  0.00000000E+00  0.00000000E+00i
      ghz3=  0.00000000E+00  0.00000000E+00i
      ghz4=  0.00000000E+00  0.00000000E+00i
      ghz1_prime2=  0.10000000E+01  0.00000000E+00i,    Lambda_z1=  1.0000E+04
      Lambda=  1000.0
    
    LHE output: ./data/output.lhe
    Histogram output: ./data/output.dat
    Log file: ./data/output.log
    
  Running

  Input parameters for vegas:  ndim=  9   ncall= 80707214.
                              it=    0    itmx=   15
                              acc=-1.00    
                              mds=  1     nd=  50
                              (xl,xu)= (  0.00000     ,  1.00000     )
                                       (  0.00000     ,  1.00000     )
                                       (  0.00000     ,  1.00000     )
                                       (  0.00000     ,  1.00000     )
                                       (  0.00000     ,  1.00000     )
                                       (  0.00000     ,  1.00000     )
                                       (  0.00000     ,  1.00000     )
                                       (  0.00000     ,  1.00000     )
                                       (  0.00000     ,  1.00000     )

#********** Integration by Vegas (iteration       1) ************
#                                                               *
#  integral  = 0.48052909E-03   accum. integral = 0.48052909E-03*
#  std. dev. = 0.30687439E-03   accum. std. dev = 0.30687439E-03*
#   min/max. wt. =    0.00000            0.306698E-03           *
#                                                               *
#*************   chi**2/iteration = -.2811E-12   ****************


#********** Integration by Vegas (iteration       2) ************
#                                                               *
#  integral  = 0.22050780E-03   accum. integral = 0.22751354E-03*
#  std. dev. = 0.23432489E-04   accum. std. dev = 0.39189011E-04*
#   min/max. wt. =  -0.655189E-16        0.228756E-04           *
#                                                               *
#*************   chi**2/iteration =  1.153       ****************


#********** Integration by Vegas (iteration       3) ************
#                                                               *
#  integral  = 0.24124820E-03   accum. integral = 0.24008492E-03*
#  std. dev. = 0.76926844E-05   accum. std. dev = 0.10235811E-04*
#   min/max. wt. =    0.00000            0.697630E-05           *
#                                                               *
#*************   chi**2/iteration = 0.7859       ****************


#********** Integration by Vegas (iteration       4) ************
#                                                               *
#  integral  = 0.24100954E-03   accum. integral = 0.24099412E-03*
#  std. dev. = 0.95772488E-06   accum. std. dev = 0.12395694E-05*
#   min/max. wt. =    0.00000            0.231989E-06           *
#                                                               *
#*************   chi**2/iteration = 0.5992       ****************


#********** Integration by Vegas (iteration       5) ************
#                                                               *
#  integral  = 0.24302737E-03   accum. integral = 0.24289443E-03*
#  std. dev. = 0.25329713E-06   accum. std. dev = 0.30391710E-06*
#   min/max. wt. =  -0.510161E-23        0.425596E-07           *
#                                                               *
#*************   chi**2/iteration =  1.172       ****************


#********** Integration by Vegas (iteration       6) ************
#                                                               *
#  integral  = 0.24313090E-03   accum. integral = 0.24306194E-03*
#  std. dev. = 0.15718461E-06   accum. std. dev = 0.15925945E-06*
#   min/max. wt. =    0.00000            0.125552E-07           *
#                                                               *
#*************   chi**2/iteration =  1.087       ****************


#********** Integration by Vegas (iteration       7) ************
#                                                               *
#  integral  = 0.24289764E-03   accum. integral = 0.24298141E-03*
#  std. dev. = 0.13480424E-06   accum. std. dev = 0.11116275E-06*
#   min/max. wt. =    0.00000            0.847430E-08           *
#                                                               *
#*************   chi**2/iteration =  1.039       ****************


#********** Integration by Vegas (iteration       8) ************
#                                                               *
#  integral  = 0.24292053E-03   accum. integral = 0.24296014E-03*
#  std. dev. = 0.12879212E-06   accum. std. dev = 0.88085386E-07*
#   min/max. wt. =  -0.138458E-31        0.713724E-08           *
#                                                               *
#*************   chi**2/iteration = 0.9385       ****************


#********** Integration by Vegas (iteration       9) ************
#                                                               *
#  integral  = 0.24277206E-03   accum. integral = 0.24291016E-03*
#  std. dev. = 0.12646731E-06   accum. std. dev = 0.74406671E-07*
#   min/max. wt. =    0.00000            0.837051E-08           *
#                                                               *
#*************   chi**2/iteration =  1.001       ****************


#********** Integration by Vegas (iteration      10) ************
#                                                               *
#  integral  = 0.24306133E-03   accum. integral = 0.24294210E-03*
#  std. dev. = 0.12610111E-06   accum. std. dev = 0.65313296E-07*
#   min/max. wt. =    0.00000            0.759766E-08           *
#                                                               *
#*************   chi**2/iteration =  1.010       ****************


#********** Integration by Vegas (iteration      11) ************
#                                                               *
#  integral  = 0.24287819E-03   accum. integral = 0.24293092E-03*
#  std. dev. = 0.12577122E-06   accum. std. dev = 0.58745707E-07*
#   min/max. wt. =    0.00000            0.466284E-08           *
#                                                               *
#*************   chi**2/iteration = 0.9439       ****************


#********** Integration by Vegas (iteration      12) ************
#                                                               *
#  integral  = 0.24306619E-03   accum. integral = 0.24295088E-03*
#  std. dev. = 0.12655211E-06   accum. std. dev = 0.53792254E-07*
#   min/max. wt. =  -0.392931E-33        0.556166E-08           *
#                                                               *
#*************   chi**2/iteration = 0.9447       ****************


#********** Integration by Vegas (iteration      13) ************
#                                                               *
#  integral  = 0.24294153E-03   accum. integral = 0.24294968E-03*
#  std. dev. = 0.12678582E-06   accum. std. dev = 0.49873053E-07*
#   min/max. wt. =    0.00000            0.464535E-08           *
#                                                               *
#*************   chi**2/iteration = 0.8788       ****************


#********** Integration by Vegas (iteration      14) ************
#                                                               *
#  integral  = 0.24302298E-03   accum. integral = 0.24295783E-03*
#  std. dev. = 0.12832235E-06   accum. std. dev = 0.46729342E-07*
#   min/max. wt. =    0.00000            0.124813E-07           *
#                                                               *
#*************   chi**2/iteration = 0.8400       ****************


#********** Integration by Vegas (iteration      15) ************
#                                                               *
#  integral  = 0.24305439E-03   accum. integral = 0.24296736E-03*
#  std. dev. = 0.12931049E-06   accum. std. dev = 0.44123877E-07*
#   min/max. wt. =  -0.235894E-29        0.979429E-08           *
#                                                               *
#*************   chi**2/iteration = 0.8189       ****************


  Input parameters for vegas:  ndim=  9   ncall= 80707214.
                              it=    0    itmx=    2
                              acc=-1.00    
                              mds=  1     nd=  50
                              (xl,xu)= (  0.00000     ,  1.00000     )
                                       (  0.00000     ,  1.00000     )
                                       (  0.00000     ,  1.00000     )
                                       (  0.00000     ,  1.00000     )
                                       (  0.00000     ,  1.00000     )
                                       (  0.00000     ,  1.00000     )
                                       (  0.00000     ,  1.00000     )
                                       (  0.00000     ,  1.00000     )
                                       (  0.00000     ,  1.00000     )

#********** Integration by Vegas (iteration       1) ************
#                                                               *
#  integral  = 0.24316121E-03   accum. integral = 0.24316121E-03*
#  std. dev. = 0.13043817E-06   accum. std. dev = 0.13043817E-06*
#   min/max. wt. =  -0.214596E-28        0.485683E-08           *
#                                                               *
#*************   chi**2/iteration =  0.000       ****************


#********** Integration by Vegas (iteration       2) ************
#                                                               *
#  integral  = 0.24306284E-03   accum. integral = 0.24311198E-03*
#  std. dev. = 0.13025239E-06   accum. std. dev = 0.92167986E-07*
#   min/max. wt. =    0.00000            0.502339E-08           *
#                                                               *
#*************   chi**2/iteration = 0.2845       ****************

 Done
