SLURM job running in:  /scratch/groups/lhc/park/JHUGen/JHUGenerator
LHAPDF 6.1.5 loading /work-zfs/lhc/cms/slc6_amd64_gcc493/external/lhapdf/6.1.5-kpegke3/share/LHAPDF/NNPDF30_lo_as_0130/NNPDF30_lo_as_0130_0000.dat
NNPDF30_lo_as_0130 PDF set, member #0, version 2; LHAPDF ID = 263000
 extending no. of histograms for vbf tests
 
                                                                                          
   ***************************************************************************************
   *                                JHU Generator v6.9.3                                 *
   ***************************************************************************************
   *                                                                                     *
   *   Spin and parity determination of single-produced resonances at hadron colliders   *
   *                                                                                     *
   *          I. Anderson, S. Bolognesi, F. Caola, Y. Gao, A. Gritsan, Z. Guo,           *
   *        C. Martin, K. Melnikov, R.Rontsch, H. Roskes, U. Sarica, M. Schulze,         *
   *                   N. Tran, A. Whitbeck, M. Xiao, C. You, Y. Zhou                    *
   *                Phys.Rev. D81 (2010) 075022;  arXiv:1001.3396 [hep-ph],              *
   *                Phys.Rev. D86 (2012) 095031;  arXiv:1208.4018 [hep-ph],              *
   *                Phys.Rev. D89 (2014) 035007;  arXiv:1309.4819 [hep-ph].              *
   *                                                                                     *
   ***************************************************************************************
                                                                                          
   
   Command line: ./JHUGen Unweighted=0 VegasNc0=99999999 VegasNc1=99999999 VegasNc2=99999999 LHAPDF=NNPDF30_lo_as_0130/NNPDF30_lo_as_0130.info MReso=780 ghz1=0,0 ghz1_prime2=1,0 Process=60 pTjetcut=0 deltaRcut=0
   
   Input Parameter:
    Collider: P-P, sqrt(s)=13000.00
    Resonance: spin=0, mass= 780.00 width=   0.00407
    Z-boson: mass=91.188, width=2.4952
    W-boson: mass=80.399, width=2.0850
    Jet cuts:
            pT >=     0.00 GeV
        DeltaR >=     0.00
           mJJ >=     0.00 GeV
    Random seed:   253654351
    To reproduce results using this seed, JHUGen should be compiled with the same compiler:
      GNU Fortran (GCC) 4.9.3
    
    WidthScheme:   2
    LHAPDF set NNPDF30_lo_as_0130/NNPDF30_lo_as_0130.info, member=  0
    Unweighted: F
    
    spin-0-VV couplings: 
      generate_as=F
      ghg2=  0.10000000E+01  0.00000000E+00i
      ghg3=  0.00000000E+00  0.00000000E+00i
      ghg4=  0.00000000E+00  0.00000000E+00i
      ghz1=  0.00000000E+00  0.00000000E+00i
      ghz2=  0.00000000E+00  0.00000000E+00i
      ghz3=  0.00000000E+00  0.00000000E+00i
      ghz4=  0.00000000E+00  0.00000000E+00i
      ghz1_prime2=  0.10000000E+01  0.00000000E+00i,    Lambda_z1=  1.0000E+04
      Lambda=  1000.0
    
    LHE output: ./data/output.lhe
    Histogram output: ./data/output.dat
    Log file: ./data/output.log
    
  Running

  Input parameters for vegas:  ndim=  9   ncall= 80707214.
                              it=    0    itmx=   15
                              acc=-1.00    
                              mds=  1     nd=  50
                              (xl,xu)= (  0.00000     ,  1.00000     )
                                       (  0.00000     ,  1.00000     )
                                       (  0.00000     ,  1.00000     )
                                       (  0.00000     ,  1.00000     )
                                       (  0.00000     ,  1.00000     )
                                       (  0.00000     ,  1.00000     )
                                       (  0.00000     ,  1.00000     )
                                       (  0.00000     ,  1.00000     )
                                       (  0.00000     ,  1.00000     )

#********** Integration by Vegas (iteration       1) ************
#                                                               *
#  integral  = 0.25516681E-04   accum. integral = 0.25516681E-04*
#  std. dev. = 0.41303571E-05   accum. std. dev = 0.41303571E-05*
#   min/max. wt. =    0.00000            0.400720E-05           *
#                                                               *
#*************   chi**2/iteration =  0.000       ****************


#********** Integration by Vegas (iteration       2) ************
#                                                               *
#  integral  = 0.30717938E-04   accum. integral = 0.30177768E-04*
#  std. dev. = 0.16926899E-05   accum. std. dev = 0.14729848E-05*
#   min/max. wt. =    0.00000            0.134531E-05           *
#                                                               *
#*************   chi**2/iteration =  1.159       ****************


#********** Integration by Vegas (iteration       3) ************
#                                                               *
#  integral  = 0.37213556E-04   accum. integral = 0.36235613E-04*
#  std. dev. = 0.77996229E-06   accum. std. dev = 0.61289945E-06*
#   min/max. wt. =    0.00000            0.570190E-06           *
#                                                               *
#*************   chi**2/iteration =  8.347       ****************


#********** Integration by Vegas (iteration       4) ************
#                                                               *
#  integral  = 0.37795089E-04   accum. integral = 0.37759335E-04*
#  std. dev. = 0.11259549E-06   accum. std. dev = 0.97755323E-07*
#   min/max. wt. =    0.00000            0.376976E-07           *
#                                                               *
#*************   chi**2/iteration =  6.916       ****************


#********** Integration by Vegas (iteration       5) ************
#                                                               *
#  integral  = 0.37962971E-04   accum. integral = 0.37945361E-04*
#  std. dev. = 0.34396027E-07   accum. std. dev = 0.29618990E-07*
#   min/max. wt. =    0.00000            0.322027E-08           *
#                                                               *
#*************   chi**2/iteration =  5.820       ****************


#********** Integration by Vegas (iteration       6) ************
#                                                               *
#  integral  = 0.37950866E-04   accum. integral = 0.37948997E-04*
#  std. dev. = 0.23559507E-07   accum. std. dev = 0.17586069E-07*
#   min/max. wt. =    0.00000            0.925766E-09           *
#                                                               *
#*************   chi**2/iteration =  4.488       ****************


#********** Integration by Vegas (iteration       7) ************
#                                                               *
#  integral  = 0.37954205E-04   accum. integral = 0.37951345E-04*
#  std. dev. = 0.21139724E-07   accum. std. dev = 0.13205382E-07*
#   min/max. wt. =    0.00000            0.813414E-09           *
#                                                               *
#*************   chi**2/iteration =  3.650       ****************


#********** Integration by Vegas (iteration       8) ************
#                                                               *
#  integral  = 0.37927466E-04   accum. integral = 0.37943579E-04*
#  std. dev. = 0.20430268E-07   accum. std. dev = 0.10951372E-07*
#   min/max. wt. =    0.00000            0.732185E-09           *
#                                                               *
#*************   chi**2/iteration =  3.218       ****************


#********** Integration by Vegas (iteration       9) ************
#                                                               *
#  integral  = 0.37920084E-04   accum. integral = 0.37937726E-04*
#  std. dev. = 0.20221542E-07   accum. std. dev = 0.95585756E-08*
#   min/max. wt. =    0.00000            0.849783E-09           *
#                                                               *
#*************   chi**2/iteration =  2.917       ****************


#********** Integration by Vegas (iteration      10) ************
#                                                               *
#  integral  = 0.37949326E-04   accum. integral = 0.37940013E-04*
#  std. dev. = 0.20383649E-07   accum. std. dev = 0.86144877E-08*
#   min/max. wt. =    0.00000            0.141021E-08           *
#                                                               *
#*************   chi**2/iteration =  2.595       ****************


#********** Integration by Vegas (iteration      11) ************
#                                                               *
#  integral  = 0.37932997E-04   accum. integral = 0.37938870E-04*
#  std. dev. = 0.20510552E-07   accum. std. dev = 0.79185990E-08*
#   min/max. wt. =    0.00000            0.105783E-08           *
#                                                               *
#*************   chi**2/iteration =  2.324       ****************


#********** Integration by Vegas (iteration      12) ************
#                                                               *
#  integral  = 0.37933338E-04   accum. integral = 0.37938097E-04*
#  std. dev. = 0.20540601E-07   accum. std. dev = 0.73729717E-08*
#   min/max. wt. =    0.00000            0.696981E-09           *
#                                                               *
#*************   chi**2/iteration =  2.103       ****************


#********** Integration by Vegas (iteration      13) ************
#                                                               *
#  integral  = 0.37964228E-04   accum. integral = 0.37941256E-04*
#  std. dev. = 0.20722762E-07   accum. std. dev = 0.69359022E-08*
#   min/max. wt. =    0.00000            0.851774E-09           *
#                                                               *
#*************   chi**2/iteration =  2.041       ****************


#********** Integration by Vegas (iteration      14) ************
#                                                               *
#  integral  = 0.37907333E-04   accum. integral = 0.37937541E-04*
#  std. dev. = 0.20515081E-07   accum. std. dev = 0.65628491E-08*
#   min/max. wt. =    0.00000            0.239918E-08           *
#                                                               *
#*************   chi**2/iteration =  2.074       ****************


#********** Integration by Vegas (iteration      15) ************
#                                                               *
#  integral  = 0.37962276E-04   accum. integral = 0.37939926E-04*
#  std. dev. = 0.20812654E-07   accum. std. dev = 0.62536445E-08*
#   min/max. wt. =    0.00000            0.108181E-08           *
#                                                               *
#*************   chi**2/iteration =  2.014       ****************


  Input parameters for vegas:  ndim=  9   ncall= 80707214.
                              it=    0    itmx=    2
                              acc=-1.00    
                              mds=  1     nd=  50
                              (xl,xu)= (  0.00000     ,  1.00000     )
                                       (  0.00000     ,  1.00000     )
                                       (  0.00000     ,  1.00000     )
                                       (  0.00000     ,  1.00000     )
                                       (  0.00000     ,  1.00000     )
                                       (  0.00000     ,  1.00000     )
                                       (  0.00000     ,  1.00000     )
                                       (  0.00000     ,  1.00000     )
                                       (  0.00000     ,  1.00000     )

#********** Integration by Vegas (iteration       1) ************
#                                                               *
#  integral  = 0.37939784E-04   accum. integral = 0.37939784E-04*
#  std. dev. = 0.20666430E-07   accum. std. dev = 0.20666430E-07*
#   min/max. wt. =    0.00000            0.103405E-08           *
#                                                               *
#*************   chi**2/iteration =  0.000       ****************


#********** Integration by Vegas (iteration       2) ************
#                                                               *
#  integral  = 0.37921342E-04   accum. integral = 0.37930748E-04*
#  std. dev. = 0.21074959E-07   accum. std. dev = 0.14755619E-07*
#   min/max. wt. =    0.00000            0.143614E-08           *
#                                                               *
#*************   chi**2/iteration = 0.3899       ****************

 Done
