SLURM job running in:  /scratch/groups/lhc/park/JHUGen/JHUGenerator
LHAPDF 6.1.5 loading /work-zfs/lhc/cms/slc6_amd64_gcc493/external/lhapdf/6.1.5-kpegke3/share/LHAPDF/NNPDF30_lo_as_0130/NNPDF30_lo_as_0130_0000.dat
NNPDF30_lo_as_0130 PDF set, member #0, version 2; LHAPDF ID = 263000
 extending no. of histograms for vbf tests
 
                                                                                          
   ***************************************************************************************
   *                                JHU Generator v6.9.3                                 *
   ***************************************************************************************
   *                                                                                     *
   *   Spin and parity determination of single-produced resonances at hadron colliders   *
   *                                                                                     *
   *          I. Anderson, S. Bolognesi, F. Caola, Y. Gao, A. Gritsan, Z. Guo,           *
   *        C. Martin, K. Melnikov, R.Rontsch, H. Roskes, U. Sarica, M. Schulze,         *
   *                   N. Tran, A. Whitbeck, M. Xiao, C. You, Y. Zhou                    *
   *                Phys.Rev. D81 (2010) 075022;  arXiv:1001.3396 [hep-ph],              *
   *                Phys.Rev. D86 (2012) 095031;  arXiv:1208.4018 [hep-ph],              *
   *                Phys.Rev. D89 (2014) 035007;  arXiv:1309.4819 [hep-ph].              *
   *                                                                                     *
   ***************************************************************************************
                                                                                          
   
   Command line: ./JHUGen Unweighted=0 VegasNc0=99999999 VegasNc1=99999999 VegasNc2=99999999 LHAPDF=NNPDF30_lo_as_0130/NNPDF30_lo_as_0130.info MReso=785 ghz1=0,0 ghz1_prime2=1,0 Process=60 pTjetcut=0 deltaRcut=0
   
   Input Parameter:
    Collider: P-P, sqrt(s)=13000.00
    Resonance: spin=0, mass= 785.00 width=   0.00407
    Z-boson: mass=91.188, width=2.4952
    W-boson: mass=80.399, width=2.0850
    Jet cuts:
            pT >=     0.00 GeV
        DeltaR >=     0.00
           mJJ >=     0.00 GeV
    Random seed:   197397257
    To reproduce results using this seed, JHUGen should be compiled with the same compiler:
      GNU Fortran (GCC) 4.9.3
    
    WidthScheme:   2
    LHAPDF set NNPDF30_lo_as_0130/NNPDF30_lo_as_0130.info, member=  0
    Unweighted: F
    
    spin-0-VV couplings: 
      generate_as=F
      ghg2=  0.10000000E+01  0.00000000E+00i
      ghg3=  0.00000000E+00  0.00000000E+00i
      ghg4=  0.00000000E+00  0.00000000E+00i
      ghz1=  0.00000000E+00  0.00000000E+00i
      ghz2=  0.00000000E+00  0.00000000E+00i
      ghz3=  0.00000000E+00  0.00000000E+00i
      ghz4=  0.00000000E+00  0.00000000E+00i
      ghz1_prime2=  0.10000000E+01  0.00000000E+00i,    Lambda_z1=  1.0000E+04
      Lambda=  1000.0
    
    LHE output: ./data/output.lhe
    Histogram output: ./data/output.dat
    Log file: ./data/output.log
    
  Running

  Input parameters for vegas:  ndim=  9   ncall= 80707214.
                              it=    0    itmx=   15
                              acc=-1.00    
                              mds=  1     nd=  50
                              (xl,xu)= (  0.00000     ,  1.00000     )
                                       (  0.00000     ,  1.00000     )
                                       (  0.00000     ,  1.00000     )
                                       (  0.00000     ,  1.00000     )
                                       (  0.00000     ,  1.00000     )
                                       (  0.00000     ,  1.00000     )
                                       (  0.00000     ,  1.00000     )
                                       (  0.00000     ,  1.00000     )
                                       (  0.00000     ,  1.00000     )

#********** Integration by Vegas (iteration       1) ************
#                                                               *
#  integral  = 0.23097869E-04   accum. integral = 0.23097869E-04*
#  std. dev. = 0.18120025E-05   accum. std. dev = 0.18120025E-05*
#   min/max. wt. =    0.00000            0.171903E-05           *
#                                                               *
#*************   chi**2/iteration =  0.000       ****************


#********** Integration by Vegas (iteration       2) ************
#                                                               *
#  integral  = 0.29033036E-04   accum. integral = 0.27789752E-04*
#  std. dev. = 0.11724409E-05   accum. std. dev = 0.94192752E-06*
#   min/max. wt. =    0.00000            0.614598E-06           *
#                                                               *
#*************   chi**2/iteration =  6.568       ****************


#********** Integration by Vegas (iteration       3) ************
#                                                               *
#  integral  = 0.38966654E-04   accum. integral = 0.31302109E-04*
#  std. dev. = 0.20667722E-05   accum. std. dev = 0.92361060E-06*
#   min/max. wt. =    0.00000            0.196576E-05           *
#                                                               *
#*************   chi**2/iteration =  18.11       ****************


#********** Integration by Vegas (iteration       4) ************
#                                                               *
#  integral  = 0.37099175E-04   accum. integral = 0.36998073E-04*
#  std. dev. = 0.14696044E-06   accum. std. dev = 0.12830969E-06*
#   min/max. wt. =    0.00000            0.671069E-07           *
#                                                               *
#*************   chi**2/iteration =  22.57       ****************


#********** Integration by Vegas (iteration       5) ************
#                                                               *
#  integral  = 0.37536884E-04   accum. integral = 0.37494199E-04*
#  std. dev. = 0.43232994E-07   accum. std. dev = 0.37250449E-07*
#   min/max. wt. =    0.00000            0.118590E-07           *
#                                                               *
#*************   chi**2/iteration =  19.73       ****************


#********** Integration by Vegas (iteration       6) ************
#                                                               *
#  integral  = 0.37522737E-04   accum. integral = 0.37515286E-04*
#  std. dev. = 0.24651545E-07   accum. std. dev = 0.19410299E-07*
#   min/max. wt. =    0.00000            0.106073E-08           *
#                                                               *
#*************   chi**2/iteration =  15.26       ****************


#********** Integration by Vegas (iteration       7) ************
#                                                               *
#  integral  = 0.37517950E-04   accum. integral = 0.37516618E-04*
#  std. dev. = 0.21190615E-07   accum. std. dev = 0.13912645E-07*
#   min/max. wt. =    0.00000            0.121270E-08           *
#                                                               *
#*************   chi**2/iteration =  12.38       ****************


#********** Integration by Vegas (iteration       8) ************
#                                                               *
#  integral  = 0.37510236E-04   accum. integral = 0.37514322E-04*
#  std. dev. = 0.19985788E-07   accum. std. dev = 0.11242944E-07*
#   min/max. wt. =  -0.292050E-22        0.100923E-08           *
#                                                               *
#*************   chi**2/iteration =  10.42       ****************


#********** Integration by Vegas (iteration       9) ************
#                                                               *
#  integral  = 0.37506740E-04   accum. integral = 0.37512265E-04*
#  std. dev. = 0.19641072E-07   accum. std. dev = 0.96696569E-08*
#   min/max. wt. =    0.00000            0.767130E-09           *
#                                                               *
#*************   chi**2/iteration =  8.993       ****************


#********** Integration by Vegas (iteration      10) ************
#                                                               *
#  integral  = 0.37545147E-04   accum. integral = 0.37519329E-04*
#  std. dev. = 0.19579214E-07   accum. std. dev = 0.86202644E-08*
#   min/max. wt. =    0.00000            0.759313E-09           *
#                                                               *
#*************   chi**2/iteration =  8.170       ****************


#********** Integration by Vegas (iteration      11) ************
#                                                               *
#  integral  = 0.37530020E-04   accum. integral = 0.37521187E-04*
#  std. dev. = 0.19781743E-07   accum. std. dev = 0.78738313E-08*
#   min/max. wt. =    0.00000            0.131609E-08           *
#                                                               *
#*************   chi**2/iteration =  7.309       ****************


#********** Integration by Vegas (iteration      12) ************
#                                                               *
#  integral  = 0.37507308E-04   accum. integral = 0.37519193E-04*
#  std. dev. = 0.20121878E-07   accum. std. dev = 0.73153494E-08*
#   min/max. wt. =    0.00000            0.168272E-08           *
#                                                               *
#*************   chi**2/iteration =  6.632       ****************


#********** Integration by Vegas (iteration      13) ************
#                                                               *
#  integral  = 0.37528147E-04   accum. integral = 0.37520305E-04*
#  std. dev. = 0.20262636E-07   accum. std. dev = 0.68691612E-08*
#   min/max. wt. =    0.00000            0.154317E-08           *
#                                                               *
#*************   chi**2/iteration =  6.054       ****************


#********** Integration by Vegas (iteration      14) ************
#                                                               *
#  integral  = 0.37505838E-04   accum. integral = 0.37518719E-04*
#  std. dev. = 0.20337371E-07   accum. std. dev = 0.65000277E-08*
#   min/max. wt. =    0.00000            0.678836E-09           *
#                                                               *
#*************   chi**2/iteration =  5.594       ****************


#********** Integration by Vegas (iteration      15) ************
#                                                               *
#  integral  = 0.37529919E-04   accum. integral = 0.37519821E-04*
#  std. dev. = 0.20401151E-07   accum. std. dev = 0.61874223E-08*
#   min/max. wt. =    0.00000            0.591218E-09           *
#                                                               *
#*************   chi**2/iteration =  5.190       ****************


  Input parameters for vegas:  ndim=  9   ncall= 80707214.
                              it=    0    itmx=    2
                              acc=-1.00    
                              mds=  1     nd=  50
                              (xl,xu)= (  0.00000     ,  1.00000     )
                                       (  0.00000     ,  1.00000     )
                                       (  0.00000     ,  1.00000     )
                                       (  0.00000     ,  1.00000     )
                                       (  0.00000     ,  1.00000     )
                                       (  0.00000     ,  1.00000     )
                                       (  0.00000     ,  1.00000     )
                                       (  0.00000     ,  1.00000     )
                                       (  0.00000     ,  1.00000     )

#********** Integration by Vegas (iteration       1) ************
#                                                               *
#  integral  = 0.37515501E-04   accum. integral = 0.37515501E-04*
#  std. dev. = 0.20674922E-07   accum. std. dev = 0.20674922E-07*
#   min/max. wt. =    0.00000            0.991881E-09           *
#                                                               *
#*************   chi**2/iteration =  0.000       ****************


#********** Integration by Vegas (iteration       2) ************
#                                                               *
#  integral  = 0.37511194E-04   accum. integral = 0.37513360E-04*
#  std. dev. = 0.20789460E-07   accum. std. dev = 0.14659700E-07*
#   min/max. wt. =  -0.325135E-24        0.765031E-09           *
#                                                               *
#*************   chi**2/iteration = 0.2155E-01   ****************

 Done
