SLURM job running in:  /scratch/groups/lhc/park/JHUGen/JHUGenerator
LHAPDF 6.1.5 loading /work-zfs/lhc/cms/slc6_amd64_gcc493/external/lhapdf/6.1.5-kpegke3/share/LHAPDF/NNPDF30_lo_as_0130/NNPDF30_lo_as_0130_0000.dat
NNPDF30_lo_as_0130 PDF set, member #0, version 2; LHAPDF ID = 263000
 extending no. of histograms for vbf tests
 
                                                                                          
   ***************************************************************************************
   *                                JHU Generator v6.9.3                                 *
   ***************************************************************************************
   *                                                                                     *
   *   Spin and parity determination of single-produced resonances at hadron colliders   *
   *                                                                                     *
   *          I. Anderson, S. Bolognesi, F. Caola, Y. Gao, A. Gritsan, Z. Guo,           *
   *        C. Martin, K. Melnikov, R.Rontsch, H. Roskes, U. Sarica, M. Schulze,         *
   *                   N. Tran, A. Whitbeck, M. Xiao, C. You, Y. Zhou                    *
   *                Phys.Rev. D81 (2010) 075022;  arXiv:1001.3396 [hep-ph],              *
   *                Phys.Rev. D86 (2012) 095031;  arXiv:1208.4018 [hep-ph],              *
   *                Phys.Rev. D89 (2014) 035007;  arXiv:1309.4819 [hep-ph].              *
   *                                                                                     *
   ***************************************************************************************
                                                                                          
   
   Command line: ./JHUGen Unweighted=0 VegasNc0=99999999 VegasNc1=99999999 VegasNc2=99999999 LHAPDF=NNPDF30_lo_as_0130/NNPDF30_lo_as_0130.info MReso=80 ghz1=0,0 ghz1_prime2=1,0 Process=60 pTjetcut=0 deltaRcut=0
   
   Input Parameter:
    Collider: P-P, sqrt(s)=13000.00
    Resonance: spin=0, mass=  80.00 width=   0.00407
    Z-boson: mass=91.188, width=2.4952
    W-boson: mass=80.399, width=2.0850
    Jet cuts:
            pT >=     0.00 GeV
        DeltaR >=     0.00
           mJJ >=     0.00 GeV
    Random seed:   347636840
    To reproduce results using this seed, JHUGen should be compiled with the same compiler:
      GNU Fortran (GCC) 4.9.3
    
    WidthScheme:   2
    LHAPDF set NNPDF30_lo_as_0130/NNPDF30_lo_as_0130.info, member=  0
    Unweighted: F
    
    spin-0-VV couplings: 
      generate_as=F
      ghg2=  0.10000000E+01  0.00000000E+00i
      ghg3=  0.00000000E+00  0.00000000E+00i
      ghg4=  0.00000000E+00  0.00000000E+00i
      ghz1=  0.00000000E+00  0.00000000E+00i
      ghz2=  0.00000000E+00  0.00000000E+00i
      ghz3=  0.00000000E+00  0.00000000E+00i
      ghz4=  0.00000000E+00  0.00000000E+00i
      ghz1_prime2=  0.10000000E+01  0.00000000E+00i,    Lambda_z1=  1.0000E+04
      Lambda=  1000.0
    
    LHE output: ./data/output.lhe
    Histogram output: ./data/output.dat
    Log file: ./data/output.log
    
  Running

  Input parameters for vegas:  ndim=  9   ncall= 80707214.
                              it=    0    itmx=   15
                              acc=-1.00    
                              mds=  1     nd=  50
                              (xl,xu)= (  0.00000     ,  1.00000     )
                                       (  0.00000     ,  1.00000     )
                                       (  0.00000     ,  1.00000     )
                                       (  0.00000     ,  1.00000     )
                                       (  0.00000     ,  1.00000     )
                                       (  0.00000     ,  1.00000     )
                                       (  0.00000     ,  1.00000     )
                                       (  0.00000     ,  1.00000     )
                                       (  0.00000     ,  1.00000     )

#********** Integration by Vegas (iteration       1) ************
#                                                               *
#  integral  = 0.17369234E-03   accum. integral = 0.17369234E-03*
#  std. dev. = 0.10512355E-04   accum. std. dev = 0.10512355E-04*
#   min/max. wt. =    0.00000            0.769261E-05           *
#                                                               *
#*************   chi**2/iteration =  0.000       ****************


#********** Integration by Vegas (iteration       2) ************
#                                                               *
#  integral  = 0.23544556E-03   accum. integral = 0.19957663E-03*
#  std. dev. = 0.16774549E-04   accum. std. dev = 0.95428883E-05*
#   min/max. wt. =    0.00000            0.146148E-04           *
#                                                               *
#*************   chi**2/iteration =  10.18       ****************


#********** Integration by Vegas (iteration       3) ************
#                                                               *
#  integral  = 0.23959635E-03   accum. integral = 0.23767379E-03*
#  std. dev. = 0.24826892E-05   accum. std. dev = 0.22073647E-05*
#   min/max. wt. =    0.00000            0.108749E-05           *
#                                                               *
#*************   chi**2/iteration =  12.09       ****************


#********** Integration by Vegas (iteration       4) ************
#                                                               *
#  integral  = 0.24092819E-03   accum. integral = 0.24073714E-03*
#  std. dev. = 0.60829468E-06   accum. std. dev = 0.54918447E-06*
#   min/max. wt. =  -0.880924E-21        0.273706E-06           *
#                                                               *
#*************   chi**2/iteration =  8.290       ****************


#********** Integration by Vegas (iteration       5) ************
#                                                               *
#  integral  = 0.24116084E-03   accum. integral = 0.24111273E-03*
#  std. dev. = 0.21144123E-06   accum. std. dev = 0.18795417E-06*
#   min/max. wt. =    0.00000            0.122016E-07           *
#                                                               *
#*************   chi**2/iteration =  6.157       ****************


#********** Integration by Vegas (iteration       6) ************
#                                                               *
#  integral  = 0.24112513E-03   accum. integral = 0.24112064E-03*
#  std. dev. = 0.14998833E-06   accum. std. dev = 0.11425201E-06*
#   min/max. wt. =    0.00000            0.167889E-07           *
#                                                               *
#*************   chi**2/iteration =  4.828       ****************


#********** Integration by Vegas (iteration       7) ************
#                                                               *
#  integral  = 0.24139981E-03   accum. integral = 0.24124627E-03*
#  std. dev. = 0.13257796E-06   accum. std. dev = 0.85344495E-07*
#   min/max. wt. =    0.00000            0.490993E-08           *
#                                                               *
#*************   chi**2/iteration =  4.407       ****************


#********** Integration by Vegas (iteration       8) ************
#                                                               *
#  integral  = 0.24134289E-03   accum. integral = 0.24127764E-03*
#  std. dev. = 0.12822871E-06   accum. std. dev = 0.70506723E-07*
#   min/max. wt. =  -0.153126E-30        0.812666E-08           *
#                                                               *
#*************   chi**2/iteration =  3.797       ****************


#********** Integration by Vegas (iteration       9) ************
#                                                               *
#  integral  = 0.24116402E-03   accum. integral = 0.24124877E-03*
#  std. dev. = 0.12508657E-06   accum. std. dev = 0.61136703E-07*
#   min/max. wt. =    0.00000            0.816683E-08           *
#                                                               *
#*************   chi**2/iteration =  3.378       ****************


#********** Integration by Vegas (iteration      10) ************
#                                                               *
#  integral  = 0.24123161E-03   accum. integral = 0.24124528E-03*
#  std. dev. = 0.12486868E-06   accum. std. dev = 0.54745331E-07*
#   min/max. wt. =  -0.154025E-28        0.912433E-08           *
#                                                               *
#*************   chi**2/iteration =  2.985       ****************


#********** Integration by Vegas (iteration      11) ************
#                                                               *
#  integral  = 0.24151537E-03   accum. integral = 0.24129128E-03*
#  std. dev. = 0.12441240E-06   accum. std. dev = 0.50002203E-07*
#   min/max. wt. =    0.00000            0.746586E-08           *
#                                                               *
#*************   chi**2/iteration =  3.084       ****************


#********** Integration by Vegas (iteration      12) ************
#                                                               *
#  integral  = 0.24124327E-03   accum. integral = 0.24128422E-03*
#  std. dev. = 0.12351275E-06   accum. std. dev = 0.46279450E-07*
#   min/max. wt. =  -0.926054E-21        0.365048E-08           *
#                                                               *
#*************   chi**2/iteration =  2.804       ****************


#********** Integration by Vegas (iteration      13) ************
#                                                               *
#  integral  = 0.24114433E-03   accum. integral = 0.24126645E-03*
#  std. dev. = 0.12410951E-06   accum. std. dev = 0.43317424E-07*
#   min/max. wt. =  -0.130077E-29        0.617032E-08           *
#                                                               *
#*************   chi**2/iteration =  2.657       ****************


#********** Integration by Vegas (iteration      14) ************
#                                                               *
#  integral  = 0.24101296E-03   accum. integral = 0.24123813E-03*
#  std. dev. = 0.12468209E-06   accum. std. dev = 0.40887465E-07*
#   min/max. wt. =  -0.224123E-25        0.407566E-08           *
#                                                               *
#*************   chi**2/iteration =  2.739       ****************


#********** Integration by Vegas (iteration      15) ************
#                                                               *
#  integral  = 0.24120312E-03   accum. integral = 0.24123470E-03*
#  std. dev. = 0.12644922E-06   accum. std. dev = 0.38882353E-07*
#   min/max. wt. =  -0.144243E-23        0.690972E-08           *
#                                                               *
#*************   chi**2/iteration =  2.542       ****************


  Input parameters for vegas:  ndim=  9   ncall= 80707214.
                              it=    0    itmx=    2
                              acc=-1.00    
                              mds=  1     nd=  50
                              (xl,xu)= (  0.00000     ,  1.00000     )
                                       (  0.00000     ,  1.00000     )
                                       (  0.00000     ,  1.00000     )
                                       (  0.00000     ,  1.00000     )
                                       (  0.00000     ,  1.00000     )
                                       (  0.00000     ,  1.00000     )
                                       (  0.00000     ,  1.00000     )
                                       (  0.00000     ,  1.00000     )
                                       (  0.00000     ,  1.00000     )

#********** Integration by Vegas (iteration       1) ************
#                                                               *
#  integral  = 0.24124395E-03   accum. integral = 0.24124395E-03*
#  std. dev. = 0.12838161E-06   accum. std. dev = 0.12838161E-06*
#   min/max. wt. =    0.00000            0.588456E-08           *
#                                                               *
#*************   chi**2/iteration =  0.000       ****************


#********** Integration by Vegas (iteration       2) ************
#                                                               *
#  integral  = 0.24147136E-03   accum. integral = 0.24135689E-03*
#  std. dev. = 0.12937641E-06   accum. std. dev = 0.91129517E-07*
#   min/max. wt. =  -0.144403E-26        0.626742E-08           *
#                                                               *
#*************   chi**2/iteration =  1.555       ****************

 Done
