SLURM job running in:  /scratch/groups/lhc/park/JHUGen/JHUGenerator
LHAPDF 6.1.5 loading /work-zfs/lhc/cms/slc6_amd64_gcc493/external/lhapdf/6.1.5-kpegke3/share/LHAPDF/NNPDF30_lo_as_0130/NNPDF30_lo_as_0130_0000.dat
NNPDF30_lo_as_0130 PDF set, member #0, version 2; LHAPDF ID = 263000
 extending no. of histograms for vbf tests
 
                                                                                          
   ***************************************************************************************
   *                                JHU Generator v6.9.3                                 *
   ***************************************************************************************
   *                                                                                     *
   *   Spin and parity determination of single-produced resonances at hadron colliders   *
   *                                                                                     *
   *          I. Anderson, S. Bolognesi, F. Caola, Y. Gao, A. Gritsan, Z. Guo,           *
   *        C. Martin, K. Melnikov, R.Rontsch, H. Roskes, U. Sarica, M. Schulze,         *
   *                   N. Tran, A. Whitbeck, M. Xiao, C. You, Y. Zhou                    *
   *                Phys.Rev. D81 (2010) 075022;  arXiv:1001.3396 [hep-ph],              *
   *                Phys.Rev. D86 (2012) 095031;  arXiv:1208.4018 [hep-ph],              *
   *                Phys.Rev. D89 (2014) 035007;  arXiv:1309.4819 [hep-ph].              *
   *                                                                                     *
   ***************************************************************************************
                                                                                          
   
   Command line: ./JHUGen Unweighted=0 VegasNc0=99999999 VegasNc1=99999999 VegasNc2=99999999 LHAPDF=NNPDF30_lo_as_0130/NNPDF30_lo_as_0130.info MReso=800 ghz1=0,0 ghz1_prime2=1,0 Process=60 pTjetcut=0 deltaRcut=0
   
   Input Parameter:
    Collider: P-P, sqrt(s)=13000.00
    Resonance: spin=0, mass= 800.00 width=   0.00407
    Z-boson: mass=91.188, width=2.4952
    W-boson: mass=80.399, width=2.0850
    Jet cuts:
            pT >=     0.00 GeV
        DeltaR >=     0.00
           mJJ >=     0.00 GeV
    Random seed:   564476691
    To reproduce results using this seed, JHUGen should be compiled with the same compiler:
      GNU Fortran (GCC) 4.9.3
    
    WidthScheme:   2
    LHAPDF set NNPDF30_lo_as_0130/NNPDF30_lo_as_0130.info, member=  0
    Unweighted: F
    
    spin-0-VV couplings: 
      generate_as=F
      ghg2=  0.10000000E+01  0.00000000E+00i
      ghg3=  0.00000000E+00  0.00000000E+00i
      ghg4=  0.00000000E+00  0.00000000E+00i
      ghz1=  0.00000000E+00  0.00000000E+00i
      ghz2=  0.00000000E+00  0.00000000E+00i
      ghz3=  0.00000000E+00  0.00000000E+00i
      ghz4=  0.00000000E+00  0.00000000E+00i
      ghz1_prime2=  0.10000000E+01  0.00000000E+00i,    Lambda_z1=  1.0000E+04
      Lambda=  1000.0
    
    LHE output: ./data/output.lhe
    Histogram output: ./data/output.dat
    Log file: ./data/output.log
    
  Running

  Input parameters for vegas:  ndim=  9   ncall= 80707214.
                              it=    0    itmx=   15
                              acc=-1.00    
                              mds=  1     nd=  50
                              (xl,xu)= (  0.00000     ,  1.00000     )
                                       (  0.00000     ,  1.00000     )
                                       (  0.00000     ,  1.00000     )
                                       (  0.00000     ,  1.00000     )
                                       (  0.00000     ,  1.00000     )
                                       (  0.00000     ,  1.00000     )
                                       (  0.00000     ,  1.00000     )
                                       (  0.00000     ,  1.00000     )
                                       (  0.00000     ,  1.00000     )

#********** Integration by Vegas (iteration       1) ************
#                                                               *
#  integral  = 0.24752757E-04   accum. integral = 0.24752757E-04*
#  std. dev. = 0.41436012E-05   accum. std. dev = 0.41436012E-05*
#   min/max. wt. =    0.00000            0.406302E-05           *
#                                                               *
#*************   chi**2/iteration =  0.000       ****************


#********** Integration by Vegas (iteration       2) ************
#                                                               *
#  integral  = 0.28154812E-04   accum. integral = 0.27837132E-04*
#  std. dev. = 0.15125792E-05   accum. std. dev = 0.13560080E-05*
#   min/max. wt. =  -0.120922E-14        0.105667E-05           *
#                                                               *
#*************   chi**2/iteration = 0.5324       ****************


#********** Integration by Vegas (iteration       3) ************
#                                                               *
#  integral  = 0.35944904E-04   accum. integral = 0.34664574E-04*
#  std. dev. = 0.79624661E-06   accum. std. dev = 0.60954094E-06*
#   min/max. wt. =  -0.430734E-14        0.410251E-06           *
#                                                               *
#*************   chi**2/iteration =  11.97       ****************


#********** Integration by Vegas (iteration       4) ************
#                                                               *
#  integral  = 0.36130669E-04   accum. integral = 0.36104115E-04*
#  std. dev. = 0.99751182E-07   accum. std. dev = 0.86542187E-07*
#   min/max. wt. =    0.00000            0.377351E-07           *
#                                                               *
#*************   chi**2/iteration =  8.870       ****************


#********** Integration by Vegas (iteration       5) ************
#                                                               *
#  integral  = 0.36252664E-04   accum. integral = 0.36236073E-04*
#  std. dev. = 0.35166682E-07   accum. std. dev = 0.29814482E-07*
#   min/max. wt. =    0.00000            0.780554E-08           *
#                                                               *
#*************   chi**2/iteration =  6.876       ****************


#********** Integration by Vegas (iteration       6) ************
#                                                               *
#  integral  = 0.36268752E-04   accum. integral = 0.36257916E-04*
#  std. dev. = 0.23355987E-07   accum. std. dev = 0.17504398E-07*
#   min/max. wt. =    0.00000            0.117424E-08           *
#                                                               *
#*************   chi**2/iteration =  5.447       ****************


#********** Integration by Vegas (iteration       7) ************
#                                                               *
#  integral  = 0.36280294E-04   accum. integral = 0.36268127E-04*
#  std. dev. = 0.20851180E-07   accum. std. dev = 0.13082011E-07*
#   min/max. wt. =    0.00000            0.142127E-08           *
#                                                               *
#*************   chi**2/iteration =  4.540       ****************


#********** Integration by Vegas (iteration       8) ************
#                                                               *
#  integral  = 0.36233697E-04   accum. integral = 0.36256551E-04*
#  std. dev. = 0.19765283E-07   accum. std. dev = 0.10761939E-07*
#   min/max. wt. =  -0.311925E-25        0.533076E-09           *
#                                                               *
#*************   chi**2/iteration =  4.143       ****************


#********** Integration by Vegas (iteration       9) ************
#                                                               *
#  integral  = 0.36319247E-04   accum. integral = 0.36272827E-04*
#  std. dev. = 0.19400255E-07   accum. std. dev = 0.93317029E-08*
#   min/max. wt. =  -0.506823E-30        0.772054E-09           *
#                                                               *
#*************   chi**2/iteration =  4.654       ****************


#********** Integration by Vegas (iteration      10) ************
#                                                               *
#  integral  = 0.36315135E-04   accum. integral = 0.36281721E-04*
#  std. dev. = 0.19157652E-07   accum. std. dev = 0.83434403E-08*
#   min/max. wt. =    0.00000            0.878244E-09           *
#                                                               *
#*************   chi**2/iteration =  4.562       ****************


#********** Integration by Vegas (iteration      11) ************
#                                                               *
#  integral  = 0.36241267E-04   accum. integral = 0.36274700E-04*
#  std. dev. = 0.19127840E-07   accum. std. dev = 0.76206131E-08*
#   min/max. wt. =    0.00000            0.101198E-08           *
#                                                               *
#*************   chi**2/iteration =  4.471       ****************


#********** Integration by Vegas (iteration      12) ************
#                                                               *
#  integral  = 0.36225237E-04   accum. integral = 0.36267305E-04*
#  std. dev. = 0.18998497E-07   accum. std. dev = 0.70549673E-08*
#   min/max. wt. =    0.00000            0.767422E-09           *
#                                                               *
#*************   chi**2/iteration =  4.602       ****************


#********** Integration by Vegas (iteration      13) ************
#                                                               *
#  integral  = 0.36268238E-04   accum. integral = 0.36267424E-04*
#  std. dev. = 0.19249913E-07   accum. std. dev = 0.66123088E-08*
#   min/max. wt. =    0.00000            0.602210E-09           *
#                                                               *
#*************   chi**2/iteration =  4.191       ****************


#********** Integration by Vegas (iteration      14) ************
#                                                               *
#  integral  = 0.36270924E-04   accum. integral = 0.36267812E-04*
#  std. dev. = 0.19467414E-07   accum. std. dev = 0.62530796E-08*
#   min/max. wt. =    0.00000            0.130015E-08           *
#                                                               *
#*************   chi**2/iteration =  3.849       ****************


#********** Integration by Vegas (iteration      15) ************
#                                                               *
#  integral  = 0.36280070E-04   accum. integral = 0.36268999E-04*
#  std. dev. = 0.19784624E-07   accum. std. dev = 0.59570672E-08*
#   min/max. wt. =    0.00000            0.228201E-08           *
#                                                               *
#*************   chi**2/iteration =  3.583       ****************


  Input parameters for vegas:  ndim=  9   ncall= 80707214.
                              it=    0    itmx=    2
                              acc=-1.00    
                              mds=  1     nd=  50
                              (xl,xu)= (  0.00000     ,  1.00000     )
                                       (  0.00000     ,  1.00000     )
                                       (  0.00000     ,  1.00000     )
                                       (  0.00000     ,  1.00000     )
                                       (  0.00000     ,  1.00000     )
                                       (  0.00000     ,  1.00000     )
                                       (  0.00000     ,  1.00000     )
                                       (  0.00000     ,  1.00000     )
                                       (  0.00000     ,  1.00000     )

#********** Integration by Vegas (iteration       1) ************
#                                                               *
#  integral  = 0.36302131E-04   accum. integral = 0.36302131E-04*
#  std. dev. = 0.19836555E-07   accum. std. dev = 0.19836555E-07*
#   min/max. wt. =    0.00000            0.110864E-08           *
#                                                               *
#*************   chi**2/iteration =  0.000       ****************


#********** Integration by Vegas (iteration       2) ************
#                                                               *
#  integral  = 0.36244027E-04   accum. integral = 0.36273095E-04*
#  std. dev. = 0.19815233E-07   accum. std. dev = 0.14019030E-07*
#   min/max. wt. =    0.00000            0.103099E-08           *
#                                                               *
#*************   chi**2/iteration =  4.290       ****************

 Done
