SLURM job running in:  /scratch/groups/lhc/park/JHUGen/JHUGenerator
LHAPDF 6.1.5 loading /work-zfs/lhc/cms/slc6_amd64_gcc493/external/lhapdf/6.1.5-kpegke3/share/LHAPDF/NNPDF30_lo_as_0130/NNPDF30_lo_as_0130_0000.dat
NNPDF30_lo_as_0130 PDF set, member #0, version 2; LHAPDF ID = 263000
 extending no. of histograms for vbf tests
 
                                                                                          
   ***************************************************************************************
   *                                JHU Generator v6.9.3                                 *
   ***************************************************************************************
   *                                                                                     *
   *   Spin and parity determination of single-produced resonances at hadron colliders   *
   *                                                                                     *
   *          I. Anderson, S. Bolognesi, F. Caola, Y. Gao, A. Gritsan, Z. Guo,           *
   *        C. Martin, K. Melnikov, R.Rontsch, H. Roskes, U. Sarica, M. Schulze,         *
   *                   N. Tran, A. Whitbeck, M. Xiao, C. You, Y. Zhou                    *
   *                Phys.Rev. D81 (2010) 075022;  arXiv:1001.3396 [hep-ph],              *
   *                Phys.Rev. D86 (2012) 095031;  arXiv:1208.4018 [hep-ph],              *
   *                Phys.Rev. D89 (2014) 035007;  arXiv:1309.4819 [hep-ph].              *
   *                                                                                     *
   ***************************************************************************************
                                                                                          
   
   Command line: ./JHUGen Unweighted=0 VegasNc0=99999999 VegasNc1=99999999 VegasNc2=99999999 LHAPDF=NNPDF30_lo_as_0130/NNPDF30_lo_as_0130.info MReso=82 ghz1=0,0 ghz1_prime2=1,0 Process=60 pTjetcut=0 deltaRcut=0
   
   Input Parameter:
    Collider: P-P, sqrt(s)=13000.00
    Resonance: spin=0, mass=  82.00 width=   0.00407
    Z-boson: mass=91.188, width=2.4952
    W-boson: mass=80.399, width=2.0850
    Jet cuts:
            pT >=     0.00 GeV
        DeltaR >=     0.00
           mJJ >=     0.00 GeV
    Random seed:   619816683
    To reproduce results using this seed, JHUGen should be compiled with the same compiler:
      GNU Fortran (GCC) 4.9.3
    
    WidthScheme:   2
    LHAPDF set NNPDF30_lo_as_0130/NNPDF30_lo_as_0130.info, member=  0
    Unweighted: F
    
    spin-0-VV couplings: 
      generate_as=F
      ghg2=  0.10000000E+01  0.00000000E+00i
      ghg3=  0.00000000E+00  0.00000000E+00i
      ghg4=  0.00000000E+00  0.00000000E+00i
      ghz1=  0.00000000E+00  0.00000000E+00i
      ghz2=  0.00000000E+00  0.00000000E+00i
      ghz3=  0.00000000E+00  0.00000000E+00i
      ghz4=  0.00000000E+00  0.00000000E+00i
      ghz1_prime2=  0.10000000E+01  0.00000000E+00i,    Lambda_z1=  1.0000E+04
      Lambda=  1000.0
    
    LHE output: ./data/output.lhe
    Histogram output: ./data/output.dat
    Log file: ./data/output.log
    
  Running

  Input parameters for vegas:  ndim=  9   ncall= 80707214.
                              it=    0    itmx=   15
                              acc=-1.00    
                              mds=  1     nd=  50
                              (xl,xu)= (  0.00000     ,  1.00000     )
                                       (  0.00000     ,  1.00000     )
                                       (  0.00000     ,  1.00000     )
                                       (  0.00000     ,  1.00000     )
                                       (  0.00000     ,  1.00000     )
                                       (  0.00000     ,  1.00000     )
                                       (  0.00000     ,  1.00000     )
                                       (  0.00000     ,  1.00000     )
                                       (  0.00000     ,  1.00000     )

#********** Integration by Vegas (iteration       1) ************
#                                                               *
#  integral  = 0.16721265E-03   accum. integral = 0.16721265E-03*
#  std. dev. = 0.82458841E-05   accum. std. dev = 0.82458841E-05*
#   min/max. wt. =    0.00000            0.552699E-05           *
#                                                               *
#*************   chi**2/iteration = -.1460E-09   ****************


#********** Integration by Vegas (iteration       2) ************
#                                                               *
#  integral  = 0.22798329E-03   accum. integral = 0.20503052E-03*
#  std. dev. = 0.87587096E-05   accum. std. dev = 0.60589333E-05*
#   min/max. wt. =    0.00000            0.428831E-05           *
#                                                               *
#*************   chi**2/iteration =  23.62       ****************


#********** Integration by Vegas (iteration       3) ************
#                                                               *
#  integral  = 0.23876596E-03   accum. integral = 0.23148721E-03*
#  std. dev. = 0.37955236E-05   accum. std. dev = 0.30077196E-05*
#   min/max. wt. =  -0.128416E-24        0.330953E-05           *
#                                                               *
#*************   chi**2/iteration =  20.98       ****************


#********** Integration by Vegas (iteration       4) ************
#                                                               *
#  integral  = 0.23994892E-03   accum. integral = 0.23959165E-03*
#  std. dev. = 0.70921305E-06   accum. std. dev = 0.63788715E-06*
#   min/max. wt. =    0.00000            0.169694E-06           *
#                                                               *
#*************   chi**2/iteration =  15.51       ****************


#********** Integration by Vegas (iteration       5) ************
#                                                               *
#  integral  = 0.23949354E-03   accum. integral = 0.23950152E-03*
#  std. dev. = 0.20620581E-06   accum. std. dev = 0.18521805E-06*
#   min/max. wt. =  -0.977291E-20        0.212484E-07           *
#                                                               *
#*************   chi**2/iteration =  11.23       ****************


#********** Integration by Vegas (iteration       6) ************
#                                                               *
#  integral  = 0.23963487E-03   accum. integral = 0.23958684E-03*
#  std. dev. = 0.14836559E-06   accum. std. dev = 0.11244394E-06*
#   min/max. wt. =    0.00000            0.101603E-07           *
#                                                               *
#*************   chi**2/iteration =  8.846       ****************


#********** Integration by Vegas (iteration       7) ************
#                                                               *
#  integral  = 0.23980238E-03   accum. integral = 0.23968169E-03*
#  std. dev. = 0.13396363E-06   accum. std. dev = 0.84832145E-07*
#   min/max. wt. =  -0.106655E-25        0.173931E-07           *
#                                                               *
#*************   chi**2/iteration =  7.517       ****************


#********** Integration by Vegas (iteration       8) ************
#                                                               *
#  integral  = 0.23960309E-03   accum. integral = 0.23965580E-03*
#  std. dev. = 0.12667325E-06   accum. std. dev = 0.69879373E-07*
#   min/max. wt. =  -0.583959E-24        0.430382E-08           *
#                                                               *
#*************   chi**2/iteration =  6.408       ****************


#********** Integration by Vegas (iteration       9) ************
#                                                               *
#  integral  = 0.23943928E-03   accum. integral = 0.23960099E-03*
#  std. dev. = 0.12481533E-06   accum. std. dev = 0.60663390E-07*
#   min/max. wt. =    0.00000            0.786956E-08           *
#                                                               *
#*************   chi**2/iteration =  5.858       ****************


#********** Integration by Vegas (iteration      10) ************
#                                                               *
#  integral  = 0.23979428E-03   accum. integral = 0.23964074E-03*
#  std. dev. = 0.12360733E-06   accum. std. dev = 0.54269487E-07*
#   min/max. wt. =    0.00000            0.507244E-08           *
#                                                               *
#*************   chi**2/iteration =  5.398       ****************


#********** Integration by Vegas (iteration      11) ************
#                                                               *
#  integral  = 0.23976313E-03   accum. integral = 0.23966153E-03*
#  std. dev. = 0.12389571E-06   accum. std. dev = 0.49595175E-07*
#   min/max. wt. =  -0.345353E-31        0.641549E-08           *
#                                                               *
#*************   chi**2/iteration =  4.915       ****************


#********** Integration by Vegas (iteration      12) ************
#                                                               *
#  integral  = 0.23976290E-03   accum. integral = 0.23967611E-03*
#  std. dev. = 0.12456920E-06   accum. std. dev = 0.46004124E-07*
#   min/max. wt. =  -0.116863E-25        0.477108E-08           *
#                                                               *
#*************   chi**2/iteration =  4.501       ****************


#********** Integration by Vegas (iteration      13) ************
#                                                               *
#  integral  = 0.23963672E-03   accum. integral = 0.23967116E-03*
#  std. dev. = 0.12449931E-06   accum. std. dev = 0.43102619E-07*
#   min/max. wt. =    0.00000            0.628844E-08           *
#                                                               *
#*************   chi**2/iteration =  4.116       ****************


#********** Integration by Vegas (iteration      14) ************
#                                                               *
#  integral  = 0.23959792E-03   accum. integral = 0.23966320E-03*
#  std. dev. = 0.12642848E-06   accum. std. dev = 0.40764357E-07*
#   min/max. wt. =    0.00000            0.105860E-07           *
#                                                               *
#*************   chi**2/iteration =  3.810       ****************


#********** Integration by Vegas (iteration      15) ************
#                                                               *
#  integral  = 0.23948542E-03   accum. integral = 0.23964565E-03*
#  std. dev. = 0.12586746E-06   accum. std. dev = 0.38756977E-07*
#   min/max. wt. =  -0.278308E-28        0.643777E-08           *
#                                                               *
#*************   chi**2/iteration =  3.662       ****************


  Input parameters for vegas:  ndim=  9   ncall= 80707214.
                              it=    0    itmx=    2
                              acc=-1.00    
                              mds=  1     nd=  50
                              (xl,xu)= (  0.00000     ,  1.00000     )
                                       (  0.00000     ,  1.00000     )
                                       (  0.00000     ,  1.00000     )
                                       (  0.00000     ,  1.00000     )
                                       (  0.00000     ,  1.00000     )
                                       (  0.00000     ,  1.00000     )
                                       (  0.00000     ,  1.00000     )
                                       (  0.00000     ,  1.00000     )
                                       (  0.00000     ,  1.00000     )

#********** Integration by Vegas (iteration       1) ************
#                                                               *
#  integral  = 0.23969030E-03   accum. integral = 0.23969030E-03*
#  std. dev. = 0.12885503E-06   accum. std. dev = 0.12885503E-06*
#   min/max. wt. =  -0.706402E-23        0.660354E-08           *
#                                                               *
#*************   chi**2/iteration = -.3986E-06   ****************


#********** Integration by Vegas (iteration       2) ************
#                                                               *
#  integral  = 0.23948233E-03   accum. integral = 0.23958574E-03*
#  std. dev. = 0.12803082E-06   accum. std. dev = 0.90821715E-07*
#   min/max. wt. =    0.00000            0.684752E-08           *
#                                                               *
#*************   chi**2/iteration =  1.309       ****************

 Done
