SLURM job running in:  /scratch/groups/lhc/park/JHUGen/JHUGenerator
LHAPDF 6.1.5 loading /work-zfs/lhc/cms/slc6_amd64_gcc493/external/lhapdf/6.1.5-kpegke3/share/LHAPDF/NNPDF30_lo_as_0130/NNPDF30_lo_as_0130_0000.dat
NNPDF30_lo_as_0130 PDF set, member #0, version 2; LHAPDF ID = 263000
 extending no. of histograms for vbf tests
 
                                                                                          
   ***************************************************************************************
   *                                JHU Generator v6.9.3                                 *
   ***************************************************************************************
   *                                                                                     *
   *   Spin and parity determination of single-produced resonances at hadron colliders   *
   *                                                                                     *
   *          I. Anderson, S. Bolognesi, F. Caola, Y. Gao, A. Gritsan, Z. Guo,           *
   *        C. Martin, K. Melnikov, R.Rontsch, H. Roskes, U. Sarica, M. Schulze,         *
   *                   N. Tran, A. Whitbeck, M. Xiao, C. You, Y. Zhou                    *
   *                Phys.Rev. D81 (2010) 075022;  arXiv:1001.3396 [hep-ph],              *
   *                Phys.Rev. D86 (2012) 095031;  arXiv:1208.4018 [hep-ph],              *
   *                Phys.Rev. D89 (2014) 035007;  arXiv:1309.4819 [hep-ph].              *
   *                                                                                     *
   ***************************************************************************************
                                                                                          
   
   Command line: ./JHUGen Unweighted=0 VegasNc0=99999999 VegasNc1=99999999 VegasNc2=99999999 LHAPDF=NNPDF30_lo_as_0130/NNPDF30_lo_as_0130.info MReso=865 ghz1=0,0 ghz1_prime2=1,0 Process=60 pTjetcut=0 deltaRcut=0
   
   Input Parameter:
    Collider: P-P, sqrt(s)=13000.00
    Resonance: spin=0, mass= 865.00 width=   0.00407
    Z-boson: mass=91.188, width=2.4952
    W-boson: mass=80.399, width=2.0850
    Jet cuts:
            pT >=     0.00 GeV
        DeltaR >=     0.00
           mJJ >=     0.00 GeV
    Random seed:    58390503
    To reproduce results using this seed, JHUGen should be compiled with the same compiler:
      GNU Fortran (GCC) 4.9.3
    
    WidthScheme:   2
    LHAPDF set NNPDF30_lo_as_0130/NNPDF30_lo_as_0130.info, member=  0
    Unweighted: F
    
    spin-0-VV couplings: 
      generate_as=F
      ghg2=  0.10000000E+01  0.00000000E+00i
      ghg3=  0.00000000E+00  0.00000000E+00i
      ghg4=  0.00000000E+00  0.00000000E+00i
      ghz1=  0.00000000E+00  0.00000000E+00i
      ghz2=  0.00000000E+00  0.00000000E+00i
      ghz3=  0.00000000E+00  0.00000000E+00i
      ghz4=  0.00000000E+00  0.00000000E+00i
      ghz1_prime2=  0.10000000E+01  0.00000000E+00i,    Lambda_z1=  1.0000E+04
      Lambda=  1000.0
    
    LHE output: ./data/output.lhe
    Histogram output: ./data/output.dat
    Log file: ./data/output.log
    
  Running

  Input parameters for vegas:  ndim=  9   ncall= 80707214.
                              it=    0    itmx=   15
                              acc=-1.00    
                              mds=  1     nd=  50
                              (xl,xu)= (  0.00000     ,  1.00000     )
                                       (  0.00000     ,  1.00000     )
                                       (  0.00000     ,  1.00000     )
                                       (  0.00000     ,  1.00000     )
                                       (  0.00000     ,  1.00000     )
                                       (  0.00000     ,  1.00000     )
                                       (  0.00000     ,  1.00000     )
                                       (  0.00000     ,  1.00000     )
                                       (  0.00000     ,  1.00000     )

#********** Integration by Vegas (iteration       1) ************
#                                                               *
#  integral  = 0.22459344E-04   accum. integral = 0.22459344E-04*
#  std. dev. = 0.33603067E-05   accum. std. dev = 0.33603067E-05*
#   min/max. wt. =    0.00000            0.265220E-05           *
#                                                               *
#*************   chi**2/iteration = 0.1831E-10   ****************


#********** Integration by Vegas (iteration       2) ************
#                                                               *
#  integral  = 0.29161343E-04   accum. integral = 0.25474045E-04*
#  std. dev. = 0.48252684E-05   accum. std. dev = 0.28884005E-05*
#   min/max. wt. =    0.00000            0.468392E-05           *
#                                                               *
#*************   chi**2/iteration =  1.331       ****************


#********** Integration by Vegas (iteration       3) ************
#                                                               *
#  integral  = 0.31427485E-04   accum. integral = 0.30857253E-04*
#  std. dev. = 0.11351387E-05   accum. std. dev = 0.95974176E-06*
#   min/max. wt. =    0.00000            0.951587E-06           *
#                                                               *
#*************   chi**2/iteration =  2.243       ****************


#********** Integration by Vegas (iteration       4) ************
#                                                               *
#  integral  = 0.31443083E-04   accum. integral = 0.31424334E-04*
#  std. dev. = 0.19636771E-06   accum. std. dev = 0.17731660E-06*
#   min/max. wt. =  -0.303433E-21        0.936979E-07           *
#                                                               *
#*************   chi**2/iteration =  1.515       ****************


#********** Integration by Vegas (iteration       5) ************
#                                                               *
#  integral  = 0.31375379E-04   accum. integral = 0.31377078E-04*
#  std. dev. = 0.36560088E-07   accum. std. dev = 0.33634126E-07*
#   min/max. wt. =    0.00000            0.355137E-08           *
#                                                               *
#*************   chi**2/iteration =  1.114       ****************


#********** Integration by Vegas (iteration       6) ************
#                                                               *
#  integral  = 0.31309917E-04   accum. integral = 0.31327416E-04*
#  std. dev. = 0.21276998E-07   accum. std. dev = 0.17361160E-07*
#   min/max. wt. =    0.00000            0.122461E-08           *
#                                                               *
#*************   chi**2/iteration =  1.448       ****************


#********** Integration by Vegas (iteration       7) ************
#                                                               *
#  integral  = 0.31344251E-04   accum. integral = 0.31335946E-04*
#  std. dev. = 0.18073890E-07   accum. std. dev = 0.12292176E-07*
#   min/max. wt. =    0.00000            0.879609E-09           *
#                                                               *
#*************   chi**2/iteration =  1.266       ****************


#********** Integration by Vegas (iteration       8) ************
#                                                               *
#  integral  = 0.31298109E-04   accum. integral = 0.31322311E-04*
#  std. dev. = 0.17114911E-07   accum. std. dev = 0.98874585E-08*
#   min/max. wt. =    0.00000            0.673495E-09           *
#                                                               *
#*************   chi**2/iteration =  1.555       ****************


#********** Integration by Vegas (iteration       9) ************
#                                                               *
#  integral  = 0.31356518E-04   accum. integral = 0.31331669E-04*
#  std. dev. = 0.16773164E-07   accum. std. dev = 0.84662951E-08*
#   min/max. wt. =    0.00000            0.492399E-09           *
#                                                               *
#*************   chi**2/iteration =  1.753       ****************


#********** Integration by Vegas (iteration      10) ************
#                                                               *
#  integral  = 0.31343964E-04   accum. integral = 0.31334310E-04*
#  std. dev. = 0.16766741E-07   accum. std. dev = 0.75294144E-08*
#   min/max. wt. =    0.00000            0.882295E-09           *
#                                                               *
#*************   chi**2/iteration =  1.597       ****************


#********** Integration by Vegas (iteration      11) ************
#                                                               *
#  integral  = 0.31318979E-04   accum. integral = 0.31331560E-04*
#  std. dev. = 0.16606830E-07   accum. std. dev = 0.68403484E-08*
#   min/max. wt. =    0.00000            0.670481E-09           *
#                                                               *
#*************   chi**2/iteration =  1.503       ****************


#********** Integration by Vegas (iteration      12) ************
#                                                               *
#  integral  = 0.31357301E-04   accum. integral = 0.31335421E-04*
#  std. dev. = 0.16762781E-07   accum. std. dev = 0.63221413E-08*
#   min/max. wt. =    0.00000            0.882902E-09           *
#                                                               *
#*************   chi**2/iteration =  1.552       ****************


#********** Integration by Vegas (iteration      13) ************
#                                                               *
#  integral  = 0.31334757E-04   accum. integral = 0.31335335E-04*
#  std. dev. = 0.16776848E-07   accum. std. dev = 0.59086122E-08*
#   min/max. wt. =    0.00000            0.756164E-09           *
#                                                               *
#*************   chi**2/iteration =  1.417       ****************


#********** Integration by Vegas (iteration      14) ************
#                                                               *
#  integral  = 0.31328057E-04   accum. integral = 0.31334510E-04*
#  std. dev. = 0.16917217E-07   accum. std. dev = 0.55731561E-08*
#   min/max. wt. =    0.00000            0.777487E-09           *
#                                                               *
#*************   chi**2/iteration =  1.317       ****************


#********** Integration by Vegas (iteration      15) ************
#                                                               *
#  integral  = 0.31338559E-04   accum. integral = 0.31334913E-04*
#  std. dev. = 0.17132091E-07   accum. std. dev = 0.52962995E-08*
#   min/max. wt. =    0.00000            0.960733E-09           *
#                                                               *
#*************   chi**2/iteration =  1.223       ****************


  Input parameters for vegas:  ndim=  9   ncall= 80707214.
                              it=    0    itmx=    2
                              acc=-1.00    
                              mds=  1     nd=  50
                              (xl,xu)= (  0.00000     ,  1.00000     )
                                       (  0.00000     ,  1.00000     )
                                       (  0.00000     ,  1.00000     )
                                       (  0.00000     ,  1.00000     )
                                       (  0.00000     ,  1.00000     )
                                       (  0.00000     ,  1.00000     )
                                       (  0.00000     ,  1.00000     )
                                       (  0.00000     ,  1.00000     )
                                       (  0.00000     ,  1.00000     )

#********** Integration by Vegas (iteration       1) ************
#                                                               *
#  integral  = 0.31329834E-04   accum. integral = 0.31329834E-04*
#  std. dev. = 0.17360772E-07   accum. std. dev = 0.17360772E-07*
#   min/max. wt. =    0.00000            0.467760E-09           *
#                                                               *
#*************   chi**2/iteration =  0.000       ****************


#********** Integration by Vegas (iteration       2) ************
#                                                               *
#  integral  = 0.31340766E-04   accum. integral = 0.31335222E-04*
#  std. dev. = 0.17615173E-07   accum. std. dev = 0.12364914E-07*
#   min/max. wt. =    0.00000            0.934814E-09           *
#                                                               *
#*************   chi**2/iteration = 0.1952       ****************

 Done
