SLURM job running in:  /scratch/groups/lhc/park/JHUGen/JHUGenerator
LHAPDF 6.1.5 loading /work-zfs/lhc/cms/slc6_amd64_gcc493/external/lhapdf/6.1.5-kpegke3/share/LHAPDF/NNPDF30_lo_as_0130/NNPDF30_lo_as_0130_0000.dat
NNPDF30_lo_as_0130 PDF set, member #0, version 2; LHAPDF ID = 263000
 extending no. of histograms for vbf tests
 
                                                                                          
   ***************************************************************************************
   *                                JHU Generator v6.9.3                                 *
   ***************************************************************************************
   *                                                                                     *
   *   Spin and parity determination of single-produced resonances at hadron colliders   *
   *                                                                                     *
   *          I. Anderson, S. Bolognesi, F. Caola, Y. Gao, A. Gritsan, Z. Guo,           *
   *        C. Martin, K. Melnikov, R.Rontsch, H. Roskes, U. Sarica, M. Schulze,         *
   *                   N. Tran, A. Whitbeck, M. Xiao, C. You, Y. Zhou                    *
   *                Phys.Rev. D81 (2010) 075022;  arXiv:1001.3396 [hep-ph],              *
   *                Phys.Rev. D86 (2012) 095031;  arXiv:1208.4018 [hep-ph],              *
   *                Phys.Rev. D89 (2014) 035007;  arXiv:1309.4819 [hep-ph].              *
   *                                                                                     *
   ***************************************************************************************
                                                                                          
   
   Command line: ./JHUGen Unweighted=0 VegasNc0=99999999 VegasNc1=99999999 VegasNc2=99999999 LHAPDF=NNPDF30_lo_as_0130/NNPDF30_lo_as_0130.info MReso=92 ghz1=0,0 ghz1_prime2=1,0 Process=60 pTjetcut=0 deltaRcut=0
   
   Input Parameter:
    Collider: P-P, sqrt(s)=13000.00
    Resonance: spin=0, mass=  92.00 width=   0.00407
    Z-boson: mass=91.188, width=2.4952
    W-boson: mass=80.399, width=2.0850
    Jet cuts:
            pT >=     0.00 GeV
        DeltaR >=     0.00
           mJJ >=     0.00 GeV
    Random seed:   520815862
    To reproduce results using this seed, JHUGen should be compiled with the same compiler:
      GNU Fortran (GCC) 4.9.3
    
    WidthScheme:   2
    LHAPDF set NNPDF30_lo_as_0130/NNPDF30_lo_as_0130.info, member=  0
    Unweighted: F
    
    spin-0-VV couplings: 
      generate_as=F
      ghg2=  0.10000000E+01  0.00000000E+00i
      ghg3=  0.00000000E+00  0.00000000E+00i
      ghg4=  0.00000000E+00  0.00000000E+00i
      ghz1=  0.00000000E+00  0.00000000E+00i
      ghz2=  0.00000000E+00  0.00000000E+00i
      ghz3=  0.00000000E+00  0.00000000E+00i
      ghz4=  0.00000000E+00  0.00000000E+00i
      ghz1_prime2=  0.10000000E+01  0.00000000E+00i,    Lambda_z1=  1.0000E+04
      Lambda=  1000.0
    
    LHE output: ./data/output.lhe
    Histogram output: ./data/output.dat
    Log file: ./data/output.log
    
  Running

  Input parameters for vegas:  ndim=  9   ncall= 80707214.
                              it=    0    itmx=   15
                              acc=-1.00    
                              mds=  1     nd=  50
                              (xl,xu)= (  0.00000     ,  1.00000     )
                                       (  0.00000     ,  1.00000     )
                                       (  0.00000     ,  1.00000     )
                                       (  0.00000     ,  1.00000     )
                                       (  0.00000     ,  1.00000     )
                                       (  0.00000     ,  1.00000     )
                                       (  0.00000     ,  1.00000     )
                                       (  0.00000     ,  1.00000     )
                                       (  0.00000     ,  1.00000     )

#********** Integration by Vegas (iteration       1) ************
#                                                               *
#  integral  = 0.17085659E-03   accum. integral = 0.17085659E-03*
#  std. dev. = 0.18832836E-04   accum. std. dev = 0.18832836E-04*
#   min/max. wt. =    0.00000            0.180387E-04           *
#                                                               *
#*************   chi**2/iteration =  0.000       ****************


#********** Integration by Vegas (iteration       2) ************
#                                                               *
#  integral  = 0.21497993E-03   accum. integral = 0.20895896E-03*
#  std. dev. = 0.94197453E-05   accum. std. dev = 0.79063813E-05*
#   min/max. wt. =    0.00000            0.742970E-05           *
#                                                               *
#*************   chi**2/iteration =  3.666       ****************


#********** Integration by Vegas (iteration       3) ************
#                                                               *
#  integral  = 0.23270413E-03   accum. integral = 0.22824066E-03*
#  std. dev. = 0.45588042E-05   accum. std. dev = 0.36686471E-05*
#   min/max. wt. =  -0.597212E-18        0.346683E-05           *
#                                                               *
#*************   chi**2/iteration =  4.797       ****************


#********** Integration by Vegas (iteration       4) ************
#                                                               *
#  integral  = 0.23278163E-03   accum. integral = 0.23267156E-03*
#  std. dev. = 0.64768589E-06   accum. std. dev = 0.58907074E-06*
#   min/max. wt. =    0.00000            0.118783E-06           *
#                                                               *
#*************   chi**2/iteration =  3.475       ****************


#********** Integration by Vegas (iteration       5) ************
#                                                               *
#  integral  = 0.23156459E-03   accum. integral = 0.23166564E-03*
#  std. dev. = 0.20171538E-06   accum. std. dev = 0.18092905E-06*
#   min/max. wt. =    0.00000            0.189685E-07           *
#                                                               *
#*************   chi**2/iteration =  3.298       ****************


#********** Integration by Vegas (iteration       6) ************
#                                                               *
#  integral  = 0.23174204E-03   accum. integral = 0.23171438E-03*
#  std. dev. = 0.14498454E-06   accum. std. dev = 0.11005750E-06*
#   min/max. wt. =    0.00000            0.124304E-07           *
#                                                               *
#*************   chi**2/iteration =  2.605       ****************


#********** Integration by Vegas (iteration       7) ************
#                                                               *
#  integral  = 0.23187570E-03   accum. integral = 0.23178628E-03*
#  std. dev. = 0.12921229E-06   accum. std. dev = 0.82571015E-07*
#   min/max. wt. =    0.00000            0.937292E-08           *
#                                                               *
#*************   chi**2/iteration =  2.295       ****************


#********** Integration by Vegas (iteration       8) ************
#                                                               *
#  integral  = 0.23179807E-03   accum. integral = 0.23179016E-03*
#  std. dev. = 0.12305719E-06   accum. std. dev = 0.68002772E-07*
#   min/max. wt. =  -0.162923E-24        0.615241E-08           *
#                                                               *
#*************   chi**2/iteration =  1.946       ****************


#********** Integration by Vegas (iteration       9) ************
#                                                               *
#  integral  = 0.23173132E-03   accum. integral = 0.23177509E-03*
#  std. dev. = 0.12029978E-06   accum. std. dev = 0.58902055E-07*
#   min/max. wt. =    0.00000            0.400197E-08           *
#                                                               *
#*************   chi**2/iteration =  1.712       ****************


#********** Integration by Vegas (iteration      10) ************
#                                                               *
#  integral  = 0.23173045E-03   accum. integral = 0.23176598E-03*
#  std. dev. = 0.12023691E-06   accum. std. dev = 0.52728183E-07*
#   min/max. wt. =  -0.120258E-28        0.883711E-08           *
#                                                               *
#*************   chi**2/iteration =  1.524       ****************


#********** Integration by Vegas (iteration      11) ************
#                                                               *
#  integral  = 0.23197471E-03   accum. integral = 0.23180125E-03*
#  std. dev. = 0.12057764E-06   accum. std. dev = 0.48205009E-07*
#   min/max. wt. =    0.00000            0.632299E-08           *
#                                                               *
#*************   chi**2/iteration =  1.627       ****************


#********** Integration by Vegas (iteration      12) ************
#                                                               *
#  integral  = 0.23189142E-03   accum. integral = 0.23181423E-03*
#  std. dev. = 0.12084416E-06   accum. std. dev = 0.44706180E-07*
#   min/max. wt. =  -0.678003E-20        0.606730E-08           *
#                                                               *
#*************   chi**2/iteration =  1.518       ****************


#********** Integration by Vegas (iteration      13) ************
#                                                               *
#  integral  = 0.23173874E-03   accum. integral = 0.23180484E-03*
#  std. dev. = 0.12157783E-06   accum. std. dev = 0.41915014E-07*
#   min/max. wt. =    0.00000            0.506820E-08           *
#                                                               *
#*************   chi**2/iteration =  1.415       ****************


#********** Integration by Vegas (iteration      14) ************
#                                                               *
#  integral  = 0.23201005E-03   accum. integral = 0.23182445E-03*
#  std. dev. = 0.13206115E-06   accum. std. dev = 0.39931543E-07*
#   min/max. wt. =    0.00000            0.505646E-07           *
#                                                               *
#*************   chi**2/iteration =  1.478       ****************


#********** Integration by Vegas (iteration      15) ************
#                                                               *
#  integral  = 0.23173586E-03   accum. integral = 0.23181642E-03*
#  std. dev. = 0.12915602E-06   accum. std. dev = 0.38133144E-07*
#   min/max. wt. =  -0.120451E-25        0.479394E-08           *
#                                                               *
#*************   chi**2/iteration =  1.400       ****************


  Input parameters for vegas:  ndim=  9   ncall= 80707214.
                              it=    0    itmx=    2
                              acc=-1.00    
                              mds=  1     nd=  50
                              (xl,xu)= (  0.00000     ,  1.00000     )
                                       (  0.00000     ,  1.00000     )
                                       (  0.00000     ,  1.00000     )
                                       (  0.00000     ,  1.00000     )
                                       (  0.00000     ,  1.00000     )
                                       (  0.00000     ,  1.00000     )
                                       (  0.00000     ,  1.00000     )
                                       (  0.00000     ,  1.00000     )
                                       (  0.00000     ,  1.00000     )

#********** Integration by Vegas (iteration       1) ************
#                                                               *
#  integral  = 0.23162462E-03   accum. integral = 0.23162462E-03*
#  std. dev. = 0.12231574E-06   accum. std. dev = 0.12231574E-06*
#   min/max. wt. =    0.00000            0.562917E-08           *
#                                                               *
#*************   chi**2/iteration = -.8846E-06   ****************


#********** Integration by Vegas (iteration       2) ************
#                                                               *
#  integral  = 0.23176841E-03   accum. integral = 0.23169716E-03*
#  std. dev. = 0.12130408E-06   accum. std. dev = 0.86130161E-07*
#   min/max. wt. =  -0.111982E-29        0.550622E-08           *
#                                                               *
#*************   chi**2/iteration = 0.6960       ****************

 Done
