SLURM job running in:  /scratch/groups/lhc/park/JHUGen/JHUGenerator
LHAPDF 6.1.5 loading /work-zfs/lhc/cms/slc6_amd64_gcc493/external/lhapdf/6.1.5-kpegke3/share/LHAPDF/NNPDF30_lo_as_0130/NNPDF30_lo_as_0130_0000.dat
NNPDF30_lo_as_0130 PDF set, member #0, version 2; LHAPDF ID = 263000
 extending no. of histograms for vbf tests
 
                                                                                          
   ***************************************************************************************
   *                                JHU Generator v6.9.3                                 *
   ***************************************************************************************
   *                                                                                     *
   *   Spin and parity determination of single-produced resonances at hadron colliders   *
   *                                                                                     *
   *          I. Anderson, S. Bolognesi, F. Caola, Y. Gao, A. Gritsan, Z. Guo,           *
   *        C. Martin, K. Melnikov, R.Rontsch, H. Roskes, U. Sarica, M. Schulze,         *
   *                   N. Tran, A. Whitbeck, M. Xiao, C. You, Y. Zhou                    *
   *                Phys.Rev. D81 (2010) 075022;  arXiv:1001.3396 [hep-ph],              *
   *                Phys.Rev. D86 (2012) 095031;  arXiv:1208.4018 [hep-ph],              *
   *                Phys.Rev. D89 (2014) 035007;  arXiv:1309.4819 [hep-ph].              *
   *                                                                                     *
   ***************************************************************************************
                                                                                          
   
   Command line: ./JHUGen Unweighted=0 VegasNc0=99999999 VegasNc1=99999999 VegasNc2=99999999 LHAPDF=NNPDF30_lo_as_0130/NNPDF30_lo_as_0130.info MReso=930 ghz1=0,0 ghz1_prime2=1,0 Process=60 pTjetcut=0 deltaRcut=0
   
   Input Parameter:
    Collider: P-P, sqrt(s)=13000.00
    Resonance: spin=0, mass= 930.00 width=   0.00407
    Z-boson: mass=91.188, width=2.4952
    W-boson: mass=80.399, width=2.0850
    Jet cuts:
            pT >=     0.00 GeV
        DeltaR >=     0.00
           mJJ >=     0.00 GeV
    Random seed:   341659490
    To reproduce results using this seed, JHUGen should be compiled with the same compiler:
      GNU Fortran (GCC) 4.9.3
    
    WidthScheme:   2
    LHAPDF set NNPDF30_lo_as_0130/NNPDF30_lo_as_0130.info, member=  0
    Unweighted: F
    
    spin-0-VV couplings: 
      generate_as=F
      ghg2=  0.10000000E+01  0.00000000E+00i
      ghg3=  0.00000000E+00  0.00000000E+00i
      ghg4=  0.00000000E+00  0.00000000E+00i
      ghz1=  0.00000000E+00  0.00000000E+00i
      ghz2=  0.00000000E+00  0.00000000E+00i
      ghz3=  0.00000000E+00  0.00000000E+00i
      ghz4=  0.00000000E+00  0.00000000E+00i
      ghz1_prime2=  0.10000000E+01  0.00000000E+00i,    Lambda_z1=  1.0000E+04
      Lambda=  1000.0
    
    LHE output: ./data/output.lhe
    Histogram output: ./data/output.dat
    Log file: ./data/output.log
    
  Running

  Input parameters for vegas:  ndim=  9   ncall= 80707214.
                              it=    0    itmx=   15
                              acc=-1.00    
                              mds=  1     nd=  50
                              (xl,xu)= (  0.00000     ,  1.00000     )
                                       (  0.00000     ,  1.00000     )
                                       (  0.00000     ,  1.00000     )
                                       (  0.00000     ,  1.00000     )
                                       (  0.00000     ,  1.00000     )
                                       (  0.00000     ,  1.00000     )
                                       (  0.00000     ,  1.00000     )
                                       (  0.00000     ,  1.00000     )
                                       (  0.00000     ,  1.00000     )

#********** Integration by Vegas (iteration       1) ************
#                                                               *
#  integral  = 0.33725608E-04   accum. integral = 0.33725608E-04*
#  std. dev. = 0.12970888E-04   accum. std. dev = 0.12970888E-04*
#   min/max. wt. =    0.00000            0.124817E-04           *
#                                                               *
#*************   chi**2/iteration =  0.000       ****************


#********** Integration by Vegas (iteration       2) ************
#                                                               *
#  integral  = 0.27452490E-04   accum. integral = 0.29203972E-04*
#  std. dev. = 0.65712300E-05   accum. std. dev = 0.62489664E-05*
#   min/max. wt. =    0.00000            0.649348E-05           *
#                                                               *
#*************   chi**2/iteration = 0.2026       ****************


#********** Integration by Vegas (iteration       3) ************
#                                                               *
#  integral  = 0.25411673E-04   accum. integral = 0.25475567E-04*
#  std. dev. = 0.67604162E-06   accum. std. dev = 0.76706767E-06*
#   min/max. wt. =    0.00000            0.484467E-06           *
#                                                               *
#*************   chi**2/iteration = 0.3157       ****************


#********** Integration by Vegas (iteration       4) ************
#                                                               *
#  integral  = 0.26936060E-04   accum. integral = 0.26896150E-04*
#  std. dev. = 0.11909479E-06   accum. std. dev = 0.12453120E-06*
#   min/max. wt. =    0.00000            0.531494E-07           *
#                                                               *
#*************   chi**2/iteration =  1.436       ****************


#********** Integration by Vegas (iteration       5) ************
#                                                               *
#  integral  = 0.27218671E-04   accum. integral = 0.27194052E-04*
#  std. dev. = 0.34120033E-07   accum. std. dev = 0.34089421E-07*
#   min/max. wt. =  -0.424917E-23        0.140254E-07           *
#                                                               *
#*************   chi**2/iteration =  2.675       ****************


#********** Integration by Vegas (iteration       6) ************
#                                                               *
#  integral  = 0.27148422E-04   accum. integral = 0.27160266E-04*
#  std. dev. = 0.19364823E-07   accum. std. dev = 0.17252036E-07*
#   min/max. wt. =    0.00000            0.108494E-08           *
#                                                               *
#*************   chi**2/iteration =  2.438       ****************


#********** Integration by Vegas (iteration       7) ************
#                                                               *
#  integral  = 0.27158886E-04   accum. integral = 0.27159538E-04*
#  std. dev. = 0.15775838E-07   accum. std. dev = 0.11802109E-07*
#   min/max. wt. =    0.00000            0.857197E-09           *
#                                                               *
#*************   chi**2/iteration =  2.051       ****************


#********** Integration by Vegas (iteration       8) ************
#                                                               *
#  integral  = 0.27159205E-04   accum. integral = 0.27159411E-04*
#  std. dev. = 0.14636815E-07   accum. std. dev = 0.92597638E-08*
#   min/max. wt. =    0.00000            0.746074E-09           *
#                                                               *
#*************   chi**2/iteration =  1.771       ****************


#********** Integration by Vegas (iteration       9) ************
#                                                               *
#  integral  = 0.27175821E-04   accum. integral = 0.27164027E-04*
#  std. dev. = 0.14430471E-07   accum. std. dev = 0.78284903E-08*
#   min/max. wt. =    0.00000            0.554199E-09           *
#                                                               *
#*************   chi**2/iteration =  1.669       ****************


#********** Integration by Vegas (iteration      10) ************
#                                                               *
#  integral  = 0.27154915E-04   accum. integral = 0.27162005E-04*
#  std. dev. = 0.14317956E-07   accum. std. dev = 0.68894164E-08*
#   min/max. wt. =    0.00000            0.731340E-09           *
#                                                               *
#*************   chi**2/iteration =  1.524       ****************


#********** Integration by Vegas (iteration      11) ************
#                                                               *
#  integral  = 0.27165292E-04   accum. integral = 0.27162598E-04*
#  std. dev. = 0.14380272E-07   accum. std. dev = 0.62253200E-08*
#   min/max. wt. =    0.00000            0.460477E-09           *
#                                                               *
#*************   chi**2/iteration =  1.381       ****************


#********** Integration by Vegas (iteration      12) ************
#                                                               *
#  integral  = 0.27170256E-04   accum. integral = 0.27163760E-04*
#  std. dev. = 0.14450225E-07   accum. std. dev = 0.57250335E-08*
#   min/max. wt. =    0.00000            0.929685E-09           *
#                                                               *
#*************   chi**2/iteration =  1.280       ****************


#********** Integration by Vegas (iteration      13) ************
#                                                               *
#  integral  = 0.27171132E-04   accum. integral = 0.27164738E-04*
#  std. dev. = 0.14388683E-07   accum. std. dev = 0.53247987E-08*
#   min/max. wt. =    0.00000            0.400456E-09           *
#                                                               *
#*************   chi**2/iteration =  1.195       ****************


#********** Integration by Vegas (iteration      14) ************
#                                                               *
#  integral  = 0.27159527E-04   accum. integral = 0.27164138E-04*
#  std. dev. = 0.14523323E-07   accum. std. dev = 0.50031462E-08*
#   min/max. wt. =  -0.339071E-22        0.516111E-09           *
#                                                               *
#*************   chi**2/iteration =  1.114       ****************


#********** Integration by Vegas (iteration      15) ************
#                                                               *
#  integral  = 0.27147056E-04   accum. integral = 0.27162371E-04*
#  std. dev. = 0.14503861E-07   accum. std. dev = 0.47325390E-08*
#   min/max. wt. =    0.00000            0.488398E-09           *
#                                                               *
#*************   chi**2/iteration =  1.123       ****************


  Input parameters for vegas:  ndim=  9   ncall= 80707214.
                              it=    0    itmx=    2
                              acc=-1.00    
                              mds=  1     nd=  50
                              (xl,xu)= (  0.00000     ,  1.00000     )
                                       (  0.00000     ,  1.00000     )
                                       (  0.00000     ,  1.00000     )
                                       (  0.00000     ,  1.00000     )
                                       (  0.00000     ,  1.00000     )
                                       (  0.00000     ,  1.00000     )
                                       (  0.00000     ,  1.00000     )
                                       (  0.00000     ,  1.00000     )
                                       (  0.00000     ,  1.00000     )

#********** Integration by Vegas (iteration       1) ************
#                                                               *
#  integral  = 0.27156442E-04   accum. integral = 0.27156442E-04*
#  std. dev. = 0.14672422E-07   accum. std. dev = 0.14672422E-07*
#   min/max. wt. =    0.00000            0.113325E-08           *
#                                                               *
#*************   chi**2/iteration =  0.000       ****************


#********** Integration by Vegas (iteration       2) ************
#                                                               *
#  integral  = 0.27140628E-04   accum. integral = 0.27148517E-04*
#  std. dev. = 0.14630501E-07   accum. std. dev = 0.10360124E-07*
#   min/max. wt. =    0.00000            0.452674E-09           *
#                                                               *
#*************   chi**2/iteration = 0.5819       ****************

 Done
