SLURM job running in:  /scratch/groups/lhc/park/JHUGen/JHUGenerator
LHAPDF 6.1.5 loading /work-zfs/lhc/cms/slc6_amd64_gcc493/external/lhapdf/6.1.5-kpegke3/share/LHAPDF/NNPDF30_lo_as_0130/NNPDF30_lo_as_0130_0000.dat
NNPDF30_lo_as_0130 PDF set, member #0, version 2; LHAPDF ID = 263000
 extending no. of histograms for vbf tests
 
                                                                                          
   ***************************************************************************************
   *                                JHU Generator v6.9.3                                 *
   ***************************************************************************************
   *                                                                                     *
   *   Spin and parity determination of single-produced resonances at hadron colliders   *
   *                                                                                     *
   *          I. Anderson, S. Bolognesi, F. Caola, Y. Gao, A. Gritsan, Z. Guo,           *
   *        C. Martin, K. Melnikov, R.Rontsch, H. Roskes, U. Sarica, M. Schulze,         *
   *                   N. Tran, A. Whitbeck, M. Xiao, C. You, Y. Zhou                    *
   *                Phys.Rev. D81 (2010) 075022;  arXiv:1001.3396 [hep-ph],              *
   *                Phys.Rev. D86 (2012) 095031;  arXiv:1208.4018 [hep-ph],              *
   *                Phys.Rev. D89 (2014) 035007;  arXiv:1309.4819 [hep-ph].              *
   *                                                                                     *
   ***************************************************************************************
                                                                                          
   
   Command line: ./JHUGen Unweighted=0 VegasNc0=99999999 VegasNc1=99999999 VegasNc2=99999999 LHAPDF=NNPDF30_lo_as_0130/NNPDF30_lo_as_0130.info MReso=950 ghz1=0,0 ghz1_prime2=1,0 Process=60 pTjetcut=0 deltaRcut=0
   
   Input Parameter:
    Collider: P-P, sqrt(s)=13000.00
    Resonance: spin=0, mass= 950.00 width=   0.00407
    Z-boson: mass=91.188, width=2.4952
    W-boson: mass=80.399, width=2.0850
    Jet cuts:
            pT >=     0.00 GeV
        DeltaR >=     0.00
           mJJ >=     0.00 GeV
    Random seed:   185858700
    To reproduce results using this seed, JHUGen should be compiled with the same compiler:
      GNU Fortran (GCC) 4.9.3
    
    WidthScheme:   2
    LHAPDF set NNPDF30_lo_as_0130/NNPDF30_lo_as_0130.info, member=  0
    Unweighted: F
    
    spin-0-VV couplings: 
      generate_as=F
      ghg2=  0.10000000E+01  0.00000000E+00i
      ghg3=  0.00000000E+00  0.00000000E+00i
      ghg4=  0.00000000E+00  0.00000000E+00i
      ghz1=  0.00000000E+00  0.00000000E+00i
      ghz2=  0.00000000E+00  0.00000000E+00i
      ghz3=  0.00000000E+00  0.00000000E+00i
      ghz4=  0.00000000E+00  0.00000000E+00i
      ghz1_prime2=  0.10000000E+01  0.00000000E+00i,    Lambda_z1=  1.0000E+04
      Lambda=  1000.0
    
    LHE output: ./data/output.lhe
    Histogram output: ./data/output.dat
    Log file: ./data/output.log
    
  Running

  Input parameters for vegas:  ndim=  9   ncall= 80707214.
                              it=    0    itmx=   15
                              acc=-1.00    
                              mds=  1     nd=  50
                              (xl,xu)= (  0.00000     ,  1.00000     )
                                       (  0.00000     ,  1.00000     )
                                       (  0.00000     ,  1.00000     )
                                       (  0.00000     ,  1.00000     )
                                       (  0.00000     ,  1.00000     )
                                       (  0.00000     ,  1.00000     )
                                       (  0.00000     ,  1.00000     )
                                       (  0.00000     ,  1.00000     )
                                       (  0.00000     ,  1.00000     )

#********** Integration by Vegas (iteration       1) ************
#                                                               *
#  integral  = 0.14522696E-04   accum. integral = 0.14522696E-04*
#  std. dev. = 0.42497072E-06   accum. std. dev = 0.42497072E-06*
#   min/max. wt. =    0.00000            0.354192E-06           *
#                                                               *
#*************   chi**2/iteration = -.4294E-09   ****************


#********** Integration by Vegas (iteration       2) ************
#                                                               *
#  integral  = 0.26140099E-04   accum. integral = 0.14821003E-04*
#  std. dev. = 0.47118705E-05   accum. std. dev = 0.61075736E-06*
#   min/max. wt. =    0.00000            0.436788E-05           *
#                                                               *
#*************   chi**2/iteration =  9.043       ****************


#********** Integration by Vegas (iteration       3) ************
#                                                               *
#  integral  = 0.27044538E-04   accum. integral = 0.18754159E-04*
#  std. dev. = 0.11341205E-05   accum. std. dev = 0.55373354E-06*
#   min/max. wt. =    0.00000            0.696330E-06           *
#                                                               *
#*************   chi**2/iteration =  56.88       ****************


#********** Integration by Vegas (iteration       4) ************
#                                                               *
#  integral  = 0.26028360E-04   accum. integral = 0.25834483E-04*
#  std. dev. = 0.10245534E-06   accum. std. dev = 0.93185379E-07*
#   min/max. wt. =    0.00000            0.264001E-07           *
#                                                               *
#*************   chi**2/iteration =  88.37       ****************


#********** Integration by Vegas (iteration       5) ************
#                                                               *
#  integral  = 0.26047336E-04   accum. integral = 0.26033526E-04*
#  std. dev. = 0.26644674E-07   accum. std. dev = 0.24155570E-07*
#   min/max. wt. =    0.00000            0.324015E-08           *
#                                                               *
#*************   chi**2/iteration =  65.18       ****************


#********** Integration by Vegas (iteration       6) ************
#                                                               *
#  integral  = 0.26033835E-04   accum. integral = 0.26033741E-04*
#  std. dev. = 0.17037218E-07   accum. std. dev = 0.13478870E-07*
#   min/max. wt. =    0.00000            0.990811E-09           *
#                                                               *
#*************   chi**2/iteration =  50.98       ****************


#********** Integration by Vegas (iteration       7) ************
#                                                               *
#  integral  = 0.26012255E-04   accum. integral = 0.26023449E-04*
#  std. dev. = 0.14806797E-07   accum. std. dev = 0.98048906E-08*
#   min/max. wt. =    0.00000            0.770275E-09           *
#                                                               *
#*************   chi**2/iteration =  42.03       ****************


#********** Integration by Vegas (iteration       8) ************
#                                                               *
#  integral  = 0.26001322E-04   accum. integral = 0.26015762E-04*
#  std. dev. = 0.14038828E-07   accum. std. dev = 0.79657500E-08*
#   min/max. wt. =    0.00000            0.831019E-09           *
#                                                               *
#*************   chi**2/iteration =  35.87       ****************


#********** Integration by Vegas (iteration       9) ************
#                                                               *
#  integral  = 0.26034600E-04   accum. integral = 0.26020749E-04*
#  std. dev. = 0.13808076E-07   accum. std. dev = 0.68614431E-08*
#   min/max. wt. =  -0.380314E-23        0.503086E-09           *
#                                                               *
#*************   chi**2/iteration =  31.29       ****************


#********** Integration by Vegas (iteration      10) ************
#                                                               *
#  integral  = 0.26024859E-04   accum. integral = 0.26021612E-04*
#  std. dev. = 0.13778375E-07   accum. std. dev = 0.61206444E-08*
#   min/max. wt. =    0.00000            0.705315E-09           *
#                                                               *
#*************   chi**2/iteration =  27.62       ****************


#********** Integration by Vegas (iteration      11) ************
#                                                               *
#  integral  = 0.26010000E-04   accum. integral = 0.26019603E-04*
#  std. dev. = 0.13796427E-07   accum. std. dev = 0.55820394E-08*
#   min/max. wt. =    0.00000            0.464859E-09           *
#                                                               *
#*************   chi**2/iteration =  24.78       ****************


#********** Integration by Vegas (iteration      12) ************
#                                                               *
#  integral  = 0.25998214E-04   accum. integral = 0.26016502E-04*
#  std. dev. = 0.13925835E-07   accum. std. dev = 0.51734144E-08*
#   min/max. wt. =    0.00000            0.905964E-09           *
#                                                               *
#*************   chi**2/iteration =  22.62       ****************


#********** Integration by Vegas (iteration      13) ************
#                                                               *
#  integral  = 0.26001333E-04   accum. integral = 0.26014612E-04*
#  std. dev. = 0.14058622E-07   accum. std. dev = 0.48499105E-08*
#   min/max. wt. =    0.00000            0.496006E-09           *
#                                                               *
#*************   chi**2/iteration =  20.74       ****************


#********** Integration by Vegas (iteration      14) ************
#                                                               *
#  integral  = 0.25987352E-04   accum. integral = 0.26011606E-04*
#  std. dev. = 0.14088768E-07   accum. std. dev = 0.45822025E-08*
#   min/max. wt. =    0.00000            0.111886E-08           *
#                                                               *
#*************   chi**2/iteration =  19.35       ****************


#********** Integration by Vegas (iteration      15) ************
#                                                               *
#  integral  = 0.26022620E-04   accum. integral = 0.26012708E-04*
#  std. dev. = 0.14049169E-07   accum. std. dev = 0.43534621E-08*
#   min/max. wt. =    0.00000            0.435672E-09           *
#                                                               *
#*************   chi**2/iteration =  17.96       ****************


  Input parameters for vegas:  ndim=  9   ncall= 80707214.
                              it=    0    itmx=    2
                              acc=-1.00    
                              mds=  1     nd=  50
                              (xl,xu)= (  0.00000     ,  1.00000     )
                                       (  0.00000     ,  1.00000     )
                                       (  0.00000     ,  1.00000     )
                                       (  0.00000     ,  1.00000     )
                                       (  0.00000     ,  1.00000     )
                                       (  0.00000     ,  1.00000     )
                                       (  0.00000     ,  1.00000     )
                                       (  0.00000     ,  1.00000     )
                                       (  0.00000     ,  1.00000     )

#********** Integration by Vegas (iteration       1) ************
#                                                               *
#  integral  = 0.25970840E-04   accum. integral = 0.25970840E-04*
#  std. dev. = 0.14103019E-07   accum. std. dev = 0.14103019E-07*
#   min/max. wt. =    0.00000            0.547565E-09           *
#                                                               *
#*************   chi**2/iteration =  0.000       ****************


#********** Integration by Vegas (iteration       2) ************
#                                                               *
#  integral  = 0.26018152E-04   accum. integral = 0.25994270E-04*
#  std. dev. = 0.14264477E-07   accum. std. dev = 0.10029041E-07*
#   min/max. wt. =    0.00000            0.616972E-09           *
#                                                               *
#*************   chi**2/iteration =  5.558       ****************

 Done
